INFO: You are running LIKWID in a cpuset with 192 CPUs. Taking given IDs as logical ID in cpuset
--------------------------------------------------------------------------------
CPU name:	AMD EPYC 9654 96-Core Processor                
CPU type:	AMD K19 (Zen4) architecture
CPU clock:	2.40 GHz
--------------------------------------------------------------------------------
Warning: Sanitizing vector length to a multiple of the loop stride 16 and thread count 96 from 2000000000 elements (16000000000 bytes) to 1999999488 elements (15999995904 bytes)
Allocate: Process running on hwthread 0 (Domain N) - Vector length 1999999488/15999995904 Offset 0 Alignment 512
Allocate: Process running on hwthread 0 (Domain N) - Vector length 1999999488/15999995904 Offset 0 Alignment 512
Allocate: Process running on hwthread 0 (Domain N) - Vector length 1999999488/15999995904 Offset 0 Alignment 512
Initialization: Each thread in domain initializes its own stream chunks
--------------------------------------------------------------------------------
LIKWID MICRO BENCHMARK
Test: stream_mem_avx_fma
--------------------------------------------------------------------------------
Using 1 work groups
Using 96 threads
--------------------------------------------------------------------------------
Using Likwid Marker API
--------------------------------------------------------------------------------
Group: 0 Thread 0 Global Thread 0 running on hwthread 0 - Vector length 20833328 Offset 0
Group: 0 Thread 1 Global Thread 1 running on hwthread 1 - Vector length 20833328 Offset 20833328
Group: 0 Thread 2 Global Thread 2 running on hwthread 2 - Vector length 20833328 Offset 41666656
Group: 0 Thread 3 Global Thread 3 running on hwthread 3 - Vector length 20833328 Offset 62499984
Group: 0 Thread 4 Global Thread 4 running on hwthread 4 - Vector length 20833328 Offset 83333312
Group: 0 Thread 5 Global Thread 5 running on hwthread 5 - Vector length 20833328 Offset 104166640
Group: 0 Thread 6 Global Thread 6 running on hwthread 6 - Vector length 20833328 Offset 124999968
Group: 0 Thread 7 Global Thread 7 running on hwthread 7 - Vector length 20833328 Offset 145833296
Group: 0 Thread 8 Global Thread 8 running on hwthread 8 - Vector length 20833328 Offset 166666624
Group: 0 Thread 9 Global Thread 9 running on hwthread 9 - Vector length 20833328 Offset 187499952
Group: 0 Thread 10 Global Thread 10 running on hwthread 10 - Vector length 20833328 Offset 208333280
Group: 0 Thread 11 Global Thread 11 running on hwthread 11 - Vector length 20833328 Offset 229166608
Group: 0 Thread 12 Global Thread 12 running on hwthread 12 - Vector length 20833328 Offset 249999936
Group: 0 Thread 13 Global Thread 13 running on hwthread 13 - Vector length 20833328 Offset 270833264
Group: 0 Thread 14 Global Thread 14 running on hwthread 14 - Vector length 20833328 Offset 291666592
Group: 0 Thread 15 Global Thread 15 running on hwthread 15 - Vector length 20833328 Offset 312499920
Group: 0 Thread 16 Global Thread 16 running on hwthread 16 - Vector length 20833328 Offset 333333248
Group: 0 Thread 17 Global Thread 17 running on hwthread 17 - Vector length 20833328 Offset 354166576
Group: 0 Thread 18 Global Thread 18 running on hwthread 18 - Vector length 20833328 Offset 374999904
Group: 0 Thread 19 Global Thread 19 running on hwthread 19 - Vector length 20833328 Offset 395833232
Group: 0 Thread 20 Global Thread 20 running on hwthread 20 - Vector length 20833328 Offset 416666560
Group: 0 Thread 21 Global Thread 21 running on hwthread 21 - Vector length 20833328 Offset 437499888
Group: 0 Thread 22 Global Thread 22 running on hwthread 22 - Vector length 20833328 Offset 458333216
Group: 0 Thread 23 Global Thread 23 running on hwthread 23 - Vector length 20833328 Offset 479166544
Group: 0 Thread 24 Global Thread 24 running on hwthread 24 - Vector length 20833328 Offset 499999872
Group: 0 Thread 25 Global Thread 25 running on hwthread 25 - Vector length 20833328 Offset 520833200
Group: 0 Thread 26 Global Thread 26 running on hwthread 26 - Vector length 20833328 Offset 541666528
Group: 0 Thread 27 Global Thread 27 running on hwthread 27 - Vector length 20833328 Offset 562499856
Group: 0 Thread 28 Global Thread 28 running on hwthread 28 - Vector length 20833328 Offset 583333184
Group: 0 Thread 29 Global Thread 29 running on hwthread 29 - Vector length 20833328 Offset 604166512
Group: 0 Thread 30 Global Thread 30 running on hwthread 30 - Vector length 20833328 Offset 624999840
Group: 0 Thread 31 Global Thread 31 running on hwthread 31 - Vector length 20833328 Offset 645833168
Group: 0 Thread 32 Global Thread 32 running on hwthread 32 - Vector length 20833328 Offset 666666496
Group: 0 Thread 33 Global Thread 33 running on hwthread 33 - Vector length 20833328 Offset 687499824
Group: 0 Thread 34 Global Thread 34 running on hwthread 34 - Vector length 20833328 Offset 708333152
Group: 0 Thread 35 Global Thread 35 running on hwthread 35 - Vector length 20833328 Offset 729166480
Group: 0 Thread 36 Global Thread 36 running on hwthread 36 - Vector length 20833328 Offset 749999808
Group: 0 Thread 37 Global Thread 37 running on hwthread 37 - Vector length 20833328 Offset 770833136
Group: 0 Thread 38 Global Thread 38 running on hwthread 38 - Vector length 20833328 Offset 791666464
Group: 0 Thread 39 Global Thread 39 running on hwthread 39 - Vector length 20833328 Offset 812499792
Group: 0 Thread 40 Global Thread 40 running on hwthread 40 - Vector length 20833328 Offset 833333120
Group: 0 Thread 41 Global Thread 41 running on hwthread 41 - Vector length 20833328 Offset 854166448
Group: 0 Thread 42 Global Thread 42 running on hwthread 42 - Vector length 20833328 Offset 874999776
Group: 0 Thread 43 Global Thread 43 running on hwthread 43 - Vector length 20833328 Offset 895833104
Group: 0 Thread 44 Global Thread 44 running on hwthread 44 - Vector length 20833328 Offset 916666432
Group: 0 Thread 45 Global Thread 45 running on hwthread 45 - Vector length 20833328 Offset 937499760
Group: 0 Thread 46 Global Thread 46 running on hwthread 46 - Vector length 20833328 Offset 958333088
Group: 0 Thread 47 Global Thread 47 running on hwthread 47 - Vector length 20833328 Offset 979166416
Group: 0 Thread 48 Global Thread 48 running on hwthread 48 - Vector length 20833328 Offset 999999744
Group: 0 Thread 49 Global Thread 49 running on hwthread 49 - Vector length 20833328 Offset 1020833072
Group: 0 Thread 50 Global Thread 50 running on hwthread 50 - Vector length 20833328 Offset 1041666400
Group: 0 Thread 51 Global Thread 51 running on hwthread 51 - Vector length 20833328 Offset 1062499728
Group: 0 Thread 52 Global Thread 52 running on hwthread 52 - Vector length 20833328 Offset 1083333056
Group: 0 Thread 53 Global Thread 53 running on hwthread 53 - Vector length 20833328 Offset 1104166384
Group: 0 Thread 54 Global Thread 54 running on hwthread 54 - Vector length 20833328 Offset 1124999712
Group: 0 Thread 55 Global Thread 55 running on hwthread 55 - Vector length 20833328 Offset 1145833040
Group: 0 Thread 56 Global Thread 56 running on hwthread 56 - Vector length 20833328 Offset 1166666368
Group: 0 Thread 57 Global Thread 57 running on hwthread 57 - Vector length 20833328 Offset 1187499696
Group: 0 Thread 58 Global Thread 58 running on hwthread 58 - Vector length 20833328 Offset 1208333024
Group: 0 Thread 59 Global Thread 59 running on hwthread 59 - Vector length 20833328 Offset 1229166352
Group: 0 Thread 60 Global Thread 60 running on hwthread 60 - Vector length 20833328 Offset 1249999680
Group: 0 Thread 61 Global Thread 61 running on hwthread 61 - Vector length 20833328 Offset 1270833008
Group: 0 Thread 62 Global Thread 62 running on hwthread 62 - Vector length 20833328 Offset 1291666336
Group: 0 Thread 63 Global Thread 63 running on hwthread 63 - Vector length 20833328 Offset 1312499664
Group: 0 Thread 64 Global Thread 64 running on hwthread 64 - Vector length 20833328 Offset 1333332992
Group: 0 Thread 65 Global Thread 65 running on hwthread 65 - Vector length 20833328 Offset 1354166320
Group: 0 Thread 66 Global Thread 66 running on hwthread 66 - Vector length 20833328 Offset 1374999648
Group: 0 Thread 67 Global Thread 67 running on hwthread 67 - Vector length 20833328 Offset 1395832976
Group: 0 Thread 68 Global Thread 68 running on hwthread 68 - Vector length 20833328 Offset 1416666304
Group: 0 Thread 69 Global Thread 69 running on hwthread 69 - Vector length 20833328 Offset 1437499632
Group: 0 Thread 70 Global Thread 70 running on hwthread 70 - Vector length 20833328 Offset 1458332960
Group: 0 Thread 71 Global Thread 71 running on hwthread 71 - Vector length 20833328 Offset 1479166288
Group: 0 Thread 72 Global Thread 72 running on hwthread 72 - Vector length 20833328 Offset 1499999616
Group: 0 Thread 73 Global Thread 73 running on hwthread 73 - Vector length 20833328 Offset 1520832944
Group: 0 Thread 74 Global Thread 74 running on hwthread 74 - Vector length 20833328 Offset 1541666272
Group: 0 Thread 75 Global Thread 75 running on hwthread 75 - Vector length 20833328 Offset 1562499600
Group: 0 Thread 76 Global Thread 76 running on hwthread 76 - Vector length 20833328 Offset 1583332928
Group: 0 Thread 77 Global Thread 77 running on hwthread 77 - Vector length 20833328 Offset 1604166256
Group: 0 Thread 78 Global Thread 78 running on hwthread 78 - Vector length 20833328 Offset 1624999584
Group: 0 Thread 79 Global Thread 79 running on hwthread 79 - Vector length 20833328 Offset 1645832912
Group: 0 Thread 80 Global Thread 80 running on hwthread 80 - Vector length 20833328 Offset 1666666240
Group: 0 Thread 81 Global Thread 81 running on hwthread 81 - Vector length 20833328 Offset 1687499568
Group: 0 Thread 82 Global Thread 82 running on hwthread 82 - Vector length 20833328 Offset 1708332896
Group: 0 Thread 83 Global Thread 83 running on hwthread 83 - Vector length 20833328 Offset 1729166224
Group: 0 Thread 84 Global Thread 84 running on hwthread 84 - Vector length 20833328 Offset 1749999552
Group: 0 Thread 85 Global Thread 85 running on hwthread 85 - Vector length 20833328 Offset 1770832880
Group: 0 Thread 86 Global Thread 86 running on hwthread 86 - Vector length 20833328 Offset 1791666208
Group: 0 Thread 87 Global Thread 87 running on hwthread 87 - Vector length 20833328 Offset 1812499536
Group: 0 Thread 88 Global Thread 88 running on hwthread 88 - Vector length 20833328 Offset 1833332864
Group: 0 Thread 89 Global Thread 89 running on hwthread 89 - Vector length 20833328 Offset 1854166192
Group: 0 Thread 90 Global Thread 90 running on hwthread 90 - Vector length 20833328 Offset 1874999520
Group: 0 Thread 91 Global Thread 91 running on hwthread 91 - Vector length 20833328 Offset 1895832848
Group: 0 Thread 92 Global Thread 92 running on hwthread 92 - Vector length 20833328 Offset 1916666176
Group: 0 Thread 93 Global Thread 93 running on hwthread 93 - Vector length 20833328 Offset 1937499504
Group: 0 Thread 94 Global Thread 94 running on hwthread 94 - Vector length 20833328 Offset 1958332832
Group: 0 Thread 95 Global Thread 95 running on hwthread 95 - Vector length 20833328 Offset 1979166160
--------------------------------------------------------------------------------
Cycles:			15799848984
CPU Clock:		2399383743
Cycle Clock:		2399383743
Time:			6.584961e+00 sec
Iterations:		4800
Iterations per thread:	50
Inner loop executions:	1302083
Size (Byte):		47999987712
Size per thread:	499999872
Number of Flops:	199999948800
MFlops/s:		30372.23
Data volume (Byte):	2399999385600
MByte/s:		364466.74
Cycles per update:	0.157999
Cycles per cacheline:	1.263988
Loads per update:	2
Stores per update:	1
Load bytes per element:	16
Store bytes per elem.:	8
Load/store ratio:	2.00
Instructions:		93749976017
UOPs:			137499964800
--------------------------------------------------------------------------------
Writing Likwid Marker API results to file /tmp/likwid_840303.txt
--------------------------------------------------------------------------------
Region bench, Group 1: MEMWRITE
+-------------------+------------+------------+------------+------------+------------+------------+------------+------------+------------+------------+-------------+-------------+-------------+-------------+-------------+-------------+-------------+-------------+-------------+-------------+-------------+-------------+-------------+-------------+-------------+-------------+-------------+-------------+-------------+-------------+-------------+-------------+-------------+-------------+-------------+-------------+-------------+-------------+-------------+-------------+-------------+-------------+-------------+-------------+-------------+-------------+-------------+-------------+-------------+-------------+-------------+-------------+-------------+-------------+-------------+-------------+-------------+-------------+-------------+-------------+-------------+-------------+-------------+-------------+-------------+-------------+-------------+-------------+-------------+-------------+-------------+-------------+-------------+-------------+-------------+-------------+-------------+-------------+-------------+-------------+-------------+-------------+-------------+-------------+-------------+-------------+-------------+-------------+-------------+-------------+-------------+-------------+-------------+-------------+-------------+-------------+
|    Region Info    | HWThread 0 | HWThread 1 | HWThread 2 | HWThread 3 | HWThread 4 | HWThread 5 | HWThread 6 | HWThread 7 | HWThread 8 | HWThread 9 | HWThread 10 | HWThread 11 | HWThread 12 | HWThread 13 | HWThread 14 | HWThread 15 | HWThread 16 | HWThread 17 | HWThread 18 | HWThread 19 | HWThread 20 | HWThread 21 | HWThread 22 | HWThread 23 | HWThread 24 | HWThread 25 | HWThread 26 | HWThread 27 | HWThread 28 | HWThread 29 | HWThread 30 | HWThread 31 | HWThread 32 | HWThread 33 | HWThread 34 | HWThread 35 | HWThread 36 | HWThread 37 | HWThread 38 | HWThread 39 | HWThread 40 | HWThread 41 | HWThread 42 | HWThread 43 | HWThread 44 | HWThread 45 | HWThread 46 | HWThread 47 | HWThread 48 | HWThread 49 | HWThread 50 | HWThread 51 | HWThread 52 | HWThread 53 | HWThread 54 | HWThread 55 | HWThread 56 | HWThread 57 | HWThread 58 | HWThread 59 | HWThread 60 | HWThread 61 | HWThread 62 | HWThread 63 | HWThread 64 | HWThread 65 | HWThread 66 | HWThread 67 | HWThread 68 | HWThread 69 | HWThread 70 | HWThread 71 | HWThread 72 | HWThread 73 | HWThread 74 | HWThread 75 | HWThread 76 | HWThread 77 | HWThread 78 | HWThread 79 | HWThread 80 | HWThread 81 | HWThread 82 | HWThread 83 | HWThread 84 | HWThread 85 | HWThread 86 | HWThread 87 | HWThread 88 | HWThread 89 | HWThread 90 | HWThread 91 | HWThread 92 | HWThread 93 | HWThread 94 | HWThread 95 |
+-------------------+------------+------------+------------+------------+------------+------------+------------+------------+------------+------------+-------------+-------------+-------------+-------------+-------------+-------------+-------------+-------------+-------------+-------------+-------------+-------------+-------------+-------------+-------------+-------------+-------------+-------------+-------------+-------------+-------------+-------------+-------------+-------------+-------------+-------------+-------------+-------------+-------------+-------------+-------------+-------------+-------------+-------------+-------------+-------------+-------------+-------------+-------------+-------------+-------------+-------------+-------------+-------------+-------------+-------------+-------------+-------------+-------------+-------------+-------------+-------------+-------------+-------------+-------------+-------------+-------------+-------------+-------------+-------------+-------------+-------------+-------------+-------------+-------------+-------------+-------------+-------------+-------------+-------------+-------------+-------------+-------------+-------------+-------------+-------------+-------------+-------------+-------------+-------------+-------------+-------------+-------------+-------------+-------------+-------------+
| RDTSC Runtime [s] |   6.584235 |   6.584814 |   6.584968 |   6.584902 |   6.584901 |   6.584842 |   6.584784 |   6.584812 |   6.584753 |   6.584772 |    6.584631 |    6.584747 |    6.584735 |    6.584790 |    6.584734 |    6.584669 |    6.584755 |    6.584631 |    6.584753 |    6.584642 |    6.584654 |    6.584682 |    6.584633 |    6.584747 |    6.584711 |    6.584886 |    6.584866 |    6.584707 |    6.584757 |    6.584702 |    6.584706 |    6.584804 |    6.584728 |    6.584663 |    6.584863 |    6.584863 |    6.584867 |    6.584763 |    6.584870 |    6.584861 |    6.584688 |    6.584749 |    6.584676 |    6.584765 |    6.584858 |    6.584888 |    6.584799 |    6.584708 |    6.584662 |    6.584644 |    6.584620 |    6.584798 |    6.584652 |    6.584619 |    6.584623 |    6.584765 |    6.584599 |    6.584861 |    6.584620 |    6.584780 |    6.584684 |    6.584836 |    6.584734 |    6.584773 |    6.584658 |    6.584661 |    6.584798 |    6.584733 |    6.584604 |    6.584653 |    6.584604 |    6.584702 |    6.584647 |    6.584647 |    6.584789 |    6.584759 |    6.584681 |    6.584736 |    6.584724 |    6.584665 |    6.584805 |    6.584772 |    6.584850 |    6.584854 |    6.584848 |    6.584680 |    6.584625 |    6.584798 |    6.584650 |    6.584613 |    6.584740 |    6.584693 |    6.584717 |    6.584786 |    6.584632 |    6.584688 |
|     call count    |          1 |          1 |          1 |          1 |          1 |          1 |          1 |          1 |          1 |          1 |           1 |           1 |           1 |           1 |           1 |           1 |           1 |           1 |           1 |           1 |           1 |           1 |           1 |           1 |           1 |           1 |           1 |           1 |           1 |           1 |           1 |           1 |           1 |           1 |           1 |           1 |           1 |           1 |           1 |           1 |           1 |           1 |           1 |           1 |           1 |           1 |           1 |           1 |           1 |           1 |           1 |           1 |           1 |           1 |           1 |           1 |           1 |           1 |           1 |           1 |           1 |           1 |           1 |           1 |           1 |           1 |           1 |           1 |           1 |           1 |           1 |           1 |           1 |           1 |           1 |           1 |           1 |           1 |           1 |           1 |           1 |           1 |           1 |           1 |           1 |           1 |           1 |           1 |           1 |           1 |           1 |           1 |           1 |           1 |           1 |           1 |
+-------------------+------------+------------+------------+------------+------------+------------+------------+------------+------------+------------+-------------+-------------+-------------+-------------+-------------+-------------+-------------+-------------+-------------+-------------+-------------+-------------+-------------+-------------+-------------+-------------+-------------+-------------+-------------+-------------+-------------+-------------+-------------+-------------+-------------+-------------+-------------+-------------+-------------+-------------+-------------+-------------+-------------+-------------+-------------+-------------+-------------+-------------+-------------+-------------+-------------+-------------+-------------+-------------+-------------+-------------+-------------+-------------+-------------+-------------+-------------+-------------+-------------+-------------+-------------+-------------+-------------+-------------+-------------+-------------+-------------+-------------+-------------+-------------+-------------+-------------+-------------+-------------+-------------+-------------+-------------+-------------+-------------+-------------+-------------+-------------+-------------+-------------+-------------+-------------+-------------+-------------+-------------+-------------+-------------+-------------+

+------------------------------+---------+-------------+-------------+-------------+-------------+-------------+-------------+-------------+-------------+-------------+-------------+-------------+-------------+-------------+-------------+-------------+-------------+-------------+-------------+-------------+-------------+-------------+-------------+-------------+-------------+-------------+-------------+-------------+-------------+-------------+-------------+-------------+-------------+-------------+-------------+-------------+-------------+-------------+-------------+-------------+-------------+-------------+-------------+-------------+-------------+-------------+-------------+-------------+-------------+-------------+-------------+-------------+-------------+-------------+-------------+-------------+-------------+-------------+-------------+-------------+-------------+-------------+-------------+-------------+-------------+-------------+-------------+-------------+-------------+-------------+-------------+-------------+-------------+-------------+-------------+-------------+-------------+-------------+-------------+-------------+-------------+-------------+-------------+-------------+-------------+-------------+-------------+-------------+-------------+-------------+-------------+-------------+-------------+-------------+-------------+-------------+-------------+
|             Event            | Counter |  HWThread 0 |  HWThread 1 |  HWThread 2 |  HWThread 3 |  HWThread 4 |  HWThread 5 |  HWThread 6 |  HWThread 7 |  HWThread 8 |  HWThread 9 | HWThread 10 | HWThread 11 | HWThread 12 | HWThread 13 | HWThread 14 | HWThread 15 | HWThread 16 | HWThread 17 | HWThread 18 | HWThread 19 | HWThread 20 | HWThread 21 | HWThread 22 | HWThread 23 | HWThread 24 | HWThread 25 | HWThread 26 | HWThread 27 | HWThread 28 | HWThread 29 | HWThread 30 | HWThread 31 | HWThread 32 | HWThread 33 | HWThread 34 | HWThread 35 | HWThread 36 | HWThread 37 | HWThread 38 | HWThread 39 | HWThread 40 | HWThread 41 | HWThread 42 | HWThread 43 | HWThread 44 | HWThread 45 | HWThread 46 | HWThread 47 | HWThread 48 | HWThread 49 | HWThread 50 | HWThread 51 | HWThread 52 | HWThread 53 | HWThread 54 | HWThread 55 | HWThread 56 | HWThread 57 | HWThread 58 | HWThread 59 | HWThread 60 | HWThread 61 | HWThread 62 | HWThread 63 | HWThread 64 | HWThread 65 | HWThread 66 | HWThread 67 | HWThread 68 | HWThread 69 | HWThread 70 | HWThread 71 | HWThread 72 | HWThread 73 | HWThread 74 | HWThread 75 | HWThread 76 | HWThread 77 | HWThread 78 | HWThread 79 | HWThread 80 | HWThread 81 | HWThread 82 | HWThread 83 | HWThread 84 | HWThread 85 | HWThread 86 | HWThread 87 | HWThread 88 | HWThread 89 | HWThread 90 | HWThread 91 | HWThread 92 | HWThread 93 | HWThread 94 | HWThread 95 |
+------------------------------+---------+-------------+-------------+-------------+-------------+-------------+-------------+-------------+-------------+-------------+-------------+-------------+-------------+-------------+-------------+-------------+-------------+-------------+-------------+-------------+-------------+-------------+-------------+-------------+-------------+-------------+-------------+-------------+-------------+-------------+-------------+-------------+-------------+-------------+-------------+-------------+-------------+-------------+-------------+-------------+-------------+-------------+-------------+-------------+-------------+-------------+-------------+-------------+-------------+-------------+-------------+-------------+-------------+-------------+-------------+-------------+-------------+-------------+-------------+-------------+-------------+-------------+-------------+-------------+-------------+-------------+-------------+-------------+-------------+-------------+-------------+-------------+-------------+-------------+-------------+-------------+-------------+-------------+-------------+-------------+-------------+-------------+-------------+-------------+-------------+-------------+-------------+-------------+-------------+-------------+-------------+-------------+-------------+-------------+-------------+-------------+-------------+
|       ACTUAL_CPU_CLOCK       |  FIXC1  | 12509400000 | 12509420000 | 12509260000 | 12509450000 | 12509240000 | 12509280000 | 12509420000 | 12509270000 | 12508720000 | 12508960000 | 12508720000 | 12508930000 | 12508720000 | 12508720000 | 12508700000 | 12508920000 | 12508910000 | 12508930000 | 12508780000 | 12508960000 | 12509140000 | 12509210000 | 12508980000 | 12508800000 | 12509150000 | 12509380000 | 12509400000 | 12508950000 | 12509420000 | 12509190000 | 12509220000 | 12509380000 | 12509070000 | 12509090000 | 12509140000 | 12509190000 | 12509380000 | 12509330000 | 12509210000 | 12509330000 | 12509040000 | 12509310000 | 12509130000 | 12509310000 | 12509170000 | 12509190000 | 12509370000 | 12509200000 | 12508980000 | 12508960000 | 12508750000 | 12508910000 | 12508780000 | 12508960000 | 12509020000 | 12509030000 | 12508570000 | 12509140000 | 12508920000 | 12509170000 | 12509010000 | 12509360000 | 12509120000 | 12509340000 | 12508810000 | 12508870000 | 12508750000 | 12508710000 | 12508470000 | 12508830000 | 12508470000 | 12508900000 | 12508990000 | 12509000000 | 12509070000 | 12509010000 | 12508990000 | 12509250000 | 12509140000 | 12509000000 | 12509180000 | 12509040000 | 12509340000 | 12509280000 | 12509120000 | 12509020000 | 12508970000 | 12509070000 | 12508860000 | 12508970000 | 12508800000 | 12508990000 | 12508750000 | 12509060000 | 12508740000 | 12508960000 |
|         MAX_CPU_CLOCK        |  FIXC2  | 15801090000 | 15801260000 | 15801570000 | 15801530000 | 15801550000 | 15801220000 | 15801090000 | 15801360000 | 15800620000 | 15800650000 | 15800580000 | 15800630000 | 15800630000 | 15800670000 | 15800580000 | 15800710000 | 15801060000 | 15800510000 | 15800860000 | 15800600000 | 15801010000 | 15801090000 | 15800670000 | 15800870000 | 15800770000 | 15801190000 | 15801340000 | 15800750000 | 15801130000 | 15800920000 | 15800850000 | 15801020000 | 15800920000 | 15800930000 | 15801170000 | 15801230000 | 15801220000 | 15801190000 | 15801330000 | 15801120000 | 15800920000 | 15801120000 | 15800710000 | 15801080000 | 15801220000 | 15801270000 | 15801390000 | 15800870000 | 15800700000 | 15800590000 | 15800490000 | 15801010000 | 15800560000 | 15800600000 | 15800950000 | 15800890000 | 15800570000 | 15801190000 | 15800820000 | 15800990000 | 15800860000 | 15801300000 | 15801260000 | 15801340000 | 15800590000 | 15800560000 | 15800680000 | 15800600000 | 15800220000 | 15800600000 | 15800290000 | 15800600000 | 15800900000 | 15800880000 | 15800940000 | 15800880000 | 15800870000 | 15801140000 | 15800760000 | 15800880000 | 15801200000 | 15800990000 | 15801160000 | 15800980000 | 15801170000 | 15800940000 | 15800640000 | 15800940000 | 15800970000 | 15800610000 | 15800870000 | 15800860000 | 15800810000 | 15800910000 | 15800590000 | 15800830000 |
|     RETIRED_INSTRUCTIONS     |   PMC0  |   982882200 |   985692200 |   981533400 |   981700200 |   980373100 |   980268400 |   979433100 |   979273400 |  1038398000 |  1038636000 |  1033576000 |  1033683000 |  1030661000 |  1030870000 |  1029495000 |  1029210000 |  1012047000 |  1012316000 |  1009415000 |  1009438000 |  1007372000 |  1007648000 |  1006380000 |  1006547000 |   995649300 |   996469000 |   992691100 |   992347400 |   991441700 |   991763300 |   990556400 |   990734200 |  1038368000 |  1038288000 |  1034641000 |  1035611000 |  1032140000 |  1032836000 |  1030685000 |  1030973000 |  1006158000 |  1006510000 |  1004237000 |  1003941000 |  1002548000 |  1002095000 |  1001166000 |  1001001000 |   981045100 |   982312400 |   978660300 |   978507900 |   977284800 |   977783000 |   976599800 |   976581400 |  1033759000 |  1033259000 |  1029723000 |  1029895000 |  1027303000 |  1026820000 |  1025651000 |  1025615000 |  1008794000 |  1008651000 |  1006300000 |  1006043000 |  1004407000 |  1004312000 |  1003334000 |  1003547000 |   987896600 |   988071300 |   985398900 |   985076300 |   983583900 |   983680900 |   982741600 |   982842400 |  1040974000 |  1039462000 |  1035464000 |  1035357000 |  1032585000 |  1032416000 |  1031089000 |  1031073000 |  1015233000 |  1015302000 |  1012435000 |  1010343000 |  1010634000 |  1010363000 |  1009564000 |  1009382000 |
|      CPU_CLOCKS_UNHALTED     |   PMC1  | 12390480000 | 12401060000 | 12396440000 | 12403460000 | 12401850000 | 12401540000 | 12402410000 | 12400390000 | 12404000000 | 12401270000 | 12404170000 | 12404620000 | 12401960000 | 12404130000 | 12404580000 | 12401050000 | 12403910000 | 12402430000 | 12403600000 | 12402300000 | 12402370000 | 12404270000 | 12402610000 | 12402740000 | 12404260000 | 12404490000 | 12401870000 | 12400510000 | 12402780000 | 12403230000 | 12404870000 | 12402990000 | 12403350000 | 12403780000 | 12402230000 | 12405330000 | 12402320000 | 12404460000 | 12403040000 | 12404760000 | 12404590000 | 12407120000 | 12404270000 | 12404180000 | 12405250000 | 12402680000 | 12402730000 | 12404390000 | 12400560000 | 12403200000 | 12403070000 | 12405110000 | 12402310000 | 12402600000 | 12401850000 | 12405060000 | 12405130000 | 12403530000 | 12405480000 | 12405350000 | 12405530000 | 12403140000 | 12404430000 | 12405450000 | 12406730000 | 12405770000 | 12407310000 | 12407430000 | 12407170000 | 12407800000 | 12407680000 | 12411700000 | 12402570000 | 12400800000 | 12403200000 | 12403400000 | 12400760000 | 12403200000 | 12401670000 | 12403180000 | 12403500000 | 12403770000 | 12403280000 | 12404580000 | 12402490000 | 12403450000 | 12403330000 | 12403380000 | 12408500000 | 12407970000 | 12406460000 | 12384720000 | 12406520000 | 12408790000 | 12407890000 | 12404980000 |
|  DRAM_WRITES_LOCAL_CHANNEL_0 |   DFC0  |  1041640000 |           0 |           0 |           0 |           0 |           0 |           0 |           0 |           0 |           0 |           0 |           0 |           0 |           0 |           0 |           0 |           0 |           0 |           0 |           0 |           0 |           0 |           0 |           0 |           0 |           0 |           0 |           0 |           0 |           0 |           0 |           0 |           0 |           0 |           0 |           0 |           0 |           0 |           0 |           0 |           0 |           0 |           0 |           0 |           0 |           0 |           0 |           0 |           0 |           0 |           0 |           0 |           0 |           0 |           0 |           0 |           0 |           0 |           0 |           0 |           0 |           0 |           0 |           0 |           0 |           0 |           0 |           0 |           0 |           0 |           0 |           0 |           0 |           0 |           0 |           0 |           0 |           0 |           0 |           0 |           0 |           0 |           0 |           0 |           0 |           0 |           0 |           0 |           0 |           0 |           0 |           0 |           0 |           0 |           0 |           0 |
|  DRAM_WRITES_LOCAL_CHANNEL_1 |   DFC1  |  1041273000 |           0 |           0 |           0 |           0 |           0 |           0 |           0 |           0 |           0 |           0 |           0 |           0 |           0 |           0 |           0 |           0 |           0 |           0 |           0 |           0 |           0 |           0 |           0 |           0 |           0 |           0 |           0 |           0 |           0 |           0 |           0 |           0 |           0 |           0 |           0 |           0 |           0 |           0 |           0 |           0 |           0 |           0 |           0 |           0 |           0 |           0 |           0 |           0 |           0 |           0 |           0 |           0 |           0 |           0 |           0 |           0 |           0 |           0 |           0 |           0 |           0 |           0 |           0 |           0 |           0 |           0 |           0 |           0 |           0 |           0 |           0 |           0 |           0 |           0 |           0 |           0 |           0 |           0 |           0 |           0 |           0 |           0 |           0 |           0 |           0 |           0 |           0 |           0 |           0 |           0 |           0 |           0 |           0 |           0 |           0 |
|  DRAM_WRITES_LOCAL_CHANNEL_2 |   DFC2  |  1041497000 |           0 |           0 |           0 |           0 |           0 |           0 |           0 |           0 |           0 |           0 |           0 |           0 |           0 |           0 |           0 |           0 |           0 |           0 |           0 |           0 |           0 |           0 |           0 |           0 |           0 |           0 |           0 |           0 |           0 |           0 |           0 |           0 |           0 |           0 |           0 |           0 |           0 |           0 |           0 |           0 |           0 |           0 |           0 |           0 |           0 |           0 |           0 |           0 |           0 |           0 |           0 |           0 |           0 |           0 |           0 |           0 |           0 |           0 |           0 |           0 |           0 |           0 |           0 |           0 |           0 |           0 |           0 |           0 |           0 |           0 |           0 |           0 |           0 |           0 |           0 |           0 |           0 |           0 |           0 |           0 |           0 |           0 |           0 |           0 |           0 |           0 |           0 |           0 |           0 |           0 |           0 |           0 |           0 |           0 |           0 |
|  DRAM_WRITES_LOCAL_CHANNEL_3 |   DFC3  |  1042171000 |           0 |           0 |           0 |           0 |           0 |           0 |           0 |           0 |           0 |           0 |           0 |           0 |           0 |           0 |           0 |           0 |           0 |           0 |           0 |           0 |           0 |           0 |           0 |           0 |           0 |           0 |           0 |           0 |           0 |           0 |           0 |           0 |           0 |           0 |           0 |           0 |           0 |           0 |           0 |           0 |           0 |           0 |           0 |           0 |           0 |           0 |           0 |           0 |           0 |           0 |           0 |           0 |           0 |           0 |           0 |           0 |           0 |           0 |           0 |           0 |           0 |           0 |           0 |           0 |           0 |           0 |           0 |           0 |           0 |           0 |           0 |           0 |           0 |           0 |           0 |           0 |           0 |           0 |           0 |           0 |           0 |           0 |           0 |           0 |           0 |           0 |           0 |           0 |           0 |           0 |           0 |           0 |           0 |           0 |           0 |
|  DRAM_WRITES_LOCAL_CHANNEL_4 |   DFC4  |  1042001000 |           0 |           0 |           0 |           0 |           0 |           0 |           0 |           0 |           0 |           0 |           0 |           0 |           0 |           0 |           0 |           0 |           0 |           0 |           0 |           0 |           0 |           0 |           0 |           0 |           0 |           0 |           0 |           0 |           0 |           0 |           0 |           0 |           0 |           0 |           0 |           0 |           0 |           0 |           0 |           0 |           0 |           0 |           0 |           0 |           0 |           0 |           0 |           0 |           0 |           0 |           0 |           0 |           0 |           0 |           0 |           0 |           0 |           0 |           0 |           0 |           0 |           0 |           0 |           0 |           0 |           0 |           0 |           0 |           0 |           0 |           0 |           0 |           0 |           0 |           0 |           0 |           0 |           0 |           0 |           0 |           0 |           0 |           0 |           0 |           0 |           0 |           0 |           0 |           0 |           0 |           0 |           0 |           0 |           0 |           0 |
|  DRAM_WRITES_LOCAL_CHANNEL_5 |   DFC5  |  1042283000 |           0 |           0 |           0 |           0 |           0 |           0 |           0 |           0 |           0 |           0 |           0 |           0 |           0 |           0 |           0 |           0 |           0 |           0 |           0 |           0 |           0 |           0 |           0 |           0 |           0 |           0 |           0 |           0 |           0 |           0 |           0 |           0 |           0 |           0 |           0 |           0 |           0 |           0 |           0 |           0 |           0 |           0 |           0 |           0 |           0 |           0 |           0 |           0 |           0 |           0 |           0 |           0 |           0 |           0 |           0 |           0 |           0 |           0 |           0 |           0 |           0 |           0 |           0 |           0 |           0 |           0 |           0 |           0 |           0 |           0 |           0 |           0 |           0 |           0 |           0 |           0 |           0 |           0 |           0 |           0 |           0 |           0 |           0 |           0 |           0 |           0 |           0 |           0 |           0 |           0 |           0 |           0 |           0 |           0 |           0 |
|  DRAM_WRITES_LOCAL_CHANNEL_6 |   DFC6  |  1041521000 |           0 |           0 |           0 |           0 |           0 |           0 |           0 |           0 |           0 |           0 |           0 |           0 |           0 |           0 |           0 |           0 |           0 |           0 |           0 |           0 |           0 |           0 |           0 |           0 |           0 |           0 |           0 |           0 |           0 |           0 |           0 |           0 |           0 |           0 |           0 |           0 |           0 |           0 |           0 |           0 |           0 |           0 |           0 |           0 |           0 |           0 |           0 |           0 |           0 |           0 |           0 |           0 |           0 |           0 |           0 |           0 |           0 |           0 |           0 |           0 |           0 |           0 |           0 |           0 |           0 |           0 |           0 |           0 |           0 |           0 |           0 |           0 |           0 |           0 |           0 |           0 |           0 |           0 |           0 |           0 |           0 |           0 |           0 |           0 |           0 |           0 |           0 |           0 |           0 |           0 |           0 |           0 |           0 |           0 |           0 |
|  DRAM_WRITES_LOCAL_CHANNEL_7 |   DFC7  |  1041626000 |           0 |           0 |           0 |           0 |           0 |           0 |           0 |           0 |           0 |           0 |           0 |           0 |           0 |           0 |           0 |           0 |           0 |           0 |           0 |           0 |           0 |           0 |           0 |           0 |           0 |           0 |           0 |           0 |           0 |           0 |           0 |           0 |           0 |           0 |           0 |           0 |           0 |           0 |           0 |           0 |           0 |           0 |           0 |           0 |           0 |           0 |           0 |           0 |           0 |           0 |           0 |           0 |           0 |           0 |           0 |           0 |           0 |           0 |           0 |           0 |           0 |           0 |           0 |           0 |           0 |           0 |           0 |           0 |           0 |           0 |           0 |           0 |           0 |           0 |           0 |           0 |           0 |           0 |           0 |           0 |           0 |           0 |           0 |           0 |           0 |           0 |           0 |           0 |           0 |           0 |           0 |           0 |           0 |           0 |           0 |
|  DRAM_WRITES_LOCAL_CHANNEL_8 |   DFC8  |  1041422000 |           0 |           0 |           0 |           0 |           0 |           0 |           0 |           0 |           0 |           0 |           0 |           0 |           0 |           0 |           0 |           0 |           0 |           0 |           0 |           0 |           0 |           0 |           0 |           0 |           0 |           0 |           0 |           0 |           0 |           0 |           0 |           0 |           0 |           0 |           0 |           0 |           0 |           0 |           0 |           0 |           0 |           0 |           0 |           0 |           0 |           0 |           0 |           0 |           0 |           0 |           0 |           0 |           0 |           0 |           0 |           0 |           0 |           0 |           0 |           0 |           0 |           0 |           0 |           0 |           0 |           0 |           0 |           0 |           0 |           0 |           0 |           0 |           0 |           0 |           0 |           0 |           0 |           0 |           0 |           0 |           0 |           0 |           0 |           0 |           0 |           0 |           0 |           0 |           0 |           0 |           0 |           0 |           0 |           0 |           0 |
|  DRAM_WRITES_LOCAL_CHANNEL_9 |   DFC9  |  1041900000 |           0 |           0 |           0 |           0 |           0 |           0 |           0 |           0 |           0 |           0 |           0 |           0 |           0 |           0 |           0 |           0 |           0 |           0 |           0 |           0 |           0 |           0 |           0 |           0 |           0 |           0 |           0 |           0 |           0 |           0 |           0 |           0 |           0 |           0 |           0 |           0 |           0 |           0 |           0 |           0 |           0 |           0 |           0 |           0 |           0 |           0 |           0 |           0 |           0 |           0 |           0 |           0 |           0 |           0 |           0 |           0 |           0 |           0 |           0 |           0 |           0 |           0 |           0 |           0 |           0 |           0 |           0 |           0 |           0 |           0 |           0 |           0 |           0 |           0 |           0 |           0 |           0 |           0 |           0 |           0 |           0 |           0 |           0 |           0 |           0 |           0 |           0 |           0 |           0 |           0 |           0 |           0 |           0 |           0 |           0 |
| DRAM_WRITES_LOCAL_CHANNEL_10 |  DFC10  |  1041848000 |           0 |           0 |           0 |           0 |           0 |           0 |           0 |           0 |           0 |           0 |           0 |           0 |           0 |           0 |           0 |           0 |           0 |           0 |           0 |           0 |           0 |           0 |           0 |           0 |           0 |           0 |           0 |           0 |           0 |           0 |           0 |           0 |           0 |           0 |           0 |           0 |           0 |           0 |           0 |           0 |           0 |           0 |           0 |           0 |           0 |           0 |           0 |           0 |           0 |           0 |           0 |           0 |           0 |           0 |           0 |           0 |           0 |           0 |           0 |           0 |           0 |           0 |           0 |           0 |           0 |           0 |           0 |           0 |           0 |           0 |           0 |           0 |           0 |           0 |           0 |           0 |           0 |           0 |           0 |           0 |           0 |           0 |           0 |           0 |           0 |           0 |           0 |           0 |           0 |           0 |           0 |           0 |           0 |           0 |           0 |
| DRAM_WRITES_LOCAL_CHANNEL_11 |  DFC11  |  1042092000 |           0 |           0 |           0 |           0 |           0 |           0 |           0 |           0 |           0 |           0 |           0 |           0 |           0 |           0 |           0 |           0 |           0 |           0 |           0 |           0 |           0 |           0 |           0 |           0 |           0 |           0 |           0 |           0 |           0 |           0 |           0 |           0 |           0 |           0 |           0 |           0 |           0 |           0 |           0 |           0 |           0 |           0 |           0 |           0 |           0 |           0 |           0 |           0 |           0 |           0 |           0 |           0 |           0 |           0 |           0 |           0 |           0 |           0 |           0 |           0 |           0 |           0 |           0 |           0 |           0 |           0 |           0 |           0 |           0 |           0 |           0 |           0 |           0 |           0 |           0 |           0 |           0 |           0 |           0 |           0 |           0 |           0 |           0 |           0 |           0 |           0 |           0 |           0 |           0 |           0 |           0 |           0 |           0 |           0 |           0 |
+------------------------------+---------+-------------+-------------+-------------+-------------+-------------+-------------+-------------+-------------+-------------+-------------+-------------+-------------+-------------+-------------+-------------+-------------+-------------+-------------+-------------+-------------+-------------+-------------+-------------+-------------+-------------+-------------+-------------+-------------+-------------+-------------+-------------+-------------+-------------+-------------+-------------+-------------+-------------+-------------+-------------+-------------+-------------+-------------+-------------+-------------+-------------+-------------+-------------+-------------+-------------+-------------+-------------+-------------+-------------+-------------+-------------+-------------+-------------+-------------+-------------+-------------+-------------+-------------+-------------+-------------+-------------+-------------+-------------+-------------+-------------+-------------+-------------+-------------+-------------+-------------+-------------+-------------+-------------+-------------+-------------+-------------+-------------+-------------+-------------+-------------+-------------+-------------+-------------+-------------+-------------+-------------+-------------+-------------+-------------+-------------+-------------+-------------+

+-----------------------------------+---------+---------------+-------------+-------------+--------------+
|               Event               | Counter |      Sum      |     Min     |     Max     |      Avg     |
+-----------------------------------+---------+---------------+-------------+-------------+--------------+
|       ACTUAL_CPU_CLOCK STAT       |  FIXC1  | 1200868820000 | 12508470000 | 12509450000 | 1.250905e+10 |
|         MAX_CPU_CLOCK STAT        |  FIXC2  | 1516888050000 | 15800220000 | 15801570000 | 1.580092e+10 |
|     RETIRED_INSTRUCTIONS STAT     |   PMC0  |   96786854000 |   976581400 |  1040974000 | 1.008196e+09 |
|      CPU_CLOCKS_UNHALTED STAT     |   PMC1  | 1190742900000 | 12384720000 | 12411700000 |  12403571875 |
|  DRAM_WRITES_LOCAL_CHANNEL_0 STAT |   DFC0  |    1041640000 |           0 |  1041640000 | 1.085042e+07 |
|  DRAM_WRITES_LOCAL_CHANNEL_1 STAT |   DFC1  |    1041273000 |           0 |  1041273000 | 1.084659e+07 |
|  DRAM_WRITES_LOCAL_CHANNEL_2 STAT |   DFC2  |    1041497000 |           0 |  1041497000 | 1.084893e+07 |
|  DRAM_WRITES_LOCAL_CHANNEL_3 STAT |   DFC3  |    1042171000 |           0 |  1042171000 | 1.085595e+07 |
|  DRAM_WRITES_LOCAL_CHANNEL_4 STAT |   DFC4  |    1042001000 |           0 |  1042001000 | 1.085418e+07 |
|  DRAM_WRITES_LOCAL_CHANNEL_5 STAT |   DFC5  |    1042283000 |           0 |  1042283000 | 1.085711e+07 |
|  DRAM_WRITES_LOCAL_CHANNEL_6 STAT |   DFC6  |    1041521000 |           0 |  1041521000 | 1.084918e+07 |
|  DRAM_WRITES_LOCAL_CHANNEL_7 STAT |   DFC7  |    1041626000 |           0 |  1041626000 | 1.085027e+07 |
|  DRAM_WRITES_LOCAL_CHANNEL_8 STAT |   DFC8  |    1041422000 |           0 |  1041422000 | 1.084815e+07 |
|  DRAM_WRITES_LOCAL_CHANNEL_9 STAT |   DFC9  |    1041900000 |           0 |  1041900000 |     10853125 |
| DRAM_WRITES_LOCAL_CHANNEL_10 STAT |  DFC10  |    1041848000 |           0 |  1041848000 | 1.085258e+07 |
| DRAM_WRITES_LOCAL_CHANNEL_11 STAT |  DFC11  |    1042092000 |           0 |  1042092000 |     10855125 |
+-----------------------------------+---------+---------------+-------------+-------------+--------------+

+-----------------------------------+-------------+------------+------------+------------+------------+------------+------------+------------+------------+------------+-------------+-------------+-------------+-------------+-------------+-------------+-------------+-------------+-------------+-------------+-------------+-------------+-------------+-------------+-------------+-------------+-------------+-------------+-------------+-------------+-------------+-------------+-------------+-------------+-------------+-------------+-------------+-------------+-------------+-------------+-------------+-------------+-------------+-------------+-------------+-------------+-------------+-------------+-------------+-------------+-------------+-------------+-------------+-------------+-------------+-------------+-------------+-------------+-------------+-------------+-------------+-------------+-------------+-------------+-------------+-------------+-------------+-------------+-------------+-------------+-------------+-------------+-------------+-------------+-------------+-------------+-------------+-------------+-------------+-------------+-------------+-------------+-------------+-------------+-------------+-------------+-------------+-------------+-------------+-------------+-------------+-------------+-------------+-------------+-------------+-------------+
|               Metric              |  HWThread 0 | HWThread 1 | HWThread 2 | HWThread 3 | HWThread 4 | HWThread 5 | HWThread 6 | HWThread 7 | HWThread 8 | HWThread 9 | HWThread 10 | HWThread 11 | HWThread 12 | HWThread 13 | HWThread 14 | HWThread 15 | HWThread 16 | HWThread 17 | HWThread 18 | HWThread 19 | HWThread 20 | HWThread 21 | HWThread 22 | HWThread 23 | HWThread 24 | HWThread 25 | HWThread 26 | HWThread 27 | HWThread 28 | HWThread 29 | HWThread 30 | HWThread 31 | HWThread 32 | HWThread 33 | HWThread 34 | HWThread 35 | HWThread 36 | HWThread 37 | HWThread 38 | HWThread 39 | HWThread 40 | HWThread 41 | HWThread 42 | HWThread 43 | HWThread 44 | HWThread 45 | HWThread 46 | HWThread 47 | HWThread 48 | HWThread 49 | HWThread 50 | HWThread 51 | HWThread 52 | HWThread 53 | HWThread 54 | HWThread 55 | HWThread 56 | HWThread 57 | HWThread 58 | HWThread 59 | HWThread 60 | HWThread 61 | HWThread 62 | HWThread 63 | HWThread 64 | HWThread 65 | HWThread 66 | HWThread 67 | HWThread 68 | HWThread 69 | HWThread 70 | HWThread 71 | HWThread 72 | HWThread 73 | HWThread 74 | HWThread 75 | HWThread 76 | HWThread 77 | HWThread 78 | HWThread 79 | HWThread 80 | HWThread 81 | HWThread 82 | HWThread 83 | HWThread 84 | HWThread 85 | HWThread 86 | HWThread 87 | HWThread 88 | HWThread 89 | HWThread 90 | HWThread 91 | HWThread 92 | HWThread 93 | HWThread 94 | HWThread 95 |
+-----------------------------------+-------------+------------+------------+------------+------------+------------+------------+------------+------------+------------+-------------+-------------+-------------+-------------+-------------+-------------+-------------+-------------+-------------+-------------+-------------+-------------+-------------+-------------+-------------+-------------+-------------+-------------+-------------+-------------+-------------+-------------+-------------+-------------+-------------+-------------+-------------+-------------+-------------+-------------+-------------+-------------+-------------+-------------+-------------+-------------+-------------+-------------+-------------+-------------+-------------+-------------+-------------+-------------+-------------+-------------+-------------+-------------+-------------+-------------+-------------+-------------+-------------+-------------+-------------+-------------+-------------+-------------+-------------+-------------+-------------+-------------+-------------+-------------+-------------+-------------+-------------+-------------+-------------+-------------+-------------+-------------+-------------+-------------+-------------+-------------+-------------+-------------+-------------+-------------+-------------+-------------+-------------+-------------+-------------+-------------+
|        Runtime (RDTSC) [s]        |      6.5842 |     6.5848 |     6.5850 |     6.5849 |     6.5849 |     6.5848 |     6.5848 |     6.5848 |     6.5848 |     6.5848 |      6.5846 |      6.5847 |      6.5847 |      6.5848 |      6.5847 |      6.5847 |      6.5848 |      6.5846 |      6.5848 |      6.5846 |      6.5847 |      6.5847 |      6.5846 |      6.5847 |      6.5847 |      6.5849 |      6.5849 |      6.5847 |      6.5848 |      6.5847 |      6.5847 |      6.5848 |      6.5847 |      6.5847 |      6.5849 |      6.5849 |      6.5849 |      6.5848 |      6.5849 |      6.5849 |      6.5847 |      6.5847 |      6.5847 |      6.5848 |      6.5849 |      6.5849 |      6.5848 |      6.5847 |      6.5847 |      6.5846 |      6.5846 |      6.5848 |      6.5847 |      6.5846 |      6.5846 |      6.5848 |      6.5846 |      6.5849 |      6.5846 |      6.5848 |      6.5847 |      6.5848 |      6.5847 |      6.5848 |      6.5847 |      6.5847 |      6.5848 |      6.5847 |      6.5846 |      6.5847 |      6.5846 |      6.5847 |      6.5846 |      6.5846 |      6.5848 |      6.5848 |      6.5847 |      6.5847 |      6.5847 |      6.5847 |      6.5848 |      6.5848 |      6.5849 |      6.5849 |      6.5848 |      6.5847 |      6.5846 |      6.5848 |      6.5846 |      6.5846 |      6.5847 |      6.5847 |      6.5847 |      6.5848 |      6.5846 |      6.5847 |
|        Runtime unhalted [s]       |      5.2146 |     5.2146 |     5.2146 |     5.2147 |     5.2146 |     5.2146 |     5.2146 |     5.2146 |     5.2143 |     5.2144 |      5.2143 |      5.2144 |      5.2143 |      5.2143 |      5.2143 |      5.2144 |      5.2144 |      5.2144 |      5.2144 |      5.2144 |      5.2145 |      5.2146 |      5.2145 |      5.2144 |      5.2145 |      5.2146 |      5.2146 |      5.2144 |      5.2146 |      5.2145 |      5.2146 |      5.2146 |      5.2145 |      5.2145 |      5.2145 |      5.2145 |      5.2146 |      5.2146 |      5.2146 |      5.2146 |      5.2145 |      5.2146 |      5.2145 |      5.2146 |      5.2145 |      5.2145 |      5.2146 |      5.2145 |      5.2145 |      5.2144 |      5.2144 |      5.2144 |      5.2144 |      5.2144 |      5.2145 |      5.2145 |      5.2143 |      5.2145 |      5.2144 |      5.2145 |      5.2145 |      5.2146 |      5.2145 |      5.2146 |      5.2144 |      5.2144 |      5.2144 |      5.2143 |      5.2142 |      5.2144 |      5.2142 |      5.2144 |      5.2145 |      5.2145 |      5.2145 |      5.2145 |      5.2145 |      5.2146 |      5.2145 |      5.2145 |      5.2145 |      5.2145 |      5.2146 |      5.2146 |      5.2145 |      5.2145 |      5.2145 |      5.2145 |      5.2144 |      5.2145 |      5.2144 |      5.2145 |      5.2144 |      5.2145 |      5.2144 |      5.2144 |
|            Clock [MHz]            |   1899.1631 |  1899.1457 |  1899.0841 |  1899.1178 |  1899.0835 |  1899.1292 |  1899.1661 |  1899.1109 |  1899.1163 |  1899.1491 |   1899.1211 |   1899.1470 |   1899.1151 |   1899.1103 |   1899.1181 |   1899.1359 |   1899.0923 |   1899.1614 |   1899.0966 |   1899.1551 |   1899.1332 |   1899.1342 |   1899.1498 |   1899.0984 |   1899.1636 |   1899.1480 |   1899.1330 |   1899.1356 |   1899.1613 |   1899.1516 |   1899.1646 |   1899.1684 |   1899.1334 |   1899.1352 |   1899.1140 |   1899.1143 |   1899.1444 |   1899.1404 |   1899.1054 |   1899.1488 |   1899.1288 |   1899.1458 |   1899.1677 |   1899.1506 |   1899.1125 |   1899.1095 |   1899.1224 |   1899.1591 |   1899.1462 |   1899.1563 |   1899.1365 |   1899.0983 |   1899.1326 |   1899.1551 |   1899.1222 |   1899.1309 |   1899.0995 |   1899.1116 |   1899.1226 |   1899.1402 |   1899.1315 |   1899.1317 |   1899.1001 |   1899.1239 |   1899.1336 |   1899.1463 |   1899.1136 |   1899.1172 |   1899.1264 |   1899.1354 |   1899.1180 |   1899.1460 |   1899.1236 |   1899.1276 |   1899.1310 |   1899.1291 |   1899.1272 |   1899.1343 |   1899.1632 |   1899.1276 |   1899.1164 |   1899.1204 |   1899.1455 |   1899.1581 |   1899.1109 |   1899.1234 |   1899.1519 |   1899.1310 |   1899.0955 |   1899.1555 |   1899.0984 |   1899.1285 |   1899.0980 |   1899.1331 |   1899.1229 |   1899.1275 |
|                CPI                |     12.6063 |    12.5811 |    12.6297 |    12.6347 |    12.6501 |    12.6512 |    12.6628 |    12.6628 |    11.9453 |    11.9400 |     12.0012 |     12.0004 |     12.0330 |     12.0327 |     12.0492 |     12.0491 |     12.2563 |     12.2515 |     12.2879 |     12.2863 |     12.3116 |     12.3101 |     12.3240 |     12.3221 |     12.4585 |     12.4484 |     12.4932 |     12.4961 |     12.5098 |     12.5062 |     12.5231 |     12.5190 |     11.9450 |     11.9464 |     11.9870 |     11.9788 |     12.0161 |     12.0101 |     12.0338 |     12.0321 |     12.3287 |     12.3269 |     12.3519 |     12.3555 |     12.3737 |     12.3768 |     12.3883 |     12.3920 |     12.6402 |     12.6265 |     12.6735 |     12.6776 |     12.6906 |     12.6844 |     12.6990 |     12.7025 |     12.0000 |     12.0043 |     12.0474 |     12.0453 |     12.0758 |     12.0792 |     12.0942 |     12.0956 |     12.2986 |     12.2994 |     12.3296 |     12.3329 |     12.3527 |     12.3545 |     12.3665 |     12.3678 |     12.5545 |     12.5505 |     12.5870 |     12.5913 |     12.6077 |     12.6090 |     12.6195 |     12.6197 |     11.9153 |     11.9329 |     11.9785 |     11.9810 |     12.0111 |     12.0140 |     12.0293 |     12.0296 |     12.2223 |     12.2210 |     12.2541 |     12.2579 |     12.2760 |     12.2815 |     12.2903 |     12.2897 |
| Memory write bandwidth [MBytes/s] | 121514.7297 |          0 |          0 |          0 |          0 |          0 |          0 |          0 |          0 |          0 |           0 |           0 |           0 |           0 |           0 |           0 |           0 |           0 |           0 |           0 |           0 |           0 |           0 |           0 |           0 |           0 |           0 |           0 |           0 |           0 |           0 |           0 |           0 |           0 |           0 |           0 |           0 |           0 |           0 |           0 |           0 |           0 |           0 |           0 |           0 |           0 |           0 |           0 |           0 |           0 |           0 |           0 |           0 |           0 |           0 |           0 |           0 |           0 |           0 |           0 |           0 |           0 |           0 |           0 |           0 |           0 |           0 |           0 |           0 |           0 |           0 |           0 |           0 |           0 |           0 |           0 |           0 |           0 |           0 |           0 |           0 |           0 |           0 |           0 |           0 |           0 |           0 |           0 |           0 |           0 |           0 |           0 |           0 |           0 |           0 |           0 |
| Memory write data volume [GBytes] |    800.0815 |          0 |          0 |          0 |          0 |          0 |          0 |          0 |          0 |          0 |           0 |           0 |           0 |           0 |           0 |           0 |           0 |           0 |           0 |           0 |           0 |           0 |           0 |           0 |           0 |           0 |           0 |           0 |           0 |           0 |           0 |           0 |           0 |           0 |           0 |           0 |           0 |           0 |           0 |           0 |           0 |           0 |           0 |           0 |           0 |           0 |           0 |           0 |           0 |           0 |           0 |           0 |           0 |           0 |           0 |           0 |           0 |           0 |           0 |           0 |           0 |           0 |           0 |           0 |           0 |           0 |           0 |           0 |           0 |           0 |           0 |           0 |           0 |           0 |           0 |           0 |           0 |           0 |           0 |           0 |           0 |           0 |           0 |           0 |           0 |           0 |           0 |           0 |           0 |           0 |           0 |           0 |           0 |           0 |           0 |           0 |
+-----------------------------------+-------------+------------+------------+------------+------------+------------+------------+------------+------------+------------+-------------+-------------+-------------+-------------+-------------+-------------+-------------+-------------+-------------+-------------+-------------+-------------+-------------+-------------+-------------+-------------+-------------+-------------+-------------+-------------+-------------+-------------+-------------+-------------+-------------+-------------+-------------+-------------+-------------+-------------+-------------+-------------+-------------+-------------+-------------+-------------+-------------+-------------+-------------+-------------+-------------+-------------+-------------+-------------+-------------+-------------+-------------+-------------+-------------+-------------+-------------+-------------+-------------+-------------+-------------+-------------+-------------+-------------+-------------+-------------+-------------+-------------+-------------+-------------+-------------+-------------+-------------+-------------+-------------+-------------+-------------+-------------+-------------+-------------+-------------+-------------+-------------+-------------+-------------+-------------+-------------+-------------+-------------+-------------+-------------+-------------+

+----------------------------------------+-------------+-----------+-------------+-----------+
|                 Metric                 |     Sum     |    Min    |     Max     |    Avg    |
+----------------------------------------+-------------+-----------+-------------+-----------+
|        Runtime (RDTSC) [s] STAT        |    632.1347 |    6.5842 |      6.5850 |    6.5847 |
|        Runtime unhalted [s] STAT       |    500.5902 |    5.2142 |      5.2147 |    5.2145 |
|            Clock [MHz] STAT            | 182316.5490 | 1899.0835 |   1899.1684 | 1899.1307 |
|                CPI STAT                |   1181.5386 |   11.9153 |     12.7025 |   12.3077 |
| Memory write bandwidth [MBytes/s] STAT | 121514.7297 |         0 | 121514.7297 | 1265.7784 |
| Memory write data volume [GBytes] STAT |    800.0815 |         0 |    800.0815 |    8.3342 |
+----------------------------------------+-------------+-----------+-------------+-----------+

