INFO: You are running LIKWID in a cpuset with 24 CPUs. Taking given IDs as logical ID in cpuset
--------------------------------------------------------------------------------
CPU name:	AMD EPYC 9654 96-Core Processor                
CPU type:	AMD K19 (Zen4) architecture
CPU clock:	2.40 GHz
--------------------------------------------------------------------------------
Allocate: Process running on hwthread 0 (Domain S0) - Vector length 3145728/25165824 Offset 0 Alignment 512
Initialization: Each thread in domain initializes its own stream chunks
--------------------------------------------------------------------------------
LIKWID MICRO BENCHMARK
Test: load
--------------------------------------------------------------------------------
Using 1 work groups
Using 24 threads
--------------------------------------------------------------------------------
Using Likwid Marker API
--------------------------------------------------------------------------------
Group: 0 Thread 0 Global Thread 0 running on hwthread 0 - Vector length 131072 Offset 0
Group: 0 Thread 1 Global Thread 1 running on hwthread 1 - Vector length 131072 Offset 131072
Group: 0 Thread 2 Global Thread 2 running on hwthread 2 - Vector length 131072 Offset 262144
Group: 0 Thread 3 Global Thread 3 running on hwthread 3 - Vector length 131072 Offset 393216
Group: 0 Thread 4 Global Thread 4 running on hwthread 4 - Vector length 131072 Offset 524288
Group: 0 Thread 5 Global Thread 5 running on hwthread 5 - Vector length 131072 Offset 655360
Group: 0 Thread 6 Global Thread 6 running on hwthread 6 - Vector length 131072 Offset 786432
Group: 0 Thread 7 Global Thread 7 running on hwthread 7 - Vector length 131072 Offset 917504
Group: 0 Thread 8 Global Thread 8 running on hwthread 8 - Vector length 131072 Offset 1048576
Group: 0 Thread 9 Global Thread 9 running on hwthread 9 - Vector length 131072 Offset 1179648
Group: 0 Thread 10 Global Thread 10 running on hwthread 10 - Vector length 131072 Offset 1310720
Group: 0 Thread 11 Global Thread 11 running on hwthread 11 - Vector length 131072 Offset 1441792
Group: 0 Thread 12 Global Thread 12 running on hwthread 12 - Vector length 131072 Offset 1572864
Group: 0 Thread 13 Global Thread 13 running on hwthread 13 - Vector length 131072 Offset 1703936
Group: 0 Thread 14 Global Thread 14 running on hwthread 14 - Vector length 131072 Offset 1835008
Group: 0 Thread 15 Global Thread 15 running on hwthread 15 - Vector length 131072 Offset 1966080
Group: 0 Thread 16 Global Thread 16 running on hwthread 16 - Vector length 131072 Offset 2097152
Group: 0 Thread 17 Global Thread 17 running on hwthread 17 - Vector length 131072 Offset 2228224
Group: 0 Thread 18 Global Thread 18 running on hwthread 18 - Vector length 131072 Offset 2359296
Group: 0 Thread 19 Global Thread 19 running on hwthread 19 - Vector length 131072 Offset 2490368
Group: 0 Thread 20 Global Thread 20 running on hwthread 20 - Vector length 131072 Offset 2621440
Group: 0 Thread 21 Global Thread 21 running on hwthread 21 - Vector length 131072 Offset 2752512
Group: 0 Thread 22 Global Thread 22 running on hwthread 22 - Vector length 131072 Offset 2883584
Group: 0 Thread 23 Global Thread 23 running on hwthread 23 - Vector length 131072 Offset 3014656
--------------------------------------------------------------------------------
Cycles:			4548728088
CPU Clock:		2399981475
Cycle Clock:		2399981475
Time:			1.895318e+00 sec
Iterations:		1200000
Iterations per thread:	50000
Inner loop executions:	16384
Size (Byte):		25165824
Size per thread:	1048576
Number of Flops:	0
MFlops/s:		0.00
Data volume (Byte):	1258291200000
MByte/s:		663894.50
Cycles per update:	0.028920
Cycles per cacheline:	0.231360
Loads per update:	1
Stores per update:	0
Load bytes per element:	8
Store bytes per elem.:	0
Instructions:		216268800016
UOPs:			196608000000
--------------------------------------------------------------------------------
Writing Likwid Marker API results to file /tmp/likwid_781060.txt
--------------------------------------------------------------------------------
Region bench, Group 1: L2
+-------------------+------------+------------+------------+------------+------------+------------+------------+------------+------------+------------+-------------+-------------+-------------+-------------+-------------+-------------+-------------+-------------+-------------+-------------+-------------+-------------+-------------+-------------+
|    Region Info    | HWThread 0 | HWThread 1 | HWThread 2 | HWThread 3 | HWThread 4 | HWThread 5 | HWThread 6 | HWThread 7 | HWThread 8 | HWThread 9 | HWThread 10 | HWThread 11 | HWThread 12 | HWThread 13 | HWThread 14 | HWThread 15 | HWThread 16 | HWThread 17 | HWThread 18 | HWThread 19 | HWThread 20 | HWThread 21 | HWThread 22 | HWThread 23 |
+-------------------+------------+------------+------------+------------+------------+------------+------------+------------+------------+------------+-------------+-------------+-------------+-------------+-------------+-------------+-------------+-------------+-------------+-------------+-------------+-------------+-------------+-------------+
| RDTSC Runtime [s] |   1.895305 |   1.895281 |   1.895260 |   1.895321 |   1.895265 |   1.895283 |   1.895214 |   1.895281 |   1.895282 |   1.895280 |    1.895281 |    1.895246 |    1.895277 |    1.895217 |    1.895215 |    1.895280 |    1.895285 |    1.895303 |    1.895283 |    1.895283 |    1.895243 |    1.895226 |    1.895302 |    1.895289 |
|     call count    |          1 |          1 |          1 |          1 |          1 |          1 |          1 |          1 |          1 |          1 |           1 |           1 |           1 |           1 |           1 |           1 |           1 |           1 |           1 |           1 |           1 |           1 |           1 |           1 |
+-------------------+------------+------------+------------+------------+------------+------------+------------+------------+------------+------------+-------------+-------------+-------------+-------------+-------------+-------------+-------------+-------------+-------------+-------------+-------------+-------------+-------------+-------------+

+-------------------------------+---------+------------+------------+------------+------------+------------+------------+------------+------------+------------+------------+-------------+-------------+-------------+-------------+-------------+-------------+-------------+-------------+-------------+-------------+-------------+-------------+-------------+-------------+
|             Event             | Counter | HWThread 0 | HWThread 1 | HWThread 2 | HWThread 3 | HWThread 4 | HWThread 5 | HWThread 6 | HWThread 7 | HWThread 8 | HWThread 9 | HWThread 10 | HWThread 11 | HWThread 12 | HWThread 13 | HWThread 14 | HWThread 15 | HWThread 16 | HWThread 17 | HWThread 18 | HWThread 19 | HWThread 20 | HWThread 21 | HWThread 22 | HWThread 23 |
+-------------------------------+---------+------------+------------+------------+------------+------------+------------+------------+------------+------------+------------+-------------+-------------+-------------+-------------+-------------+-------------+-------------+-------------+-------------+-------------+-------------+-------------+-------------+-------------+
|        ACTUAL_CPU_CLOCK       |  FIXC1  | 3601700000 | 3601700000 | 3601696000 | 3601721000 | 3601610000 | 3601696000 | 3601619000 | 3601698000 | 3601691000 | 3601696000 |  3601629000 |  3601692000 |  3601689000 |  3601632000 |  3601619000 |  3601685000 |  3601624000 |  3601629000 |  3601703000 |  3601679000 |  3601703000 |  3601694000 |  3601666000 |  3601698000 |
|         MAX_CPU_CLOCK         |  FIXC2  | 4549555000 | 4549540000 | 4549494000 | 4549608000 | 4549395000 | 4549501000 | 4549412000 | 4549543000 | 4549524000 | 4549546000 |  4549400000 |  4549542000 |  4549539000 |  4549418000 |  4549414000 |  4549475000 |  4549416000 |  4549429000 |  4549520000 |  4549496000 |  4549553000 |  4549523000 |  4549488000 |  4549532000 |
|      RETIRED_INSTRUCTIONS     |   PMC0  | 9012661000 | 9055973000 | 9049608000 | 9062390000 | 9049327000 | 9044383000 | 9048811000 | 9050470000 | 9048797000 | 9061537000 |  9048792000 |  9062568000 |  9049006000 |  9059142000 |  9049021000 |  9062539000 |  9049087000 |  9062572000 |  9049113000 |  9061912000 |  9048477000 |  9046650000 |  9049034000 |  9043441000 |
|      CPU_CLOCKS_UNHALTED      |   PMC1  | 3572305000 | 3577162000 | 3576559000 | 3576897000 | 3576352000 | 3576743000 | 3576260000 | 3574758000 | 3575824000 | 3575840000 |  3575674000 |  3576261000 |  3575642000 |  3576563000 |  3575838000 |  3576292000 |  3576123000 |  3576367000 |  3576256000 |  3576892000 |  3575812000 |  3576335000 |  3576418000 |  3577455000 |
| REQUESTS_TO_L2_GRP1_ALL_NO_PF |   PMC2  |  820047000 |  819663600 |  819783600 |  819738800 |  819776100 |  819705200 |  819730600 |  820122400 |  819781000 |  819805800 |   819776600 |   819752800 |   819765400 |   819812000 |   819738800 |   819714100 |   819769500 |   819785700 |   819793300 |   819706400 |   819776100 |   819714400 |   819722100 |   819686600 |
|        L2_PF_HIT_IN_L2        |   PMC3  | 1157556000 | 1543287000 | 1600221000 | 1670800000 | 1609941000 | 1631397000 | 1589991000 | 1657245000 | 1596129000 | 1641236000 |  1594678000 |  1659777000 |  1564454000 |  1660023000 |  1608297000 |  1671320000 |  1574399000 |  1618335000 |  1590601000 |  1650534000 |  1598511000 |  1646544000 |  1542099000 |  1295136000 |
+-------------------------------+---------+------------+------------+------------+------------+------------+------------+------------+------------+------------+------------+-------------+-------------+-------------+-------------+-------------+-------------+-------------+-------------+-------------+-------------+-------------+-------------+-------------+-------------+

+------------------------------------+---------+--------------+------------+------------+--------------+
|                Event               | Counter |      Sum     |     Min    |     Max    |      Avg     |
+------------------------------------+---------+--------------+------------+------------+--------------+
|        ACTUAL_CPU_CLOCK STAT       |  FIXC1  |  86440169000 | 3601610000 | 3601721000 | 3.601674e+09 |
|         MAX_CPU_CLOCK STAT         |  FIXC2  | 109187863000 | 4549395000 | 4549608000 | 4.549494e+09 |
|      RETIRED_INSTRUCTIONS STAT     |   PMC0  | 217225311000 | 9012661000 | 9062572000 |   9051054625 |
|      CPU_CLOCKS_UNHALTED STAT      |   PMC1  |  85826628000 | 3572305000 | 3577455000 |   3576109500 |
| REQUESTS_TO_L2_GRP1_ALL_NO_PF STAT |   PMC2  |  19674667900 |  819663600 |  820122400 | 8.197778e+08 |
|        L2_PF_HIT_IN_L2 STAT        |   PMC3  |  37972511000 | 1157556000 | 1671320000 | 1.582188e+09 |
+------------------------------------+---------+--------------+------------+------------+--------------+

+-------------------------------+------------+------------+------------+------------+------------+------------+------------+------------+------------+------------+-------------+-------------+-------------+-------------+-------------+-------------+-------------+-------------+-------------+-------------+-------------+-------------+-------------+-------------+
|             Metric            | HWThread 0 | HWThread 1 | HWThread 2 | HWThread 3 | HWThread 4 | HWThread 5 | HWThread 6 | HWThread 7 | HWThread 8 | HWThread 9 | HWThread 10 | HWThread 11 | HWThread 12 | HWThread 13 | HWThread 14 | HWThread 15 | HWThread 16 | HWThread 17 | HWThread 18 | HWThread 19 | HWThread 20 | HWThread 21 | HWThread 22 | HWThread 23 |
+-------------------------------+------------+------------+------------+------------+------------+------------+------------+------------+------------+------------+-------------+-------------+-------------+-------------+-------------+-------------+-------------+-------------+-------------+-------------+-------------+-------------+-------------+-------------+
|      Runtime (RDTSC) [s]      |     1.8953 |     1.8953 |     1.8953 |     1.8953 |     1.8953 |     1.8953 |     1.8952 |     1.8953 |     1.8953 |     1.8953 |      1.8953 |      1.8952 |      1.8953 |      1.8952 |      1.8952 |      1.8953 |      1.8953 |      1.8953 |      1.8953 |      1.8953 |      1.8952 |      1.8952 |      1.8953 |      1.8953 |
|      Runtime unhalted [s]     |     1.5007 |     1.5007 |     1.5007 |     1.5007 |     1.5007 |     1.5007 |     1.5007 |     1.5007 |     1.5007 |     1.5007 |      1.5007 |      1.5007 |      1.5007 |      1.5007 |      1.5007 |      1.5007 |      1.5007 |      1.5007 |      1.5007 |      1.5007 |      1.5007 |      1.5007 |      1.5007 |      1.5007 |
|          Clock [MHz]          |  1899.9686 |  1899.9749 |  1899.9920 |  1899.9576 |  1899.9880 |  1899.9891 |  1899.9856 |  1899.9726 |  1899.9768 |  1899.9703 |   1899.9959 |   1899.9698 |   1899.9695 |   1899.9900 |   1899.9848 |   1899.9941 |   1899.9866 |   1899.9838 |   1899.9848 |   1899.9822 |   1899.9710 |   1899.9788 |   1899.9787 |   1899.9772 |
|              CPI              |     0.3964 |     0.3950 |     0.3952 |     0.3947 |     0.3952 |     0.3955 |     0.3952 |     0.3950 |     0.3952 |     0.3946 |      0.3952 |      0.3946 |      0.3951 |      0.3948 |      0.3952 |      0.3946 |      0.3952 |      0.3946 |      0.3952 |      0.3947 |      0.3952 |      0.3953 |      0.3952 |      0.3956 |
|    L2 bandwidth [MBytes/s]    | 27691.0619 | 27678.4658 | 27682.8247 | 27680.4210 | 27682.4984 | 27679.8414 | 27681.7069 | 27693.9586 | 27682.4156 | 27683.2823 |  27682.2816 |  27681.9891 |  27681.9618 |  27684.4119 |  27681.9692 |  27680.1857 |  27681.9834 |  27682.2676 |  27682.8163 |  27679.8819 |  27682.8198 |  27680.9845 |  27680.1346 |  27679.1257 |
|    L2 data volume [GBytes]    |    52.4830 |    52.4585 |    52.4662 |    52.4633 |    52.4657 |    52.4611 |    52.4628 |    52.4878 |    52.4660 |    52.4676 |     52.4657 |     52.4642 |     52.4650 |     52.4680 |     52.4633 |     52.4617 |     52.4652 |     52.4663 |     52.4668 |     52.4612 |     52.4657 |     52.4617 |     52.4622 |     52.4599 |
| Prefetch bandwidth [MBytes/s] | 39087.9484 | 52113.8385 | 54036.9891 | 56418.5170 | 54365.0751 | 55089.0859 | 53692.8410 | 55961.9814 | 53898.1830 | 55421.4174 |  53849.2139 |  56048.5172 |  52828.7190 |  56057.6820 |  54310.9927 |  56437.2969 |  53164.3188 |  54647.4310 |  53711.4848 |  55735.3050 |  53979.7292 |  55602.2427 |  52073.1451 |  43734.0712 |
| Prefetch data volume [GBytes] |    74.0836 |    98.7704 |   102.4141 |   106.9312 |   103.0362 |   104.4094 |   101.7594 |   106.0637 |   102.1523 |   105.0391 |    102.0594 |    106.2257 |    100.1251 |    106.2415 |    102.9310 |    106.9645 |    100.7615 |    103.5734 |    101.7985 |    105.6342 |    102.3047 |    105.3788 |     98.6943 |     82.8887 |
+-------------------------------+------------+------------+------------+------------+------------+------------+------------+------------+------------+------------+-------------+-------------+-------------+-------------+-------------+-------------+-------------+-------------+-------------+-------------+-------------+-------------+-------------+-------------+

+------------------------------------+--------------+------------+------------+------------+
|               Metric               |      Sum     |     Min    |     Max    |     Avg    |
+------------------------------------+--------------+------------+------------+------------+
|      Runtime (RDTSC) [s] STAT      |      45.4866 |     1.8952 |     1.8953 |     1.8953 |
|      Runtime unhalted [s] STAT     |      36.0168 |     1.5007 |     1.5007 |     1.5007 |
|          Clock [MHz] STAT          |   45599.5227 |  1899.9576 |  1899.9959 |  1899.9801 |
|              CPI STAT              |       9.4825 |     0.3946 |     0.3964 |     0.3951 |
|    L2 bandwidth [MBytes/s] STAT    |  664379.2897 | 27678.4658 | 27693.9586 | 27682.4704 |
|    L2 data volume [GBytes] STAT    |    1259.1789 |    52.4585 |    52.4878 |    52.4658 |
| Prefetch bandwidth [MBytes/s] STAT | 1.282266e+06 | 39087.9484 | 56437.2969 | 53427.7511 |
| Prefetch data volume [GBytes] STAT |    2430.2407 |    74.0836 |   106.9645 |   101.2600 |
+------------------------------------+--------------+------------+------------+------------+

INFO: You are running LIKWID in a cpuset with 48 CPUs. Taking given IDs as logical ID in cpuset
