INFO: You are running LIKWID in a cpuset with 192 CPUs. Taking given IDs as logical ID in cpuset
--------------------------------------------------------------------------------
CPU name:	AMD EPYC 9654 96-Core Processor                
CPU type:	AMD K19 (Zen4) architecture
CPU clock:	2.40 GHz
--------------------------------------------------------------------------------
Allocate: Process running on hwthread 0 (Domain N) - Vector length 12000000/48000000 Offset 0 Alignment 1024
Initialization: Each thread in domain initializes its own stream chunks
--------------------------------------------------------------------------------
LIKWID MICRO BENCHMARK
Test: peakflops_sp
--------------------------------------------------------------------------------
Using 1 work groups
Using 96 threads
--------------------------------------------------------------------------------
Using Likwid Marker API
--------------------------------------------------------------------------------
Group: 0 Thread 0 Global Thread 0 running on hwthread 0 - Vector length 125000 Offset 0
Group: 0 Thread 1 Global Thread 1 running on hwthread 1 - Vector length 125000 Offset 125000
Group: 0 Thread 2 Global Thread 2 running on hwthread 2 - Vector length 125000 Offset 250000
Group: 0 Thread 3 Global Thread 3 running on hwthread 3 - Vector length 125000 Offset 375000
Group: 0 Thread 4 Global Thread 4 running on hwthread 4 - Vector length 125000 Offset 500000
Group: 0 Thread 5 Global Thread 5 running on hwthread 5 - Vector length 125000 Offset 625000
Group: 0 Thread 6 Global Thread 6 running on hwthread 6 - Vector length 125000 Offset 750000
Group: 0 Thread 7 Global Thread 7 running on hwthread 7 - Vector length 125000 Offset 875000
Group: 0 Thread 8 Global Thread 8 running on hwthread 8 - Vector length 125000 Offset 1000000
Group: 0 Thread 9 Global Thread 9 running on hwthread 9 - Vector length 125000 Offset 1125000
Group: 0 Thread 10 Global Thread 10 running on hwthread 10 - Vector length 125000 Offset 1250000
Group: 0 Thread 11 Global Thread 11 running on hwthread 11 - Vector length 125000 Offset 1375000
Group: 0 Thread 12 Global Thread 12 running on hwthread 12 - Vector length 125000 Offset 1500000
Group: 0 Thread 13 Global Thread 13 running on hwthread 13 - Vector length 125000 Offset 1625000
Group: 0 Thread 14 Global Thread 14 running on hwthread 14 - Vector length 125000 Offset 1750000
Group: 0 Thread 15 Global Thread 15 running on hwthread 15 - Vector length 125000 Offset 1875000
Group: 0 Thread 16 Global Thread 16 running on hwthread 16 - Vector length 125000 Offset 2000000
Group: 0 Thread 17 Global Thread 17 running on hwthread 17 - Vector length 125000 Offset 2125000
Group: 0 Thread 18 Global Thread 18 running on hwthread 18 - Vector length 125000 Offset 2250000
Group: 0 Thread 19 Global Thread 19 running on hwthread 19 - Vector length 125000 Offset 2375000
Group: 0 Thread 20 Global Thread 20 running on hwthread 20 - Vector length 125000 Offset 2500000
Group: 0 Thread 21 Global Thread 21 running on hwthread 21 - Vector length 125000 Offset 2625000
Group: 0 Thread 22 Global Thread 22 running on hwthread 22 - Vector length 125000 Offset 2750000
Group: 0 Thread 23 Global Thread 23 running on hwthread 23 - Vector length 125000 Offset 2875000
Group: 0 Thread 24 Global Thread 24 running on hwthread 24 - Vector length 125000 Offset 3000000
Group: 0 Thread 25 Global Thread 25 running on hwthread 25 - Vector length 125000 Offset 3125000
Group: 0 Thread 26 Global Thread 26 running on hwthread 26 - Vector length 125000 Offset 3250000
Group: 0 Thread 27 Global Thread 27 running on hwthread 27 - Vector length 125000 Offset 3375000
Group: 0 Thread 28 Global Thread 28 running on hwthread 28 - Vector length 125000 Offset 3500000
Group: 0 Thread 29 Global Thread 29 running on hwthread 29 - Vector length 125000 Offset 3625000
Group: 0 Thread 30 Global Thread 30 running on hwthread 30 - Vector length 125000 Offset 3750000
Group: 0 Thread 31 Global Thread 31 running on hwthread 31 - Vector length 125000 Offset 3875000
Group: 0 Thread 32 Global Thread 32 running on hwthread 32 - Vector length 125000 Offset 4000000
Group: 0 Thread 33 Global Thread 33 running on hwthread 33 - Vector length 125000 Offset 4125000
Group: 0 Thread 34 Global Thread 34 running on hwthread 34 - Vector length 125000 Offset 4250000
Group: 0 Thread 35 Global Thread 35 running on hwthread 35 - Vector length 125000 Offset 4375000
Group: 0 Thread 36 Global Thread 36 running on hwthread 36 - Vector length 125000 Offset 4500000
Group: 0 Thread 37 Global Thread 37 running on hwthread 37 - Vector length 125000 Offset 4625000
Group: 0 Thread 38 Global Thread 38 running on hwthread 38 - Vector length 125000 Offset 4750000
Group: 0 Thread 39 Global Thread 39 running on hwthread 39 - Vector length 125000 Offset 4875000
Group: 0 Thread 40 Global Thread 40 running on hwthread 40 - Vector length 125000 Offset 5000000
Group: 0 Thread 41 Global Thread 41 running on hwthread 41 - Vector length 125000 Offset 5125000
Group: 0 Thread 42 Global Thread 42 running on hwthread 42 - Vector length 125000 Offset 5250000
Group: 0 Thread 43 Global Thread 43 running on hwthread 43 - Vector length 125000 Offset 5375000
Group: 0 Thread 44 Global Thread 44 running on hwthread 44 - Vector length 125000 Offset 5500000
Group: 0 Thread 45 Global Thread 45 running on hwthread 45 - Vector length 125000 Offset 5625000
Group: 0 Thread 46 Global Thread 46 running on hwthread 46 - Vector length 125000 Offset 5750000
Group: 0 Thread 47 Global Thread 47 running on hwthread 47 - Vector length 125000 Offset 5875000
Group: 0 Thread 48 Global Thread 48 running on hwthread 48 - Vector length 125000 Offset 6000000
Group: 0 Thread 49 Global Thread 49 running on hwthread 49 - Vector length 125000 Offset 6125000
Group: 0 Thread 50 Global Thread 50 running on hwthread 50 - Vector length 125000 Offset 6250000
Group: 0 Thread 51 Global Thread 51 running on hwthread 51 - Vector length 125000 Offset 6375000
Group: 0 Thread 52 Global Thread 52 running on hwthread 52 - Vector length 125000 Offset 6500000
Group: 0 Thread 53 Global Thread 53 running on hwthread 53 - Vector length 125000 Offset 6625000
Group: 0 Thread 54 Global Thread 54 running on hwthread 54 - Vector length 125000 Offset 6750000
Group: 0 Thread 55 Global Thread 55 running on hwthread 55 - Vector length 125000 Offset 6875000
Group: 0 Thread 56 Global Thread 56 running on hwthread 56 - Vector length 125000 Offset 7000000
Group: 0 Thread 57 Global Thread 57 running on hwthread 57 - Vector length 125000 Offset 7125000
Group: 0 Thread 58 Global Thread 58 running on hwthread 58 - Vector length 125000 Offset 7250000
Group: 0 Thread 59 Global Thread 59 running on hwthread 59 - Vector length 125000 Offset 7375000
Group: 0 Thread 60 Global Thread 60 running on hwthread 60 - Vector length 125000 Offset 7500000
Group: 0 Thread 61 Global Thread 61 running on hwthread 61 - Vector length 125000 Offset 7625000
Group: 0 Thread 62 Global Thread 62 running on hwthread 62 - Vector length 125000 Offset 7750000
Group: 0 Thread 63 Global Thread 63 running on hwthread 63 - Vector length 125000 Offset 7875000
Group: 0 Thread 64 Global Thread 64 running on hwthread 64 - Vector length 125000 Offset 8000000
Group: 0 Thread 65 Global Thread 65 running on hwthread 65 - Vector length 125000 Offset 8125000
Group: 0 Thread 66 Global Thread 66 running on hwthread 66 - Vector length 125000 Offset 8250000
Group: 0 Thread 67 Global Thread 67 running on hwthread 67 - Vector length 125000 Offset 8375000
Group: 0 Thread 68 Global Thread 68 running on hwthread 68 - Vector length 125000 Offset 8500000
Group: 0 Thread 69 Global Thread 69 running on hwthread 69 - Vector length 125000 Offset 8625000
Group: 0 Thread 70 Global Thread 70 running on hwthread 70 - Vector length 125000 Offset 8750000
Group: 0 Thread 71 Global Thread 71 running on hwthread 71 - Vector length 125000 Offset 8875000
Group: 0 Thread 72 Global Thread 72 running on hwthread 72 - Vector length 125000 Offset 9000000
Group: 0 Thread 73 Global Thread 73 running on hwthread 73 - Vector length 125000 Offset 9125000
Group: 0 Thread 74 Global Thread 74 running on hwthread 74 - Vector length 125000 Offset 9250000
Group: 0 Thread 75 Global Thread 75 running on hwthread 75 - Vector length 125000 Offset 9375000
Group: 0 Thread 76 Global Thread 76 running on hwthread 76 - Vector length 125000 Offset 9500000
Group: 0 Thread 77 Global Thread 77 running on hwthread 77 - Vector length 125000 Offset 9625000
Group: 0 Thread 78 Global Thread 78 running on hwthread 78 - Vector length 125000 Offset 9750000
Group: 0 Thread 79 Global Thread 79 running on hwthread 79 - Vector length 125000 Offset 9875000
Group: 0 Thread 80 Global Thread 80 running on hwthread 80 - Vector length 125000 Offset 10000000
Group: 0 Thread 81 Global Thread 81 running on hwthread 81 - Vector length 125000 Offset 10125000
Group: 0 Thread 82 Global Thread 82 running on hwthread 82 - Vector length 125000 Offset 10250000
Group: 0 Thread 83 Global Thread 83 running on hwthread 83 - Vector length 125000 Offset 10375000
Group: 0 Thread 84 Global Thread 84 running on hwthread 84 - Vector length 125000 Offset 10500000
Group: 0 Thread 85 Global Thread 85 running on hwthread 85 - Vector length 125000 Offset 10625000
Group: 0 Thread 86 Global Thread 86 running on hwthread 86 - Vector length 125000 Offset 10750000
Group: 0 Thread 87 Global Thread 87 running on hwthread 87 - Vector length 125000 Offset 10875000
Group: 0 Thread 88 Global Thread 88 running on hwthread 88 - Vector length 125000 Offset 11000000
Group: 0 Thread 89 Global Thread 89 running on hwthread 89 - Vector length 125000 Offset 11125000
Group: 0 Thread 90 Global Thread 90 running on hwthread 90 - Vector length 125000 Offset 11250000
Group: 0 Thread 91 Global Thread 91 running on hwthread 91 - Vector length 125000 Offset 11375000
Group: 0 Thread 92 Global Thread 92 running on hwthread 92 - Vector length 125000 Offset 11500000
Group: 0 Thread 93 Global Thread 93 running on hwthread 93 - Vector length 125000 Offset 11625000
Group: 0 Thread 94 Global Thread 94 running on hwthread 94 - Vector length 125000 Offset 11750000
Group: 0 Thread 95 Global Thread 95 running on hwthread 95 - Vector length 125000 Offset 11875000
--------------------------------------------------------------------------------
Cycles:			4797943248
CPU Clock:		2399367140
Cycle Clock:		2399367140
Time:			1.999670e+00 sec
Iterations:		480000
Iterations per thread:	5000
Inner loop executions:	125000
Size (Byte):		48000000
Size per thread:	500000
Number of Flops:	960000000000
MFlops/s:		480079.14
Data volume (Byte):	240000000000
MByte/s:		120019.78
Cycles per update:	0.079966
Cycles per cacheline:	1.279452
Loads per update:	1
Stores per update:	0
Load bytes per element:	4
Store bytes per elem.:	0
Instructions:		1200000000032
UOPs:			1140000000000
--------------------------------------------------------------------------------
Writing Likwid Marker API results to file /tmp/likwid_764132.txt
--------------------------------------------------------------------------------
Region bench, Group 1: FLOPS_SP
+-------------------+------------+------------+------------+------------+------------+------------+------------+------------+------------+------------+-------------+-------------+-------------+-------------+-------------+-------------+-------------+-------------+-------------+-------------+-------------+-------------+-------------+-------------+-------------+-------------+-------------+-------------+-------------+-------------+-------------+-------------+-------------+-------------+-------------+-------------+-------------+-------------+-------------+-------------+-------------+-------------+-------------+-------------+-------------+-------------+-------------+-------------+-------------+-------------+-------------+-------------+-------------+-------------+-------------+-------------+-------------+-------------+-------------+-------------+-------------+-------------+-------------+-------------+-------------+-------------+-------------+-------------+-------------+-------------+-------------+-------------+-------------+-------------+-------------+-------------+-------------+-------------+-------------+-------------+-------------+-------------+-------------+-------------+-------------+-------------+-------------+-------------+-------------+-------------+-------------+-------------+-------------+-------------+-------------+-------------+
|    Region Info    | HWThread 0 | HWThread 1 | HWThread 2 | HWThread 3 | HWThread 4 | HWThread 5 | HWThread 6 | HWThread 7 | HWThread 8 | HWThread 9 | HWThread 10 | HWThread 11 | HWThread 12 | HWThread 13 | HWThread 14 | HWThread 15 | HWThread 16 | HWThread 17 | HWThread 18 | HWThread 19 | HWThread 20 | HWThread 21 | HWThread 22 | HWThread 23 | HWThread 24 | HWThread 25 | HWThread 26 | HWThread 27 | HWThread 28 | HWThread 29 | HWThread 30 | HWThread 31 | HWThread 32 | HWThread 33 | HWThread 34 | HWThread 35 | HWThread 36 | HWThread 37 | HWThread 38 | HWThread 39 | HWThread 40 | HWThread 41 | HWThread 42 | HWThread 43 | HWThread 44 | HWThread 45 | HWThread 46 | HWThread 47 | HWThread 48 | HWThread 49 | HWThread 50 | HWThread 51 | HWThread 52 | HWThread 53 | HWThread 54 | HWThread 55 | HWThread 56 | HWThread 57 | HWThread 58 | HWThread 59 | HWThread 60 | HWThread 61 | HWThread 62 | HWThread 63 | HWThread 64 | HWThread 65 | HWThread 66 | HWThread 67 | HWThread 68 | HWThread 69 | HWThread 70 | HWThread 71 | HWThread 72 | HWThread 73 | HWThread 74 | HWThread 75 | HWThread 76 | HWThread 77 | HWThread 78 | HWThread 79 | HWThread 80 | HWThread 81 | HWThread 82 | HWThread 83 | HWThread 84 | HWThread 85 | HWThread 86 | HWThread 87 | HWThread 88 | HWThread 89 | HWThread 90 | HWThread 91 | HWThread 92 | HWThread 93 | HWThread 94 | HWThread 95 |
+-------------------+------------+------------+------------+------------+------------+------------+------------+------------+------------+------------+-------------+-------------+-------------+-------------+-------------+-------------+-------------+-------------+-------------+-------------+-------------+-------------+-------------+-------------+-------------+-------------+-------------+-------------+-------------+-------------+-------------+-------------+-------------+-------------+-------------+-------------+-------------+-------------+-------------+-------------+-------------+-------------+-------------+-------------+-------------+-------------+-------------+-------------+-------------+-------------+-------------+-------------+-------------+-------------+-------------+-------------+-------------+-------------+-------------+-------------+-------------+-------------+-------------+-------------+-------------+-------------+-------------+-------------+-------------+-------------+-------------+-------------+-------------+-------------+-------------+-------------+-------------+-------------+-------------+-------------+-------------+-------------+-------------+-------------+-------------+-------------+-------------+-------------+-------------+-------------+-------------+-------------+-------------+-------------+-------------+-------------+
| RDTSC Runtime [s] |   1.999451 |   1.999391 |   1.999433 |   1.999304 |   1.999442 |   1.999393 |   1.999394 |   1.999306 |   1.999320 |   1.999317 |    1.999395 |    1.999452 |    1.999435 |    1.999366 |    1.999371 |    1.999348 |    1.999308 |    1.999359 |    1.999439 |    1.999271 |    1.999396 |    1.999430 |    1.999308 |    1.999383 |    1.999671 |    1.999409 |    1.999452 |    1.999305 |    1.999392 |    1.999534 |    1.999390 |    1.999457 |    1.999366 |    1.999450 |    1.999449 |    1.999528 |    1.999308 |    1.999303 |    1.999535 |    1.999569 |    1.999339 |    1.999366 |    1.999484 |    1.999359 |    1.999303 |    1.999439 |    1.999392 |    1.999539 |    1.999458 |    1.999434 |    1.999530 |    1.999448 |    1.999527 |    1.999533 |    1.999302 |    1.999539 |    1.999267 |    1.999449 |    1.999541 |    1.999388 |    1.999317 |    1.999548 |    1.999454 |    1.999450 |    1.999463 |    1.999328 |    1.999516 |    1.999442 |    1.999518 |    1.999529 |    1.999449 |    1.999454 |    1.999301 |    1.999303 |    1.999538 |    1.999303 |    1.999300 |    1.999600 |    1.999555 |    1.999516 |    1.999548 |    1.999536 |    1.999435 |    1.999363 |    1.999325 |    1.999347 |    1.999416 |    1.999574 |    1.999544 |    1.999430 |    1.999268 |    1.999538 |    1.999385 |    1.999450 |    1.999364 |    1.999362 |
|     call count    |          1 |          1 |          1 |          1 |          1 |          1 |          1 |          1 |          1 |          1 |           1 |           1 |           1 |           1 |           1 |           1 |           1 |           1 |           1 |           1 |           1 |           1 |           1 |           1 |           1 |           1 |           1 |           1 |           1 |           1 |           1 |           1 |           1 |           1 |           1 |           1 |           1 |           1 |           1 |           1 |           1 |           1 |           1 |           1 |           1 |           1 |           1 |           1 |           1 |           1 |           1 |           1 |           1 |           1 |           1 |           1 |           1 |           1 |           1 |           1 |           1 |           1 |           1 |           1 |           1 |           1 |           1 |           1 |           1 |           1 |           1 |           1 |           1 |           1 |           1 |           1 |           1 |           1 |           1 |           1 |           1 |           1 |           1 |           1 |           1 |           1 |           1 |           1 |           1 |           1 |           1 |           1 |           1 |           1 |           1 |           1 |
+-------------------+------------+------------+------------+------------+------------+------------+------------+------------+------------+------------+-------------+-------------+-------------+-------------+-------------+-------------+-------------+-------------+-------------+-------------+-------------+-------------+-------------+-------------+-------------+-------------+-------------+-------------+-------------+-------------+-------------+-------------+-------------+-------------+-------------+-------------+-------------+-------------+-------------+-------------+-------------+-------------+-------------+-------------+-------------+-------------+-------------+-------------+-------------+-------------+-------------+-------------+-------------+-------------+-------------+-------------+-------------+-------------+-------------+-------------+-------------+-------------+-------------+-------------+-------------+-------------+-------------+-------------+-------------+-------------+-------------+-------------+-------------+-------------+-------------+-------------+-------------+-------------+-------------+-------------+-------------+-------------+-------------+-------------+-------------+-------------+-------------+-------------+-------------+-------------+-------------+-------------+-------------+-------------+-------------+-------------+

+---------------------------+---------+-------------+-------------+-------------+-------------+-------------+-------------+-------------+-------------+-------------+-------------+-------------+-------------+-------------+-------------+-------------+-------------+-------------+-------------+-------------+-------------+-------------+-------------+-------------+-------------+-------------+-------------+-------------+-------------+-------------+-------------+-------------+-------------+-------------+-------------+-------------+-------------+-------------+-------------+-------------+-------------+-------------+-------------+-------------+-------------+-------------+-------------+-------------+-------------+-------------+-------------+-------------+-------------+-------------+-------------+-------------+-------------+-------------+-------------+-------------+-------------+-------------+-------------+-------------+-------------+-------------+-------------+-------------+-------------+-------------+-------------+-------------+-------------+-------------+-------------+-------------+-------------+-------------+-------------+-------------+-------------+-------------+-------------+-------------+-------------+-------------+-------------+-------------+-------------+-------------+-------------+-------------+-------------+-------------+-------------+-------------+-------------+
|           Event           | Counter |  HWThread 0 |  HWThread 1 |  HWThread 2 |  HWThread 3 |  HWThread 4 |  HWThread 5 |  HWThread 6 |  HWThread 7 |  HWThread 8 |  HWThread 9 | HWThread 10 | HWThread 11 | HWThread 12 | HWThread 13 | HWThread 14 | HWThread 15 | HWThread 16 | HWThread 17 | HWThread 18 | HWThread 19 | HWThread 20 | HWThread 21 | HWThread 22 | HWThread 23 | HWThread 24 | HWThread 25 | HWThread 26 | HWThread 27 | HWThread 28 | HWThread 29 | HWThread 30 | HWThread 31 | HWThread 32 | HWThread 33 | HWThread 34 | HWThread 35 | HWThread 36 | HWThread 37 | HWThread 38 | HWThread 39 | HWThread 40 | HWThread 41 | HWThread 42 | HWThread 43 | HWThread 44 | HWThread 45 | HWThread 46 | HWThread 47 | HWThread 48 | HWThread 49 | HWThread 50 | HWThread 51 | HWThread 52 | HWThread 53 | HWThread 54 | HWThread 55 | HWThread 56 | HWThread 57 | HWThread 58 | HWThread 59 | HWThread 60 | HWThread 61 | HWThread 62 | HWThread 63 | HWThread 64 | HWThread 65 | HWThread 66 | HWThread 67 | HWThread 68 | HWThread 69 | HWThread 70 | HWThread 71 | HWThread 72 | HWThread 73 | HWThread 74 | HWThread 75 | HWThread 76 | HWThread 77 | HWThread 78 | HWThread 79 | HWThread 80 | HWThread 81 | HWThread 82 | HWThread 83 | HWThread 84 | HWThread 85 | HWThread 86 | HWThread 87 | HWThread 88 | HWThread 89 | HWThread 90 | HWThread 91 | HWThread 92 | HWThread 93 | HWThread 94 | HWThread 95 |
+---------------------------+---------+-------------+-------------+-------------+-------------+-------------+-------------+-------------+-------------+-------------+-------------+-------------+-------------+-------------+-------------+-------------+-------------+-------------+-------------+-------------+-------------+-------------+-------------+-------------+-------------+-------------+-------------+-------------+-------------+-------------+-------------+-------------+-------------+-------------+-------------+-------------+-------------+-------------+-------------+-------------+-------------+-------------+-------------+-------------+-------------+-------------+-------------+-------------+-------------+-------------+-------------+-------------+-------------+-------------+-------------+-------------+-------------+-------------+-------------+-------------+-------------+-------------+-------------+-------------+-------------+-------------+-------------+-------------+-------------+-------------+-------------+-------------+-------------+-------------+-------------+-------------+-------------+-------------+-------------+-------------+-------------+-------------+-------------+-------------+-------------+-------------+-------------+-------------+-------------+-------------+-------------+-------------+-------------+-------------+-------------+-------------+-------------+
|      ACTUAL_CPU_CLOCK     |  FIXC1  |  3799847000 |  3799537000 |  3799724000 |  3799805000 |  3799794000 |  3799446000 |  3799505000 |  3799815000 |  3799829000 |  3799838000 |  3799821000 |  3799833000 |  3799689000 |  3799815000 |  3799831000 |  3799840000 |  3799569000 |  3799832000 |  3799682000 |  3799537000 |  3799340000 |  3799846000 |  3799839000 |  3799834000 |  3800074000 |  3800054000 |  3800247000 |  3800293000 |  3800339000 |  3800353000 |  3800340000 |  3800335000 |  3799672000 |  3799791000 |  3799736000 |  3800095000 |  3800040000 |  3799799000 |  3800164000 |  3799968000 |  3799318000 |  3799820000 |  3799590000 |  3799695000 |  3799495000 |  3799522000 |  3800065000 |  3799814000 |  3799938000 |  3800053000 |  3800087000 |  3799819000 |  3800166000 |  3799856000 |  3799935000 |  3800130000 |  3799299000 |  3799560000 |  3799763000 |  3799428000 |  3799575000 |  3799885000 |  3799558000 |  3799498000 |  3799668000 |  3799551000 |  3800163000 |  3800084000 |  3800150000 |  3799887000 |  3799765000 |  3800044000 |  3799499000 |  3799508000 |  3799609000 |  3799488000 |  3799484000 |  3799617000 |  3799521000 |  3799613000 |  3799693000 |  3799716000 |  3799546000 |  3799896000 |  3799523000 |  3799580000 |  3800034000 |  3799880000 |  3800071000 |  3799825000 |  3799312000 |  3800157000 |  3799505000 |  3799798000 |  3799548000 |  3799329000 |
|       MAX_CPU_CLOCK       |  FIXC2  |  4799784000 |  4799446000 |  4799612000 |  4799620000 |  4799721000 |  4799339000 |  4799090000 |  4799752000 |  4799922000 |  4799992000 |  4799731000 |  4800021000 |  4799632000 |  4799517000 |  4799662000 |  4799945000 |  4799156000 |  4800004000 |  4799608000 |  4799114000 |  4799531000 |  4800038000 |  4799896000 |  4799798000 |  4800146000 |  4799736000 |  4800304000 |  4799981000 |  4800280000 |  4800193000 |  4800263000 |  4800263000 |  4799601000 |  4799742000 |  4799658000 |  4800053000 |  4799934000 |  4799745000 |  4800402000 |  4799631000 |  4799508000 |  4799676000 |  4799830000 |  4799634000 |  4799069000 |  4799446000 |  4800010000 |  4799731000 |  4799731000 |  4799742000 |  4800047000 |  4799766000 |  4800414000 |  4799786000 |  4799727000 |  4800304000 |  4799188000 |  4799512000 |  4799702000 |  4799026000 |  4799169000 |  4799814000 |  4799792000 |  4799410000 |  4799611000 |  4799786000 |  4800374000 |  4800271000 |  4800146000 |  4799812000 |  4799713000 |  4800117000 |  4799762000 |  4799767000 |  4799898000 |  4799778000 |  4799760000 |  4799926000 |  4799803000 |  4799924000 |  4799721000 |  4799786000 |  4799672000 |  4799698000 |  4799740000 |  4799788000 |  4799894000 |  4799855000 |  4800274000 |  4799967000 |  4799180000 |  4800342000 |  4799402000 |  4799735000 |  4799460000 |  4799537000 |
|    RETIRED_INSTRUCTIONS   |   PMC0  | 12502230000 | 12503350000 | 12503160000 | 12502750000 | 12500240000 | 12503320000 | 12503210000 | 12503130000 | 12500960000 | 12502690000 | 12502960000 | 12502590000 | 12502570000 | 12503260000 | 12500970000 | 12502870000 | 12503010000 | 12502230000 | 12503020000 | 12503100000 | 12502870000 | 12502630000 | 12503240000 | 12502950000 | 12503340000 | 12503100000 | 12502560000 | 12503430000 | 12502700000 | 12503110000 | 12501280000 | 12502550000 | 12502970000 | 12502810000 | 12502770000 | 12503120000 | 12502880000 | 12502900000 | 12502750000 | 12503340000 | 12502870000 | 12503030000 | 12502950000 | 12503090000 | 12500920000 | 12501910000 | 12502630000 | 12503060000 | 12503050000 | 12503200000 | 12503200000 | 12503270000 | 12503390000 | 12503310000 | 12502820000 | 12502980000 | 12503020000 | 12503240000 | 12502900000 | 12503230000 | 12503100000 | 12503210000 | 12503140000 | 12502990000 | 12501110000 | 12503300000 | 12503210000 | 12502770000 | 12503350000 | 12503470000 | 12503240000 | 12503070000 | 12503330000 | 12501560000 | 12503300000 | 12501570000 | 12502980000 | 12503350000 | 12502930000 | 12502990000 | 12503060000 | 12503180000 | 12502790000 | 12503020000 | 12503240000 | 12503160000 | 12500760000 | 12502920000 | 12502540000 | 12503130000 | 12502720000 | 12503300000 | 12503560000 | 12500870000 | 12500540000 | 12503560000 |
|    CPU_CLOCKS_UNHALTED    |   PMC1  |  3770120000 |  3775002000 |  3775044000 |  3774583000 |  3774999000 |  3775059000 |  3774885000 |  3774847000 |  3773430000 |  3773662000 |  3773742000 |  3773737000 |  3773806000 |  3773541000 |  3773641000 |  3773435000 |  3773582000 |  3773740000 |  3773896000 |  3773810000 |  3773612000 |  3773972000 |  3773660000 |  3773790000 |  3774224000 |  3773914000 |  3773049000 |  3773869000 |  3773325000 |  3773825000 |  3773697000 |  3773966000 |  3773346000 |  3773737000 |  3773565000 |  3773842000 |  3773290000 |  3773466000 |  3773720000 |  3773533000 |  3773594000 |  3773552000 |  3773699000 |  3773592000 |  3773486000 |  3773650000 |  3773551000 |  3773882000 |  3774482000 |  3774603000 |  3774828000 |  3774547000 |  3774393000 |  3774754000 |  3774074000 |  3774815000 |  3773927000 |  3774523000 |  3774419000 |  3774315000 |  3774099000 |  3774543000 |  3774408000 |  3774382000 |  3775042000 |  3774855000 |  3775054000 |  3774971000 |  3775144000 |  3774887000 |  3774967000 |  3774799000 |  3773817000 |  3774035000 |  3774371000 |  3774136000 |  3773737000 |  3774563000 |  3774526000 |  3774207000 |  3774337000 |  3774413000 |  3774159000 |  3773905000 |  3773861000 |  3773976000 |  3774146000 |  3774160000 |  3774345000 |  3773978000 |  3773764000 |  3774465000 |  3773977000 |  3773930000 |  3773571000 |  3773340000 |
| RETIRED_SSE_AVX_FLOPS_ALL |   PMC2  | 10000000000 | 10000000000 | 10000000000 | 10000000000 | 10000000000 | 10000000000 | 10000000000 | 10000000000 | 10000000000 | 10000000000 | 10000000000 | 10000000000 | 10000000000 | 10000000000 | 10000000000 | 10000000000 | 10000000000 | 10000000000 | 10000000000 | 10000000000 | 10000000000 | 10000000000 | 10000000000 | 10000000000 | 10000000000 | 10000000000 | 10000000000 | 10000000000 | 10000000000 | 10000000000 | 10000000000 | 10000000000 | 10000000000 | 10000000000 | 10000000000 | 10000000000 | 10000000000 | 10000000000 | 10000000000 | 10000000000 | 10000000000 | 10000000000 | 10000000000 | 10000000000 | 10000000000 | 10000000000 | 10000000000 | 10000000000 | 10000000000 | 10000000000 | 10000000000 | 10000000000 | 10000000000 | 10000000000 | 10000000000 | 10000000000 | 10000000000 | 10000000000 | 10000000000 | 10000000000 | 10000000000 | 10000000000 | 10000000000 | 10000000000 | 10000000000 | 10000000000 | 10000000000 | 10000000000 | 10000000000 | 10000000000 | 10000000000 | 10000000000 | 10000000000 | 10000000000 | 10000000000 | 10000000000 | 10000000000 | 10000000000 | 10000000000 | 10000000000 | 10000000000 | 10000000000 | 10000000000 | 10000000000 | 10000000000 | 10000000000 | 10000000000 | 10000000000 | 10000000000 | 10000000000 | 10000000000 | 10000000000 | 10000000000 | 10000000000 | 10000000000 | 10000000000 |
|           MERGE           |   PMC3  |           0 |           0 |           0 |           0 |           0 |           0 |           0 |           0 |           0 |           0 |           0 |           0 |           0 |           0 |           0 |           0 |           0 |           0 |           0 |           0 |           0 |           0 |           0 |           0 |           0 |           0 |           0 |           0 |           0 |           0 |           0 |           0 |           0 |           0 |           0 |           0 |           0 |           0 |           0 |           0 |           0 |           0 |           0 |           0 |           0 |           0 |           0 |           0 |           0 |           0 |           0 |           0 |           0 |           0 |           0 |           0 |           0 |           0 |           0 |           0 |           0 |           0 |           0 |           0 |           0 |           0 |           0 |           0 |           0 |           0 |           0 |           0 |           0 |           0 |           0 |           0 |           0 |           0 |           0 |           0 |           0 |           0 |           0 |           0 |           0 |           0 |           0 |           0 |           0 |           0 |           0 |           0 |           0 |           0 |           0 |           0 |
+---------------------------+---------+-------------+-------------+-------------+-------------+-------------+-------------+-------------+-------------+-------------+-------------+-------------+-------------+-------------+-------------+-------------+-------------+-------------+-------------+-------------+-------------+-------------+-------------+-------------+-------------+-------------+-------------+-------------+-------------+-------------+-------------+-------------+-------------+-------------+-------------+-------------+-------------+-------------+-------------+-------------+-------------+-------------+-------------+-------------+-------------+-------------+-------------+-------------+-------------+-------------+-------------+-------------+-------------+-------------+-------------+-------------+-------------+-------------+-------------+-------------+-------------+-------------+-------------+-------------+-------------+-------------+-------------+-------------+-------------+-------------+-------------+-------------+-------------+-------------+-------------+-------------+-------------+-------------+-------------+-------------+-------------+-------------+-------------+-------------+-------------+-------------+-------------+-------------+-------------+-------------+-------------+-------------+-------------+-------------+-------------+-------------+-------------+

+--------------------------------+---------+---------------+-------------+-------------+--------------+
|              Event             | Counter |      Sum      |     Min     |     Max     |      Avg     |
+--------------------------------+---------+---------------+-------------+-------------+--------------+
|      ACTUAL_CPU_CLOCK STAT     |  FIXC1  |  364779681000 |  3799299000 |  3800353000 | 3.799788e+09 |
|       MAX_CPU_CLOCK STAT       |  FIXC2  |  460778396000 |  4799026000 |  4800414000 | 4.799775e+09 |
|    RETIRED_INSTRUCTIONS STAT   |   PMC0  | 1200267310000 | 12500240000 | 12503560000 | 1.250278e+10 |
|    CPU_CLOCKS_UNHALTED STAT    |   PMC1  |  362309519000 |  3770120000 |  3775144000 | 3.774057e+09 |
| RETIRED_SSE_AVX_FLOPS_ALL STAT |   PMC2  |  960000000000 | 10000000000 | 10000000000 |  10000000000 |
|           MERGE STAT           |   PMC3  |             0 |           0 |           0 |            0 |
+--------------------------------+---------+---------------+-------------+-------------+--------------+

+----------------------+------------+------------+------------+------------+------------+------------+------------+------------+------------+------------+-------------+-------------+-------------+-------------+-------------+-------------+-------------+-------------+-------------+-------------+-------------+-------------+-------------+-------------+-------------+-------------+-------------+-------------+-------------+-------------+-------------+-------------+-------------+-------------+-------------+-------------+-------------+-------------+-------------+-------------+-------------+-------------+-------------+-------------+-------------+-------------+-------------+-------------+-------------+-------------+-------------+-------------+-------------+-------------+-------------+-------------+-------------+-------------+-------------+-------------+-------------+-------------+-------------+-------------+-------------+-------------+-------------+-------------+-------------+-------------+-------------+-------------+-------------+-------------+-------------+-------------+-------------+-------------+-------------+-------------+-------------+-------------+-------------+-------------+-------------+-------------+-------------+-------------+-------------+-------------+-------------+-------------+-------------+-------------+-------------+-------------+
|        Metric        | HWThread 0 | HWThread 1 | HWThread 2 | HWThread 3 | HWThread 4 | HWThread 5 | HWThread 6 | HWThread 7 | HWThread 8 | HWThread 9 | HWThread 10 | HWThread 11 | HWThread 12 | HWThread 13 | HWThread 14 | HWThread 15 | HWThread 16 | HWThread 17 | HWThread 18 | HWThread 19 | HWThread 20 | HWThread 21 | HWThread 22 | HWThread 23 | HWThread 24 | HWThread 25 | HWThread 26 | HWThread 27 | HWThread 28 | HWThread 29 | HWThread 30 | HWThread 31 | HWThread 32 | HWThread 33 | HWThread 34 | HWThread 35 | HWThread 36 | HWThread 37 | HWThread 38 | HWThread 39 | HWThread 40 | HWThread 41 | HWThread 42 | HWThread 43 | HWThread 44 | HWThread 45 | HWThread 46 | HWThread 47 | HWThread 48 | HWThread 49 | HWThread 50 | HWThread 51 | HWThread 52 | HWThread 53 | HWThread 54 | HWThread 55 | HWThread 56 | HWThread 57 | HWThread 58 | HWThread 59 | HWThread 60 | HWThread 61 | HWThread 62 | HWThread 63 | HWThread 64 | HWThread 65 | HWThread 66 | HWThread 67 | HWThread 68 | HWThread 69 | HWThread 70 | HWThread 71 | HWThread 72 | HWThread 73 | HWThread 74 | HWThread 75 | HWThread 76 | HWThread 77 | HWThread 78 | HWThread 79 | HWThread 80 | HWThread 81 | HWThread 82 | HWThread 83 | HWThread 84 | HWThread 85 | HWThread 86 | HWThread 87 | HWThread 88 | HWThread 89 | HWThread 90 | HWThread 91 | HWThread 92 | HWThread 93 | HWThread 94 | HWThread 95 |
+----------------------+------------+------------+------------+------------+------------+------------+------------+------------+------------+------------+-------------+-------------+-------------+-------------+-------------+-------------+-------------+-------------+-------------+-------------+-------------+-------------+-------------+-------------+-------------+-------------+-------------+-------------+-------------+-------------+-------------+-------------+-------------+-------------+-------------+-------------+-------------+-------------+-------------+-------------+-------------+-------------+-------------+-------------+-------------+-------------+-------------+-------------+-------------+-------------+-------------+-------------+-------------+-------------+-------------+-------------+-------------+-------------+-------------+-------------+-------------+-------------+-------------+-------------+-------------+-------------+-------------+-------------+-------------+-------------+-------------+-------------+-------------+-------------+-------------+-------------+-------------+-------------+-------------+-------------+-------------+-------------+-------------+-------------+-------------+-------------+-------------+-------------+-------------+-------------+-------------+-------------+-------------+-------------+-------------+-------------+
|  Runtime (RDTSC) [s] |     1.9995 |     1.9994 |     1.9994 |     1.9993 |     1.9994 |     1.9994 |     1.9994 |     1.9993 |     1.9993 |     1.9993 |      1.9994 |      1.9995 |      1.9994 |      1.9994 |      1.9994 |      1.9993 |      1.9993 |      1.9994 |      1.9994 |      1.9993 |      1.9994 |      1.9994 |      1.9993 |      1.9994 |      1.9997 |      1.9994 |      1.9995 |      1.9993 |      1.9994 |      1.9995 |      1.9994 |      1.9995 |      1.9994 |      1.9994 |      1.9994 |      1.9995 |      1.9993 |      1.9993 |      1.9995 |      1.9996 |      1.9993 |      1.9994 |      1.9995 |      1.9994 |      1.9993 |      1.9994 |      1.9994 |      1.9995 |      1.9995 |      1.9994 |      1.9995 |      1.9994 |      1.9995 |      1.9995 |      1.9993 |      1.9995 |      1.9993 |      1.9994 |      1.9995 |      1.9994 |      1.9993 |      1.9995 |      1.9995 |      1.9994 |      1.9995 |      1.9993 |      1.9995 |      1.9994 |      1.9995 |      1.9995 |      1.9994 |      1.9995 |      1.9993 |      1.9993 |      1.9995 |      1.9993 |      1.9993 |      1.9996 |      1.9996 |      1.9995 |      1.9995 |      1.9995 |      1.9994 |      1.9994 |      1.9993 |      1.9993 |      1.9994 |      1.9996 |      1.9995 |      1.9994 |      1.9993 |      1.9995 |      1.9994 |      1.9994 |      1.9994 |      1.9994 |
| Runtime unhalted [s] |     1.5833 |     1.5832 |     1.5832 |     1.5833 |     1.5833 |     1.5831 |     1.5831 |     1.5833 |     1.5833 |     1.5833 |      1.5833 |      1.5833 |      1.5832 |      1.5833 |      1.5833 |      1.5833 |      1.5832 |      1.5833 |      1.5832 |      1.5832 |      1.5831 |      1.5833 |      1.5833 |      1.5833 |      1.5834 |      1.5834 |      1.5834 |      1.5835 |      1.5835 |      1.5835 |      1.5835 |      1.5835 |      1.5832 |      1.5833 |      1.5832 |      1.5834 |      1.5834 |      1.5833 |      1.5834 |      1.5833 |      1.5831 |      1.5833 |      1.5832 |      1.5832 |      1.5831 |      1.5831 |      1.5834 |      1.5833 |      1.5833 |      1.5834 |      1.5834 |      1.5833 |      1.5834 |      1.5833 |      1.5833 |      1.5834 |      1.5831 |      1.5832 |      1.5832 |      1.5831 |      1.5832 |      1.5833 |      1.5832 |      1.5831 |      1.5832 |      1.5832 |      1.5834 |      1.5834 |      1.5834 |      1.5833 |      1.5832 |      1.5834 |      1.5831 |      1.5831 |      1.5832 |      1.5831 |      1.5831 |      1.5832 |      1.5831 |      1.5832 |      1.5832 |      1.5832 |      1.5832 |      1.5833 |      1.5831 |      1.5832 |      1.5834 |      1.5833 |      1.5834 |      1.5833 |      1.5831 |      1.5834 |      1.5831 |      1.5833 |      1.5832 |      1.5831 |
|      Clock [MHz]     |  1899.9928 |  1899.9716 |  1899.9994 |  1900.0367 |  1899.9913 |  1899.9685 |  1900.0965 |  1899.9895 |  1899.9292 |  1899.9060 |   1900.0008 |   1899.8920 |   1899.9740 |   1900.0825 |   1900.0331 |   1899.9256 |   1900.1024 |   1899.8982 |   1899.9800 |   1900.1030 |   1899.8395 |   1899.8918 |   1899.9445 |   1899.9808 |   1899.9630 |   1900.1153 |   1899.9870 |   1900.1378 |   1900.0425 |   1900.0839 |   1900.0497 |   1900.0472 |   1899.9778 |   1899.9814 |   1899.9872 |   1900.0103 |   1900.0299 |   1899.9843 |   1899.9067 |   1900.1139 |   1899.8376 |   1900.0221 |   1899.8461 |   1899.9762 |   1900.0999 |   1899.9641 |   1900.0124 |   1899.9973 |   1900.0593 |   1900.1124 |   1900.0087 |   1899.9859 |   1899.9030 |   1899.9965 |   1900.0594 |   1899.9285 |   1899.9547 |   1899.9570 |   1899.9833 |   1900.0834 |   1900.1003 |   1899.9999 |   1899.8451 |   1899.9664 |   1899.9718 |   1899.8440 |   1899.9173 |   1899.9186 |   1900.0010 |   1900.0017 |   1899.9799 |   1899.9595 |   1899.8275 |   1899.8300 |   1899.8287 |   1899.8157 |   1899.8208 |   1899.8216 |   1899.8223 |   1899.8204 |   1899.9408 |   1899.9265 |   1899.8866 |   1900.0514 |   1899.8482 |   1899.8577 |   1900.0428 |   1899.9812 |   1899.9109 |   1899.9094 |   1899.9644 |   1899.9269 |   1899.9730 |   1899.9877 |   1899.9716 |   1899.8316 |
|          CPI         |     0.3016 |     0.3019 |     0.3019 |     0.3019 |     0.3020 |     0.3019 |     0.3019 |     0.3019 |     0.3019 |     0.3018 |      0.3018 |      0.3018 |      0.3018 |      0.3018 |      0.3019 |      0.3018 |      0.3018 |      0.3018 |      0.3018 |      0.3018 |      0.3018 |      0.3019 |      0.3018 |      0.3018 |      0.3019 |      0.3018 |      0.3018 |      0.3018 |      0.3018 |      0.3018 |      0.3019 |      0.3019 |      0.3018 |      0.3018 |      0.3018 |      0.3018 |      0.3018 |      0.3018 |      0.3018 |      0.3018 |      0.3018 |      0.3018 |      0.3018 |      0.3018 |      0.3019 |      0.3018 |      0.3018 |      0.3018 |      0.3019 |      0.3019 |      0.3019 |      0.3019 |      0.3019 |      0.3019 |      0.3019 |      0.3019 |      0.3018 |      0.3019 |      0.3019 |      0.3019 |      0.3019 |      0.3019 |      0.3019 |      0.3019 |      0.3020 |      0.3019 |      0.3019 |      0.3019 |      0.3019 |      0.3019 |      0.3019 |      0.3019 |      0.3018 |      0.3019 |      0.3019 |      0.3019 |      0.3018 |      0.3019 |      0.3019 |      0.3019 |      0.3019 |      0.3019 |      0.3019 |      0.3018 |      0.3018 |      0.3018 |      0.3019 |      0.3019 |      0.3019 |      0.3018 |      0.3018 |      0.3019 |      0.3018 |      0.3019 |      0.3019 |      0.3018 |
|     SP [MFLOP/s]     |  5001.3729 |  5001.5230 |  5001.4179 |  5001.7406 |  5001.3954 |  5001.5180 |  5001.5155 |  5001.7356 |  5001.7006 |  5001.7081 |   5001.5130 |   5001.3704 |   5001.4129 |   5001.5855 |   5001.5730 |   5001.6305 |   5001.7306 |   5001.6030 |   5001.4029 |   5001.8232 |   5001.5105 |   5001.4254 |   5001.7306 |   5001.5430 |   5000.8226 |   5001.4779 |   5001.3704 |   5001.7381 |   5001.5205 |   5001.1653 |   5001.5255 |   5001.3579 |   5001.5855 |   5001.3754 |   5001.3779 |   5001.1803 |   5001.7306 |   5001.7431 |   5001.1628 |   5001.0777 |   5001.6530 |   5001.5855 |   5001.2903 |   5001.6030 |   5001.7431 |   5001.4029 |   5001.5205 |   5001.1528 |   5001.3554 |   5001.4154 |   5001.1753 |   5001.3804 |   5001.1828 |   5001.1678 |   5001.7456 |   5001.1528 |   5001.8332 |   5001.3779 |   5001.1478 |   5001.5305 |   5001.7081 |   5001.1303 |   5001.3654 |   5001.3754 |   5001.3429 |   5001.6806 |   5001.2103 |   5001.3954 |   5001.2053 |   5001.1778 |   5001.3779 |   5001.3654 |   5001.7481 |   5001.7431 |   5001.1553 |   5001.7431 |   5001.7506 |   5001.0002 |   5001.1127 |   5001.2103 |   5001.1303 |   5001.1603 |   5001.4129 |   5001.5930 |   5001.6881 |   5001.6330 |   5001.4604 |   5001.0652 |   5001.1403 |   5001.4254 |   5001.8307 |   5001.1553 |   5001.5380 |   5001.3754 |   5001.5905 |   5001.5955 |
+----------------------+------------+------------+------------+------------+------------+------------+------------+------------+------------+------------+-------------+-------------+-------------+-------------+-------------+-------------+-------------+-------------+-------------+-------------+-------------+-------------+-------------+-------------+-------------+-------------+-------------+-------------+-------------+-------------+-------------+-------------+-------------+-------------+-------------+-------------+-------------+-------------+-------------+-------------+-------------+-------------+-------------+-------------+-------------+-------------+-------------+-------------+-------------+-------------+-------------+-------------+-------------+-------------+-------------+-------------+-------------+-------------+-------------+-------------+-------------+-------------+-------------+-------------+-------------+-------------+-------------+-------------+-------------+-------------+-------------+-------------+-------------+-------------+-------------+-------------+-------------+-------------+-------------+-------------+-------------+-------------+-------------+-------------+-------------+-------------+-------------+-------------+-------------+-------------+-------------+-------------+-------------+-------------+-------------+-------------+

+---------------------------+-------------+-----------+-----------+-----------+
|           Metric          |     Sum     |    Min    |    Max    |    Avg    |
+---------------------------+-------------+-----------+-----------+-----------+
|  Runtime (RDTSC) [s] STAT |    191.9439 |    1.9993 |    1.9997 |    1.9994 |
| Runtime unhalted [s] STAT |    151.9935 |    1.5831 |    1.5835 |    1.5833 |
|      Clock [MHz] STAT     | 182396.8386 | 1899.8157 | 1900.1378 | 1899.9671 |
|          CPI STAT         |     28.9780 |    0.3016 |    0.3020 |    0.3019 |
|     SP [MFLOP/s] STAT     | 480138.7021 | 5000.8226 | 5001.8332 | 5001.4448 |
+---------------------------+-------------+-----------+-----------+-----------+

