--------------------------------------------------------------------------------
CPU name:	AMD EPYC 9654 96-Core Processor                
CPU type:	AMD K19 (Zen4) architecture
CPU clock:	2.40 GHz
--------------------------------------------------------------------------------
Allocate: Process running on hwthread 0 (Domain N) - Vector length 24000000/96000000 Offset 0 Alignment 1024
Initialization: Each thread in domain initializes its own stream chunks
--------------------------------------------------------------------------------
LIKWID MICRO BENCHMARK
Test: peakflops_sp
--------------------------------------------------------------------------------
Using 1 work groups
Using 192 threads
--------------------------------------------------------------------------------
Using Likwid Marker API
--------------------------------------------------------------------------------
Group: 0 Thread 0 Global Thread 0 running on hwthread 0 - Vector length 125000 Offset 0
Group: 0 Thread 1 Global Thread 1 running on hwthread 1 - Vector length 125000 Offset 125000
Group: 0 Thread 2 Global Thread 2 running on hwthread 2 - Vector length 125000 Offset 250000
Group: 0 Thread 3 Global Thread 3 running on hwthread 3 - Vector length 125000 Offset 375000
Group: 0 Thread 4 Global Thread 4 running on hwthread 4 - Vector length 125000 Offset 500000
Group: 0 Thread 5 Global Thread 5 running on hwthread 5 - Vector length 125000 Offset 625000
Group: 0 Thread 6 Global Thread 6 running on hwthread 6 - Vector length 125000 Offset 750000
Group: 0 Thread 7 Global Thread 7 running on hwthread 7 - Vector length 125000 Offset 875000
Group: 0 Thread 8 Global Thread 8 running on hwthread 8 - Vector length 125000 Offset 1000000
Group: 0 Thread 9 Global Thread 9 running on hwthread 9 - Vector length 125000 Offset 1125000
Group: 0 Thread 10 Global Thread 10 running on hwthread 10 - Vector length 125000 Offset 1250000
Group: 0 Thread 11 Global Thread 11 running on hwthread 11 - Vector length 125000 Offset 1375000
Group: 0 Thread 12 Global Thread 12 running on hwthread 12 - Vector length 125000 Offset 1500000
Group: 0 Thread 13 Global Thread 13 running on hwthread 13 - Vector length 125000 Offset 1625000
Group: 0 Thread 14 Global Thread 14 running on hwthread 14 - Vector length 125000 Offset 1750000
Group: 0 Thread 15 Global Thread 15 running on hwthread 15 - Vector length 125000 Offset 1875000
Group: 0 Thread 16 Global Thread 16 running on hwthread 16 - Vector length 125000 Offset 2000000
Group: 0 Thread 17 Global Thread 17 running on hwthread 17 - Vector length 125000 Offset 2125000
Group: 0 Thread 18 Global Thread 18 running on hwthread 18 - Vector length 125000 Offset 2250000
Group: 0 Thread 19 Global Thread 19 running on hwthread 19 - Vector length 125000 Offset 2375000
Group: 0 Thread 20 Global Thread 20 running on hwthread 20 - Vector length 125000 Offset 2500000
Group: 0 Thread 21 Global Thread 21 running on hwthread 21 - Vector length 125000 Offset 2625000
Group: 0 Thread 22 Global Thread 22 running on hwthread 22 - Vector length 125000 Offset 2750000
Group: 0 Thread 23 Global Thread 23 running on hwthread 23 - Vector length 125000 Offset 2875000
Group: 0 Thread 24 Global Thread 24 running on hwthread 24 - Vector length 125000 Offset 3000000
Group: 0 Thread 25 Global Thread 25 running on hwthread 25 - Vector length 125000 Offset 3125000
Group: 0 Thread 26 Global Thread 26 running on hwthread 26 - Vector length 125000 Offset 3250000
Group: 0 Thread 27 Global Thread 27 running on hwthread 27 - Vector length 125000 Offset 3375000
Group: 0 Thread 28 Global Thread 28 running on hwthread 28 - Vector length 125000 Offset 3500000
Group: 0 Thread 29 Global Thread 29 running on hwthread 29 - Vector length 125000 Offset 3625000
Group: 0 Thread 30 Global Thread 30 running on hwthread 30 - Vector length 125000 Offset 3750000
Group: 0 Thread 31 Global Thread 31 running on hwthread 31 - Vector length 125000 Offset 3875000
Group: 0 Thread 32 Global Thread 32 running on hwthread 32 - Vector length 125000 Offset 4000000
Group: 0 Thread 33 Global Thread 33 running on hwthread 33 - Vector length 125000 Offset 4125000
Group: 0 Thread 34 Global Thread 34 running on hwthread 34 - Vector length 125000 Offset 4250000
Group: 0 Thread 35 Global Thread 35 running on hwthread 35 - Vector length 125000 Offset 4375000
Group: 0 Thread 36 Global Thread 36 running on hwthread 36 - Vector length 125000 Offset 4500000
Group: 0 Thread 37 Global Thread 37 running on hwthread 37 - Vector length 125000 Offset 4625000
Group: 0 Thread 38 Global Thread 38 running on hwthread 38 - Vector length 125000 Offset 4750000
Group: 0 Thread 39 Global Thread 39 running on hwthread 39 - Vector length 125000 Offset 4875000
Group: 0 Thread 40 Global Thread 40 running on hwthread 40 - Vector length 125000 Offset 5000000
Group: 0 Thread 41 Global Thread 41 running on hwthread 41 - Vector length 125000 Offset 5125000
Group: 0 Thread 42 Global Thread 42 running on hwthread 42 - Vector length 125000 Offset 5250000
Group: 0 Thread 43 Global Thread 43 running on hwthread 43 - Vector length 125000 Offset 5375000
Group: 0 Thread 44 Global Thread 44 running on hwthread 44 - Vector length 125000 Offset 5500000
Group: 0 Thread 45 Global Thread 45 running on hwthread 45 - Vector length 125000 Offset 5625000
Group: 0 Thread 46 Global Thread 46 running on hwthread 46 - Vector length 125000 Offset 5750000
Group: 0 Thread 47 Global Thread 47 running on hwthread 47 - Vector length 125000 Offset 5875000
Group: 0 Thread 48 Global Thread 48 running on hwthread 48 - Vector length 125000 Offset 6000000
Group: 0 Thread 49 Global Thread 49 running on hwthread 49 - Vector length 125000 Offset 6125000
Group: 0 Thread 50 Global Thread 50 running on hwthread 50 - Vector length 125000 Offset 6250000
Group: 0 Thread 51 Global Thread 51 running on hwthread 51 - Vector length 125000 Offset 6375000
Group: 0 Thread 52 Global Thread 52 running on hwthread 52 - Vector length 125000 Offset 6500000
Group: 0 Thread 53 Global Thread 53 running on hwthread 53 - Vector length 125000 Offset 6625000
Group: 0 Thread 54 Global Thread 54 running on hwthread 54 - Vector length 125000 Offset 6750000
Group: 0 Thread 55 Global Thread 55 running on hwthread 55 - Vector length 125000 Offset 6875000
Group: 0 Thread 56 Global Thread 56 running on hwthread 56 - Vector length 125000 Offset 7000000
Group: 0 Thread 57 Global Thread 57 running on hwthread 57 - Vector length 125000 Offset 7125000
Group: 0 Thread 58 Global Thread 58 running on hwthread 58 - Vector length 125000 Offset 7250000
Group: 0 Thread 59 Global Thread 59 running on hwthread 59 - Vector length 125000 Offset 7375000
Group: 0 Thread 60 Global Thread 60 running on hwthread 60 - Vector length 125000 Offset 7500000
Group: 0 Thread 61 Global Thread 61 running on hwthread 61 - Vector length 125000 Offset 7625000
Group: 0 Thread 62 Global Thread 62 running on hwthread 62 - Vector length 125000 Offset 7750000
Group: 0 Thread 63 Global Thread 63 running on hwthread 63 - Vector length 125000 Offset 7875000
Group: 0 Thread 64 Global Thread 64 running on hwthread 64 - Vector length 125000 Offset 8000000
Group: 0 Thread 65 Global Thread 65 running on hwthread 65 - Vector length 125000 Offset 8125000
Group: 0 Thread 66 Global Thread 66 running on hwthread 66 - Vector length 125000 Offset 8250000
Group: 0 Thread 67 Global Thread 67 running on hwthread 67 - Vector length 125000 Offset 8375000
Group: 0 Thread 68 Global Thread 68 running on hwthread 68 - Vector length 125000 Offset 8500000
Group: 0 Thread 69 Global Thread 69 running on hwthread 69 - Vector length 125000 Offset 8625000
Group: 0 Thread 70 Global Thread 70 running on hwthread 70 - Vector length 125000 Offset 8750000
Group: 0 Thread 71 Global Thread 71 running on hwthread 71 - Vector length 125000 Offset 8875000
Group: 0 Thread 72 Global Thread 72 running on hwthread 72 - Vector length 125000 Offset 9000000
Group: 0 Thread 73 Global Thread 73 running on hwthread 73 - Vector length 125000 Offset 9125000
Group: 0 Thread 74 Global Thread 74 running on hwthread 74 - Vector length 125000 Offset 9250000
Group: 0 Thread 75 Global Thread 75 running on hwthread 75 - Vector length 125000 Offset 9375000
Group: 0 Thread 76 Global Thread 76 running on hwthread 76 - Vector length 125000 Offset 9500000
Group: 0 Thread 77 Global Thread 77 running on hwthread 77 - Vector length 125000 Offset 9625000
Group: 0 Thread 78 Global Thread 78 running on hwthread 78 - Vector length 125000 Offset 9750000
Group: 0 Thread 79 Global Thread 79 running on hwthread 79 - Vector length 125000 Offset 9875000
Group: 0 Thread 80 Global Thread 80 running on hwthread 80 - Vector length 125000 Offset 10000000
Group: 0 Thread 81 Global Thread 81 running on hwthread 81 - Vector length 125000 Offset 10125000
Group: 0 Thread 82 Global Thread 82 running on hwthread 82 - Vector length 125000 Offset 10250000
Group: 0 Thread 83 Global Thread 83 running on hwthread 83 - Vector length 125000 Offset 10375000
Group: 0 Thread 84 Global Thread 84 running on hwthread 84 - Vector length 125000 Offset 10500000
Group: 0 Thread 85 Global Thread 85 running on hwthread 85 - Vector length 125000 Offset 10625000
Group: 0 Thread 86 Global Thread 86 running on hwthread 86 - Vector length 125000 Offset 10750000
Group: 0 Thread 87 Global Thread 87 running on hwthread 87 - Vector length 125000 Offset 10875000
Group: 0 Thread 88 Global Thread 88 running on hwthread 88 - Vector length 125000 Offset 11000000
Group: 0 Thread 89 Global Thread 89 running on hwthread 89 - Vector length 125000 Offset 11125000
Group: 0 Thread 90 Global Thread 90 running on hwthread 90 - Vector length 125000 Offset 11250000
Group: 0 Thread 91 Global Thread 91 running on hwthread 91 - Vector length 125000 Offset 11375000
Group: 0 Thread 92 Global Thread 92 running on hwthread 92 - Vector length 125000 Offset 11500000
Group: 0 Thread 93 Global Thread 93 running on hwthread 93 - Vector length 125000 Offset 11625000
Group: 0 Thread 94 Global Thread 94 running on hwthread 94 - Vector length 125000 Offset 11750000
Group: 0 Thread 95 Global Thread 95 running on hwthread 95 - Vector length 125000 Offset 11875000
Group: 0 Thread 96 Global Thread 96 running on hwthread 96 - Vector length 125000 Offset 12000000
Group: 0 Thread 97 Global Thread 97 running on hwthread 97 - Vector length 125000 Offset 12125000
Group: 0 Thread 98 Global Thread 98 running on hwthread 98 - Vector length 125000 Offset 12250000
Group: 0 Thread 99 Global Thread 99 running on hwthread 99 - Vector length 125000 Offset 12375000
Group: 0 Thread 100 Global Thread 100 running on hwthread 100 - Vector length 125000 Offset 12500000
Group: 0 Thread 101 Global Thread 101 running on hwthread 101 - Vector length 125000 Offset 12625000
Group: 0 Thread 102 Global Thread 102 running on hwthread 102 - Vector length 125000 Offset 12750000
Group: 0 Thread 103 Global Thread 103 running on hwthread 103 - Vector length 125000 Offset 12875000
Group: 0 Thread 104 Global Thread 104 running on hwthread 104 - Vector length 125000 Offset 13000000
Group: 0 Thread 105 Global Thread 105 running on hwthread 105 - Vector length 125000 Offset 13125000
Group: 0 Thread 106 Global Thread 106 running on hwthread 106 - Vector length 125000 Offset 13250000
Group: 0 Thread 107 Global Thread 107 running on hwthread 107 - Vector length 125000 Offset 13375000
Group: 0 Thread 108 Global Thread 108 running on hwthread 108 - Vector length 125000 Offset 13500000
Group: 0 Thread 109 Global Thread 109 running on hwthread 109 - Vector length 125000 Offset 13625000
Group: 0 Thread 110 Global Thread 110 running on hwthread 110 - Vector length 125000 Offset 13750000
Group: 0 Thread 111 Global Thread 111 running on hwthread 111 - Vector length 125000 Offset 13875000
Group: 0 Thread 112 Global Thread 112 running on hwthread 112 - Vector length 125000 Offset 14000000
Group: 0 Thread 113 Global Thread 113 running on hwthread 113 - Vector length 125000 Offset 14125000
Group: 0 Thread 114 Global Thread 114 running on hwthread 114 - Vector length 125000 Offset 14250000
Group: 0 Thread 115 Global Thread 115 running on hwthread 115 - Vector length 125000 Offset 14375000
Group: 0 Thread 116 Global Thread 116 running on hwthread 116 - Vector length 125000 Offset 14500000
Group: 0 Thread 117 Global Thread 117 running on hwthread 117 - Vector length 125000 Offset 14625000
Group: 0 Thread 118 Global Thread 118 running on hwthread 118 - Vector length 125000 Offset 14750000
Group: 0 Thread 119 Global Thread 119 running on hwthread 119 - Vector length 125000 Offset 14875000
Group: 0 Thread 120 Global Thread 120 running on hwthread 120 - Vector length 125000 Offset 15000000
Group: 0 Thread 121 Global Thread 121 running on hwthread 121 - Vector length 125000 Offset 15125000
Group: 0 Thread 122 Global Thread 122 running on hwthread 122 - Vector length 125000 Offset 15250000
Group: 0 Thread 123 Global Thread 123 running on hwthread 123 - Vector length 125000 Offset 15375000
Group: 0 Thread 124 Global Thread 124 running on hwthread 124 - Vector length 125000 Offset 15500000
Group: 0 Thread 125 Global Thread 125 running on hwthread 125 - Vector length 125000 Offset 15625000
Group: 0 Thread 126 Global Thread 126 running on hwthread 126 - Vector length 125000 Offset 15750000
Group: 0 Thread 127 Global Thread 127 running on hwthread 127 - Vector length 125000 Offset 15875000
Group: 0 Thread 128 Global Thread 128 running on hwthread 128 - Vector length 125000 Offset 16000000
Group: 0 Thread 129 Global Thread 129 running on hwthread 129 - Vector length 125000 Offset 16125000
Group: 0 Thread 130 Global Thread 130 running on hwthread 130 - Vector length 125000 Offset 16250000
Group: 0 Thread 131 Global Thread 131 running on hwthread 131 - Vector length 125000 Offset 16375000
Group: 0 Thread 132 Global Thread 132 running on hwthread 132 - Vector length 125000 Offset 16500000
Group: 0 Thread 133 Global Thread 133 running on hwthread 133 - Vector length 125000 Offset 16625000
Group: 0 Thread 134 Global Thread 134 running on hwthread 134 - Vector length 125000 Offset 16750000
Group: 0 Thread 135 Global Thread 135 running on hwthread 135 - Vector length 125000 Offset 16875000
Group: 0 Thread 136 Global Thread 136 running on hwthread 136 - Vector length 125000 Offset 17000000
Group: 0 Thread 137 Global Thread 137 running on hwthread 137 - Vector length 125000 Offset 17125000
Group: 0 Thread 138 Global Thread 138 running on hwthread 138 - Vector length 125000 Offset 17250000
Group: 0 Thread 139 Global Thread 139 running on hwthread 139 - Vector length 125000 Offset 17375000
Group: 0 Thread 140 Global Thread 140 running on hwthread 140 - Vector length 125000 Offset 17500000
Group: 0 Thread 141 Global Thread 141 running on hwthread 141 - Vector length 125000 Offset 17625000
Group: 0 Thread 142 Global Thread 142 running on hwthread 142 - Vector length 125000 Offset 17750000
Group: 0 Thread 143 Global Thread 143 running on hwthread 143 - Vector length 125000 Offset 17875000
Group: 0 Thread 144 Global Thread 144 running on hwthread 144 - Vector length 125000 Offset 18000000
Group: 0 Thread 145 Global Thread 145 running on hwthread 145 - Vector length 125000 Offset 18125000
Group: 0 Thread 146 Global Thread 146 running on hwthread 146 - Vector length 125000 Offset 18250000
Group: 0 Thread 147 Global Thread 147 running on hwthread 147 - Vector length 125000 Offset 18375000
Group: 0 Thread 148 Global Thread 148 running on hwthread 148 - Vector length 125000 Offset 18500000
Group: 0 Thread 149 Global Thread 149 running on hwthread 149 - Vector length 125000 Offset 18625000
Group: 0 Thread 150 Global Thread 150 running on hwthread 150 - Vector length 125000 Offset 18750000
Group: 0 Thread 151 Global Thread 151 running on hwthread 151 - Vector length 125000 Offset 18875000
Group: 0 Thread 152 Global Thread 152 running on hwthread 152 - Vector length 125000 Offset 19000000
Group: 0 Thread 153 Global Thread 153 running on hwthread 153 - Vector length 125000 Offset 19125000
Group: 0 Thread 154 Global Thread 154 running on hwthread 154 - Vector length 125000 Offset 19250000
Group: 0 Thread 155 Global Thread 155 running on hwthread 155 - Vector length 125000 Offset 19375000
Group: 0 Thread 156 Global Thread 156 running on hwthread 156 - Vector length 125000 Offset 19500000
Group: 0 Thread 157 Global Thread 157 running on hwthread 157 - Vector length 125000 Offset 19625000
Group: 0 Thread 158 Global Thread 158 running on hwthread 158 - Vector length 125000 Offset 19750000
Group: 0 Thread 159 Global Thread 159 running on hwthread 159 - Vector length 125000 Offset 19875000
Group: 0 Thread 160 Global Thread 160 running on hwthread 160 - Vector length 125000 Offset 20000000
Group: 0 Thread 161 Global Thread 161 running on hwthread 161 - Vector length 125000 Offset 20125000
Group: 0 Thread 162 Global Thread 162 running on hwthread 162 - Vector length 125000 Offset 20250000
Group: 0 Thread 163 Global Thread 163 running on hwthread 163 - Vector length 125000 Offset 20375000
Group: 0 Thread 164 Global Thread 164 running on hwthread 164 - Vector length 125000 Offset 20500000
Group: 0 Thread 165 Global Thread 165 running on hwthread 165 - Vector length 125000 Offset 20625000
Group: 0 Thread 166 Global Thread 166 running on hwthread 166 - Vector length 125000 Offset 20750000
Group: 0 Thread 167 Global Thread 167 running on hwthread 167 - Vector length 125000 Offset 20875000
Group: 0 Thread 168 Global Thread 168 running on hwthread 168 - Vector length 125000 Offset 21000000
Group: 0 Thread 169 Global Thread 169 running on hwthread 169 - Vector length 125000 Offset 21125000
Group: 0 Thread 170 Global Thread 170 running on hwthread 170 - Vector length 125000 Offset 21250000
Group: 0 Thread 171 Global Thread 171 running on hwthread 171 - Vector length 125000 Offset 21375000
Group: 0 Thread 172 Global Thread 172 running on hwthread 172 - Vector length 125000 Offset 21500000
Group: 0 Thread 173 Global Thread 173 running on hwthread 173 - Vector length 125000 Offset 21625000
Group: 0 Thread 174 Global Thread 174 running on hwthread 174 - Vector length 125000 Offset 21750000
Group: 0 Thread 175 Global Thread 175 running on hwthread 175 - Vector length 125000 Offset 21875000
Group: 0 Thread 176 Global Thread 176 running on hwthread 176 - Vector length 125000 Offset 22000000
Group: 0 Thread 177 Global Thread 177 running on hwthread 177 - Vector length 125000 Offset 22125000
Group: 0 Thread 178 Global Thread 178 running on hwthread 178 - Vector length 125000 Offset 22250000
Group: 0 Thread 179 Global Thread 179 running on hwthread 179 - Vector length 125000 Offset 22375000
Group: 0 Thread 180 Global Thread 180 running on hwthread 180 - Vector length 125000 Offset 22500000
Group: 0 Thread 181 Global Thread 181 running on hwthread 181 - Vector length 125000 Offset 22625000
Group: 0 Thread 182 Global Thread 182 running on hwthread 182 - Vector length 125000 Offset 22750000
Group: 0 Thread 183 Global Thread 183 running on hwthread 183 - Vector length 125000 Offset 22875000
Group: 0 Thread 184 Global Thread 184 running on hwthread 184 - Vector length 125000 Offset 23000000
Group: 0 Thread 185 Global Thread 185 running on hwthread 185 - Vector length 125000 Offset 23125000
Group: 0 Thread 186 Global Thread 186 running on hwthread 186 - Vector length 125000 Offset 23250000
Group: 0 Thread 187 Global Thread 187 running on hwthread 187 - Vector length 125000 Offset 23375000
Group: 0 Thread 188 Global Thread 188 running on hwthread 188 - Vector length 125000 Offset 23500000
Group: 0 Thread 189 Global Thread 189 running on hwthread 189 - Vector length 125000 Offset 23625000
Group: 0 Thread 190 Global Thread 190 running on hwthread 190 - Vector length 125000 Offset 23750000
Group: 0 Thread 191 Global Thread 191 running on hwthread 191 - Vector length 125000 Offset 23875000
--------------------------------------------------------------------------------
Cycles:			4803688608
CPU Clock:		2399676650
Cycle Clock:		2399676650
Time:			2.001807e+00 sec
Iterations:		960000
Iterations per thread:	5000
Inner loop executions:	125000
Size (Byte):		96000000
Size per thread:	500000
Number of Flops:	1920000000000
MFlops/s:		959133.60
Data volume (Byte):	480000000000
MByte/s:		239783.40
Cycles per update:	0.040031
Cycles per cacheline:	0.640492
Loads per update:	1
Stores per update:	0
Load bytes per element:	4
Store bytes per elem.:	0
Instructions:		2400000000032
UOPs:			2280000000000
--------------------------------------------------------------------------------
Writing Likwid Marker API results to file /tmp/likwid_765896.txt
--------------------------------------------------------------------------------
Region bench, Group 1: FLOPS_SP
+-------------------+------------+------------+------------+------------+------------+------------+------------+------------+------------+------------+-------------+-------------+-------------+-------------+-------------+-------------+-------------+-------------+-------------+-------------+-------------+-------------+-------------+-------------+-------------+-------------+-------------+-------------+-------------+-------------+-------------+-------------+-------------+-------------+-------------+-------------+-------------+-------------+-------------+-------------+-------------+-------------+-------------+-------------+-------------+-------------+-------------+-------------+-------------+-------------+-------------+-------------+-------------+-------------+-------------+-------------+-------------+-------------+-------------+-------------+-------------+-------------+-------------+-------------+-------------+-------------+-------------+-------------+-------------+-------------+-------------+-------------+-------------+-------------+-------------+-------------+-------------+-------------+-------------+-------------+-------------+-------------+-------------+-------------+-------------+-------------+-------------+-------------+-------------+-------------+-------------+-------------+-------------+-------------+-------------+-------------+-------------+-------------+-------------+-------------+--------------+--------------+--------------+--------------+--------------+--------------+--------------+--------------+--------------+--------------+--------------+--------------+--------------+--------------+--------------+--------------+--------------+--------------+--------------+--------------+--------------+--------------+--------------+--------------+--------------+--------------+--------------+--------------+--------------+--------------+--------------+--------------+--------------+--------------+--------------+--------------+--------------+--------------+--------------+--------------+--------------+--------------+--------------+--------------+--------------+--------------+--------------+--------------+--------------+--------------+--------------+--------------+--------------+--------------+--------------+--------------+--------------+--------------+--------------+--------------+--------------+--------------+--------------+--------------+--------------+--------------+--------------+--------------+--------------+--------------+--------------+--------------+--------------+--------------+--------------+--------------+--------------+--------------+--------------+--------------+--------------+--------------+--------------+--------------+--------------+--------------+--------------+--------------+--------------+--------------+--------------+--------------+
|    Region Info    | HWThread 0 | HWThread 1 | HWThread 2 | HWThread 3 | HWThread 4 | HWThread 5 | HWThread 6 | HWThread 7 | HWThread 8 | HWThread 9 | HWThread 10 | HWThread 11 | HWThread 12 | HWThread 13 | HWThread 14 | HWThread 15 | HWThread 16 | HWThread 17 | HWThread 18 | HWThread 19 | HWThread 20 | HWThread 21 | HWThread 22 | HWThread 23 | HWThread 24 | HWThread 25 | HWThread 26 | HWThread 27 | HWThread 28 | HWThread 29 | HWThread 30 | HWThread 31 | HWThread 32 | HWThread 33 | HWThread 34 | HWThread 35 | HWThread 36 | HWThread 37 | HWThread 38 | HWThread 39 | HWThread 40 | HWThread 41 | HWThread 42 | HWThread 43 | HWThread 44 | HWThread 45 | HWThread 46 | HWThread 47 | HWThread 48 | HWThread 49 | HWThread 50 | HWThread 51 | HWThread 52 | HWThread 53 | HWThread 54 | HWThread 55 | HWThread 56 | HWThread 57 | HWThread 58 | HWThread 59 | HWThread 60 | HWThread 61 | HWThread 62 | HWThread 63 | HWThread 64 | HWThread 65 | HWThread 66 | HWThread 67 | HWThread 68 | HWThread 69 | HWThread 70 | HWThread 71 | HWThread 72 | HWThread 73 | HWThread 74 | HWThread 75 | HWThread 76 | HWThread 77 | HWThread 78 | HWThread 79 | HWThread 80 | HWThread 81 | HWThread 82 | HWThread 83 | HWThread 84 | HWThread 85 | HWThread 86 | HWThread 87 | HWThread 88 | HWThread 89 | HWThread 90 | HWThread 91 | HWThread 92 | HWThread 93 | HWThread 94 | HWThread 95 | HWThread 96 | HWThread 97 | HWThread 98 | HWThread 99 | HWThread 100 | HWThread 101 | HWThread 102 | HWThread 103 | HWThread 104 | HWThread 105 | HWThread 106 | HWThread 107 | HWThread 108 | HWThread 109 | HWThread 110 | HWThread 111 | HWThread 112 | HWThread 113 | HWThread 114 | HWThread 115 | HWThread 116 | HWThread 117 | HWThread 118 | HWThread 119 | HWThread 120 | HWThread 121 | HWThread 122 | HWThread 123 | HWThread 124 | HWThread 125 | HWThread 126 | HWThread 127 | HWThread 128 | HWThread 129 | HWThread 130 | HWThread 131 | HWThread 132 | HWThread 133 | HWThread 134 | HWThread 135 | HWThread 136 | HWThread 137 | HWThread 138 | HWThread 139 | HWThread 140 | HWThread 141 | HWThread 142 | HWThread 143 | HWThread 144 | HWThread 145 | HWThread 146 | HWThread 147 | HWThread 148 | HWThread 149 | HWThread 150 | HWThread 151 | HWThread 152 | HWThread 153 | HWThread 154 | HWThread 155 | HWThread 156 | HWThread 157 | HWThread 158 | HWThread 159 | HWThread 160 | HWThread 161 | HWThread 162 | HWThread 163 | HWThread 164 | HWThread 165 | HWThread 166 | HWThread 167 | HWThread 168 | HWThread 169 | HWThread 170 | HWThread 171 | HWThread 172 | HWThread 173 | HWThread 174 | HWThread 175 | HWThread 176 | HWThread 177 | HWThread 178 | HWThread 179 | HWThread 180 | HWThread 181 | HWThread 182 | HWThread 183 | HWThread 184 | HWThread 185 | HWThread 186 | HWThread 187 | HWThread 188 | HWThread 189 | HWThread 190 | HWThread 191 |
+-------------------+------------+------------+------------+------------+------------+------------+------------+------------+------------+------------+-------------+-------------+-------------+-------------+-------------+-------------+-------------+-------------+-------------+-------------+-------------+-------------+-------------+-------------+-------------+-------------+-------------+-------------+-------------+-------------+-------------+-------------+-------------+-------------+-------------+-------------+-------------+-------------+-------------+-------------+-------------+-------------+-------------+-------------+-------------+-------------+-------------+-------------+-------------+-------------+-------------+-------------+-------------+-------------+-------------+-------------+-------------+-------------+-------------+-------------+-------------+-------------+-------------+-------------+-------------+-------------+-------------+-------------+-------------+-------------+-------------+-------------+-------------+-------------+-------------+-------------+-------------+-------------+-------------+-------------+-------------+-------------+-------------+-------------+-------------+-------------+-------------+-------------+-------------+-------------+-------------+-------------+-------------+-------------+-------------+-------------+-------------+-------------+-------------+-------------+--------------+--------------+--------------+--------------+--------------+--------------+--------------+--------------+--------------+--------------+--------------+--------------+--------------+--------------+--------------+--------------+--------------+--------------+--------------+--------------+--------------+--------------+--------------+--------------+--------------+--------------+--------------+--------------+--------------+--------------+--------------+--------------+--------------+--------------+--------------+--------------+--------------+--------------+--------------+--------------+--------------+--------------+--------------+--------------+--------------+--------------+--------------+--------------+--------------+--------------+--------------+--------------+--------------+--------------+--------------+--------------+--------------+--------------+--------------+--------------+--------------+--------------+--------------+--------------+--------------+--------------+--------------+--------------+--------------+--------------+--------------+--------------+--------------+--------------+--------------+--------------+--------------+--------------+--------------+--------------+--------------+--------------+--------------+--------------+--------------+--------------+--------------+--------------+--------------+--------------+--------------+--------------+
| RDTSC Runtime [s] |   2.001433 |   2.001063 |   2.001058 |   2.001064 |   2.001053 |   2.001057 |   2.001057 |   2.001068 |   2.001330 |   2.001311 |    2.001383 |    2.001419 |    2.001330 |    2.001097 |    2.001074 |    2.001312 |    2.001267 |    2.001280 |    2.001299 |    2.001307 |    2.001294 |    2.001309 |    2.001140 |    2.001331 |    2.001269 |    2.001315 |    2.001321 |    2.001275 |    2.001318 |    2.001275 |    2.001296 |    2.001278 |    2.001311 |    2.001420 |    2.001290 |    2.001062 |    2.001408 |    2.001322 |    2.001322 |    2.001279 |    2.001382 |    2.001342 |    2.001338 |    2.001632 |    2.001339 |    2.001350 |    2.001624 |    2.001335 |    2.001363 |    2.001355 |    2.001718 |    2.001358 |    2.001706 |    2.001351 |    2.001416 |    2.001307 |    2.001338 |    2.001655 |    2.001670 |    2.001684 |    2.001677 |    2.001657 |    2.001633 |    2.001273 |    2.001687 |    2.001040 |    2.001117 |    2.001117 |    2.001414 |    2.001042 |    2.001633 |    2.001098 |    2.001387 |    2.001306 |    2.001429 |    2.001437 |    2.001669 |    2.001353 |    2.001678 |    2.001819 |    2.001685 |    2.001347 |    2.001431 |    2.001437 |    2.001678 |    2.001383 |    2.001692 |    2.001698 |    2.001644 |    2.001633 |    2.001384 |    2.001699 |    2.001428 |    2.001019 |    2.001134 |    2.001391 |    2.001431 |    2.001369 |    2.001076 |    2.001374 |     2.001076 |     2.001444 |     2.001371 |     2.001086 |     2.001098 |     2.001126 |     2.001368 |     2.001327 |     2.001144 |     2.001084 |     2.001152 |     2.001063 |     2.001000 |     2.000957 |     2.001070 |     2.001075 |     2.001032 |     2.001054 |     2.000960 |     2.001045 |     2.001151 |     2.000979 |     2.000976 |     2.000956 |     2.000958 |     2.001143 |     2.001036 |     2.000961 |     2.000956 |     2.001031 |     2.001158 |     2.000947 |     2.000976 |     2.000947 |     2.000947 |     2.001021 |     2.000949 |     2.001020 |     2.000960 |     2.001031 |     2.000967 |     2.000987 |     2.001145 |     2.000962 |     2.001058 |     2.000952 |     2.001031 |     2.001042 |     2.001065 |     2.000976 |     2.000945 |     2.000981 |     2.001034 |     2.000970 |     2.001056 |     2.001062 |     2.000975 |     2.000978 |     2.000956 |     2.001068 |     2.001061 |     2.001031 |     2.000961 |     2.001022 |     2.000955 |     2.001031 |     2.001059 |     2.001060 |     2.000949 |     2.001041 |     2.001040 |     2.001042 |     2.001049 |     2.000950 |     2.000953 |     2.001022 |     2.000950 |     2.001057 |     2.000956 |     2.001050 |     2.000958 |     2.001050 |     2.000958 |     2.000957 |     2.001047 |     2.001054 |     2.000976 |     2.001053 |     2.001053 |     2.000959 |     2.000945 |     2.000950 |
|     call count    |          1 |          1 |          1 |          1 |          1 |          1 |          1 |          1 |          1 |          1 |           1 |           1 |           1 |           1 |           1 |           1 |           1 |           1 |           1 |           1 |           1 |           1 |           1 |           1 |           1 |           1 |           1 |           1 |           1 |           1 |           1 |           1 |           1 |           1 |           1 |           1 |           1 |           1 |           1 |           1 |           1 |           1 |           1 |           1 |           1 |           1 |           1 |           1 |           1 |           1 |           1 |           1 |           1 |           1 |           1 |           1 |           1 |           1 |           1 |           1 |           1 |           1 |           1 |           1 |           1 |           1 |           1 |           1 |           1 |           1 |           1 |           1 |           1 |           1 |           1 |           1 |           1 |           1 |           1 |           1 |           1 |           1 |           1 |           1 |           1 |           1 |           1 |           1 |           1 |           1 |           1 |           1 |           1 |           1 |           1 |           1 |           1 |           1 |           1 |           1 |            1 |            1 |            1 |            1 |            1 |            1 |            1 |            1 |            1 |            1 |            1 |            1 |            1 |            1 |            1 |            1 |            1 |            1 |            1 |            1 |            1 |            1 |            1 |            1 |            1 |            1 |            1 |            1 |            1 |            1 |            1 |            1 |            1 |            1 |            1 |            1 |            1 |            1 |            1 |            1 |            1 |            1 |            1 |            1 |            1 |            1 |            1 |            1 |            1 |            1 |            1 |            1 |            1 |            1 |            1 |            1 |            1 |            1 |            1 |            1 |            1 |            1 |            1 |            1 |            1 |            1 |            1 |            1 |            1 |            1 |            1 |            1 |            1 |            1 |            1 |            1 |            1 |            1 |            1 |            1 |            1 |            1 |            1 |            1 |            1 |            1 |            1 |            1 |            1 |            1 |            1 |            1 |
+-------------------+------------+------------+------------+------------+------------+------------+------------+------------+------------+------------+-------------+-------------+-------------+-------------+-------------+-------------+-------------+-------------+-------------+-------------+-------------+-------------+-------------+-------------+-------------+-------------+-------------+-------------+-------------+-------------+-------------+-------------+-------------+-------------+-------------+-------------+-------------+-------------+-------------+-------------+-------------+-------------+-------------+-------------+-------------+-------------+-------------+-------------+-------------+-------------+-------------+-------------+-------------+-------------+-------------+-------------+-------------+-------------+-------------+-------------+-------------+-------------+-------------+-------------+-------------+-------------+-------------+-------------+-------------+-------------+-------------+-------------+-------------+-------------+-------------+-------------+-------------+-------------+-------------+-------------+-------------+-------------+-------------+-------------+-------------+-------------+-------------+-------------+-------------+-------------+-------------+-------------+-------------+-------------+-------------+-------------+-------------+-------------+-------------+-------------+--------------+--------------+--------------+--------------+--------------+--------------+--------------+--------------+--------------+--------------+--------------+--------------+--------------+--------------+--------------+--------------+--------------+--------------+--------------+--------------+--------------+--------------+--------------+--------------+--------------+--------------+--------------+--------------+--------------+--------------+--------------+--------------+--------------+--------------+--------------+--------------+--------------+--------------+--------------+--------------+--------------+--------------+--------------+--------------+--------------+--------------+--------------+--------------+--------------+--------------+--------------+--------------+--------------+--------------+--------------+--------------+--------------+--------------+--------------+--------------+--------------+--------------+--------------+--------------+--------------+--------------+--------------+--------------+--------------+--------------+--------------+--------------+--------------+--------------+--------------+--------------+--------------+--------------+--------------+--------------+--------------+--------------+--------------+--------------+--------------+--------------+--------------+--------------+--------------+--------------+--------------+--------------+

+---------------------------+---------+-------------+-------------+-------------+-------------+-------------+-------------+-------------+-------------+-------------+-------------+-------------+-------------+-------------+-------------+-------------+-------------+-------------+-------------+-------------+-------------+-------------+-------------+-------------+-------------+-------------+-------------+-------------+-------------+-------------+-------------+-------------+-------------+-------------+-------------+-------------+-------------+-------------+-------------+-------------+-------------+-------------+-------------+-------------+-------------+-------------+-------------+-------------+-------------+-------------+-------------+-------------+-------------+-------------+-------------+-------------+-------------+-------------+-------------+-------------+-------------+-------------+-------------+-------------+-------------+-------------+-------------+-------------+-------------+-------------+-------------+-------------+-------------+-------------+-------------+-------------+-------------+-------------+-------------+-------------+-------------+-------------+-------------+-------------+-------------+-------------+-------------+-------------+-------------+-------------+-------------+-------------+-------------+-------------+-------------+-------------+-------------+-------------+-------------+-------------+-------------+--------------+--------------+--------------+--------------+--------------+--------------+--------------+--------------+--------------+--------------+--------------+--------------+--------------+--------------+--------------+--------------+--------------+--------------+--------------+--------------+--------------+--------------+--------------+--------------+--------------+--------------+--------------+--------------+--------------+--------------+--------------+--------------+--------------+--------------+--------------+--------------+--------------+--------------+--------------+--------------+--------------+--------------+--------------+--------------+--------------+--------------+--------------+--------------+--------------+--------------+--------------+--------------+--------------+--------------+--------------+--------------+--------------+--------------+--------------+--------------+--------------+--------------+--------------+--------------+--------------+--------------+--------------+--------------+--------------+--------------+--------------+--------------+--------------+--------------+--------------+--------------+--------------+--------------+--------------+--------------+--------------+--------------+--------------+--------------+--------------+--------------+--------------+--------------+--------------+--------------+--------------+--------------+
|           Event           | Counter |  HWThread 0 |  HWThread 1 |  HWThread 2 |  HWThread 3 |  HWThread 4 |  HWThread 5 |  HWThread 6 |  HWThread 7 |  HWThread 8 |  HWThread 9 | HWThread 10 | HWThread 11 | HWThread 12 | HWThread 13 | HWThread 14 | HWThread 15 | HWThread 16 | HWThread 17 | HWThread 18 | HWThread 19 | HWThread 20 | HWThread 21 | HWThread 22 | HWThread 23 | HWThread 24 | HWThread 25 | HWThread 26 | HWThread 27 | HWThread 28 | HWThread 29 | HWThread 30 | HWThread 31 | HWThread 32 | HWThread 33 | HWThread 34 | HWThread 35 | HWThread 36 | HWThread 37 | HWThread 38 | HWThread 39 | HWThread 40 | HWThread 41 | HWThread 42 | HWThread 43 | HWThread 44 | HWThread 45 | HWThread 46 | HWThread 47 | HWThread 48 | HWThread 49 | HWThread 50 | HWThread 51 | HWThread 52 | HWThread 53 | HWThread 54 | HWThread 55 | HWThread 56 | HWThread 57 | HWThread 58 | HWThread 59 | HWThread 60 | HWThread 61 | HWThread 62 | HWThread 63 | HWThread 64 | HWThread 65 | HWThread 66 | HWThread 67 | HWThread 68 | HWThread 69 | HWThread 70 | HWThread 71 | HWThread 72 | HWThread 73 | HWThread 74 | HWThread 75 | HWThread 76 | HWThread 77 | HWThread 78 | HWThread 79 | HWThread 80 | HWThread 81 | HWThread 82 | HWThread 83 | HWThread 84 | HWThread 85 | HWThread 86 | HWThread 87 | HWThread 88 | HWThread 89 | HWThread 90 | HWThread 91 | HWThread 92 | HWThread 93 | HWThread 94 | HWThread 95 | HWThread 96 | HWThread 97 | HWThread 98 | HWThread 99 | HWThread 100 | HWThread 101 | HWThread 102 | HWThread 103 | HWThread 104 | HWThread 105 | HWThread 106 | HWThread 107 | HWThread 108 | HWThread 109 | HWThread 110 | HWThread 111 | HWThread 112 | HWThread 113 | HWThread 114 | HWThread 115 | HWThread 116 | HWThread 117 | HWThread 118 | HWThread 119 | HWThread 120 | HWThread 121 | HWThread 122 | HWThread 123 | HWThread 124 | HWThread 125 | HWThread 126 | HWThread 127 | HWThread 128 | HWThread 129 | HWThread 130 | HWThread 131 | HWThread 132 | HWThread 133 | HWThread 134 | HWThread 135 | HWThread 136 | HWThread 137 | HWThread 138 | HWThread 139 | HWThread 140 | HWThread 141 | HWThread 142 | HWThread 143 | HWThread 144 | HWThread 145 | HWThread 146 | HWThread 147 | HWThread 148 | HWThread 149 | HWThread 150 | HWThread 151 | HWThread 152 | HWThread 153 | HWThread 154 | HWThread 155 | HWThread 156 | HWThread 157 | HWThread 158 | HWThread 159 | HWThread 160 | HWThread 161 | HWThread 162 | HWThread 163 | HWThread 164 | HWThread 165 | HWThread 166 | HWThread 167 | HWThread 168 | HWThread 169 | HWThread 170 | HWThread 171 | HWThread 172 | HWThread 173 | HWThread 174 | HWThread 175 | HWThread 176 | HWThread 177 | HWThread 178 | HWThread 179 | HWThread 180 | HWThread 181 | HWThread 182 | HWThread 183 | HWThread 184 | HWThread 185 | HWThread 186 | HWThread 187 | HWThread 188 | HWThread 189 | HWThread 190 | HWThread 191 |
+---------------------------+---------+-------------+-------------+-------------+-------------+-------------+-------------+-------------+-------------+-------------+-------------+-------------+-------------+-------------+-------------+-------------+-------------+-------------+-------------+-------------+-------------+-------------+-------------+-------------+-------------+-------------+-------------+-------------+-------------+-------------+-------------+-------------+-------------+-------------+-------------+-------------+-------------+-------------+-------------+-------------+-------------+-------------+-------------+-------------+-------------+-------------+-------------+-------------+-------------+-------------+-------------+-------------+-------------+-------------+-------------+-------------+-------------+-------------+-------------+-------------+-------------+-------------+-------------+-------------+-------------+-------------+-------------+-------------+-------------+-------------+-------------+-------------+-------------+-------------+-------------+-------------+-------------+-------------+-------------+-------------+-------------+-------------+-------------+-------------+-------------+-------------+-------------+-------------+-------------+-------------+-------------+-------------+-------------+-------------+-------------+-------------+-------------+-------------+-------------+-------------+-------------+--------------+--------------+--------------+--------------+--------------+--------------+--------------+--------------+--------------+--------------+--------------+--------------+--------------+--------------+--------------+--------------+--------------+--------------+--------------+--------------+--------------+--------------+--------------+--------------+--------------+--------------+--------------+--------------+--------------+--------------+--------------+--------------+--------------+--------------+--------------+--------------+--------------+--------------+--------------+--------------+--------------+--------------+--------------+--------------+--------------+--------------+--------------+--------------+--------------+--------------+--------------+--------------+--------------+--------------+--------------+--------------+--------------+--------------+--------------+--------------+--------------+--------------+--------------+--------------+--------------+--------------+--------------+--------------+--------------+--------------+--------------+--------------+--------------+--------------+--------------+--------------+--------------+--------------+--------------+--------------+--------------+--------------+--------------+--------------+--------------+--------------+--------------+--------------+--------------+--------------+--------------+--------------+
|      ACTUAL_CPU_CLOCK     |  FIXC1  |  3806478000 |  3805409000 |  3805354000 |  3805916000 |  3805914000 |  3805928000 |  3805800000 |  3805363000 |  3806171000 |  3806187000 |  3805809000 |  3805821000 |  3806192000 |  3805750000 |  3805883000 |  3805733000 |  3807207000 |  3806939000 |  3805899000 |  3807208000 |  3806105000 |  3807201000 |  3806188000 |  3807188000 |  3806188000 |  3806073000 |  3806299000 |  3806196000 |  3806243000 |  3806204000 |  3806247000 |  3806270000 |  3806553000 |  3806182000 |  3806572000 |  3806179000 |  3805890000 |  3806242000 |  3806579000 |  3806026000 |  3806642000 |  3806554000 |  3806371000 |  3806263000 |  3806382000 |  3806231000 |  3806480000 |  3806344000 |  3806230000 |  3806300000 |  3806661000 |  3806327000 |  3806275000 |  3806099000 |  3805821000 |  3805864000 |  3806670000 |  3806490000 |  3806180000 |  3806382000 |  3806264000 |  3806186000 |  3806306000 |  3806520000 |  3807385000 |  3805827000 |  3806150000 |  3806526000 |  3806896000 |  3806984000 |  3807305000 |  3805844000 |  3807121000 |  3806360000 |  3807391000 |  3806043000 |  3807367000 |  3806027000 |  3806518000 |  3807189000 |  3807191000 |  3806575000 |  3806321000 |  3807181000 |  3806312000 |  3806479000 |  3806649000 |  3806553000 |  3806164000 |  3806178000 |  3805964000 |  3806116000 |  3805887000 |  3805956000 |  3805728000 |  3806007000 |  3806700000 |  3806477000 |  3806586000 |  3807182000 |   3806255000 |   3806779000 |   3806677000 |   3807110000 |   3806966000 |   3807015000 |   3806811000 |   3806379000 |   3806979000 |   3806842000 |   3806202000 |   3806611000 |   3806212000 |   3805429000 |   3806387000 |   3806354000 |   3806043000 |   3806676000 |   3805410000 |   3806560000 |   3806495000 |   3805344000 |   3805266000 |   3805342000 |   3805463000 |   3805992000 |   3806056000 |   3805380000 |   3805378000 |   3806185000 |   3806486000 |   3804916000 |   3805237000 |   3805350000 |   3805725000 |   3806184000 |   3805791000 |   3806439000 |   3805745000 |   3806317000 |   3805417000 |   3805348000 |   3806004000 |   3805744000 |   3805877000 |   3805335000 |   3806444000 |   3805873000 |   3806303000 |   3804984000 |   3805596000 |   3805265000 |   3805942000 |   3805457000 |   3806364000 |   3806302000 |   3806236000 |   3805718000 |   3805456000 |   3806519000 |   3806630000 |   3805306000 |   3805605000 |   3805993000 |   3805400000 |   3805555000 |   3805937000 |   3806225000 |   3805349000 |   3805730000 |   3805690000 |   3806057000 |   3806316000 |   3805037000 |   3805367000 |   3806398000 |   3806018000 |   3806676000 |   3805326000 |   3805877000 |   3805005000 |   3806370000 |   3805669000 |   3805000000 |   3806315000 |   3805905000 |   3805694000 |   3806259000 |   3805897000 |   3805418000 |   3805760000 |   3804856000 |
|       MAX_CPU_CLOCK       |  FIXC2  |  4808661000 |  4807260000 |  4807127000 |  4807409000 |  4807410000 |  4807410000 |  4806741000 |  4807147000 |  4808495000 |  4808532000 |  4807680000 |  4808018000 |  4808542000 |  4806722000 |  4806778000 |  4808390000 |  4809628000 |  4809090000 |  4808025000 |  4809607000 |  4808068000 |  4809602000 |  4807009000 |  4809570000 |  4808000000 |  4808145000 |  4808877000 |  4808690000 |  4808864000 |  4808864000 |  4808343000 |  4808892000 |  4808676000 |  4808043000 |  4808706000 |  4806849000 |  4808064000 |  4808630000 |  4808678000 |  4808179000 |  4808565000 |  4808524000 |  4808457000 |  4808324000 |  4808481000 |  4808622000 |  4808527000 |  4808416000 |  4808903000 |  4808433000 |  4808798000 |  4808436000 |  4808706000 |  4808449000 |  4808017000 |  4807987000 |  4808525000 |  4808629000 |  4808516000 |  4808634000 |  4808578000 |  4808540000 |  4808739000 |  4808433000 |  4809911000 |  4806908000 |  4806981000 |  4808598000 |  4808750000 |  4808159000 |  4809745000 |  4806816000 |  4809118000 |  4808099000 |  4809593000 |  4808101000 |  4809818000 |  4807750000 |  4808645000 |  4809607000 |  4809515000 |  4808603000 |  4807901000 |  4809576000 |  4808684000 |  4808104000 |  4808839000 |  4808651000 |  4808500000 |  4808525000 |  4807865000 |  4808498000 |  4807593000 |  4806976000 |  4806786000 |  4807928000 |  4809428000 |  4808025000 |  4808117000 |  4808916000 |   4806941000 |   4809391000 |   4809402000 |   4808094000 |   4808050000 |   4808041000 |   4809237000 |   4807779000 |   4808116000 |   4807859000 |   4808499000 |   4807817000 |   4807856000 |   4807524000 |   4808069000 |   4808037000 |   4808337000 |   4808567000 |   4807433000 |   4807794000 |   4808326000 |   4807357000 |   4807293000 |   4807348000 |   4807602000 |   4808320000 |   4808358000 |   4807398000 |   4807528000 |   4808474000 |   4808334000 |   4806169000 |   4807224000 |   4807314000 |   4807299000 |   4808476000 |   4807346000 |   4808256000 |   4807332000 |   4808139000 |   4807470000 |   4806962000 |   4808254000 |   4807307000 |   4806802000 |   4807336000 |   4808267000 |   4806787000 |   4808104000 |   4806199000 |   4807181000 |   4807280000 |   4806828000 |   4807685000 |   4808042000 |   4808710000 |   4807647000 |   4807323000 |   4807638000 |   4807614000 |   4808519000 |   4806975000 |   4807188000 |   4808246000 |   4807421000 |   4807041000 |   4806836000 |   4808556000 |   4807349000 |   4807195000 |   4807122000 |   4808343000 |   4807984000 |   4806222000 |   4807407000 |   4808232000 |   4807520000 |   4807948000 |   4807356000 |   4806790000 |   4806205000 |   4808038000 |   4807225000 |   4806221000 |   4808013000 |   4806794000 |   4807310000 |   4808613000 |   4807422000 |   4807473000 |   4807343000 |   4806130000 |
|    RETIRED_INSTRUCTIONS   |   PMC0  | 12502060000 | 12503550000 | 12503020000 | 12503800000 | 12503220000 | 12503450000 | 12503260000 | 12503630000 | 12503420000 | 12503060000 | 12503460000 | 12503430000 | 12503710000 | 12503630000 | 12503420000 | 12503850000 | 12503500000 | 12503890000 | 12503120000 | 12503410000 | 12503580000 | 12502990000 | 12503230000 | 12503650000 | 12503660000 | 12503770000 | 12503190000 | 12503310000 | 12503470000 | 12503630000 | 12503230000 | 12503650000 | 12500250000 | 12503870000 | 12501200000 | 12503280000 | 12502750000 | 12503940000 | 12503400000 | 12503580000 | 12503580000 | 12503660000 | 12501200000 | 12503600000 | 12501070000 | 12503640000 | 12503380000 | 12503650000 | 12501400000 | 12503210000 | 12503840000 | 12503570000 | 12503780000 | 12503750000 | 12503460000 | 12503280000 | 12503690000 | 12503900000 | 12503300000 | 12503980000 | 12504150000 | 12504110000 | 12503650000 | 12503730000 | 12501790000 | 12503420000 | 12503290000 | 12503840000 | 12503170000 | 12503230000 | 12502830000 | 12504100000 | 12501470000 | 12503230000 | 12503690000 | 12503110000 | 12503730000 | 12502900000 | 12503490000 | 12503800000 | 12503710000 | 12503740000 | 12501580000 | 12503100000 | 12504020000 | 12503760000 | 12503860000 | 12503290000 | 12504010000 | 12503850000 | 12501310000 | 12503710000 | 12503670000 | 12503030000 | 12503530000 | 12503250000 | 12502350000 | 12502930000 | 12502560000 | 12502570000 |  12500300000 |  12502660000 |  12502600000 |  12502210000 |  12500890000 |  12502860000 |  12502650000 |  12502800000 |  12502700000 |  12502790000 |  12502550000 |  12502730000 |  12500600000 |  12502790000 |  12502920000 |  12502610000 |  12500250000 |  12502030000 |  12502420000 |  12502840000 |  12502430000 |  12502620000 |  12502530000 |  12502540000 |  12502500000 |  12502590000 |  12502340000 |  12502550000 |  12502520000 |  12502610000 |  12501880000 |  12502410000 |  12501700000 |  12502540000 |  12502490000 |  12502050000 |  12502070000 |  12502200000 |  12502490000 |  12502380000 |  12502710000 |  12502010000 |  12502590000 |  12502650000 |  12501240000 |  12502700000 |  12502390000 |  12502690000 |  12502620000 |  12502680000 |  12502530000 |  12502750000 |  12500280000 |  12502840000 |  12502500000 |  12502890000 |  12502470000 |  12502660000 |  12502230000 |  12502640000 |  12502630000 |  12502600000 |  12502480000 |  12502420000 |  12502550000 |  12502610000 |  12502470000 |  12503060000 |  12500480000 |  12502650000 |  12502260000 |  12502340000 |  12500350000 |  12502560000 |  12502400000 |  12502610000 |  12502710000 |  12502630000 |  12502850000 |  12502310000 |  12500510000 |  12502020000 |  12502240000 |  12502590000 |  12502490000 |  12502620000 |  12502540000 |  12502500000 |  12503000000 |  12500760000 |  12503110000 |  12503010000 |
|    CPU_CLOCKS_UNHALTED    |   PMC1  |  3771642000 |  3775546000 |  3774982000 |  3774553000 |  3775702000 |  3775873000 |  3775866000 |  3775659000 |  3776854000 |  3777090000 |  3777028000 |  3776853000 |  3776697000 |  3776673000 |  3776237000 |  3776703000 |  3776792000 |  3776949000 |  3776940000 |  3776667000 |  3776844000 |  3776663000 |  3776614000 |  3776699000 |  3777224000 |  3777293000 |  3775574000 |  3777143000 |  3777152000 |  3777082000 |  3776471000 |  3776899000 |  3776348000 |  3776655000 |  3776131000 |  3776017000 |  3776705000 |  3776479000 |  3776331000 |  3776182000 |  3777053000 |  3777028000 |  3776891000 |  3777615000 |  3776948000 |  3777048000 |  3777274000 |  3776892000 |  3777281000 |  3777562000 |  3778288000 |  3777606000 |  3778092000 |  3777670000 |  3777459000 |  3777403000 |  3777537000 |  3778142000 |  3778166000 |  3778334000 |  3778055000 |  3778014000 |  3777893000 |  3777278000 |  3779513000 |  3778279000 |  3778173000 |  3778598000 |  3779156000 |  3777973000 |  3773973000 |  3778271000 |  3777199000 |  3777469000 |  3777457000 |  3777478000 |  3777901000 |  3777140000 |  3777931000 |  3778011000 |  3777869000 |  3777433000 |  3777324000 |  3777479000 |  3777771000 |  3777454000 |  3777911000 |  3777594000 |  3778032000 |  3777911000 |  3777371000 |  3778188000 |  3777604000 |  3776967000 |  3777126000 |  3777541000 |  3772231000 |  3772166000 |  3771559000 |  3772060000 |   3771691000 |   3772239000 |   3772004000 |   3771395000 |   3772088000 |   3772290000 |   3772485000 |   3772516000 |   3771994000 |   3772089000 |   3772214000 |   3771638000 |   3771840000 |   3772061000 |   3771975000 |   3772258000 |   3772055000 |   3772308000 |   3771790000 |   3772311000 |   3772089000 |   3771713000 |   3771777000 |   3771963000 |   3771653000 |   3771847000 |   3771722000 |   3771303000 |   3771105000 |   3771461000 |   3771230000 |   3771179000 |   3771156000 |   3771089000 |   3771131000 |   3771194000 |   3771223000 |   3771359000 |   3771102000 |   3771583000 |   3771214000 |   3771247000 |   3771617000 |   3771265000 |   3771531000 |   3771556000 |   3771498000 |   3771624000 |   3771691000 |   3771335000 |   3771172000 |   3771418000 |   3771142000 |   3771124000 |   3771024000 |   3771218000 |   3770958000 |   3771404000 |   3770936000 |   3771314000 |   3771600000 |   3771137000 |   3771229000 |   3771601000 |   3771305000 |   3771733000 |   3771503000 |   3771433000 |   3770898000 |   3771249000 |   3771378000 |   3771136000 |   3771154000 |   3770976000 |   3770958000 |   3771107000 |   3770867000 |   3771191000 |   3771161000 |   3771052000 |   3771117000 |   3771402000 |   3771051000 |   3771119000 |   3771157000 |   3771505000 |   3771195000 |   3771713000 |   3771127000 |   3770340000 |   3770893000 |   3770450000 |
| RETIRED_SSE_AVX_FLOPS_ALL |   PMC2  | 10000000000 | 10000000000 | 10000000000 | 10000000000 | 10000000000 | 10000000000 | 10000000000 | 10000000000 | 10000000000 | 10000000000 | 10000000000 | 10000000000 | 10000000000 | 10000000000 | 10000000000 | 10000000000 | 10000000000 | 10000000000 | 10000000000 | 10000000000 | 10000000000 | 10000000000 | 10000000000 | 10000000000 | 10000000000 | 10000000000 | 10000000000 | 10000000000 | 10000000000 | 10000000000 | 10000000000 | 10000000000 | 10000000000 | 10000000000 | 10000000000 | 10000000000 | 10000000000 | 10000000000 | 10000000000 | 10000000000 | 10000000000 | 10000000000 | 10000000000 | 10000000000 | 10000000000 | 10000000000 | 10000000000 | 10000000000 | 10000000000 | 10000000000 | 10000000000 | 10000000000 | 10000000000 | 10000000000 | 10000000000 | 10000000000 | 10000000000 | 10000000000 | 10000000000 | 10000000000 | 10000000000 | 10000000000 | 10000000000 | 10000000000 | 10000000000 | 10000000000 | 10000000000 | 10000000000 | 10000000000 | 10000000000 | 10000000000 | 10000000000 | 10000000000 | 10000000000 | 10000000000 | 10000000000 | 10000000000 | 10000000000 | 10000000000 | 10000000000 | 10000000000 | 10000000000 | 10000000000 | 10000000000 | 10000000000 | 10000000000 | 10000000000 | 10000000000 | 10000000000 | 10000000000 | 10000000000 | 10000000000 | 10000000000 | 10000000000 | 10000000000 | 10000000000 | 10000000000 | 10000000000 | 10000000000 | 10000000000 |  10000000000 |  10000000000 |  10000000000 |  10000000000 |  10000000000 |  10000000000 |  10000000000 |  10000000000 |  10000000000 |  10000000000 |  10000000000 |  10000000000 |  10000000000 |  10000000000 |  10000000000 |  10000000000 |  10000000000 |  10000000000 |  10000000000 |  10000000000 |  10000000000 |  10000000000 |  10000000000 |  10000000000 |  10000000000 |  10000000000 |  10000000000 |  10000000000 |  10000000000 |  10000000000 |  10000000000 |  10000000000 |  10000000000 |  10000000000 |  10000000000 |  10000000000 |  10000000000 |  10000000000 |  10000000000 |  10000000000 |  10000000000 |  10000000000 |  10000000000 |  10000000000 |  10000000000 |  10000000000 |  10000000000 |  10000000000 |  10000000000 |  10000000000 |  10000000000 |  10000000000 |  10000000000 |  10000000000 |  10000000000 |  10000000000 |  10000000000 |  10000000000 |  10000000000 |  10000000000 |  10000000000 |  10000000000 |  10000000000 |  10000000000 |  10000000000 |  10000000000 |  10000000000 |  10000000000 |  10000000000 |  10000000000 |  10000000000 |  10000000000 |  10000000000 |  10000000000 |  10000000000 |  10000000000 |  10000000000 |  10000000000 |  10000000000 |  10000000000 |  10000000000 |  10000000000 |  10000000000 |  10000000000 |  10000000000 |  10000000000 |  10000000000 |  10000000000 |  10000000000 |  10000000000 |  10000000000 |  10000000000 |
|           MERGE           |   PMC3  |           0 |           0 |           0 |           0 |           0 |           0 |           0 |           0 |           0 |           0 |           0 |           0 |           0 |           0 |           0 |           0 |           0 |           0 |           0 |           0 |           0 |           0 |           0 |           0 |           0 |           0 |           0 |           0 |           0 |           0 |           0 |           0 |           0 |           0 |           0 |           0 |           0 |           0 |           0 |           0 |           0 |           0 |           0 |           0 |           0 |           0 |           0 |           0 |           0 |           0 |           0 |           0 |           0 |           0 |           0 |           0 |           0 |           0 |           0 |           0 |           0 |           0 |           0 |           0 |           0 |           0 |           0 |           0 |           0 |           0 |           0 |           0 |           0 |           0 |           0 |           0 |           0 |           0 |           0 |           0 |           0 |           0 |           0 |           0 |           0 |           0 |           0 |           0 |           0 |           0 |           0 |           0 |           0 |           0 |           0 |           0 |           0 |           0 |           0 |           0 |            0 |            0 |            0 |            0 |            0 |            0 |            0 |            0 |            0 |            0 |            0 |            0 |            0 |            0 |            0 |            0 |            0 |            0 |            0 |            0 |            0 |            0 |            0 |            0 |            0 |            0 |            0 |            0 |            0 |            0 |            0 |            0 |            0 |            0 |            0 |            0 |            0 |            0 |            0 |            0 |            0 |            0 |            0 |            0 |            0 |            0 |            0 |            0 |            0 |            0 |            0 |            0 |            0 |            0 |            0 |            0 |            0 |            0 |            0 |            0 |            0 |            0 |            0 |            0 |            0 |            0 |            0 |            0 |            0 |            0 |            0 |            0 |            0 |            0 |            0 |            0 |            0 |            0 |            0 |            0 |            0 |            0 |            0 |            0 |            0 |            0 |            0 |            0 |            0 |            0 |            0 |            0 |
+---------------------------+---------+-------------+-------------+-------------+-------------+-------------+-------------+-------------+-------------+-------------+-------------+-------------+-------------+-------------+-------------+-------------+-------------+-------------+-------------+-------------+-------------+-------------+-------------+-------------+-------------+-------------+-------------+-------------+-------------+-------------+-------------+-------------+-------------+-------------+-------------+-------------+-------------+-------------+-------------+-------------+-------------+-------------+-------------+-------------+-------------+-------------+-------------+-------------+-------------+-------------+-------------+-------------+-------------+-------------+-------------+-------------+-------------+-------------+-------------+-------------+-------------+-------------+-------------+-------------+-------------+-------------+-------------+-------------+-------------+-------------+-------------+-------------+-------------+-------------+-------------+-------------+-------------+-------------+-------------+-------------+-------------+-------------+-------------+-------------+-------------+-------------+-------------+-------------+-------------+-------------+-------------+-------------+-------------+-------------+-------------+-------------+-------------+-------------+-------------+-------------+-------------+--------------+--------------+--------------+--------------+--------------+--------------+--------------+--------------+--------------+--------------+--------------+--------------+--------------+--------------+--------------+--------------+--------------+--------------+--------------+--------------+--------------+--------------+--------------+--------------+--------------+--------------+--------------+--------------+--------------+--------------+--------------+--------------+--------------+--------------+--------------+--------------+--------------+--------------+--------------+--------------+--------------+--------------+--------------+--------------+--------------+--------------+--------------+--------------+--------------+--------------+--------------+--------------+--------------+--------------+--------------+--------------+--------------+--------------+--------------+--------------+--------------+--------------+--------------+--------------+--------------+--------------+--------------+--------------+--------------+--------------+--------------+--------------+--------------+--------------+--------------+--------------+--------------+--------------+--------------+--------------+--------------+--------------+--------------+--------------+--------------+--------------+--------------+--------------+--------------+--------------+--------------+--------------+

+--------------------------------+---------+---------------+-------------+-------------+--------------+
|              Event             | Counter |      Sum      |     Min     |     Max     |      Avg     |
+--------------------------------+---------+---------------+-------------+-------------+--------------+
|      ACTUAL_CPU_CLOCK STAT     |  FIXC1  |  730780179000 |  3804856000 |  3807391000 | 3.806147e+09 |
|       MAX_CPU_CLOCK STAT       |  FIXC2  |  923138498000 |  4806130000 |  4809911000 | 4.808013e+09 |
|    RETIRED_INSTRUCTIONS STAT   |   PMC0  | 2400541090000 | 12500250000 | 12504150000 | 1.250282e+10 |
|    CPU_CLOCKS_UNHALTED STAT    |   PMC1  |  724663599000 |  3770340000 |  3779513000 | 3.774290e+09 |
| RETIRED_SSE_AVX_FLOPS_ALL STAT |   PMC2  | 1920000000000 | 10000000000 | 10000000000 |  10000000000 |
|           MERGE STAT           |   PMC3  |             0 |           0 |           0 |            0 |
+--------------------------------+---------+---------------+-------------+-------------+--------------+

+----------------------+------------+------------+------------+------------+------------+------------+------------+------------+------------+------------+-------------+-------------+-------------+-------------+-------------+-------------+-------------+-------------+-------------+-------------+-------------+-------------+-------------+-------------+-------------+-------------+-------------+-------------+-------------+-------------+-------------+-------------+-------------+-------------+-------------+-------------+-------------+-------------+-------------+-------------+-------------+-------------+-------------+-------------+-------------+-------------+-------------+-------------+-------------+-------------+-------------+-------------+-------------+-------------+-------------+-------------+-------------+-------------+-------------+-------------+-------------+-------------+-------------+-------------+-------------+-------------+-------------+-------------+-------------+-------------+-------------+-------------+-------------+-------------+-------------+-------------+-------------+-------------+-------------+-------------+-------------+-------------+-------------+-------------+-------------+-------------+-------------+-------------+-------------+-------------+-------------+-------------+-------------+-------------+-------------+-------------+-------------+-------------+-------------+-------------+--------------+--------------+--------------+--------------+--------------+--------------+--------------+--------------+--------------+--------------+--------------+--------------+--------------+--------------+--------------+--------------+--------------+--------------+--------------+--------------+--------------+--------------+--------------+--------------+--------------+--------------+--------------+--------------+--------------+--------------+--------------+--------------+--------------+--------------+--------------+--------------+--------------+--------------+--------------+--------------+--------------+--------------+--------------+--------------+--------------+--------------+--------------+--------------+--------------+--------------+--------------+--------------+--------------+--------------+--------------+--------------+--------------+--------------+--------------+--------------+--------------+--------------+--------------+--------------+--------------+--------------+--------------+--------------+--------------+--------------+--------------+--------------+--------------+--------------+--------------+--------------+--------------+--------------+--------------+--------------+--------------+--------------+--------------+--------------+--------------+--------------+--------------+--------------+--------------+--------------+--------------+--------------+
|        Metric        | HWThread 0 | HWThread 1 | HWThread 2 | HWThread 3 | HWThread 4 | HWThread 5 | HWThread 6 | HWThread 7 | HWThread 8 | HWThread 9 | HWThread 10 | HWThread 11 | HWThread 12 | HWThread 13 | HWThread 14 | HWThread 15 | HWThread 16 | HWThread 17 | HWThread 18 | HWThread 19 | HWThread 20 | HWThread 21 | HWThread 22 | HWThread 23 | HWThread 24 | HWThread 25 | HWThread 26 | HWThread 27 | HWThread 28 | HWThread 29 | HWThread 30 | HWThread 31 | HWThread 32 | HWThread 33 | HWThread 34 | HWThread 35 | HWThread 36 | HWThread 37 | HWThread 38 | HWThread 39 | HWThread 40 | HWThread 41 | HWThread 42 | HWThread 43 | HWThread 44 | HWThread 45 | HWThread 46 | HWThread 47 | HWThread 48 | HWThread 49 | HWThread 50 | HWThread 51 | HWThread 52 | HWThread 53 | HWThread 54 | HWThread 55 | HWThread 56 | HWThread 57 | HWThread 58 | HWThread 59 | HWThread 60 | HWThread 61 | HWThread 62 | HWThread 63 | HWThread 64 | HWThread 65 | HWThread 66 | HWThread 67 | HWThread 68 | HWThread 69 | HWThread 70 | HWThread 71 | HWThread 72 | HWThread 73 | HWThread 74 | HWThread 75 | HWThread 76 | HWThread 77 | HWThread 78 | HWThread 79 | HWThread 80 | HWThread 81 | HWThread 82 | HWThread 83 | HWThread 84 | HWThread 85 | HWThread 86 | HWThread 87 | HWThread 88 | HWThread 89 | HWThread 90 | HWThread 91 | HWThread 92 | HWThread 93 | HWThread 94 | HWThread 95 | HWThread 96 | HWThread 97 | HWThread 98 | HWThread 99 | HWThread 100 | HWThread 101 | HWThread 102 | HWThread 103 | HWThread 104 | HWThread 105 | HWThread 106 | HWThread 107 | HWThread 108 | HWThread 109 | HWThread 110 | HWThread 111 | HWThread 112 | HWThread 113 | HWThread 114 | HWThread 115 | HWThread 116 | HWThread 117 | HWThread 118 | HWThread 119 | HWThread 120 | HWThread 121 | HWThread 122 | HWThread 123 | HWThread 124 | HWThread 125 | HWThread 126 | HWThread 127 | HWThread 128 | HWThread 129 | HWThread 130 | HWThread 131 | HWThread 132 | HWThread 133 | HWThread 134 | HWThread 135 | HWThread 136 | HWThread 137 | HWThread 138 | HWThread 139 | HWThread 140 | HWThread 141 | HWThread 142 | HWThread 143 | HWThread 144 | HWThread 145 | HWThread 146 | HWThread 147 | HWThread 148 | HWThread 149 | HWThread 150 | HWThread 151 | HWThread 152 | HWThread 153 | HWThread 154 | HWThread 155 | HWThread 156 | HWThread 157 | HWThread 158 | HWThread 159 | HWThread 160 | HWThread 161 | HWThread 162 | HWThread 163 | HWThread 164 | HWThread 165 | HWThread 166 | HWThread 167 | HWThread 168 | HWThread 169 | HWThread 170 | HWThread 171 | HWThread 172 | HWThread 173 | HWThread 174 | HWThread 175 | HWThread 176 | HWThread 177 | HWThread 178 | HWThread 179 | HWThread 180 | HWThread 181 | HWThread 182 | HWThread 183 | HWThread 184 | HWThread 185 | HWThread 186 | HWThread 187 | HWThread 188 | HWThread 189 | HWThread 190 | HWThread 191 |
+----------------------+------------+------------+------------+------------+------------+------------+------------+------------+------------+------------+-------------+-------------+-------------+-------------+-------------+-------------+-------------+-------------+-------------+-------------+-------------+-------------+-------------+-------------+-------------+-------------+-------------+-------------+-------------+-------------+-------------+-------------+-------------+-------------+-------------+-------------+-------------+-------------+-------------+-------------+-------------+-------------+-------------+-------------+-------------+-------------+-------------+-------------+-------------+-------------+-------------+-------------+-------------+-------------+-------------+-------------+-------------+-------------+-------------+-------------+-------------+-------------+-------------+-------------+-------------+-------------+-------------+-------------+-------------+-------------+-------------+-------------+-------------+-------------+-------------+-------------+-------------+-------------+-------------+-------------+-------------+-------------+-------------+-------------+-------------+-------------+-------------+-------------+-------------+-------------+-------------+-------------+-------------+-------------+-------------+-------------+-------------+-------------+-------------+-------------+--------------+--------------+--------------+--------------+--------------+--------------+--------------+--------------+--------------+--------------+--------------+--------------+--------------+--------------+--------------+--------------+--------------+--------------+--------------+--------------+--------------+--------------+--------------+--------------+--------------+--------------+--------------+--------------+--------------+--------------+--------------+--------------+--------------+--------------+--------------+--------------+--------------+--------------+--------------+--------------+--------------+--------------+--------------+--------------+--------------+--------------+--------------+--------------+--------------+--------------+--------------+--------------+--------------+--------------+--------------+--------------+--------------+--------------+--------------+--------------+--------------+--------------+--------------+--------------+--------------+--------------+--------------+--------------+--------------+--------------+--------------+--------------+--------------+--------------+--------------+--------------+--------------+--------------+--------------+--------------+--------------+--------------+--------------+--------------+--------------+--------------+--------------+--------------+--------------+--------------+--------------+--------------+
|  Runtime (RDTSC) [s] |     2.0014 |     2.0011 |     2.0011 |     2.0011 |     2.0011 |     2.0011 |     2.0011 |     2.0011 |     2.0013 |     2.0013 |      2.0014 |      2.0014 |      2.0013 |      2.0011 |      2.0011 |      2.0013 |      2.0013 |      2.0013 |      2.0013 |      2.0013 |      2.0013 |      2.0013 |      2.0011 |      2.0013 |      2.0013 |      2.0013 |      2.0013 |      2.0013 |      2.0013 |      2.0013 |      2.0013 |      2.0013 |      2.0013 |      2.0014 |      2.0013 |      2.0011 |      2.0014 |      2.0013 |      2.0013 |      2.0013 |      2.0014 |      2.0013 |      2.0013 |      2.0016 |      2.0013 |      2.0013 |      2.0016 |      2.0013 |      2.0014 |      2.0014 |      2.0017 |      2.0014 |      2.0017 |      2.0014 |      2.0014 |      2.0013 |      2.0013 |      2.0017 |      2.0017 |      2.0017 |      2.0017 |      2.0017 |      2.0016 |      2.0013 |      2.0017 |      2.0010 |      2.0011 |      2.0011 |      2.0014 |      2.0010 |      2.0016 |      2.0011 |      2.0014 |      2.0013 |      2.0014 |      2.0014 |      2.0017 |      2.0014 |      2.0017 |      2.0018 |      2.0017 |      2.0013 |      2.0014 |      2.0014 |      2.0017 |      2.0014 |      2.0017 |      2.0017 |      2.0016 |      2.0016 |      2.0014 |      2.0017 |      2.0014 |      2.0010 |      2.0011 |      2.0014 |      2.0014 |      2.0014 |      2.0011 |      2.0014 |       2.0011 |       2.0014 |       2.0014 |       2.0011 |       2.0011 |       2.0011 |       2.0014 |       2.0013 |       2.0011 |       2.0011 |       2.0012 |       2.0011 |       2.0010 |       2.0010 |       2.0011 |       2.0011 |       2.0010 |       2.0011 |       2.0010 |       2.0010 |       2.0012 |       2.0010 |       2.0010 |       2.0010 |       2.0010 |       2.0011 |       2.0010 |       2.0010 |       2.0010 |       2.0010 |       2.0012 |       2.0009 |       2.0010 |       2.0009 |       2.0009 |       2.0010 |       2.0009 |       2.0010 |       2.0010 |       2.0010 |       2.0010 |       2.0010 |       2.0011 |       2.0010 |       2.0011 |       2.0010 |       2.0010 |       2.0010 |       2.0011 |       2.0010 |       2.0009 |       2.0010 |       2.0010 |       2.0010 |       2.0011 |       2.0011 |       2.0010 |       2.0010 |       2.0010 |       2.0011 |       2.0011 |       2.0010 |       2.0010 |       2.0010 |       2.0010 |       2.0010 |       2.0011 |       2.0011 |       2.0009 |       2.0010 |       2.0010 |       2.0010 |       2.0010 |       2.0010 |       2.0010 |       2.0010 |       2.0010 |       2.0011 |       2.0010 |       2.0011 |       2.0010 |       2.0011 |       2.0010 |       2.0010 |       2.0010 |       2.0011 |       2.0010 |       2.0011 |       2.0011 |       2.0010 |       2.0009 |       2.0010 |
| Runtime unhalted [s] |     1.5866 |     1.5862 |     1.5861 |     1.5864 |     1.5864 |     1.5864 |     1.5863 |     1.5861 |     1.5865 |     1.5865 |      1.5863 |      1.5863 |      1.5865 |      1.5863 |      1.5863 |      1.5863 |      1.5869 |      1.5868 |      1.5864 |      1.5869 |      1.5864 |      1.5869 |      1.5865 |      1.5869 |      1.5865 |      1.5864 |      1.5865 |      1.5865 |      1.5865 |      1.5865 |      1.5865 |      1.5865 |      1.5866 |      1.5865 |      1.5866 |      1.5865 |      1.5864 |      1.5865 |      1.5866 |      1.5864 |      1.5867 |      1.5866 |      1.5866 |      1.5865 |      1.5866 |      1.5865 |      1.5866 |      1.5865 |      1.5865 |      1.5865 |      1.5867 |      1.5865 |      1.5865 |      1.5864 |      1.5863 |      1.5863 |      1.5867 |      1.5866 |      1.5865 |      1.5866 |      1.5865 |      1.5865 |      1.5865 |      1.5866 |      1.5870 |      1.5863 |      1.5865 |      1.5866 |      1.5868 |      1.5868 |      1.5869 |      1.5863 |      1.5869 |      1.5865 |      1.5870 |      1.5864 |      1.5870 |      1.5864 |      1.5866 |      1.5869 |      1.5869 |      1.5866 |      1.5865 |      1.5869 |      1.5865 |      1.5866 |      1.5867 |      1.5866 |      1.5865 |      1.5865 |      1.5864 |      1.5864 |      1.5864 |      1.5864 |      1.5863 |      1.5864 |      1.5867 |      1.5866 |      1.5866 |      1.5869 |       1.5865 |       1.5867 |       1.5867 |       1.5869 |       1.5868 |       1.5868 |       1.5867 |       1.5866 |       1.5868 |       1.5867 |       1.5865 |       1.5867 |       1.5865 |       1.5862 |       1.5866 |       1.5865 |       1.5864 |       1.5867 |       1.5862 |       1.5866 |       1.5866 |       1.5861 |       1.5861 |       1.5861 |       1.5862 |       1.5864 |       1.5864 |       1.5861 |       1.5861 |       1.5865 |       1.5866 |       1.5859 |       1.5861 |       1.5861 |       1.5863 |       1.5865 |       1.5863 |       1.5866 |       1.5863 |       1.5865 |       1.5862 |       1.5861 |       1.5864 |       1.5863 |       1.5863 |       1.5861 |       1.5866 |       1.5863 |       1.5865 |       1.5860 |       1.5862 |       1.5861 |       1.5864 |       1.5862 |       1.5865 |       1.5865 |       1.5865 |       1.5863 |       1.5862 |       1.5866 |       1.5867 |       1.5861 |       1.5862 |       1.5864 |       1.5861 |       1.5862 |       1.5864 |       1.5865 |       1.5861 |       1.5863 |       1.5863 |       1.5864 |       1.5865 |       1.5860 |       1.5861 |       1.5866 |       1.5864 |       1.5867 |       1.5861 |       1.5863 |       1.5860 |       1.5866 |       1.5863 |       1.5860 |       1.5865 |       1.5864 |       1.5863 |       1.5865 |       1.5864 |       1.5862 |       1.5863 |       1.5859 |
|      Clock [MHz]     |  1899.1350 |  1899.1550 |  1899.1801 |  1899.3492 |  1899.3478 |  1899.3548 |  1899.5552 |  1899.1767 |  1899.0474 |  1899.0408 |   1899.1887 |   1899.0612 |   1899.0393 |   1899.5378 |   1899.5820 |   1898.8704 |   1899.1168 |   1899.1956 |   1899.0973 |   1899.1256 |   1899.1831 |   1899.1241 |   1899.6430 |   1899.1303 |   1899.2514 |   1899.1368 |   1898.9604 |   1898.9829 |   1898.9376 |   1898.9182 |   1899.1454 |   1898.9400 |   1899.1665 |   1899.2314 |   1899.1642 |   1899.7017 |   1899.0774 |   1899.0295 |   1899.1787 |   1899.0999 |   1899.2548 |   1899.2271 |   1899.1622 |   1899.1609 |   1899.1582 |   1899.0272 |   1899.1890 |   1899.1649 |   1898.9157 |   1899.1363 |   1899.1722 |   1899.1486 |   1899.0160 |   1899.0297 |   1899.0616 |   1899.0949 |   1899.2845 |   1899.1537 |   1899.0436 |   1899.0978 |   1899.0610 |   1899.0371 |   1899.0184 |   1899.2460 |   1899.0939 |   1899.5027 |   1899.6351 |   1899.1839 |   1899.3084 |   1899.5858 |   1899.1195 |   1899.5475 |   1899.2753 |   1899.2981 |   1899.2225 |   1899.1392 |   1899.1216 |   1899.2698 |   1899.1613 |   1899.1162 |   1899.1535 |   1899.2063 |   1899.3569 |   1899.1244 |   1899.0431 |   1899.3555 |   1899.1501 |   1899.1764 |   1899.0420 |   1899.0391 |   1899.1930 |   1899.0188 |   1899.2620 |   1899.5402 |   1899.5015 |   1899.1895 |   1898.9429 |   1899.3858 |   1899.4038 |   1899.3856 |    1899.7033 |    1898.9969 |    1898.9417 |    1899.6744 |    1899.6199 |    1899.6479 |    1899.0737 |    1899.4340 |    1899.6003 |    1899.6335 |    1899.0613 |    1899.5348 |    1899.3203 |    1899.0607 |    1899.3235 |    1899.3196 |    1899.0460 |    1899.2710 |    1899.0872 |    1899.5184 |    1899.2758 |    1899.0842 |    1899.0706 |    1899.0868 |    1899.0469 |    1899.0272 |    1899.0442 |    1899.0860 |    1899.0337 |    1899.0627 |    1899.2682 |    1899.3400 |    1899.0834 |    1899.1042 |    1899.2973 |    1899.0614 |    1899.3117 |    1899.2755 |    1899.2942 |    1899.2609 |    1899.0760 |    1899.2423 |    1899.0593 |    1899.3036 |    1899.5695 |    1899.0881 |    1899.2737 |    1899.5735 |    1899.2677 |    1899.3621 |    1899.2795 |    1899.0752 |    1899.5917 |    1899.0111 |    1899.3227 |    1899.0279 |    1899.4148 |    1899.2843 |    1899.0291 |    1899.5691 |    1899.2670 |    1899.2162 |    1899.2813 |    1899.0570 |    1899.0869 |    1899.3144 |    1899.5861 |    1899.0503 |    1899.0899 |    1899.3409 |    1899.3498 |    1899.0506 |    1899.3216 |    1899.3795 |    1899.0760 |    1899.2646 |    1899.3562 |    1899.5155 |    1899.0757 |    1899.5743 |    1899.3702 |    1899.3272 |    1899.2986 |    1899.3614 |    1899.3097 |    1899.5867 |    1899.2775 |    1899.0447 |    1899.3345 |    1899.0754 |    1899.2974 |    1899.3255 |
|          CPI         |     0.3017 |     0.3020 |     0.3019 |     0.3019 |     0.3020 |     0.3020 |     0.3020 |     0.3020 |     0.3021 |     0.3021 |      0.3021 |      0.3021 |      0.3020 |      0.3020 |      0.3020 |      0.3020 |      0.3021 |      0.3021 |      0.3021 |      0.3021 |      0.3021 |      0.3021 |      0.3021 |      0.3020 |      0.3021 |      0.3021 |      0.3020 |      0.3021 |      0.3021 |      0.3021 |      0.3020 |      0.3021 |      0.3021 |      0.3020 |      0.3021 |      0.3020 |      0.3021 |      0.3020 |      0.3020 |      0.3020 |      0.3021 |      0.3021 |      0.3021 |      0.3021 |      0.3021 |      0.3021 |      0.3021 |      0.3021 |      0.3021 |      0.3021 |      0.3022 |      0.3021 |      0.3022 |      0.3021 |      0.3021 |      0.3021 |      0.3021 |      0.3022 |      0.3022 |      0.3022 |      0.3021 |      0.3021 |      0.3021 |      0.3021 |      0.3023 |      0.3022 |      0.3022 |      0.3022 |      0.3023 |      0.3022 |      0.3018 |      0.3022 |      0.3021 |      0.3021 |      0.3021 |      0.3021 |      0.3021 |      0.3021 |      0.3022 |      0.3021 |      0.3021 |      0.3021 |      0.3021 |      0.3021 |      0.3021 |      0.3021 |      0.3021 |      0.3021 |      0.3021 |      0.3021 |      0.3022 |      0.3022 |      0.3021 |      0.3021 |      0.3021 |      0.3021 |      0.3017 |      0.3017 |      0.3017 |      0.3017 |       0.3017 |       0.3017 |       0.3017 |       0.3017 |       0.3017 |       0.3017 |       0.3017 |       0.3017 |       0.3017 |       0.3017 |       0.3017 |       0.3017 |       0.3017 |       0.3017 |       0.3017 |       0.3017 |       0.3018 |       0.3017 |       0.3017 |       0.3017 |       0.3017 |       0.3017 |       0.3017 |       0.3017 |       0.3017 |       0.3017 |       0.3017 |       0.3016 |       0.3016 |       0.3017 |       0.3017 |       0.3016 |       0.3017 |       0.3016 |       0.3016 |       0.3016 |       0.3016 |       0.3017 |       0.3016 |       0.3017 |       0.3016 |       0.3017 |       0.3017 |       0.3016 |       0.3017 |       0.3017 |       0.3017 |       0.3017 |       0.3017 |       0.3016 |       0.3016 |       0.3016 |       0.3017 |       0.3016 |       0.3016 |       0.3016 |       0.3016 |       0.3016 |       0.3016 |       0.3016 |       0.3017 |       0.3016 |       0.3016 |       0.3017 |       0.3016 |       0.3017 |       0.3017 |       0.3016 |       0.3017 |       0.3016 |       0.3017 |       0.3016 |       0.3017 |       0.3016 |       0.3016 |       0.3016 |       0.3016 |       0.3016 |       0.3016 |       0.3016 |       0.3017 |       0.3017 |       0.3016 |       0.3016 |       0.3016 |       0.3017 |       0.3016 |       0.3017 |       0.3016 |       0.3016 |       0.3016 |       0.3016 |
|     SP [MFLOP/s]     |  4996.4201 |  4997.3439 |  4997.3564 |  4997.3414 |  4997.3689 |  4997.3589 |  4997.3589 |  4997.3314 |  4996.6772 |  4996.7246 |   4996.5449 |   4996.4550 |   4996.6772 |   4997.2590 |   4997.3164 |   4996.7222 |   4996.8345 |   4996.8020 |   4996.7546 |   4996.7346 |   4996.7671 |   4996.7296 |   4997.1516 |   4996.6747 |   4996.8295 |   4996.7147 |   4996.6997 |   4996.8145 |   4996.7072 |   4996.8145 |   4996.7621 |   4996.8070 |   4996.7246 |   4996.4525 |   4996.7771 |   4997.3464 |   4996.4825 |   4996.6972 |   4996.6972 |   4996.8045 |   4996.5474 |   4996.6472 |   4996.6572 |   4995.9233 |   4996.6547 |   4996.6273 |   4995.9433 |   4996.6647 |   4996.5948 |   4996.6148 |   4995.7087 |   4996.6073 |   4995.7386 |   4996.6248 |   4996.4625 |   4996.7346 |   4996.6572 |   4995.8659 |   4995.8285 |   4995.7935 |   4995.8110 |   4995.8609 |   4995.9208 |   4996.8195 |   4995.7861 |   4997.4014 |   4997.2091 |   4997.2091 |   4996.4675 |   4997.3964 |   4995.9208 |   4997.2565 |   4996.5349 |   4996.7371 |   4996.4301 |   4996.4101 |   4995.8310 |   4996.6198 |   4995.8085 |   4995.4566 |   4995.7910 |   4996.6348 |   4996.4251 |   4996.4101 |   4995.8085 |   4996.5449 |   4995.7736 |   4995.7586 |   4995.8934 |   4995.9208 |   4996.5424 |   4995.7561 |   4996.4325 |   4997.4538 |   4997.1666 |   4996.5249 |   4996.4251 |   4996.5798 |   4997.3114 |   4996.5674 |    4997.3114 |    4996.3926 |    4996.5748 |    4997.2865 |    4997.2565 |    4997.1866 |    4996.5823 |    4996.6847 |    4997.1416 |    4997.2915 |    4997.1217 |    4997.3439 |    4997.5012 |    4997.6086 |    4997.3264 |    4997.3139 |    4997.4213 |    4997.3664 |    4997.6012 |    4997.3889 |    4997.1242 |    4997.5537 |    4997.5612 |    4997.6111 |    4997.6061 |    4997.1441 |    4997.4113 |    4997.5987 |    4997.6111 |    4997.4238 |    4997.1067 |    4997.6336 |    4997.5612 |    4997.6336 |    4997.6336 |    4997.4488 |    4997.6286 |    4997.4513 |    4997.6012 |    4997.4238 |    4997.5837 |    4997.5337 |    4997.1391 |    4997.5962 |    4997.3564 |    4997.6211 |    4997.4238 |    4997.3964 |    4997.3389 |    4997.5612 |    4997.6386 |    4997.5487 |    4997.4163 |    4997.5762 |    4997.3614 |    4997.3464 |    4997.5637 |    4997.5562 |    4997.6111 |    4997.3314 |    4997.3489 |    4997.4238 |    4997.5987 |    4997.4463 |    4997.6136 |    4997.4238 |    4997.3539 |    4997.3514 |    4997.6286 |    4997.3989 |    4997.4014 |    4997.3964 |    4997.3789 |    4997.6261 |    4997.6186 |    4997.4463 |    4997.6261 |    4997.3589 |    4997.6111 |    4997.3764 |    4997.6061 |    4997.3764 |    4997.6061 |    4997.6086 |    4997.3839 |    4997.3664 |    4997.5612 |    4997.3689 |    4997.3689 |    4997.6036 |    4997.6386 |    4997.6261 |
+----------------------+------------+------------+------------+------------+------------+------------+------------+------------+------------+------------+-------------+-------------+-------------+-------------+-------------+-------------+-------------+-------------+-------------+-------------+-------------+-------------+-------------+-------------+-------------+-------------+-------------+-------------+-------------+-------------+-------------+-------------+-------------+-------------+-------------+-------------+-------------+-------------+-------------+-------------+-------------+-------------+-------------+-------------+-------------+-------------+-------------+-------------+-------------+-------------+-------------+-------------+-------------+-------------+-------------+-------------+-------------+-------------+-------------+-------------+-------------+-------------+-------------+-------------+-------------+-------------+-------------+-------------+-------------+-------------+-------------+-------------+-------------+-------------+-------------+-------------+-------------+-------------+-------------+-------------+-------------+-------------+-------------+-------------+-------------+-------------+-------------+-------------+-------------+-------------+-------------+-------------+-------------+-------------+-------------+-------------+-------------+-------------+-------------+-------------+--------------+--------------+--------------+--------------+--------------+--------------+--------------+--------------+--------------+--------------+--------------+--------------+--------------+--------------+--------------+--------------+--------------+--------------+--------------+--------------+--------------+--------------+--------------+--------------+--------------+--------------+--------------+--------------+--------------+--------------+--------------+--------------+--------------+--------------+--------------+--------------+--------------+--------------+--------------+--------------+--------------+--------------+--------------+--------------+--------------+--------------+--------------+--------------+--------------+--------------+--------------+--------------+--------------+--------------+--------------+--------------+--------------+--------------+--------------+--------------+--------------+--------------+--------------+--------------+--------------+--------------+--------------+--------------+--------------+--------------+--------------+--------------+--------------+--------------+--------------+--------------+--------------+--------------+--------------+--------------+--------------+--------------+--------------+--------------+--------------+--------------+--------------+--------------+--------------+--------------+--------------+--------------+

+---------------------------+-------------+-----------+-----------+-----------+
|           Metric          |     Sum     |    Min    |    Max    |    Avg    |
+---------------------------+-------------+-----------+-----------+-----------+
|  Runtime (RDTSC) [s] STAT |    384.2327 |    2.0009 |    2.0018 |    2.0012 |
| Runtime unhalted [s] STAT |    304.6003 |    1.5859 |    1.5870 |    1.5865 |
|      Clock [MHz] STAT     | 364651.3389 | 1898.8704 | 1899.7033 | 1899.2257 |
|          CPI STAT         |     57.9597 |    0.3016 |    0.3023 |    0.3019 |
|     SP [MFLOP/s] STAT     | 959420.8537 | 4995.4566 | 4997.6386 | 4996.9836 |
+---------------------------+-------------+-----------+-----------+-----------+

