INFO: You are running LIKWID in a cpuset with 48 CPUs. Taking given IDs as logical ID in cpuset
--------------------------------------------------------------------------------
CPU name:	AMD EPYC 9654 96-Core Processor                
CPU type:	AMD K19 (Zen4) architecture
CPU clock:	2.40 GHz
--------------------------------------------------------------------------------
Warning: Sanitizing vector length to a multiple of the loop stride 16 and thread count 24 from 3000000 elements (12000000 bytes) to 2999808 elements (11999232 bytes)
Allocate: Process running on hwthread 0 (Domain N) - Vector length 2999808/11999232 Offset 0 Alignment 1024
Initialization: Each thread in domain initializes its own stream chunks
--------------------------------------------------------------------------------
LIKWID MICRO BENCHMARK
Test: peakflops_sp_avx512_fma
--------------------------------------------------------------------------------
Using 1 work groups
Using 24 threads
--------------------------------------------------------------------------------
Using Likwid Marker API
--------------------------------------------------------------------------------
Group: 0 Thread 0 Global Thread 0 running on hwthread 0 - Vector length 124992 Offset 0
Group: 0 Thread 1 Global Thread 1 running on hwthread 1 - Vector length 124992 Offset 124992
Group: 0 Thread 2 Global Thread 2 running on hwthread 2 - Vector length 124992 Offset 249984
Group: 0 Thread 3 Global Thread 3 running on hwthread 3 - Vector length 124992 Offset 374976
Group: 0 Thread 4 Global Thread 4 running on hwthread 4 - Vector length 124992 Offset 499968
Group: 0 Thread 5 Global Thread 5 running on hwthread 5 - Vector length 124992 Offset 624960
Group: 0 Thread 6 Global Thread 6 running on hwthread 6 - Vector length 124992 Offset 749952
Group: 0 Thread 7 Global Thread 7 running on hwthread 7 - Vector length 124992 Offset 874944
Group: 0 Thread 8 Global Thread 8 running on hwthread 8 - Vector length 124992 Offset 999936
Group: 0 Thread 9 Global Thread 9 running on hwthread 9 - Vector length 124992 Offset 1124928
Group: 0 Thread 10 Global Thread 10 running on hwthread 10 - Vector length 124992 Offset 1249920
Group: 0 Thread 11 Global Thread 11 running on hwthread 11 - Vector length 124992 Offset 1374912
Group: 0 Thread 12 Global Thread 12 running on hwthread 12 - Vector length 124992 Offset 1499904
Group: 0 Thread 13 Global Thread 13 running on hwthread 13 - Vector length 124992 Offset 1624896
Group: 0 Thread 14 Global Thread 14 running on hwthread 14 - Vector length 124992 Offset 1749888
Group: 0 Thread 15 Global Thread 15 running on hwthread 15 - Vector length 124992 Offset 1874880
Group: 0 Thread 16 Global Thread 16 running on hwthread 16 - Vector length 124992 Offset 1999872
Group: 0 Thread 17 Global Thread 17 running on hwthread 17 - Vector length 124992 Offset 2124864
Group: 0 Thread 18 Global Thread 18 running on hwthread 18 - Vector length 124992 Offset 2249856
Group: 0 Thread 19 Global Thread 19 running on hwthread 19 - Vector length 124992 Offset 2374848
Group: 0 Thread 20 Global Thread 20 running on hwthread 20 - Vector length 124992 Offset 2499840
Group: 0 Thread 21 Global Thread 21 running on hwthread 21 - Vector length 124992 Offset 2624832
Group: 0 Thread 22 Global Thread 22 running on hwthread 22 - Vector length 124992 Offset 2749824
Group: 0 Thread 23 Global Thread 23 running on hwthread 23 - Vector length 124992 Offset 2874816
--------------------------------------------------------------------------------
Cycles:			746562336
CPU Clock:		2399924868
Cycle Clock:		2399924868
Time:			3.110774e-01 sec
Iterations:		120000
Iterations per thread:	5000
Inner loop executions:	7812
Size (Byte):		11999232
Size per thread:	499968
Number of Flops:	449971200000
MFlops/s:		1446492.84
Data volume (Byte):	59996160000
MByte/s:		192865.71
Cycles per update:	0.049774
Cycles per cacheline:	0.796384
Loads per update:	1
Stores per update:	0
Load bytes per element:	4
Store bytes per elem.:	0
Instructions:		17811360032
UOPs:			16873920000
--------------------------------------------------------------------------------
Writing Likwid Marker API results to file /tmp/likwid_769412.txt
--------------------------------------------------------------------------------
Region bench, Group 1: FLOPS_SP
+-------------------+------------+------------+------------+------------+------------+------------+------------+------------+------------+------------+-------------+-------------+-------------+-------------+-------------+-------------+-------------+-------------+-------------+-------------+-------------+-------------+-------------+-------------+
|    Region Info    | HWThread 0 | HWThread 1 | HWThread 2 | HWThread 3 | HWThread 4 | HWThread 5 | HWThread 6 | HWThread 7 | HWThread 8 | HWThread 9 | HWThread 10 | HWThread 11 | HWThread 12 | HWThread 13 | HWThread 14 | HWThread 15 | HWThread 16 | HWThread 17 | HWThread 18 | HWThread 19 | HWThread 20 | HWThread 21 | HWThread 22 | HWThread 23 |
+-------------------+------------+------------+------------+------------+------------+------------+------------+------------+------------+------------+-------------+-------------+-------------+-------------+-------------+-------------+-------------+-------------+-------------+-------------+-------------+-------------+-------------+-------------+
| RDTSC Runtime [s] |   0.311019 |   0.311057 |   0.311057 |   0.311057 |   0.311052 |   0.311016 |   0.311061 |   0.311064 |   0.311044 |   0.311048 |    0.311062 |    0.311078 |    0.311044 |    0.311026 |    0.311080 |    0.311076 |    0.311026 |    0.311037 |    0.311027 |    0.311051 |    0.311050 |    0.311027 |    0.311028 |    0.311020 |
|     call count    |          1 |          1 |          1 |          1 |          1 |          1 |          1 |          1 |          1 |          1 |           1 |           1 |           1 |           1 |           1 |           1 |           1 |           1 |           1 |           1 |           1 |           1 |           1 |           1 |
+-------------------+------------+------------+------------+------------+------------+------------+------------+------------+------------+------------+-------------+-------------+-------------+-------------+-------------+-------------+-------------+-------------+-------------+-------------+-------------+-------------+-------------+-------------+

+---------------------------+---------+-------------+-------------+-------------+-------------+-------------+-------------+-------------+-------------+-------------+-------------+-------------+-------------+-------------+-------------+-------------+-------------+-------------+-------------+-------------+-------------+-------------+-------------+-------------+-------------+
|           Event           | Counter |  HWThread 0 |  HWThread 1 |  HWThread 2 |  HWThread 3 |  HWThread 4 |  HWThread 5 |  HWThread 6 |  HWThread 7 |  HWThread 8 |  HWThread 9 | HWThread 10 | HWThread 11 | HWThread 12 | HWThread 13 | HWThread 14 | HWThread 15 | HWThread 16 | HWThread 17 | HWThread 18 | HWThread 19 | HWThread 20 | HWThread 21 | HWThread 22 | HWThread 23 |
+---------------------------+---------+-------------+-------------+-------------+-------------+-------------+-------------+-------------+-------------+-------------+-------------+-------------+-------------+-------------+-------------+-------------+-------------+-------------+-------------+-------------+-------------+-------------+-------------+-------------+-------------+
|      ACTUAL_CPU_CLOCK     |  FIXC1  |   591568600 |   591616500 |   591594800 |   591583500 |   591576000 |   591554900 |   591612400 |   591625600 |   591569300 |   591559000 |   591590400 |   591627600 |   591579500 |   591567300 |   591622100 |   591622600 |   591564800 |   591567600 |   591556900 |   591584100 |   591585600 |   591552600 |   591561000 |   591535900 |
|       MAX_CPU_CLOCK       |  FIXC2  |   747244200 |   747270700 |   747335400 |   747273900 |   747242200 |   747207100 |   747314300 |   747310700 |   747288400 |   747312700 |   747329800 |   747340400 |   747320500 |   747247600 |   747353300 |   747361300 |   747281400 |   747286800 |   747273000 |   747320300 |   747323500 |   747235500 |   747278900 |   747214700 |
|    RETIRED_INSTRUCTIONS   |   PMC0  |   742389000 |   742633200 |   742602000 |   742631100 |   742647800 |   742647400 |   742654100 |   742611300 |   742619100 |   742592000 |   742612900 |   742630700 |   742609900 |   742608000 |   742622600 |   742617800 |   742609900 |   742641400 |   742639800 |   742652000 |   742622500 |   742637500 |   742638100 |   742633100 |
|    CPU_CLOCKS_UNHALTED    |   PMC1  |   586279600 |   587625100 |   587459300 |   587604800 |   587650100 |   587628900 |   587667400 |   587446900 |   587484900 |   587326900 |   587431100 |   587520100 |   587431800 |   587403100 |   587462700 |   587460500 |   587444800 |   587605300 |   587599700 |   587670600 |   587584100 |   587679800 |   587689300 |   587683800 |
| RETIRED_SSE_AVX_FLOPS_ALL |   PMC2  | 18748800000 | 18748800000 | 18748800000 | 18748800000 | 18748800000 | 18748800000 | 18748800000 | 18748800000 | 18748800000 | 18748800000 | 18748800000 | 18748800000 | 18748800000 | 18748800000 | 18748800000 | 18748800000 | 18748800000 | 18748800000 | 18748800000 | 18748800000 | 18748800000 | 18748800000 | 18748800000 | 18748800000 |
|           MERGE           |   PMC3  |           0 |           0 |           0 |           0 |           0 |           0 |           0 |           0 |           0 |           0 |           0 |           0 |           0 |           0 |           0 |           0 |           0 |           0 |           0 |           0 |           0 |           0 |           0 |           0 |
+---------------------------+---------+-------------+-------------+-------------+-------------+-------------+-------------+-------------+-------------+-------------+-------------+-------------+-------------+-------------+-------------+-------------+-------------+-------------+-------------+-------------+-------------+-------------+-------------+-------------+-------------+

+--------------------------------+---------+--------------+-------------+-------------+--------------+
|              Event             | Counter |      Sum     |     Min     |     Max     |      Avg     |
+--------------------------------+---------+--------------+-------------+-------------+--------------+
|      ACTUAL_CPU_CLOCK STAT     |  FIXC1  |  14197978600 |   591535900 |   591627600 | 5.915824e+08 |
|       MAX_CPU_CLOCK STAT       |  FIXC2  |  17934966600 |   747207100 |   747361300 |    747290275 |
|    RETIRED_INSTRUCTIONS STAT   |   PMC0  |  17822803200 |   742389000 |   742654100 |    742616800 |
|    CPU_CLOCKS_UNHALTED STAT    |   PMC1  |  14099840600 |   586279600 |   587689300 | 5.874934e+08 |
| RETIRED_SSE_AVX_FLOPS_ALL STAT |   PMC2  | 449971200000 | 18748800000 | 18748800000 |  18748800000 |
|           MERGE STAT           |   PMC3  |            0 |           0 |           0 |            0 |
+--------------------------------+---------+--------------+-------------+-------------+--------------+

+----------------------+------------+------------+------------+------------+------------+------------+------------+------------+------------+------------+-------------+-------------+-------------+-------------+-------------+-------------+-------------+-------------+-------------+-------------+-------------+-------------+-------------+-------------+
|        Metric        | HWThread 0 | HWThread 1 | HWThread 2 | HWThread 3 | HWThread 4 | HWThread 5 | HWThread 6 | HWThread 7 | HWThread 8 | HWThread 9 | HWThread 10 | HWThread 11 | HWThread 12 | HWThread 13 | HWThread 14 | HWThread 15 | HWThread 16 | HWThread 17 | HWThread 18 | HWThread 19 | HWThread 20 | HWThread 21 | HWThread 22 | HWThread 23 |
+----------------------+------------+------------+------------+------------+------------+------------+------------+------------+------------+------------+-------------+-------------+-------------+-------------+-------------+-------------+-------------+-------------+-------------+-------------+-------------+-------------+-------------+-------------+
|  Runtime (RDTSC) [s] |     0.3110 |     0.3111 |     0.3111 |     0.3111 |     0.3111 |     0.3110 |     0.3111 |     0.3111 |     0.3110 |     0.3110 |      0.3111 |      0.3111 |      0.3110 |      0.3110 |      0.3111 |      0.3111 |      0.3110 |      0.3110 |      0.3110 |      0.3111 |      0.3111 |      0.3110 |      0.3110 |      0.3110 |
| Runtime unhalted [s] |     0.2466 |     0.2466 |     0.2466 |     0.2466 |     0.2466 |     0.2466 |     0.2466 |     0.2466 |     0.2466 |     0.2466 |      0.2466 |      0.2466 |      0.2466 |      0.2466 |      0.2466 |      0.2466 |      0.2466 |      0.2466 |      0.2466 |      0.2466 |      0.2466 |      0.2466 |      0.2466 |      0.2466 |
|      Clock [MHz]     |  1899.1901 |  1899.2765 |  1899.0424 |  1899.1624 |  1899.2189 |  1899.2404 |  1899.1525 |  1899.2040 |  1899.0800 |  1898.9852 |   1899.0425 |   1899.1350 |   1899.0311 |   1899.1772 |   1899.0845 |   1899.0658 |   1899.0833 |   1899.0786 |   1899.0793 |   1899.0464 |   1899.0431 |   1899.1608 |   1899.0775 |   1899.1601 |
|          CPI         |     0.7897 |     0.7913 |     0.7911 |     0.7912 |     0.7913 |     0.7913 |     0.7913 |     0.7911 |     0.7911 |     0.7909 |      0.7910 |      0.7911 |      0.7910 |      0.7910 |      0.7911 |      0.7911 |      0.7911 |      0.7912 |      0.7912 |      0.7913 |      0.7912 |      0.7913 |      0.7914 |      0.7914 |
|     SP [MFLOP/s]     | 60281.7896 | 60274.5028 | 60274.4447 | 60274.5028 | 60275.4330 | 60282.3711 | 60273.6115 | 60273.1852 | 60277.0220 | 60276.2856 |  60273.4759 |  60270.4145 |  60276.9251 |  60280.5492 |  60269.9495 |  60270.8989 |  60280.5104 |  60278.4173 |  60280.2584 |  60275.7236 |  60275.8205 |  60280.2197 |  60280.1615 |  60281.6345 |
+----------------------+------------+------------+------------+------------+------------+------------+------------+------------+------------+------------+-------------+-------------+-------------+-------------+-------------+-------------+-------------+-------------+-------------+-------------+-------------+-------------+-------------+-------------+

+---------------------------+--------------+------------+------------+------------+
|           Metric          |      Sum     |     Min    |     Max    |     Avg    |
+---------------------------+--------------+------------+------------+------------+
|  Runtime (RDTSC) [s] STAT |       7.4652 |     0.3110 |     0.3111 |     0.3110 |
| Runtime unhalted [s] STAT |       5.9184 |     0.2466 |     0.2466 |     0.2466 |
|      Clock [MHz] STAT     |   45578.8176 |  1898.9852 |  1899.2765 |  1899.1174 |
|          CPI STAT         |      18.9867 |     0.7897 |     0.7914 |     0.7911 |
|     SP [MFLOP/s] STAT     | 1.446638e+06 | 60269.9495 | 60282.3711 | 60276.5878 |
+---------------------------+--------------+------------+------------+------------+

