--------------------------------------------------------------------------------
CPU name:	AMD EPYC 9654 96-Core Processor                
CPU type:	AMD K19 (Zen4) architecture
CPU clock:	2.40 GHz
--------------------------------------------------------------------------------
Warning: Sanitizing vector length to a multiple of the loop stride 8 and thread count 192 from 12000000 elements (96000000 bytes) to 11999232 elements (95993856 bytes)
Allocate: Process running on hwthread 0 (Domain N) - Vector length 11999232/95993856 Offset 0 Alignment 512
Initialization: Each thread in domain initializes its own stream chunks
--------------------------------------------------------------------------------
LIKWID MICRO BENCHMARK
Test: peakflops_avx512_fma
--------------------------------------------------------------------------------
Using 1 work groups
Using 192 threads
--------------------------------------------------------------------------------
Using Likwid Marker API
--------------------------------------------------------------------------------
Group: 0 Thread 0 Global Thread 0 running on hwthread 0 - Vector length 62496 Offset 0
Group: 0 Thread 1 Global Thread 1 running on hwthread 1 - Vector length 62496 Offset 62496
Group: 0 Thread 2 Global Thread 2 running on hwthread 2 - Vector length 62496 Offset 124992
Group: 0 Thread 3 Global Thread 3 running on hwthread 3 - Vector length 62496 Offset 187488
Group: 0 Thread 4 Global Thread 4 running on hwthread 4 - Vector length 62496 Offset 249984
Group: 0 Thread 5 Global Thread 5 running on hwthread 5 - Vector length 62496 Offset 312480
Group: 0 Thread 6 Global Thread 6 running on hwthread 6 - Vector length 62496 Offset 374976
Group: 0 Thread 7 Global Thread 7 running on hwthread 7 - Vector length 62496 Offset 437472
Group: 0 Thread 8 Global Thread 8 running on hwthread 8 - Vector length 62496 Offset 499968
Group: 0 Thread 9 Global Thread 9 running on hwthread 9 - Vector length 62496 Offset 562464
Group: 0 Thread 10 Global Thread 10 running on hwthread 10 - Vector length 62496 Offset 624960
Group: 0 Thread 11 Global Thread 11 running on hwthread 11 - Vector length 62496 Offset 687456
Group: 0 Thread 12 Global Thread 12 running on hwthread 12 - Vector length 62496 Offset 749952
Group: 0 Thread 13 Global Thread 13 running on hwthread 13 - Vector length 62496 Offset 812448
Group: 0 Thread 14 Global Thread 14 running on hwthread 14 - Vector length 62496 Offset 874944
Group: 0 Thread 15 Global Thread 15 running on hwthread 15 - Vector length 62496 Offset 937440
Group: 0 Thread 16 Global Thread 16 running on hwthread 16 - Vector length 62496 Offset 999936
Group: 0 Thread 17 Global Thread 17 running on hwthread 17 - Vector length 62496 Offset 1062432
Group: 0 Thread 18 Global Thread 18 running on hwthread 18 - Vector length 62496 Offset 1124928
Group: 0 Thread 19 Global Thread 19 running on hwthread 19 - Vector length 62496 Offset 1187424
Group: 0 Thread 20 Global Thread 20 running on hwthread 20 - Vector length 62496 Offset 1249920
Group: 0 Thread 21 Global Thread 21 running on hwthread 21 - Vector length 62496 Offset 1312416
Group: 0 Thread 22 Global Thread 22 running on hwthread 22 - Vector length 62496 Offset 1374912
Group: 0 Thread 23 Global Thread 23 running on hwthread 23 - Vector length 62496 Offset 1437408
Group: 0 Thread 24 Global Thread 24 running on hwthread 24 - Vector length 62496 Offset 1499904
Group: 0 Thread 25 Global Thread 25 running on hwthread 25 - Vector length 62496 Offset 1562400
Group: 0 Thread 26 Global Thread 26 running on hwthread 26 - Vector length 62496 Offset 1624896
Group: 0 Thread 27 Global Thread 27 running on hwthread 27 - Vector length 62496 Offset 1687392
Group: 0 Thread 28 Global Thread 28 running on hwthread 28 - Vector length 62496 Offset 1749888
Group: 0 Thread 29 Global Thread 29 running on hwthread 29 - Vector length 62496 Offset 1812384
Group: 0 Thread 30 Global Thread 30 running on hwthread 30 - Vector length 62496 Offset 1874880
Group: 0 Thread 31 Global Thread 31 running on hwthread 31 - Vector length 62496 Offset 1937376
Group: 0 Thread 32 Global Thread 32 running on hwthread 32 - Vector length 62496 Offset 1999872
Group: 0 Thread 33 Global Thread 33 running on hwthread 33 - Vector length 62496 Offset 2062368
Group: 0 Thread 34 Global Thread 34 running on hwthread 34 - Vector length 62496 Offset 2124864
Group: 0 Thread 35 Global Thread 35 running on hwthread 35 - Vector length 62496 Offset 2187360
Group: 0 Thread 36 Global Thread 36 running on hwthread 36 - Vector length 62496 Offset 2249856
Group: 0 Thread 37 Global Thread 37 running on hwthread 37 - Vector length 62496 Offset 2312352
Group: 0 Thread 38 Global Thread 38 running on hwthread 38 - Vector length 62496 Offset 2374848
Group: 0 Thread 39 Global Thread 39 running on hwthread 39 - Vector length 62496 Offset 2437344
Group: 0 Thread 40 Global Thread 40 running on hwthread 40 - Vector length 62496 Offset 2499840
Group: 0 Thread 41 Global Thread 41 running on hwthread 41 - Vector length 62496 Offset 2562336
Group: 0 Thread 42 Global Thread 42 running on hwthread 42 - Vector length 62496 Offset 2624832
Group: 0 Thread 43 Global Thread 43 running on hwthread 43 - Vector length 62496 Offset 2687328
Group: 0 Thread 44 Global Thread 44 running on hwthread 44 - Vector length 62496 Offset 2749824
Group: 0 Thread 45 Global Thread 45 running on hwthread 45 - Vector length 62496 Offset 2812320
Group: 0 Thread 46 Global Thread 46 running on hwthread 46 - Vector length 62496 Offset 2874816
Group: 0 Thread 47 Global Thread 47 running on hwthread 47 - Vector length 62496 Offset 2937312
Group: 0 Thread 48 Global Thread 48 running on hwthread 48 - Vector length 62496 Offset 2999808
Group: 0 Thread 49 Global Thread 49 running on hwthread 49 - Vector length 62496 Offset 3062304
Group: 0 Thread 50 Global Thread 50 running on hwthread 50 - Vector length 62496 Offset 3124800
Group: 0 Thread 51 Global Thread 51 running on hwthread 51 - Vector length 62496 Offset 3187296
Group: 0 Thread 52 Global Thread 52 running on hwthread 52 - Vector length 62496 Offset 3249792
Group: 0 Thread 53 Global Thread 53 running on hwthread 53 - Vector length 62496 Offset 3312288
Group: 0 Thread 54 Global Thread 54 running on hwthread 54 - Vector length 62496 Offset 3374784
Group: 0 Thread 55 Global Thread 55 running on hwthread 55 - Vector length 62496 Offset 3437280
Group: 0 Thread 56 Global Thread 56 running on hwthread 56 - Vector length 62496 Offset 3499776
Group: 0 Thread 57 Global Thread 57 running on hwthread 57 - Vector length 62496 Offset 3562272
Group: 0 Thread 58 Global Thread 58 running on hwthread 58 - Vector length 62496 Offset 3624768
Group: 0 Thread 59 Global Thread 59 running on hwthread 59 - Vector length 62496 Offset 3687264
Group: 0 Thread 60 Global Thread 60 running on hwthread 60 - Vector length 62496 Offset 3749760
Group: 0 Thread 61 Global Thread 61 running on hwthread 61 - Vector length 62496 Offset 3812256
Group: 0 Thread 62 Global Thread 62 running on hwthread 62 - Vector length 62496 Offset 3874752
Group: 0 Thread 63 Global Thread 63 running on hwthread 63 - Vector length 62496 Offset 3937248
Group: 0 Thread 64 Global Thread 64 running on hwthread 64 - Vector length 62496 Offset 3999744
Group: 0 Thread 65 Global Thread 65 running on hwthread 65 - Vector length 62496 Offset 4062240
Group: 0 Thread 66 Global Thread 66 running on hwthread 66 - Vector length 62496 Offset 4124736
Group: 0 Thread 67 Global Thread 67 running on hwthread 67 - Vector length 62496 Offset 4187232
Group: 0 Thread 68 Global Thread 68 running on hwthread 68 - Vector length 62496 Offset 4249728
Group: 0 Thread 69 Global Thread 69 running on hwthread 69 - Vector length 62496 Offset 4312224
Group: 0 Thread 70 Global Thread 70 running on hwthread 70 - Vector length 62496 Offset 4374720
Group: 0 Thread 71 Global Thread 71 running on hwthread 71 - Vector length 62496 Offset 4437216
Group: 0 Thread 72 Global Thread 72 running on hwthread 72 - Vector length 62496 Offset 4499712
Group: 0 Thread 73 Global Thread 73 running on hwthread 73 - Vector length 62496 Offset 4562208
Group: 0 Thread 74 Global Thread 74 running on hwthread 74 - Vector length 62496 Offset 4624704
Group: 0 Thread 75 Global Thread 75 running on hwthread 75 - Vector length 62496 Offset 4687200
Group: 0 Thread 76 Global Thread 76 running on hwthread 76 - Vector length 62496 Offset 4749696
Group: 0 Thread 77 Global Thread 77 running on hwthread 77 - Vector length 62496 Offset 4812192
Group: 0 Thread 78 Global Thread 78 running on hwthread 78 - Vector length 62496 Offset 4874688
Group: 0 Thread 79 Global Thread 79 running on hwthread 79 - Vector length 62496 Offset 4937184
Group: 0 Thread 80 Global Thread 80 running on hwthread 80 - Vector length 62496 Offset 4999680
Group: 0 Thread 81 Global Thread 81 running on hwthread 81 - Vector length 62496 Offset 5062176
Group: 0 Thread 82 Global Thread 82 running on hwthread 82 - Vector length 62496 Offset 5124672
Group: 0 Thread 83 Global Thread 83 running on hwthread 83 - Vector length 62496 Offset 5187168
Group: 0 Thread 84 Global Thread 84 running on hwthread 84 - Vector length 62496 Offset 5249664
Group: 0 Thread 85 Global Thread 85 running on hwthread 85 - Vector length 62496 Offset 5312160
Group: 0 Thread 86 Global Thread 86 running on hwthread 86 - Vector length 62496 Offset 5374656
Group: 0 Thread 87 Global Thread 87 running on hwthread 87 - Vector length 62496 Offset 5437152
Group: 0 Thread 88 Global Thread 88 running on hwthread 88 - Vector length 62496 Offset 5499648
Group: 0 Thread 89 Global Thread 89 running on hwthread 89 - Vector length 62496 Offset 5562144
Group: 0 Thread 90 Global Thread 90 running on hwthread 90 - Vector length 62496 Offset 5624640
Group: 0 Thread 91 Global Thread 91 running on hwthread 91 - Vector length 62496 Offset 5687136
Group: 0 Thread 92 Global Thread 92 running on hwthread 92 - Vector length 62496 Offset 5749632
Group: 0 Thread 93 Global Thread 93 running on hwthread 93 - Vector length 62496 Offset 5812128
Group: 0 Thread 94 Global Thread 94 running on hwthread 94 - Vector length 62496 Offset 5874624
Group: 0 Thread 95 Global Thread 95 running on hwthread 95 - Vector length 62496 Offset 5937120
Group: 0 Thread 96 Global Thread 96 running on hwthread 96 - Vector length 62496 Offset 5999616
Group: 0 Thread 97 Global Thread 97 running on hwthread 97 - Vector length 62496 Offset 6062112
Group: 0 Thread 98 Global Thread 98 running on hwthread 98 - Vector length 62496 Offset 6124608
Group: 0 Thread 99 Global Thread 99 running on hwthread 99 - Vector length 62496 Offset 6187104
Group: 0 Thread 100 Global Thread 100 running on hwthread 100 - Vector length 62496 Offset 6249600
Group: 0 Thread 101 Global Thread 101 running on hwthread 101 - Vector length 62496 Offset 6312096
Group: 0 Thread 102 Global Thread 102 running on hwthread 102 - Vector length 62496 Offset 6374592
Group: 0 Thread 103 Global Thread 103 running on hwthread 103 - Vector length 62496 Offset 6437088
Group: 0 Thread 104 Global Thread 104 running on hwthread 104 - Vector length 62496 Offset 6499584
Group: 0 Thread 105 Global Thread 105 running on hwthread 105 - Vector length 62496 Offset 6562080
Group: 0 Thread 106 Global Thread 106 running on hwthread 106 - Vector length 62496 Offset 6624576
Group: 0 Thread 107 Global Thread 107 running on hwthread 107 - Vector length 62496 Offset 6687072
Group: 0 Thread 108 Global Thread 108 running on hwthread 108 - Vector length 62496 Offset 6749568
Group: 0 Thread 109 Global Thread 109 running on hwthread 109 - Vector length 62496 Offset 6812064
Group: 0 Thread 110 Global Thread 110 running on hwthread 110 - Vector length 62496 Offset 6874560
Group: 0 Thread 111 Global Thread 111 running on hwthread 111 - Vector length 62496 Offset 6937056
Group: 0 Thread 112 Global Thread 112 running on hwthread 112 - Vector length 62496 Offset 6999552
Group: 0 Thread 113 Global Thread 113 running on hwthread 113 - Vector length 62496 Offset 7062048
Group: 0 Thread 114 Global Thread 114 running on hwthread 114 - Vector length 62496 Offset 7124544
Group: 0 Thread 115 Global Thread 115 running on hwthread 115 - Vector length 62496 Offset 7187040
Group: 0 Thread 116 Global Thread 116 running on hwthread 116 - Vector length 62496 Offset 7249536
Group: 0 Thread 117 Global Thread 117 running on hwthread 117 - Vector length 62496 Offset 7312032
Group: 0 Thread 118 Global Thread 118 running on hwthread 118 - Vector length 62496 Offset 7374528
Group: 0 Thread 119 Global Thread 119 running on hwthread 119 - Vector length 62496 Offset 7437024
Group: 0 Thread 120 Global Thread 120 running on hwthread 120 - Vector length 62496 Offset 7499520
Group: 0 Thread 121 Global Thread 121 running on hwthread 121 - Vector length 62496 Offset 7562016
Group: 0 Thread 122 Global Thread 122 running on hwthread 122 - Vector length 62496 Offset 7624512
Group: 0 Thread 123 Global Thread 123 running on hwthread 123 - Vector length 62496 Offset 7687008
Group: 0 Thread 124 Global Thread 124 running on hwthread 124 - Vector length 62496 Offset 7749504
Group: 0 Thread 125 Global Thread 125 running on hwthread 125 - Vector length 62496 Offset 7812000
Group: 0 Thread 126 Global Thread 126 running on hwthread 126 - Vector length 62496 Offset 7874496
Group: 0 Thread 127 Global Thread 127 running on hwthread 127 - Vector length 62496 Offset 7936992
Group: 0 Thread 128 Global Thread 128 running on hwthread 128 - Vector length 62496 Offset 7999488
Group: 0 Thread 129 Global Thread 129 running on hwthread 129 - Vector length 62496 Offset 8061984
Group: 0 Thread 130 Global Thread 130 running on hwthread 130 - Vector length 62496 Offset 8124480
Group: 0 Thread 131 Global Thread 131 running on hwthread 131 - Vector length 62496 Offset 8186976
Group: 0 Thread 132 Global Thread 132 running on hwthread 132 - Vector length 62496 Offset 8249472
Group: 0 Thread 133 Global Thread 133 running on hwthread 133 - Vector length 62496 Offset 8311968
Group: 0 Thread 134 Global Thread 134 running on hwthread 134 - Vector length 62496 Offset 8374464
Group: 0 Thread 135 Global Thread 135 running on hwthread 135 - Vector length 62496 Offset 8436960
Group: 0 Thread 136 Global Thread 136 running on hwthread 136 - Vector length 62496 Offset 8499456
Group: 0 Thread 137 Global Thread 137 running on hwthread 137 - Vector length 62496 Offset 8561952
Group: 0 Thread 138 Global Thread 138 running on hwthread 138 - Vector length 62496 Offset 8624448
Group: 0 Thread 139 Global Thread 139 running on hwthread 139 - Vector length 62496 Offset 8686944
Group: 0 Thread 140 Global Thread 140 running on hwthread 140 - Vector length 62496 Offset 8749440
Group: 0 Thread 141 Global Thread 141 running on hwthread 141 - Vector length 62496 Offset 8811936
Group: 0 Thread 142 Global Thread 142 running on hwthread 142 - Vector length 62496 Offset 8874432
Group: 0 Thread 143 Global Thread 143 running on hwthread 143 - Vector length 62496 Offset 8936928
Group: 0 Thread 144 Global Thread 144 running on hwthread 144 - Vector length 62496 Offset 8999424
Group: 0 Thread 145 Global Thread 145 running on hwthread 145 - Vector length 62496 Offset 9061920
Group: 0 Thread 146 Global Thread 146 running on hwthread 146 - Vector length 62496 Offset 9124416
Group: 0 Thread 147 Global Thread 147 running on hwthread 147 - Vector length 62496 Offset 9186912
Group: 0 Thread 148 Global Thread 148 running on hwthread 148 - Vector length 62496 Offset 9249408
Group: 0 Thread 149 Global Thread 149 running on hwthread 149 - Vector length 62496 Offset 9311904
Group: 0 Thread 150 Global Thread 150 running on hwthread 150 - Vector length 62496 Offset 9374400
Group: 0 Thread 151 Global Thread 151 running on hwthread 151 - Vector length 62496 Offset 9436896
Group: 0 Thread 152 Global Thread 152 running on hwthread 152 - Vector length 62496 Offset 9499392
Group: 0 Thread 153 Global Thread 153 running on hwthread 153 - Vector length 62496 Offset 9561888
Group: 0 Thread 154 Global Thread 154 running on hwthread 154 - Vector length 62496 Offset 9624384
Group: 0 Thread 155 Global Thread 155 running on hwthread 155 - Vector length 62496 Offset 9686880
Group: 0 Thread 156 Global Thread 156 running on hwthread 156 - Vector length 62496 Offset 9749376
Group: 0 Thread 157 Global Thread 157 running on hwthread 157 - Vector length 62496 Offset 9811872
Group: 0 Thread 158 Global Thread 158 running on hwthread 158 - Vector length 62496 Offset 9874368
Group: 0 Thread 159 Global Thread 159 running on hwthread 159 - Vector length 62496 Offset 9936864
Group: 0 Thread 160 Global Thread 160 running on hwthread 160 - Vector length 62496 Offset 9999360
Group: 0 Thread 161 Global Thread 161 running on hwthread 161 - Vector length 62496 Offset 10061856
Group: 0 Thread 162 Global Thread 162 running on hwthread 162 - Vector length 62496 Offset 10124352
Group: 0 Thread 163 Global Thread 163 running on hwthread 163 - Vector length 62496 Offset 10186848
Group: 0 Thread 164 Global Thread 164 running on hwthread 164 - Vector length 62496 Offset 10249344
Group: 0 Thread 165 Global Thread 165 running on hwthread 165 - Vector length 62496 Offset 10311840
Group: 0 Thread 166 Global Thread 166 running on hwthread 166 - Vector length 62496 Offset 10374336
Group: 0 Thread 167 Global Thread 167 running on hwthread 167 - Vector length 62496 Offset 10436832
Group: 0 Thread 168 Global Thread 168 running on hwthread 168 - Vector length 62496 Offset 10499328
Group: 0 Thread 169 Global Thread 169 running on hwthread 169 - Vector length 62496 Offset 10561824
Group: 0 Thread 170 Global Thread 170 running on hwthread 170 - Vector length 62496 Offset 10624320
Group: 0 Thread 171 Global Thread 171 running on hwthread 171 - Vector length 62496 Offset 10686816
Group: 0 Thread 172 Global Thread 172 running on hwthread 172 - Vector length 62496 Offset 10749312
Group: 0 Thread 173 Global Thread 173 running on hwthread 173 - Vector length 62496 Offset 10811808
Group: 0 Thread 174 Global Thread 174 running on hwthread 174 - Vector length 62496 Offset 10874304
Group: 0 Thread 175 Global Thread 175 running on hwthread 175 - Vector length 62496 Offset 10936800
Group: 0 Thread 176 Global Thread 176 running on hwthread 176 - Vector length 62496 Offset 10999296
Group: 0 Thread 177 Global Thread 177 running on hwthread 177 - Vector length 62496 Offset 11061792
Group: 0 Thread 178 Global Thread 178 running on hwthread 178 - Vector length 62496 Offset 11124288
Group: 0 Thread 179 Global Thread 179 running on hwthread 179 - Vector length 62496 Offset 11186784
Group: 0 Thread 180 Global Thread 180 running on hwthread 180 - Vector length 62496 Offset 11249280
Group: 0 Thread 181 Global Thread 181 running on hwthread 181 - Vector length 62496 Offset 11311776
Group: 0 Thread 182 Global Thread 182 running on hwthread 182 - Vector length 62496 Offset 11374272
Group: 0 Thread 183 Global Thread 183 running on hwthread 183 - Vector length 62496 Offset 11436768
Group: 0 Thread 184 Global Thread 184 running on hwthread 184 - Vector length 62496 Offset 11499264
Group: 0 Thread 185 Global Thread 185 running on hwthread 185 - Vector length 62496 Offset 11561760
Group: 0 Thread 186 Global Thread 186 running on hwthread 186 - Vector length 62496 Offset 11624256
Group: 0 Thread 187 Global Thread 187 running on hwthread 187 - Vector length 62496 Offset 11686752
Group: 0 Thread 188 Global Thread 188 running on hwthread 188 - Vector length 62496 Offset 11749248
Group: 0 Thread 189 Global Thread 189 running on hwthread 189 - Vector length 62496 Offset 11811744
Group: 0 Thread 190 Global Thread 190 running on hwthread 190 - Vector length 62496 Offset 11874240
Group: 0 Thread 191 Global Thread 191 running on hwthread 191 - Vector length 62496 Offset 11936736
--------------------------------------------------------------------------------
Cycles:			750608712
CPU Clock:		2399516059
Cycle Clock:		2399516059
Time:			3.128167e-01 sec
Iterations:		960000
Iterations per thread:	5000
Inner loop executions:	7812
Size (Byte):		95993856
Size per thread:	499968
Number of Flops:	1799884800000
MFlops/s:		5753800.10
Data volume (Byte):	479969280000
MByte/s:		1534346.69
Cycles per update:	0.012511
Cycles per cacheline:	0.100088
Loads per update:	1
Stores per update:	0
Load bytes per element:	8
Store bytes per elem.:	0
Instructions:		142490880032
UOPs:			134991360000
--------------------------------------------------------------------------------
Writing Likwid Marker API results to file /tmp/likwid_830535.txt
--------------------------------------------------------------------------------
Region bench, Group 1: FLOPS_DP
+-------------------+------------+------------+------------+------------+------------+------------+------------+------------+------------+------------+-------------+-------------+-------------+-------------+-------------+-------------+-------------+-------------+-------------+-------------+-------------+-------------+-------------+-------------+-------------+-------------+-------------+-------------+-------------+-------------+-------------+-------------+-------------+-------------+-------------+-------------+-------------+-------------+-------------+-------------+-------------+-------------+-------------+-------------+-------------+-------------+-------------+-------------+-------------+-------------+-------------+-------------+-------------+-------------+-------------+-------------+-------------+-------------+-------------+-------------+-------------+-------------+-------------+-------------+-------------+-------------+-------------+-------------+-------------+-------------+-------------+-------------+-------------+-------------+-------------+-------------+-------------+-------------+-------------+-------------+-------------+-------------+-------------+-------------+-------------+-------------+-------------+-------------+-------------+-------------+-------------+-------------+-------------+-------------+-------------+-------------+-------------+-------------+-------------+-------------+--------------+--------------+--------------+--------------+--------------+--------------+--------------+--------------+--------------+--------------+--------------+--------------+--------------+--------------+--------------+--------------+--------------+--------------+--------------+--------------+--------------+--------------+--------------+--------------+--------------+--------------+--------------+--------------+--------------+--------------+--------------+--------------+--------------+--------------+--------------+--------------+--------------+--------------+--------------+--------------+--------------+--------------+--------------+--------------+--------------+--------------+--------------+--------------+--------------+--------------+--------------+--------------+--------------+--------------+--------------+--------------+--------------+--------------+--------------+--------------+--------------+--------------+--------------+--------------+--------------+--------------+--------------+--------------+--------------+--------------+--------------+--------------+--------------+--------------+--------------+--------------+--------------+--------------+--------------+--------------+--------------+--------------+--------------+--------------+--------------+--------------+--------------+--------------+--------------+--------------+--------------+--------------+
|    Region Info    | HWThread 0 | HWThread 1 | HWThread 2 | HWThread 3 | HWThread 4 | HWThread 5 | HWThread 6 | HWThread 7 | HWThread 8 | HWThread 9 | HWThread 10 | HWThread 11 | HWThread 12 | HWThread 13 | HWThread 14 | HWThread 15 | HWThread 16 | HWThread 17 | HWThread 18 | HWThread 19 | HWThread 20 | HWThread 21 | HWThread 22 | HWThread 23 | HWThread 24 | HWThread 25 | HWThread 26 | HWThread 27 | HWThread 28 | HWThread 29 | HWThread 30 | HWThread 31 | HWThread 32 | HWThread 33 | HWThread 34 | HWThread 35 | HWThread 36 | HWThread 37 | HWThread 38 | HWThread 39 | HWThread 40 | HWThread 41 | HWThread 42 | HWThread 43 | HWThread 44 | HWThread 45 | HWThread 46 | HWThread 47 | HWThread 48 | HWThread 49 | HWThread 50 | HWThread 51 | HWThread 52 | HWThread 53 | HWThread 54 | HWThread 55 | HWThread 56 | HWThread 57 | HWThread 58 | HWThread 59 | HWThread 60 | HWThread 61 | HWThread 62 | HWThread 63 | HWThread 64 | HWThread 65 | HWThread 66 | HWThread 67 | HWThread 68 | HWThread 69 | HWThread 70 | HWThread 71 | HWThread 72 | HWThread 73 | HWThread 74 | HWThread 75 | HWThread 76 | HWThread 77 | HWThread 78 | HWThread 79 | HWThread 80 | HWThread 81 | HWThread 82 | HWThread 83 | HWThread 84 | HWThread 85 | HWThread 86 | HWThread 87 | HWThread 88 | HWThread 89 | HWThread 90 | HWThread 91 | HWThread 92 | HWThread 93 | HWThread 94 | HWThread 95 | HWThread 96 | HWThread 97 | HWThread 98 | HWThread 99 | HWThread 100 | HWThread 101 | HWThread 102 | HWThread 103 | HWThread 104 | HWThread 105 | HWThread 106 | HWThread 107 | HWThread 108 | HWThread 109 | HWThread 110 | HWThread 111 | HWThread 112 | HWThread 113 | HWThread 114 | HWThread 115 | HWThread 116 | HWThread 117 | HWThread 118 | HWThread 119 | HWThread 120 | HWThread 121 | HWThread 122 | HWThread 123 | HWThread 124 | HWThread 125 | HWThread 126 | HWThread 127 | HWThread 128 | HWThread 129 | HWThread 130 | HWThread 131 | HWThread 132 | HWThread 133 | HWThread 134 | HWThread 135 | HWThread 136 | HWThread 137 | HWThread 138 | HWThread 139 | HWThread 140 | HWThread 141 | HWThread 142 | HWThread 143 | HWThread 144 | HWThread 145 | HWThread 146 | HWThread 147 | HWThread 148 | HWThread 149 | HWThread 150 | HWThread 151 | HWThread 152 | HWThread 153 | HWThread 154 | HWThread 155 | HWThread 156 | HWThread 157 | HWThread 158 | HWThread 159 | HWThread 160 | HWThread 161 | HWThread 162 | HWThread 163 | HWThread 164 | HWThread 165 | HWThread 166 | HWThread 167 | HWThread 168 | HWThread 169 | HWThread 170 | HWThread 171 | HWThread 172 | HWThread 173 | HWThread 174 | HWThread 175 | HWThread 176 | HWThread 177 | HWThread 178 | HWThread 179 | HWThread 180 | HWThread 181 | HWThread 182 | HWThread 183 | HWThread 184 | HWThread 185 | HWThread 186 | HWThread 187 | HWThread 188 | HWThread 189 | HWThread 190 | HWThread 191 |
+-------------------+------------+------------+------------+------------+------------+------------+------------+------------+------------+------------+-------------+-------------+-------------+-------------+-------------+-------------+-------------+-------------+-------------+-------------+-------------+-------------+-------------+-------------+-------------+-------------+-------------+-------------+-------------+-------------+-------------+-------------+-------------+-------------+-------------+-------------+-------------+-------------+-------------+-------------+-------------+-------------+-------------+-------------+-------------+-------------+-------------+-------------+-------------+-------------+-------------+-------------+-------------+-------------+-------------+-------------+-------------+-------------+-------------+-------------+-------------+-------------+-------------+-------------+-------------+-------------+-------------+-------------+-------------+-------------+-------------+-------------+-------------+-------------+-------------+-------------+-------------+-------------+-------------+-------------+-------------+-------------+-------------+-------------+-------------+-------------+-------------+-------------+-------------+-------------+-------------+-------------+-------------+-------------+-------------+-------------+-------------+-------------+-------------+-------------+--------------+--------------+--------------+--------------+--------------+--------------+--------------+--------------+--------------+--------------+--------------+--------------+--------------+--------------+--------------+--------------+--------------+--------------+--------------+--------------+--------------+--------------+--------------+--------------+--------------+--------------+--------------+--------------+--------------+--------------+--------------+--------------+--------------+--------------+--------------+--------------+--------------+--------------+--------------+--------------+--------------+--------------+--------------+--------------+--------------+--------------+--------------+--------------+--------------+--------------+--------------+--------------+--------------+--------------+--------------+--------------+--------------+--------------+--------------+--------------+--------------+--------------+--------------+--------------+--------------+--------------+--------------+--------------+--------------+--------------+--------------+--------------+--------------+--------------+--------------+--------------+--------------+--------------+--------------+--------------+--------------+--------------+--------------+--------------+--------------+--------------+--------------+--------------+--------------+--------------+--------------+--------------+
| RDTSC Runtime [s] |   0.312050 |   0.312429 |   0.312404 |   0.312037 |   0.312227 |   0.312141 |   0.312073 |   0.312103 |   0.312109 |   0.312074 |    0.312272 |    0.312082 |    0.312094 |    0.312087 |    0.312113 |    0.312039 |    0.312140 |    0.312129 |    0.312329 |    0.312334 |    0.312234 |    0.312066 |    0.312114 |    0.312109 |    0.312039 |    0.312060 |    0.312047 |    0.312422 |    0.312109 |    0.312102 |    0.312037 |    0.312039 |    0.312126 |    0.312096 |    0.312032 |    0.312282 |    0.312068 |    0.312100 |    0.312034 |    0.312092 |    0.312063 |    0.312115 |    0.312078 |    0.312376 |    0.312134 |    0.312071 |    0.312057 |    0.312381 |    0.312124 |    0.312414 |    0.312034 |    0.312253 |    0.312343 |    0.312417 |    0.312056 |    0.312440 |    0.312223 |    0.312395 |    0.312088 |    0.312265 |    0.312080 |    0.312048 |    0.312151 |    0.312449 |    0.312321 |    0.312127 |    0.312130 |    0.312232 |    0.312451 |    0.312065 |    0.312060 |    0.312039 |    0.312431 |    0.312360 |    0.312129 |    0.312043 |    0.312087 |    0.312043 |    0.312079 |    0.312431 |    0.312370 |    0.312045 |    0.312042 |    0.312123 |    0.312029 |    0.312029 |    0.312343 |    0.312033 |    0.312245 |    0.312031 |    0.312249 |    0.312036 |    0.312111 |    0.312117 |    0.312241 |    0.312140 |    0.312099 |    0.312033 |    0.312367 |    0.312052 |     0.312136 |     0.312391 |     0.312042 |     0.312277 |     0.312422 |     0.312104 |     0.312048 |     0.312055 |     0.312047 |     0.312033 |     0.312043 |     0.312039 |     0.312212 |     0.312718 |     0.312293 |     0.312393 |     0.312411 |     0.312244 |     0.312819 |     0.312269 |     0.312095 |     0.312067 |     0.312049 |     0.312068 |     0.312062 |     0.312337 |     0.312060 |     0.312024 |     0.312418 |     0.312044 |     0.312123 |     0.312111 |     0.312354 |     0.312364 |     0.312378 |     0.312064 |     0.312440 |     0.312249 |     0.312108 |     0.312399 |     0.312056 |     0.312412 |     0.312092 |     0.312227 |     0.312072 |     0.312225 |     0.312029 |     0.312084 |     0.312121 |     0.312404 |     0.312070 |     0.312225 |     0.312036 |     0.312056 |     0.312042 |     0.312040 |     0.312133 |     0.312096 |     0.312056 |     0.312113 |     0.312274 |     0.312409 |     0.312224 |     0.312671 |     0.312134 |     0.312289 |     0.312047 |     0.312290 |     0.312269 |     0.312276 |     0.312235 |     0.312219 |     0.312302 |     0.312263 |     0.312236 |     0.312272 |     0.312100 |     0.312100 |     0.312067 |     0.312042 |     0.312261 |     0.312059 |     0.312042 |     0.312045 |     0.312034 |     0.312028 |     0.312231 |     0.312067 |     0.312260 |     0.312429 |     0.312377 |     0.312325 |
|     call count    |          1 |          1 |          1 |          1 |          1 |          1 |          1 |          1 |          1 |          1 |           1 |           1 |           1 |           1 |           1 |           1 |           1 |           1 |           1 |           1 |           1 |           1 |           1 |           1 |           1 |           1 |           1 |           1 |           1 |           1 |           1 |           1 |           1 |           1 |           1 |           1 |           1 |           1 |           1 |           1 |           1 |           1 |           1 |           1 |           1 |           1 |           1 |           1 |           1 |           1 |           1 |           1 |           1 |           1 |           1 |           1 |           1 |           1 |           1 |           1 |           1 |           1 |           1 |           1 |           1 |           1 |           1 |           1 |           1 |           1 |           1 |           1 |           1 |           1 |           1 |           1 |           1 |           1 |           1 |           1 |           1 |           1 |           1 |           1 |           1 |           1 |           1 |           1 |           1 |           1 |           1 |           1 |           1 |           1 |           1 |           1 |           1 |           1 |           1 |           1 |            1 |            1 |            1 |            1 |            1 |            1 |            1 |            1 |            1 |            1 |            1 |            1 |            1 |            1 |            1 |            1 |            1 |            1 |            1 |            1 |            1 |            1 |            1 |            1 |            1 |            1 |            1 |            1 |            1 |            1 |            1 |            1 |            1 |            1 |            1 |            1 |            1 |            1 |            1 |            1 |            1 |            1 |            1 |            1 |            1 |            1 |            1 |            1 |            1 |            1 |            1 |            1 |            1 |            1 |            1 |            1 |            1 |            1 |            1 |            1 |            1 |            1 |            1 |            1 |            1 |            1 |            1 |            1 |            1 |            1 |            1 |            1 |            1 |            1 |            1 |            1 |            1 |            1 |            1 |            1 |            1 |            1 |            1 |            1 |            1 |            1 |            1 |            1 |            1 |            1 |            1 |            1 |
+-------------------+------------+------------+------------+------------+------------+------------+------------+------------+------------+------------+-------------+-------------+-------------+-------------+-------------+-------------+-------------+-------------+-------------+-------------+-------------+-------------+-------------+-------------+-------------+-------------+-------------+-------------+-------------+-------------+-------------+-------------+-------------+-------------+-------------+-------------+-------------+-------------+-------------+-------------+-------------+-------------+-------------+-------------+-------------+-------------+-------------+-------------+-------------+-------------+-------------+-------------+-------------+-------------+-------------+-------------+-------------+-------------+-------------+-------------+-------------+-------------+-------------+-------------+-------------+-------------+-------------+-------------+-------------+-------------+-------------+-------------+-------------+-------------+-------------+-------------+-------------+-------------+-------------+-------------+-------------+-------------+-------------+-------------+-------------+-------------+-------------+-------------+-------------+-------------+-------------+-------------+-------------+-------------+-------------+-------------+-------------+-------------+-------------+-------------+--------------+--------------+--------------+--------------+--------------+--------------+--------------+--------------+--------------+--------------+--------------+--------------+--------------+--------------+--------------+--------------+--------------+--------------+--------------+--------------+--------------+--------------+--------------+--------------+--------------+--------------+--------------+--------------+--------------+--------------+--------------+--------------+--------------+--------------+--------------+--------------+--------------+--------------+--------------+--------------+--------------+--------------+--------------+--------------+--------------+--------------+--------------+--------------+--------------+--------------+--------------+--------------+--------------+--------------+--------------+--------------+--------------+--------------+--------------+--------------+--------------+--------------+--------------+--------------+--------------+--------------+--------------+--------------+--------------+--------------+--------------+--------------+--------------+--------------+--------------+--------------+--------------+--------------+--------------+--------------+--------------+--------------+--------------+--------------+--------------+--------------+--------------+--------------+--------------+--------------+--------------+--------------+

+---------------------------+---------+------------+------------+------------+------------+------------+------------+------------+------------+------------+------------+-------------+-------------+-------------+-------------+-------------+-------------+-------------+-------------+-------------+-------------+-------------+-------------+-------------+-------------+-------------+-------------+-------------+-------------+-------------+-------------+-------------+-------------+-------------+-------------+-------------+-------------+-------------+-------------+-------------+-------------+-------------+-------------+-------------+-------------+-------------+-------------+-------------+-------------+-------------+-------------+-------------+-------------+-------------+-------------+-------------+-------------+-------------+-------------+-------------+-------------+-------------+-------------+-------------+-------------+-------------+-------------+-------------+-------------+-------------+-------------+-------------+-------------+-------------+-------------+-------------+-------------+-------------+-------------+-------------+-------------+-------------+-------------+-------------+-------------+-------------+-------------+-------------+-------------+-------------+-------------+-------------+-------------+-------------+-------------+-------------+-------------+-------------+-------------+-------------+-------------+--------------+--------------+--------------+--------------+--------------+--------------+--------------+--------------+--------------+--------------+--------------+--------------+--------------+--------------+--------------+--------------+--------------+--------------+--------------+--------------+--------------+--------------+--------------+--------------+--------------+--------------+--------------+--------------+--------------+--------------+--------------+--------------+--------------+--------------+--------------+--------------+--------------+--------------+--------------+--------------+--------------+--------------+--------------+--------------+--------------+--------------+--------------+--------------+--------------+--------------+--------------+--------------+--------------+--------------+--------------+--------------+--------------+--------------+--------------+--------------+--------------+--------------+--------------+--------------+--------------+--------------+--------------+--------------+--------------+--------------+--------------+--------------+--------------+--------------+--------------+--------------+--------------+--------------+--------------+--------------+--------------+--------------+--------------+--------------+--------------+--------------+--------------+--------------+--------------+--------------+--------------+--------------+
|           Event           | Counter | HWThread 0 | HWThread 1 | HWThread 2 | HWThread 3 | HWThread 4 | HWThread 5 | HWThread 6 | HWThread 7 | HWThread 8 | HWThread 9 | HWThread 10 | HWThread 11 | HWThread 12 | HWThread 13 | HWThread 14 | HWThread 15 | HWThread 16 | HWThread 17 | HWThread 18 | HWThread 19 | HWThread 20 | HWThread 21 | HWThread 22 | HWThread 23 | HWThread 24 | HWThread 25 | HWThread 26 | HWThread 27 | HWThread 28 | HWThread 29 | HWThread 30 | HWThread 31 | HWThread 32 | HWThread 33 | HWThread 34 | HWThread 35 | HWThread 36 | HWThread 37 | HWThread 38 | HWThread 39 | HWThread 40 | HWThread 41 | HWThread 42 | HWThread 43 | HWThread 44 | HWThread 45 | HWThread 46 | HWThread 47 | HWThread 48 | HWThread 49 | HWThread 50 | HWThread 51 | HWThread 52 | HWThread 53 | HWThread 54 | HWThread 55 | HWThread 56 | HWThread 57 | HWThread 58 | HWThread 59 | HWThread 60 | HWThread 61 | HWThread 62 | HWThread 63 | HWThread 64 | HWThread 65 | HWThread 66 | HWThread 67 | HWThread 68 | HWThread 69 | HWThread 70 | HWThread 71 | HWThread 72 | HWThread 73 | HWThread 74 | HWThread 75 | HWThread 76 | HWThread 77 | HWThread 78 | HWThread 79 | HWThread 80 | HWThread 81 | HWThread 82 | HWThread 83 | HWThread 84 | HWThread 85 | HWThread 86 | HWThread 87 | HWThread 88 | HWThread 89 | HWThread 90 | HWThread 91 | HWThread 92 | HWThread 93 | HWThread 94 | HWThread 95 | HWThread 96 | HWThread 97 | HWThread 98 | HWThread 99 | HWThread 100 | HWThread 101 | HWThread 102 | HWThread 103 | HWThread 104 | HWThread 105 | HWThread 106 | HWThread 107 | HWThread 108 | HWThread 109 | HWThread 110 | HWThread 111 | HWThread 112 | HWThread 113 | HWThread 114 | HWThread 115 | HWThread 116 | HWThread 117 | HWThread 118 | HWThread 119 | HWThread 120 | HWThread 121 | HWThread 122 | HWThread 123 | HWThread 124 | HWThread 125 | HWThread 126 | HWThread 127 | HWThread 128 | HWThread 129 | HWThread 130 | HWThread 131 | HWThread 132 | HWThread 133 | HWThread 134 | HWThread 135 | HWThread 136 | HWThread 137 | HWThread 138 | HWThread 139 | HWThread 140 | HWThread 141 | HWThread 142 | HWThread 143 | HWThread 144 | HWThread 145 | HWThread 146 | HWThread 147 | HWThread 148 | HWThread 149 | HWThread 150 | HWThread 151 | HWThread 152 | HWThread 153 | HWThread 154 | HWThread 155 | HWThread 156 | HWThread 157 | HWThread 158 | HWThread 159 | HWThread 160 | HWThread 161 | HWThread 162 | HWThread 163 | HWThread 164 | HWThread 165 | HWThread 166 | HWThread 167 | HWThread 168 | HWThread 169 | HWThread 170 | HWThread 171 | HWThread 172 | HWThread 173 | HWThread 174 | HWThread 175 | HWThread 176 | HWThread 177 | HWThread 178 | HWThread 179 | HWThread 180 | HWThread 181 | HWThread 182 | HWThread 183 | HWThread 184 | HWThread 185 | HWThread 186 | HWThread 187 | HWThread 188 | HWThread 189 | HWThread 190 | HWThread 191 |
+---------------------------+---------+------------+------------+------------+------------+------------+------------+------------+------------+------------+------------+-------------+-------------+-------------+-------------+-------------+-------------+-------------+-------------+-------------+-------------+-------------+-------------+-------------+-------------+-------------+-------------+-------------+-------------+-------------+-------------+-------------+-------------+-------------+-------------+-------------+-------------+-------------+-------------+-------------+-------------+-------------+-------------+-------------+-------------+-------------+-------------+-------------+-------------+-------------+-------------+-------------+-------------+-------------+-------------+-------------+-------------+-------------+-------------+-------------+-------------+-------------+-------------+-------------+-------------+-------------+-------------+-------------+-------------+-------------+-------------+-------------+-------------+-------------+-------------+-------------+-------------+-------------+-------------+-------------+-------------+-------------+-------------+-------------+-------------+-------------+-------------+-------------+-------------+-------------+-------------+-------------+-------------+-------------+-------------+-------------+-------------+-------------+-------------+-------------+-------------+--------------+--------------+--------------+--------------+--------------+--------------+--------------+--------------+--------------+--------------+--------------+--------------+--------------+--------------+--------------+--------------+--------------+--------------+--------------+--------------+--------------+--------------+--------------+--------------+--------------+--------------+--------------+--------------+--------------+--------------+--------------+--------------+--------------+--------------+--------------+--------------+--------------+--------------+--------------+--------------+--------------+--------------+--------------+--------------+--------------+--------------+--------------+--------------+--------------+--------------+--------------+--------------+--------------+--------------+--------------+--------------+--------------+--------------+--------------+--------------+--------------+--------------+--------------+--------------+--------------+--------------+--------------+--------------+--------------+--------------+--------------+--------------+--------------+--------------+--------------+--------------+--------------+--------------+--------------+--------------+--------------+--------------+--------------+--------------+--------------+--------------+--------------+--------------+--------------+--------------+--------------+--------------+
|      ACTUAL_CPU_CLOCK     |  FIXC1  |  597685300 |  597921900 |  598178200 |  598034400 |  597712200 |  597303700 |  597681000 |  597774100 |  596895100 |  596604900 |   596853400 |   596877500 |   596889600 |   596896300 |   596888100 |   596851800 |   597536700 |   597737900 |   598595700 |   598650100 |   597349600 |   597082600 |   597391900 |   598120800 |   598155500 |   597880500 |   596803000 |   598175600 |   597166300 |   597385400 |   597718200 |   596967600 |   597428800 |   597894000 |   597797400 |   597985600 |   597172400 |   597432700 |   598027500 |   597406800 |   597242100 |   597134100 |   597400500 |   598627100 |   597128600 |   597133700 |   597919800 |   597748300 |   596622300 |   597514300 |   596768500 |   597665600 |   597188800 |   597568900 |   596728400 |   597653800 |   597851500 |   597761900 |   596988100 |   597092800 |   596989500 |   596993300 |   597845000 |   597882700 |   597344600 |   596765000 |   597058000 |   597772800 |   597816200 |   597002200 |   596996100 |   596956000 |   597724800 |   597455400 |   596646900 |   596864800 |   596916100 |   596877300 |   596848000 |   597723300 |   597650600 |   596892500 |   596863400 |   596854600 |   597070300 |   597057200 |   597341600 |   597071100 |   597887400 |   597059900 |   598006100 |   596863200 |   597082200 |   597070100 |   598224000 |   596888000 |   597033100 |   597095000 |   597733100 |   596657900 |    596765400 |    597650900 |    596901300 |    597116200 |    598505200 |    597848600 |    597762200 |    597778900 |    597634600 |    597872700 |    597626000 |    597732200 |    598159300 |    598139300 |    598903700 |    598794300 |    598185400 |    598373000 |    598788200 |    598702200 |    597784800 |    597798200 |    597657400 |    597780500 |    597666900 |    598504800 |    597820300 |    597803500 |    597778400 |    597564100 |    598022700 |    597342900 |    598340300 |    598407200 |    597700700 |    597939400 |    598649900 |    598768600 |    597849300 |    598569200 |    597784800 |    598607000 |    597864800 |    597947300 |    597853000 |    597645400 |    597621600 |    597742800 |    597173100 |    598050800 |    597861700 |    597754300 |    597024400 |    597759300 |    597757200 |    597652200 |    597011600 |    597812100 |    597053900 |    597897600 |    598187600 |    598489200 |    598571400 |    598674800 |    597159000 |    597958400 |    597469400 |    598682400 |    598255500 |    598635800 |    598044800 |    598634200 |    598683500 |    598772300 |    598647000 |    598640400 |    597512800 |    597957900 |    597065700 |    597799000 |    598337000 |    597810800 |    597730700 |    597652300 |    597793800 |    597588300 |    598705900 |    597829600 |    598572200 |    598578900 |    598370900 |    598550800 |
|       MAX_CPU_CLOCK       |  FIXC2  |  754796100 |  755106300 |  755152900 |  754912500 |  754991100 |  754063800 |  754783500 |  755102000 |  754214500 |  753871900 |   754123100 |   754183300 |   754473400 |   753830700 |   753320700 |   753717300 |   754120700 |   754903000 |   756029900 |   756052300 |   753946900 |   754126600 |   753938300 |   755062000 |   755041200 |   755186000 |   754049800 |   755176300 |   754032900 |   754067400 |   754849100 |   754093600 |   754085900 |   754616700 |   755161200 |   754903500 |   754163400 |   754060700 |   754728600 |   754048900 |   753990300 |   753984500 |   754933500 |   756035200 |   753996300 |   754151200 |   754665500 |   755002500 |   753051300 |   755052200 |   752752600 |   755105400 |   754339700 |   754007700 |   753280300 |   755090000 |   755048500 |   755015000 |   754350300 |   754538100 |   754362100 |   753704000 |   755056600 |   755074700 |   755172800 |   753997200 |   753824200 |   754359000 |   755018600 |   753859600 |   753807000 |   754047600 |   754769700 |   754021900 |   753020400 |   752857200 |   753550000 |   753154900 |   752843600 |   755282500 |   754921700 |   753654000 |   752972000 |   752832900 |   753808600 |   753876400 |   754297600 |   753801500 |   755108300 |   753830900 |   755151500 |   754092100 |   753941900 |   753846000 |   755209200 |   754143800 |   753938300 |   753918400 |   754980800 |   753867000 |    754002400 |    754915100 |    754093400 |    754145400 |    756044400 |    755103100 |    755590400 |    754963300 |    755388500 |    754623100 |    755348500 |    755554800 |    755159200 |    756211100 |    756408300 |    756288000 |    755441400 |    755269200 |    757362500 |    756363900 |    755002400 |    755025100 |    754751200 |    754990800 |    754437000 |    756223400 |    755050200 |    755136500 |    755049300 |    755252400 |    754895400 |    753926800 |    756029900 |    756158500 |    755031800 |    755533100 |    756346900 |    756021600 |    755141500 |    756265700 |    755086200 |    756624600 |    755186600 |    755133800 |    755169400 |    755371200 |    755352700 |    754974500 |    754182600 |    756078800 |    755172700 |    754968600 |    753708200 |    755584300 |    754886200 |    754694500 |    753435700 |    755046000 |    753798100 |    755105100 |    755201100 |    756144000 |    756184900 |    756209700 |    754011000 |    755208000 |    754259100 |    756325200 |    755284100 |    756262200 |    755183700 |    756291600 |    756220500 |    756444100 |    756224600 |    756222400 |    754155200 |    755396300 |    753840000 |    754379000 |    755985200 |    755075900 |    754818100 |    754741200 |    754990000 |    755255300 |    756328000 |    755047400 |    756092000 |    756161000 |    756015600 |    755764200 |
|    RETIRED_INSTRUCTIONS   |   PMC0  |  742511400 |  742885400 |  742871500 |  742768600 |  742842400 |  742811700 |  742799800 |  742801100 |  742826600 |  742805300 |   742880100 |   742818800 |   742801000 |   742817700 |   742804000 |   742795800 |   742801600 |   742810600 |   742885900 |   742853500 |   742824800 |   742782500 |   742793100 |   742806500 |   742795500 |   742782200 |   742766600 |   742901100 |   742780300 |   742781800 |   742765400 |   742801100 |   742784400 |   742782000 |   742751700 |   742863600 |   742794600 |   742794500 |   742776000 |   742790700 |   742746100 |   742747500 |   742769400 |   742849500 |   742771400 |   742781300 |   742746500 |   742875500 |   742874300 |   742980700 |   742845300 |   742932500 |   742946500 |   742985800 |   742846900 |   742987700 |   742927800 |   742988000 |   742865100 |   742954100 |   742673800 |   742873300 |   742901500 |   743010000 |   742936100 |   742865800 |   742868300 |   742906200 |   742980100 |   742847600 |   742860000 |   742840800 |   742938600 |   742923900 |   742839000 |   742808300 |   742833900 |   742821600 |   742817200 |   742941100 |   742920700 |   742811000 |   742809300 |   742840000 |   742802600 |   742815900 |   742912000 |   742801800 |   742899500 |   742822000 |   742883100 |   742818400 |   742841700 |   742845600 |   742892900 |   742844700 |   742654900 |   742638100 |   742742700 |   742643100 |    742662000 |    742751700 |    742636100 |    742720700 |    742760300 |    742649900 |    742619700 |    742628400 |    742628300 |    742632800 |    742624400 |    742627300 |    742703600 |    742881700 |    742735700 |    742726200 |    742765500 |    742712100 |    742858400 |    742737900 |    742638100 |    742640700 |    742617200 |    742645500 |    742627600 |    742721300 |    742622100 |    742610900 |    742746200 |    742607800 |    742635000 |    742650500 |    742719800 |    742736300 |    742732800 |    742624400 |    742759000 |    742700700 |    742654800 |    742756100 |    742632300 |    742751200 |    742646100 |    742680100 |    742652400 |    742702700 |    742620600 |    742653100 |    742672700 |    742733900 |    742637400 |    742699600 |    742641900 |    742663000 |    742629500 |    742648200 |    742665500 |    742663300 |    742645300 |    742668600 |    742726200 |    742768000 |    742718800 |    742867300 |    742678200 |    742743500 |    742641600 |    742738200 |    742704800 |    742707700 |    742699900 |    742699200 |    742714200 |    742705300 |    742692900 |    742710200 |    742652800 |    742660600 |    742628700 |    742631500 |    742693000 |    742635000 |    742626500 |    742633700 |    742631400 |    742633200 |    742701200 |    742638900 |    742693500 |    742723200 |    742395800 |    742676800 |
|    CPU_CLOCKS_UNHALTED    |   PMC1  |  587265200 |  589105000 |  589020100 |  588429300 |  588765100 |  588576100 |  588528000 |  588551800 |  588606200 |  588497000 |   588902700 |   588563900 |   588487900 |   588578200 |   588496900 |   588458600 |   588535000 |   588583100 |   589055800 |   588851900 |   588662800 |   588435800 |   588492800 |   588562600 |   588526200 |   588482800 |   588396600 |   589096500 |   588403300 |   588449800 |   588375100 |   588577600 |   588435400 |   588430500 |   588275800 |   588886600 |   588507300 |   588516700 |   588442600 |   588484300 |   588197100 |   588228300 |   588352100 |   588769000 |   588353500 |   588422500 |   588243500 |   588934400 |   588869200 |   589468900 |   588715000 |   589194800 |   589280800 |   589510600 |   588732900 |   589518500 |   589235100 |   589569800 |   588893200 |   589362100 |   587805500 |   588936900 |   589099900 |   589701900 |   589245800 |   588866500 |   588905500 |   589098200 |   589524200 |   588754400 |   588869200 |   588764800 |   589253400 |   589176800 |   588691700 |   588546100 |   588672200 |   588625400 |   588562900 |   589275500 |   589140700 |   588585100 |   588561300 |   588722000 |   588516800 |   588579400 |   589137100 |   588541200 |   589080300 |   588637200 |   588983600 |   588603200 |   588777600 |   588794500 |   589045300 |   588784900 |   587709800 |   587613000 |   588173300 |   587613000 |    587722900 |    588239900 |    587586300 |    588056500 |    588299100 |    587679400 |    587507300 |    587554400 |    587573400 |    587608000 |    587533800 |    587557400 |    587975900 |    588956100 |    588147500 |    588106100 |    588330300 |    588022700 |    588865200 |    588175600 |    587608400 |    587624800 |    587485200 |    587634800 |    587571500 |    588137200 |    587534700 |    587468100 |    588234900 |    587478000 |    587609600 |    587680300 |    588080100 |    588192600 |    588167600 |    587550200 |    588330800 |    587938200 |    587691300 |    588263800 |    587573600 |    588257200 |    587648400 |    587852500 |    587696300 |    587968200 |    587518600 |    587679100 |    587811100 |    588143200 |    587611800 |    587966200 |    587615400 |    587749500 |    587548900 |    587658800 |    587750000 |    587727600 |    587669700 |    587780000 |    588100300 |    588329000 |    588055500 |    588887600 |    587833700 |    588196900 |    587632300 |    588168800 |    587991200 |    588011500 |    587966400 |    588001600 |    588052900 |    587992200 |    587931200 |    588027600 |    587677800 |    587730200 |    587545200 |    587569700 |    587905100 |    587596200 |    587562200 |    587582200 |    587585500 |    587590700 |    587963500 |    587616900 |    587987900 |    588226200 |    588057500 |    587938900 |
| RETIRED_SSE_AVX_FLOPS_ALL |   PMC2  | 9374400000 | 9374400000 | 9374400000 | 9374400000 | 9374400000 | 9374400000 | 9374400000 | 9374400000 | 9374400000 | 9374400000 |  9374400000 |  9374400000 |  9374400000 |  9374400000 |  9374400000 |  9374400000 |  9374400000 |  9374400000 |  9374400000 |  9374400000 |  9374400000 |  9374400000 |  9374400000 |  9374400000 |  9374400000 |  9374400000 |  9374400000 |  9374400000 |  9374400000 |  9374400000 |  9374400000 |  9374400000 |  9374400000 |  9374400000 |  9374400000 |  9374400000 |  9374400000 |  9374400000 |  9374400000 |  9374400000 |  9374400000 |  9374400000 |  9374400000 |  9374400000 |  9374400000 |  9374400000 |  9374400000 |  9374400000 |  9374400000 |  9374400000 |  9374400000 |  9374400000 |  9374400000 |  9374400000 |  9374400000 |  9374400000 |  9374400000 |  9374400000 |  9374400000 |  9374400000 |  9374400000 |  9374400000 |  9374400000 |  9374400000 |  9374400000 |  9374400000 |  9374400000 |  9374400000 |  9374400000 |  9374400000 |  9374400000 |  9374400000 |  9374400000 |  9374400000 |  9374400000 |  9374400000 |  9374400000 |  9374400000 |  9374400000 |  9374400000 |  9374400000 |  9374400000 |  9374400000 |  9374400000 |  9374400000 |  9374400000 |  9374400000 |  9374400000 |  9374400000 |  9374400000 |  9374400000 |  9374400000 |  9374400000 |  9374400000 |  9374400000 |  9374400000 |  9374400000 |  9374400000 |  9374400000 |  9374400000 |   9374400000 |   9374400000 |   9374400000 |   9374400000 |   9374400000 |   9374400000 |   9374400000 |   9374400000 |   9374400000 |   9374400000 |   9374400000 |   9374400000 |   9374400000 |   9374400000 |   9374400000 |   9374400000 |   9374400000 |   9374400000 |   9374400000 |   9374400000 |   9374400000 |   9374400000 |   9374400000 |   9374400000 |   9374400000 |   9374400000 |   9374400000 |   9374400000 |   9374400000 |   9374400000 |   9374400000 |   9374400000 |   9374400000 |   9374400000 |   9374400000 |   9374400000 |   9374400000 |   9374400000 |   9374400000 |   9374400000 |   9374400000 |   9374400000 |   9374400000 |   9374400000 |   9374400000 |   9374400000 |   9374400000 |   9374400000 |   9374400000 |   9374400000 |   9374400000 |   9374400000 |   9374400000 |   9374400000 |   9374400000 |   9374400000 |   9374400000 |   9374400000 |   9374400000 |   9374400000 |   9374400000 |   9374400000 |   9374400000 |   9374400000 |   9374400000 |   9374400000 |   9374400000 |   9374400000 |   9374400000 |   9374400000 |   9374400000 |   9374400000 |   9374400000 |   9374400000 |   9374400000 |   9374400000 |   9374400000 |   9374400000 |   9374400000 |   9374400000 |   9374400000 |   9374400000 |   9374400000 |   9374400000 |   9374400000 |   9374400000 |   9374400000 |   9374400000 |   9374400000 |   9374400000 |   9374400000 |   9374400000 |
|           MERGE           |   PMC3  |          0 |          0 |          0 |          0 |          0 |          0 |          0 |          0 |          0 |          0 |           0 |           0 |           0 |           0 |           0 |           0 |           0 |           0 |           0 |           0 |           0 |           0 |           0 |           0 |           0 |           0 |           0 |           0 |           0 |           0 |           0 |           0 |           0 |           0 |           0 |           0 |           0 |           0 |           0 |           0 |           0 |           0 |           0 |           0 |           0 |           0 |           0 |           0 |           0 |           0 |           0 |           0 |           0 |           0 |           0 |           0 |           0 |           0 |           0 |           0 |           0 |           0 |           0 |           0 |           0 |           0 |           0 |           0 |           0 |           0 |           0 |           0 |           0 |           0 |           0 |           0 |           0 |           0 |           0 |           0 |           0 |           0 |           0 |           0 |           0 |           0 |           0 |           0 |           0 |           0 |           0 |           0 |           0 |           0 |           0 |           0 |           0 |           0 |           0 |           0 |            0 |            0 |            0 |            0 |            0 |            0 |            0 |            0 |            0 |            0 |            0 |            0 |            0 |            0 |            0 |            0 |            0 |            0 |            0 |            0 |            0 |            0 |            0 |            0 |            0 |            0 |            0 |            0 |            0 |            0 |            0 |            0 |            0 |            0 |            0 |            0 |            0 |            0 |            0 |            0 |            0 |            0 |            0 |            0 |            0 |            0 |            0 |            0 |            0 |            0 |            0 |            0 |            0 |            0 |            0 |            0 |            0 |            0 |            0 |            0 |            0 |            0 |            0 |            0 |            0 |            0 |            0 |            0 |            0 |            0 |            0 |            0 |            0 |            0 |            0 |            0 |            0 |            0 |            0 |            0 |            0 |            0 |            0 |            0 |            0 |            0 |            0 |            0 |            0 |            0 |            0 |            0 |
+---------------------------+---------+------------+------------+------------+------------+------------+------------+------------+------------+------------+------------+-------------+-------------+-------------+-------------+-------------+-------------+-------------+-------------+-------------+-------------+-------------+-------------+-------------+-------------+-------------+-------------+-------------+-------------+-------------+-------------+-------------+-------------+-------------+-------------+-------------+-------------+-------------+-------------+-------------+-------------+-------------+-------------+-------------+-------------+-------------+-------------+-------------+-------------+-------------+-------------+-------------+-------------+-------------+-------------+-------------+-------------+-------------+-------------+-------------+-------------+-------------+-------------+-------------+-------------+-------------+-------------+-------------+-------------+-------------+-------------+-------------+-------------+-------------+-------------+-------------+-------------+-------------+-------------+-------------+-------------+-------------+-------------+-------------+-------------+-------------+-------------+-------------+-------------+-------------+-------------+-------------+-------------+-------------+-------------+-------------+-------------+-------------+-------------+-------------+-------------+--------------+--------------+--------------+--------------+--------------+--------------+--------------+--------------+--------------+--------------+--------------+--------------+--------------+--------------+--------------+--------------+--------------+--------------+--------------+--------------+--------------+--------------+--------------+--------------+--------------+--------------+--------------+--------------+--------------+--------------+--------------+--------------+--------------+--------------+--------------+--------------+--------------+--------------+--------------+--------------+--------------+--------------+--------------+--------------+--------------+--------------+--------------+--------------+--------------+--------------+--------------+--------------+--------------+--------------+--------------+--------------+--------------+--------------+--------------+--------------+--------------+--------------+--------------+--------------+--------------+--------------+--------------+--------------+--------------+--------------+--------------+--------------+--------------+--------------+--------------+--------------+--------------+--------------+--------------+--------------+--------------+--------------+--------------+--------------+--------------+--------------+--------------+--------------+--------------+--------------+--------------+--------------+

+--------------------------------+---------+---------------+------------+------------+--------------+
|              Event             | Counter |      Sum      |     Min    |     Max    |      Avg     |
+--------------------------------+---------+---------------+------------+------------+--------------+
|      ACTUAL_CPU_CLOCK STAT     |  FIXC1  |  114751754400 |  596604900 |  598903700 | 5.976654e+08 |
|       MAX_CPU_CLOCK STAT       |  FIXC2  |  144923280500 |  752752600 |  757362500 | 7.548088e+08 |
|    RETIRED_INSTRUCTIONS STAT   |   PMC0  |  142609848900 |  742395800 |  743010000 | 7.427596e+08 |
|    CPU_CLOCKS_UNHALTED STAT    |   PMC1  |  112954446700 |  587265200 |  589701900 | 5.883044e+08 |
| RETIRED_SSE_AVX_FLOPS_ALL STAT |   PMC2  | 1799884800000 | 9374400000 | 9374400000 |   9374400000 |
|           MERGE STAT           |   PMC3  |             0 |          0 |          0 |            0 |
+--------------------------------+---------+---------------+------------+------------+--------------+

+----------------------+------------+------------+------------+------------+------------+------------+------------+------------+------------+------------+-------------+-------------+-------------+-------------+-------------+-------------+-------------+-------------+-------------+-------------+-------------+-------------+-------------+-------------+-------------+-------------+-------------+-------------+-------------+-------------+-------------+-------------+-------------+-------------+-------------+-------------+-------------+-------------+-------------+-------------+-------------+-------------+-------------+-------------+-------------+-------------+-------------+-------------+-------------+-------------+-------------+-------------+-------------+-------------+-------------+-------------+-------------+-------------+-------------+-------------+-------------+-------------+-------------+-------------+-------------+-------------+-------------+-------------+-------------+-------------+-------------+-------------+-------------+-------------+-------------+-------------+-------------+-------------+-------------+-------------+-------------+-------------+-------------+-------------+-------------+-------------+-------------+-------------+-------------+-------------+-------------+-------------+-------------+-------------+-------------+-------------+-------------+-------------+-------------+-------------+--------------+--------------+--------------+--------------+--------------+--------------+--------------+--------------+--------------+--------------+--------------+--------------+--------------+--------------+--------------+--------------+--------------+--------------+--------------+--------------+--------------+--------------+--------------+--------------+--------------+--------------+--------------+--------------+--------------+--------------+--------------+--------------+--------------+--------------+--------------+--------------+--------------+--------------+--------------+--------------+--------------+--------------+--------------+--------------+--------------+--------------+--------------+--------------+--------------+--------------+--------------+--------------+--------------+--------------+--------------+--------------+--------------+--------------+--------------+--------------+--------------+--------------+--------------+--------------+--------------+--------------+--------------+--------------+--------------+--------------+--------------+--------------+--------------+--------------+--------------+--------------+--------------+--------------+--------------+--------------+--------------+--------------+--------------+--------------+--------------+--------------+--------------+--------------+--------------+--------------+--------------+--------------+
|        Metric        | HWThread 0 | HWThread 1 | HWThread 2 | HWThread 3 | HWThread 4 | HWThread 5 | HWThread 6 | HWThread 7 | HWThread 8 | HWThread 9 | HWThread 10 | HWThread 11 | HWThread 12 | HWThread 13 | HWThread 14 | HWThread 15 | HWThread 16 | HWThread 17 | HWThread 18 | HWThread 19 | HWThread 20 | HWThread 21 | HWThread 22 | HWThread 23 | HWThread 24 | HWThread 25 | HWThread 26 | HWThread 27 | HWThread 28 | HWThread 29 | HWThread 30 | HWThread 31 | HWThread 32 | HWThread 33 | HWThread 34 | HWThread 35 | HWThread 36 | HWThread 37 | HWThread 38 | HWThread 39 | HWThread 40 | HWThread 41 | HWThread 42 | HWThread 43 | HWThread 44 | HWThread 45 | HWThread 46 | HWThread 47 | HWThread 48 | HWThread 49 | HWThread 50 | HWThread 51 | HWThread 52 | HWThread 53 | HWThread 54 | HWThread 55 | HWThread 56 | HWThread 57 | HWThread 58 | HWThread 59 | HWThread 60 | HWThread 61 | HWThread 62 | HWThread 63 | HWThread 64 | HWThread 65 | HWThread 66 | HWThread 67 | HWThread 68 | HWThread 69 | HWThread 70 | HWThread 71 | HWThread 72 | HWThread 73 | HWThread 74 | HWThread 75 | HWThread 76 | HWThread 77 | HWThread 78 | HWThread 79 | HWThread 80 | HWThread 81 | HWThread 82 | HWThread 83 | HWThread 84 | HWThread 85 | HWThread 86 | HWThread 87 | HWThread 88 | HWThread 89 | HWThread 90 | HWThread 91 | HWThread 92 | HWThread 93 | HWThread 94 | HWThread 95 | HWThread 96 | HWThread 97 | HWThread 98 | HWThread 99 | HWThread 100 | HWThread 101 | HWThread 102 | HWThread 103 | HWThread 104 | HWThread 105 | HWThread 106 | HWThread 107 | HWThread 108 | HWThread 109 | HWThread 110 | HWThread 111 | HWThread 112 | HWThread 113 | HWThread 114 | HWThread 115 | HWThread 116 | HWThread 117 | HWThread 118 | HWThread 119 | HWThread 120 | HWThread 121 | HWThread 122 | HWThread 123 | HWThread 124 | HWThread 125 | HWThread 126 | HWThread 127 | HWThread 128 | HWThread 129 | HWThread 130 | HWThread 131 | HWThread 132 | HWThread 133 | HWThread 134 | HWThread 135 | HWThread 136 | HWThread 137 | HWThread 138 | HWThread 139 | HWThread 140 | HWThread 141 | HWThread 142 | HWThread 143 | HWThread 144 | HWThread 145 | HWThread 146 | HWThread 147 | HWThread 148 | HWThread 149 | HWThread 150 | HWThread 151 | HWThread 152 | HWThread 153 | HWThread 154 | HWThread 155 | HWThread 156 | HWThread 157 | HWThread 158 | HWThread 159 | HWThread 160 | HWThread 161 | HWThread 162 | HWThread 163 | HWThread 164 | HWThread 165 | HWThread 166 | HWThread 167 | HWThread 168 | HWThread 169 | HWThread 170 | HWThread 171 | HWThread 172 | HWThread 173 | HWThread 174 | HWThread 175 | HWThread 176 | HWThread 177 | HWThread 178 | HWThread 179 | HWThread 180 | HWThread 181 | HWThread 182 | HWThread 183 | HWThread 184 | HWThread 185 | HWThread 186 | HWThread 187 | HWThread 188 | HWThread 189 | HWThread 190 | HWThread 191 |
+----------------------+------------+------------+------------+------------+------------+------------+------------+------------+------------+------------+-------------+-------------+-------------+-------------+-------------+-------------+-------------+-------------+-------------+-------------+-------------+-------------+-------------+-------------+-------------+-------------+-------------+-------------+-------------+-------------+-------------+-------------+-------------+-------------+-------------+-------------+-------------+-------------+-------------+-------------+-------------+-------------+-------------+-------------+-------------+-------------+-------------+-------------+-------------+-------------+-------------+-------------+-------------+-------------+-------------+-------------+-------------+-------------+-------------+-------------+-------------+-------------+-------------+-------------+-------------+-------------+-------------+-------------+-------------+-------------+-------------+-------------+-------------+-------------+-------------+-------------+-------------+-------------+-------------+-------------+-------------+-------------+-------------+-------------+-------------+-------------+-------------+-------------+-------------+-------------+-------------+-------------+-------------+-------------+-------------+-------------+-------------+-------------+-------------+-------------+--------------+--------------+--------------+--------------+--------------+--------------+--------------+--------------+--------------+--------------+--------------+--------------+--------------+--------------+--------------+--------------+--------------+--------------+--------------+--------------+--------------+--------------+--------------+--------------+--------------+--------------+--------------+--------------+--------------+--------------+--------------+--------------+--------------+--------------+--------------+--------------+--------------+--------------+--------------+--------------+--------------+--------------+--------------+--------------+--------------+--------------+--------------+--------------+--------------+--------------+--------------+--------------+--------------+--------------+--------------+--------------+--------------+--------------+--------------+--------------+--------------+--------------+--------------+--------------+--------------+--------------+--------------+--------------+--------------+--------------+--------------+--------------+--------------+--------------+--------------+--------------+--------------+--------------+--------------+--------------+--------------+--------------+--------------+--------------+--------------+--------------+--------------+--------------+--------------+--------------+--------------+--------------+
|  Runtime (RDTSC) [s] |     0.3121 |     0.3124 |     0.3124 |     0.3120 |     0.3122 |     0.3121 |     0.3121 |     0.3121 |     0.3121 |     0.3121 |      0.3123 |      0.3121 |      0.3121 |      0.3121 |      0.3121 |      0.3120 |      0.3121 |      0.3121 |      0.3123 |      0.3123 |      0.3122 |      0.3121 |      0.3121 |      0.3121 |      0.3120 |      0.3121 |      0.3120 |      0.3124 |      0.3121 |      0.3121 |      0.3120 |      0.3120 |      0.3121 |      0.3121 |      0.3120 |      0.3123 |      0.3121 |      0.3121 |      0.3120 |      0.3121 |      0.3121 |      0.3121 |      0.3121 |      0.3124 |      0.3121 |      0.3121 |      0.3121 |      0.3124 |      0.3121 |      0.3124 |      0.3120 |      0.3123 |      0.3123 |      0.3124 |      0.3121 |      0.3124 |      0.3122 |      0.3124 |      0.3121 |      0.3123 |      0.3121 |      0.3120 |      0.3122 |      0.3124 |      0.3123 |      0.3121 |      0.3121 |      0.3122 |      0.3125 |      0.3121 |      0.3121 |      0.3120 |      0.3124 |      0.3124 |      0.3121 |      0.3120 |      0.3121 |      0.3120 |      0.3121 |      0.3124 |      0.3124 |      0.3120 |      0.3120 |      0.3121 |      0.3120 |      0.3120 |      0.3123 |      0.3120 |      0.3122 |      0.3120 |      0.3122 |      0.3120 |      0.3121 |      0.3121 |      0.3122 |      0.3121 |      0.3121 |      0.3120 |      0.3124 |      0.3121 |       0.3121 |       0.3124 |       0.3120 |       0.3123 |       0.3124 |       0.3121 |       0.3120 |       0.3121 |       0.3120 |       0.3120 |       0.3120 |       0.3120 |       0.3122 |       0.3127 |       0.3123 |       0.3124 |       0.3124 |       0.3122 |       0.3128 |       0.3123 |       0.3121 |       0.3121 |       0.3120 |       0.3121 |       0.3121 |       0.3123 |       0.3121 |       0.3120 |       0.3124 |       0.3120 |       0.3121 |       0.3121 |       0.3124 |       0.3124 |       0.3124 |       0.3121 |       0.3124 |       0.3122 |       0.3121 |       0.3124 |       0.3121 |       0.3124 |       0.3121 |       0.3122 |       0.3121 |       0.3122 |       0.3120 |       0.3121 |       0.3121 |       0.3124 |       0.3121 |       0.3122 |       0.3120 |       0.3121 |       0.3120 |       0.3120 |       0.3121 |       0.3121 |       0.3121 |       0.3121 |       0.3123 |       0.3124 |       0.3122 |       0.3127 |       0.3121 |       0.3123 |       0.3120 |       0.3123 |       0.3123 |       0.3123 |       0.3122 |       0.3122 |       0.3123 |       0.3123 |       0.3122 |       0.3123 |       0.3121 |       0.3121 |       0.3121 |       0.3120 |       0.3123 |       0.3121 |       0.3120 |       0.3120 |       0.3120 |       0.3120 |       0.3122 |       0.3121 |       0.3123 |       0.3124 |       0.3124 |       0.3123 |
| Runtime unhalted [s] |     0.2490 |     0.2491 |     0.2493 |     0.2492 |     0.2491 |     0.2489 |     0.2490 |     0.2491 |     0.2487 |     0.2486 |      0.2487 |      0.2487 |      0.2487 |      0.2487 |      0.2487 |      0.2487 |      0.2490 |      0.2491 |      0.2494 |      0.2494 |      0.2489 |      0.2488 |      0.2489 |      0.2492 |      0.2492 |      0.2491 |      0.2487 |      0.2492 |      0.2488 |      0.2489 |      0.2491 |      0.2487 |      0.2489 |      0.2491 |      0.2491 |      0.2492 |      0.2488 |      0.2489 |      0.2492 |      0.2489 |      0.2489 |      0.2488 |      0.2489 |      0.2494 |      0.2488 |      0.2488 |      0.2491 |      0.2491 |      0.2486 |      0.2490 |      0.2487 |      0.2490 |      0.2488 |      0.2490 |      0.2486 |      0.2490 |      0.2491 |      0.2491 |      0.2488 |      0.2488 |      0.2488 |      0.2488 |      0.2491 |      0.2491 |      0.2489 |      0.2487 |      0.2488 |      0.2491 |      0.2491 |      0.2488 |      0.2488 |      0.2487 |      0.2491 |      0.2489 |      0.2486 |      0.2487 |      0.2487 |      0.2487 |      0.2487 |      0.2491 |      0.2490 |      0.2487 |      0.2487 |      0.2487 |      0.2488 |      0.2488 |      0.2489 |      0.2488 |      0.2491 |      0.2488 |      0.2492 |      0.2487 |      0.2488 |      0.2488 |      0.2493 |      0.2487 |      0.2488 |      0.2488 |      0.2491 |      0.2486 |       0.2487 |       0.2490 |       0.2487 |       0.2488 |       0.2494 |       0.2491 |       0.2491 |       0.2491 |       0.2490 |       0.2491 |       0.2490 |       0.2491 |       0.2492 |       0.2492 |       0.2496 |       0.2495 |       0.2493 |       0.2493 |       0.2495 |       0.2495 |       0.2491 |       0.2491 |       0.2490 |       0.2491 |       0.2490 |       0.2494 |       0.2491 |       0.2491 |       0.2491 |       0.2490 |       0.2492 |       0.2489 |       0.2493 |       0.2493 |       0.2491 |       0.2492 |       0.2494 |       0.2495 |       0.2491 |       0.2494 |       0.2491 |       0.2494 |       0.2491 |       0.2492 |       0.2491 |       0.2490 |       0.2490 |       0.2491 |       0.2488 |       0.2492 |       0.2491 |       0.2491 |       0.2488 |       0.2491 |       0.2491 |       0.2490 |       0.2488 |       0.2491 |       0.2488 |       0.2491 |       0.2493 |       0.2494 |       0.2494 |       0.2495 |       0.2488 |       0.2492 |       0.2490 |       0.2495 |       0.2493 |       0.2494 |       0.2492 |       0.2494 |       0.2495 |       0.2495 |       0.2494 |       0.2494 |       0.2490 |       0.2492 |       0.2488 |       0.2491 |       0.2493 |       0.2491 |       0.2491 |       0.2490 |       0.2491 |       0.2490 |       0.2495 |       0.2491 |       0.2494 |       0.2494 |       0.2493 |       0.2494 |
|      Clock [MHz]     |  1900.3704 |  1900.3417 |  1901.0390 |  1901.1872 |  1899.9651 |  1901.0014 |  1900.3885 |  1899.8828 |  1899.3214 |  1899.2607 |   1899.4189 |   1899.3440 |   1898.6522 |   1900.2923 |   1901.5526 |   1900.4365 |   1901.5995 |   1900.2685 |   1900.1590 |   1900.2754 |   1901.4423 |   1900.1395 |   1901.5986 |   1901.0854 |   1901.2481 |   1900.0096 |   1899.4432 |   1900.9718 |   1900.6420 |   1901.2524 |   1900.3416 |   1899.8567 |   1901.3439 |   1901.4859 |   1899.8079 |   1901.0547 |   1900.3325 |   1901.4198 |   1901.6285 |   1901.3671 |   1900.9907 |   1900.6615 |   1899.1192 |   1900.2454 |   1900.6143 |   1900.2401 |   1901.4450 |   1900.0511 |   1901.3858 |   1899.1823 |   1902.6064 |   1899.5294 |   1899.9406 |   1901.9870 |   1901.1458 |   1899.5306 |   1900.2634 |   1900.0629 |   1899.2754 |   1899.1357 |   1899.2501 |   1900.9206 |   1900.2224 |   1900.2966 |   1898.3397 |   1899.4547 |   1900.8234 |   1901.7499 |   1900.2265 |   1900.5565 |   1900.6697 |   1899.9356 |   1900.5625 |   1901.5899 |   1901.5422 |   1902.6491 |   1901.0632 |   1901.9368 |   1902.6299 |   1899.2673 |   1899.9439 |   1900.7257 |   1902.3545 |   1902.6780 |   1900.9019 |   1900.6893 |   1900.5328 |   1900.9224 |   1900.2270 |   1900.8126 |   1900.4955 |   1899.5282 |   1900.6037 |   1900.8070 |   1901.0428 |   1899.4769 |   1900.4565 |   1900.7037 |   1900.0574 |   1899.4418 |    1899.4429 |    1899.9615 |    1899.6462 |    1900.1991 |    1899.8353 |    1900.1168 |    1898.6169 |    1900.2471 |    1898.7190 |    1901.4021 |    1898.7922 |    1898.6111 |    1900.9630 |    1898.2553 |    1900.1857 |    1900.1408 |    1900.3358 |    1901.3652 |    1897.4257 |    1899.6579 |    1900.1674 |    1900.1529 |    1900.3947 |    1900.1829 |    1901.2164 |    1899.3844 |    1900.1600 |    1899.8894 |    1900.0290 |    1898.8371 |    1901.1931 |    1901.4717 |    1899.3483 |    1899.2376 |    1899.8261 |    1899.3238 |    1899.5346 |    1900.7288 |    1900.0224 |    1899.4825 |    1899.9565 |    1898.7014 |    1899.9582 |    1900.3532 |    1899.9640 |    1898.7968 |    1898.7677 |    1900.1041 |    1900.2864 |    1898.3066 |    1899.9833 |    1900.1555 |    1901.0090 |    1898.6230 |    1900.3722 |    1900.5210 |    1901.6558 |    1900.1445 |    1900.8762 |    1900.2675 |    1900.9475 |    1899.5343 |    1899.6924 |    1899.9583 |    1900.6740 |    1900.2018 |    1901.0364 |    1899.6923 |    1900.9544 |    1899.7026 |    1900.5375 |    1899.6237 |    1899.9588 |    1899.6789 |    1899.8326 |    1899.8172 |    1901.4365 |    1899.7265 |    1900.8081 |    1901.7828 |    1899.4501 |    1900.0651 |    1900.4594 |    1900.4037 |    1900.2272 |    1898.9067 |    1899.7598 |    1900.1966 |    1899.9284 |    1899.7763 |    1899.4814 |    1900.6845 |
|          CPI         |     0.7909 |     0.7930 |     0.7929 |     0.7922 |     0.7926 |     0.7924 |     0.7923 |     0.7923 |     0.7924 |     0.7923 |      0.7927 |      0.7923 |      0.7923 |      0.7924 |      0.7923 |      0.7922 |      0.7923 |      0.7924 |      0.7929 |      0.7927 |      0.7925 |      0.7922 |      0.7923 |      0.7923 |      0.7923 |      0.7923 |      0.7922 |      0.7930 |      0.7922 |      0.7922 |      0.7921 |      0.7924 |      0.7922 |      0.7922 |      0.7920 |      0.7927 |      0.7923 |      0.7923 |      0.7922 |      0.7923 |      0.7919 |      0.7920 |      0.7921 |      0.7926 |      0.7921 |      0.7922 |      0.7920 |      0.7928 |      0.7927 |      0.7934 |      0.7925 |      0.7931 |      0.7932 |      0.7934 |      0.7925 |      0.7934 |      0.7931 |      0.7935 |      0.7927 |      0.7933 |      0.7915 |      0.7928 |      0.7930 |      0.7937 |      0.7931 |      0.7927 |      0.7927 |      0.7930 |      0.7935 |      0.7926 |      0.7927 |      0.7926 |      0.7931 |      0.7931 |      0.7925 |      0.7923 |      0.7925 |      0.7924 |      0.7923 |      0.7932 |      0.7930 |      0.7924 |      0.7923 |      0.7925 |      0.7923 |      0.7924 |      0.7930 |      0.7923 |      0.7929 |      0.7924 |      0.7928 |      0.7924 |      0.7926 |      0.7926 |      0.7929 |      0.7926 |      0.7914 |      0.7913 |      0.7919 |      0.7912 |       0.7914 |       0.7920 |       0.7912 |       0.7918 |       0.7920 |       0.7913 |       0.7911 |       0.7912 |       0.7912 |       0.7912 |       0.7912 |       0.7912 |       0.7917 |       0.7928 |       0.7919 |       0.7918 |       0.7921 |       0.7917 |       0.7927 |       0.7919 |       0.7912 |       0.7913 |       0.7911 |       0.7913 |       0.7912 |       0.7919 |       0.7912 |       0.7911 |       0.7920 |       0.7911 |       0.7912 |       0.7913 |       0.7918 |       0.7919 |       0.7919 |       0.7912 |       0.7921 |       0.7916 |       0.7913 |       0.7920 |       0.7912 |       0.7920 |       0.7913 |       0.7915 |       0.7913 |       0.7917 |       0.7911 |       0.7913 |       0.7915 |       0.7919 |       0.7912 |       0.7917 |       0.7912 |       0.7914 |       0.7912 |       0.7913 |       0.7914 |       0.7914 |       0.7913 |       0.7914 |       0.7918 |       0.7921 |       0.7918 |       0.7927 |       0.7915 |       0.7919 |       0.7913 |       0.7919 |       0.7917 |       0.7917 |       0.7917 |       0.7917 |       0.7918 |       0.7917 |       0.7916 |       0.7917 |       0.7913 |       0.7914 |       0.7912 |       0.7912 |       0.7916 |       0.7912 |       0.7912 |       0.7912 |       0.7912 |       0.7912 |       0.7917 |       0.7913 |       0.7917 |       0.7920 |       0.7921 |       0.7916 |
|     DP [MFLOP/s]     | 30041.3203 | 30004.9163 | 30007.3175 | 30042.5526 | 30024.3381 | 30032.5429 | 30039.1640 | 30036.2862 | 30035.6125 | 30039.0773 |  30019.9634 |  30038.2592 |  30037.0946 |  30037.7491 |  30035.2757 |  30042.4274 |  30032.6969 |  30033.7745 |  30014.4655 |  30013.9850 |  30023.6169 |  30039.8089 |  30035.1602 |  30035.6702 |  30042.3793 |  30040.3576 |  30041.6669 |  30005.5886 |  30035.6317 |  30036.3439 |  30042.6104 |  30042.3697 |  30034.0632 |  30036.8732 |  30043.0436 |  30019.0117 |  30039.6164 |  30036.5268 |  30042.8896 |  30037.3352 |  30040.1266 |  30035.1217 |  30038.6346 |  30010.0072 |  30033.2165 |  30039.2795 |  30040.7042 |  30009.4596 |  30034.2075 |  30006.3473 |  30042.8992 |  30021.7996 |  30013.1490 |  30006.0592 |  30040.7330 |  30003.8695 |  30024.7420 |  30008.2108 |  30037.7202 |  30020.6651 |  30038.4421 |  30041.5706 |  30031.6386 |  30002.9957 |  30015.2824 |  30033.9381 |  30033.6879 |  30023.8477 |  30002.7556 |  30039.8570 |  30040.3480 |  30042.4178 |  30004.7435 |  30011.5540 |  30033.6976 |  30041.9942 |  30037.7876 |  30041.9942 |  30038.5864 |  30004.7050 |  30010.6028 |  30041.8690 |  30042.1001 |  30034.2942 |  30043.3999 |  30043.3999 |  30013.1490 |  30042.9859 |  30022.5688 |  30043.1303 |  30022.2227 |  30042.7163 |  30035.5066 |  30034.8426 |  30023.0015 |  30032.7161 |  30036.6422 |  30043.0051 |  30010.8430 |  30041.1181 |   30033.0529 |   30008.5278 |   30042.1193 |   30019.4827 |   30005.5406 |   30036.1803 |   30041.5513 |   30040.8389 |   30041.5995 |   30042.9666 |   30041.9749 |   30042.3697 |   30025.7613 |   29977.1871 |   30017.9351 |   30008.3356 |   30006.5875 |   30022.6265 |   29967.4700 |   30020.3191 |   30036.9695 |   30039.7511 |   30041.4839 |   30039.5682 |   30040.2036 |   30013.7352 |   30040.3961 |   30043.8139 |   30005.9920 |   30041.9268 |   30034.3519 |   30035.4970 |   30012.0824 |   30011.1216 |   30009.8246 |   30040.0303 |   30003.8599 |   30022.1746 |   30035.7665 |   30007.7881 |   30040.7715 |   30006.5298 |   30037.2774 |   30024.2996 |   30039.2217 |   30024.4727 |   30043.3228 |   30038.0570 |   30034.5347 |   30007.3175 |   30039.4142 |   30024.4919 |   30042.6970 |   30040.8004 |   30042.1097 |   30042.3215 |   30033.3415 |   30036.9406 |   30040.8004 |   30035.2564 |   30019.7999 |   30006.8372 |   30024.6362 |   29981.7124 |   30033.3031 |   30018.3099 |   30041.6572 |   30018.2330 |   30020.2614 |   30019.5788 |   30023.5400 |   30025.1170 |   30017.0796 |   30020.8094 |   30023.4438 |   30019.9730 |   30036.5268 |   30036.5075 |   30039.6741 |   30042.1001 |   30021.0497 |   30040.5116 |   30042.0808 |   30041.8113 |   30042.8414 |   30043.4865 |   30023.8861 |   30039.6934 |   30021.1074 |   30004.8875 |   30009.9015 |   30014.9076 |
+----------------------+------------+------------+------------+------------+------------+------------+------------+------------+------------+------------+-------------+-------------+-------------+-------------+-------------+-------------+-------------+-------------+-------------+-------------+-------------+-------------+-------------+-------------+-------------+-------------+-------------+-------------+-------------+-------------+-------------+-------------+-------------+-------------+-------------+-------------+-------------+-------------+-------------+-------------+-------------+-------------+-------------+-------------+-------------+-------------+-------------+-------------+-------------+-------------+-------------+-------------+-------------+-------------+-------------+-------------+-------------+-------------+-------------+-------------+-------------+-------------+-------------+-------------+-------------+-------------+-------------+-------------+-------------+-------------+-------------+-------------+-------------+-------------+-------------+-------------+-------------+-------------+-------------+-------------+-------------+-------------+-------------+-------------+-------------+-------------+-------------+-------------+-------------+-------------+-------------+-------------+-------------+-------------+-------------+-------------+-------------+-------------+-------------+-------------+--------------+--------------+--------------+--------------+--------------+--------------+--------------+--------------+--------------+--------------+--------------+--------------+--------------+--------------+--------------+--------------+--------------+--------------+--------------+--------------+--------------+--------------+--------------+--------------+--------------+--------------+--------------+--------------+--------------+--------------+--------------+--------------+--------------+--------------+--------------+--------------+--------------+--------------+--------------+--------------+--------------+--------------+--------------+--------------+--------------+--------------+--------------+--------------+--------------+--------------+--------------+--------------+--------------+--------------+--------------+--------------+--------------+--------------+--------------+--------------+--------------+--------------+--------------+--------------+--------------+--------------+--------------+--------------+--------------+--------------+--------------+--------------+--------------+--------------+--------------+--------------+--------------+--------------+--------------+--------------+--------------+--------------+--------------+--------------+--------------+--------------+--------------+--------------+--------------+--------------+--------------+--------------+

+---------------------------+--------------+------------+------------+------------+
|           Metric          |      Sum     |     Min    |     Max    |     Avg    |
+---------------------------+--------------+------------+------------+------------+
|  Runtime (RDTSC) [s] STAT |      59.9372 |     0.3120 |     0.3128 |     0.3122 |
| Runtime unhalted [s] STAT |      47.8149 |     0.2486 |     0.2496 |     0.2490 |
|      Clock [MHz] STAT     |  364852.9708 |  1897.4257 |  1902.6780 |  1900.2759 |
|          CPI STAT         |     152.0741 |     0.7909 |     0.7937 |     0.7921 |
|     DP [MFLOP/s] STAT     | 5.765536e+06 | 29967.4700 | 30043.8139 | 30028.8349 |
+---------------------------+--------------+------------+------------+------------+

