INFO: You are running LIKWID in a cpuset with 48 CPUs. Taking given IDs as logical ID in cpuset
--------------------------------------------------------------------------------
CPU name:	AMD EPYC 9654 96-Core Processor                
CPU type:	AMD K19 (Zen4) architecture
CPU clock:	2.40 GHz
--------------------------------------------------------------------------------
Warning: Sanitizing vector length to a multiple of the loop stride 16 and thread count 24 from 500000000 elements (4000000000 bytes) to 499999872 elements (3999998976 bytes)
Allocate: Process running on hwthread 0 (Domain N) - Vector length 499999872/3999998976 Offset 0 Alignment 512
Allocate: Process running on hwthread 0 (Domain N) - Vector length 499999872/3999998976 Offset 0 Alignment 512
Allocate: Process running on hwthread 0 (Domain N) - Vector length 499999872/3999998976 Offset 0 Alignment 512
Initialization: Each thread in domain initializes its own stream chunks
--------------------------------------------------------------------------------
LIKWID MICRO BENCHMARK
Test: stream_mem_avx_fma
--------------------------------------------------------------------------------
Using 1 work groups
Using 24 threads
--------------------------------------------------------------------------------
Using Likwid Marker API
--------------------------------------------------------------------------------
Group: 0 Thread 0 Global Thread 0 running on hwthread 0 - Vector length 20833328 Offset 0
Group: 0 Thread 1 Global Thread 1 running on hwthread 1 - Vector length 20833328 Offset 20833328
Group: 0 Thread 2 Global Thread 2 running on hwthread 2 - Vector length 20833328 Offset 41666656
Group: 0 Thread 3 Global Thread 3 running on hwthread 3 - Vector length 20833328 Offset 62499984
Group: 0 Thread 4 Global Thread 4 running on hwthread 4 - Vector length 20833328 Offset 83333312
Group: 0 Thread 5 Global Thread 5 running on hwthread 5 - Vector length 20833328 Offset 104166640
Group: 0 Thread 6 Global Thread 6 running on hwthread 6 - Vector length 20833328 Offset 124999968
Group: 0 Thread 7 Global Thread 7 running on hwthread 7 - Vector length 20833328 Offset 145833296
Group: 0 Thread 8 Global Thread 8 running on hwthread 8 - Vector length 20833328 Offset 166666624
Group: 0 Thread 9 Global Thread 9 running on hwthread 9 - Vector length 20833328 Offset 187499952
Group: 0 Thread 10 Global Thread 10 running on hwthread 10 - Vector length 20833328 Offset 208333280
Group: 0 Thread 11 Global Thread 11 running on hwthread 11 - Vector length 20833328 Offset 229166608
Group: 0 Thread 12 Global Thread 12 running on hwthread 12 - Vector length 20833328 Offset 249999936
Group: 0 Thread 13 Global Thread 13 running on hwthread 13 - Vector length 20833328 Offset 270833264
Group: 0 Thread 14 Global Thread 14 running on hwthread 14 - Vector length 20833328 Offset 291666592
Group: 0 Thread 15 Global Thread 15 running on hwthread 15 - Vector length 20833328 Offset 312499920
Group: 0 Thread 16 Global Thread 16 running on hwthread 16 - Vector length 20833328 Offset 333333248
Group: 0 Thread 17 Global Thread 17 running on hwthread 17 - Vector length 20833328 Offset 354166576
Group: 0 Thread 18 Global Thread 18 running on hwthread 18 - Vector length 20833328 Offset 374999904
Group: 0 Thread 19 Global Thread 19 running on hwthread 19 - Vector length 20833328 Offset 395833232
Group: 0 Thread 20 Global Thread 20 running on hwthread 20 - Vector length 20833328 Offset 416666560
Group: 0 Thread 21 Global Thread 21 running on hwthread 21 - Vector length 20833328 Offset 437499888
Group: 0 Thread 22 Global Thread 22 running on hwthread 22 - Vector length 20833328 Offset 458333216
Group: 0 Thread 23 Global Thread 23 running on hwthread 23 - Vector length 20833328 Offset 479166544
--------------------------------------------------------------------------------
Cycles:			15711158160
CPU Clock:		2399381680
Cycle Clock:		2399381680
Time:			6.548003e+00 sec
Iterations:		1200
Iterations per thread:	50
Inner loop executions:	1302083
Size (Byte):		11999996928
Size per thread:	499999872
Number of Flops:	49999987200
MFlops/s:		7635.91
Data volume (Byte):	599999846400
MByte/s:		91630.97
Cycles per update:	0.628446
Cycles per cacheline:	5.027572
Loads per update:	2
Stores per update:	1
Load bytes per element:	16
Store bytes per elem.:	8
Load/store ratio:	2.00
Instructions:		23437494017
UOPs:			34374991200
--------------------------------------------------------------------------------
Writing Likwid Marker API results to file /tmp/likwid_834069.txt
--------------------------------------------------------------------------------
Region bench, Group 1: MEMREAD
+-------------------+------------+------------+------------+------------+------------+------------+------------+------------+------------+------------+-------------+-------------+-------------+-------------+-------------+-------------+-------------+-------------+-------------+-------------+-------------+-------------+-------------+-------------+
|    Region Info    | HWThread 0 | HWThread 1 | HWThread 2 | HWThread 3 | HWThread 4 | HWThread 5 | HWThread 6 | HWThread 7 | HWThread 8 | HWThread 9 | HWThread 10 | HWThread 11 | HWThread 12 | HWThread 13 | HWThread 14 | HWThread 15 | HWThread 16 | HWThread 17 | HWThread 18 | HWThread 19 | HWThread 20 | HWThread 21 | HWThread 22 | HWThread 23 |
+-------------------+------------+------------+------------+------------+------------+------------+------------+------------+------------+------------+-------------+-------------+-------------+-------------+-------------+-------------+-------------+-------------+-------------+-------------+-------------+-------------+-------------+-------------+
| RDTSC Runtime [s] |   6.547506 |   6.548006 |   6.548002 |   6.548005 |   6.547962 |   6.547973 |   6.547937 |   6.547974 |   6.547982 |   6.547933 |    6.547985 |    6.547936 |    6.547993 |    6.547976 |    6.547936 |    6.547934 |    6.547956 |    6.547958 |    6.547959 |    6.547958 |    6.547957 |    6.547921 |    6.547918 |    6.547917 |
|     call count    |          1 |          1 |          1 |          1 |          1 |          1 |          1 |          1 |          1 |          1 |           1 |           1 |           1 |           1 |           1 |           1 |           1 |           1 |           1 |           1 |           1 |           1 |           1 |           1 |
+-------------------+------------+------------+------------+------------+------------+------------+------------+------------+------------+------------+-------------+-------------+-------------+-------------+-------------+-------------+-------------+-------------+-------------+-------------+-------------+-------------+-------------+-------------+

+-----------------------------+---------+-------------+-------------+-------------+-------------+-------------+-------------+-------------+-------------+-------------+-------------+-------------+-------------+-------------+-------------+-------------+-------------+-------------+-------------+-------------+-------------+-------------+-------------+-------------+-------------+
|            Event            | Counter |  HWThread 0 |  HWThread 1 |  HWThread 2 |  HWThread 3 |  HWThread 4 |  HWThread 5 |  HWThread 6 |  HWThread 7 |  HWThread 8 |  HWThread 9 | HWThread 10 | HWThread 11 | HWThread 12 | HWThread 13 | HWThread 14 | HWThread 15 | HWThread 16 | HWThread 17 | HWThread 18 | HWThread 19 | HWThread 20 | HWThread 21 | HWThread 22 | HWThread 23 |
+-----------------------------+---------+-------------+-------------+-------------+-------------+-------------+-------------+-------------+-------------+-------------+-------------+-------------+-------------+-------------+-------------+-------------+-------------+-------------+-------------+-------------+-------------+-------------+-------------+-------------+-------------+
|       ACTUAL_CPU_CLOCK      |  FIXC1  | 12438440000 | 12438500000 | 12438500000 | 12438490000 | 12438450000 | 12438470000 | 12438410000 | 12438470000 | 12438430000 | 12438370000 | 12438390000 | 12438370000 | 12438380000 | 12438380000 | 12438410000 | 12438390000 | 12438390000 | 12438380000 | 12438370000 | 12438370000 | 12438380000 | 12438350000 | 12438380000 | 12438360000 |
|        MAX_CPU_CLOCK        |  FIXC2  | 15711740000 | 15711780000 | 15711780000 | 15711770000 | 15711750000 | 15711740000 | 15711690000 | 15711770000 | 15711720000 | 15711620000 | 15711650000 | 15711620000 | 15711640000 | 15711610000 | 15711730000 | 15711630000 | 15711660000 | 15711700000 | 15711680000 | 15711670000 | 15711680000 | 15711550000 | 15711640000 | 15711580000 |
|     RETIRED_INSTRUCTIONS    |   PMC0  |   981972200 |   979560300 |   979160400 |   978218300 |   977826100 |   977862000 |   976579200 |   976591900 |  1028684000 |  1028923000 |  1024401000 |  1025023000 |  1023504000 |  1021728000 |  1020763000 |  1020669000 |   992243400 |   993124800 |   991259900 |   990539900 |   988781800 |   988524100 |   987744200 |   987955400 |
|     CPU_CLOCKS_UNHALTED     |   PMC1  | 12336810000 | 12325730000 | 12342310000 | 12344830000 | 12345810000 | 12344950000 | 12345490000 | 12344740000 | 12346650000 | 12347750000 | 12346640000 | 12347400000 | 12352290000 | 12347510000 | 12347990000 | 12347720000 | 12344520000 | 12344760000 | 12345370000 | 12345060000 | 12344940000 | 12345050000 | 12344450000 | 12343480000 |
|  DRAM_READS_LOCAL_CHANNEL_0 |   DFC0  |  2084129000 |           0 |           0 |           0 |           0 |           0 |           0 |           0 |           0 |           0 |           0 |           0 |           0 |           0 |           0 |           0 |           0 |           0 |           0 |           0 |           0 |           0 |           0 |           0 |
|  DRAM_READS_LOCAL_CHANNEL_1 |   DFC1  |  2084131000 |           0 |           0 |           0 |           0 |           0 |           0 |           0 |           0 |           0 |           0 |           0 |           0 |           0 |           0 |           0 |           0 |           0 |           0 |           0 |           0 |           0 |           0 |           0 |
|  DRAM_READS_LOCAL_CHANNEL_2 |   DFC2  |  2084283000 |           0 |           0 |           0 |           0 |           0 |           0 |           0 |           0 |           0 |           0 |           0 |           0 |           0 |           0 |           0 |           0 |           0 |           0 |           0 |           0 |           0 |           0 |           0 |
|  DRAM_READS_LOCAL_CHANNEL_3 |   DFC3  |      561116 |           0 |           0 |           0 |           0 |           0 |           0 |           0 |           0 |           0 |           0 |           0 |           0 |           0 |           0 |           0 |           0 |           0 |           0 |           0 |           0 |           0 |           0 |           0 |
|  DRAM_READS_LOCAL_CHANNEL_4 |   DFC4  |      657968 |           0 |           0 |           0 |           0 |           0 |           0 |           0 |           0 |           0 |           0 |           0 |           0 |           0 |           0 |           0 |           0 |           0 |           0 |           0 |           0 |           0 |           0 |           0 |
|  DRAM_READS_LOCAL_CHANNEL_5 |   DFC5  |      590761 |           0 |           0 |           0 |           0 |           0 |           0 |           0 |           0 |           0 |           0 |           0 |           0 |           0 |           0 |           0 |           0 |           0 |           0 |           0 |           0 |           0 |           0 |           0 |
|  DRAM_READS_LOCAL_CHANNEL_6 |   DFC6  |     1110519 |           0 |           0 |           0 |           0 |           0 |           0 |           0 |           0 |           0 |           0 |           0 |           0 |           0 |           0 |           0 |           0 |           0 |           0 |           0 |           0 |           0 |           0 |           0 |
|  DRAM_READS_LOCAL_CHANNEL_7 |   DFC7  |     1041003 |           0 |           0 |           0 |           0 |           0 |           0 |           0 |           0 |           0 |           0 |           0 |           0 |           0 |           0 |           0 |           0 |           0 |           0 |           0 |           0 |           0 |           0 |           0 |
|  DRAM_READS_LOCAL_CHANNEL_8 |   DFC8  |     1247293 |           0 |           0 |           0 |           0 |           0 |           0 |           0 |           0 |           0 |           0 |           0 |           0 |           0 |           0 |           0 |           0 |           0 |           0 |           0 |           0 |           0 |           0 |           0 |
|  DRAM_READS_LOCAL_CHANNEL_9 |   DFC9  |      353279 |           0 |           0 |           0 |           0 |           0 |           0 |           0 |           0 |           0 |           0 |           0 |           0 |           0 |           0 |           0 |           0 |           0 |           0 |           0 |           0 |           0 |           0 |           0 |
| DRAM_READS_LOCAL_CHANNEL_10 |  DFC10  |      338043 |           0 |           0 |           0 |           0 |           0 |           0 |           0 |           0 |           0 |           0 |           0 |           0 |           0 |           0 |           0 |           0 |           0 |           0 |           0 |           0 |           0 |           0 |           0 |
| DRAM_READS_LOCAL_CHANNEL_11 |  DFC11  |      389318 |           0 |           0 |           0 |           0 |           0 |           0 |           0 |           0 |           0 |           0 |           0 |           0 |           0 |           0 |           0 |           0 |           0 |           0 |           0 |           0 |           0 |           0 |           0 |
+-----------------------------+---------+-------------+-------------+-------------+-------------+-------------+-------------+-------------+-------------+-------------+-------------+-------------+-------------+-------------+-------------+-------------+-------------+-------------+-------------+-------------+-------------+-------------+-------------+-------------+-------------+

+----------------------------------+---------+--------------+-------------+-------------+--------------+
|               Event              | Counter |      Sum     |     Min     |     Max     |      Avg     |
+----------------------------------+---------+--------------+-------------+-------------+--------------+
|       ACTUAL_CPU_CLOCK STAT      |  FIXC1  | 298521830000 | 12438350000 | 12438500000 | 1.243841e+10 |
|        MAX_CPU_CLOCK STAT        |  FIXC2  | 377080400000 | 15711550000 | 15711780000 | 1.571168e+10 |
|     RETIRED_INSTRUCTIONS STAT    |   PMC0  |  23941638900 |   976579200 |  1028923000 | 9.975683e+08 |
|     CPU_CLOCKS_UNHALTED STAT     |   PMC1  | 296272250000 | 12325730000 | 12352290000 | 1.234468e+10 |
|  DRAM_READS_LOCAL_CHANNEL_0 STAT |   DFC0  |   2084129000 |           0 |  2084129000 | 8.683871e+07 |
|  DRAM_READS_LOCAL_CHANNEL_1 STAT |   DFC1  |   2084131000 |           0 |  2084131000 | 8.683879e+07 |
|  DRAM_READS_LOCAL_CHANNEL_2 STAT |   DFC2  |   2084283000 |           0 |  2084283000 |     86845125 |
|  DRAM_READS_LOCAL_CHANNEL_3 STAT |   DFC3  |       561116 |           0 |      561116 |   23379.8333 |
|  DRAM_READS_LOCAL_CHANNEL_4 STAT |   DFC4  |       657968 |           0 |      657968 |   27415.3333 |
|  DRAM_READS_LOCAL_CHANNEL_5 STAT |   DFC5  |       590761 |           0 |      590761 |   24615.0417 |
|  DRAM_READS_LOCAL_CHANNEL_6 STAT |   DFC6  |      1110519 |           0 |     1110519 |   46271.6250 |
|  DRAM_READS_LOCAL_CHANNEL_7 STAT |   DFC7  |      1041003 |           0 |     1041003 |   43375.1250 |
|  DRAM_READS_LOCAL_CHANNEL_8 STAT |   DFC8  |      1247293 |           0 |     1247293 |   51970.5417 |
|  DRAM_READS_LOCAL_CHANNEL_9 STAT |   DFC9  |       353279 |           0 |      353279 |   14719.9583 |
| DRAM_READS_LOCAL_CHANNEL_10 STAT |  DFC10  |       338043 |           0 |      338043 |   14085.1250 |
| DRAM_READS_LOCAL_CHANNEL_11 STAT |  DFC11  |       389318 |           0 |      389318 |   16221.5833 |
+----------------------------------+---------+--------------+-------------+-------------+--------------+

+----------------------------------+------------+------------+------------+------------+------------+------------+------------+------------+------------+------------+-------------+-------------+-------------+-------------+-------------+-------------+-------------+-------------+-------------+-------------+-------------+-------------+-------------+-------------+
|              Metric              | HWThread 0 | HWThread 1 | HWThread 2 | HWThread 3 | HWThread 4 | HWThread 5 | HWThread 6 | HWThread 7 | HWThread 8 | HWThread 9 | HWThread 10 | HWThread 11 | HWThread 12 | HWThread 13 | HWThread 14 | HWThread 15 | HWThread 16 | HWThread 17 | HWThread 18 | HWThread 19 | HWThread 20 | HWThread 21 | HWThread 22 | HWThread 23 |
+----------------------------------+------------+------------+------------+------------+------------+------------+------------+------------+------------+------------+-------------+-------------+-------------+-------------+-------------+-------------+-------------+-------------+-------------+-------------+-------------+-------------+-------------+-------------+
|        Runtime (RDTSC) [s]       |     6.5475 |     6.5480 |     6.5480 |     6.5480 |     6.5480 |     6.5480 |     6.5479 |     6.5480 |     6.5480 |     6.5479 |      6.5480 |      6.5479 |      6.5480 |      6.5480 |      6.5479 |      6.5479 |      6.5480 |      6.5480 |      6.5480 |      6.5480 |      6.5480 |      6.5479 |      6.5479 |      6.5479 |
|       Runtime unhalted [s]       |     5.1827 |     5.1827 |     5.1827 |     5.1827 |     5.1827 |     5.1827 |     5.1827 |     5.1827 |     5.1827 |     5.1827 |      5.1827 |      5.1827 |      5.1827 |      5.1827 |      5.1827 |      5.1827 |      5.1827 |      5.1827 |      5.1827 |      5.1827 |      5.1827 |      5.1827 |      5.1827 |      5.1827 |
|            Clock [MHz]           |  1899.9826 |  1899.9869 |  1899.9869 |  1899.9866 |  1899.9829 |  1899.9872 |  1899.9840 |  1899.9835 |  1899.9835 |  1899.9864 |   1899.9858 |   1899.9864 |   1899.9855 |   1899.9891 |   1899.9792 |   1899.9882 |   1899.9846 |   1899.9782 |   1899.9791 |   1899.9803 |   1899.9807 |   1899.9918 |   1899.9855 |   1899.9897 |
|                CPI               |    12.5633 |    12.5829 |    12.6050 |    12.6197 |    12.6258 |    12.6244 |    12.6416 |    12.6406 |    12.0024 |    12.0007 |     12.0525 |     12.0460 |     12.0686 |     12.0849 |     12.0968 |     12.0977 |     12.4410 |     12.4302 |     12.4542 |     12.4630 |     12.4850 |     12.4884 |     12.4976 |     12.4940 |
| Memory read bandwidth [MBytes/s] | 61178.2971 |          0 |          0 |          0 |          0 |          0 |          0 |          0 |          0 |          0 |           0 |           0 |           0 |           0 |           0 |           0 |           0 |           0 |           0 |           0 |           0 |           0 |           0 |           0 |
| Memory read data volume [GBytes] |   400.5653 |          0 |          0 |          0 |          0 |          0 |          0 |          0 |          0 |          0 |           0 |           0 |           0 |           0 |           0 |           0 |           0 |           0 |           0 |           0 |           0 |           0 |           0 |           0 |
+----------------------------------+------------+------------+------------+------------+------------+------------+------------+------------+------------+------------+-------------+-------------+-------------+-------------+-------------+-------------+-------------+-------------+-------------+-------------+-------------+-------------+-------------+-------------+

+---------------------------------------+------------+-----------+------------+-----------+
|                 Metric                |     Sum    |    Min    |     Max    |    Avg    |
+---------------------------------------+------------+-----------+------------+-----------+
|        Runtime (RDTSC) [s] STAT       |   157.1507 |    6.5475 |     6.5480 |    6.5479 |
|       Runtime unhalted [s] STAT       |   124.3848 |    5.1827 |     5.1827 |    5.1827 |
|            Clock [MHz] STAT           | 45599.6346 | 1899.9782 |  1899.9918 | 1899.9848 |
|                CPI STAT               |   297.1063 |   12.0007 |    12.6416 |   12.3794 |
| Memory read bandwidth [MBytes/s] STAT | 61178.2971 |         0 | 61178.2971 | 2549.0957 |
| Memory read data volume [GBytes] STAT |   400.5653 |         0 |   400.5653 |   16.6902 |
+---------------------------------------+------------+-----------+------------+-----------+

