INFO: You are running LIKWID in a cpuset with 48 CPUs. Taking given IDs as logical ID in cpuset
--------------------------------------------------------------------------------
CPU name:	AMD EPYC 9654 96-Core Processor                
CPU type:	AMD K19 (Zen4) architecture
CPU clock:	2.40 GHz
--------------------------------------------------------------------------------
Warning: Sanitizing vector length to a multiple of the loop stride 16 and thread count 24 from 500000000 elements (4000000000 bytes) to 499999872 elements (3999998976 bytes)
Allocate: Process running on hwthread 0 (Domain N) - Vector length 499999872/3999998976 Offset 0 Alignment 512
Allocate: Process running on hwthread 0 (Domain N) - Vector length 499999872/3999998976 Offset 0 Alignment 512
Allocate: Process running on hwthread 0 (Domain N) - Vector length 499999872/3999998976 Offset 0 Alignment 512
Initialization: Each thread in domain initializes its own stream chunks
--------------------------------------------------------------------------------
LIKWID MICRO BENCHMARK
Test: stream_mem_avx_fma
--------------------------------------------------------------------------------
Using 1 work groups
Using 24 threads
--------------------------------------------------------------------------------
Using Likwid Marker API
--------------------------------------------------------------------------------
Group: 0 Thread 0 Global Thread 0 running on hwthread 0 - Vector length 20833328 Offset 0
Group: 0 Thread 1 Global Thread 1 running on hwthread 1 - Vector length 20833328 Offset 20833328
Group: 0 Thread 2 Global Thread 2 running on hwthread 2 - Vector length 20833328 Offset 41666656
Group: 0 Thread 3 Global Thread 3 running on hwthread 3 - Vector length 20833328 Offset 62499984
Group: 0 Thread 4 Global Thread 4 running on hwthread 4 - Vector length 20833328 Offset 83333312
Group: 0 Thread 5 Global Thread 5 running on hwthread 5 - Vector length 20833328 Offset 104166640
Group: 0 Thread 6 Global Thread 6 running on hwthread 6 - Vector length 20833328 Offset 124999968
Group: 0 Thread 7 Global Thread 7 running on hwthread 7 - Vector length 20833328 Offset 145833296
Group: 0 Thread 8 Global Thread 8 running on hwthread 8 - Vector length 20833328 Offset 166666624
Group: 0 Thread 9 Global Thread 9 running on hwthread 9 - Vector length 20833328 Offset 187499952
Group: 0 Thread 10 Global Thread 10 running on hwthread 10 - Vector length 20833328 Offset 208333280
Group: 0 Thread 11 Global Thread 11 running on hwthread 11 - Vector length 20833328 Offset 229166608
Group: 0 Thread 12 Global Thread 12 running on hwthread 12 - Vector length 20833328 Offset 249999936
Group: 0 Thread 13 Global Thread 13 running on hwthread 13 - Vector length 20833328 Offset 270833264
Group: 0 Thread 14 Global Thread 14 running on hwthread 14 - Vector length 20833328 Offset 291666592
Group: 0 Thread 15 Global Thread 15 running on hwthread 15 - Vector length 20833328 Offset 312499920
Group: 0 Thread 16 Global Thread 16 running on hwthread 16 - Vector length 20833328 Offset 333333248
Group: 0 Thread 17 Global Thread 17 running on hwthread 17 - Vector length 20833328 Offset 354166576
Group: 0 Thread 18 Global Thread 18 running on hwthread 18 - Vector length 20833328 Offset 374999904
Group: 0 Thread 19 Global Thread 19 running on hwthread 19 - Vector length 20833328 Offset 395833232
Group: 0 Thread 20 Global Thread 20 running on hwthread 20 - Vector length 20833328 Offset 416666560
Group: 0 Thread 21 Global Thread 21 running on hwthread 21 - Vector length 20833328 Offset 437499888
Group: 0 Thread 22 Global Thread 22 running on hwthread 22 - Vector length 20833328 Offset 458333216
Group: 0 Thread 23 Global Thread 23 running on hwthread 23 - Vector length 20833328 Offset 479166544
--------------------------------------------------------------------------------
Cycles:			15789195768
CPU Clock:		2399980467
Cycle Clock:		2399980467
Time:			6.578885e+00 sec
Iterations:		1200
Iterations per thread:	50
Inner loop executions:	1302083
Size (Byte):		11999996928
Size per thread:	499999872
Number of Flops:	49999987200
MFlops/s:		7600.07
Data volume (Byte):	599999846400
MByte/s:		91200.84
Cycles per update:	0.631568
Cycles per cacheline:	5.052544
Loads per update:	2
Stores per update:	1
Load bytes per element:	16
Store bytes per elem.:	8
Load/store ratio:	2.00
Instructions:		23437494017
UOPs:			34374991200
--------------------------------------------------------------------------------
Writing Likwid Marker API results to file /tmp/likwid_839839.txt
--------------------------------------------------------------------------------
Region bench, Group 1: MEMWRITE
+-------------------+------------+------------+------------+------------+------------+------------+------------+------------+------------+------------+-------------+-------------+-------------+-------------+-------------+-------------+-------------+-------------+-------------+-------------+-------------+-------------+-------------+-------------+
|    Region Info    | HWThread 0 | HWThread 1 | HWThread 2 | HWThread 3 | HWThread 4 | HWThread 5 | HWThread 6 | HWThread 7 | HWThread 8 | HWThread 9 | HWThread 10 | HWThread 11 | HWThread 12 | HWThread 13 | HWThread 14 | HWThread 15 | HWThread 16 | HWThread 17 | HWThread 18 | HWThread 19 | HWThread 20 | HWThread 21 | HWThread 22 | HWThread 23 |
+-------------------+------------+------------+------------+------------+------------+------------+------------+------------+------------+------------+-------------+-------------+-------------+-------------+-------------+-------------+-------------+-------------+-------------+-------------+-------------+-------------+-------------+-------------+
| RDTSC Runtime [s] |   6.578375 |   6.578827 |   6.578861 |   6.578851 |   6.578826 |   6.578852 |   6.578833 |   6.578847 |   6.578844 |   6.578825 |    6.578876 |    6.578841 |    6.578873 |    6.578825 |    6.578823 |    6.578888 |    6.578818 |    6.578818 |    6.578805 |    6.578817 |    6.578816 |    6.578821 |    6.578816 |    6.578820 |
|     call count    |          1 |          1 |          1 |          1 |          1 |          1 |          1 |          1 |          1 |          1 |           1 |           1 |           1 |           1 |           1 |           1 |           1 |           1 |           1 |           1 |           1 |           1 |           1 |           1 |
+-------------------+------------+------------+------------+------------+------------+------------+------------+------------+------------+------------+-------------+-------------+-------------+-------------+-------------+-------------+-------------+-------------+-------------+-------------+-------------+-------------+-------------+-------------+

+------------------------------+---------+-------------+-------------+-------------+-------------+-------------+-------------+-------------+-------------+-------------+-------------+-------------+-------------+-------------+-------------+-------------+-------------+-------------+-------------+-------------+-------------+-------------+-------------+-------------+-------------+
|             Event            | Counter |  HWThread 0 |  HWThread 1 |  HWThread 2 |  HWThread 3 |  HWThread 4 |  HWThread 5 |  HWThread 6 |  HWThread 7 |  HWThread 8 |  HWThread 9 | HWThread 10 | HWThread 11 | HWThread 12 | HWThread 13 | HWThread 14 | HWThread 15 | HWThread 16 | HWThread 17 | HWThread 18 | HWThread 19 | HWThread 20 | HWThread 21 | HWThread 22 | HWThread 23 |
+------------------------------+---------+-------------+-------------+-------------+-------------+-------------+-------------+-------------+-------------+-------------+-------------+-------------+-------------+-------------+-------------+-------------+-------------+-------------+-------------+-------------+-------------+-------------+-------------+-------------+-------------+
|       ACTUAL_CPU_CLOCK       |  FIXC1  | 12500170000 | 12500170000 | 12500190000 | 12500190000 | 12500180000 | 12500170000 | 12500170000 | 12500170000 | 12500140000 | 12500130000 | 12500170000 | 12500130000 | 12500200000 | 12500130000 | 12500150000 | 12500220000 | 12500130000 | 12500130000 | 12500130000 | 12500130000 | 12500130000 | 12500140000 | 12500130000 | 12500120000 |
|         MAX_CPU_CLOCK        |  FIXC2  | 15789710000 | 15789730000 | 15789760000 | 15789760000 | 15789700000 | 15789730000 | 15789710000 | 15789730000 | 15789640000 | 15789600000 | 15789680000 | 15789620000 | 15789750000 | 15789610000 | 15789640000 | 15789810000 | 15789640000 | 15789610000 | 15789650000 | 15789600000 | 15789630000 | 15789650000 | 15789670000 | 15789600000 |
|     RETIRED_INSTRUCTIONS     |   PMC0  |   981092300 |   982035000 |   979586200 |   978863300 |   977656300 |   977847300 |   976778200 |   976579300 |  1030547000 |  1033817000 |  1031377000 |  1030597000 |  1027629000 |  1027774000 |  1026417000 |  1026312000 |  1010067000 |  1009194000 |  1007395000 |  1007524000 |  1005299000 |  1005506000 |  1004433000 |  1004282000 |
|      CPU_CLOCKS_UNHALTED     |   PMC1  | 12394470000 | 12401630000 | 12401160000 | 12404810000 | 12404090000 | 12404000000 | 12404810000 | 12399800000 | 12391950000 | 12407670000 | 12408880000 | 12407520000 | 12406920000 | 12406570000 | 12411550000 | 12407610000 | 12406390000 | 12407180000 | 12406730000 | 12407030000 | 12406710000 | 12406190000 | 12405410000 | 12405100000 |
|  DRAM_WRITES_LOCAL_CHANNEL_0 |   DFC0  |  1042085000 |           0 |           0 |           0 |           0 |           0 |           0 |           0 |           0 |           0 |           0 |           0 |           0 |           0 |           0 |           0 |           0 |           0 |           0 |           0 |           0 |           0 |           0 |           0 |
|  DRAM_WRITES_LOCAL_CHANNEL_1 |   DFC1  |  1041819000 |           0 |           0 |           0 |           0 |           0 |           0 |           0 |           0 |           0 |           0 |           0 |           0 |           0 |           0 |           0 |           0 |           0 |           0 |           0 |           0 |           0 |           0 |           0 |
|  DRAM_WRITES_LOCAL_CHANNEL_2 |   DFC2  |  1042128000 |           0 |           0 |           0 |           0 |           0 |           0 |           0 |           0 |           0 |           0 |           0 |           0 |           0 |           0 |           0 |           0 |           0 |           0 |           0 |           0 |           0 |           0 |           0 |
|  DRAM_WRITES_LOCAL_CHANNEL_3 |   DFC3  |       25717 |           0 |           0 |           0 |           0 |           0 |           0 |           0 |           0 |           0 |           0 |           0 |           0 |           0 |           0 |           0 |           0 |           0 |           0 |           0 |           0 |           0 |           0 |           0 |
|  DRAM_WRITES_LOCAL_CHANNEL_4 |   DFC4  |       37245 |           0 |           0 |           0 |           0 |           0 |           0 |           0 |           0 |           0 |           0 |           0 |           0 |           0 |           0 |           0 |           0 |           0 |           0 |           0 |           0 |           0 |           0 |           0 |
|  DRAM_WRITES_LOCAL_CHANNEL_5 |   DFC5  |       31284 |           0 |           0 |           0 |           0 |           0 |           0 |           0 |           0 |           0 |           0 |           0 |           0 |           0 |           0 |           0 |           0 |           0 |           0 |           0 |           0 |           0 |           0 |           0 |
|  DRAM_WRITES_LOCAL_CHANNEL_6 |   DFC6  |       18916 |           0 |           0 |           0 |           0 |           0 |           0 |           0 |           0 |           0 |           0 |           0 |           0 |           0 |           0 |           0 |           0 |           0 |           0 |           0 |           0 |           0 |           0 |           0 |
|  DRAM_WRITES_LOCAL_CHANNEL_7 |   DFC7  |       22575 |           0 |           0 |           0 |           0 |           0 |           0 |           0 |           0 |           0 |           0 |           0 |           0 |           0 |           0 |           0 |           0 |           0 |           0 |           0 |           0 |           0 |           0 |           0 |
|  DRAM_WRITES_LOCAL_CHANNEL_8 |   DFC8  |       24608 |           0 |           0 |           0 |           0 |           0 |           0 |           0 |           0 |           0 |           0 |           0 |           0 |           0 |           0 |           0 |           0 |           0 |           0 |           0 |           0 |           0 |           0 |           0 |
|  DRAM_WRITES_LOCAL_CHANNEL_9 |   DFC9  |       18897 |           0 |           0 |           0 |           0 |           0 |           0 |           0 |           0 |           0 |           0 |           0 |           0 |           0 |           0 |           0 |           0 |           0 |           0 |           0 |           0 |           0 |           0 |           0 |
| DRAM_WRITES_LOCAL_CHANNEL_10 |  DFC10  |       11415 |           0 |           0 |           0 |           0 |           0 |           0 |           0 |           0 |           0 |           0 |           0 |           0 |           0 |           0 |           0 |           0 |           0 |           0 |           0 |           0 |           0 |           0 |           0 |
| DRAM_WRITES_LOCAL_CHANNEL_11 |  DFC11  |       18934 |           0 |           0 |           0 |           0 |           0 |           0 |           0 |           0 |           0 |           0 |           0 |           0 |           0 |           0 |           0 |           0 |           0 |           0 |           0 |           0 |           0 |           0 |           0 |
+------------------------------+---------+-------------+-------------+-------------+-------------+-------------+-------------+-------------+-------------+-------------+-------------+-------------+-------------+-------------+-------------+-------------+-------------+-------------+-------------+-------------+-------------+-------------+-------------+-------------+-------------+

+-----------------------------------+---------+--------------+-------------+-------------+--------------+
|               Event               | Counter |      Sum     |     Min     |     Max     |      Avg     |
+-----------------------------------+---------+--------------+-------------+-------------+--------------+
|       ACTUAL_CPU_CLOCK STAT       |  FIXC1  | 300003720000 | 12500120000 | 12500220000 |  12500155000 |
|         MAX_CPU_CLOCK STAT        |  FIXC2  | 378952230000 | 15789600000 | 15789810000 |  15789676250 |
|     RETIRED_INSTRUCTIONS STAT     |   PMC0  |  24118607900 |   976579300 |  1033817000 | 1.004942e+09 |
|      CPU_CLOCKS_UNHALTED STAT     |   PMC1  | 297714180000 | 12391950000 | 12411550000 |  12404757500 |
|  DRAM_WRITES_LOCAL_CHANNEL_0 STAT |   DFC0  |   1042085000 |           0 |  1042085000 | 4.342021e+07 |
|  DRAM_WRITES_LOCAL_CHANNEL_1 STAT |   DFC1  |   1041819000 |           0 |  1041819000 |     43409125 |
|  DRAM_WRITES_LOCAL_CHANNEL_2 STAT |   DFC2  |   1042128000 |           0 |  1042128000 |     43422000 |
|  DRAM_WRITES_LOCAL_CHANNEL_3 STAT |   DFC3  |        25717 |           0 |       25717 |    1071.5417 |
|  DRAM_WRITES_LOCAL_CHANNEL_4 STAT |   DFC4  |        37245 |           0 |       37245 |    1551.8750 |
|  DRAM_WRITES_LOCAL_CHANNEL_5 STAT |   DFC5  |        31284 |           0 |       31284 |    1303.5000 |
|  DRAM_WRITES_LOCAL_CHANNEL_6 STAT |   DFC6  |        18916 |           0 |       18916 |     788.1667 |
|  DRAM_WRITES_LOCAL_CHANNEL_7 STAT |   DFC7  |        22575 |           0 |       22575 |     940.6250 |
|  DRAM_WRITES_LOCAL_CHANNEL_8 STAT |   DFC8  |        24608 |           0 |       24608 |    1025.3333 |
|  DRAM_WRITES_LOCAL_CHANNEL_9 STAT |   DFC9  |        18897 |           0 |       18897 |     787.3750 |
| DRAM_WRITES_LOCAL_CHANNEL_10 STAT |  DFC10  |        11415 |           0 |       11415 |     475.6250 |
| DRAM_WRITES_LOCAL_CHANNEL_11 STAT |  DFC11  |        18934 |           0 |       18934 |     788.9167 |
+-----------------------------------+---------+--------------+-------------+-------------+--------------+

+-----------------------------------+------------+------------+------------+------------+------------+------------+------------+------------+------------+------------+-------------+-------------+-------------+-------------+-------------+-------------+-------------+-------------+-------------+-------------+-------------+-------------+-------------+-------------+
|               Metric              | HWThread 0 | HWThread 1 | HWThread 2 | HWThread 3 | HWThread 4 | HWThread 5 | HWThread 6 | HWThread 7 | HWThread 8 | HWThread 9 | HWThread 10 | HWThread 11 | HWThread 12 | HWThread 13 | HWThread 14 | HWThread 15 | HWThread 16 | HWThread 17 | HWThread 18 | HWThread 19 | HWThread 20 | HWThread 21 | HWThread 22 | HWThread 23 |
+-----------------------------------+------------+------------+------------+------------+------------+------------+------------+------------+------------+------------+-------------+-------------+-------------+-------------+-------------+-------------+-------------+-------------+-------------+-------------+-------------+-------------+-------------+-------------+
|        Runtime (RDTSC) [s]        |     6.5784 |     6.5788 |     6.5789 |     6.5789 |     6.5788 |     6.5789 |     6.5788 |     6.5788 |     6.5788 |     6.5788 |      6.5789 |      6.5788 |      6.5789 |      6.5788 |      6.5788 |      6.5789 |      6.5788 |      6.5788 |      6.5788 |      6.5788 |      6.5788 |      6.5788 |      6.5788 |      6.5788 |
|        Runtime unhalted [s]       |     5.2106 |     5.2106 |     5.2106 |     5.2106 |     5.2106 |     5.2106 |     5.2106 |     5.2106 |     5.2106 |     5.2106 |      5.2106 |      5.2106 |      5.2106 |      5.2106 |      5.2106 |      5.2106 |      5.2106 |      5.2106 |      5.2106 |      5.2106 |      5.2106 |      5.2106 |      5.2106 |      5.2106 |
|            Clock [MHz]            |  1899.1883 |  1899.1859 |  1899.1853 |  1899.1853 |  1899.1910 |  1899.1859 |  1899.1883 |  1899.1859 |  1899.1921 |  1899.1954 |   1899.1919 |   1899.1930 |   1899.1880 |   1899.1942 |   1899.1937 |   1899.1838 |   1899.1906 |   1899.1942 |   1899.1894 |   1899.1954 |   1899.1918 |   1899.1909 |   1899.1870 |   1899.1939 |
|                CPI                |    12.6333 |    12.6285 |    12.6596 |    12.6727 |    12.6876 |    12.6850 |    12.6997 |    12.6972 |    12.0246 |    12.0018 |     12.0314 |     12.0392 |     12.0733 |     12.0713 |     12.0921 |     12.0895 |     12.2827 |     12.2941 |     12.3157 |     12.3144 |     12.3413 |     12.3383 |     12.3507 |     12.3522 |
| Memory write bandwidth [MBytes/s] | 30414.7243 |          0 |          0 |          0 |          0 |          0 |          0 |          0 |          0 |          0 |           0 |           0 |           0 |           0 |           0 |           0 |           0 |           0 |           0 |           0 |           0 |           0 |           0 |           0 |
| Memory write data volume [GBytes] |   200.0795 |          0 |          0 |          0 |          0 |          0 |          0 |          0 |          0 |          0 |           0 |           0 |           0 |           0 |           0 |           0 |           0 |           0 |           0 |           0 |           0 |           0 |           0 |           0 |
+-----------------------------------+------------+------------+------------+------------+------------+------------+------------+------------+------------+------------+-------------+-------------+-------------+-------------+-------------+-------------+-------------+-------------+-------------+-------------+-------------+-------------+-------------+-------------+

+----------------------------------------+------------+-----------+------------+-----------+
|                 Metric                 |     Sum    |    Min    |     Max    |    Avg    |
+----------------------------------------+------------+-----------+------------+-----------+
|        Runtime (RDTSC) [s] STAT        |   157.8914 |    6.5784 |     6.5789 |    6.5788 |
|        Runtime unhalted [s] STAT       |   125.0544 |    5.2106 |     5.2106 |    5.2106 |
|            Clock [MHz] STAT            | 45580.5612 | 1899.1838 |  1899.1954 | 1899.1900 |
|                CPI STAT                |   296.3762 |   12.0018 |    12.6997 |   12.3490 |
| Memory write bandwidth [MBytes/s] STAT | 30414.7243 |         0 | 30414.7243 | 1267.2802 |
| Memory write data volume [GBytes] STAT |   200.0795 |         0 |   200.0795 |    8.3366 |
+----------------------------------------+------------+-----------+------------+-----------+

