INFO: You are running LIKWID in a cpuset with 48 CPUs. Taking given IDs as logical ID in cpuset
--------------------------------------------------------------------------------
CPU name:	AMD EPYC 9654 96-Core Processor                
CPU type:	AMD K19 (Zen4) architecture
CPU clock:	2.40 GHz
--------------------------------------------------------------------------------
Allocate: Process running on hwthread 0 (Domain N) - Vector length 1500000/12000000 Offset 0 Alignment 512
Initialization: Each thread in domain initializes its own stream chunks
--------------------------------------------------------------------------------
LIKWID MICRO BENCHMARK
Test: peakflops
--------------------------------------------------------------------------------
Using 1 work groups
Using 24 threads
--------------------------------------------------------------------------------
Using Likwid Marker API
--------------------------------------------------------------------------------
Group: 0 Thread 0 Global Thread 0 running on hwthread 0 - Vector length 62500 Offset 0
Group: 0 Thread 1 Global Thread 1 running on hwthread 1 - Vector length 62500 Offset 62500
Group: 0 Thread 2 Global Thread 2 running on hwthread 2 - Vector length 62500 Offset 125000
Group: 0 Thread 3 Global Thread 3 running on hwthread 3 - Vector length 62500 Offset 187500
Group: 0 Thread 4 Global Thread 4 running on hwthread 4 - Vector length 62500 Offset 250000
Group: 0 Thread 5 Global Thread 5 running on hwthread 5 - Vector length 62500 Offset 312500
Group: 0 Thread 6 Global Thread 6 running on hwthread 6 - Vector length 62500 Offset 375000
Group: 0 Thread 7 Global Thread 7 running on hwthread 7 - Vector length 62500 Offset 437500
Group: 0 Thread 8 Global Thread 8 running on hwthread 8 - Vector length 62500 Offset 500000
Group: 0 Thread 9 Global Thread 9 running on hwthread 9 - Vector length 62500 Offset 562500
Group: 0 Thread 10 Global Thread 10 running on hwthread 10 - Vector length 62500 Offset 625000
Group: 0 Thread 11 Global Thread 11 running on hwthread 11 - Vector length 62500 Offset 687500
Group: 0 Thread 12 Global Thread 12 running on hwthread 12 - Vector length 62500 Offset 750000
Group: 0 Thread 13 Global Thread 13 running on hwthread 13 - Vector length 62500 Offset 812500
Group: 0 Thread 14 Global Thread 14 running on hwthread 14 - Vector length 62500 Offset 875000
Group: 0 Thread 15 Global Thread 15 running on hwthread 15 - Vector length 62500 Offset 937500
Group: 0 Thread 16 Global Thread 16 running on hwthread 16 - Vector length 62500 Offset 1000000
Group: 0 Thread 17 Global Thread 17 running on hwthread 17 - Vector length 62500 Offset 1062500
Group: 0 Thread 18 Global Thread 18 running on hwthread 18 - Vector length 62500 Offset 1125000
Group: 0 Thread 19 Global Thread 19 running on hwthread 19 - Vector length 62500 Offset 1187500
Group: 0 Thread 20 Global Thread 20 running on hwthread 20 - Vector length 62500 Offset 1250000
Group: 0 Thread 21 Global Thread 21 running on hwthread 21 - Vector length 62500 Offset 1312500
Group: 0 Thread 22 Global Thread 22 running on hwthread 22 - Vector length 62500 Offset 1375000
Group: 0 Thread 23 Global Thread 23 running on hwthread 23 - Vector length 62500 Offset 1437500
--------------------------------------------------------------------------------
Cycles:			2405235024
CPU Clock:		2399976579
Cycle Clock:		2399976579
Time:			1.002191e+00 sec
Iterations:		120000
Iterations per thread:	5000
Inner loop executions:	62500
Size (Byte):		12000000
Size per thread:	500000
Number of Flops:	120000000000
MFlops/s:		119737.65
Data volume (Byte):	60000000000
MByte/s:		59868.83
Cycles per update:	0.320698
Cycles per cacheline:	2.565584
Loads per update:	1
Stores per update:	0
Load bytes per element:	8
Store bytes per elem.:	0
Instructions:		150000000032
UOPs:			142500000000
--------------------------------------------------------------------------------
Writing Likwid Marker API results to file /tmp/likwid_822553.txt
--------------------------------------------------------------------------------
Region bench, Group 1: FLOPS_DP
+-------------------+------------+------------+------------+------------+------------+------------+------------+------------+------------+------------+-------------+-------------+-------------+-------------+-------------+-------------+-------------+-------------+-------------+-------------+-------------+-------------+-------------+-------------+
|    Region Info    | HWThread 0 | HWThread 1 | HWThread 2 | HWThread 3 | HWThread 4 | HWThread 5 | HWThread 6 | HWThread 7 | HWThread 8 | HWThread 9 | HWThread 10 | HWThread 11 | HWThread 12 | HWThread 13 | HWThread 14 | HWThread 15 | HWThread 16 | HWThread 17 | HWThread 18 | HWThread 19 | HWThread 20 | HWThread 21 | HWThread 22 | HWThread 23 |
+-------------------+------------+------------+------------+------------+------------+------------+------------+------------+------------+------------+-------------+-------------+-------------+-------------+-------------+-------------+-------------+-------------+-------------+-------------+-------------+-------------+-------------+-------------+
| RDTSC Runtime [s] |   1.002160 |   1.002157 |   1.002174 |   1.002194 |   1.002156 |   1.002171 |   1.002189 |   1.002155 |   1.002162 |   1.002181 |    1.002172 |    1.002154 |    1.002161 |    1.002150 |    1.002173 |    1.002157 |    1.002124 |    1.002141 |    1.002137 |    1.002125 |    1.002138 |    1.002154 |    1.002122 |    1.002120 |
|     call count    |          1 |          1 |          1 |          1 |          1 |          1 |          1 |          1 |          1 |          1 |           1 |           1 |           1 |           1 |           1 |           1 |           1 |           1 |           1 |           1 |           1 |           1 |           1 |           1 |
+-------------------+------------+------------+------------+------------+------------+------------+------------+------------+------------+------------+-------------+-------------+-------------+-------------+-------------+-------------+-------------+-------------+-------------+-------------+-------------+-------------+-------------+-------------+

+---------------------------+---------+------------+------------+------------+------------+------------+------------+------------+------------+------------+------------+-------------+-------------+-------------+-------------+-------------+-------------+-------------+-------------+-------------+-------------+-------------+-------------+-------------+-------------+
|           Event           | Counter | HWThread 0 | HWThread 1 | HWThread 2 | HWThread 3 | HWThread 4 | HWThread 5 | HWThread 6 | HWThread 7 | HWThread 8 | HWThread 9 | HWThread 10 | HWThread 11 | HWThread 12 | HWThread 13 | HWThread 14 | HWThread 15 | HWThread 16 | HWThread 17 | HWThread 18 | HWThread 19 | HWThread 20 | HWThread 21 | HWThread 22 | HWThread 23 |
+---------------------------+---------+------------+------------+------------+------------+------------+------------+------------+------------+------------+------------+-------------+-------------+-------------+-------------+-------------+-------------+-------------+-------------+-------------+-------------+-------------+-------------+-------------+-------------+
|      ACTUAL_CPU_CLOCK     |  FIXC1  | 1904733000 | 1904668000 | 1904734000 | 1904746000 | 1904727000 | 1904691000 | 1904774000 | 1904724000 | 1904787000 | 1904744000 |  1904762000 |  1904680000 |  1904701000 |  1904693000 |  1904732000 |  1904736000 |  1904731000 |  1904732000 |  1904691000 |  1904690000 |  1904738000 |  1904733000 |  1904735000 |  1904739000 |
|       MAX_CPU_CLOCK       |  FIXC2  | 2405975000 | 2405910000 | 2405974000 | 2406006000 | 2405949000 | 2405930000 | 2406023000 | 2405969000 | 2406080000 | 2406040000 |  2406062000 |  2405897000 |  2405944000 |  2405892000 |  2405993000 |  2405995000 |  2405971000 |  2405959000 |  2405883000 |  2405887000 |  2406017000 |  2405992000 |  2405948000 |  2405982000 |
|    RETIRED_INSTRUCTIONS   |   PMC0  | 6250240000 | 6252792000 | 6252902000 | 6252340000 | 6252436000 | 6253017000 | 6252476000 | 6252285000 | 6252354000 | 6252154000 |  6252357000 |  6252578000 |  6252384000 |  6252983000 |  6252432000 |  6252359000 |  6253036000 |  6252785000 |  6252526000 |  6252584000 |  6252427000 |  6252964000 |  6252977000 |  6252662000 |
|    CPU_CLOCKS_UNHALTED    |   PMC1  | 1892116000 | 1894394000 | 1894356000 | 1894540000 | 1894400000 | 1894440000 | 1894084000 | 1894127000 | 1893901000 | 1893958000 |  1893954000 |  1893920000 |  1893946000 |  1893969000 |  1893895000 |  1894029000 |  1893935000 |  1894158000 |  1893997000 |  1894169000 |  1894116000 |  1894340000 |  1894050000 |  1894006000 |
| RETIRED_SSE_AVX_FLOPS_ALL |   PMC2  | 5000000000 | 5000000000 | 5000000000 | 5000000000 | 5000000000 | 5000000000 | 5000000000 | 5000000000 | 5000000000 | 5000000000 |  5000000000 |  5000000000 |  5000000000 |  5000000000 |  5000000000 |  5000000000 |  5000000000 |  5000000000 |  5000000000 |  5000000000 |  5000000000 |  5000000000 |  5000000000 |  5000000000 |
|           MERGE           |   PMC3  |          0 |          0 |          0 |          0 |          0 |          0 |          0 |          0 |          0 |          0 |           0 |           0 |           0 |           0 |           0 |           0 |           0 |           0 |           0 |           0 |           0 |           0 |           0 |           0 |
+---------------------------+---------+------------+------------+------------+------------+------------+------------+------------+------------+------------+------------+-------------+-------------+-------------+-------------+-------------+-------------+-------------+-------------+-------------+-------------+-------------+-------------+-------------+-------------+

+--------------------------------+---------+--------------+------------+------------+--------------+
|              Event             | Counter |      Sum     |     Min    |     Max    |      Avg     |
+--------------------------------+---------+--------------+------------+------------+--------------+
|      ACTUAL_CPU_CLOCK STAT     |  FIXC1  |  45713421000 | 1904668000 | 1904787000 |   1904725875 |
|       MAX_CPU_CLOCK STAT       |  FIXC2  |  57743278000 | 2405883000 | 2406080000 | 2.405970e+09 |
|    RETIRED_INSTRUCTIONS STAT   |   PMC0  | 150060050000 | 6250240000 | 6253036000 | 6.252502e+09 |
|    CPU_CLOCKS_UNHALTED STAT    |   PMC1  |  45456800000 | 1892116000 | 1894540000 | 1.894033e+09 |
| RETIRED_SSE_AVX_FLOPS_ALL STAT |   PMC2  | 120000000000 | 5000000000 | 5000000000 |   5000000000 |
|           MERGE STAT           |   PMC3  |            0 |          0 |          0 |            0 |
+--------------------------------+---------+--------------+------------+------------+--------------+

+----------------------+------------+------------+------------+------------+------------+------------+------------+------------+------------+------------+-------------+-------------+-------------+-------------+-------------+-------------+-------------+-------------+-------------+-------------+-------------+-------------+-------------+-------------+
|        Metric        | HWThread 0 | HWThread 1 | HWThread 2 | HWThread 3 | HWThread 4 | HWThread 5 | HWThread 6 | HWThread 7 | HWThread 8 | HWThread 9 | HWThread 10 | HWThread 11 | HWThread 12 | HWThread 13 | HWThread 14 | HWThread 15 | HWThread 16 | HWThread 17 | HWThread 18 | HWThread 19 | HWThread 20 | HWThread 21 | HWThread 22 | HWThread 23 |
+----------------------+------------+------------+------------+------------+------------+------------+------------+------------+------------+------------+-------------+-------------+-------------+-------------+-------------+-------------+-------------+-------------+-------------+-------------+-------------+-------------+-------------+-------------+
|  Runtime (RDTSC) [s] |     1.0022 |     1.0022 |     1.0022 |     1.0022 |     1.0022 |     1.0022 |     1.0022 |     1.0022 |     1.0022 |     1.0022 |      1.0022 |      1.0022 |      1.0022 |      1.0022 |      1.0022 |      1.0022 |      1.0021 |      1.0021 |      1.0021 |      1.0021 |      1.0021 |      1.0022 |      1.0021 |      1.0021 |
| Runtime unhalted [s] |     0.7938 |     0.7937 |     0.7938 |     0.7938 |     0.7938 |     0.7937 |     0.7938 |     0.7938 |     0.7938 |     0.7938 |      0.7938 |      0.7937 |      0.7937 |      0.7937 |      0.7938 |      0.7938 |      0.7938 |      0.7938 |      0.7937 |      0.7937 |      0.7938 |      0.7938 |      0.7938 |      0.7938 |
|      Clock [MHz]     |  1899.7110 |  1899.6975 |  1899.7128 |  1899.6995 |  1899.7255 |  1899.7046 |  1899.7140 |  1899.7068 |  1899.6819 |  1899.6706 |   1899.6712 |   1899.7197 |   1899.7036 |   1899.7366 |   1899.6958 |   1899.6982 |   1899.7122 |   1899.7226 |   1899.7417 |   1899.7376 |   1899.6828 |   1899.6976 |   1899.7343 |   1899.7115 |
|          CPI         |     0.3027 |     0.3030 |     0.3030 |     0.3030 |     0.3030 |     0.3030 |     0.3029 |     0.3029 |     0.3029 |     0.3029 |      0.3029 |      0.3029 |      0.3029 |      0.3029 |      0.3029 |      0.3029 |      0.3029 |      0.3029 |      0.3029 |      0.3029 |      0.3029 |      0.3030 |      0.3029 |      0.3029 |
|     DP [MFLOP/s]     |  4989.2233 |  4989.2382 |  4989.1536 |  4989.0540 |  4989.2432 |  4989.1685 |  4989.0789 |  4989.2482 |  4989.2133 |  4989.1187 |   4989.1635 |   4989.2531 |   4989.2183 |   4989.2731 |   4989.1586 |   4989.2382 |   4989.4025 |   4989.3179 |   4989.3378 |   4989.3975 |   4989.3328 |   4989.2531 |   4989.4125 |   4989.4224 |
+----------------------+------------+------------+------------+------------+------------+------------+------------+------------+------------+------------+-------------+-------------+-------------+-------------+-------------+-------------+-------------+-------------+-------------+-------------+-------------+-------------+-------------+-------------+

+---------------------------+-------------+-----------+-----------+-----------+
|           Metric          |     Sum     |    Min    |    Max    |    Avg    |
+---------------------------+-------------+-----------+-----------+-----------+
|  Runtime (RDTSC) [s] STAT |     24.0521 |    1.0021 |    1.0022 |    1.0022 |
| Runtime unhalted [s] STAT |     19.0505 |    0.7937 |    0.7938 |    0.7938 |
|      Clock [MHz] STAT     |  45592.9896 | 1899.6706 | 1899.7417 | 1899.7079 |
|          CPI STAT         |      7.2700 |    0.3027 |    0.3030 |    0.3029 |
|     DP [MFLOP/s] STAT     | 119741.9212 | 4989.0540 | 4989.4224 | 4989.2467 |
+---------------------------+-------------+-----------+-----------+-----------+

