INFO: You are running LIKWID in a cpuset with 192 CPUs. Taking given IDs as logical ID in cpuset
--------------------------------------------------------------------------------
CPU name:	AMD EPYC 9654 96-Core Processor                
CPU type:	AMD K19 (Zen4) architecture
CPU clock:	2.40 GHz
--------------------------------------------------------------------------------
Allocate: Process running on hwthread 0 (Domain N) - Vector length 6000000/48000000 Offset 0 Alignment 512
Initialization: Each thread in domain initializes its own stream chunks
--------------------------------------------------------------------------------
LIKWID MICRO BENCHMARK
Test: peakflops
--------------------------------------------------------------------------------
Using 1 work groups
Using 96 threads
--------------------------------------------------------------------------------
Using Likwid Marker API
--------------------------------------------------------------------------------
Group: 0 Thread 0 Global Thread 0 running on hwthread 0 - Vector length 62500 Offset 0
Group: 0 Thread 1 Global Thread 1 running on hwthread 1 - Vector length 62500 Offset 62500
Group: 0 Thread 2 Global Thread 2 running on hwthread 2 - Vector length 62500 Offset 125000
Group: 0 Thread 3 Global Thread 3 running on hwthread 3 - Vector length 62500 Offset 187500
Group: 0 Thread 4 Global Thread 4 running on hwthread 4 - Vector length 62500 Offset 250000
Group: 0 Thread 5 Global Thread 5 running on hwthread 5 - Vector length 62500 Offset 312500
Group: 0 Thread 6 Global Thread 6 running on hwthread 6 - Vector length 62500 Offset 375000
Group: 0 Thread 7 Global Thread 7 running on hwthread 7 - Vector length 62500 Offset 437500
Group: 0 Thread 8 Global Thread 8 running on hwthread 8 - Vector length 62500 Offset 500000
Group: 0 Thread 9 Global Thread 9 running on hwthread 9 - Vector length 62500 Offset 562500
Group: 0 Thread 10 Global Thread 10 running on hwthread 10 - Vector length 62500 Offset 625000
Group: 0 Thread 11 Global Thread 11 running on hwthread 11 - Vector length 62500 Offset 687500
Group: 0 Thread 12 Global Thread 12 running on hwthread 12 - Vector length 62500 Offset 750000
Group: 0 Thread 13 Global Thread 13 running on hwthread 13 - Vector length 62500 Offset 812500
Group: 0 Thread 14 Global Thread 14 running on hwthread 14 - Vector length 62500 Offset 875000
Group: 0 Thread 15 Global Thread 15 running on hwthread 15 - Vector length 62500 Offset 937500
Group: 0 Thread 16 Global Thread 16 running on hwthread 16 - Vector length 62500 Offset 1000000
Group: 0 Thread 17 Global Thread 17 running on hwthread 17 - Vector length 62500 Offset 1062500
Group: 0 Thread 18 Global Thread 18 running on hwthread 18 - Vector length 62500 Offset 1125000
Group: 0 Thread 19 Global Thread 19 running on hwthread 19 - Vector length 62500 Offset 1187500
Group: 0 Thread 20 Global Thread 20 running on hwthread 20 - Vector length 62500 Offset 1250000
Group: 0 Thread 21 Global Thread 21 running on hwthread 21 - Vector length 62500 Offset 1312500
Group: 0 Thread 22 Global Thread 22 running on hwthread 22 - Vector length 62500 Offset 1375000
Group: 0 Thread 23 Global Thread 23 running on hwthread 23 - Vector length 62500 Offset 1437500
Group: 0 Thread 24 Global Thread 24 running on hwthread 24 - Vector length 62500 Offset 1500000
Group: 0 Thread 25 Global Thread 25 running on hwthread 25 - Vector length 62500 Offset 1562500
Group: 0 Thread 26 Global Thread 26 running on hwthread 26 - Vector length 62500 Offset 1625000
Group: 0 Thread 27 Global Thread 27 running on hwthread 27 - Vector length 62500 Offset 1687500
Group: 0 Thread 28 Global Thread 28 running on hwthread 28 - Vector length 62500 Offset 1750000
Group: 0 Thread 29 Global Thread 29 running on hwthread 29 - Vector length 62500 Offset 1812500
Group: 0 Thread 30 Global Thread 30 running on hwthread 30 - Vector length 62500 Offset 1875000
Group: 0 Thread 31 Global Thread 31 running on hwthread 31 - Vector length 62500 Offset 1937500
Group: 0 Thread 32 Global Thread 32 running on hwthread 32 - Vector length 62500 Offset 2000000
Group: 0 Thread 33 Global Thread 33 running on hwthread 33 - Vector length 62500 Offset 2062500
Group: 0 Thread 34 Global Thread 34 running on hwthread 34 - Vector length 62500 Offset 2125000
Group: 0 Thread 35 Global Thread 35 running on hwthread 35 - Vector length 62500 Offset 2187500
Group: 0 Thread 36 Global Thread 36 running on hwthread 36 - Vector length 62500 Offset 2250000
Group: 0 Thread 37 Global Thread 37 running on hwthread 37 - Vector length 62500 Offset 2312500
Group: 0 Thread 38 Global Thread 38 running on hwthread 38 - Vector length 62500 Offset 2375000
Group: 0 Thread 39 Global Thread 39 running on hwthread 39 - Vector length 62500 Offset 2437500
Group: 0 Thread 40 Global Thread 40 running on hwthread 40 - Vector length 62500 Offset 2500000
Group: 0 Thread 41 Global Thread 41 running on hwthread 41 - Vector length 62500 Offset 2562500
Group: 0 Thread 42 Global Thread 42 running on hwthread 42 - Vector length 62500 Offset 2625000
Group: 0 Thread 43 Global Thread 43 running on hwthread 43 - Vector length 62500 Offset 2687500
Group: 0 Thread 44 Global Thread 44 running on hwthread 44 - Vector length 62500 Offset 2750000
Group: 0 Thread 45 Global Thread 45 running on hwthread 45 - Vector length 62500 Offset 2812500
Group: 0 Thread 46 Global Thread 46 running on hwthread 46 - Vector length 62500 Offset 2875000
Group: 0 Thread 47 Global Thread 47 running on hwthread 47 - Vector length 62500 Offset 2937500
Group: 0 Thread 48 Global Thread 48 running on hwthread 48 - Vector length 62500 Offset 3000000
Group: 0 Thread 49 Global Thread 49 running on hwthread 49 - Vector length 62500 Offset 3062500
Group: 0 Thread 50 Global Thread 50 running on hwthread 50 - Vector length 62500 Offset 3125000
Group: 0 Thread 51 Global Thread 51 running on hwthread 51 - Vector length 62500 Offset 3187500
Group: 0 Thread 52 Global Thread 52 running on hwthread 52 - Vector length 62500 Offset 3250000
Group: 0 Thread 53 Global Thread 53 running on hwthread 53 - Vector length 62500 Offset 3312500
Group: 0 Thread 54 Global Thread 54 running on hwthread 54 - Vector length 62500 Offset 3375000
Group: 0 Thread 55 Global Thread 55 running on hwthread 55 - Vector length 62500 Offset 3437500
Group: 0 Thread 56 Global Thread 56 running on hwthread 56 - Vector length 62500 Offset 3500000
Group: 0 Thread 57 Global Thread 57 running on hwthread 57 - Vector length 62500 Offset 3562500
Group: 0 Thread 58 Global Thread 58 running on hwthread 58 - Vector length 62500 Offset 3625000
Group: 0 Thread 59 Global Thread 59 running on hwthread 59 - Vector length 62500 Offset 3687500
Group: 0 Thread 60 Global Thread 60 running on hwthread 60 - Vector length 62500 Offset 3750000
Group: 0 Thread 61 Global Thread 61 running on hwthread 61 - Vector length 62500 Offset 3812500
Group: 0 Thread 62 Global Thread 62 running on hwthread 62 - Vector length 62500 Offset 3875000
Group: 0 Thread 63 Global Thread 63 running on hwthread 63 - Vector length 62500 Offset 3937500
Group: 0 Thread 64 Global Thread 64 running on hwthread 64 - Vector length 62500 Offset 4000000
Group: 0 Thread 65 Global Thread 65 running on hwthread 65 - Vector length 62500 Offset 4062500
Group: 0 Thread 66 Global Thread 66 running on hwthread 66 - Vector length 62500 Offset 4125000
Group: 0 Thread 67 Global Thread 67 running on hwthread 67 - Vector length 62500 Offset 4187500
Group: 0 Thread 68 Global Thread 68 running on hwthread 68 - Vector length 62500 Offset 4250000
Group: 0 Thread 69 Global Thread 69 running on hwthread 69 - Vector length 62500 Offset 4312500
Group: 0 Thread 70 Global Thread 70 running on hwthread 70 - Vector length 62500 Offset 4375000
Group: 0 Thread 71 Global Thread 71 running on hwthread 71 - Vector length 62500 Offset 4437500
Group: 0 Thread 72 Global Thread 72 running on hwthread 72 - Vector length 62500 Offset 4500000
Group: 0 Thread 73 Global Thread 73 running on hwthread 73 - Vector length 62500 Offset 4562500
Group: 0 Thread 74 Global Thread 74 running on hwthread 74 - Vector length 62500 Offset 4625000
Group: 0 Thread 75 Global Thread 75 running on hwthread 75 - Vector length 62500 Offset 4687500
Group: 0 Thread 76 Global Thread 76 running on hwthread 76 - Vector length 62500 Offset 4750000
Group: 0 Thread 77 Global Thread 77 running on hwthread 77 - Vector length 62500 Offset 4812500
Group: 0 Thread 78 Global Thread 78 running on hwthread 78 - Vector length 62500 Offset 4875000
Group: 0 Thread 79 Global Thread 79 running on hwthread 79 - Vector length 62500 Offset 4937500
Group: 0 Thread 80 Global Thread 80 running on hwthread 80 - Vector length 62500 Offset 5000000
Group: 0 Thread 81 Global Thread 81 running on hwthread 81 - Vector length 62500 Offset 5062500
Group: 0 Thread 82 Global Thread 82 running on hwthread 82 - Vector length 62500 Offset 5125000
Group: 0 Thread 83 Global Thread 83 running on hwthread 83 - Vector length 62500 Offset 5187500
Group: 0 Thread 84 Global Thread 84 running on hwthread 84 - Vector length 62500 Offset 5250000
Group: 0 Thread 85 Global Thread 85 running on hwthread 85 - Vector length 62500 Offset 5312500
Group: 0 Thread 86 Global Thread 86 running on hwthread 86 - Vector length 62500 Offset 5375000
Group: 0 Thread 87 Global Thread 87 running on hwthread 87 - Vector length 62500 Offset 5437500
Group: 0 Thread 88 Global Thread 88 running on hwthread 88 - Vector length 62500 Offset 5500000
Group: 0 Thread 89 Global Thread 89 running on hwthread 89 - Vector length 62500 Offset 5562500
Group: 0 Thread 90 Global Thread 90 running on hwthread 90 - Vector length 62500 Offset 5625000
Group: 0 Thread 91 Global Thread 91 running on hwthread 91 - Vector length 62500 Offset 5687500
Group: 0 Thread 92 Global Thread 92 running on hwthread 92 - Vector length 62500 Offset 5750000
Group: 0 Thread 93 Global Thread 93 running on hwthread 93 - Vector length 62500 Offset 5812500
Group: 0 Thread 94 Global Thread 94 running on hwthread 94 - Vector length 62500 Offset 5875000
Group: 0 Thread 95 Global Thread 95 running on hwthread 95 - Vector length 62500 Offset 5937500
--------------------------------------------------------------------------------
Cycles:			2397018408
CPU Clock:		2399982295
Cycle Clock:		2399982295
Time:			9.987650e-01 sec
Iterations:		480000
Iterations per thread:	5000
Inner loop executions:	62500
Size (Byte):		48000000
Size per thread:	500000
Number of Flops:	480000000000
MFlops/s:		480593.51
Data volume (Byte):	240000000000
MByte/s:		240296.76
Cycles per update:	0.079901
Cycles per cacheline:	0.639205
Loads per update:	1
Stores per update:	0
Load bytes per element:	8
Store bytes per elem.:	0
Instructions:		600000000032
UOPs:			570000000000
--------------------------------------------------------------------------------
Writing Likwid Marker API results to file /tmp/likwid_823019.txt
--------------------------------------------------------------------------------
Region bench, Group 1: FLOPS_DP
+-------------------+------------+------------+------------+------------+------------+------------+------------+------------+------------+------------+-------------+-------------+-------------+-------------+-------------+-------------+-------------+-------------+-------------+-------------+-------------+-------------+-------------+-------------+-------------+-------------+-------------+-------------+-------------+-------------+-------------+-------------+-------------+-------------+-------------+-------------+-------------+-------------+-------------+-------------+-------------+-------------+-------------+-------------+-------------+-------------+-------------+-------------+-------------+-------------+-------------+-------------+-------------+-------------+-------------+-------------+-------------+-------------+-------------+-------------+-------------+-------------+-------------+-------------+-------------+-------------+-------------+-------------+-------------+-------------+-------------+-------------+-------------+-------------+-------------+-------------+-------------+-------------+-------------+-------------+-------------+-------------+-------------+-------------+-------------+-------------+-------------+-------------+-------------+-------------+-------------+-------------+-------------+-------------+-------------+-------------+
|    Region Info    | HWThread 0 | HWThread 1 | HWThread 2 | HWThread 3 | HWThread 4 | HWThread 5 | HWThread 6 | HWThread 7 | HWThread 8 | HWThread 9 | HWThread 10 | HWThread 11 | HWThread 12 | HWThread 13 | HWThread 14 | HWThread 15 | HWThread 16 | HWThread 17 | HWThread 18 | HWThread 19 | HWThread 20 | HWThread 21 | HWThread 22 | HWThread 23 | HWThread 24 | HWThread 25 | HWThread 26 | HWThread 27 | HWThread 28 | HWThread 29 | HWThread 30 | HWThread 31 | HWThread 32 | HWThread 33 | HWThread 34 | HWThread 35 | HWThread 36 | HWThread 37 | HWThread 38 | HWThread 39 | HWThread 40 | HWThread 41 | HWThread 42 | HWThread 43 | HWThread 44 | HWThread 45 | HWThread 46 | HWThread 47 | HWThread 48 | HWThread 49 | HWThread 50 | HWThread 51 | HWThread 52 | HWThread 53 | HWThread 54 | HWThread 55 | HWThread 56 | HWThread 57 | HWThread 58 | HWThread 59 | HWThread 60 | HWThread 61 | HWThread 62 | HWThread 63 | HWThread 64 | HWThread 65 | HWThread 66 | HWThread 67 | HWThread 68 | HWThread 69 | HWThread 70 | HWThread 71 | HWThread 72 | HWThread 73 | HWThread 74 | HWThread 75 | HWThread 76 | HWThread 77 | HWThread 78 | HWThread 79 | HWThread 80 | HWThread 81 | HWThread 82 | HWThread 83 | HWThread 84 | HWThread 85 | HWThread 86 | HWThread 87 | HWThread 88 | HWThread 89 | HWThread 90 | HWThread 91 | HWThread 92 | HWThread 93 | HWThread 94 | HWThread 95 |
+-------------------+------------+------------+------------+------------+------------+------------+------------+------------+------------+------------+-------------+-------------+-------------+-------------+-------------+-------------+-------------+-------------+-------------+-------------+-------------+-------------+-------------+-------------+-------------+-------------+-------------+-------------+-------------+-------------+-------------+-------------+-------------+-------------+-------------+-------------+-------------+-------------+-------------+-------------+-------------+-------------+-------------+-------------+-------------+-------------+-------------+-------------+-------------+-------------+-------------+-------------+-------------+-------------+-------------+-------------+-------------+-------------+-------------+-------------+-------------+-------------+-------------+-------------+-------------+-------------+-------------+-------------+-------------+-------------+-------------+-------------+-------------+-------------+-------------+-------------+-------------+-------------+-------------+-------------+-------------+-------------+-------------+-------------+-------------+-------------+-------------+-------------+-------------+-------------+-------------+-------------+-------------+-------------+-------------+-------------+
| RDTSC Runtime [s] |   0.998609 |   0.998611 |   0.998663 |   0.998672 |   0.998661 |   0.998552 |   0.998543 |   0.998654 |   0.998626 |   0.998525 |    0.998552 |    0.998559 |    0.998543 |    0.998551 |    0.998588 |    0.998581 |    0.998583 |    0.998525 |    0.998549 |    0.998626 |    0.998575 |    0.998567 |    0.998563 |    0.998548 |    0.998615 |    0.998763 |    0.998772 |    0.998615 |    0.998669 |    0.998629 |    0.998770 |    0.998629 |    0.998614 |    0.998763 |    0.998761 |    0.998682 |    0.998601 |    0.998770 |    0.998620 |    0.998629 |    0.998529 |    0.998642 |    0.998641 |    0.998603 |    0.998555 |    0.998530 |    0.998608 |    0.998503 |    0.998607 |    0.998612 |    0.998494 |    0.998524 |    0.998625 |    0.998619 |    0.998630 |    0.998541 |    0.998535 |    0.998658 |    0.998758 |    0.998680 |    0.998679 |    0.998520 |    0.998552 |    0.998554 |    0.998570 |    0.998594 |    0.998561 |    0.998524 |    0.998640 |    0.998619 |    0.998522 |    0.998658 |    0.998549 |    0.998628 |    0.998590 |    0.998625 |    0.998627 |    0.998630 |    0.998645 |    0.998555 |    0.998525 |    0.998521 |    0.998617 |    0.998618 |    0.998622 |    0.998630 |    0.998550 |    0.998624 |    0.998593 |    0.998593 |    0.998617 |    0.998524 |    0.998621 |    0.998543 |    0.998624 |    0.998527 |
|     call count    |          1 |          1 |          1 |          1 |          1 |          1 |          1 |          1 |          1 |          1 |           1 |           1 |           1 |           1 |           1 |           1 |           1 |           1 |           1 |           1 |           1 |           1 |           1 |           1 |           1 |           1 |           1 |           1 |           1 |           1 |           1 |           1 |           1 |           1 |           1 |           1 |           1 |           1 |           1 |           1 |           1 |           1 |           1 |           1 |           1 |           1 |           1 |           1 |           1 |           1 |           1 |           1 |           1 |           1 |           1 |           1 |           1 |           1 |           1 |           1 |           1 |           1 |           1 |           1 |           1 |           1 |           1 |           1 |           1 |           1 |           1 |           1 |           1 |           1 |           1 |           1 |           1 |           1 |           1 |           1 |           1 |           1 |           1 |           1 |           1 |           1 |           1 |           1 |           1 |           1 |           1 |           1 |           1 |           1 |           1 |           1 |
+-------------------+------------+------------+------------+------------+------------+------------+------------+------------+------------+------------+-------------+-------------+-------------+-------------+-------------+-------------+-------------+-------------+-------------+-------------+-------------+-------------+-------------+-------------+-------------+-------------+-------------+-------------+-------------+-------------+-------------+-------------+-------------+-------------+-------------+-------------+-------------+-------------+-------------+-------------+-------------+-------------+-------------+-------------+-------------+-------------+-------------+-------------+-------------+-------------+-------------+-------------+-------------+-------------+-------------+-------------+-------------+-------------+-------------+-------------+-------------+-------------+-------------+-------------+-------------+-------------+-------------+-------------+-------------+-------------+-------------+-------------+-------------+-------------+-------------+-------------+-------------+-------------+-------------+-------------+-------------+-------------+-------------+-------------+-------------+-------------+-------------+-------------+-------------+-------------+-------------+-------------+-------------+-------------+-------------+-------------+

+---------------------------+---------+------------+------------+------------+------------+------------+------------+------------+------------+------------+------------+-------------+-------------+-------------+-------------+-------------+-------------+-------------+-------------+-------------+-------------+-------------+-------------+-------------+-------------+-------------+-------------+-------------+-------------+-------------+-------------+-------------+-------------+-------------+-------------+-------------+-------------+-------------+-------------+-------------+-------------+-------------+-------------+-------------+-------------+-------------+-------------+-------------+-------------+-------------+-------------+-------------+-------------+-------------+-------------+-------------+-------------+-------------+-------------+-------------+-------------+-------------+-------------+-------------+-------------+-------------+-------------+-------------+-------------+-------------+-------------+-------------+-------------+-------------+-------------+-------------+-------------+-------------+-------------+-------------+-------------+-------------+-------------+-------------+-------------+-------------+-------------+-------------+-------------+-------------+-------------+-------------+-------------+-------------+-------------+-------------+-------------+
|           Event           | Counter | HWThread 0 | HWThread 1 | HWThread 2 | HWThread 3 | HWThread 4 | HWThread 5 | HWThread 6 | HWThread 7 | HWThread 8 | HWThread 9 | HWThread 10 | HWThread 11 | HWThread 12 | HWThread 13 | HWThread 14 | HWThread 15 | HWThread 16 | HWThread 17 | HWThread 18 | HWThread 19 | HWThread 20 | HWThread 21 | HWThread 22 | HWThread 23 | HWThread 24 | HWThread 25 | HWThread 26 | HWThread 27 | HWThread 28 | HWThread 29 | HWThread 30 | HWThread 31 | HWThread 32 | HWThread 33 | HWThread 34 | HWThread 35 | HWThread 36 | HWThread 37 | HWThread 38 | HWThread 39 | HWThread 40 | HWThread 41 | HWThread 42 | HWThread 43 | HWThread 44 | HWThread 45 | HWThread 46 | HWThread 47 | HWThread 48 | HWThread 49 | HWThread 50 | HWThread 51 | HWThread 52 | HWThread 53 | HWThread 54 | HWThread 55 | HWThread 56 | HWThread 57 | HWThread 58 | HWThread 59 | HWThread 60 | HWThread 61 | HWThread 62 | HWThread 63 | HWThread 64 | HWThread 65 | HWThread 66 | HWThread 67 | HWThread 68 | HWThread 69 | HWThread 70 | HWThread 71 | HWThread 72 | HWThread 73 | HWThread 74 | HWThread 75 | HWThread 76 | HWThread 77 | HWThread 78 | HWThread 79 | HWThread 80 | HWThread 81 | HWThread 82 | HWThread 83 | HWThread 84 | HWThread 85 | HWThread 86 | HWThread 87 | HWThread 88 | HWThread 89 | HWThread 90 | HWThread 91 | HWThread 92 | HWThread 93 | HWThread 94 | HWThread 95 |
+---------------------------+---------+------------+------------+------------+------------+------------+------------+------------+------------+------------+------------+-------------+-------------+-------------+-------------+-------------+-------------+-------------+-------------+-------------+-------------+-------------+-------------+-------------+-------------+-------------+-------------+-------------+-------------+-------------+-------------+-------------+-------------+-------------+-------------+-------------+-------------+-------------+-------------+-------------+-------------+-------------+-------------+-------------+-------------+-------------+-------------+-------------+-------------+-------------+-------------+-------------+-------------+-------------+-------------+-------------+-------------+-------------+-------------+-------------+-------------+-------------+-------------+-------------+-------------+-------------+-------------+-------------+-------------+-------------+-------------+-------------+-------------+-------------+-------------+-------------+-------------+-------------+-------------+-------------+-------------+-------------+-------------+-------------+-------------+-------------+-------------+-------------+-------------+-------------+-------------+-------------+-------------+-------------+-------------+-------------+-------------+
|      ACTUAL_CPU_CLOCK     |  FIXC1  | 1899609000 | 1899671000 | 1899296000 | 1899414000 | 1899602000 | 1899349000 | 1899335000 | 1899318000 | 1898841000 | 1899341000 |  1898809000 |  1899354000 |  1899350000 |  1899102000 |  1899318000 |  1899335000 |  1899327000 |  1899357000 |  1899601000 |  1899662000 |  1899364000 |  1899340000 |  1899335000 |  1898834000 |  1899213000 |  1899030000 |  1899115000 |  1899075000 |  1899195000 |  1899084000 |  1899189000 |  1898869000 |  1899394000 |  1899378000 |  1899657000 |  1899359000 |  1899173000 |  1899515000 |  1899283000 |  1899549000 |  1899282000 |  1899219000 |  1899322000 |  1898880000 |  1899054000 |  1899097000 |  1899448000 |  1899058000 |  1899098000 |  1899353000 |  1898993000 |  1899049000 |  1899313000 |  1899080000 |  1899305000 |  1899258000 |  1899132000 |  1899475000 |  1899349000 |  1899648000 |  1899677000 |  1899135000 |  1899042000 |  1898915000 |  1899057000 |  1899114000 |  1899070000 |  1899124000 |  1899235000 |  1899380000 |  1899062000 |  1899166000 |  1899563000 |  1899279000 |  1899562000 |  1899079000 |  1899615000 |  1899635000 |  1899444000 |  1899584000 |  1899292000 |  1899333000 |  1899679000 |  1899480000 |  1899247000 |  1899260000 |  1899329000 |  1899361000 |  1899561000 |  1899335000 |  1899300000 |  1899444000 |  1899341000 |  1899619000 |  1899680000 |  1899549000 |
|       MAX_CPU_CLOCK       |  FIXC2  | 2399443000 | 2399761000 | 2399112000 | 2399179000 | 2399747000 | 2399014000 | 2398913000 | 2399147000 | 2398812000 | 2399210000 |  2398810000 |  2399184000 |  2399341000 |  2398746000 |  2398990000 |  2399145000 |  2398762000 |  2399232000 |  2399723000 |  2399766000 |  2399346000 |  2399030000 |  2399315000 |  2398784000 |  2399149000 |  2399180000 |  2399152000 |  2399277000 |  2399140000 |  2399122000 |  2399127000 |  2399064000 |  2399194000 |  2399187000 |  2399174000 |  2399172000 |  2399168000 |  2399064000 |  2399174000 |  2399122000 |  2399157000 |  2399276000 |  2399135000 |  2398811000 |  2398684000 |  2398723000 |  2399249000 |  2398703000 |  2399218000 |  2399170000 |  2398796000 |  2399178000 |  2399137000 |  2399203000 |  2399125000 |  2399160000 |  2398924000 |  2399318000 |  2399165000 |  2399411000 |  2399571000 |  2398765000 |  2398791000 |  2398850000 |  2398723000 |  2398785000 |  2398723000 |  2398675000 |  2399273000 |  2399182000 |  2398681000 |  2399217000 |  2399706000 |  2399079000 |  2399693000 |  2399191000 |  2399766000 |  2399693000 |  2399257000 |  2399716000 |  2399118000 |  2399148000 |  2399734000 |  2399296000 |  2399023000 |  2399043000 |  2399149000 |  2399175000 |  2399134000 |  2399159000 |  2399133000 |  2399252000 |  2399158000 |  2399185000 |  2399207000 |  2399400000 |
|    RETIRED_INSTRUCTIONS   |   PMC0  | 6251576000 | 6251590000 | 6251590000 | 6251439000 | 6250860000 | 6250669000 | 6250517000 | 6250700000 | 6250874000 | 6250428000 |  6250687000 |  6250619000 |  6250659000 |  6250665000 |  6251114000 |  6250482000 |  6250659000 |  6250607000 |  6250776000 |  6250648000 |  6250742000 |  6250303000 |  6251435000 |  6250700000 |  6250756000 |  6250686000 |  6250664000 |  6251299000 |  6250843000 |  6250688000 |  6251540000 |  6250564000 |  6251538000 |  6250475000 |  6251282000 |  6250929000 |  6250748000 |  6250884000 |  6251391000 |  6250922000 |  6250751000 |  6250628000 |  6250242000 |  6251284000 |  6250745000 |  6250615000 |  6250699000 |  6251196000 |  6250931000 |  6250699000 |  6250801000 |  6250842000 |  6250879000 |  6250654000 |  6251271000 |  6250573000 |  6250853000 |  6250715000 |  6251176000 |  6250754000 |  6250882000 |  6250701000 |  6250742000 |  6250518000 |  6250844000 |  6251351000 |  6250875000 |  6251336000 |  6250830000 |  6250788000 |  6250729000 |  6250644000 |  6251478000 |  6250965000 |  6251117000 |  6250802000 |  6251410000 |  6250869000 |  6251194000 |  6250846000 |  6250724000 |  6250830000 |  6251280000 |  6250741000 |  6251437000 |  6250643000 |  6250797000 |  6250458000 |  6250787000 |  6250620000 |  6251161000 |  6250672000 |  6250797000 |  6251371000 |  6250501000 |  6251616000 |
|    CPU_CLOCKS_UNHALTED    |   PMC1  | 1884703000 | 1884920000 | 1885408000 | 1885680000 | 1885496000 | 1885199000 | 1883276000 | 1885405000 | 1884947000 | 1884693000 |  1884661000 |  1884504000 |  1884418000 |  1884545000 |  1884489000 |  1884770000 |  1884440000 |  1884889000 |  1884705000 |  1885033000 |  1884802000 |  1884914000 |  1884838000 |  1884861000 |  1884833000 |  1885297000 |  1884923000 |  1885292000 |  1885312000 |  1885175000 |  1885550000 |  1885200000 |  1884985000 |  1885470000 |  1885244000 |  1885300000 |  1884955000 |  1885405000 |  1884946000 |  1884993000 |  1884865000 |  1884971000 |  1884898000 |  1884986000 |  1884821000 |  1884823000 |  1884895000 |  1884689000 |  1885374000 |  1885396000 |  1885032000 |  1885155000 |  1885193000 |  1885208000 |  1885292000 |  1885158000 |  1885272000 |  1885501000 |  1885624000 |  1885532000 |  1885466000 |  1885249000 |  1885252000 |  1885175000 |  1885326000 |  1885397000 |  1885160000 |  1885263000 |  1885348000 |  1885331000 |  1885164000 |  1885307000 |  1885039000 |  1885117000 |  1884986000 |  1885076000 |  1885222000 |  1885031000 |  1885170000 |  1884940000 |  1884816000 |  1884772000 |  1884860000 |  1885156000 |  1885091000 |  1885023000 |  1884758000 |  1884816000 |  1885145000 |  1885074000 |  1885194000 |  1885022000 |  1885047000 |  1885041000 |  1885025000 |  1884982000 |
| RETIRED_SSE_AVX_FLOPS_ALL |   PMC2  | 5000000000 | 5000000000 | 5000000000 | 5000000000 | 5000000000 | 5000000000 | 5000000000 | 5000000000 | 5000000000 | 5000000000 |  5000000000 |  5000000000 |  5000000000 |  5000000000 |  5000000000 |  5000000000 |  5000000000 |  5000000000 |  5000000000 |  5000000000 |  5000000000 |  5000000000 |  5000000000 |  5000000000 |  5000000000 |  5000000000 |  5000000000 |  5000000000 |  5000000000 |  5000000000 |  5000000000 |  5000000000 |  5000000000 |  5000000000 |  5000000000 |  5000000000 |  5000000000 |  5000000000 |  5000000000 |  5000000000 |  5000000000 |  5000000000 |  5000000000 |  5000000000 |  5000000000 |  5000000000 |  5000000000 |  5000000000 |  5000000000 |  5000000000 |  5000000000 |  5000000000 |  5000000000 |  5000000000 |  5000000000 |  5000000000 |  5000000000 |  5000000000 |  5000000000 |  5000000000 |  5000000000 |  5000000000 |  5000000000 |  5000000000 |  5000000000 |  5000000000 |  5000000000 |  5000000000 |  5000000000 |  5000000000 |  5000000000 |  5000000000 |  5000000000 |  5000000000 |  5000000000 |  5000000000 |  5000000000 |  5000000000 |  5000000000 |  5000000000 |  5000000000 |  5000000000 |  5000000000 |  5000000000 |  5000000000 |  5000000000 |  5000000000 |  5000000000 |  5000000000 |  5000000000 |  5000000000 |  5000000000 |  5000000000 |  5000000000 |  5000000000 |  5000000000 |
|           MERGE           |   PMC3  |          0 |          0 |          0 |          0 |          0 |          0 |          0 |          0 |          0 |          0 |           0 |           0 |           0 |           0 |           0 |           0 |           0 |           0 |           0 |           0 |           0 |           0 |           0 |           0 |           0 |           0 |           0 |           0 |           0 |           0 |           0 |           0 |           0 |           0 |           0 |           0 |           0 |           0 |           0 |           0 |           0 |           0 |           0 |           0 |           0 |           0 |           0 |           0 |           0 |           0 |           0 |           0 |           0 |           0 |           0 |           0 |           0 |           0 |           0 |           0 |           0 |           0 |           0 |           0 |           0 |           0 |           0 |           0 |           0 |           0 |           0 |           0 |           0 |           0 |           0 |           0 |           0 |           0 |           0 |           0 |           0 |           0 |           0 |           0 |           0 |           0 |           0 |           0 |           0 |           0 |           0 |           0 |           0 |           0 |           0 |           0 |
+---------------------------+---------+------------+------------+------------+------------+------------+------------+------------+------------+------------+------------+-------------+-------------+-------------+-------------+-------------+-------------+-------------+-------------+-------------+-------------+-------------+-------------+-------------+-------------+-------------+-------------+-------------+-------------+-------------+-------------+-------------+-------------+-------------+-------------+-------------+-------------+-------------+-------------+-------------+-------------+-------------+-------------+-------------+-------------+-------------+-------------+-------------+-------------+-------------+-------------+-------------+-------------+-------------+-------------+-------------+-------------+-------------+-------------+-------------+-------------+-------------+-------------+-------------+-------------+-------------+-------------+-------------+-------------+-------------+-------------+-------------+-------------+-------------+-------------+-------------+-------------+-------------+-------------+-------------+-------------+-------------+-------------+-------------+-------------+-------------+-------------+-------------+-------------+-------------+-------------+-------------+-------------+-------------+-------------+-------------+-------------+

+--------------------------------+---------+--------------+------------+------------+--------------+
|              Event             | Counter |      Sum     |     Min    |     Max    |      Avg     |
+--------------------------------+---------+--------------+------------+------------+--------------+
|      ACTUAL_CPU_CLOCK STAT     |  FIXC1  | 182332903000 | 1898809000 | 1899680000 | 1.899301e+09 |
|       MAX_CPU_CLOCK STAT       |  FIXC2  | 230319172000 | 2398675000 | 2399766000 | 2.399158e+09 |
|    RETIRED_INSTRUCTIONS STAT   |   PMC0  | 600085212000 | 6250242000 | 6251616000 |   6250887625 |
|    CPU_CLOCKS_UNHALTED STAT    |   PMC1  | 180965002000 | 1883276000 | 1885680000 | 1.885052e+09 |
| RETIRED_SSE_AVX_FLOPS_ALL STAT |   PMC2  | 480000000000 | 5000000000 | 5000000000 |   5000000000 |
|           MERGE STAT           |   PMC3  |            0 |          0 |          0 |            0 |
+--------------------------------+---------+--------------+------------+------------+--------------+

+----------------------+------------+------------+------------+------------+------------+------------+------------+------------+------------+------------+-------------+-------------+-------------+-------------+-------------+-------------+-------------+-------------+-------------+-------------+-------------+-------------+-------------+-------------+-------------+-------------+-------------+-------------+-------------+-------------+-------------+-------------+-------------+-------------+-------------+-------------+-------------+-------------+-------------+-------------+-------------+-------------+-------------+-------------+-------------+-------------+-------------+-------------+-------------+-------------+-------------+-------------+-------------+-------------+-------------+-------------+-------------+-------------+-------------+-------------+-------------+-------------+-------------+-------------+-------------+-------------+-------------+-------------+-------------+-------------+-------------+-------------+-------------+-------------+-------------+-------------+-------------+-------------+-------------+-------------+-------------+-------------+-------------+-------------+-------------+-------------+-------------+-------------+-------------+-------------+-------------+-------------+-------------+-------------+-------------+-------------+
|        Metric        | HWThread 0 | HWThread 1 | HWThread 2 | HWThread 3 | HWThread 4 | HWThread 5 | HWThread 6 | HWThread 7 | HWThread 8 | HWThread 9 | HWThread 10 | HWThread 11 | HWThread 12 | HWThread 13 | HWThread 14 | HWThread 15 | HWThread 16 | HWThread 17 | HWThread 18 | HWThread 19 | HWThread 20 | HWThread 21 | HWThread 22 | HWThread 23 | HWThread 24 | HWThread 25 | HWThread 26 | HWThread 27 | HWThread 28 | HWThread 29 | HWThread 30 | HWThread 31 | HWThread 32 | HWThread 33 | HWThread 34 | HWThread 35 | HWThread 36 | HWThread 37 | HWThread 38 | HWThread 39 | HWThread 40 | HWThread 41 | HWThread 42 | HWThread 43 | HWThread 44 | HWThread 45 | HWThread 46 | HWThread 47 | HWThread 48 | HWThread 49 | HWThread 50 | HWThread 51 | HWThread 52 | HWThread 53 | HWThread 54 | HWThread 55 | HWThread 56 | HWThread 57 | HWThread 58 | HWThread 59 | HWThread 60 | HWThread 61 | HWThread 62 | HWThread 63 | HWThread 64 | HWThread 65 | HWThread 66 | HWThread 67 | HWThread 68 | HWThread 69 | HWThread 70 | HWThread 71 | HWThread 72 | HWThread 73 | HWThread 74 | HWThread 75 | HWThread 76 | HWThread 77 | HWThread 78 | HWThread 79 | HWThread 80 | HWThread 81 | HWThread 82 | HWThread 83 | HWThread 84 | HWThread 85 | HWThread 86 | HWThread 87 | HWThread 88 | HWThread 89 | HWThread 90 | HWThread 91 | HWThread 92 | HWThread 93 | HWThread 94 | HWThread 95 |
+----------------------+------------+------------+------------+------------+------------+------------+------------+------------+------------+------------+-------------+-------------+-------------+-------------+-------------+-------------+-------------+-------------+-------------+-------------+-------------+-------------+-------------+-------------+-------------+-------------+-------------+-------------+-------------+-------------+-------------+-------------+-------------+-------------+-------------+-------------+-------------+-------------+-------------+-------------+-------------+-------------+-------------+-------------+-------------+-------------+-------------+-------------+-------------+-------------+-------------+-------------+-------------+-------------+-------------+-------------+-------------+-------------+-------------+-------------+-------------+-------------+-------------+-------------+-------------+-------------+-------------+-------------+-------------+-------------+-------------+-------------+-------------+-------------+-------------+-------------+-------------+-------------+-------------+-------------+-------------+-------------+-------------+-------------+-------------+-------------+-------------+-------------+-------------+-------------+-------------+-------------+-------------+-------------+-------------+-------------+
|  Runtime (RDTSC) [s] |     0.9986 |     0.9986 |     0.9987 |     0.9987 |     0.9987 |     0.9986 |     0.9985 |     0.9987 |     0.9986 |     0.9985 |      0.9986 |      0.9986 |      0.9985 |      0.9986 |      0.9986 |      0.9986 |      0.9986 |      0.9985 |      0.9985 |      0.9986 |      0.9986 |      0.9986 |      0.9986 |      0.9985 |      0.9986 |      0.9988 |      0.9988 |      0.9986 |      0.9987 |      0.9986 |      0.9988 |      0.9986 |      0.9986 |      0.9988 |      0.9988 |      0.9987 |      0.9986 |      0.9988 |      0.9986 |      0.9986 |      0.9985 |      0.9986 |      0.9986 |      0.9986 |      0.9986 |      0.9985 |      0.9986 |      0.9985 |      0.9986 |      0.9986 |      0.9985 |      0.9985 |      0.9986 |      0.9986 |      0.9986 |      0.9985 |      0.9985 |      0.9987 |      0.9988 |      0.9987 |      0.9987 |      0.9985 |      0.9986 |      0.9986 |      0.9986 |      0.9986 |      0.9986 |      0.9985 |      0.9986 |      0.9986 |      0.9985 |      0.9987 |      0.9985 |      0.9986 |      0.9986 |      0.9986 |      0.9986 |      0.9986 |      0.9986 |      0.9986 |      0.9985 |      0.9985 |      0.9986 |      0.9986 |      0.9986 |      0.9986 |      0.9985 |      0.9986 |      0.9986 |      0.9986 |      0.9986 |      0.9985 |      0.9986 |      0.9985 |      0.9986 |      0.9985 |
| Runtime unhalted [s] |     0.7915 |     0.7915 |     0.7914 |     0.7914 |     0.7915 |     0.7914 |     0.7914 |     0.7914 |     0.7912 |     0.7914 |      0.7912 |      0.7914 |      0.7914 |      0.7913 |      0.7914 |      0.7914 |      0.7914 |      0.7914 |      0.7915 |      0.7915 |      0.7914 |      0.7914 |      0.7914 |      0.7912 |      0.7913 |      0.7913 |      0.7913 |      0.7913 |      0.7913 |      0.7913 |      0.7913 |      0.7912 |      0.7914 |      0.7914 |      0.7915 |      0.7914 |      0.7913 |      0.7915 |      0.7914 |      0.7915 |      0.7914 |      0.7913 |      0.7914 |      0.7912 |      0.7913 |      0.7913 |      0.7914 |      0.7913 |      0.7913 |      0.7914 |      0.7913 |      0.7913 |      0.7914 |      0.7913 |      0.7914 |      0.7914 |      0.7913 |      0.7915 |      0.7914 |      0.7915 |      0.7915 |      0.7913 |      0.7913 |      0.7912 |      0.7913 |      0.7913 |      0.7913 |      0.7913 |      0.7914 |      0.7914 |      0.7913 |      0.7913 |      0.7915 |      0.7914 |      0.7915 |      0.7913 |      0.7915 |      0.7915 |      0.7914 |      0.7915 |      0.7914 |      0.7914 |      0.7915 |      0.7915 |      0.7914 |      0.7914 |      0.7914 |      0.7914 |      0.7915 |      0.7914 |      0.7914 |      0.7914 |      0.7914 |      0.7915 |      0.7915 |      0.7915 |
|      Clock [MHz]     |  1900.0320 |  1899.8423 |  1899.9811 |  1900.0461 |  1899.7843 |  1900.1117 |  1900.1777 |  1899.9754 |  1899.7635 |  1899.9485 |   1899.7330 |   1899.9821 |   1899.8537 |   1900.0769 |   1900.0997 |   1899.9940 |   1900.2893 |   1899.9471 |   1899.8023 |   1899.8293 |   1899.8638 |   1900.0900 |   1899.8593 |   1899.7786 |   1899.8687 |   1899.6611 |   1899.7683 |   1899.6293 |   1899.8579 |   1899.7611 |   1899.8622 |   1899.5919 |   1900.0142 |   1900.0037 |   1900.2931 |   1899.9966 |   1899.8137 |   1900.2382 |   1899.9190 |   1900.2262 |   1899.9314 |   1899.7742 |   1899.9889 |   1899.8033 |   1900.0780 |   1900.0901 |   1900.0246 |   1900.0669 |   1899.6991 |   1899.9922 |   1899.9282 |   1899.6817 |   1899.9783 |   1899.6929 |   1899.9798 |   1899.9050 |   1899.9659 |   1899.9970 |   1899.9921 |   1900.0964 |   1899.9987 |   1900.0948 |   1899.9812 |   1899.8074 |   1900.0501 |   1900.0580 |   1900.0631 |   1900.1551 |   1899.7926 |   1900.0097 |   1900.0883 |   1899.7679 |   1899.7778 |   1899.9902 |   1899.7871 |   1899.7014 |   1899.7823 |   1899.8601 |   1900.0143 |   1899.7909 |   1899.9723 |   1899.9896 |   1899.8716 |   1900.0194 |   1900.0025 |   1899.9997 |   1899.9848 |   1899.9962 |   1900.2287 |   1899.9829 |   1899.9684 |   1900.0183 |   1899.9897 |   1900.2464 |   1900.2900 |   1900.0061 |
|          CPI         |     0.3015 |     0.3015 |     0.3016 |     0.3016 |     0.3016 |     0.3016 |     0.3013 |     0.3016 |     0.3015 |     0.3015 |      0.3015 |      0.3015 |      0.3015 |      0.3015 |      0.3015 |      0.3015 |      0.3015 |      0.3016 |      0.3015 |      0.3016 |      0.3015 |      0.3016 |      0.3015 |      0.3015 |      0.3015 |      0.3016 |      0.3016 |      0.3016 |      0.3016 |      0.3016 |      0.3016 |      0.3016 |      0.3015 |      0.3017 |      0.3016 |      0.3016 |      0.3016 |      0.3016 |      0.3015 |      0.3016 |      0.3015 |      0.3016 |      0.3016 |      0.3015 |      0.3015 |      0.3015 |      0.3015 |      0.3015 |      0.3016 |      0.3016 |      0.3016 |      0.3016 |      0.3016 |      0.3016 |      0.3016 |      0.3016 |      0.3016 |      0.3016 |      0.3016 |      0.3016 |      0.3016 |      0.3016 |      0.3016 |      0.3016 |      0.3016 |      0.3016 |      0.3016 |      0.3016 |      0.3016 |      0.3016 |      0.3016 |      0.3016 |      0.3015 |      0.3016 |      0.3015 |      0.3016 |      0.3016 |      0.3016 |      0.3016 |      0.3015 |      0.3015 |      0.3015 |      0.3015 |      0.3016 |      0.3015 |      0.3016 |      0.3015 |      0.3015 |      0.3016 |      0.3016 |      0.3016 |      0.3016 |      0.3016 |      0.3015 |      0.3016 |      0.3015 |
|     DP [MFLOP/s]     |  5006.9657 |  5006.9557 |  5006.6924 |  5006.6473 |  5006.7015 |  5007.2525 |  5007.2961 |  5006.7391 |  5006.8810 |  5007.3839 |   5007.2520 |   5007.2139 |   5007.2966 |   5007.2580 |   5007.0705 |   5007.1056 |   5007.0961 |   5007.3844 |   5007.2635 |   5006.8820 |   5007.1352 |   5007.1743 |   5007.1953 |   5007.2686 |   5006.9356 |   5006.1927 |   5006.1450 |   5006.9321 |   5006.6659 |   5006.8669 |   5006.1571 |   5006.8654 |   5006.9371 |   5006.1937 |   5006.2042 |   5006.5992 |   5007.0073 |   5006.1581 |   5006.9100 |   5006.8619 |   5007.3633 |   5006.8007 |   5006.8068 |   5006.9958 |   5007.2340 |   5007.3588 |   5006.9692 |   5007.4962 |   5006.9757 |   5006.9517 |   5007.5429 |   5007.3934 |   5006.8845 |   5006.9130 |   5006.8614 |   5007.3047 |   5007.3337 |   5006.7190 |   5006.2182 |   5006.6062 |   5006.6117 |   5007.4135 |   5007.2490 |   5007.2425 |   5007.1602 |   5007.0414 |   5007.2059 |   5007.3899 |   5006.8113 |   5006.9120 |   5007.3984 |   5006.7200 |   5007.2630 |   5006.8699 |   5007.0615 |   5006.8825 |   5006.8754 |   5006.8614 |   5006.7837 |   5007.2334 |   5007.3869 |   5007.4085 |   5006.9246 |   5006.9176 |   5006.8990 |   5006.8569 |   5007.2610 |   5006.8880 |   5007.0449 |   5007.0464 |   5006.9246 |   5007.3889 |   5006.9045 |   5007.2971 |   5006.8905 |   5007.3749 |
+----------------------+------------+------------+------------+------------+------------+------------+------------+------------+------------+------------+-------------+-------------+-------------+-------------+-------------+-------------+-------------+-------------+-------------+-------------+-------------+-------------+-------------+-------------+-------------+-------------+-------------+-------------+-------------+-------------+-------------+-------------+-------------+-------------+-------------+-------------+-------------+-------------+-------------+-------------+-------------+-------------+-------------+-------------+-------------+-------------+-------------+-------------+-------------+-------------+-------------+-------------+-------------+-------------+-------------+-------------+-------------+-------------+-------------+-------------+-------------+-------------+-------------+-------------+-------------+-------------+-------------+-------------+-------------+-------------+-------------+-------------+-------------+-------------+-------------+-------------+-------------+-------------+-------------+-------------+-------------+-------------+-------------+-------------+-------------+-------------+-------------+-------------+-------------+-------------+-------------+-------------+-------------+-------------+-------------+-------------+

+---------------------------+-------------+-----------+-----------+-----------+
|           Metric          |     Sum     |    Min    |    Max    |    Avg    |
+---------------------------+-------------+-----------+-----------+-----------+
|  Runtime (RDTSC) [s] STAT |     95.8657 |    0.9985 |    0.9988 |    0.9986 |
| Runtime unhalted [s] STAT |     75.9727 |    0.7912 |    0.7915 |    0.7914 |
|      Clock [MHz] STAT     | 182395.1705 | 1899.5919 | 1900.2931 | 1899.9497 |
|          CPI STAT         |     28.9499 |    0.3013 |    0.3017 |    0.3016 |
|     DP [MFLOP/s] STAT     | 480670.8735 | 5006.1450 | 5007.5429 | 5006.9883 |
+---------------------------+-------------+-----------+-----------+-----------+

