INFO: You are running LIKWID in a cpuset with 192 CPUs. Taking given IDs as logical ID in cpuset
--------------------------------------------------------------------------------
CPU name:	AMD EPYC 9654 96-Core Processor                
CPU type:	AMD K19 (Zen4) architecture
CPU clock:	2.40 GHz
--------------------------------------------------------------------------------
Warning: Sanitizing vector length to a multiple of the loop stride 16 and thread count 96 from 12000000 elements (48000000 bytes) to 11999232 elements (47996928 bytes)
Allocate: Process running on hwthread 0 (Domain N) - Vector length 11999232/47996928 Offset 0 Alignment 1024
Initialization: Each thread in domain initializes its own stream chunks
--------------------------------------------------------------------------------
LIKWID MICRO BENCHMARK
Test: peakflops_sp_avx512_fma
--------------------------------------------------------------------------------
Using 1 work groups
Using 96 threads
--------------------------------------------------------------------------------
Using Likwid Marker API
--------------------------------------------------------------------------------
Group: 0 Thread 0 Global Thread 0 running on hwthread 0 - Vector length 124992 Offset 0
Group: 0 Thread 1 Global Thread 1 running on hwthread 1 - Vector length 124992 Offset 124992
Group: 0 Thread 2 Global Thread 2 running on hwthread 2 - Vector length 124992 Offset 249984
Group: 0 Thread 3 Global Thread 3 running on hwthread 3 - Vector length 124992 Offset 374976
Group: 0 Thread 4 Global Thread 4 running on hwthread 4 - Vector length 124992 Offset 499968
Group: 0 Thread 5 Global Thread 5 running on hwthread 5 - Vector length 124992 Offset 624960
Group: 0 Thread 6 Global Thread 6 running on hwthread 6 - Vector length 124992 Offset 749952
Group: 0 Thread 7 Global Thread 7 running on hwthread 7 - Vector length 124992 Offset 874944
Group: 0 Thread 8 Global Thread 8 running on hwthread 8 - Vector length 124992 Offset 999936
Group: 0 Thread 9 Global Thread 9 running on hwthread 9 - Vector length 124992 Offset 1124928
Group: 0 Thread 10 Global Thread 10 running on hwthread 10 - Vector length 124992 Offset 1249920
Group: 0 Thread 11 Global Thread 11 running on hwthread 11 - Vector length 124992 Offset 1374912
Group: 0 Thread 12 Global Thread 12 running on hwthread 12 - Vector length 124992 Offset 1499904
Group: 0 Thread 13 Global Thread 13 running on hwthread 13 - Vector length 124992 Offset 1624896
Group: 0 Thread 14 Global Thread 14 running on hwthread 14 - Vector length 124992 Offset 1749888
Group: 0 Thread 15 Global Thread 15 running on hwthread 15 - Vector length 124992 Offset 1874880
Group: 0 Thread 16 Global Thread 16 running on hwthread 16 - Vector length 124992 Offset 1999872
Group: 0 Thread 17 Global Thread 17 running on hwthread 17 - Vector length 124992 Offset 2124864
Group: 0 Thread 18 Global Thread 18 running on hwthread 18 - Vector length 124992 Offset 2249856
Group: 0 Thread 19 Global Thread 19 running on hwthread 19 - Vector length 124992 Offset 2374848
Group: 0 Thread 20 Global Thread 20 running on hwthread 20 - Vector length 124992 Offset 2499840
Group: 0 Thread 21 Global Thread 21 running on hwthread 21 - Vector length 124992 Offset 2624832
Group: 0 Thread 22 Global Thread 22 running on hwthread 22 - Vector length 124992 Offset 2749824
Group: 0 Thread 23 Global Thread 23 running on hwthread 23 - Vector length 124992 Offset 2874816
Group: 0 Thread 24 Global Thread 24 running on hwthread 24 - Vector length 124992 Offset 2999808
Group: 0 Thread 25 Global Thread 25 running on hwthread 25 - Vector length 124992 Offset 3124800
Group: 0 Thread 26 Global Thread 26 running on hwthread 26 - Vector length 124992 Offset 3249792
Group: 0 Thread 27 Global Thread 27 running on hwthread 27 - Vector length 124992 Offset 3374784
Group: 0 Thread 28 Global Thread 28 running on hwthread 28 - Vector length 124992 Offset 3499776
Group: 0 Thread 29 Global Thread 29 running on hwthread 29 - Vector length 124992 Offset 3624768
Group: 0 Thread 30 Global Thread 30 running on hwthread 30 - Vector length 124992 Offset 3749760
Group: 0 Thread 31 Global Thread 31 running on hwthread 31 - Vector length 124992 Offset 3874752
Group: 0 Thread 32 Global Thread 32 running on hwthread 32 - Vector length 124992 Offset 3999744
Group: 0 Thread 33 Global Thread 33 running on hwthread 33 - Vector length 124992 Offset 4124736
Group: 0 Thread 34 Global Thread 34 running on hwthread 34 - Vector length 124992 Offset 4249728
Group: 0 Thread 35 Global Thread 35 running on hwthread 35 - Vector length 124992 Offset 4374720
Group: 0 Thread 36 Global Thread 36 running on hwthread 36 - Vector length 124992 Offset 4499712
Group: 0 Thread 37 Global Thread 37 running on hwthread 37 - Vector length 124992 Offset 4624704
Group: 0 Thread 38 Global Thread 38 running on hwthread 38 - Vector length 124992 Offset 4749696
Group: 0 Thread 39 Global Thread 39 running on hwthread 39 - Vector length 124992 Offset 4874688
Group: 0 Thread 40 Global Thread 40 running on hwthread 40 - Vector length 124992 Offset 4999680
Group: 0 Thread 41 Global Thread 41 running on hwthread 41 - Vector length 124992 Offset 5124672
Group: 0 Thread 42 Global Thread 42 running on hwthread 42 - Vector length 124992 Offset 5249664
Group: 0 Thread 43 Global Thread 43 running on hwthread 43 - Vector length 124992 Offset 5374656
Group: 0 Thread 44 Global Thread 44 running on hwthread 44 - Vector length 124992 Offset 5499648
Group: 0 Thread 45 Global Thread 45 running on hwthread 45 - Vector length 124992 Offset 5624640
Group: 0 Thread 46 Global Thread 46 running on hwthread 46 - Vector length 124992 Offset 5749632
Group: 0 Thread 47 Global Thread 47 running on hwthread 47 - Vector length 124992 Offset 5874624
Group: 0 Thread 48 Global Thread 48 running on hwthread 48 - Vector length 124992 Offset 5999616
Group: 0 Thread 49 Global Thread 49 running on hwthread 49 - Vector length 124992 Offset 6124608
Group: 0 Thread 50 Global Thread 50 running on hwthread 50 - Vector length 124992 Offset 6249600
Group: 0 Thread 51 Global Thread 51 running on hwthread 51 - Vector length 124992 Offset 6374592
Group: 0 Thread 52 Global Thread 52 running on hwthread 52 - Vector length 124992 Offset 6499584
Group: 0 Thread 53 Global Thread 53 running on hwthread 53 - Vector length 124992 Offset 6624576
Group: 0 Thread 54 Global Thread 54 running on hwthread 54 - Vector length 124992 Offset 6749568
Group: 0 Thread 55 Global Thread 55 running on hwthread 55 - Vector length 124992 Offset 6874560
Group: 0 Thread 56 Global Thread 56 running on hwthread 56 - Vector length 124992 Offset 6999552
Group: 0 Thread 57 Global Thread 57 running on hwthread 57 - Vector length 124992 Offset 7124544
Group: 0 Thread 58 Global Thread 58 running on hwthread 58 - Vector length 124992 Offset 7249536
Group: 0 Thread 59 Global Thread 59 running on hwthread 59 - Vector length 124992 Offset 7374528
Group: 0 Thread 60 Global Thread 60 running on hwthread 60 - Vector length 124992 Offset 7499520
Group: 0 Thread 61 Global Thread 61 running on hwthread 61 - Vector length 124992 Offset 7624512
Group: 0 Thread 62 Global Thread 62 running on hwthread 62 - Vector length 124992 Offset 7749504
Group: 0 Thread 63 Global Thread 63 running on hwthread 63 - Vector length 124992 Offset 7874496
Group: 0 Thread 64 Global Thread 64 running on hwthread 64 - Vector length 124992 Offset 7999488
Group: 0 Thread 65 Global Thread 65 running on hwthread 65 - Vector length 124992 Offset 8124480
Group: 0 Thread 66 Global Thread 66 running on hwthread 66 - Vector length 124992 Offset 8249472
Group: 0 Thread 67 Global Thread 67 running on hwthread 67 - Vector length 124992 Offset 8374464
Group: 0 Thread 68 Global Thread 68 running on hwthread 68 - Vector length 124992 Offset 8499456
Group: 0 Thread 69 Global Thread 69 running on hwthread 69 - Vector length 124992 Offset 8624448
Group: 0 Thread 70 Global Thread 70 running on hwthread 70 - Vector length 124992 Offset 8749440
Group: 0 Thread 71 Global Thread 71 running on hwthread 71 - Vector length 124992 Offset 8874432
Group: 0 Thread 72 Global Thread 72 running on hwthread 72 - Vector length 124992 Offset 8999424
Group: 0 Thread 73 Global Thread 73 running on hwthread 73 - Vector length 124992 Offset 9124416
Group: 0 Thread 74 Global Thread 74 running on hwthread 74 - Vector length 124992 Offset 9249408
Group: 0 Thread 75 Global Thread 75 running on hwthread 75 - Vector length 124992 Offset 9374400
Group: 0 Thread 76 Global Thread 76 running on hwthread 76 - Vector length 124992 Offset 9499392
Group: 0 Thread 77 Global Thread 77 running on hwthread 77 - Vector length 124992 Offset 9624384
Group: 0 Thread 78 Global Thread 78 running on hwthread 78 - Vector length 124992 Offset 9749376
Group: 0 Thread 79 Global Thread 79 running on hwthread 79 - Vector length 124992 Offset 9874368
Group: 0 Thread 80 Global Thread 80 running on hwthread 80 - Vector length 124992 Offset 9999360
Group: 0 Thread 81 Global Thread 81 running on hwthread 81 - Vector length 124992 Offset 10124352
Group: 0 Thread 82 Global Thread 82 running on hwthread 82 - Vector length 124992 Offset 10249344
Group: 0 Thread 83 Global Thread 83 running on hwthread 83 - Vector length 124992 Offset 10374336
Group: 0 Thread 84 Global Thread 84 running on hwthread 84 - Vector length 124992 Offset 10499328
Group: 0 Thread 85 Global Thread 85 running on hwthread 85 - Vector length 124992 Offset 10624320
Group: 0 Thread 86 Global Thread 86 running on hwthread 86 - Vector length 124992 Offset 10749312
Group: 0 Thread 87 Global Thread 87 running on hwthread 87 - Vector length 124992 Offset 10874304
Group: 0 Thread 88 Global Thread 88 running on hwthread 88 - Vector length 124992 Offset 10999296
Group: 0 Thread 89 Global Thread 89 running on hwthread 89 - Vector length 124992 Offset 11124288
Group: 0 Thread 90 Global Thread 90 running on hwthread 90 - Vector length 124992 Offset 11249280
Group: 0 Thread 91 Global Thread 91 running on hwthread 91 - Vector length 124992 Offset 11374272
Group: 0 Thread 92 Global Thread 92 running on hwthread 92 - Vector length 124992 Offset 11499264
Group: 0 Thread 93 Global Thread 93 running on hwthread 93 - Vector length 124992 Offset 11624256
Group: 0 Thread 94 Global Thread 94 running on hwthread 94 - Vector length 124992 Offset 11749248
Group: 0 Thread 95 Global Thread 95 running on hwthread 95 - Vector length 124992 Offset 11874240
--------------------------------------------------------------------------------
Cycles:			747017736
CPU Clock:		2399051594
Cycle Clock:		2399051594
Time:			3.113804e-01 sec
Iterations:		480000
Iterations per thread:	5000
Inner loop executions:	7812
Size (Byte):		47996928
Size per thread:	499968
Number of Flops:	1799884800000
MFlops/s:		5780340.00
Data volume (Byte):	239984640000
MByte/s:		770712.00
Cycles per update:	0.012451
Cycles per cacheline:	0.199217
Loads per update:	1
Stores per update:	0
Load bytes per element:	4
Store bytes per elem.:	0
Instructions:		71245440032
UOPs:			67495680000
--------------------------------------------------------------------------------
Writing Likwid Marker API results to file /tmp/likwid_769877.txt
--------------------------------------------------------------------------------
Region bench, Group 1: FLOPS_SP
+-------------------+------------+------------+------------+------------+------------+------------+------------+------------+------------+------------+-------------+-------------+-------------+-------------+-------------+-------------+-------------+-------------+-------------+-------------+-------------+-------------+-------------+-------------+-------------+-------------+-------------+-------------+-------------+-------------+-------------+-------------+-------------+-------------+-------------+-------------+-------------+-------------+-------------+-------------+-------------+-------------+-------------+-------------+-------------+-------------+-------------+-------------+-------------+-------------+-------------+-------------+-------------+-------------+-------------+-------------+-------------+-------------+-------------+-------------+-------------+-------------+-------------+-------------+-------------+-------------+-------------+-------------+-------------+-------------+-------------+-------------+-------------+-------------+-------------+-------------+-------------+-------------+-------------+-------------+-------------+-------------+-------------+-------------+-------------+-------------+-------------+-------------+-------------+-------------+-------------+-------------+-------------+-------------+-------------+-------------+
|    Region Info    | HWThread 0 | HWThread 1 | HWThread 2 | HWThread 3 | HWThread 4 | HWThread 5 | HWThread 6 | HWThread 7 | HWThread 8 | HWThread 9 | HWThread 10 | HWThread 11 | HWThread 12 | HWThread 13 | HWThread 14 | HWThread 15 | HWThread 16 | HWThread 17 | HWThread 18 | HWThread 19 | HWThread 20 | HWThread 21 | HWThread 22 | HWThread 23 | HWThread 24 | HWThread 25 | HWThread 26 | HWThread 27 | HWThread 28 | HWThread 29 | HWThread 30 | HWThread 31 | HWThread 32 | HWThread 33 | HWThread 34 | HWThread 35 | HWThread 36 | HWThread 37 | HWThread 38 | HWThread 39 | HWThread 40 | HWThread 41 | HWThread 42 | HWThread 43 | HWThread 44 | HWThread 45 | HWThread 46 | HWThread 47 | HWThread 48 | HWThread 49 | HWThread 50 | HWThread 51 | HWThread 52 | HWThread 53 | HWThread 54 | HWThread 55 | HWThread 56 | HWThread 57 | HWThread 58 | HWThread 59 | HWThread 60 | HWThread 61 | HWThread 62 | HWThread 63 | HWThread 64 | HWThread 65 | HWThread 66 | HWThread 67 | HWThread 68 | HWThread 69 | HWThread 70 | HWThread 71 | HWThread 72 | HWThread 73 | HWThread 74 | HWThread 75 | HWThread 76 | HWThread 77 | HWThread 78 | HWThread 79 | HWThread 80 | HWThread 81 | HWThread 82 | HWThread 83 | HWThread 84 | HWThread 85 | HWThread 86 | HWThread 87 | HWThread 88 | HWThread 89 | HWThread 90 | HWThread 91 | HWThread 92 | HWThread 93 | HWThread 94 | HWThread 95 |
+-------------------+------------+------------+------------+------------+------------+------------+------------+------------+------------+------------+-------------+-------------+-------------+-------------+-------------+-------------+-------------+-------------+-------------+-------------+-------------+-------------+-------------+-------------+-------------+-------------+-------------+-------------+-------------+-------------+-------------+-------------+-------------+-------------+-------------+-------------+-------------+-------------+-------------+-------------+-------------+-------------+-------------+-------------+-------------+-------------+-------------+-------------+-------------+-------------+-------------+-------------+-------------+-------------+-------------+-------------+-------------+-------------+-------------+-------------+-------------+-------------+-------------+-------------+-------------+-------------+-------------+-------------+-------------+-------------+-------------+-------------+-------------+-------------+-------------+-------------+-------------+-------------+-------------+-------------+-------------+-------------+-------------+-------------+-------------+-------------+-------------+-------------+-------------+-------------+-------------+-------------+-------------+-------------+-------------+-------------+
| RDTSC Runtime [s] |   0.311140 |   0.311233 |   0.311226 |   0.311231 |   0.311206 |   0.311341 |   0.311211 |   0.311251 |   0.311241 |   0.311349 |    0.311343 |    0.311254 |    0.311202 |    0.311142 |    0.311228 |    0.311228 |    0.311349 |    0.311360 |    0.311341 |    0.311344 |    0.311314 |    0.311351 |    0.311387 |    0.311346 |    0.311327 |    0.311340 |    0.311221 |    0.311356 |    0.311226 |    0.311250 |    0.311346 |    0.311145 |    0.311221 |    0.311187 |    0.311109 |    0.311189 |    0.311136 |    0.311146 |    0.311229 |    0.311102 |    0.311327 |    0.311341 |    0.311220 |    0.311379 |    0.311230 |    0.311136 |    0.311227 |    0.311366 |    0.311110 |    0.311102 |    0.311207 |    0.311206 |    0.311175 |    0.311172 |    0.311121 |    0.311232 |    0.311147 |    0.311235 |    0.311145 |    0.311135 |    0.311142 |    0.311329 |    0.311142 |    0.311228 |    0.311147 |    0.311237 |    0.311152 |    0.311144 |    0.311100 |    0.311225 |    0.311118 |    0.311145 |    0.311133 |    0.311319 |    0.311136 |    0.311261 |    0.311334 |    0.311357 |    0.311247 |    0.311240 |    0.311296 |    0.311237 |    0.311141 |    0.311234 |    0.311140 |    0.311337 |    0.311344 |    0.311138 |    0.311157 |    0.311163 |    0.311234 |    0.311243 |    0.311324 |    0.311228 |    0.311376 |    0.311237 |
|     call count    |          1 |          1 |          1 |          1 |          1 |          1 |          1 |          1 |          1 |          1 |           1 |           1 |           1 |           1 |           1 |           1 |           1 |           1 |           1 |           1 |           1 |           1 |           1 |           1 |           1 |           1 |           1 |           1 |           1 |           1 |           1 |           1 |           1 |           1 |           1 |           1 |           1 |           1 |           1 |           1 |           1 |           1 |           1 |           1 |           1 |           1 |           1 |           1 |           1 |           1 |           1 |           1 |           1 |           1 |           1 |           1 |           1 |           1 |           1 |           1 |           1 |           1 |           1 |           1 |           1 |           1 |           1 |           1 |           1 |           1 |           1 |           1 |           1 |           1 |           1 |           1 |           1 |           1 |           1 |           1 |           1 |           1 |           1 |           1 |           1 |           1 |           1 |           1 |           1 |           1 |           1 |           1 |           1 |           1 |           1 |           1 |
+-------------------+------------+------------+------------+------------+------------+------------+------------+------------+------------+------------+-------------+-------------+-------------+-------------+-------------+-------------+-------------+-------------+-------------+-------------+-------------+-------------+-------------+-------------+-------------+-------------+-------------+-------------+-------------+-------------+-------------+-------------+-------------+-------------+-------------+-------------+-------------+-------------+-------------+-------------+-------------+-------------+-------------+-------------+-------------+-------------+-------------+-------------+-------------+-------------+-------------+-------------+-------------+-------------+-------------+-------------+-------------+-------------+-------------+-------------+-------------+-------------+-------------+-------------+-------------+-------------+-------------+-------------+-------------+-------------+-------------+-------------+-------------+-------------+-------------+-------------+-------------+-------------+-------------+-------------+-------------+-------------+-------------+-------------+-------------+-------------+-------------+-------------+-------------+-------------+-------------+-------------+-------------+-------------+-------------+-------------+

+---------------------------+---------+-------------+-------------+-------------+-------------+-------------+-------------+-------------+-------------+-------------+-------------+-------------+-------------+-------------+-------------+-------------+-------------+-------------+-------------+-------------+-------------+-------------+-------------+-------------+-------------+-------------+-------------+-------------+-------------+-------------+-------------+-------------+-------------+-------------+-------------+-------------+-------------+-------------+-------------+-------------+-------------+-------------+-------------+-------------+-------------+-------------+-------------+-------------+-------------+-------------+-------------+-------------+-------------+-------------+-------------+-------------+-------------+-------------+-------------+-------------+-------------+-------------+-------------+-------------+-------------+-------------+-------------+-------------+-------------+-------------+-------------+-------------+-------------+-------------+-------------+-------------+-------------+-------------+-------------+-------------+-------------+-------------+-------------+-------------+-------------+-------------+-------------+-------------+-------------+-------------+-------------+-------------+-------------+-------------+-------------+-------------+-------------+
|           Event           | Counter |  HWThread 0 |  HWThread 1 |  HWThread 2 |  HWThread 3 |  HWThread 4 |  HWThread 5 |  HWThread 6 |  HWThread 7 |  HWThread 8 |  HWThread 9 | HWThread 10 | HWThread 11 | HWThread 12 | HWThread 13 | HWThread 14 | HWThread 15 | HWThread 16 | HWThread 17 | HWThread 18 | HWThread 19 | HWThread 20 | HWThread 21 | HWThread 22 | HWThread 23 | HWThread 24 | HWThread 25 | HWThread 26 | HWThread 27 | HWThread 28 | HWThread 29 | HWThread 30 | HWThread 31 | HWThread 32 | HWThread 33 | HWThread 34 | HWThread 35 | HWThread 36 | HWThread 37 | HWThread 38 | HWThread 39 | HWThread 40 | HWThread 41 | HWThread 42 | HWThread 43 | HWThread 44 | HWThread 45 | HWThread 46 | HWThread 47 | HWThread 48 | HWThread 49 | HWThread 50 | HWThread 51 | HWThread 52 | HWThread 53 | HWThread 54 | HWThread 55 | HWThread 56 | HWThread 57 | HWThread 58 | HWThread 59 | HWThread 60 | HWThread 61 | HWThread 62 | HWThread 63 | HWThread 64 | HWThread 65 | HWThread 66 | HWThread 67 | HWThread 68 | HWThread 69 | HWThread 70 | HWThread 71 | HWThread 72 | HWThread 73 | HWThread 74 | HWThread 75 | HWThread 76 | HWThread 77 | HWThread 78 | HWThread 79 | HWThread 80 | HWThread 81 | HWThread 82 | HWThread 83 | HWThread 84 | HWThread 85 | HWThread 86 | HWThread 87 | HWThread 88 | HWThread 89 | HWThread 90 | HWThread 91 | HWThread 92 | HWThread 93 | HWThread 94 | HWThread 95 |
+---------------------------+---------+-------------+-------------+-------------+-------------+-------------+-------------+-------------+-------------+-------------+-------------+-------------+-------------+-------------+-------------+-------------+-------------+-------------+-------------+-------------+-------------+-------------+-------------+-------------+-------------+-------------+-------------+-------------+-------------+-------------+-------------+-------------+-------------+-------------+-------------+-------------+-------------+-------------+-------------+-------------+-------------+-------------+-------------+-------------+-------------+-------------+-------------+-------------+-------------+-------------+-------------+-------------+-------------+-------------+-------------+-------------+-------------+-------------+-------------+-------------+-------------+-------------+-------------+-------------+-------------+-------------+-------------+-------------+-------------+-------------+-------------+-------------+-------------+-------------+-------------+-------------+-------------+-------------+-------------+-------------+-------------+-------------+-------------+-------------+-------------+-------------+-------------+-------------+-------------+-------------+-------------+-------------+-------------+-------------+-------------+-------------+-------------+
|      ACTUAL_CPU_CLOCK     |  FIXC1  |   592736600 |   592774300 |   592815500 |   592867100 |   592788000 |   592814400 |   592769000 |   592865900 |   593114000 |   593091400 |   593185700 |   592799900 |   592685400 |   592742700 |   592772600 |   593100800 |   593207700 |   593276600 |   593156800 |   593100500 |   593280100 |   592999800 |   593039300 |   593173000 |   593115200 |   592799500 |   592797700 |   593113800 |   592947100 |   592847400 |   593033300 |   593122700 |   592823200 |   592842100 |   592743500 |   592372800 |   592796700 |   592676600 |   592780600 |   592412000 |   592957500 |   593037500 |   592434200 |   593108600 |   593099300 |   592455900 |   592731100 |   593118000 |   592851000 |   592751000 |   592706500 |   592764000 |   592561100 |   592763000 |   592706000 |   592685100 |   592722700 |   592733200 |   592837200 |   592717600 |   592731100 |   592674700 |   592738300 |   592710700 |   592464500 |   592644800 |   592669700 |   592768400 |   592713700 |   592429900 |   592413600 |   592514400 |   592808900 |   593098700 |   593127100 |   593080300 |   593097700 |   593081000 |   593086900 |   592778800 |   593029000 |   593062500 |   593136400 |   593104600 |   592954100 |   593028000 |   593217700 |   593163900 |   592596200 |   592962000 |   592774800 |   592785600 |   593123400 |   592599800 |   593000600 |   592842400 |
|       MAX_CPU_CLOCK       |  FIXC2  |   748659600 |   748744800 |   748800300 |   749006900 |   748762800 |   749005900 |   749009000 |   748994900 |   749348200 |   749020300 |   749360800 |   748994600 |   748748400 |   748670300 |   749015300 |   749097300 |   749235200 |   749505600 |   749419500 |   749323800 |   749434500 |   749056200 |   748962900 |   749094000 |   749055400 |   749047200 |   748639200 |   749331300 |   749089600 |   749005500 |   749108600 |   749073000 |   748652300 |   748695700 |   748720400 |   748588300 |   748628600 |   748600400 |   748624600 |   748446000 |   748953300 |   749100000 |   748663200 |   749311500 |   749301900 |   748617900 |   748691800 |   749057700 |   748961700 |   748887200 |   748610200 |   749006000 |   748620700 |   748987700 |   748625500 |   748760700 |   748826200 |   748842000 |   748741000 |   748850800 |   748833300 |   748765800 |   748851000 |   748832000 |   748432000 |   748704800 |   748692600 |   749010400 |   748634000 |   748667000 |   748434500 |   748458200 |   748639400 |   749321400 |   749389200 |   749012000 |   749324900 |   749207600 |   749037900 |   748937800 |   748965400 |   749105400 |   749001900 |   749051400 |   748915800 |   748997300 |   749116200 |   749036300 |   748612500 |   749293900 |   748746400 |   748792100 |   749340700 |   748739300 |   749032600 |   748787400 |
|    RETIRED_INSTRUCTIONS   |   PMC0  |   742389900 |   742551900 |   742539600 |   742583100 |   742587800 |   742638900 |   742596800 |   742596700 |   742570200 |   742616000 |   742597300 |   742574200 |   742544300 |   742537500 |   742563100 |   742555400 |   742529100 |   742557400 |   742604100 |   742606700 |   742536400 |   742605700 |   742618700 |   742600000 |   742600000 |   742602200 |   742525100 |   742620900 |   742562200 |   742565800 |   742591000 |   742525800 |   742548600 |   742541500 |   742507800 |   742543400 |   742516200 |   742535600 |   742552200 |   742506200 |   742584100 |   742589400 |   742554900 |   742605400 |   742548400 |   742508800 |   742538900 |   742592400 |   742520500 |   742530500 |   742563000 |   742554200 |   742544400 |   742538200 |   742521500 |   742573300 |   742560300 |   742584100 |   742509100 |   742554400 |   742544200 |   742621000 |   742526600 |   742573900 |   742554100 |   742582600 |   742548500 |   742547700 |   742511000 |   742571900 |   742532300 |   742551200 |   742507200 |   742581400 |   742518000 |   742544800 |   742534000 |   742588500 |   742555800 |   742545000 |   742589200 |   742575600 |   742531300 |   742566800 |   742526400 |   742608100 |   742595300 |   742531000 |   742536900 |   742539300 |   742558400 |   742566800 |   742585900 |   742548900 |   742607700 |   742533300 |
|    CPU_CLOCKS_UNHALTED    |   PMC1  |   586290700 |   587158500 |   587279800 |   587245200 |   587268800 |   587553500 |   587332300 |   587335800 |   587156800 |   587417300 |   587307900 |   587184900 |   587020000 |   586982400 |   587116500 |   587089200 |   586956300 |   587114900 |   587362700 |   587395600 |   587011000 |   587384300 |   587445800 |   587346600 |   587325700 |   587346100 |   586946600 |   587453400 |   587136400 |   587149200 |   587295300 |   586934100 |   587037600 |   587001900 |   586808200 |   587007400 |   586852700 |   586962800 |   587063800 |   586804900 |   587235300 |   587263400 |   587071000 |   587355300 |   587035700 |   586824400 |   586987400 |   587293100 |   586884500 |   586940200 |   587114900 |   587076000 |   587021100 |   586989900 |   586885300 |   587185100 |   587081600 |   587210900 |   586795700 |   587049500 |   587003800 |   587426600 |   586973700 |   587171500 |   587080800 |   587229400 |   587054000 |   587027300 |   586882100 |   587166400 |   586967700 |   587065600 |   586812200 |   587223400 |   586869200 |   587022900 |   586951000 |   587268600 |   587086600 |   587027100 |   587260800 |   587182400 |   586939200 |   587133500 |   586917000 |   587366400 |   587305800 |   586944500 |   586964300 |   586981400 |   587086300 |   587136000 |   587244000 |   587040900 |   587357700 |   587039000 |
| RETIRED_SSE_AVX_FLOPS_ALL |   PMC2  | 18748800000 | 18748800000 | 18748800000 | 18748800000 | 18748800000 | 18748800000 | 18748800000 | 18748800000 | 18748800000 | 18748800000 | 18748800000 | 18748800000 | 18748800000 | 18748800000 | 18748800000 | 18748800000 | 18748800000 | 18748800000 | 18748800000 | 18748800000 | 18748800000 | 18748800000 | 18748800000 | 18748800000 | 18748800000 | 18748800000 | 18748800000 | 18748800000 | 18748800000 | 18748800000 | 18748800000 | 18748800000 | 18748800000 | 18748800000 | 18748800000 | 18748800000 | 18748800000 | 18748800000 | 18748800000 | 18748800000 | 18748800000 | 18748800000 | 18748800000 | 18748800000 | 18748800000 | 18748800000 | 18748800000 | 18748800000 | 18748800000 | 18748800000 | 18748800000 | 18748800000 | 18748800000 | 18748800000 | 18748800000 | 18748800000 | 18748800000 | 18748800000 | 18748800000 | 18748800000 | 18748800000 | 18748800000 | 18748800000 | 18748800000 | 18748800000 | 18748800000 | 18748800000 | 18748800000 | 18748800000 | 18748800000 | 18748800000 | 18748800000 | 18748800000 | 18748800000 | 18748800000 | 18748800000 | 18748800000 | 18748800000 | 18748800000 | 18748800000 | 18748800000 | 18748800000 | 18748800000 | 18748800000 | 18748800000 | 18748800000 | 18748800000 | 18748800000 | 18748800000 | 18748800000 | 18748800000 | 18748800000 | 18748800000 | 18748800000 | 18748800000 | 18748800000 |
|           MERGE           |   PMC3  |           0 |           0 |           0 |           0 |           0 |           0 |           0 |           0 |           0 |           0 |           0 |           0 |           0 |           0 |           0 |           0 |           0 |           0 |           0 |           0 |           0 |           0 |           0 |           0 |           0 |           0 |           0 |           0 |           0 |           0 |           0 |           0 |           0 |           0 |           0 |           0 |           0 |           0 |           0 |           0 |           0 |           0 |           0 |           0 |           0 |           0 |           0 |           0 |           0 |           0 |           0 |           0 |           0 |           0 |           0 |           0 |           0 |           0 |           0 |           0 |           0 |           0 |           0 |           0 |           0 |           0 |           0 |           0 |           0 |           0 |           0 |           0 |           0 |           0 |           0 |           0 |           0 |           0 |           0 |           0 |           0 |           0 |           0 |           0 |           0 |           0 |           0 |           0 |           0 |           0 |           0 |           0 |           0 |           0 |           0 |           0 |
+---------------------------+---------+-------------+-------------+-------------+-------------+-------------+-------------+-------------+-------------+-------------+-------------+-------------+-------------+-------------+-------------+-------------+-------------+-------------+-------------+-------------+-------------+-------------+-------------+-------------+-------------+-------------+-------------+-------------+-------------+-------------+-------------+-------------+-------------+-------------+-------------+-------------+-------------+-------------+-------------+-------------+-------------+-------------+-------------+-------------+-------------+-------------+-------------+-------------+-------------+-------------+-------------+-------------+-------------+-------------+-------------+-------------+-------------+-------------+-------------+-------------+-------------+-------------+-------------+-------------+-------------+-------------+-------------+-------------+-------------+-------------+-------------+-------------+-------------+-------------+-------------+-------------+-------------+-------------+-------------+-------------+-------------+-------------+-------------+-------------+-------------+-------------+-------------+-------------+-------------+-------------+-------------+-------------+-------------+-------------+-------------+-------------+-------------+

+--------------------------------+---------+---------------+-------------+-------------+--------------+
|              Event             | Counter |      Sum      |     Min     |     Max     |      Avg     |
+--------------------------------+---------+---------------+-------------+-------------+--------------+
|      ACTUAL_CPU_CLOCK STAT     |  FIXC1  |   56915136000 |   592372800 |   593280100 |    592866000 |
|       MAX_CPU_CLOCK STAT       |  FIXC2  |   71896714600 |   748432000 |   749505600 | 7.489241e+08 |
|    RETIRED_INSTRUCTIONS STAT   |   PMC0  |   71285661700 |   742389900 |   742638900 | 7.425590e+08 |
|    CPU_CLOCKS_UNHALTED STAT    |   PMC1  |   56362392300 |   586290700 |   587553500 | 5.871083e+08 |
| RETIRED_SSE_AVX_FLOPS_ALL STAT |   PMC2  | 1799884800000 | 18748800000 | 18748800000 |  18748800000 |
|           MERGE STAT           |   PMC3  |             0 |           0 |           0 |            0 |
+--------------------------------+---------+---------------+-------------+-------------+--------------+

+----------------------+------------+------------+------------+------------+------------+------------+------------+------------+------------+------------+-------------+-------------+-------------+-------------+-------------+-------------+-------------+-------------+-------------+-------------+-------------+-------------+-------------+-------------+-------------+-------------+-------------+-------------+-------------+-------------+-------------+-------------+-------------+-------------+-------------+-------------+-------------+-------------+-------------+-------------+-------------+-------------+-------------+-------------+-------------+-------------+-------------+-------------+-------------+-------------+-------------+-------------+-------------+-------------+-------------+-------------+-------------+-------------+-------------+-------------+-------------+-------------+-------------+-------------+-------------+-------------+-------------+-------------+-------------+-------------+-------------+-------------+-------------+-------------+-------------+-------------+-------------+-------------+-------------+-------------+-------------+-------------+-------------+-------------+-------------+-------------+-------------+-------------+-------------+-------------+-------------+-------------+-------------+-------------+-------------+-------------+
|        Metric        | HWThread 0 | HWThread 1 | HWThread 2 | HWThread 3 | HWThread 4 | HWThread 5 | HWThread 6 | HWThread 7 | HWThread 8 | HWThread 9 | HWThread 10 | HWThread 11 | HWThread 12 | HWThread 13 | HWThread 14 | HWThread 15 | HWThread 16 | HWThread 17 | HWThread 18 | HWThread 19 | HWThread 20 | HWThread 21 | HWThread 22 | HWThread 23 | HWThread 24 | HWThread 25 | HWThread 26 | HWThread 27 | HWThread 28 | HWThread 29 | HWThread 30 | HWThread 31 | HWThread 32 | HWThread 33 | HWThread 34 | HWThread 35 | HWThread 36 | HWThread 37 | HWThread 38 | HWThread 39 | HWThread 40 | HWThread 41 | HWThread 42 | HWThread 43 | HWThread 44 | HWThread 45 | HWThread 46 | HWThread 47 | HWThread 48 | HWThread 49 | HWThread 50 | HWThread 51 | HWThread 52 | HWThread 53 | HWThread 54 | HWThread 55 | HWThread 56 | HWThread 57 | HWThread 58 | HWThread 59 | HWThread 60 | HWThread 61 | HWThread 62 | HWThread 63 | HWThread 64 | HWThread 65 | HWThread 66 | HWThread 67 | HWThread 68 | HWThread 69 | HWThread 70 | HWThread 71 | HWThread 72 | HWThread 73 | HWThread 74 | HWThread 75 | HWThread 76 | HWThread 77 | HWThread 78 | HWThread 79 | HWThread 80 | HWThread 81 | HWThread 82 | HWThread 83 | HWThread 84 | HWThread 85 | HWThread 86 | HWThread 87 | HWThread 88 | HWThread 89 | HWThread 90 | HWThread 91 | HWThread 92 | HWThread 93 | HWThread 94 | HWThread 95 |
+----------------------+------------+------------+------------+------------+------------+------------+------------+------------+------------+------------+-------------+-------------+-------------+-------------+-------------+-------------+-------------+-------------+-------------+-------------+-------------+-------------+-------------+-------------+-------------+-------------+-------------+-------------+-------------+-------------+-------------+-------------+-------------+-------------+-------------+-------------+-------------+-------------+-------------+-------------+-------------+-------------+-------------+-------------+-------------+-------------+-------------+-------------+-------------+-------------+-------------+-------------+-------------+-------------+-------------+-------------+-------------+-------------+-------------+-------------+-------------+-------------+-------------+-------------+-------------+-------------+-------------+-------------+-------------+-------------+-------------+-------------+-------------+-------------+-------------+-------------+-------------+-------------+-------------+-------------+-------------+-------------+-------------+-------------+-------------+-------------+-------------+-------------+-------------+-------------+-------------+-------------+-------------+-------------+-------------+-------------+
|  Runtime (RDTSC) [s] |     0.3111 |     0.3112 |     0.3112 |     0.3112 |     0.3112 |     0.3113 |     0.3112 |     0.3113 |     0.3112 |     0.3113 |      0.3113 |      0.3113 |      0.3112 |      0.3111 |      0.3112 |      0.3112 |      0.3113 |      0.3114 |      0.3113 |      0.3113 |      0.3113 |      0.3114 |      0.3114 |      0.3113 |      0.3113 |      0.3113 |      0.3112 |      0.3114 |      0.3112 |      0.3113 |      0.3113 |      0.3111 |      0.3112 |      0.3112 |      0.3111 |      0.3112 |      0.3111 |      0.3111 |      0.3112 |      0.3111 |      0.3113 |      0.3113 |      0.3112 |      0.3114 |      0.3112 |      0.3111 |      0.3112 |      0.3114 |      0.3111 |      0.3111 |      0.3112 |      0.3112 |      0.3112 |      0.3112 |      0.3111 |      0.3112 |      0.3111 |      0.3112 |      0.3111 |      0.3111 |      0.3111 |      0.3113 |      0.3111 |      0.3112 |      0.3111 |      0.3112 |      0.3112 |      0.3111 |      0.3111 |      0.3112 |      0.3111 |      0.3111 |      0.3111 |      0.3113 |      0.3111 |      0.3113 |      0.3113 |      0.3114 |      0.3112 |      0.3112 |      0.3113 |      0.3112 |      0.3111 |      0.3112 |      0.3111 |      0.3113 |      0.3113 |      0.3111 |      0.3112 |      0.3112 |      0.3112 |      0.3112 |      0.3113 |      0.3112 |      0.3114 |      0.3112 |
| Runtime unhalted [s] |     0.2470 |     0.2470 |     0.2470 |     0.2470 |     0.2470 |     0.2470 |     0.2470 |     0.2470 |     0.2471 |     0.2471 |      0.2472 |      0.2470 |      0.2470 |      0.2470 |      0.2470 |      0.2471 |      0.2472 |      0.2472 |      0.2472 |      0.2471 |      0.2472 |      0.2471 |      0.2471 |      0.2472 |      0.2471 |      0.2470 |      0.2470 |      0.2471 |      0.2471 |      0.2470 |      0.2471 |      0.2471 |      0.2470 |      0.2470 |      0.2470 |      0.2468 |      0.2470 |      0.2470 |      0.2470 |      0.2468 |      0.2471 |      0.2471 |      0.2468 |      0.2471 |      0.2471 |      0.2469 |      0.2470 |      0.2471 |      0.2470 |      0.2470 |      0.2470 |      0.2470 |      0.2469 |      0.2470 |      0.2470 |      0.2470 |      0.2470 |      0.2470 |      0.2470 |      0.2470 |      0.2470 |      0.2470 |      0.2470 |      0.2470 |      0.2469 |      0.2469 |      0.2469 |      0.2470 |      0.2470 |      0.2468 |      0.2468 |      0.2469 |      0.2470 |      0.2471 |      0.2471 |      0.2471 |      0.2471 |      0.2471 |      0.2471 |      0.2470 |      0.2471 |      0.2471 |      0.2471 |      0.2471 |      0.2471 |      0.2471 |      0.2472 |      0.2472 |      0.2469 |      0.2471 |      0.2470 |      0.2470 |      0.2471 |      0.2469 |      0.2471 |      0.2470 |
|      Clock [MHz]     |  1900.1353 |  1900.0400 |  1900.0312 |  1899.6724 |  1900.0382 |  1899.5061 |  1899.3528 |  1899.6990 |  1899.5980 |  1900.3571 |   1899.7957 |   1899.4883 |   1899.7459 |   1900.1277 |   1899.3483 |   1900.1919 |   1900.1846 |   1899.7197 |   1899.5543 |   1899.6166 |   1899.9111 |   1899.9726 |   1900.3358 |   1900.4316 |   1900.3443 |   1899.3536 |   1900.3830 |   1899.6402 |   1899.7190 |   1899.6129 |   1899.9470 |   1900.3237 |   1900.4315 |   1900.3819 |   1900.0032 |   1899.1500 |   1900.4067 |   1900.0932 |   1900.3652 |   1899.6367 |   1900.0981 |   1899.9823 |   1899.1568 |   1899.6737 |   1899.6683 |   1899.3413 |   1900.0360 |   1900.3475 |   1899.7355 |   1899.6040 |   1900.1642 |   1899.3444 |   1899.6714 |   1899.3876 |   1900.1238 |   1899.7137 |   1899.6680 |   1899.6616 |   1900.2512 |   1899.5893 |   1899.6769 |   1899.6674 |   1899.6551 |   1899.6149 |   1899.8406 |   1899.7264 |   1899.8371 |   1899.3473 |   1900.1269 |   1899.1334 |   1899.6711 |   1899.9341 |   1900.4184 |   1899.6169 |   1899.5360 |   1900.3426 |   1899.6048 |   1899.8487 |   1900.2981 |   1899.5647 |   1900.2965 |   1900.0487 |   1900.5480 |   1900.3205 |   1900.1823 |   1900.2123 |   1900.5185 |   1900.5488 |   1899.8048 |   1899.2488 |   1900.0375 |   1899.9562 |   1899.6471 |   1899.4946 |   1900.0350 |   1900.1501 |
|          CPI         |     0.7897 |     0.7907 |     0.7909 |     0.7908 |     0.7908 |     0.7912 |     0.7909 |     0.7909 |     0.7907 |     0.7910 |      0.7909 |      0.7907 |      0.7906 |      0.7905 |      0.7907 |      0.7906 |      0.7905 |      0.7907 |      0.7909 |      0.7910 |      0.7905 |      0.7910 |      0.7910 |      0.7909 |      0.7909 |      0.7909 |      0.7905 |      0.7911 |      0.7907 |      0.7907 |      0.7909 |      0.7905 |      0.7906 |      0.7905 |      0.7903 |      0.7905 |      0.7904 |      0.7905 |      0.7906 |      0.7903 |      0.7908 |      0.7908 |      0.7906 |      0.7909 |      0.7906 |      0.7903 |      0.7905 |      0.7909 |      0.7904 |      0.7905 |      0.7907 |      0.7906 |      0.7906 |      0.7905 |      0.7904 |      0.7907 |      0.7906 |      0.7908 |      0.7903 |      0.7906 |      0.7905 |      0.7910 |      0.7905 |      0.7907 |      0.7906 |      0.7908 |      0.7906 |      0.7906 |      0.7904 |      0.7907 |      0.7905 |      0.7906 |      0.7903 |      0.7908 |      0.7904 |      0.7906 |      0.7905 |      0.7908 |      0.7906 |      0.7906 |      0.7908 |      0.7907 |      0.7905 |      0.7907 |      0.7904 |      0.7910 |      0.7909 |      0.7905 |      0.7905 |      0.7905 |      0.7906 |      0.7907 |      0.7908 |      0.7906 |      0.7909 |      0.7906 |
|     SP [MFLOP/s]     | 60258.5014 | 60240.4567 | 60241.7923 | 60240.8245 | 60245.5283 | 60219.4827 | 60244.5991 | 60236.9730 | 60238.7922 | 60217.9935 |  60219.0379 |  60236.4117 |  60246.4962 |  60258.0947 |  60241.3277 |  60241.4245 |  60218.0321 |  60215.8080 |  60219.4247 |  60218.8445 |  60224.7442 |  60217.6453 |  60210.5287 |  60218.4770 |  60222.1907 |  60219.6955 |  60242.7601 |  60216.6976 |  60241.6955 |  60237.0891 |  60218.5543 |  60257.3588 |  60242.7021 |  60249.2454 |  60264.4089 |  60248.8388 |  60259.2374 |  60257.2813 |  60241.1148 |  60265.7843 |  60222.1327 |  60219.5214 |  60242.9924 |  60212.1917 |  60240.9793 |  60259.2180 |  60241.5987 |  60214.7250 |  60264.1377 |  60265.6874 |  60245.5089 |  60245.6444 |  60251.6463 |  60252.2465 |  60262.1039 |  60240.5922 |  60256.9908 |  60240.0116 |  60257.4362 |  60259.3536 |  60257.9979 |  60221.8812 |  60257.9591 |  60241.3858 |  60256.9715 |  60239.6051 |  60256.1581 |  60257.5718 |  60266.1911 |  60241.9665 |  60262.6269 |  60257.5137 |  60259.7990 |  60223.7383 |  60259.1599 |  60235.0377 |  60220.9334 |  60216.3302 |  60237.7084 |  60239.1406 |  60228.2459 |  60239.6825 |  60258.2884 |  60240.2245 |  60258.5014 |  60220.2371 |  60218.9412 |  60258.8500 |  60255.2092 |  60253.9118 |  60240.1858 |  60238.4825 |  60222.8678 |  60241.3858 |  60212.6945 |  60239.6438 |
+----------------------+------------+------------+------------+------------+------------+------------+------------+------------+------------+------------+-------------+-------------+-------------+-------------+-------------+-------------+-------------+-------------+-------------+-------------+-------------+-------------+-------------+-------------+-------------+-------------+-------------+-------------+-------------+-------------+-------------+-------------+-------------+-------------+-------------+-------------+-------------+-------------+-------------+-------------+-------------+-------------+-------------+-------------+-------------+-------------+-------------+-------------+-------------+-------------+-------------+-------------+-------------+-------------+-------------+-------------+-------------+-------------+-------------+-------------+-------------+-------------+-------------+-------------+-------------+-------------+-------------+-------------+-------------+-------------+-------------+-------------+-------------+-------------+-------------+-------------+-------------+-------------+-------------+-------------+-------------+-------------+-------------+-------------+-------------+-------------+-------------+-------------+-------------+-------------+-------------+-------------+-------------+-------------+-------------+-------------+

+---------------------------+--------------+------------+------------+------------+
|           Metric          |      Sum     |     Min    |     Max    |     Avg    |
+---------------------------+--------------+------------+------------+------------+
|  Runtime (RDTSC) [s] STAT |      29.8766 |     0.3111 |     0.3114 |     0.3112 |
| Runtime unhalted [s] STAT |      23.7149 |     0.2468 |     0.2472 |     0.2470 |
|      Clock [MHz] STAT     |  182388.3761 |  1899.1334 |  1900.5488 |  1899.8789 |
|          CPI STAT         |      75.9029 |     0.7897 |     0.7912 |     0.7907 |
|     SP [MFLOP/s] STAT     | 5.783088e+06 | 60210.5287 | 60266.1911 | 60240.4963 |
+---------------------------+--------------+------------+------------+------------+

