--------------------------------------------------------------------------------
CPU name:	AMD EPYC 9654 96-Core Processor                
CPU type:	AMD K19 (Zen4) architecture
CPU clock:	2.40 GHz
--------------------------------------------------------------------------------
Allocate: Process running on hwthread 0 (Domain N) - Vector length 12000000/96000000 Offset 0 Alignment 512
Initialization: Each thread in domain initializes its own stream chunks
--------------------------------------------------------------------------------
LIKWID MICRO BENCHMARK
Test: peakflops
--------------------------------------------------------------------------------
Using 1 work groups
Using 192 threads
--------------------------------------------------------------------------------
Using Likwid Marker API
--------------------------------------------------------------------------------
Group: 0 Thread 0 Global Thread 0 running on hwthread 0 - Vector length 62500 Offset 0
Group: 0 Thread 1 Global Thread 1 running on hwthread 1 - Vector length 62500 Offset 62500
Group: 0 Thread 2 Global Thread 2 running on hwthread 2 - Vector length 62500 Offset 125000
Group: 0 Thread 3 Global Thread 3 running on hwthread 3 - Vector length 62500 Offset 187500
Group: 0 Thread 4 Global Thread 4 running on hwthread 4 - Vector length 62500 Offset 250000
Group: 0 Thread 5 Global Thread 5 running on hwthread 5 - Vector length 62500 Offset 312500
Group: 0 Thread 6 Global Thread 6 running on hwthread 6 - Vector length 62500 Offset 375000
Group: 0 Thread 7 Global Thread 7 running on hwthread 7 - Vector length 62500 Offset 437500
Group: 0 Thread 8 Global Thread 8 running on hwthread 8 - Vector length 62500 Offset 500000
Group: 0 Thread 9 Global Thread 9 running on hwthread 9 - Vector length 62500 Offset 562500
Group: 0 Thread 10 Global Thread 10 running on hwthread 10 - Vector length 62500 Offset 625000
Group: 0 Thread 11 Global Thread 11 running on hwthread 11 - Vector length 62500 Offset 687500
Group: 0 Thread 12 Global Thread 12 running on hwthread 12 - Vector length 62500 Offset 750000
Group: 0 Thread 13 Global Thread 13 running on hwthread 13 - Vector length 62500 Offset 812500
Group: 0 Thread 14 Global Thread 14 running on hwthread 14 - Vector length 62500 Offset 875000
Group: 0 Thread 15 Global Thread 15 running on hwthread 15 - Vector length 62500 Offset 937500
Group: 0 Thread 16 Global Thread 16 running on hwthread 16 - Vector length 62500 Offset 1000000
Group: 0 Thread 17 Global Thread 17 running on hwthread 17 - Vector length 62500 Offset 1062500
Group: 0 Thread 18 Global Thread 18 running on hwthread 18 - Vector length 62500 Offset 1125000
Group: 0 Thread 19 Global Thread 19 running on hwthread 19 - Vector length 62500 Offset 1187500
Group: 0 Thread 20 Global Thread 20 running on hwthread 20 - Vector length 62500 Offset 1250000
Group: 0 Thread 21 Global Thread 21 running on hwthread 21 - Vector length 62500 Offset 1312500
Group: 0 Thread 22 Global Thread 22 running on hwthread 22 - Vector length 62500 Offset 1375000
Group: 0 Thread 23 Global Thread 23 running on hwthread 23 - Vector length 62500 Offset 1437500
Group: 0 Thread 24 Global Thread 24 running on hwthread 24 - Vector length 62500 Offset 1500000
Group: 0 Thread 25 Global Thread 25 running on hwthread 25 - Vector length 62500 Offset 1562500
Group: 0 Thread 26 Global Thread 26 running on hwthread 26 - Vector length 62500 Offset 1625000
Group: 0 Thread 27 Global Thread 27 running on hwthread 27 - Vector length 62500 Offset 1687500
Group: 0 Thread 28 Global Thread 28 running on hwthread 28 - Vector length 62500 Offset 1750000
Group: 0 Thread 29 Global Thread 29 running on hwthread 29 - Vector length 62500 Offset 1812500
Group: 0 Thread 30 Global Thread 30 running on hwthread 30 - Vector length 62500 Offset 1875000
Group: 0 Thread 31 Global Thread 31 running on hwthread 31 - Vector length 62500 Offset 1937500
Group: 0 Thread 32 Global Thread 32 running on hwthread 32 - Vector length 62500 Offset 2000000
Group: 0 Thread 33 Global Thread 33 running on hwthread 33 - Vector length 62500 Offset 2062500
Group: 0 Thread 34 Global Thread 34 running on hwthread 34 - Vector length 62500 Offset 2125000
Group: 0 Thread 35 Global Thread 35 running on hwthread 35 - Vector length 62500 Offset 2187500
Group: 0 Thread 36 Global Thread 36 running on hwthread 36 - Vector length 62500 Offset 2250000
Group: 0 Thread 37 Global Thread 37 running on hwthread 37 - Vector length 62500 Offset 2312500
Group: 0 Thread 38 Global Thread 38 running on hwthread 38 - Vector length 62500 Offset 2375000
Group: 0 Thread 39 Global Thread 39 running on hwthread 39 - Vector length 62500 Offset 2437500
Group: 0 Thread 40 Global Thread 40 running on hwthread 40 - Vector length 62500 Offset 2500000
Group: 0 Thread 41 Global Thread 41 running on hwthread 41 - Vector length 62500 Offset 2562500
Group: 0 Thread 42 Global Thread 42 running on hwthread 42 - Vector length 62500 Offset 2625000
Group: 0 Thread 43 Global Thread 43 running on hwthread 43 - Vector length 62500 Offset 2687500
Group: 0 Thread 44 Global Thread 44 running on hwthread 44 - Vector length 62500 Offset 2750000
Group: 0 Thread 45 Global Thread 45 running on hwthread 45 - Vector length 62500 Offset 2812500
Group: 0 Thread 46 Global Thread 46 running on hwthread 46 - Vector length 62500 Offset 2875000
Group: 0 Thread 47 Global Thread 47 running on hwthread 47 - Vector length 62500 Offset 2937500
Group: 0 Thread 48 Global Thread 48 running on hwthread 48 - Vector length 62500 Offset 3000000
Group: 0 Thread 49 Global Thread 49 running on hwthread 49 - Vector length 62500 Offset 3062500
Group: 0 Thread 50 Global Thread 50 running on hwthread 50 - Vector length 62500 Offset 3125000
Group: 0 Thread 51 Global Thread 51 running on hwthread 51 - Vector length 62500 Offset 3187500
Group: 0 Thread 52 Global Thread 52 running on hwthread 52 - Vector length 62500 Offset 3250000
Group: 0 Thread 53 Global Thread 53 running on hwthread 53 - Vector length 62500 Offset 3312500
Group: 0 Thread 54 Global Thread 54 running on hwthread 54 - Vector length 62500 Offset 3375000
Group: 0 Thread 55 Global Thread 55 running on hwthread 55 - Vector length 62500 Offset 3437500
Group: 0 Thread 56 Global Thread 56 running on hwthread 56 - Vector length 62500 Offset 3500000
Group: 0 Thread 57 Global Thread 57 running on hwthread 57 - Vector length 62500 Offset 3562500
Group: 0 Thread 58 Global Thread 58 running on hwthread 58 - Vector length 62500 Offset 3625000
Group: 0 Thread 59 Global Thread 59 running on hwthread 59 - Vector length 62500 Offset 3687500
Group: 0 Thread 60 Global Thread 60 running on hwthread 60 - Vector length 62500 Offset 3750000
Group: 0 Thread 61 Global Thread 61 running on hwthread 61 - Vector length 62500 Offset 3812500
Group: 0 Thread 62 Global Thread 62 running on hwthread 62 - Vector length 62500 Offset 3875000
Group: 0 Thread 63 Global Thread 63 running on hwthread 63 - Vector length 62500 Offset 3937500
Group: 0 Thread 64 Global Thread 64 running on hwthread 64 - Vector length 62500 Offset 4000000
Group: 0 Thread 65 Global Thread 65 running on hwthread 65 - Vector length 62500 Offset 4062500
Group: 0 Thread 66 Global Thread 66 running on hwthread 66 - Vector length 62500 Offset 4125000
Group: 0 Thread 67 Global Thread 67 running on hwthread 67 - Vector length 62500 Offset 4187500
Group: 0 Thread 68 Global Thread 68 running on hwthread 68 - Vector length 62500 Offset 4250000
Group: 0 Thread 69 Global Thread 69 running on hwthread 69 - Vector length 62500 Offset 4312500
Group: 0 Thread 70 Global Thread 70 running on hwthread 70 - Vector length 62500 Offset 4375000
Group: 0 Thread 71 Global Thread 71 running on hwthread 71 - Vector length 62500 Offset 4437500
Group: 0 Thread 72 Global Thread 72 running on hwthread 72 - Vector length 62500 Offset 4500000
Group: 0 Thread 73 Global Thread 73 running on hwthread 73 - Vector length 62500 Offset 4562500
Group: 0 Thread 74 Global Thread 74 running on hwthread 74 - Vector length 62500 Offset 4625000
Group: 0 Thread 75 Global Thread 75 running on hwthread 75 - Vector length 62500 Offset 4687500
Group: 0 Thread 76 Global Thread 76 running on hwthread 76 - Vector length 62500 Offset 4750000
Group: 0 Thread 77 Global Thread 77 running on hwthread 77 - Vector length 62500 Offset 4812500
Group: 0 Thread 78 Global Thread 78 running on hwthread 78 - Vector length 62500 Offset 4875000
Group: 0 Thread 79 Global Thread 79 running on hwthread 79 - Vector length 62500 Offset 4937500
Group: 0 Thread 80 Global Thread 80 running on hwthread 80 - Vector length 62500 Offset 5000000
Group: 0 Thread 81 Global Thread 81 running on hwthread 81 - Vector length 62500 Offset 5062500
Group: 0 Thread 82 Global Thread 82 running on hwthread 82 - Vector length 62500 Offset 5125000
Group: 0 Thread 83 Global Thread 83 running on hwthread 83 - Vector length 62500 Offset 5187500
Group: 0 Thread 84 Global Thread 84 running on hwthread 84 - Vector length 62500 Offset 5250000
Group: 0 Thread 85 Global Thread 85 running on hwthread 85 - Vector length 62500 Offset 5312500
Group: 0 Thread 86 Global Thread 86 running on hwthread 86 - Vector length 62500 Offset 5375000
Group: 0 Thread 87 Global Thread 87 running on hwthread 87 - Vector length 62500 Offset 5437500
Group: 0 Thread 88 Global Thread 88 running on hwthread 88 - Vector length 62500 Offset 5500000
Group: 0 Thread 89 Global Thread 89 running on hwthread 89 - Vector length 62500 Offset 5562500
Group: 0 Thread 90 Global Thread 90 running on hwthread 90 - Vector length 62500 Offset 5625000
Group: 0 Thread 91 Global Thread 91 running on hwthread 91 - Vector length 62500 Offset 5687500
Group: 0 Thread 92 Global Thread 92 running on hwthread 92 - Vector length 62500 Offset 5750000
Group: 0 Thread 93 Global Thread 93 running on hwthread 93 - Vector length 62500 Offset 5812500
Group: 0 Thread 94 Global Thread 94 running on hwthread 94 - Vector length 62500 Offset 5875000
Group: 0 Thread 95 Global Thread 95 running on hwthread 95 - Vector length 62500 Offset 5937500
Group: 0 Thread 96 Global Thread 96 running on hwthread 96 - Vector length 62500 Offset 6000000
Group: 0 Thread 97 Global Thread 97 running on hwthread 97 - Vector length 62500 Offset 6062500
Group: 0 Thread 98 Global Thread 98 running on hwthread 98 - Vector length 62500 Offset 6125000
Group: 0 Thread 99 Global Thread 99 running on hwthread 99 - Vector length 62500 Offset 6187500
Group: 0 Thread 100 Global Thread 100 running on hwthread 100 - Vector length 62500 Offset 6250000
Group: 0 Thread 101 Global Thread 101 running on hwthread 101 - Vector length 62500 Offset 6312500
Group: 0 Thread 102 Global Thread 102 running on hwthread 102 - Vector length 62500 Offset 6375000
Group: 0 Thread 103 Global Thread 103 running on hwthread 103 - Vector length 62500 Offset 6437500
Group: 0 Thread 104 Global Thread 104 running on hwthread 104 - Vector length 62500 Offset 6500000
Group: 0 Thread 105 Global Thread 105 running on hwthread 105 - Vector length 62500 Offset 6562500
Group: 0 Thread 106 Global Thread 106 running on hwthread 106 - Vector length 62500 Offset 6625000
Group: 0 Thread 107 Global Thread 107 running on hwthread 107 - Vector length 62500 Offset 6687500
Group: 0 Thread 108 Global Thread 108 running on hwthread 108 - Vector length 62500 Offset 6750000
Group: 0 Thread 109 Global Thread 109 running on hwthread 109 - Vector length 62500 Offset 6812500
Group: 0 Thread 110 Global Thread 110 running on hwthread 110 - Vector length 62500 Offset 6875000
Group: 0 Thread 111 Global Thread 111 running on hwthread 111 - Vector length 62500 Offset 6937500
Group: 0 Thread 112 Global Thread 112 running on hwthread 112 - Vector length 62500 Offset 7000000
Group: 0 Thread 113 Global Thread 113 running on hwthread 113 - Vector length 62500 Offset 7062500
Group: 0 Thread 114 Global Thread 114 running on hwthread 114 - Vector length 62500 Offset 7125000
Group: 0 Thread 115 Global Thread 115 running on hwthread 115 - Vector length 62500 Offset 7187500
Group: 0 Thread 116 Global Thread 116 running on hwthread 116 - Vector length 62500 Offset 7250000
Group: 0 Thread 117 Global Thread 117 running on hwthread 117 - Vector length 62500 Offset 7312500
Group: 0 Thread 118 Global Thread 118 running on hwthread 118 - Vector length 62500 Offset 7375000
Group: 0 Thread 119 Global Thread 119 running on hwthread 119 - Vector length 62500 Offset 7437500
Group: 0 Thread 120 Global Thread 120 running on hwthread 120 - Vector length 62500 Offset 7500000
Group: 0 Thread 121 Global Thread 121 running on hwthread 121 - Vector length 62500 Offset 7562500
Group: 0 Thread 122 Global Thread 122 running on hwthread 122 - Vector length 62500 Offset 7625000
Group: 0 Thread 123 Global Thread 123 running on hwthread 123 - Vector length 62500 Offset 7687500
Group: 0 Thread 124 Global Thread 124 running on hwthread 124 - Vector length 62500 Offset 7750000
Group: 0 Thread 125 Global Thread 125 running on hwthread 125 - Vector length 62500 Offset 7812500
Group: 0 Thread 126 Global Thread 126 running on hwthread 126 - Vector length 62500 Offset 7875000
Group: 0 Thread 127 Global Thread 127 running on hwthread 127 - Vector length 62500 Offset 7937500
Group: 0 Thread 128 Global Thread 128 running on hwthread 128 - Vector length 62500 Offset 8000000
Group: 0 Thread 129 Global Thread 129 running on hwthread 129 - Vector length 62500 Offset 8062500
Group: 0 Thread 130 Global Thread 130 running on hwthread 130 - Vector length 62500 Offset 8125000
Group: 0 Thread 131 Global Thread 131 running on hwthread 131 - Vector length 62500 Offset 8187500
Group: 0 Thread 132 Global Thread 132 running on hwthread 132 - Vector length 62500 Offset 8250000
Group: 0 Thread 133 Global Thread 133 running on hwthread 133 - Vector length 62500 Offset 8312500
Group: 0 Thread 134 Global Thread 134 running on hwthread 134 - Vector length 62500 Offset 8375000
Group: 0 Thread 135 Global Thread 135 running on hwthread 135 - Vector length 62500 Offset 8437500
Group: 0 Thread 136 Global Thread 136 running on hwthread 136 - Vector length 62500 Offset 8500000
Group: 0 Thread 137 Global Thread 137 running on hwthread 137 - Vector length 62500 Offset 8562500
Group: 0 Thread 138 Global Thread 138 running on hwthread 138 - Vector length 62500 Offset 8625000
Group: 0 Thread 139 Global Thread 139 running on hwthread 139 - Vector length 62500 Offset 8687500
Group: 0 Thread 140 Global Thread 140 running on hwthread 140 - Vector length 62500 Offset 8750000
Group: 0 Thread 141 Global Thread 141 running on hwthread 141 - Vector length 62500 Offset 8812500
Group: 0 Thread 142 Global Thread 142 running on hwthread 142 - Vector length 62500 Offset 8875000
Group: 0 Thread 143 Global Thread 143 running on hwthread 143 - Vector length 62500 Offset 8937500
Group: 0 Thread 144 Global Thread 144 running on hwthread 144 - Vector length 62500 Offset 9000000
Group: 0 Thread 145 Global Thread 145 running on hwthread 145 - Vector length 62500 Offset 9062500
Group: 0 Thread 146 Global Thread 146 running on hwthread 146 - Vector length 62500 Offset 9125000
Group: 0 Thread 147 Global Thread 147 running on hwthread 147 - Vector length 62500 Offset 9187500
Group: 0 Thread 148 Global Thread 148 running on hwthread 148 - Vector length 62500 Offset 9250000
Group: 0 Thread 149 Global Thread 149 running on hwthread 149 - Vector length 62500 Offset 9312500
Group: 0 Thread 150 Global Thread 150 running on hwthread 150 - Vector length 62500 Offset 9375000
Group: 0 Thread 151 Global Thread 151 running on hwthread 151 - Vector length 62500 Offset 9437500
Group: 0 Thread 152 Global Thread 152 running on hwthread 152 - Vector length 62500 Offset 9500000
Group: 0 Thread 153 Global Thread 153 running on hwthread 153 - Vector length 62500 Offset 9562500
Group: 0 Thread 154 Global Thread 154 running on hwthread 154 - Vector length 62500 Offset 9625000
Group: 0 Thread 155 Global Thread 155 running on hwthread 155 - Vector length 62500 Offset 9687500
Group: 0 Thread 156 Global Thread 156 running on hwthread 156 - Vector length 62500 Offset 9750000
Group: 0 Thread 157 Global Thread 157 running on hwthread 157 - Vector length 62500 Offset 9812500
Group: 0 Thread 158 Global Thread 158 running on hwthread 158 - Vector length 62500 Offset 9875000
Group: 0 Thread 159 Global Thread 159 running on hwthread 159 - Vector length 62500 Offset 9937500
Group: 0 Thread 160 Global Thread 160 running on hwthread 160 - Vector length 62500 Offset 10000000
Group: 0 Thread 161 Global Thread 161 running on hwthread 161 - Vector length 62500 Offset 10062500
Group: 0 Thread 162 Global Thread 162 running on hwthread 162 - Vector length 62500 Offset 10125000
Group: 0 Thread 163 Global Thread 163 running on hwthread 163 - Vector length 62500 Offset 10187500
Group: 0 Thread 164 Global Thread 164 running on hwthread 164 - Vector length 62500 Offset 10250000
Group: 0 Thread 165 Global Thread 165 running on hwthread 165 - Vector length 62500 Offset 10312500
Group: 0 Thread 166 Global Thread 166 running on hwthread 166 - Vector length 62500 Offset 10375000
Group: 0 Thread 167 Global Thread 167 running on hwthread 167 - Vector length 62500 Offset 10437500
Group: 0 Thread 168 Global Thread 168 running on hwthread 168 - Vector length 62500 Offset 10500000
Group: 0 Thread 169 Global Thread 169 running on hwthread 169 - Vector length 62500 Offset 10562500
Group: 0 Thread 170 Global Thread 170 running on hwthread 170 - Vector length 62500 Offset 10625000
Group: 0 Thread 171 Global Thread 171 running on hwthread 171 - Vector length 62500 Offset 10687500
Group: 0 Thread 172 Global Thread 172 running on hwthread 172 - Vector length 62500 Offset 10750000
Group: 0 Thread 173 Global Thread 173 running on hwthread 173 - Vector length 62500 Offset 10812500
Group: 0 Thread 174 Global Thread 174 running on hwthread 174 - Vector length 62500 Offset 10875000
Group: 0 Thread 175 Global Thread 175 running on hwthread 175 - Vector length 62500 Offset 10937500
Group: 0 Thread 176 Global Thread 176 running on hwthread 176 - Vector length 62500 Offset 11000000
Group: 0 Thread 177 Global Thread 177 running on hwthread 177 - Vector length 62500 Offset 11062500
Group: 0 Thread 178 Global Thread 178 running on hwthread 178 - Vector length 62500 Offset 11125000
Group: 0 Thread 179 Global Thread 179 running on hwthread 179 - Vector length 62500 Offset 11187500
Group: 0 Thread 180 Global Thread 180 running on hwthread 180 - Vector length 62500 Offset 11250000
Group: 0 Thread 181 Global Thread 181 running on hwthread 181 - Vector length 62500 Offset 11312500
Group: 0 Thread 182 Global Thread 182 running on hwthread 182 - Vector length 62500 Offset 11375000
Group: 0 Thread 183 Global Thread 183 running on hwthread 183 - Vector length 62500 Offset 11437500
Group: 0 Thread 184 Global Thread 184 running on hwthread 184 - Vector length 62500 Offset 11500000
Group: 0 Thread 185 Global Thread 185 running on hwthread 185 - Vector length 62500 Offset 11562500
Group: 0 Thread 186 Global Thread 186 running on hwthread 186 - Vector length 62500 Offset 11625000
Group: 0 Thread 187 Global Thread 187 running on hwthread 187 - Vector length 62500 Offset 11687500
Group: 0 Thread 188 Global Thread 188 running on hwthread 188 - Vector length 62500 Offset 11750000
Group: 0 Thread 189 Global Thread 189 running on hwthread 189 - Vector length 62500 Offset 11812500
Group: 0 Thread 190 Global Thread 190 running on hwthread 190 - Vector length 62500 Offset 11875000
Group: 0 Thread 191 Global Thread 191 running on hwthread 191 - Vector length 62500 Offset 11937500
--------------------------------------------------------------------------------
Cycles:			2400798048
CPU Clock:		2399982967
Cycle Clock:		2399982967
Time:			1.000340e+00 sec
Iterations:		960000
Iterations per thread:	5000
Inner loop executions:	62500
Size (Byte):		96000000
Size per thread:	500000
Number of Flops:	960000000000
MFlops/s:		959674.08
Data volume (Byte):	480000000000
MByte/s:		479837.04
Cycles per update:	0.040013
Cycles per cacheline:	0.320106
Loads per update:	1
Stores per update:	0
Load bytes per element:	8
Store bytes per elem.:	0
Instructions:		1200000000032
UOPs:			1140000000000
--------------------------------------------------------------------------------
Writing Likwid Marker API results to file /tmp/likwid_824781.txt
--------------------------------------------------------------------------------
Region bench, Group 1: FLOPS_DP
+-------------------+------------+------------+------------+------------+------------+------------+------------+------------+------------+------------+-------------+-------------+-------------+-------------+-------------+-------------+-------------+-------------+-------------+-------------+-------------+-------------+-------------+-------------+-------------+-------------+-------------+-------------+-------------+-------------+-------------+-------------+-------------+-------------+-------------+-------------+-------------+-------------+-------------+-------------+-------------+-------------+-------------+-------------+-------------+-------------+-------------+-------------+-------------+-------------+-------------+-------------+-------------+-------------+-------------+-------------+-------------+-------------+-------------+-------------+-------------+-------------+-------------+-------------+-------------+-------------+-------------+-------------+-------------+-------------+-------------+-------------+-------------+-------------+-------------+-------------+-------------+-------------+-------------+-------------+-------------+-------------+-------------+-------------+-------------+-------------+-------------+-------------+-------------+-------------+-------------+-------------+-------------+-------------+-------------+-------------+-------------+-------------+-------------+-------------+--------------+--------------+--------------+--------------+--------------+--------------+--------------+--------------+--------------+--------------+--------------+--------------+--------------+--------------+--------------+--------------+--------------+--------------+--------------+--------------+--------------+--------------+--------------+--------------+--------------+--------------+--------------+--------------+--------------+--------------+--------------+--------------+--------------+--------------+--------------+--------------+--------------+--------------+--------------+--------------+--------------+--------------+--------------+--------------+--------------+--------------+--------------+--------------+--------------+--------------+--------------+--------------+--------------+--------------+--------------+--------------+--------------+--------------+--------------+--------------+--------------+--------------+--------------+--------------+--------------+--------------+--------------+--------------+--------------+--------------+--------------+--------------+--------------+--------------+--------------+--------------+--------------+--------------+--------------+--------------+--------------+--------------+--------------+--------------+--------------+--------------+--------------+--------------+--------------+--------------+--------------+--------------+
|    Region Info    | HWThread 0 | HWThread 1 | HWThread 2 | HWThread 3 | HWThread 4 | HWThread 5 | HWThread 6 | HWThread 7 | HWThread 8 | HWThread 9 | HWThread 10 | HWThread 11 | HWThread 12 | HWThread 13 | HWThread 14 | HWThread 15 | HWThread 16 | HWThread 17 | HWThread 18 | HWThread 19 | HWThread 20 | HWThread 21 | HWThread 22 | HWThread 23 | HWThread 24 | HWThread 25 | HWThread 26 | HWThread 27 | HWThread 28 | HWThread 29 | HWThread 30 | HWThread 31 | HWThread 32 | HWThread 33 | HWThread 34 | HWThread 35 | HWThread 36 | HWThread 37 | HWThread 38 | HWThread 39 | HWThread 40 | HWThread 41 | HWThread 42 | HWThread 43 | HWThread 44 | HWThread 45 | HWThread 46 | HWThread 47 | HWThread 48 | HWThread 49 | HWThread 50 | HWThread 51 | HWThread 52 | HWThread 53 | HWThread 54 | HWThread 55 | HWThread 56 | HWThread 57 | HWThread 58 | HWThread 59 | HWThread 60 | HWThread 61 | HWThread 62 | HWThread 63 | HWThread 64 | HWThread 65 | HWThread 66 | HWThread 67 | HWThread 68 | HWThread 69 | HWThread 70 | HWThread 71 | HWThread 72 | HWThread 73 | HWThread 74 | HWThread 75 | HWThread 76 | HWThread 77 | HWThread 78 | HWThread 79 | HWThread 80 | HWThread 81 | HWThread 82 | HWThread 83 | HWThread 84 | HWThread 85 | HWThread 86 | HWThread 87 | HWThread 88 | HWThread 89 | HWThread 90 | HWThread 91 | HWThread 92 | HWThread 93 | HWThread 94 | HWThread 95 | HWThread 96 | HWThread 97 | HWThread 98 | HWThread 99 | HWThread 100 | HWThread 101 | HWThread 102 | HWThread 103 | HWThread 104 | HWThread 105 | HWThread 106 | HWThread 107 | HWThread 108 | HWThread 109 | HWThread 110 | HWThread 111 | HWThread 112 | HWThread 113 | HWThread 114 | HWThread 115 | HWThread 116 | HWThread 117 | HWThread 118 | HWThread 119 | HWThread 120 | HWThread 121 | HWThread 122 | HWThread 123 | HWThread 124 | HWThread 125 | HWThread 126 | HWThread 127 | HWThread 128 | HWThread 129 | HWThread 130 | HWThread 131 | HWThread 132 | HWThread 133 | HWThread 134 | HWThread 135 | HWThread 136 | HWThread 137 | HWThread 138 | HWThread 139 | HWThread 140 | HWThread 141 | HWThread 142 | HWThread 143 | HWThread 144 | HWThread 145 | HWThread 146 | HWThread 147 | HWThread 148 | HWThread 149 | HWThread 150 | HWThread 151 | HWThread 152 | HWThread 153 | HWThread 154 | HWThread 155 | HWThread 156 | HWThread 157 | HWThread 158 | HWThread 159 | HWThread 160 | HWThread 161 | HWThread 162 | HWThread 163 | HWThread 164 | HWThread 165 | HWThread 166 | HWThread 167 | HWThread 168 | HWThread 169 | HWThread 170 | HWThread 171 | HWThread 172 | HWThread 173 | HWThread 174 | HWThread 175 | HWThread 176 | HWThread 177 | HWThread 178 | HWThread 179 | HWThread 180 | HWThread 181 | HWThread 182 | HWThread 183 | HWThread 184 | HWThread 185 | HWThread 186 | HWThread 187 | HWThread 188 | HWThread 189 | HWThread 190 | HWThread 191 |
+-------------------+------------+------------+------------+------------+------------+------------+------------+------------+------------+------------+-------------+-------------+-------------+-------------+-------------+-------------+-------------+-------------+-------------+-------------+-------------+-------------+-------------+-------------+-------------+-------------+-------------+-------------+-------------+-------------+-------------+-------------+-------------+-------------+-------------+-------------+-------------+-------------+-------------+-------------+-------------+-------------+-------------+-------------+-------------+-------------+-------------+-------------+-------------+-------------+-------------+-------------+-------------+-------------+-------------+-------------+-------------+-------------+-------------+-------------+-------------+-------------+-------------+-------------+-------------+-------------+-------------+-------------+-------------+-------------+-------------+-------------+-------------+-------------+-------------+-------------+-------------+-------------+-------------+-------------+-------------+-------------+-------------+-------------+-------------+-------------+-------------+-------------+-------------+-------------+-------------+-------------+-------------+-------------+-------------+-------------+-------------+-------------+-------------+-------------+--------------+--------------+--------------+--------------+--------------+--------------+--------------+--------------+--------------+--------------+--------------+--------------+--------------+--------------+--------------+--------------+--------------+--------------+--------------+--------------+--------------+--------------+--------------+--------------+--------------+--------------+--------------+--------------+--------------+--------------+--------------+--------------+--------------+--------------+--------------+--------------+--------------+--------------+--------------+--------------+--------------+--------------+--------------+--------------+--------------+--------------+--------------+--------------+--------------+--------------+--------------+--------------+--------------+--------------+--------------+--------------+--------------+--------------+--------------+--------------+--------------+--------------+--------------+--------------+--------------+--------------+--------------+--------------+--------------+--------------+--------------+--------------+--------------+--------------+--------------+--------------+--------------+--------------+--------------+--------------+--------------+--------------+--------------+--------------+--------------+--------------+--------------+--------------+--------------+--------------+--------------+--------------+
| RDTSC Runtime [s] |   0.999700 |   0.999611 |   0.999654 |   0.999705 |   0.999683 |   0.999630 |   0.999661 |   1.000002 |   0.999957 |   0.999664 |    0.999825 |    0.999879 |    0.999869 |    0.999916 |    0.999885 |    0.999932 |    0.999689 |    0.999931 |    0.999945 |    0.999942 |    0.999953 |    0.999626 |    0.999618 |    0.999708 |    1.000194 |    1.000343 |    1.000314 |    1.000168 |    1.000314 |    1.000291 |    1.000135 |    1.000178 |    0.999661 |    0.999891 |    0.999625 |    0.999830 |    0.999863 |    0.999856 |    0.999857 |    0.999899 |    0.999839 |    0.999934 |    1.000148 |    0.999824 |    0.999933 |    1.000154 |    1.000006 |    0.999888 |    0.999616 |    0.999619 |    0.999663 |    0.999621 |    0.999950 |    0.999912 |    0.999915 |    0.999620 |    0.999962 |    0.999918 |    0.999964 |    0.999837 |    0.999948 |    0.999832 |    0.999950 |    0.999625 |    0.999893 |    0.999841 |    0.999697 |    0.999622 |    0.999613 |    0.999883 |    0.999916 |    0.999614 |    0.999928 |    1.000239 |    0.999853 |    0.999880 |    1.000206 |    0.999877 |    0.999922 |    0.999866 |    0.999638 |    0.999677 |    0.999651 |    0.999670 |    0.999681 |    0.999641 |    0.999641 |    0.999669 |    1.000143 |    0.999956 |    0.999932 |    0.999877 |    0.999873 |    0.999868 |    0.999874 |    0.999868 |    0.999692 |    0.999942 |    0.999677 |    0.999617 |     0.999628 |     0.999942 |     0.999659 |     0.999928 |     0.999918 |     0.999826 |     0.999701 |     0.999879 |     0.999648 |     0.999677 |     0.999919 |     0.999679 |     0.999638 |     0.999908 |     0.999635 |     0.999635 |     0.999640 |     0.999645 |     0.999665 |     0.999623 |     0.999904 |     0.999632 |     0.999643 |     0.999630 |     0.999622 |     0.999647 |     0.999635 |     0.999905 |     0.999611 |     0.999689 |     0.999935 |     0.999611 |     0.999896 |     0.999691 |     0.999618 |     0.999938 |     0.999630 |     0.999621 |     0.999621 |     0.999664 |     0.999625 |     0.999630 |     0.999631 |     0.999625 |     0.999930 |     0.999932 |     0.999627 |     0.999938 |     0.999668 |     0.999919 |     0.999621 |     0.999617 |     0.999648 |     0.999638 |     0.999710 |     0.999699 |     0.999617 |     0.999668 |     0.999673 |     0.999937 |     0.999619 |     0.999684 |     0.999647 |     0.999897 |     0.999635 |     0.999695 |     0.999898 |     0.999617 |     0.999687 |     0.999661 |     0.999654 |     0.999660 |     0.999688 |     0.999915 |     0.999657 |     0.999637 |     0.999710 |     0.999618 |     0.999647 |     0.999662 |     0.999662 |     0.999900 |     0.999637 |     0.999655 |     0.999619 |     0.999619 |     0.999678 |     0.999647 |     0.999678 |     0.999975 |     0.999682 |     0.999677 |
|     call count    |          1 |          1 |          1 |          1 |          1 |          1 |          1 |          1 |          1 |          1 |           1 |           1 |           1 |           1 |           1 |           1 |           1 |           1 |           1 |           1 |           1 |           1 |           1 |           1 |           1 |           1 |           1 |           1 |           1 |           1 |           1 |           1 |           1 |           1 |           1 |           1 |           1 |           1 |           1 |           1 |           1 |           1 |           1 |           1 |           1 |           1 |           1 |           1 |           1 |           1 |           1 |           1 |           1 |           1 |           1 |           1 |           1 |           1 |           1 |           1 |           1 |           1 |           1 |           1 |           1 |           1 |           1 |           1 |           1 |           1 |           1 |           1 |           1 |           1 |           1 |           1 |           1 |           1 |           1 |           1 |           1 |           1 |           1 |           1 |           1 |           1 |           1 |           1 |           1 |           1 |           1 |           1 |           1 |           1 |           1 |           1 |           1 |           1 |           1 |           1 |            1 |            1 |            1 |            1 |            1 |            1 |            1 |            1 |            1 |            1 |            1 |            1 |            1 |            1 |            1 |            1 |            1 |            1 |            1 |            1 |            1 |            1 |            1 |            1 |            1 |            1 |            1 |            1 |            1 |            1 |            1 |            1 |            1 |            1 |            1 |            1 |            1 |            1 |            1 |            1 |            1 |            1 |            1 |            1 |            1 |            1 |            1 |            1 |            1 |            1 |            1 |            1 |            1 |            1 |            1 |            1 |            1 |            1 |            1 |            1 |            1 |            1 |            1 |            1 |            1 |            1 |            1 |            1 |            1 |            1 |            1 |            1 |            1 |            1 |            1 |            1 |            1 |            1 |            1 |            1 |            1 |            1 |            1 |            1 |            1 |            1 |            1 |            1 |            1 |            1 |            1 |            1 |
+-------------------+------------+------------+------------+------------+------------+------------+------------+------------+------------+------------+-------------+-------------+-------------+-------------+-------------+-------------+-------------+-------------+-------------+-------------+-------------+-------------+-------------+-------------+-------------+-------------+-------------+-------------+-------------+-------------+-------------+-------------+-------------+-------------+-------------+-------------+-------------+-------------+-------------+-------------+-------------+-------------+-------------+-------------+-------------+-------------+-------------+-------------+-------------+-------------+-------------+-------------+-------------+-------------+-------------+-------------+-------------+-------------+-------------+-------------+-------------+-------------+-------------+-------------+-------------+-------------+-------------+-------------+-------------+-------------+-------------+-------------+-------------+-------------+-------------+-------------+-------------+-------------+-------------+-------------+-------------+-------------+-------------+-------------+-------------+-------------+-------------+-------------+-------------+-------------+-------------+-------------+-------------+-------------+-------------+-------------+-------------+-------------+-------------+-------------+--------------+--------------+--------------+--------------+--------------+--------------+--------------+--------------+--------------+--------------+--------------+--------------+--------------+--------------+--------------+--------------+--------------+--------------+--------------+--------------+--------------+--------------+--------------+--------------+--------------+--------------+--------------+--------------+--------------+--------------+--------------+--------------+--------------+--------------+--------------+--------------+--------------+--------------+--------------+--------------+--------------+--------------+--------------+--------------+--------------+--------------+--------------+--------------+--------------+--------------+--------------+--------------+--------------+--------------+--------------+--------------+--------------+--------------+--------------+--------------+--------------+--------------+--------------+--------------+--------------+--------------+--------------+--------------+--------------+--------------+--------------+--------------+--------------+--------------+--------------+--------------+--------------+--------------+--------------+--------------+--------------+--------------+--------------+--------------+--------------+--------------+--------------+--------------+--------------+--------------+--------------+--------------+

+---------------------------+---------+------------+------------+------------+------------+------------+------------+------------+------------+------------+------------+-------------+-------------+-------------+-------------+-------------+-------------+-------------+-------------+-------------+-------------+-------------+-------------+-------------+-------------+-------------+-------------+-------------+-------------+-------------+-------------+-------------+-------------+-------------+-------------+-------------+-------------+-------------+-------------+-------------+-------------+-------------+-------------+-------------+-------------+-------------+-------------+-------------+-------------+-------------+-------------+-------------+-------------+-------------+-------------+-------------+-------------+-------------+-------------+-------------+-------------+-------------+-------------+-------------+-------------+-------------+-------------+-------------+-------------+-------------+-------------+-------------+-------------+-------------+-------------+-------------+-------------+-------------+-------------+-------------+-------------+-------------+-------------+-------------+-------------+-------------+-------------+-------------+-------------+-------------+-------------+-------------+-------------+-------------+-------------+-------------+-------------+-------------+-------------+-------------+-------------+--------------+--------------+--------------+--------------+--------------+--------------+--------------+--------------+--------------+--------------+--------------+--------------+--------------+--------------+--------------+--------------+--------------+--------------+--------------+--------------+--------------+--------------+--------------+--------------+--------------+--------------+--------------+--------------+--------------+--------------+--------------+--------------+--------------+--------------+--------------+--------------+--------------+--------------+--------------+--------------+--------------+--------------+--------------+--------------+--------------+--------------+--------------+--------------+--------------+--------------+--------------+--------------+--------------+--------------+--------------+--------------+--------------+--------------+--------------+--------------+--------------+--------------+--------------+--------------+--------------+--------------+--------------+--------------+--------------+--------------+--------------+--------------+--------------+--------------+--------------+--------------+--------------+--------------+--------------+--------------+--------------+--------------+--------------+--------------+--------------+--------------+--------------+--------------+--------------+--------------+--------------+--------------+
|           Event           | Counter | HWThread 0 | HWThread 1 | HWThread 2 | HWThread 3 | HWThread 4 | HWThread 5 | HWThread 6 | HWThread 7 | HWThread 8 | HWThread 9 | HWThread 10 | HWThread 11 | HWThread 12 | HWThread 13 | HWThread 14 | HWThread 15 | HWThread 16 | HWThread 17 | HWThread 18 | HWThread 19 | HWThread 20 | HWThread 21 | HWThread 22 | HWThread 23 | HWThread 24 | HWThread 25 | HWThread 26 | HWThread 27 | HWThread 28 | HWThread 29 | HWThread 30 | HWThread 31 | HWThread 32 | HWThread 33 | HWThread 34 | HWThread 35 | HWThread 36 | HWThread 37 | HWThread 38 | HWThread 39 | HWThread 40 | HWThread 41 | HWThread 42 | HWThread 43 | HWThread 44 | HWThread 45 | HWThread 46 | HWThread 47 | HWThread 48 | HWThread 49 | HWThread 50 | HWThread 51 | HWThread 52 | HWThread 53 | HWThread 54 | HWThread 55 | HWThread 56 | HWThread 57 | HWThread 58 | HWThread 59 | HWThread 60 | HWThread 61 | HWThread 62 | HWThread 63 | HWThread 64 | HWThread 65 | HWThread 66 | HWThread 67 | HWThread 68 | HWThread 69 | HWThread 70 | HWThread 71 | HWThread 72 | HWThread 73 | HWThread 74 | HWThread 75 | HWThread 76 | HWThread 77 | HWThread 78 | HWThread 79 | HWThread 80 | HWThread 81 | HWThread 82 | HWThread 83 | HWThread 84 | HWThread 85 | HWThread 86 | HWThread 87 | HWThread 88 | HWThread 89 | HWThread 90 | HWThread 91 | HWThread 92 | HWThread 93 | HWThread 94 | HWThread 95 | HWThread 96 | HWThread 97 | HWThread 98 | HWThread 99 | HWThread 100 | HWThread 101 | HWThread 102 | HWThread 103 | HWThread 104 | HWThread 105 | HWThread 106 | HWThread 107 | HWThread 108 | HWThread 109 | HWThread 110 | HWThread 111 | HWThread 112 | HWThread 113 | HWThread 114 | HWThread 115 | HWThread 116 | HWThread 117 | HWThread 118 | HWThread 119 | HWThread 120 | HWThread 121 | HWThread 122 | HWThread 123 | HWThread 124 | HWThread 125 | HWThread 126 | HWThread 127 | HWThread 128 | HWThread 129 | HWThread 130 | HWThread 131 | HWThread 132 | HWThread 133 | HWThread 134 | HWThread 135 | HWThread 136 | HWThread 137 | HWThread 138 | HWThread 139 | HWThread 140 | HWThread 141 | HWThread 142 | HWThread 143 | HWThread 144 | HWThread 145 | HWThread 146 | HWThread 147 | HWThread 148 | HWThread 149 | HWThread 150 | HWThread 151 | HWThread 152 | HWThread 153 | HWThread 154 | HWThread 155 | HWThread 156 | HWThread 157 | HWThread 158 | HWThread 159 | HWThread 160 | HWThread 161 | HWThread 162 | HWThread 163 | HWThread 164 | HWThread 165 | HWThread 166 | HWThread 167 | HWThread 168 | HWThread 169 | HWThread 170 | HWThread 171 | HWThread 172 | HWThread 173 | HWThread 174 | HWThread 175 | HWThread 176 | HWThread 177 | HWThread 178 | HWThread 179 | HWThread 180 | HWThread 181 | HWThread 182 | HWThread 183 | HWThread 184 | HWThread 185 | HWThread 186 | HWThread 187 | HWThread 188 | HWThread 189 | HWThread 190 | HWThread 191 |
+---------------------------+---------+------------+------------+------------+------------+------------+------------+------------+------------+------------+------------+-------------+-------------+-------------+-------------+-------------+-------------+-------------+-------------+-------------+-------------+-------------+-------------+-------------+-------------+-------------+-------------+-------------+-------------+-------------+-------------+-------------+-------------+-------------+-------------+-------------+-------------+-------------+-------------+-------------+-------------+-------------+-------------+-------------+-------------+-------------+-------------+-------------+-------------+-------------+-------------+-------------+-------------+-------------+-------------+-------------+-------------+-------------+-------------+-------------+-------------+-------------+-------------+-------------+-------------+-------------+-------------+-------------+-------------+-------------+-------------+-------------+-------------+-------------+-------------+-------------+-------------+-------------+-------------+-------------+-------------+-------------+-------------+-------------+-------------+-------------+-------------+-------------+-------------+-------------+-------------+-------------+-------------+-------------+-------------+-------------+-------------+-------------+-------------+-------------+-------------+--------------+--------------+--------------+--------------+--------------+--------------+--------------+--------------+--------------+--------------+--------------+--------------+--------------+--------------+--------------+--------------+--------------+--------------+--------------+--------------+--------------+--------------+--------------+--------------+--------------+--------------+--------------+--------------+--------------+--------------+--------------+--------------+--------------+--------------+--------------+--------------+--------------+--------------+--------------+--------------+--------------+--------------+--------------+--------------+--------------+--------------+--------------+--------------+--------------+--------------+--------------+--------------+--------------+--------------+--------------+--------------+--------------+--------------+--------------+--------------+--------------+--------------+--------------+--------------+--------------+--------------+--------------+--------------+--------------+--------------+--------------+--------------+--------------+--------------+--------------+--------------+--------------+--------------+--------------+--------------+--------------+--------------+--------------+--------------+--------------+--------------+--------------+--------------+--------------+--------------+--------------+--------------+
|      ACTUAL_CPU_CLOCK     |  FIXC1  | 1902903000 | 1903351000 | 1903045000 | 1902900000 | 1903096000 | 1903063000 | 1902868000 | 1903861000 | 1904875000 | 1903829000 |  1904601000 |  1904751000 |  1904865000 |  1904595000 |  1904903000 |  1904589000 |  1902991000 |  1904419000 |  1904357000 |  1904353000 |  1904038000 |  1903769000 |  1903036000 |  1903423000 |  1904192000 |  1904345000 |  1904186000 |  1904181000 |  1904206000 |  1904192000 |  1904234000 |  1904195000 |  1903653000 |  1904270000 |  1903772000 |  1904662000 |  1903758000 |  1904709000 |  1904668000 |  1904650000 |  1904071000 |  1903813000 |  1903776000 |  1904050000 |  1904012000 |  1904139000 |  1904156000 |  1904098000 |  1903385000 |  1903407000 |  1903031000 |  1903424000 |  1903910000 |  1903902000 |  1903433000 |  1903433000 |  1903868000 |  1903655000 |  1903900000 |  1903866000 |  1903750000 |  1903861000 |  1903771000 |  1903127000 |  1903829000 |  1903838000 |  1903002000 |  1903014000 |  1903020000 |  1903875000 |  1903851000 |  1902987000 |  1904236000 |  1904240000 |  1904091000 |  1904168000 |  1904162000 |  1904185000 |  1904215000 |  1904138000 |  1903265000 |  1903311000 |  1902990000 |  1903372000 |  1903463000 |  1903367000 |  1903265000 |  1903365000 |  1904607000 |  1904853000 |  1904698000 |  1904309000 |  1904457000 |  1903836000 |  1904516000 |  1904574000 |  1903239000 |  1904313000 |  1904756000 |  1904824000 |   1903838000 |   1905310000 |   1904372000 |   1904572000 |   1904320000 |   1904282000 |   1903072000 |   1904422000 |   1903581000 |   1903685000 |   1904607000 |   1903820000 |   1903794000 |   1904342000 |   1903422000 |   1903668000 |   1903796000 |   1903469000 |   1903646000 |   1903647000 |   1904372000 |   1904630000 |   1903991000 |   1904634000 |   1903982000 |   1903735000 |   1904662000 |   1904073000 |   1903886000 |   1903374000 |   1903947000 |   1903620000 |   1904459000 |   1904065000 |   1903599000 |   1904202000 |   1903935000 |   1904584000 |   1904612000 |   1904688000 |   1903882000 |   1903899000 |   1904636000 |   1904554000 |   1905257000 |   1904416000 |   1903505000 |   1904579000 |   1904074000 |   1905259000 |   1903852000 |   1903962000 |   1903484000 |   1904629000 |   1904563000 |   1904022000 |   1904444000 |   1903794000 |   1904029000 |   1905314000 |   1903745000 |   1903473000 |   1903665000 |   1904037000 |   1904042000 |   1904368000 |   1905244000 |   1903741000 |   1904100000 |   1903581000 |   1903938000 |   1903441000 |   1903419000 |   1903857000 |   1903080000 |   1903315000 |   1903890000 |   1904474000 |   1904534000 |   1904768000 |   1904089000 |   1904450000 |   1903852000 |   1903939000 |   1904536000 |   1904178000 |   1904841000 |   1904670000 |   1904635000 |   1904662000 |   1904393000 |   1903583000 |
|       MAX_CPU_CLOCK       |  FIXC2  | 2403749000 | 2404624000 | 2403921000 | 2403748000 | 2403645000 | 2404030000 | 2403659000 | 2405662000 | 2405811000 | 2404899000 |  2405642000 |  2405739000 |  2405466000 |  2405643000 |  2405890000 |  2405605000 |  2404631000 |  2405364000 |  2405303000 |  2405300000 |  2405741000 |  2404171000 |  2404705000 |  2404716000 |  2406525000 |  2407097000 |  2406676000 |  2406608000 |  2405973000 |  2405589000 |  2406223000 |  2405732000 |  2404497000 |  2405814000 |  2404160000 |  2405687000 |  2404624000 |  2405721000 |  2405695000 |  2405666000 |  2405837000 |  2405657000 |  2405560000 |  2405770000 |  2405724000 |  2406623000 |  2406013000 |  2405965000 |  2404691000 |  2404717000 |  2404685000 |  2404723000 |  2405770000 |  2405743000 |  2405085000 |  2404721000 |  2404955000 |  2405526000 |  2405764000 |  2405671000 |  2405566000 |  2405713000 |  2405583000 |  2404996000 |  2405685000 |  2405674000 |  2404686000 |  2404683000 |  2404695000 |  2405716000 |  2405710000 |  2404669000 |  2406652000 |  2406639000 |  2405978000 |  2405817000 |  2406515000 |  2405574000 |  2405615000 |  2405485000 |  2404544000 |  2404610000 |  2404640000 |  2404680000 |  2404699000 |  2404578000 |  2404547000 |  2404632000 |  2405624000 |  2406332000 |  2405633000 |  2405813000 |  2405350000 |  2405688000 |  2405507000 |  2405515000 |  2404684000 |  2405881000 |  2405284000 |  2405411000 |   2404281000 |   2406428000 |   2405326000 |   2405588000 |   2405901000 |   2405801000 |   2404668000 |   2405403000 |   2405165000 |   2404756000 |   2405645000 |   2404801000 |   2404219000 |   2405871000 |   2404555000 |   2404616000 |   2404224000 |   2404626000 |   2404663000 |   2404588000 |   2405887000 |   2405087000 |   2404482000 |   2405062000 |   2404414000 |   2404903000 |   2405235000 |   2405853000 |   2404349000 |   2404896000 |   2405727000 |   2404689000 |   2405475000 |   2404647000 |   2404904000 |   2405842000 |   2404381000 |   2405013000 |   2405135000 |   2405334000 |   2404316000 |   2404342000 |   2405211000 |   2404940000 |   2406257000 |   2405326000 |   2404580000 |   2405604000 |   2404530000 |   2406218000 |   2404290000 |   2404380000 |   2404484000 |   2405234000 |   2404922000 |   2404508000 |   2405421000 |   2404241000 |   2404498000 |   2406478000 |   2404151000 |   2404805000 |   2404716000 |   2405793000 |   2404508000 |   2405396000 |   2406422000 |   2404126000 |   2404577000 |   2404662000 |   2404423000 |   2404760000 |   2404709000 |   2405671000 |   2404675000 |   2404598000 |   2404814000 |   2405335000 |   2405561000 |   2405326000 |   2404556000 |   2405464000 |   2404295000 |   2404395000 |   2405587000 |   2404637000 |   2405550000 |   2405310000 |   2405037000 |   2405702000 |   2405220000 |   2404733000 |
|    RETIRED_INSTRUCTIONS   |   PMC0  | 6251195000 | 6251995000 | 6251911000 | 6251993000 | 6250537000 | 6251025000 | 6250768000 | 6251212000 | 6251201000 | 6250957000 |  6251051000 |  6250916000 |  6250716000 |  6250961000 |  6251509000 |  6251770000 |  6251055000 |  6250951000 |  6251415000 |  6250880000 |  6251127000 |  6250919000 |  6251411000 |  6250882000 |  6251333000 |  6251136000 |  6251129000 |  6251415000 |  6251279000 |  6251516000 |  6251280000 |  6251817000 |  6250997000 |  6251594000 |  6250961000 |  6251860000 |  6251079000 |  6251334000 |  6251349000 |  6250945000 |  6250789000 |  6251239000 |  6251138000 |  6251149000 |  6251082000 |  6251314000 |  6251220000 |  6250964000 |  6251094000 |  6250972000 |  6251136000 |  6250944000 |  6251161000 |  6251050000 |  6251580000 |  6251039000 |  6251149000 |  6251784000 |  6251752000 |  6250881000 |  6250934000 |  6251732000 |  6251168000 |  6250989000 |  6251216000 |  6251084000 |  6251251000 |  6251884000 |  6251574000 |  6251154000 |  6251312000 |  6251178000 |  6250875000 |  6251123000 |  6251035000 |  6250810000 |  6251201000 |  6250991000 |  6251160000 |  6251266000 |  6251076000 |  6250987000 |  6251037000 |  6250789000 |  6251741000 |  6250589000 |  6251059000 |  6251185000 |  6251664000 |  6251016000 |  6251094000 |  6250852000 |  6251132000 |  6251003000 |  6251190000 |  6251043000 |  6251336000 |  6251086000 |  6250571000 |  6250397000 |   6250625000 |   6251158000 |   6250661000 |   6250584000 |   6250537000 |   6250558000 |   6250583000 |   6251199000 |   6250705000 |   6250546000 |   6250798000 |   6250412000 |   6250667000 |   6250564000 |   6251084000 |   6250406000 |   6250626000 |   6250840000 |   6251318000 |   6250518000 |   6250650000 |   6250723000 |   6251311000 |   6250671000 |   6250514000 |   6250713000 |   6250758000 |   6250538000 |   6250245000 |   6250813000 |   6251321000 |   6250385000 |   6250626000 |   6250736000 |   6250558000 |   6250565000 |   6251156000 |   6250737000 |   6250628000 |   6250332000 |   6251219000 |   6250480000 |   6250587000 |   6250462000 |   6250647000 |   6250525000 |   6250599000 |   6250465000 |   6251367000 |   6250548000 |   6250607000 |   6250424000 |   6250601000 |   6251241000 |   6250595000 |   6250447000 |   6250542000 |   6250810000 |   6250648000 |   6250626000 |   6250989000 |   6250431000 |   6250502000 |   6251037000 |   6250570000 |   6250631000 |   6250772000 |   6250548000 |   6250558000 |   6250407000 |   6250629000 |   6250299000 |   6250556000 |   6250550000 |   6250634000 |   6251076000 |   6251284000 |   6250457000 |   6250541000 |   6250365000 |   6251105000 |   6250255000 |   6250935000 |   6250460000 |   6250656000 |   6251142000 |   6250579000 |   6250465000 |   6251229000 |   6251522000 |   6251420000 |   6251355000 |
|    CPU_CLOCKS_UNHALTED    |   PMC1  | 1884748000 | 1887066000 | 1886708000 | 1887171000 | 1884398000 | 1887087000 | 1887018000 | 1887677000 | 1887229000 | 1886643000 |  1886872000 |  1886983000 |  1886943000 |  1887085000 |  1886984000 |  1887066000 |  1886403000 |  1887008000 |  1886954000 |  1887038000 |  1886918000 |  1886436000 |  1886305000 |  1886425000 |  1887751000 |  1887752000 |  1887469000 |  1887860000 |  1887905000 |  1887970000 |  1887565000 |  1887690000 |  1886255000 |  1886820000 |  1886253000 |  1886694000 |  1886812000 |  1886665000 |  1886616000 |  1886673000 |  1886670000 |  1886915000 |  1887229000 |  1886688000 |  1886950000 |  1887413000 |  1887054000 |  1886829000 |  1886843000 |  1886903000 |  1886813000 |  1886971000 |  1887241000 |  1887382000 |  1887299000 |  1887017000 |  1887269000 |  1887372000 |  1887257000 |  1887160000 |  1887324000 |  1887035000 |  1887090000 |  1886536000 |  1887485000 |  1887494000 |  1887132000 |  1887085000 |  1886969000 |  1887566000 |  1887528000 |  1887037000 |  1887075000 |  1887654000 |  1886964000 |  1886941000 |  1887518000 |  1886946000 |  1886866000 |  1886876000 |  1886738000 |  1886879000 |  1886620000 |  1886805000 |  1886798000 |  1886784000 |  1886655000 |  1886723000 |  1887501000 |  1887384000 |  1887125000 |  1887200000 |  1887094000 |  1887150000 |  1887070000 |  1887010000 |  1884414000 |  1884734000 |  1884269000 |  1884155000 |   1884287000 |   1884918000 |   1884139000 |   1884663000 |   1884833000 |   1884652000 |   1884461000 |   1884756000 |   1884323000 |   1884457000 |   1884888000 |   1884437000 |   1884216000 |   1884832000 |   1884351000 |   1884358000 |   1884333000 |   1884312000 |   1884396000 |   1884253000 |   1884693000 |   1883821000 |   1884085000 |   1883898000 |   1883748000 |   1884022000 |   1884042000 |   1884442000 |   1883766000 |   1883941000 |   1884285000 |   1883765000 |   1884414000 |   1884006000 |   1883825000 |   1884185000 |   1883761000 |   1883786000 |   1883913000 |   1884074000 |   1883757000 |   1883920000 |   1883958000 |   1884006000 |   1884516000 |   1884528000 |   1883922000 |   1884548000 |   1884009000 |   1884548000 |   1883859000 |   1883918000 |   1884189000 |   1884055000 |   1884163000 |   1884246000 |   1883852000 |   1884143000 |   1884132000 |   1884535000 |   1883880000 |   1883820000 |   1884010000 |   1884437000 |   1884169000 |   1884227000 |   1884578000 |   1884131000 |   1883968000 |   1883828000 |   1883700000 |   1883891000 |   1883891000 |   1884264000 |   1883779000 |   1883841000 |   1884136000 |   1884012000 |   1883991000 |   1884167000 |   1884022000 |   1884600000 |   1883966000 |   1884045000 |   1884087000 |   1883812000 |   1884097000 |   1884141000 |   1883959000 |   1884618000 |   1883925000 |   1883704000 |
| RETIRED_SSE_AVX_FLOPS_ALL |   PMC2  | 5000000000 | 5000000000 | 5000000000 | 5000000000 | 5000000000 | 5000000000 | 5000000000 | 5000000000 | 5000000000 | 5000000000 |  5000000000 |  5000000000 |  5000000000 |  5000000000 |  5000000000 |  5000000000 |  5000000000 |  5000000000 |  5000000000 |  5000000000 |  5000000000 |  5000000000 |  5000000000 |  5000000000 |  5000000000 |  5000000000 |  5000000000 |  5000000000 |  5000000000 |  5000000000 |  5000000000 |  5000000000 |  5000000000 |  5000000000 |  5000000000 |  5000000000 |  5000000000 |  5000000000 |  5000000000 |  5000000000 |  5000000000 |  5000000000 |  5000000000 |  5000000000 |  5000000000 |  5000000000 |  5000000000 |  5000000000 |  5000000000 |  5000000000 |  5000000000 |  5000000000 |  5000000000 |  5000000000 |  5000000000 |  5000000000 |  5000000000 |  5000000000 |  5000000000 |  5000000000 |  5000000000 |  5000000000 |  5000000000 |  5000000000 |  5000000000 |  5000000000 |  5000000000 |  5000000000 |  5000000000 |  5000000000 |  5000000000 |  5000000000 |  5000000000 |  5000000000 |  5000000000 |  5000000000 |  5000000000 |  5000000000 |  5000000000 |  5000000000 |  5000000000 |  5000000000 |  5000000000 |  5000000000 |  5000000000 |  5000000000 |  5000000000 |  5000000000 |  5000000000 |  5000000000 |  5000000000 |  5000000000 |  5000000000 |  5000000000 |  5000000000 |  5000000000 |  5000000000 |  5000000000 |  5000000000 |  5000000000 |   5000000000 |   5000000000 |   5000000000 |   5000000000 |   5000000000 |   5000000000 |   5000000000 |   5000000000 |   5000000000 |   5000000000 |   5000000000 |   5000000000 |   5000000000 |   5000000000 |   5000000000 |   5000000000 |   5000000000 |   5000000000 |   5000000000 |   5000000000 |   5000000000 |   5000000000 |   5000000000 |   5000000000 |   5000000000 |   5000000000 |   5000000000 |   5000000000 |   5000000000 |   5000000000 |   5000000000 |   5000000000 |   5000000000 |   5000000000 |   5000000000 |   5000000000 |   5000000000 |   5000000000 |   5000000000 |   5000000000 |   5000000000 |   5000000000 |   5000000000 |   5000000000 |   5000000000 |   5000000000 |   5000000000 |   5000000000 |   5000000000 |   5000000000 |   5000000000 |   5000000000 |   5000000000 |   5000000000 |   5000000000 |   5000000000 |   5000000000 |   5000000000 |   5000000000 |   5000000000 |   5000000000 |   5000000000 |   5000000000 |   5000000000 |   5000000000 |   5000000000 |   5000000000 |   5000000000 |   5000000000 |   5000000000 |   5000000000 |   5000000000 |   5000000000 |   5000000000 |   5000000000 |   5000000000 |   5000000000 |   5000000000 |   5000000000 |   5000000000 |   5000000000 |   5000000000 |   5000000000 |   5000000000 |   5000000000 |   5000000000 |   5000000000 |   5000000000 |   5000000000 |   5000000000 |   5000000000 |   5000000000 |
|           MERGE           |   PMC3  |          0 |          0 |          0 |          0 |          0 |          0 |          0 |          0 |          0 |          0 |           0 |           0 |           0 |           0 |           0 |           0 |           0 |           0 |           0 |           0 |           0 |           0 |           0 |           0 |           0 |           0 |           0 |           0 |           0 |           0 |           0 |           0 |           0 |           0 |           0 |           0 |           0 |           0 |           0 |           0 |           0 |           0 |           0 |           0 |           0 |           0 |           0 |           0 |           0 |           0 |           0 |           0 |           0 |           0 |           0 |           0 |           0 |           0 |           0 |           0 |           0 |           0 |           0 |           0 |           0 |           0 |           0 |           0 |           0 |           0 |           0 |           0 |           0 |           0 |           0 |           0 |           0 |           0 |           0 |           0 |           0 |           0 |           0 |           0 |           0 |           0 |           0 |           0 |           0 |           0 |           0 |           0 |           0 |           0 |           0 |           0 |           0 |           0 |           0 |           0 |            0 |            0 |            0 |            0 |            0 |            0 |            0 |            0 |            0 |            0 |            0 |            0 |            0 |            0 |            0 |            0 |            0 |            0 |            0 |            0 |            0 |            0 |            0 |            0 |            0 |            0 |            0 |            0 |            0 |            0 |            0 |            0 |            0 |            0 |            0 |            0 |            0 |            0 |            0 |            0 |            0 |            0 |            0 |            0 |            0 |            0 |            0 |            0 |            0 |            0 |            0 |            0 |            0 |            0 |            0 |            0 |            0 |            0 |            0 |            0 |            0 |            0 |            0 |            0 |            0 |            0 |            0 |            0 |            0 |            0 |            0 |            0 |            0 |            0 |            0 |            0 |            0 |            0 |            0 |            0 |            0 |            0 |            0 |            0 |            0 |            0 |            0 |            0 |            0 |            0 |            0 |            0 |
+---------------------------+---------+------------+------------+------------+------------+------------+------------+------------+------------+------------+------------+-------------+-------------+-------------+-------------+-------------+-------------+-------------+-------------+-------------+-------------+-------------+-------------+-------------+-------------+-------------+-------------+-------------+-------------+-------------+-------------+-------------+-------------+-------------+-------------+-------------+-------------+-------------+-------------+-------------+-------------+-------------+-------------+-------------+-------------+-------------+-------------+-------------+-------------+-------------+-------------+-------------+-------------+-------------+-------------+-------------+-------------+-------------+-------------+-------------+-------------+-------------+-------------+-------------+-------------+-------------+-------------+-------------+-------------+-------------+-------------+-------------+-------------+-------------+-------------+-------------+-------------+-------------+-------------+-------------+-------------+-------------+-------------+-------------+-------------+-------------+-------------+-------------+-------------+-------------+-------------+-------------+-------------+-------------+-------------+-------------+-------------+-------------+-------------+-------------+-------------+--------------+--------------+--------------+--------------+--------------+--------------+--------------+--------------+--------------+--------------+--------------+--------------+--------------+--------------+--------------+--------------+--------------+--------------+--------------+--------------+--------------+--------------+--------------+--------------+--------------+--------------+--------------+--------------+--------------+--------------+--------------+--------------+--------------+--------------+--------------+--------------+--------------+--------------+--------------+--------------+--------------+--------------+--------------+--------------+--------------+--------------+--------------+--------------+--------------+--------------+--------------+--------------+--------------+--------------+--------------+--------------+--------------+--------------+--------------+--------------+--------------+--------------+--------------+--------------+--------------+--------------+--------------+--------------+--------------+--------------+--------------+--------------+--------------+--------------+--------------+--------------+--------------+--------------+--------------+--------------+--------------+--------------+--------------+--------------+--------------+--------------+--------------+--------------+--------------+--------------+--------------+--------------+

+--------------------------------+---------+---------------+------------+------------+--------------+
|              Event             | Counter |      Sum      |     Min    |     Max    |      Avg     |
+--------------------------------+---------+---------------+------------+------------+--------------+
|      ACTUAL_CPU_CLOCK STAT     |  FIXC1  |  365569832000 | 1902868000 | 1905314000 | 1.904010e+09 |
|       MAX_CPU_CLOCK STAT       |  FIXC2  |  461796188000 | 2403645000 | 2407097000 | 2.405188e+09 |
|    RETIRED_INSTRUCTIONS STAT   |   PMC0  | 1200183370000 | 6250245000 | 6251995000 | 6.250955e+09 |
|    CPU_CLOCKS_UNHALTED STAT    |   PMC1  |  362032256000 | 1883700000 | 1887970000 | 1.885585e+09 |
| RETIRED_SSE_AVX_FLOPS_ALL STAT |   PMC2  |  960000000000 | 5000000000 | 5000000000 |   5000000000 |
|           MERGE STAT           |   PMC3  |             0 |          0 |          0 |            0 |
+--------------------------------+---------+---------------+------------+------------+--------------+

+----------------------+------------+------------+------------+------------+------------+------------+------------+------------+------------+------------+-------------+-------------+-------------+-------------+-------------+-------------+-------------+-------------+-------------+-------------+-------------+-------------+-------------+-------------+-------------+-------------+-------------+-------------+-------------+-------------+-------------+-------------+-------------+-------------+-------------+-------------+-------------+-------------+-------------+-------------+-------------+-------------+-------------+-------------+-------------+-------------+-------------+-------------+-------------+-------------+-------------+-------------+-------------+-------------+-------------+-------------+-------------+-------------+-------------+-------------+-------------+-------------+-------------+-------------+-------------+-------------+-------------+-------------+-------------+-------------+-------------+-------------+-------------+-------------+-------------+-------------+-------------+-------------+-------------+-------------+-------------+-------------+-------------+-------------+-------------+-------------+-------------+-------------+-------------+-------------+-------------+-------------+-------------+-------------+-------------+-------------+-------------+-------------+-------------+-------------+--------------+--------------+--------------+--------------+--------------+--------------+--------------+--------------+--------------+--------------+--------------+--------------+--------------+--------------+--------------+--------------+--------------+--------------+--------------+--------------+--------------+--------------+--------------+--------------+--------------+--------------+--------------+--------------+--------------+--------------+--------------+--------------+--------------+--------------+--------------+--------------+--------------+--------------+--------------+--------------+--------------+--------------+--------------+--------------+--------------+--------------+--------------+--------------+--------------+--------------+--------------+--------------+--------------+--------------+--------------+--------------+--------------+--------------+--------------+--------------+--------------+--------------+--------------+--------------+--------------+--------------+--------------+--------------+--------------+--------------+--------------+--------------+--------------+--------------+--------------+--------------+--------------+--------------+--------------+--------------+--------------+--------------+--------------+--------------+--------------+--------------+--------------+--------------+--------------+--------------+--------------+--------------+
|        Metric        | HWThread 0 | HWThread 1 | HWThread 2 | HWThread 3 | HWThread 4 | HWThread 5 | HWThread 6 | HWThread 7 | HWThread 8 | HWThread 9 | HWThread 10 | HWThread 11 | HWThread 12 | HWThread 13 | HWThread 14 | HWThread 15 | HWThread 16 | HWThread 17 | HWThread 18 | HWThread 19 | HWThread 20 | HWThread 21 | HWThread 22 | HWThread 23 | HWThread 24 | HWThread 25 | HWThread 26 | HWThread 27 | HWThread 28 | HWThread 29 | HWThread 30 | HWThread 31 | HWThread 32 | HWThread 33 | HWThread 34 | HWThread 35 | HWThread 36 | HWThread 37 | HWThread 38 | HWThread 39 | HWThread 40 | HWThread 41 | HWThread 42 | HWThread 43 | HWThread 44 | HWThread 45 | HWThread 46 | HWThread 47 | HWThread 48 | HWThread 49 | HWThread 50 | HWThread 51 | HWThread 52 | HWThread 53 | HWThread 54 | HWThread 55 | HWThread 56 | HWThread 57 | HWThread 58 | HWThread 59 | HWThread 60 | HWThread 61 | HWThread 62 | HWThread 63 | HWThread 64 | HWThread 65 | HWThread 66 | HWThread 67 | HWThread 68 | HWThread 69 | HWThread 70 | HWThread 71 | HWThread 72 | HWThread 73 | HWThread 74 | HWThread 75 | HWThread 76 | HWThread 77 | HWThread 78 | HWThread 79 | HWThread 80 | HWThread 81 | HWThread 82 | HWThread 83 | HWThread 84 | HWThread 85 | HWThread 86 | HWThread 87 | HWThread 88 | HWThread 89 | HWThread 90 | HWThread 91 | HWThread 92 | HWThread 93 | HWThread 94 | HWThread 95 | HWThread 96 | HWThread 97 | HWThread 98 | HWThread 99 | HWThread 100 | HWThread 101 | HWThread 102 | HWThread 103 | HWThread 104 | HWThread 105 | HWThread 106 | HWThread 107 | HWThread 108 | HWThread 109 | HWThread 110 | HWThread 111 | HWThread 112 | HWThread 113 | HWThread 114 | HWThread 115 | HWThread 116 | HWThread 117 | HWThread 118 | HWThread 119 | HWThread 120 | HWThread 121 | HWThread 122 | HWThread 123 | HWThread 124 | HWThread 125 | HWThread 126 | HWThread 127 | HWThread 128 | HWThread 129 | HWThread 130 | HWThread 131 | HWThread 132 | HWThread 133 | HWThread 134 | HWThread 135 | HWThread 136 | HWThread 137 | HWThread 138 | HWThread 139 | HWThread 140 | HWThread 141 | HWThread 142 | HWThread 143 | HWThread 144 | HWThread 145 | HWThread 146 | HWThread 147 | HWThread 148 | HWThread 149 | HWThread 150 | HWThread 151 | HWThread 152 | HWThread 153 | HWThread 154 | HWThread 155 | HWThread 156 | HWThread 157 | HWThread 158 | HWThread 159 | HWThread 160 | HWThread 161 | HWThread 162 | HWThread 163 | HWThread 164 | HWThread 165 | HWThread 166 | HWThread 167 | HWThread 168 | HWThread 169 | HWThread 170 | HWThread 171 | HWThread 172 | HWThread 173 | HWThread 174 | HWThread 175 | HWThread 176 | HWThread 177 | HWThread 178 | HWThread 179 | HWThread 180 | HWThread 181 | HWThread 182 | HWThread 183 | HWThread 184 | HWThread 185 | HWThread 186 | HWThread 187 | HWThread 188 | HWThread 189 | HWThread 190 | HWThread 191 |
+----------------------+------------+------------+------------+------------+------------+------------+------------+------------+------------+------------+-------------+-------------+-------------+-------------+-------------+-------------+-------------+-------------+-------------+-------------+-------------+-------------+-------------+-------------+-------------+-------------+-------------+-------------+-------------+-------------+-------------+-------------+-------------+-------------+-------------+-------------+-------------+-------------+-------------+-------------+-------------+-------------+-------------+-------------+-------------+-------------+-------------+-------------+-------------+-------------+-------------+-------------+-------------+-------------+-------------+-------------+-------------+-------------+-------------+-------------+-------------+-------------+-------------+-------------+-------------+-------------+-------------+-------------+-------------+-------------+-------------+-------------+-------------+-------------+-------------+-------------+-------------+-------------+-------------+-------------+-------------+-------------+-------------+-------------+-------------+-------------+-------------+-------------+-------------+-------------+-------------+-------------+-------------+-------------+-------------+-------------+-------------+-------------+-------------+-------------+--------------+--------------+--------------+--------------+--------------+--------------+--------------+--------------+--------------+--------------+--------------+--------------+--------------+--------------+--------------+--------------+--------------+--------------+--------------+--------------+--------------+--------------+--------------+--------------+--------------+--------------+--------------+--------------+--------------+--------------+--------------+--------------+--------------+--------------+--------------+--------------+--------------+--------------+--------------+--------------+--------------+--------------+--------------+--------------+--------------+--------------+--------------+--------------+--------------+--------------+--------------+--------------+--------------+--------------+--------------+--------------+--------------+--------------+--------------+--------------+--------------+--------------+--------------+--------------+--------------+--------------+--------------+--------------+--------------+--------------+--------------+--------------+--------------+--------------+--------------+--------------+--------------+--------------+--------------+--------------+--------------+--------------+--------------+--------------+--------------+--------------+--------------+--------------+--------------+--------------+--------------+--------------+
|  Runtime (RDTSC) [s] |     0.9997 |     0.9996 |     0.9997 |     0.9997 |     0.9997 |     0.9996 |     0.9997 |     1.0000 |     1.0000 |     0.9997 |      0.9998 |      0.9999 |      0.9999 |      0.9999 |      0.9999 |      0.9999 |      0.9997 |      0.9999 |      0.9999 |      0.9999 |      1.0000 |      0.9996 |      0.9996 |      0.9997 |      1.0002 |      1.0003 |      1.0003 |      1.0002 |      1.0003 |      1.0003 |      1.0001 |      1.0002 |      0.9997 |      0.9999 |      0.9996 |      0.9998 |      0.9999 |      0.9999 |      0.9999 |      0.9999 |      0.9998 |      0.9999 |      1.0001 |      0.9998 |      0.9999 |      1.0002 |      1.0000 |      0.9999 |      0.9996 |      0.9996 |      0.9997 |      0.9996 |      0.9999 |      0.9999 |      0.9999 |      0.9996 |      1.0000 |      0.9999 |      1.0000 |      0.9998 |      0.9999 |      0.9998 |      0.9999 |      0.9996 |      0.9999 |      0.9998 |      0.9997 |      0.9996 |      0.9996 |      0.9999 |      0.9999 |      0.9996 |      0.9999 |      1.0002 |      0.9999 |      0.9999 |      1.0002 |      0.9999 |      0.9999 |      0.9999 |      0.9996 |      0.9997 |      0.9997 |      0.9997 |      0.9997 |      0.9996 |      0.9996 |      0.9997 |      1.0001 |      1.0000 |      0.9999 |      0.9999 |      0.9999 |      0.9999 |      0.9999 |      0.9999 |      0.9997 |      0.9999 |      0.9997 |      0.9996 |       0.9996 |       0.9999 |       0.9997 |       0.9999 |       0.9999 |       0.9998 |       0.9997 |       0.9999 |       0.9996 |       0.9997 |       0.9999 |       0.9997 |       0.9996 |       0.9999 |       0.9996 |       0.9996 |       0.9996 |       0.9996 |       0.9997 |       0.9996 |       0.9999 |       0.9996 |       0.9996 |       0.9996 |       0.9996 |       0.9996 |       0.9996 |       0.9999 |       0.9996 |       0.9997 |       0.9999 |       0.9996 |       0.9999 |       0.9997 |       0.9996 |       0.9999 |       0.9996 |       0.9996 |       0.9996 |       0.9997 |       0.9996 |       0.9996 |       0.9996 |       0.9996 |       0.9999 |       0.9999 |       0.9996 |       0.9999 |       0.9997 |       0.9999 |       0.9996 |       0.9996 |       0.9996 |       0.9996 |       0.9997 |       0.9997 |       0.9996 |       0.9997 |       0.9997 |       0.9999 |       0.9996 |       0.9997 |       0.9996 |       0.9999 |       0.9996 |       0.9997 |       0.9999 |       0.9996 |       0.9997 |       0.9997 |       0.9997 |       0.9997 |       0.9997 |       0.9999 |       0.9997 |       0.9996 |       0.9997 |       0.9996 |       0.9996 |       0.9997 |       0.9997 |       0.9999 |       0.9996 |       0.9997 |       0.9996 |       0.9996 |       0.9997 |       0.9996 |       0.9997 |       1.0000 |       0.9997 |       0.9997 |
| Runtime unhalted [s] |     0.7929 |     0.7931 |     0.7929 |     0.7929 |     0.7930 |     0.7930 |     0.7929 |     0.7933 |     0.7937 |     0.7933 |      0.7936 |      0.7937 |      0.7937 |      0.7936 |      0.7937 |      0.7936 |      0.7929 |      0.7935 |      0.7935 |      0.7935 |      0.7934 |      0.7932 |      0.7929 |      0.7931 |      0.7934 |      0.7935 |      0.7934 |      0.7934 |      0.7934 |      0.7934 |      0.7934 |      0.7934 |      0.7932 |      0.7935 |      0.7932 |      0.7936 |      0.7932 |      0.7936 |      0.7936 |      0.7936 |      0.7934 |      0.7933 |      0.7932 |      0.7934 |      0.7933 |      0.7934 |      0.7934 |      0.7934 |      0.7931 |      0.7931 |      0.7929 |      0.7931 |      0.7933 |      0.7933 |      0.7931 |      0.7931 |      0.7933 |      0.7932 |      0.7933 |      0.7933 |      0.7932 |      0.7933 |      0.7932 |      0.7930 |      0.7933 |      0.7933 |      0.7929 |      0.7929 |      0.7929 |      0.7933 |      0.7933 |      0.7929 |      0.7934 |      0.7934 |      0.7934 |      0.7934 |      0.7934 |      0.7934 |      0.7934 |      0.7934 |      0.7930 |      0.7931 |      0.7929 |      0.7931 |      0.7931 |      0.7931 |      0.7930 |      0.7931 |      0.7936 |      0.7937 |      0.7936 |      0.7935 |      0.7935 |      0.7933 |      0.7936 |      0.7936 |      0.7930 |      0.7935 |      0.7937 |      0.7937 |       0.7933 |       0.7939 |       0.7935 |       0.7936 |       0.7935 |       0.7935 |       0.7930 |       0.7935 |       0.7932 |       0.7932 |       0.7936 |       0.7933 |       0.7933 |       0.7935 |       0.7931 |       0.7932 |       0.7933 |       0.7931 |       0.7932 |       0.7932 |       0.7935 |       0.7936 |       0.7933 |       0.7936 |       0.7933 |       0.7932 |       0.7936 |       0.7934 |       0.7933 |       0.7931 |       0.7933 |       0.7932 |       0.7935 |       0.7934 |       0.7932 |       0.7934 |       0.7933 |       0.7936 |       0.7936 |       0.7936 |       0.7933 |       0.7933 |       0.7936 |       0.7936 |       0.7939 |       0.7935 |       0.7931 |       0.7936 |       0.7934 |       0.7939 |       0.7933 |       0.7933 |       0.7931 |       0.7936 |       0.7936 |       0.7934 |       0.7935 |       0.7933 |       0.7934 |       0.7939 |       0.7932 |       0.7931 |       0.7932 |       0.7934 |       0.7934 |       0.7935 |       0.7939 |       0.7932 |       0.7934 |       0.7932 |       0.7933 |       0.7931 |       0.7931 |       0.7933 |       0.7930 |       0.7931 |       0.7933 |       0.7935 |       0.7936 |       0.7937 |       0.7934 |       0.7935 |       0.7933 |       0.7933 |       0.7936 |       0.7934 |       0.7937 |       0.7936 |       0.7936 |       0.7936 |       0.7935 |       0.7932 |
|      Clock [MHz]     |  1899.9134 |  1899.6692 |  1899.9192 |  1899.9112 |  1900.1883 |  1899.8510 |  1899.9496 |  1899.3583 |  1900.2522 |  1899.9290 |   1900.1123 |   1900.1854 |   1900.5148 |   1900.1056 |   1900.2177 |   1900.1296 |   1899.3043 |   1900.1503 |   1900.1367 |   1900.1351 |   1899.4725 |   1900.4444 |   1899.2908 |   1899.6683 |   1899.0073 |   1898.7085 |   1898.8821 |   1898.9308 |   1899.4569 |   1899.7461 |   1899.2875 |   1899.6362 |   1900.0709 |   1899.6463 |   1900.4561 |   1900.1376 |   1900.0754 |   1900.1577 |   1900.1373 |   1900.1423 |   1899.4296 |   1899.3143 |   1899.3540 |   1899.4616 |   1899.4600 |   1898.8771 |   1899.3755 |   1899.3555 |   1899.6502 |   1899.6516 |   1899.3016 |   1899.6638 |   1899.3219 |   1899.3352 |   1899.3869 |   1899.6744 |   1899.9236 |   1899.2601 |   1899.3167 |   1899.3562 |   1899.3233 |   1899.3180 |   1899.3309 |   1899.1518 |   1899.3082 |   1899.3259 |   1899.2719 |   1899.2862 |   1899.2827 |   1899.3296 |   1899.3104 |   1899.2703 |   1898.9509 |   1898.9652 |   1899.3382 |   1899.5422 |   1898.9852 |   1899.7510 |   1899.7486 |   1899.7744 |   1899.6465 |   1899.6403 |   1899.2962 |   1899.6459 |   1899.7217 |   1899.7215 |   1899.6442 |   1899.6768 |   1900.1325 |   1899.8188 |   1900.2162 |   1899.6860 |   1900.1993 |   1899.3128 |   1900.1342 |   1900.1857 |   1899.5100 |   1899.6363 |   1900.5498 |   1900.5173 |    1900.4263 |    1900.1988 |    1900.1335 |    1900.1261 |    1899.6275 |    1899.6685 |    1899.3559 |    1900.1225 |    1899.4714 |    1899.8982 |    1900.1159 |    1899.9974 |    1900.4314 |    1899.6731 |    1899.7945 |    1899.9919 |    1900.4294 |    1899.7854 |    1899.9328 |    1899.9930 |    1899.6904 |    1900.5797 |    1900.4202 |    1900.6035 |    1900.4649 |    1899.8320 |    1900.4947 |    1899.4190 |    1900.4205 |    1899.4773 |    1899.3928 |    1899.8863 |    1900.1026 |    1900.3636 |    1899.6955 |    1899.5563 |    1900.4441 |    1900.5923 |    1900.5238 |    1900.4424 |    1900.4426 |    1900.4390 |    1900.4877 |    1900.6201 |    1900.2810 |    1900.1774 |    1899.8576 |    1900.1204 |    1900.4651 |    1900.3138 |    1900.4332 |    1900.4718 |    1899.9125 |    1900.4626 |    1900.6433 |    1900.4305 |    1900.1303 |    1900.4140 |    1900.4454 |    1900.1633 |    1900.4362 |    1899.6479 |    1899.9099 |    1899.4304 |    1900.4505 |    1900.0742 |    1900.1377 |    1900.4520 |    1900.4539 |    1899.8687 |    1900.4139 |    1899.6515 |    1899.6699 |    1899.3472 |    1899.3584 |    1899.6538 |    1900.0570 |    1900.2281 |    1900.1095 |    1900.5286 |    1900.4595 |    1900.1023 |    1900.4292 |    1900.4370 |    1900.0909 |    1900.4843 |    1900.4244 |    1900.4434 |    1900.6242 |    1900.1258 |    1900.2382 |    1899.8146 |
|          CPI         |     0.3015 |     0.3018 |     0.3018 |     0.3019 |     0.3015 |     0.3019 |     0.3019 |     0.3020 |     0.3019 |     0.3018 |      0.3018 |      0.3019 |      0.3019 |      0.3019 |      0.3018 |      0.3018 |      0.3018 |      0.3019 |      0.3018 |      0.3019 |      0.3019 |      0.3018 |      0.3017 |      0.3018 |      0.3020 |      0.3020 |      0.3019 |      0.3020 |      0.3020 |      0.3020 |      0.3019 |      0.3019 |      0.3018 |      0.3018 |      0.3018 |      0.3018 |      0.3018 |      0.3018 |      0.3018 |      0.3018 |      0.3018 |      0.3018 |      0.3019 |      0.3018 |      0.3019 |      0.3019 |      0.3019 |      0.3018 |      0.3018 |      0.3019 |      0.3018 |      0.3019 |      0.3019 |      0.3019 |      0.3019 |      0.3019 |      0.3019 |      0.3019 |      0.3019 |      0.3019 |      0.3019 |      0.3018 |      0.3019 |      0.3018 |      0.3019 |      0.3019 |      0.3019 |      0.3018 |      0.3018 |      0.3020 |      0.3019 |      0.3019 |      0.3019 |      0.3020 |      0.3019 |      0.3019 |      0.3019 |      0.3019 |      0.3018 |      0.3018 |      0.3018 |      0.3019 |      0.3018 |      0.3019 |      0.3018 |      0.3019 |      0.3018 |      0.3018 |      0.3019 |      0.3019 |      0.3019 |      0.3019 |      0.3019 |      0.3019 |      0.3019 |      0.3019 |      0.3014 |      0.3015 |      0.3015 |      0.3014 |       0.3015 |       0.3015 |       0.3014 |       0.3015 |       0.3015 |       0.3015 |       0.3015 |       0.3015 |       0.3015 |       0.3015 |       0.3015 |       0.3015 |       0.3014 |       0.3015 |       0.3014 |       0.3015 |       0.3015 |       0.3014 |       0.3014 |       0.3015 |       0.3015 |       0.3014 |       0.3014 |       0.3014 |       0.3014 |       0.3014 |       0.3014 |       0.3015 |       0.3014 |       0.3014 |       0.3014 |       0.3014 |       0.3015 |       0.3014 |       0.3014 |       0.3014 |       0.3013 |       0.3014 |       0.3014 |       0.3014 |       0.3013 |       0.3014 |       0.3014 |       0.3014 |       0.3015 |       0.3015 |       0.3014 |       0.3015 |       0.3014 |       0.3015 |       0.3014 |       0.3014 |       0.3014 |       0.3014 |       0.3014 |       0.3015 |       0.3014 |       0.3014 |       0.3014 |       0.3015 |       0.3014 |       0.3014 |       0.3014 |       0.3015 |       0.3014 |       0.3014 |       0.3015 |       0.3014 |       0.3014 |       0.3014 |       0.3014 |       0.3014 |       0.3014 |       0.3015 |       0.3014 |       0.3014 |       0.3014 |       0.3014 |       0.3014 |       0.3014 |       0.3014 |       0.3015 |       0.3014 |       0.3014 |       0.3014 |       0.3014 |       0.3014 |       0.3014 |       0.3014 |       0.3015 |       0.3014 |       0.3013 |
|     DP [MFLOP/s]     |  5001.5005 |  5001.9458 |  5001.7321 |  5001.4734 |  5001.5845 |  5001.8517 |  5001.6951 |  4999.9900 |  5000.2145 |  5001.6801 |   5000.8732 |   5000.6076 |   5000.6561 |   5000.4195 |   5000.5736 |   5000.3410 |   5001.5540 |   5000.3460 |   5000.2745 |   5000.2915 |   5000.2350 |   5001.8697 |   5001.9087 |   5001.4594 |   4999.0302 |   4998.2856 |   4998.4305 |   4999.1601 |   4998.4305 |   4998.5454 |   4999.3251 |   4999.1102 |   5001.6976 |   5000.5436 |   5001.8772 |   5000.8481 |   5000.6856 |   5000.7206 |   5000.7161 |   5000.5041 |   5000.8046 |   5000.3275 |   4999.2601 |   5000.8807 |   5000.3355 |   4999.2301 |   4999.9700 |   5000.5626 |   5001.9212 |   5001.9032 |   5001.6841 |   5001.8952 |   5000.2515 |   5000.4410 |   5000.4235 |   5001.9017 |   5000.1910 |   5000.4115 |   5000.1805 |   5000.8176 |   5000.2590 |   5000.8386 |   5000.2525 |   5001.8742 |   5000.5341 |   5000.7956 |   5001.5155 |   5001.8892 |   5001.9383 |   5000.5851 |   5000.4190 |   5001.9322 |   5000.3590 |   4998.8053 |   5000.7326 |   5000.6006 |   4998.9702 |   5000.6146 |   5000.3900 |   5000.6706 |   5001.8102 |   5001.6160 |   5001.7461 |   5001.6495 |   5001.5965 |   5001.7951 |   5001.7956 |   5001.6545 |   4999.2851 |   5000.2210 |   5000.3390 |   5000.6131 |   5000.6356 |   5000.6606 |   5000.6316 |   5000.6581 |   5001.5425 |   5000.2880 |   5001.6150 |   5001.9142 |    5001.8632 |    5000.2920 |    5001.7071 |    5000.3575 |    5000.4100 |    5000.8712 |    5001.4969 |    5000.6071 |    5001.7596 |    5001.6175 |    5000.4040 |    5001.6065 |    5001.8122 |    5000.4595 |    5001.8262 |    5001.8247 |    5001.8011 |    5001.7761 |    5001.6731 |    5001.8832 |    5000.4775 |    5001.8407 |    5001.7851 |    5001.8482 |    5001.8932 |    5001.7676 |    5001.8252 |    5000.4770 |    5001.9478 |    5001.5560 |    5000.3250 |    5001.9443 |    5000.5221 |    5001.5470 |    5001.9127 |    5000.3080 |    5001.8492 |    5001.8952 |    5001.8972 |    5001.6806 |    5001.8752 |    5001.8507 |    5001.8457 |    5001.8737 |    5000.3505 |    5000.3405 |    5001.8647 |    5000.3090 |    5001.6596 |    5000.4055 |    5001.8977 |    5001.9137 |    5001.7586 |    5001.8097 |    5001.4509 |    5001.5070 |    5001.9182 |    5001.6585 |    5001.6360 |    5000.3170 |    5001.9047 |    5001.5825 |    5001.7641 |    5000.5141 |    5001.8277 |    5001.5235 |    5000.5106 |    5001.9147 |    5001.5660 |    5001.6956 |    5001.7326 |    5001.7006 |    5001.5620 |    5000.4240 |    5001.7171 |    5001.8137 |    5001.4519 |    5001.9097 |    5001.7651 |    5001.6916 |    5001.6911 |    5000.5011 |    5001.8132 |    5001.7261 |    5001.9057 |    5001.9062 |    5001.6120 |    5001.7641 |    5001.6120 |    5000.1245 |    5001.5885 |    5001.6140 |
+----------------------+------------+------------+------------+------------+------------+------------+------------+------------+------------+------------+-------------+-------------+-------------+-------------+-------------+-------------+-------------+-------------+-------------+-------------+-------------+-------------+-------------+-------------+-------------+-------------+-------------+-------------+-------------+-------------+-------------+-------------+-------------+-------------+-------------+-------------+-------------+-------------+-------------+-------------+-------------+-------------+-------------+-------------+-------------+-------------+-------------+-------------+-------------+-------------+-------------+-------------+-------------+-------------+-------------+-------------+-------------+-------------+-------------+-------------+-------------+-------------+-------------+-------------+-------------+-------------+-------------+-------------+-------------+-------------+-------------+-------------+-------------+-------------+-------------+-------------+-------------+-------------+-------------+-------------+-------------+-------------+-------------+-------------+-------------+-------------+-------------+-------------+-------------+-------------+-------------+-------------+-------------+-------------+-------------+-------------+-------------+-------------+-------------+-------------+--------------+--------------+--------------+--------------+--------------+--------------+--------------+--------------+--------------+--------------+--------------+--------------+--------------+--------------+--------------+--------------+--------------+--------------+--------------+--------------+--------------+--------------+--------------+--------------+--------------+--------------+--------------+--------------+--------------+--------------+--------------+--------------+--------------+--------------+--------------+--------------+--------------+--------------+--------------+--------------+--------------+--------------+--------------+--------------+--------------+--------------+--------------+--------------+--------------+--------------+--------------+--------------+--------------+--------------+--------------+--------------+--------------+--------------+--------------+--------------+--------------+--------------+--------------+--------------+--------------+--------------+--------------+--------------+--------------+--------------+--------------+--------------+--------------+--------------+--------------+--------------+--------------+--------------+--------------+--------------+--------------+--------------+--------------+--------------+--------------+--------------+--------------+--------------+--------------+--------------+--------------+--------------+

+---------------------------+-------------+-----------+-----------+-----------+
|           Metric          |     Sum     |    Min    |    Max    |    Avg    |
+---------------------------+-------------+-----------+-----------+-----------+
|  Runtime (RDTSC) [s] STAT |    191.9580 |    0.9996 |    1.0003 |    0.9998 |
| Runtime unhalted [s] STAT |    152.3228 |    0.7929 |    0.7939 |    0.7933 |
|      Clock [MHz] STAT     | 364777.0550 | 1898.7085 | 1900.6433 | 1899.8805 |
|          CPI STAT         |     57.9159 |    0.3013 |    0.3020 |    0.3016 |
|     DP [MFLOP/s] STAT     | 960204.4456 | 4998.2856 | 5001.9478 | 5001.0648 |
+---------------------------+-------------+-----------+-----------+-----------+

