INFO: You are running LIKWID in a cpuset with 48 CPUs. Taking given IDs as logical ID in cpuset
--------------------------------------------------------------------------------
CPU name:	AMD EPYC 9654 96-Core Processor                
CPU type:	AMD K19 (Zen4) architecture
CPU clock:	2.40 GHz
--------------------------------------------------------------------------------
Warning: Sanitizing vector length to a multiple of the loop stride 8 and thread count 24 from 1500000 elements (12000000 bytes) to 1499904 elements (11999232 bytes)
Allocate: Process running on hwthread 0 (Domain N) - Vector length 1499904/11999232 Offset 0 Alignment 512
Initialization: Each thread in domain initializes its own stream chunks
--------------------------------------------------------------------------------
LIKWID MICRO BENCHMARK
Test: peakflops_avx512_fma
--------------------------------------------------------------------------------
Using 1 work groups
Using 24 threads
--------------------------------------------------------------------------------
Using Likwid Marker API
--------------------------------------------------------------------------------
Group: 0 Thread 0 Global Thread 0 running on hwthread 0 - Vector length 62496 Offset 0
Group: 0 Thread 1 Global Thread 1 running on hwthread 1 - Vector length 62496 Offset 62496
Group: 0 Thread 2 Global Thread 2 running on hwthread 2 - Vector length 62496 Offset 124992
Group: 0 Thread 3 Global Thread 3 running on hwthread 3 - Vector length 62496 Offset 187488
Group: 0 Thread 4 Global Thread 4 running on hwthread 4 - Vector length 62496 Offset 249984
Group: 0 Thread 5 Global Thread 5 running on hwthread 5 - Vector length 62496 Offset 312480
Group: 0 Thread 6 Global Thread 6 running on hwthread 6 - Vector length 62496 Offset 374976
Group: 0 Thread 7 Global Thread 7 running on hwthread 7 - Vector length 62496 Offset 437472
Group: 0 Thread 8 Global Thread 8 running on hwthread 8 - Vector length 62496 Offset 499968
Group: 0 Thread 9 Global Thread 9 running on hwthread 9 - Vector length 62496 Offset 562464
Group: 0 Thread 10 Global Thread 10 running on hwthread 10 - Vector length 62496 Offset 624960
Group: 0 Thread 11 Global Thread 11 running on hwthread 11 - Vector length 62496 Offset 687456
Group: 0 Thread 12 Global Thread 12 running on hwthread 12 - Vector length 62496 Offset 749952
Group: 0 Thread 13 Global Thread 13 running on hwthread 13 - Vector length 62496 Offset 812448
Group: 0 Thread 14 Global Thread 14 running on hwthread 14 - Vector length 62496 Offset 874944
Group: 0 Thread 15 Global Thread 15 running on hwthread 15 - Vector length 62496 Offset 937440
Group: 0 Thread 16 Global Thread 16 running on hwthread 16 - Vector length 62496 Offset 999936
Group: 0 Thread 17 Global Thread 17 running on hwthread 17 - Vector length 62496 Offset 1062432
Group: 0 Thread 18 Global Thread 18 running on hwthread 18 - Vector length 62496 Offset 1124928
Group: 0 Thread 19 Global Thread 19 running on hwthread 19 - Vector length 62496 Offset 1187424
Group: 0 Thread 20 Global Thread 20 running on hwthread 20 - Vector length 62496 Offset 1249920
Group: 0 Thread 21 Global Thread 21 running on hwthread 21 - Vector length 62496 Offset 1312416
Group: 0 Thread 22 Global Thread 22 running on hwthread 22 - Vector length 62496 Offset 1374912
Group: 0 Thread 23 Global Thread 23 running on hwthread 23 - Vector length 62496 Offset 1437408
--------------------------------------------------------------------------------
Cycles:			745378128
CPU Clock:		2399981960
Cycle Clock:		2399981960
Time:			3.105766e-01 sec
Iterations:		120000
Iterations per thread:	5000
Inner loop executions:	7812
Size (Byte):		11999232
Size per thread:	499968
Number of Flops:	224985600000
MFlops/s:		724412.70
Data volume (Byte):	59996160000
MByte/s:		193176.72
Cycles per update:	0.099390
Cycles per cacheline:	0.795121
Loads per update:	1
Stores per update:	0
Load bytes per element:	8
Store bytes per elem.:	0
Instructions:		17811360032
UOPs:			16873920000
--------------------------------------------------------------------------------
Writing Likwid Marker API results to file /tmp/likwid_828308.txt
--------------------------------------------------------------------------------
Region bench, Group 1: FLOPS_DP
+-------------------+------------+------------+------------+------------+------------+------------+------------+------------+------------+------------+-------------+-------------+-------------+-------------+-------------+-------------+-------------+-------------+-------------+-------------+-------------+-------------+-------------+-------------+
|    Region Info    | HWThread 0 | HWThread 1 | HWThread 2 | HWThread 3 | HWThread 4 | HWThread 5 | HWThread 6 | HWThread 7 | HWThread 8 | HWThread 9 | HWThread 10 | HWThread 11 | HWThread 12 | HWThread 13 | HWThread 14 | HWThread 15 | HWThread 16 | HWThread 17 | HWThread 18 | HWThread 19 | HWThread 20 | HWThread 21 | HWThread 22 | HWThread 23 |
+-------------------+------------+------------+------------+------------+------------+------------+------------+------------+------------+------------+-------------+-------------+-------------+-------------+-------------+-------------+-------------+-------------+-------------+-------------+-------------+-------------+-------------+-------------+
| RDTSC Runtime [s] |   0.310521 |   0.310543 |   0.310561 |   0.310573 |   0.310542 |   0.310579 |   0.310541 |   0.310545 |   0.310555 |   0.310542 |    0.310536 |    0.310507 |    0.310500 |    0.310541 |    0.310516 |    0.310518 |    0.310524 |    0.310492 |    0.310540 |    0.310538 |    0.310538 |    0.310542 |    0.310541 |    0.310542 |
|     call count    |          1 |          1 |          1 |          1 |          1 |          1 |          1 |          1 |          1 |          1 |           1 |           1 |           1 |           1 |           1 |           1 |           1 |           1 |           1 |           1 |           1 |           1 |           1 |           1 |
+-------------------+------------+------------+------------+------------+------------+------------+------------+------------+------------+------------+-------------+-------------+-------------+-------------+-------------+-------------+-------------+-------------+-------------+-------------+-------------+-------------+-------------+-------------+

+---------------------------+---------+------------+------------+------------+------------+------------+------------+------------+------------+------------+------------+-------------+-------------+-------------+-------------+-------------+-------------+-------------+-------------+-------------+-------------+-------------+-------------+-------------+-------------+
|           Event           | Counter | HWThread 0 | HWThread 1 | HWThread 2 | HWThread 3 | HWThread 4 | HWThread 5 | HWThread 6 | HWThread 7 | HWThread 8 | HWThread 9 | HWThread 10 | HWThread 11 | HWThread 12 | HWThread 13 | HWThread 14 | HWThread 15 | HWThread 16 | HWThread 17 | HWThread 18 | HWThread 19 | HWThread 20 | HWThread 21 | HWThread 22 | HWThread 23 |
+---------------------------+---------+------------+------------+------------+------------+------------+------------+------------+------------+------------+------------+-------------+-------------+-------------+-------------+-------------+-------------+-------------+-------------+-------------+-------------+-------------+-------------+-------------+-------------+
|      ACTUAL_CPU_CLOCK     |  FIXC1  |  590633400 |  590726400 |  590730700 |  590654500 |  590676200 |  590664800 |  590594600 |  590647300 |  590635200 |  590566800 |   590604500 |   590605900 |   590604700 |   590629200 |   590580000 |   590634600 |   590575100 |   590585100 |   590585800 |   590617000 |   590579500 |   590621500 |   590641700 |   590592500 |
|       MAX_CPU_CLOCK       |  FIXC2  |  746077200 |  746151900 |  746179500 |  746148000 |  746145100 |  746126100 |  746060500 |  746098500 |  746091200 |  746038600 |   746036100 |   746049100 |   746050400 |   746091900 |   745998600 |   746082000 |   745985100 |   746025900 |   746025600 |   746063700 |   746005300 |   746129600 |   746105700 |   746057100 |
|    RETIRED_INSTRUCTIONS   |   PMC0  |  742389000 |  742452300 |  742475900 |  742462300 |  742487500 |  742476000 |  742513100 |  742494800 |  742458300 |  742463000 |   742456100 |   742457300 |   742443900 |   742465300 |   742448100 |   742463000 |   742499600 |   742499100 |   742466400 |   742509200 |   742506400 |   742504900 |   742504100 |   742490100 |
|    CPU_CLOCKS_UNHALTED    |   PMC1  |  586287400 |  586619400 |  586702000 |  586581500 |  586739500 |  586653600 |  586891100 |  586785900 |  586551900 |  586597800 |   586574400 |   586577100 |   586496600 |   586618400 |   586535200 |   586606500 |   586836800 |   586798700 |   586636800 |   586886400 |   586870500 |   586844200 |   586856400 |   586844700 |
| RETIRED_SSE_AVX_FLOPS_ALL |   PMC2  | 9374400000 | 9374400000 | 9374400000 | 9374400000 | 9374400000 | 9374400000 | 9374400000 | 9374400000 | 9374400000 | 9374400000 |  9374400000 |  9374400000 |  9374400000 |  9374400000 |  9374400000 |  9374400000 |  9374400000 |  9374400000 |  9374400000 |  9374400000 |  9374400000 |  9374400000 |  9374400000 |  9374400000 |
|           MERGE           |   PMC3  |          0 |          0 |          0 |          0 |          0 |          0 |          0 |          0 |          0 |          0 |           0 |           0 |           0 |           0 |           0 |           0 |           0 |           0 |           0 |           0 |           0 |           0 |           0 |           0 |
+---------------------------+---------+------------+------------+------------+------------+------------+------------+------------+------------+------------+------------+-------------+-------------+-------------+-------------+-------------+-------------+-------------+-------------+-------------+-------------+-------------+-------------+-------------+-------------+

+--------------------------------+---------+--------------+------------+------------+--------------+
|              Event             | Counter |      Sum     |     Min    |     Max    |      Avg     |
+--------------------------------+---------+--------------+------------+------------+--------------+
|      ACTUAL_CPU_CLOCK STAT     |  FIXC1  |  14174987000 |  590566800 |  590730700 | 5.906245e+08 |
|       MAX_CPU_CLOCK STAT       |  FIXC2  |  17905822700 |  745985100 |  746179500 | 7.460759e+08 |
|    RETIRED_INSTRUCTIONS STAT   |   PMC0  |  17819385700 |  742389000 |  742513100 | 7.424744e+08 |
|    CPU_CLOCKS_UNHALTED STAT    |   PMC1  |  14080392800 |  586287400 |  586891100 | 5.866830e+08 |
| RETIRED_SSE_AVX_FLOPS_ALL STAT |   PMC2  | 224985600000 | 9374400000 | 9374400000 |   9374400000 |
|           MERGE STAT           |   PMC3  |            0 |          0 |          0 |            0 |
+--------------------------------+---------+--------------+------------+------------+--------------+

+----------------------+------------+------------+------------+------------+------------+------------+------------+------------+------------+------------+-------------+-------------+-------------+-------------+-------------+-------------+-------------+-------------+-------------+-------------+-------------+-------------+-------------+-------------+
|        Metric        | HWThread 0 | HWThread 1 | HWThread 2 | HWThread 3 | HWThread 4 | HWThread 5 | HWThread 6 | HWThread 7 | HWThread 8 | HWThread 9 | HWThread 10 | HWThread 11 | HWThread 12 | HWThread 13 | HWThread 14 | HWThread 15 | HWThread 16 | HWThread 17 | HWThread 18 | HWThread 19 | HWThread 20 | HWThread 21 | HWThread 22 | HWThread 23 |
+----------------------+------------+------------+------------+------------+------------+------------+------------+------------+------------+------------+-------------+-------------+-------------+-------------+-------------+-------------+-------------+-------------+-------------+-------------+-------------+-------------+-------------+-------------+
|  Runtime (RDTSC) [s] |     0.3105 |     0.3105 |     0.3106 |     0.3106 |     0.3105 |     0.3106 |     0.3105 |     0.3105 |     0.3106 |     0.3105 |      0.3105 |      0.3105 |      0.3105 |      0.3105 |      0.3105 |      0.3105 |      0.3105 |      0.3105 |      0.3105 |      0.3105 |      0.3105 |      0.3105 |      0.3105 |      0.3105 |
| Runtime unhalted [s] |     0.2461 |     0.2461 |     0.2461 |     0.2461 |     0.2461 |     0.2461 |     0.2461 |     0.2461 |     0.2461 |     0.2461 |      0.2461 |      0.2461 |      0.2461 |      0.2461 |      0.2461 |      0.2461 |      0.2461 |      0.2461 |      0.2461 |      0.2461 |      0.2461 |      0.2461 |      0.2461 |      0.2461 |
|      Clock [MHz]     |  1899.9487 |  1900.0576 |  1900.0012 |  1899.8363 |  1899.9135 |  1899.9252 |  1899.8664 |  1899.9392 |  1899.9188 |  1899.8327 |   1899.9604 |   1899.9318 |   1899.9246 |   1899.8977 |   1899.9771 |   1899.9403 |   1899.9957 |   1899.9240 |   1899.9270 |   1899.9303 |   1899.9584 |   1899.7770 |   1899.9028 |   1899.8683 |
|          CPI         |     0.7897 |     0.7901 |     0.7902 |     0.7900 |     0.7902 |     0.7901 |     0.7904 |     0.7903 |     0.7900 |     0.7901 |      0.7900 |      0.7900 |      0.7900 |      0.7901 |      0.7900 |      0.7901 |      0.7904 |      0.7903 |      0.7901 |      0.7904 |      0.7904 |      0.7904 |      0.7904 |      0.7904 |
|     DP [MFLOP/s]     | 30189.2431 | 30187.0752 | 30185.3548 | 30184.1787 | 30187.2405 | 30183.5859 | 30187.2891 | 30186.9100 | 30185.9963 | 30187.2211 |  30187.7751 |  30190.6529 |  30191.3335 |  30187.3280 |  30189.7681 |  30189.5542 |  30188.9806 |  30192.0628 |  30187.3863 |  30187.6099 |  30187.5807 |  30187.1724 |  30187.2891 |  30187.2211 |
+----------------------+------------+------------+------------+------------+------------+------------+------------+------------+------------+------------+-------------+-------------+-------------+-------------+-------------+-------------+-------------+-------------+-------------+-------------+-------------+-------------+-------------+-------------+

+---------------------------+-------------+------------+------------+------------+
|           Metric          |     Sum     |     Min    |     Max    |     Avg    |
+---------------------------+-------------+------------+------------+------------+
|  Runtime (RDTSC) [s] STAT |      7.4524 |     0.3105 |     0.3106 |     0.3105 |
| Runtime unhalted [s] STAT |      5.9064 |     0.2461 |     0.2461 |     0.2461 |
|      Clock [MHz] STAT     |  45598.1550 |  1899.7770 |  1900.0576 |  1899.9231 |
|          CPI STAT         |     18.9641 |     0.7897 |     0.7904 |     0.7902 |
|     DP [MFLOP/s] STAT     | 724505.8094 | 30183.5859 | 30192.0628 | 30187.7421 |
+---------------------------+-------------+------------+------------+------------+

