INFO: You are running LIKWID in a cpuset with 192 CPUs. Taking given IDs as logical ID in cpuset
--------------------------------------------------------------------------------
CPU name:	AMD EPYC 9654 96-Core Processor                
CPU type:	AMD K19 (Zen4) architecture
CPU clock:	2.40 GHz
--------------------------------------------------------------------------------
Warning: Sanitizing vector length to a multiple of the loop stride 16 and thread count 96 from 2000000000 elements (16000000000 bytes) to 1999999488 elements (15999995904 bytes)
Allocate: Process running on hwthread 0 (Domain N) - Vector length 1999999488/15999995904 Offset 0 Alignment 512
Allocate: Process running on hwthread 0 (Domain N) - Vector length 1999999488/15999995904 Offset 0 Alignment 512
Allocate: Process running on hwthread 0 (Domain N) - Vector length 1999999488/15999995904 Offset 0 Alignment 512
Initialization: Each thread in domain initializes its own stream chunks
--------------------------------------------------------------------------------
LIKWID MICRO BENCHMARK
Test: stream_mem_avx_fma
--------------------------------------------------------------------------------
Using 1 work groups
Using 96 threads
--------------------------------------------------------------------------------
Using Likwid Marker API
--------------------------------------------------------------------------------
Group: 0 Thread 0 Global Thread 0 running on hwthread 0 - Vector length 20833328 Offset 0
Group: 0 Thread 1 Global Thread 1 running on hwthread 1 - Vector length 20833328 Offset 20833328
Group: 0 Thread 2 Global Thread 2 running on hwthread 2 - Vector length 20833328 Offset 41666656
Group: 0 Thread 3 Global Thread 3 running on hwthread 3 - Vector length 20833328 Offset 62499984
Group: 0 Thread 4 Global Thread 4 running on hwthread 4 - Vector length 20833328 Offset 83333312
Group: 0 Thread 5 Global Thread 5 running on hwthread 5 - Vector length 20833328 Offset 104166640
Group: 0 Thread 6 Global Thread 6 running on hwthread 6 - Vector length 20833328 Offset 124999968
Group: 0 Thread 7 Global Thread 7 running on hwthread 7 - Vector length 20833328 Offset 145833296
Group: 0 Thread 8 Global Thread 8 running on hwthread 8 - Vector length 20833328 Offset 166666624
Group: 0 Thread 9 Global Thread 9 running on hwthread 9 - Vector length 20833328 Offset 187499952
Group: 0 Thread 10 Global Thread 10 running on hwthread 10 - Vector length 20833328 Offset 208333280
Group: 0 Thread 11 Global Thread 11 running on hwthread 11 - Vector length 20833328 Offset 229166608
Group: 0 Thread 12 Global Thread 12 running on hwthread 12 - Vector length 20833328 Offset 249999936
Group: 0 Thread 13 Global Thread 13 running on hwthread 13 - Vector length 20833328 Offset 270833264
Group: 0 Thread 14 Global Thread 14 running on hwthread 14 - Vector length 20833328 Offset 291666592
Group: 0 Thread 15 Global Thread 15 running on hwthread 15 - Vector length 20833328 Offset 312499920
Group: 0 Thread 16 Global Thread 16 running on hwthread 16 - Vector length 20833328 Offset 333333248
Group: 0 Thread 17 Global Thread 17 running on hwthread 17 - Vector length 20833328 Offset 354166576
Group: 0 Thread 18 Global Thread 18 running on hwthread 18 - Vector length 20833328 Offset 374999904
Group: 0 Thread 19 Global Thread 19 running on hwthread 19 - Vector length 20833328 Offset 395833232
Group: 0 Thread 20 Global Thread 20 running on hwthread 20 - Vector length 20833328 Offset 416666560
Group: 0 Thread 21 Global Thread 21 running on hwthread 21 - Vector length 20833328 Offset 437499888
Group: 0 Thread 22 Global Thread 22 running on hwthread 22 - Vector length 20833328 Offset 458333216
Group: 0 Thread 23 Global Thread 23 running on hwthread 23 - Vector length 20833328 Offset 479166544
Group: 0 Thread 24 Global Thread 24 running on hwthread 24 - Vector length 20833328 Offset 499999872
Group: 0 Thread 25 Global Thread 25 running on hwthread 25 - Vector length 20833328 Offset 520833200
Group: 0 Thread 26 Global Thread 26 running on hwthread 26 - Vector length 20833328 Offset 541666528
Group: 0 Thread 27 Global Thread 27 running on hwthread 27 - Vector length 20833328 Offset 562499856
Group: 0 Thread 28 Global Thread 28 running on hwthread 28 - Vector length 20833328 Offset 583333184
Group: 0 Thread 29 Global Thread 29 running on hwthread 29 - Vector length 20833328 Offset 604166512
Group: 0 Thread 30 Global Thread 30 running on hwthread 30 - Vector length 20833328 Offset 624999840
Group: 0 Thread 31 Global Thread 31 running on hwthread 31 - Vector length 20833328 Offset 645833168
Group: 0 Thread 32 Global Thread 32 running on hwthread 32 - Vector length 20833328 Offset 666666496
Group: 0 Thread 33 Global Thread 33 running on hwthread 33 - Vector length 20833328 Offset 687499824
Group: 0 Thread 34 Global Thread 34 running on hwthread 34 - Vector length 20833328 Offset 708333152
Group: 0 Thread 35 Global Thread 35 running on hwthread 35 - Vector length 20833328 Offset 729166480
Group: 0 Thread 36 Global Thread 36 running on hwthread 36 - Vector length 20833328 Offset 749999808
Group: 0 Thread 37 Global Thread 37 running on hwthread 37 - Vector length 20833328 Offset 770833136
Group: 0 Thread 38 Global Thread 38 running on hwthread 38 - Vector length 20833328 Offset 791666464
Group: 0 Thread 39 Global Thread 39 running on hwthread 39 - Vector length 20833328 Offset 812499792
Group: 0 Thread 40 Global Thread 40 running on hwthread 40 - Vector length 20833328 Offset 833333120
Group: 0 Thread 41 Global Thread 41 running on hwthread 41 - Vector length 20833328 Offset 854166448
Group: 0 Thread 42 Global Thread 42 running on hwthread 42 - Vector length 20833328 Offset 874999776
Group: 0 Thread 43 Global Thread 43 running on hwthread 43 - Vector length 20833328 Offset 895833104
Group: 0 Thread 44 Global Thread 44 running on hwthread 44 - Vector length 20833328 Offset 916666432
Group: 0 Thread 45 Global Thread 45 running on hwthread 45 - Vector length 20833328 Offset 937499760
Group: 0 Thread 46 Global Thread 46 running on hwthread 46 - Vector length 20833328 Offset 958333088
Group: 0 Thread 47 Global Thread 47 running on hwthread 47 - Vector length 20833328 Offset 979166416
Group: 0 Thread 48 Global Thread 48 running on hwthread 48 - Vector length 20833328 Offset 999999744
Group: 0 Thread 49 Global Thread 49 running on hwthread 49 - Vector length 20833328 Offset 1020833072
Group: 0 Thread 50 Global Thread 50 running on hwthread 50 - Vector length 20833328 Offset 1041666400
Group: 0 Thread 51 Global Thread 51 running on hwthread 51 - Vector length 20833328 Offset 1062499728
Group: 0 Thread 52 Global Thread 52 running on hwthread 52 - Vector length 20833328 Offset 1083333056
Group: 0 Thread 53 Global Thread 53 running on hwthread 53 - Vector length 20833328 Offset 1104166384
Group: 0 Thread 54 Global Thread 54 running on hwthread 54 - Vector length 20833328 Offset 1124999712
Group: 0 Thread 55 Global Thread 55 running on hwthread 55 - Vector length 20833328 Offset 1145833040
Group: 0 Thread 56 Global Thread 56 running on hwthread 56 - Vector length 20833328 Offset 1166666368
Group: 0 Thread 57 Global Thread 57 running on hwthread 57 - Vector length 20833328 Offset 1187499696
Group: 0 Thread 58 Global Thread 58 running on hwthread 58 - Vector length 20833328 Offset 1208333024
Group: 0 Thread 59 Global Thread 59 running on hwthread 59 - Vector length 20833328 Offset 1229166352
Group: 0 Thread 60 Global Thread 60 running on hwthread 60 - Vector length 20833328 Offset 1249999680
Group: 0 Thread 61 Global Thread 61 running on hwthread 61 - Vector length 20833328 Offset 1270833008
Group: 0 Thread 62 Global Thread 62 running on hwthread 62 - Vector length 20833328 Offset 1291666336
Group: 0 Thread 63 Global Thread 63 running on hwthread 63 - Vector length 20833328 Offset 1312499664
Group: 0 Thread 64 Global Thread 64 running on hwthread 64 - Vector length 20833328 Offset 1333332992
Group: 0 Thread 65 Global Thread 65 running on hwthread 65 - Vector length 20833328 Offset 1354166320
Group: 0 Thread 66 Global Thread 66 running on hwthread 66 - Vector length 20833328 Offset 1374999648
Group: 0 Thread 67 Global Thread 67 running on hwthread 67 - Vector length 20833328 Offset 1395832976
Group: 0 Thread 68 Global Thread 68 running on hwthread 68 - Vector length 20833328 Offset 1416666304
Group: 0 Thread 69 Global Thread 69 running on hwthread 69 - Vector length 20833328 Offset 1437499632
Group: 0 Thread 70 Global Thread 70 running on hwthread 70 - Vector length 20833328 Offset 1458332960
Group: 0 Thread 71 Global Thread 71 running on hwthread 71 - Vector length 20833328 Offset 1479166288
Group: 0 Thread 72 Global Thread 72 running on hwthread 72 - Vector length 20833328 Offset 1499999616
Group: 0 Thread 73 Global Thread 73 running on hwthread 73 - Vector length 20833328 Offset 1520832944
Group: 0 Thread 74 Global Thread 74 running on hwthread 74 - Vector length 20833328 Offset 1541666272
Group: 0 Thread 75 Global Thread 75 running on hwthread 75 - Vector length 20833328 Offset 1562499600
Group: 0 Thread 76 Global Thread 76 running on hwthread 76 - Vector length 20833328 Offset 1583332928
Group: 0 Thread 77 Global Thread 77 running on hwthread 77 - Vector length 20833328 Offset 1604166256
Group: 0 Thread 78 Global Thread 78 running on hwthread 78 - Vector length 20833328 Offset 1624999584
Group: 0 Thread 79 Global Thread 79 running on hwthread 79 - Vector length 20833328 Offset 1645832912
Group: 0 Thread 80 Global Thread 80 running on hwthread 80 - Vector length 20833328 Offset 1666666240
Group: 0 Thread 81 Global Thread 81 running on hwthread 81 - Vector length 20833328 Offset 1687499568
Group: 0 Thread 82 Global Thread 82 running on hwthread 82 - Vector length 20833328 Offset 1708332896
Group: 0 Thread 83 Global Thread 83 running on hwthread 83 - Vector length 20833328 Offset 1729166224
Group: 0 Thread 84 Global Thread 84 running on hwthread 84 - Vector length 20833328 Offset 1749999552
Group: 0 Thread 85 Global Thread 85 running on hwthread 85 - Vector length 20833328 Offset 1770832880
Group: 0 Thread 86 Global Thread 86 running on hwthread 86 - Vector length 20833328 Offset 1791666208
Group: 0 Thread 87 Global Thread 87 running on hwthread 87 - Vector length 20833328 Offset 1812499536
Group: 0 Thread 88 Global Thread 88 running on hwthread 88 - Vector length 20833328 Offset 1833332864
Group: 0 Thread 89 Global Thread 89 running on hwthread 89 - Vector length 20833328 Offset 1854166192
Group: 0 Thread 90 Global Thread 90 running on hwthread 90 - Vector length 20833328 Offset 1874999520
Group: 0 Thread 91 Global Thread 91 running on hwthread 91 - Vector length 20833328 Offset 1895832848
Group: 0 Thread 92 Global Thread 92 running on hwthread 92 - Vector length 20833328 Offset 1916666176
Group: 0 Thread 93 Global Thread 93 running on hwthread 93 - Vector length 20833328 Offset 1937499504
Group: 0 Thread 94 Global Thread 94 running on hwthread 94 - Vector length 20833328 Offset 1958332832
Group: 0 Thread 95 Global Thread 95 running on hwthread 95 - Vector length 20833328 Offset 1979166160
--------------------------------------------------------------------------------
Cycles:			15892555296
CPU Clock:		2399844958
Cycle Clock:		2399844958
Time:			6.622326e+00 sec
Iterations:		4800
Iterations per thread:	50
Inner loop executions:	1302083
Size (Byte):		47999987712
Size per thread:	499999872
Number of Flops:	199999948800
MFlops/s:		30200.86
Data volume (Byte):	2399999385600
MByte/s:		362410.34
Cycles per update:	0.158926
Cycles per cacheline:	1.271405
Loads per update:	2
Stores per update:	1
Load bytes per element:	16
Store bytes per elem.:	8
Load/store ratio:	2.00
Instructions:		93749976017
UOPs:			137499964800
--------------------------------------------------------------------------------
Writing Likwid Marker API results to file /tmp/likwid_834555.txt
--------------------------------------------------------------------------------
Region bench, Group 1: MEMREAD
+-------------------+------------+------------+------------+------------+------------+------------+------------+------------+------------+------------+-------------+-------------+-------------+-------------+-------------+-------------+-------------+-------------+-------------+-------------+-------------+-------------+-------------+-------------+-------------+-------------+-------------+-------------+-------------+-------------+-------------+-------------+-------------+-------------+-------------+-------------+-------------+-------------+-------------+-------------+-------------+-------------+-------------+-------------+-------------+-------------+-------------+-------------+-------------+-------------+-------------+-------------+-------------+-------------+-------------+-------------+-------------+-------------+-------------+-------------+-------------+-------------+-------------+-------------+-------------+-------------+-------------+-------------+-------------+-------------+-------------+-------------+-------------+-------------+-------------+-------------+-------------+-------------+-------------+-------------+-------------+-------------+-------------+-------------+-------------+-------------+-------------+-------------+-------------+-------------+-------------+-------------+-------------+-------------+-------------+-------------+
|    Region Info    | HWThread 0 | HWThread 1 | HWThread 2 | HWThread 3 | HWThread 4 | HWThread 5 | HWThread 6 | HWThread 7 | HWThread 8 | HWThread 9 | HWThread 10 | HWThread 11 | HWThread 12 | HWThread 13 | HWThread 14 | HWThread 15 | HWThread 16 | HWThread 17 | HWThread 18 | HWThread 19 | HWThread 20 | HWThread 21 | HWThread 22 | HWThread 23 | HWThread 24 | HWThread 25 | HWThread 26 | HWThread 27 | HWThread 28 | HWThread 29 | HWThread 30 | HWThread 31 | HWThread 32 | HWThread 33 | HWThread 34 | HWThread 35 | HWThread 36 | HWThread 37 | HWThread 38 | HWThread 39 | HWThread 40 | HWThread 41 | HWThread 42 | HWThread 43 | HWThread 44 | HWThread 45 | HWThread 46 | HWThread 47 | HWThread 48 | HWThread 49 | HWThread 50 | HWThread 51 | HWThread 52 | HWThread 53 | HWThread 54 | HWThread 55 | HWThread 56 | HWThread 57 | HWThread 58 | HWThread 59 | HWThread 60 | HWThread 61 | HWThread 62 | HWThread 63 | HWThread 64 | HWThread 65 | HWThread 66 | HWThread 67 | HWThread 68 | HWThread 69 | HWThread 70 | HWThread 71 | HWThread 72 | HWThread 73 | HWThread 74 | HWThread 75 | HWThread 76 | HWThread 77 | HWThread 78 | HWThread 79 | HWThread 80 | HWThread 81 | HWThread 82 | HWThread 83 | HWThread 84 | HWThread 85 | HWThread 86 | HWThread 87 | HWThread 88 | HWThread 89 | HWThread 90 | HWThread 91 | HWThread 92 | HWThread 93 | HWThread 94 | HWThread 95 |
+-------------------+------------+------------+------------+------------+------------+------------+------------+------------+------------+------------+-------------+-------------+-------------+-------------+-------------+-------------+-------------+-------------+-------------+-------------+-------------+-------------+-------------+-------------+-------------+-------------+-------------+-------------+-------------+-------------+-------------+-------------+-------------+-------------+-------------+-------------+-------------+-------------+-------------+-------------+-------------+-------------+-------------+-------------+-------------+-------------+-------------+-------------+-------------+-------------+-------------+-------------+-------------+-------------+-------------+-------------+-------------+-------------+-------------+-------------+-------------+-------------+-------------+-------------+-------------+-------------+-------------+-------------+-------------+-------------+-------------+-------------+-------------+-------------+-------------+-------------+-------------+-------------+-------------+-------------+-------------+-------------+-------------+-------------+-------------+-------------+-------------+-------------+-------------+-------------+-------------+-------------+-------------+-------------+-------------+-------------+
| RDTSC Runtime [s] |   6.621502 |   6.622325 |   6.622210 |   6.622125 |   6.622239 |   6.621910 |   6.622328 |   6.622328 |   6.621869 |   6.621895 |    6.622132 |    6.621860 |    6.621891 |    6.621892 |    6.621893 |    6.622126 |    6.622108 |    6.622011 |    6.621878 |    6.622118 |    6.622116 |    6.621930 |    6.622121 |    6.621874 |    6.622226 |    6.622126 |    6.622020 |    6.621924 |    6.622125 |    6.622110 |    6.622020 |    6.621905 |    6.621942 |    6.621857 |    6.621962 |    6.621852 |    6.621998 |    6.621959 |    6.622140 |    6.621836 |    6.621916 |    6.622142 |    6.622148 |    6.622136 |    6.622146 |    6.621941 |    6.621922 |    6.621941 |    6.622136 |    6.622130 |    6.622146 |    6.622101 |    6.622161 |    6.622099 |    6.622130 |    6.621918 |    6.622152 |    6.622154 |    6.622122 |    6.622118 |    6.622118 |    6.621928 |    6.622027 |    6.622124 |    6.622140 |    6.622145 |    6.621961 |    6.621927 |    6.621932 |    6.622151 |    6.621937 |    6.621868 |    6.621950 |    6.621888 |    6.622145 |    6.621869 |    6.621887 |    6.621939 |    6.621981 |    6.622138 |    6.621876 |    6.622131 |    6.621894 |    6.621873 |    6.621877 |    6.621874 |    6.621879 |    6.621877 |    6.622137 |    6.622094 |    6.622141 |    6.622101 |    6.621918 |    6.621915 |    6.621913 |    6.622173 |
|     call count    |          1 |          1 |          1 |          1 |          1 |          1 |          1 |          1 |          1 |          1 |           1 |           1 |           1 |           1 |           1 |           1 |           1 |           1 |           1 |           1 |           1 |           1 |           1 |           1 |           1 |           1 |           1 |           1 |           1 |           1 |           1 |           1 |           1 |           1 |           1 |           1 |           1 |           1 |           1 |           1 |           1 |           1 |           1 |           1 |           1 |           1 |           1 |           1 |           1 |           1 |           1 |           1 |           1 |           1 |           1 |           1 |           1 |           1 |           1 |           1 |           1 |           1 |           1 |           1 |           1 |           1 |           1 |           1 |           1 |           1 |           1 |           1 |           1 |           1 |           1 |           1 |           1 |           1 |           1 |           1 |           1 |           1 |           1 |           1 |           1 |           1 |           1 |           1 |           1 |           1 |           1 |           1 |           1 |           1 |           1 |           1 |
+-------------------+------------+------------+------------+------------+------------+------------+------------+------------+------------+------------+-------------+-------------+-------------+-------------+-------------+-------------+-------------+-------------+-------------+-------------+-------------+-------------+-------------+-------------+-------------+-------------+-------------+-------------+-------------+-------------+-------------+-------------+-------------+-------------+-------------+-------------+-------------+-------------+-------------+-------------+-------------+-------------+-------------+-------------+-------------+-------------+-------------+-------------+-------------+-------------+-------------+-------------+-------------+-------------+-------------+-------------+-------------+-------------+-------------+-------------+-------------+-------------+-------------+-------------+-------------+-------------+-------------+-------------+-------------+-------------+-------------+-------------+-------------+-------------+-------------+-------------+-------------+-------------+-------------+-------------+-------------+-------------+-------------+-------------+-------------+-------------+-------------+-------------+-------------+-------------+-------------+-------------+-------------+-------------+-------------+-------------+

+-----------------------------+---------+-------------+-------------+-------------+-------------+-------------+-------------+-------------+-------------+-------------+-------------+-------------+-------------+-------------+-------------+-------------+-------------+-------------+-------------+-------------+-------------+-------------+-------------+-------------+-------------+-------------+-------------+-------------+-------------+-------------+-------------+-------------+-------------+-------------+-------------+-------------+-------------+-------------+-------------+-------------+-------------+-------------+-------------+-------------+-------------+-------------+-------------+-------------+-------------+-------------+-------------+-------------+-------------+-------------+-------------+-------------+-------------+-------------+-------------+-------------+-------------+-------------+-------------+-------------+-------------+-------------+-------------+-------------+-------------+-------------+-------------+-------------+-------------+-------------+-------------+-------------+-------------+-------------+-------------+-------------+-------------+-------------+-------------+-------------+-------------+-------------+-------------+-------------+-------------+-------------+-------------+-------------+-------------+-------------+-------------+-------------+-------------+
|            Event            | Counter |  HWThread 0 |  HWThread 1 |  HWThread 2 |  HWThread 3 |  HWThread 4 |  HWThread 5 |  HWThread 6 |  HWThread 7 |  HWThread 8 |  HWThread 9 | HWThread 10 | HWThread 11 | HWThread 12 | HWThread 13 | HWThread 14 | HWThread 15 | HWThread 16 | HWThread 17 | HWThread 18 | HWThread 19 | HWThread 20 | HWThread 21 | HWThread 22 | HWThread 23 | HWThread 24 | HWThread 25 | HWThread 26 | HWThread 27 | HWThread 28 | HWThread 29 | HWThread 30 | HWThread 31 | HWThread 32 | HWThread 33 | HWThread 34 | HWThread 35 | HWThread 36 | HWThread 37 | HWThread 38 | HWThread 39 | HWThread 40 | HWThread 41 | HWThread 42 | HWThread 43 | HWThread 44 | HWThread 45 | HWThread 46 | HWThread 47 | HWThread 48 | HWThread 49 | HWThread 50 | HWThread 51 | HWThread 52 | HWThread 53 | HWThread 54 | HWThread 55 | HWThread 56 | HWThread 57 | HWThread 58 | HWThread 59 | HWThread 60 | HWThread 61 | HWThread 62 | HWThread 63 | HWThread 64 | HWThread 65 | HWThread 66 | HWThread 67 | HWThread 68 | HWThread 69 | HWThread 70 | HWThread 71 | HWThread 72 | HWThread 73 | HWThread 74 | HWThread 75 | HWThread 76 | HWThread 77 | HWThread 78 | HWThread 79 | HWThread 80 | HWThread 81 | HWThread 82 | HWThread 83 | HWThread 84 | HWThread 85 | HWThread 86 | HWThread 87 | HWThread 88 | HWThread 89 | HWThread 90 | HWThread 91 | HWThread 92 | HWThread 93 | HWThread 94 | HWThread 95 |
+-----------------------------+---------+-------------+-------------+-------------+-------------+-------------+-------------+-------------+-------------+-------------+-------------+-------------+-------------+-------------+-------------+-------------+-------------+-------------+-------------+-------------+-------------+-------------+-------------+-------------+-------------+-------------+-------------+-------------+-------------+-------------+-------------+-------------+-------------+-------------+-------------+-------------+-------------+-------------+-------------+-------------+-------------+-------------+-------------+-------------+-------------+-------------+-------------+-------------+-------------+-------------+-------------+-------------+-------------+-------------+-------------+-------------+-------------+-------------+-------------+-------------+-------------+-------------+-------------+-------------+-------------+-------------+-------------+-------------+-------------+-------------+-------------+-------------+-------------+-------------+-------------+-------------+-------------+-------------+-------------+-------------+-------------+-------------+-------------+-------------+-------------+-------------+-------------+-------------+-------------+-------------+-------------+-------------+-------------+-------------+-------------+-------------+-------------+
|       ACTUAL_CPU_CLOCK      |  FIXC1  | 12582920000 | 12583090000 | 12582950000 | 12582940000 | 12582990000 | 12582610000 | 12582970000 | 12582980000 | 12582180000 | 12582360000 | 12582360000 | 12582490000 | 12582230000 | 12582220000 | 12582110000 | 12582430000 | 12582530000 | 12582270000 | 12582180000 | 12582850000 | 12582280000 | 12582510000 | 12582590000 | 12582030000 | 12582540000 | 12582520000 | 12582520000 | 12582520000 | 12582500000 | 12582510000 | 12582510000 | 12582560000 | 12582030000 | 12582230000 | 12582510000 | 12582210000 | 12582510000 | 12582520000 | 12582890000 | 12582520000 | 12582720000 | 12582830000 | 12582750000 | 12582860000 | 12582590000 | 12582750000 | 12582310000 | 12582730000 | 12582860000 | 12582820000 | 12582460000 | 12582450000 | 12582300000 | 12582780000 | 12582870000 | 12582550000 | 12582870000 | 12582480000 | 12582430000 | 12582640000 | 12582790000 | 12582570000 | 12582460000 | 12582310000 | 12582810000 | 12582810000 | 12582380000 | 12582070000 | 12582470000 | 12582730000 | 12582480000 | 12582140000 | 12582470000 | 12582140000 | 12582400000 | 12582250000 | 12582510000 | 12582200000 | 12582510000 | 12582770000 | 12582480000 | 12582530000 | 12582160000 | 12582350000 | 12582190000 | 12582480000 | 12582500000 | 12582490000 | 12582570000 | 12582530000 | 12582380000 | 12582260000 | 12582460000 | 12582370000 | 12582530000 | 12582390000 |
|        MAX_CPU_CLOCK        |  FIXC2  | 15893930000 | 15894620000 | 15894360000 | 15894070000 | 15894560000 | 15893650000 | 15894340000 | 15894270000 | 15893220000 | 15893440000 | 15893670000 | 15893480000 | 15893260000 | 15893270000 | 15893240000 | 15893710000 | 15893730000 | 15893530000 | 15893230000 | 15893940000 | 15893600000 | 15893770000 | 15893640000 | 15893160000 | 15893880000 | 15893580000 | 15893560000 | 15893550000 | 15893540000 | 15893580000 | 15893550000 | 15893600000 | 15893200000 | 15893250000 | 15893850000 | 15893220000 | 15893630000 | 15893840000 | 15894310000 | 15893770000 | 15893910000 | 15894230000 | 15893920000 | 15894340000 | 15893640000 | 15894210000 | 15893640000 | 15894180000 | 15894240000 | 15893990000 | 15893700000 | 15893700000 | 15893620000 | 15894080000 | 15894330000 | 15893970000 | 15894310000 | 15893690000 | 15893610000 | 15893650000 | 15894190000 | 15893640000 | 15893680000 | 15893640000 | 15894240000 | 15894250000 | 15893530000 | 15893430000 | 15893560000 | 15894200000 | 15893810000 | 15893220000 | 15893670000 | 15893220000 | 15893680000 | 15893270000 | 15893770000 | 15893290000 | 15893870000 | 15893920000 | 15893710000 | 15893700000 | 15893230000 | 15893410000 | 15893220000 | 15893760000 | 15893720000 | 15893720000 | 15893800000 | 15893710000 | 15893710000 | 15893590000 | 15893680000 | 15893650000 | 15893600000 | 15893650000 |
|     RETIRED_INSTRUCTIONS    |   PMC0  |   980854600 |   983407400 |   979402000 |   978735700 |   977405800 |   977830200 |   976696400 |   976579400 |  1048445000 |  1048492000 |  1044331000 |  1044032000 |  1041142000 |  1041013000 |  1039930000 |  1039578000 |  1027319000 |  1027392000 |  1024385000 |  1024540000 |  1022618000 |  1022425000 |  1021403000 |  1021245000 |   996218600 |   997718900 |   993520900 |   992888100 |   992975300 |   992782200 |   991982000 |   991892400 |  1044667000 |  1045953000 |  1040305000 |  1041685000 |  1038584000 |  1038916000 |  1037149000 |  1036968000 |  1022088000 |  1022360000 |  1019344000 |  1019183000 |  1017339000 |  1017495000 |  1016269000 |  1016087000 |   992738500 |   994496000 |   990727100 |   989714800 |   988716500 |   989084800 |   988078600 |   988031200 |  1044973000 |  1044325000 |  1040738000 |  1041761000 |  1038738000 |  1038368000 |  1036723000 |  1037261000 |  1020772000 |  1020471000 |  1017689000 |  1017548000 |  1015511000 |  1015772000 |  1014649000 |  1014772000 |   995014600 |   995878200 |   993812700 |   992616800 |   991318600 |   991666900 |   990410800 |   990486400 |  1047208000 |  1047687000 |  1043604000 |  1043001000 |  1041125000 |  1041072000 |  1039712000 |  1039576000 |  1023549000 |  1021194000 |  1020481000 |  1019981000 |  1018342000 |  1018177000 |  1017295000 |  1017289000 |
|     CPU_CLOCKS_UNHALTED     |   PMC1  | 12463790000 | 12474770000 | 12472490000 | 12476740000 | 12472850000 | 12472990000 | 12475310000 | 12472690000 | 12478060000 | 12478160000 | 12478530000 | 12478160000 | 12478030000 | 12477780000 | 12477950000 | 12478440000 | 12477770000 | 12477610000 | 12477100000 | 12476350000 | 12476850000 | 12475860000 | 12476730000 | 12476480000 | 12477060000 | 12477940000 | 12475110000 | 12476370000 | 12478250000 | 12478300000 | 12479110000 | 12476590000 | 12476540000 | 12476850000 | 12474910000 | 12476960000 | 12477040000 | 12477130000 | 12477200000 | 12476730000 | 12477170000 | 12476350000 | 12476420000 | 12476270000 | 12476070000 | 12478080000 | 12477870000 | 12475790000 | 12474470000 | 12477810000 | 12475770000 | 12478450000 | 12476050000 | 12476200000 | 12477140000 | 12477600000 | 12478730000 | 12480630000 | 12480760000 | 12485640000 | 12480970000 | 12480720000 | 12478060000 | 12481000000 | 12478400000 | 12478930000 | 12477600000 | 12477770000 | 12479530000 | 12479680000 | 12479370000 | 12479620000 | 12474800000 | 12475780000 | 12477440000 | 12477230000 | 12475390000 | 12476110000 | 12475560000 | 12476190000 | 12477710000 | 12477590000 | 12477770000 | 12478200000 | 12478190000 | 12477940000 | 12478170000 | 12478070000 | 12483020000 | 12463670000 | 12482340000 | 12482740000 | 12482840000 | 12481980000 | 12480040000 | 12481390000 |
|  DRAM_READS_LOCAL_CHANNEL_0 |   DFC0  |  2083485000 |           0 |           0 |           0 |           0 |           0 |           0 |           0 |           0 |           0 |           0 |           0 |           0 |           0 |           0 |           0 |           0 |           0 |           0 |           0 |           0 |           0 |           0 |           0 |           0 |           0 |           0 |           0 |           0 |           0 |           0 |           0 |           0 |           0 |           0 |           0 |           0 |           0 |           0 |           0 |           0 |           0 |           0 |           0 |           0 |           0 |           0 |           0 |           0 |           0 |           0 |           0 |           0 |           0 |           0 |           0 |           0 |           0 |           0 |           0 |           0 |           0 |           0 |           0 |           0 |           0 |           0 |           0 |           0 |           0 |           0 |           0 |           0 |           0 |           0 |           0 |           0 |           0 |           0 |           0 |           0 |           0 |           0 |           0 |           0 |           0 |           0 |           0 |           0 |           0 |           0 |           0 |           0 |           0 |           0 |           0 |
|  DRAM_READS_LOCAL_CHANNEL_1 |   DFC1  |  2083559000 |           0 |           0 |           0 |           0 |           0 |           0 |           0 |           0 |           0 |           0 |           0 |           0 |           0 |           0 |           0 |           0 |           0 |           0 |           0 |           0 |           0 |           0 |           0 |           0 |           0 |           0 |           0 |           0 |           0 |           0 |           0 |           0 |           0 |           0 |           0 |           0 |           0 |           0 |           0 |           0 |           0 |           0 |           0 |           0 |           0 |           0 |           0 |           0 |           0 |           0 |           0 |           0 |           0 |           0 |           0 |           0 |           0 |           0 |           0 |           0 |           0 |           0 |           0 |           0 |           0 |           0 |           0 |           0 |           0 |           0 |           0 |           0 |           0 |           0 |           0 |           0 |           0 |           0 |           0 |           0 |           0 |           0 |           0 |           0 |           0 |           0 |           0 |           0 |           0 |           0 |           0 |           0 |           0 |           0 |           0 |
|  DRAM_READS_LOCAL_CHANNEL_2 |   DFC2  |  2083569000 |           0 |           0 |           0 |           0 |           0 |           0 |           0 |           0 |           0 |           0 |           0 |           0 |           0 |           0 |           0 |           0 |           0 |           0 |           0 |           0 |           0 |           0 |           0 |           0 |           0 |           0 |           0 |           0 |           0 |           0 |           0 |           0 |           0 |           0 |           0 |           0 |           0 |           0 |           0 |           0 |           0 |           0 |           0 |           0 |           0 |           0 |           0 |           0 |           0 |           0 |           0 |           0 |           0 |           0 |           0 |           0 |           0 |           0 |           0 |           0 |           0 |           0 |           0 |           0 |           0 |           0 |           0 |           0 |           0 |           0 |           0 |           0 |           0 |           0 |           0 |           0 |           0 |           0 |           0 |           0 |           0 |           0 |           0 |           0 |           0 |           0 |           0 |           0 |           0 |           0 |           0 |           0 |           0 |           0 |           0 |
|  DRAM_READS_LOCAL_CHANNEL_3 |   DFC3  |  2084069000 |           0 |           0 |           0 |           0 |           0 |           0 |           0 |           0 |           0 |           0 |           0 |           0 |           0 |           0 |           0 |           0 |           0 |           0 |           0 |           0 |           0 |           0 |           0 |           0 |           0 |           0 |           0 |           0 |           0 |           0 |           0 |           0 |           0 |           0 |           0 |           0 |           0 |           0 |           0 |           0 |           0 |           0 |           0 |           0 |           0 |           0 |           0 |           0 |           0 |           0 |           0 |           0 |           0 |           0 |           0 |           0 |           0 |           0 |           0 |           0 |           0 |           0 |           0 |           0 |           0 |           0 |           0 |           0 |           0 |           0 |           0 |           0 |           0 |           0 |           0 |           0 |           0 |           0 |           0 |           0 |           0 |           0 |           0 |           0 |           0 |           0 |           0 |           0 |           0 |           0 |           0 |           0 |           0 |           0 |           0 |
|  DRAM_READS_LOCAL_CHANNEL_4 |   DFC4  |  2084413000 |           0 |           0 |           0 |           0 |           0 |           0 |           0 |           0 |           0 |           0 |           0 |           0 |           0 |           0 |           0 |           0 |           0 |           0 |           0 |           0 |           0 |           0 |           0 |           0 |           0 |           0 |           0 |           0 |           0 |           0 |           0 |           0 |           0 |           0 |           0 |           0 |           0 |           0 |           0 |           0 |           0 |           0 |           0 |           0 |           0 |           0 |           0 |           0 |           0 |           0 |           0 |           0 |           0 |           0 |           0 |           0 |           0 |           0 |           0 |           0 |           0 |           0 |           0 |           0 |           0 |           0 |           0 |           0 |           0 |           0 |           0 |           0 |           0 |           0 |           0 |           0 |           0 |           0 |           0 |           0 |           0 |           0 |           0 |           0 |           0 |           0 |           0 |           0 |           0 |           0 |           0 |           0 |           0 |           0 |           0 |
|  DRAM_READS_LOCAL_CHANNEL_5 |   DFC5  |  2083985000 |           0 |           0 |           0 |           0 |           0 |           0 |           0 |           0 |           0 |           0 |           0 |           0 |           0 |           0 |           0 |           0 |           0 |           0 |           0 |           0 |           0 |           0 |           0 |           0 |           0 |           0 |           0 |           0 |           0 |           0 |           0 |           0 |           0 |           0 |           0 |           0 |           0 |           0 |           0 |           0 |           0 |           0 |           0 |           0 |           0 |           0 |           0 |           0 |           0 |           0 |           0 |           0 |           0 |           0 |           0 |           0 |           0 |           0 |           0 |           0 |           0 |           0 |           0 |           0 |           0 |           0 |           0 |           0 |           0 |           0 |           0 |           0 |           0 |           0 |           0 |           0 |           0 |           0 |           0 |           0 |           0 |           0 |           0 |           0 |           0 |           0 |           0 |           0 |           0 |           0 |           0 |           0 |           0 |           0 |           0 |
|  DRAM_READS_LOCAL_CHANNEL_6 |   DFC6  |  2085074000 |           0 |           0 |           0 |           0 |           0 |           0 |           0 |           0 |           0 |           0 |           0 |           0 |           0 |           0 |           0 |           0 |           0 |           0 |           0 |           0 |           0 |           0 |           0 |           0 |           0 |           0 |           0 |           0 |           0 |           0 |           0 |           0 |           0 |           0 |           0 |           0 |           0 |           0 |           0 |           0 |           0 |           0 |           0 |           0 |           0 |           0 |           0 |           0 |           0 |           0 |           0 |           0 |           0 |           0 |           0 |           0 |           0 |           0 |           0 |           0 |           0 |           0 |           0 |           0 |           0 |           0 |           0 |           0 |           0 |           0 |           0 |           0 |           0 |           0 |           0 |           0 |           0 |           0 |           0 |           0 |           0 |           0 |           0 |           0 |           0 |           0 |           0 |           0 |           0 |           0 |           0 |           0 |           0 |           0 |           0 |
|  DRAM_READS_LOCAL_CHANNEL_7 |   DFC7  |  2084761000 |           0 |           0 |           0 |           0 |           0 |           0 |           0 |           0 |           0 |           0 |           0 |           0 |           0 |           0 |           0 |           0 |           0 |           0 |           0 |           0 |           0 |           0 |           0 |           0 |           0 |           0 |           0 |           0 |           0 |           0 |           0 |           0 |           0 |           0 |           0 |           0 |           0 |           0 |           0 |           0 |           0 |           0 |           0 |           0 |           0 |           0 |           0 |           0 |           0 |           0 |           0 |           0 |           0 |           0 |           0 |           0 |           0 |           0 |           0 |           0 |           0 |           0 |           0 |           0 |           0 |           0 |           0 |           0 |           0 |           0 |           0 |           0 |           0 |           0 |           0 |           0 |           0 |           0 |           0 |           0 |           0 |           0 |           0 |           0 |           0 |           0 |           0 |           0 |           0 |           0 |           0 |           0 |           0 |           0 |           0 |
|  DRAM_READS_LOCAL_CHANNEL_8 |   DFC8  |  2085263000 |           0 |           0 |           0 |           0 |           0 |           0 |           0 |           0 |           0 |           0 |           0 |           0 |           0 |           0 |           0 |           0 |           0 |           0 |           0 |           0 |           0 |           0 |           0 |           0 |           0 |           0 |           0 |           0 |           0 |           0 |           0 |           0 |           0 |           0 |           0 |           0 |           0 |           0 |           0 |           0 |           0 |           0 |           0 |           0 |           0 |           0 |           0 |           0 |           0 |           0 |           0 |           0 |           0 |           0 |           0 |           0 |           0 |           0 |           0 |           0 |           0 |           0 |           0 |           0 |           0 |           0 |           0 |           0 |           0 |           0 |           0 |           0 |           0 |           0 |           0 |           0 |           0 |           0 |           0 |           0 |           0 |           0 |           0 |           0 |           0 |           0 |           0 |           0 |           0 |           0 |           0 |           0 |           0 |           0 |           0 |
|  DRAM_READS_LOCAL_CHANNEL_9 |   DFC9  |  2084270000 |           0 |           0 |           0 |           0 |           0 |           0 |           0 |           0 |           0 |           0 |           0 |           0 |           0 |           0 |           0 |           0 |           0 |           0 |           0 |           0 |           0 |           0 |           0 |           0 |           0 |           0 |           0 |           0 |           0 |           0 |           0 |           0 |           0 |           0 |           0 |           0 |           0 |           0 |           0 |           0 |           0 |           0 |           0 |           0 |           0 |           0 |           0 |           0 |           0 |           0 |           0 |           0 |           0 |           0 |           0 |           0 |           0 |           0 |           0 |           0 |           0 |           0 |           0 |           0 |           0 |           0 |           0 |           0 |           0 |           0 |           0 |           0 |           0 |           0 |           0 |           0 |           0 |           0 |           0 |           0 |           0 |           0 |           0 |           0 |           0 |           0 |           0 |           0 |           0 |           0 |           0 |           0 |           0 |           0 |           0 |
| DRAM_READS_LOCAL_CHANNEL_10 |  DFC10  |  2084169000 |           0 |           0 |           0 |           0 |           0 |           0 |           0 |           0 |           0 |           0 |           0 |           0 |           0 |           0 |           0 |           0 |           0 |           0 |           0 |           0 |           0 |           0 |           0 |           0 |           0 |           0 |           0 |           0 |           0 |           0 |           0 |           0 |           0 |           0 |           0 |           0 |           0 |           0 |           0 |           0 |           0 |           0 |           0 |           0 |           0 |           0 |           0 |           0 |           0 |           0 |           0 |           0 |           0 |           0 |           0 |           0 |           0 |           0 |           0 |           0 |           0 |           0 |           0 |           0 |           0 |           0 |           0 |           0 |           0 |           0 |           0 |           0 |           0 |           0 |           0 |           0 |           0 |           0 |           0 |           0 |           0 |           0 |           0 |           0 |           0 |           0 |           0 |           0 |           0 |           0 |           0 |           0 |           0 |           0 |           0 |
| DRAM_READS_LOCAL_CHANNEL_11 |  DFC11  |  2084139000 |           0 |           0 |           0 |           0 |           0 |           0 |           0 |           0 |           0 |           0 |           0 |           0 |           0 |           0 |           0 |           0 |           0 |           0 |           0 |           0 |           0 |           0 |           0 |           0 |           0 |           0 |           0 |           0 |           0 |           0 |           0 |           0 |           0 |           0 |           0 |           0 |           0 |           0 |           0 |           0 |           0 |           0 |           0 |           0 |           0 |           0 |           0 |           0 |           0 |           0 |           0 |           0 |           0 |           0 |           0 |           0 |           0 |           0 |           0 |           0 |           0 |           0 |           0 |           0 |           0 |           0 |           0 |           0 |           0 |           0 |           0 |           0 |           0 |           0 |           0 |           0 |           0 |           0 |           0 |           0 |           0 |           0 |           0 |           0 |           0 |           0 |           0 |           0 |           0 |           0 |           0 |           0 |           0 |           0 |           0 |
+-----------------------------+---------+-------------+-------------+-------------+-------------+-------------+-------------+-------------+-------------+-------------+-------------+-------------+-------------+-------------+-------------+-------------+-------------+-------------+-------------+-------------+-------------+-------------+-------------+-------------+-------------+-------------+-------------+-------------+-------------+-------------+-------------+-------------+-------------+-------------+-------------+-------------+-------------+-------------+-------------+-------------+-------------+-------------+-------------+-------------+-------------+-------------+-------------+-------------+-------------+-------------+-------------+-------------+-------------+-------------+-------------+-------------+-------------+-------------+-------------+-------------+-------------+-------------+-------------+-------------+-------------+-------------+-------------+-------------+-------------+-------------+-------------+-------------+-------------+-------------+-------------+-------------+-------------+-------------+-------------+-------------+-------------+-------------+-------------+-------------+-------------+-------------+-------------+-------------+-------------+-------------+-------------+-------------+-------------+-------------+-------------+-------------+-------------+

+----------------------------------+---------+---------------+-------------+-------------+--------------+
|               Event              | Counter |      Sum      |     Min     |     Max     |      Avg     |
+----------------------------------+---------+---------------+-------------+-------------+--------------+
|       ACTUAL_CPU_CLOCK STAT      |  FIXC1  | 1207921660000 | 12582030000 | 12583090000 | 1.258252e+10 |
|        MAX_CPU_CLOCK STAT        |  FIXC2  | 1525798500000 | 15893160000 | 15894620000 |  15893734375 |
|     RETIRED_INSTRUCTIONS STAT    |   PMC0  |   97615728400 |   976579400 |  1048492000 | 1.016831e+09 |
|     CPU_CLOCKS_UNHALTED STAT     |   PMC1  | 1197828660000 | 12463670000 | 12485640000 |  12477381875 |
|  DRAM_READS_LOCAL_CHANNEL_0 STAT |   DFC0  |    2083485000 |           0 |  2083485000 | 2.170297e+07 |
|  DRAM_READS_LOCAL_CHANNEL_1 STAT |   DFC1  |    2083559000 |           0 |  2083559000 | 2.170374e+07 |
|  DRAM_READS_LOCAL_CHANNEL_2 STAT |   DFC2  |    2083569000 |           0 |  2083569000 | 2.170384e+07 |
|  DRAM_READS_LOCAL_CHANNEL_3 STAT |   DFC3  |    2084069000 |           0 |  2084069000 | 2.170905e+07 |
|  DRAM_READS_LOCAL_CHANNEL_4 STAT |   DFC4  |    2084413000 |           0 |  2084413000 | 2.171264e+07 |
|  DRAM_READS_LOCAL_CHANNEL_5 STAT |   DFC5  |    2083985000 |           0 |  2083985000 | 2.170818e+07 |
|  DRAM_READS_LOCAL_CHANNEL_6 STAT |   DFC6  |    2085074000 |           0 |  2085074000 | 2.171952e+07 |
|  DRAM_READS_LOCAL_CHANNEL_7 STAT |   DFC7  |    2084761000 |           0 |  2084761000 | 2.171626e+07 |
|  DRAM_READS_LOCAL_CHANNEL_8 STAT |   DFC8  |    2085263000 |           0 |  2085263000 | 2.172149e+07 |
|  DRAM_READS_LOCAL_CHANNEL_9 STAT |   DFC9  |    2084270000 |           0 |  2084270000 | 2.171115e+07 |
| DRAM_READS_LOCAL_CHANNEL_10 STAT |  DFC10  |    2084169000 |           0 |  2084169000 | 2.171009e+07 |
| DRAM_READS_LOCAL_CHANNEL_11 STAT |  DFC11  |    2084139000 |           0 |  2084139000 | 2.170978e+07 |
+----------------------------------+---------+---------------+-------------+-------------+--------------+

+----------------------------------+-------------+------------+------------+------------+------------+------------+------------+------------+------------+------------+-------------+-------------+-------------+-------------+-------------+-------------+-------------+-------------+-------------+-------------+-------------+-------------+-------------+-------------+-------------+-------------+-------------+-------------+-------------+-------------+-------------+-------------+-------------+-------------+-------------+-------------+-------------+-------------+-------------+-------------+-------------+-------------+-------------+-------------+-------------+-------------+-------------+-------------+-------------+-------------+-------------+-------------+-------------+-------------+-------------+-------------+-------------+-------------+-------------+-------------+-------------+-------------+-------------+-------------+-------------+-------------+-------------+-------------+-------------+-------------+-------------+-------------+-------------+-------------+-------------+-------------+-------------+-------------+-------------+-------------+-------------+-------------+-------------+-------------+-------------+-------------+-------------+-------------+-------------+-------------+-------------+-------------+-------------+-------------+-------------+-------------+
|              Metric              |  HWThread 0 | HWThread 1 | HWThread 2 | HWThread 3 | HWThread 4 | HWThread 5 | HWThread 6 | HWThread 7 | HWThread 8 | HWThread 9 | HWThread 10 | HWThread 11 | HWThread 12 | HWThread 13 | HWThread 14 | HWThread 15 | HWThread 16 | HWThread 17 | HWThread 18 | HWThread 19 | HWThread 20 | HWThread 21 | HWThread 22 | HWThread 23 | HWThread 24 | HWThread 25 | HWThread 26 | HWThread 27 | HWThread 28 | HWThread 29 | HWThread 30 | HWThread 31 | HWThread 32 | HWThread 33 | HWThread 34 | HWThread 35 | HWThread 36 | HWThread 37 | HWThread 38 | HWThread 39 | HWThread 40 | HWThread 41 | HWThread 42 | HWThread 43 | HWThread 44 | HWThread 45 | HWThread 46 | HWThread 47 | HWThread 48 | HWThread 49 | HWThread 50 | HWThread 51 | HWThread 52 | HWThread 53 | HWThread 54 | HWThread 55 | HWThread 56 | HWThread 57 | HWThread 58 | HWThread 59 | HWThread 60 | HWThread 61 | HWThread 62 | HWThread 63 | HWThread 64 | HWThread 65 | HWThread 66 | HWThread 67 | HWThread 68 | HWThread 69 | HWThread 70 | HWThread 71 | HWThread 72 | HWThread 73 | HWThread 74 | HWThread 75 | HWThread 76 | HWThread 77 | HWThread 78 | HWThread 79 | HWThread 80 | HWThread 81 | HWThread 82 | HWThread 83 | HWThread 84 | HWThread 85 | HWThread 86 | HWThread 87 | HWThread 88 | HWThread 89 | HWThread 90 | HWThread 91 | HWThread 92 | HWThread 93 | HWThread 94 | HWThread 95 |
+----------------------------------+-------------+------------+------------+------------+------------+------------+------------+------------+------------+------------+-------------+-------------+-------------+-------------+-------------+-------------+-------------+-------------+-------------+-------------+-------------+-------------+-------------+-------------+-------------+-------------+-------------+-------------+-------------+-------------+-------------+-------------+-------------+-------------+-------------+-------------+-------------+-------------+-------------+-------------+-------------+-------------+-------------+-------------+-------------+-------------+-------------+-------------+-------------+-------------+-------------+-------------+-------------+-------------+-------------+-------------+-------------+-------------+-------------+-------------+-------------+-------------+-------------+-------------+-------------+-------------+-------------+-------------+-------------+-------------+-------------+-------------+-------------+-------------+-------------+-------------+-------------+-------------+-------------+-------------+-------------+-------------+-------------+-------------+-------------+-------------+-------------+-------------+-------------+-------------+-------------+-------------+-------------+-------------+-------------+-------------+
|        Runtime (RDTSC) [s]       |      6.6215 |     6.6223 |     6.6222 |     6.6221 |     6.6222 |     6.6219 |     6.6223 |     6.6223 |     6.6219 |     6.6219 |      6.6221 |      6.6219 |      6.6219 |      6.6219 |      6.6219 |      6.6221 |      6.6221 |      6.6220 |      6.6219 |      6.6221 |      6.6221 |      6.6219 |      6.6221 |      6.6219 |      6.6222 |      6.6221 |      6.6220 |      6.6219 |      6.6221 |      6.6221 |      6.6220 |      6.6219 |      6.6219 |      6.6219 |      6.6220 |      6.6219 |      6.6220 |      6.6220 |      6.6221 |      6.6218 |      6.6219 |      6.6221 |      6.6221 |      6.6221 |      6.6221 |      6.6219 |      6.6219 |      6.6219 |      6.6221 |      6.6221 |      6.6221 |      6.6221 |      6.6222 |      6.6221 |      6.6221 |      6.6219 |      6.6222 |      6.6222 |      6.6221 |      6.6221 |      6.6221 |      6.6219 |      6.6220 |      6.6221 |      6.6221 |      6.6221 |      6.6220 |      6.6219 |      6.6219 |      6.6222 |      6.6219 |      6.6219 |      6.6220 |      6.6219 |      6.6221 |      6.6219 |      6.6219 |      6.6219 |      6.6220 |      6.6221 |      6.6219 |      6.6221 |      6.6219 |      6.6219 |      6.6219 |      6.6219 |      6.6219 |      6.6219 |      6.6221 |      6.6221 |      6.6221 |      6.6221 |      6.6219 |      6.6219 |      6.6219 |      6.6222 |
|       Runtime unhalted [s]       |      5.2429 |     5.2430 |     5.2429 |     5.2429 |     5.2430 |     5.2428 |     5.2429 |     5.2430 |     5.2426 |     5.2427 |      5.2427 |      5.2427 |      5.2426 |      5.2426 |      5.2426 |      5.2427 |      5.2428 |      5.2427 |      5.2426 |      5.2429 |      5.2427 |      5.2428 |      5.2428 |      5.2426 |      5.2428 |      5.2428 |      5.2428 |      5.2428 |      5.2428 |      5.2428 |      5.2428 |      5.2428 |      5.2426 |      5.2426 |      5.2428 |      5.2426 |      5.2428 |      5.2428 |      5.2429 |      5.2428 |      5.2428 |      5.2429 |      5.2429 |      5.2429 |      5.2428 |      5.2429 |      5.2427 |      5.2428 |      5.2429 |      5.2429 |      5.2427 |      5.2427 |      5.2427 |      5.2429 |      5.2429 |      5.2428 |      5.2429 |      5.2427 |      5.2427 |      5.2428 |      5.2429 |      5.2428 |      5.2427 |      5.2427 |      5.2429 |      5.2429 |      5.2427 |      5.2426 |      5.2427 |      5.2428 |      5.2427 |      5.2426 |      5.2427 |      5.2426 |      5.2427 |      5.2426 |      5.2428 |      5.2426 |      5.2428 |      5.2429 |      5.2427 |      5.2428 |      5.2426 |      5.2427 |      5.2426 |      5.2427 |      5.2428 |      5.2427 |      5.2428 |      5.2428 |      5.2427 |      5.2427 |      5.2427 |      5.2427 |      5.2428 |      5.2427 |
|            Clock [MHz]           |   1900.0187 |  1899.9619 |  1899.9719 |  1900.0050 |  1899.9540 |  1900.0054 |  1899.9773 |  1899.9871 |  1899.9919 |  1899.9927 |   1899.9652 |   1900.0076 |   1899.9946 |   1899.9919 |   1899.9789 |   1899.9710 |   1899.9837 |   1899.9684 |   1899.9907 |   1900.0070 |   1899.9615 |   1899.9759 |   1900.0036 |   1899.9764 |   1899.9673 |   1900.0002 |   1900.0026 |   1900.0038 |   1900.0019 |   1899.9987 |   1900.0022 |   1900.0038 |   1899.9716 |   1899.9958 |   1899.9664 |   1899.9964 |   1899.9927 |   1899.9691 |   1899.9688 |   1899.9775 |   1899.9909 |   1899.9693 |   1899.9943 |   1899.9607 |   1900.0036 |   1899.9596 |   1899.9613 |   1899.9602 |   1899.9726 |   1899.9965 |   1899.9768 |   1899.9753 |   1899.9622 |   1899.9797 |   1899.9634 |   1899.9581 |   1899.9658 |   1899.9810 |   1899.9830 |   1900.0099 |   1899.9680 |   1900.0005 |   1899.9792 |   1899.9613 |   1899.9651 |   1899.9639 |   1899.9850 |   1899.9501 |   1899.9950 |   1899.9578 |   1899.9666 |   1899.9858 |   1899.9819 |   1899.9858 |   1899.9701 |   1899.9965 |   1899.9759 |   1899.9865 |   1899.9640 |   1899.9973 |   1899.9786 |   1899.9873 |   1899.9876 |   1899.9948 |   1899.9934 |   1899.9726 |   1899.9804 |   1899.9789 |   1899.9814 |   1899.9861 |   1899.9635 |   1899.9597 |   1899.9792 |   1899.9691 |   1899.9993 |   1899.9722 |
|                CPI               |     12.7071 |    12.6853 |    12.7348 |    12.7478 |    12.7612 |    12.7558 |    12.7730 |    12.7718 |    11.9015 |    11.9011 |     11.9488 |     11.9519 |     11.9849 |     11.9862 |     11.9988 |     12.0034 |     12.1460 |     12.1449 |     12.1801 |     12.1775 |     12.2009 |     12.2022 |     12.2153 |     12.2169 |     12.5244 |     12.5065 |     12.5565 |     12.5657 |     12.5665 |     12.5690 |     12.5800 |     12.5786 |     11.9431 |     11.9287 |     11.9916 |     11.9777 |     12.0135 |     12.0098 |     12.0303 |     12.0319 |     12.2075 |     12.2035 |     12.2397 |     12.2414 |     12.2634 |     12.2635 |     12.2781 |     12.2783 |     12.5657 |     12.5469 |     12.5925 |     12.6081 |     12.6184 |     12.6139 |     12.6277 |     12.6288 |     11.9417 |     11.9509 |     11.9922 |     11.9851 |     12.0155 |     12.0196 |     12.0361 |     12.0327 |     12.2245 |     12.2286 |     12.2607 |     12.2626 |     12.2889 |     12.2859 |     12.2992 |     12.2980 |     12.5373 |     12.5274 |     12.5551 |     12.5700 |     12.5846 |     12.5809 |     12.5963 |     12.5960 |     11.9152 |     11.9097 |     11.9564 |     11.9637 |     11.9853 |     11.9857 |     12.0016 |     12.0030 |     12.1958 |     12.2050 |     12.2318 |     12.2382 |     12.2580 |     12.2591 |     12.2679 |     12.2693 |
| Memory read bandwidth [MBytes/s] | 241740.9802 |          0 |          0 |          0 |          0 |          0 |          0 |          0 |          0 |          0 |           0 |           0 |           0 |           0 |           0 |           0 |           0 |           0 |           0 |           0 |           0 |           0 |           0 |           0 |           0 |           0 |           0 |           0 |           0 |           0 |           0 |           0 |           0 |           0 |           0 |           0 |           0 |           0 |           0 |           0 |           0 |           0 |           0 |           0 |           0 |           0 |           0 |           0 |           0 |           0 |           0 |           0 |           0 |           0 |           0 |           0 |           0 |           0 |           0 |           0 |           0 |           0 |           0 |           0 |           0 |           0 |           0 |           0 |           0 |           0 |           0 |           0 |           0 |           0 |           0 |           0 |           0 |           0 |           0 |           0 |           0 |           0 |           0 |           0 |           0 |           0 |           0 |           0 |           0 |           0 |           0 |           0 |           0 |           0 |           0 |           0 |
| Memory read data volume [GBytes] |   1600.6884 |          0 |          0 |          0 |          0 |          0 |          0 |          0 |          0 |          0 |           0 |           0 |           0 |           0 |           0 |           0 |           0 |           0 |           0 |           0 |           0 |           0 |           0 |           0 |           0 |           0 |           0 |           0 |           0 |           0 |           0 |           0 |           0 |           0 |           0 |           0 |           0 |           0 |           0 |           0 |           0 |           0 |           0 |           0 |           0 |           0 |           0 |           0 |           0 |           0 |           0 |           0 |           0 |           0 |           0 |           0 |           0 |           0 |           0 |           0 |           0 |           0 |           0 |           0 |           0 |           0 |           0 |           0 |           0 |           0 |           0 |           0 |           0 |           0 |           0 |           0 |           0 |           0 |           0 |           0 |           0 |           0 |           0 |           0 |           0 |           0 |           0 |           0 |           0 |           0 |           0 |           0 |           0 |           0 |           0 |           0 |
+----------------------------------+-------------+------------+------------+------------+------------+------------+------------+------------+------------+------------+-------------+-------------+-------------+-------------+-------------+-------------+-------------+-------------+-------------+-------------+-------------+-------------+-------------+-------------+-------------+-------------+-------------+-------------+-------------+-------------+-------------+-------------+-------------+-------------+-------------+-------------+-------------+-------------+-------------+-------------+-------------+-------------+-------------+-------------+-------------+-------------+-------------+-------------+-------------+-------------+-------------+-------------+-------------+-------------+-------------+-------------+-------------+-------------+-------------+-------------+-------------+-------------+-------------+-------------+-------------+-------------+-------------+-------------+-------------+-------------+-------------+-------------+-------------+-------------+-------------+-------------+-------------+-------------+-------------+-------------+-------------+-------------+-------------+-------------+-------------+-------------+-------------+-------------+-------------+-------------+-------------+-------------+-------------+-------------+-------------+-------------+

+---------------------------------------+-------------+-----------+-------------+-----------+
|                 Metric                |     Sum     |    Min    |     Max     |    Avg    |
+---------------------------------------+-------------+-----------+-------------+-----------+
|        Runtime (RDTSC) [s] STAT       |    635.7133 |    6.6215 |      6.6223 |    6.6220 |
|       Runtime unhalted [s] STAT       |    503.3053 |    5.2426 |      5.2430 |    5.2428 |
|            Clock [MHz] STAT           | 182398.2057 | 1899.9501 |   1900.0187 | 1899.9813 |
|                CPI STAT               |   1178.5639 |   11.9011 |     12.7730 |   12.2767 |
| Memory read bandwidth [MBytes/s] STAT | 241740.9802 |         0 | 241740.9802 | 2518.1352 |
| Memory read data volume [GBytes] STAT |   1600.6884 |         0 |   1600.6884 |   16.6738 |
+---------------------------------------+-------------+-----------+-------------+-----------+

