INFO: You are running LIKWID in a cpuset with 192 CPUs. Taking given IDs as logical ID in cpuset
--------------------------------------------------------------------------------
CPU name:	AMD EPYC 9654 96-Core Processor                
CPU type:	AMD K19 (Zen4) architecture
CPU clock:	2.40 GHz
--------------------------------------------------------------------------------
Warning: Sanitizing vector length to a multiple of the loop stride 8 and thread count 96 from 6000000 elements (48000000 bytes) to 5999616 elements (47996928 bytes)
Allocate: Process running on hwthread 0 (Domain N) - Vector length 5999616/47996928 Offset 0 Alignment 512
Initialization: Each thread in domain initializes its own stream chunks
--------------------------------------------------------------------------------
LIKWID MICRO BENCHMARK
Test: peakflops_avx512_fma
--------------------------------------------------------------------------------
Using 1 work groups
Using 96 threads
--------------------------------------------------------------------------------
Using Likwid Marker API
--------------------------------------------------------------------------------
Group: 0 Thread 0 Global Thread 0 running on hwthread 0 - Vector length 62496 Offset 0
Group: 0 Thread 1 Global Thread 1 running on hwthread 1 - Vector length 62496 Offset 62496
Group: 0 Thread 2 Global Thread 2 running on hwthread 2 - Vector length 62496 Offset 124992
Group: 0 Thread 3 Global Thread 3 running on hwthread 3 - Vector length 62496 Offset 187488
Group: 0 Thread 4 Global Thread 4 running on hwthread 4 - Vector length 62496 Offset 249984
Group: 0 Thread 5 Global Thread 5 running on hwthread 5 - Vector length 62496 Offset 312480
Group: 0 Thread 6 Global Thread 6 running on hwthread 6 - Vector length 62496 Offset 374976
Group: 0 Thread 7 Global Thread 7 running on hwthread 7 - Vector length 62496 Offset 437472
Group: 0 Thread 8 Global Thread 8 running on hwthread 8 - Vector length 62496 Offset 499968
Group: 0 Thread 9 Global Thread 9 running on hwthread 9 - Vector length 62496 Offset 562464
Group: 0 Thread 10 Global Thread 10 running on hwthread 10 - Vector length 62496 Offset 624960
Group: 0 Thread 11 Global Thread 11 running on hwthread 11 - Vector length 62496 Offset 687456
Group: 0 Thread 12 Global Thread 12 running on hwthread 12 - Vector length 62496 Offset 749952
Group: 0 Thread 13 Global Thread 13 running on hwthread 13 - Vector length 62496 Offset 812448
Group: 0 Thread 14 Global Thread 14 running on hwthread 14 - Vector length 62496 Offset 874944
Group: 0 Thread 15 Global Thread 15 running on hwthread 15 - Vector length 62496 Offset 937440
Group: 0 Thread 16 Global Thread 16 running on hwthread 16 - Vector length 62496 Offset 999936
Group: 0 Thread 17 Global Thread 17 running on hwthread 17 - Vector length 62496 Offset 1062432
Group: 0 Thread 18 Global Thread 18 running on hwthread 18 - Vector length 62496 Offset 1124928
Group: 0 Thread 19 Global Thread 19 running on hwthread 19 - Vector length 62496 Offset 1187424
Group: 0 Thread 20 Global Thread 20 running on hwthread 20 - Vector length 62496 Offset 1249920
Group: 0 Thread 21 Global Thread 21 running on hwthread 21 - Vector length 62496 Offset 1312416
Group: 0 Thread 22 Global Thread 22 running on hwthread 22 - Vector length 62496 Offset 1374912
Group: 0 Thread 23 Global Thread 23 running on hwthread 23 - Vector length 62496 Offset 1437408
Group: 0 Thread 24 Global Thread 24 running on hwthread 24 - Vector length 62496 Offset 1499904
Group: 0 Thread 25 Global Thread 25 running on hwthread 25 - Vector length 62496 Offset 1562400
Group: 0 Thread 26 Global Thread 26 running on hwthread 26 - Vector length 62496 Offset 1624896
Group: 0 Thread 27 Global Thread 27 running on hwthread 27 - Vector length 62496 Offset 1687392
Group: 0 Thread 28 Global Thread 28 running on hwthread 28 - Vector length 62496 Offset 1749888
Group: 0 Thread 29 Global Thread 29 running on hwthread 29 - Vector length 62496 Offset 1812384
Group: 0 Thread 30 Global Thread 30 running on hwthread 30 - Vector length 62496 Offset 1874880
Group: 0 Thread 31 Global Thread 31 running on hwthread 31 - Vector length 62496 Offset 1937376
Group: 0 Thread 32 Global Thread 32 running on hwthread 32 - Vector length 62496 Offset 1999872
Group: 0 Thread 33 Global Thread 33 running on hwthread 33 - Vector length 62496 Offset 2062368
Group: 0 Thread 34 Global Thread 34 running on hwthread 34 - Vector length 62496 Offset 2124864
Group: 0 Thread 35 Global Thread 35 running on hwthread 35 - Vector length 62496 Offset 2187360
Group: 0 Thread 36 Global Thread 36 running on hwthread 36 - Vector length 62496 Offset 2249856
Group: 0 Thread 37 Global Thread 37 running on hwthread 37 - Vector length 62496 Offset 2312352
Group: 0 Thread 38 Global Thread 38 running on hwthread 38 - Vector length 62496 Offset 2374848
Group: 0 Thread 39 Global Thread 39 running on hwthread 39 - Vector length 62496 Offset 2437344
Group: 0 Thread 40 Global Thread 40 running on hwthread 40 - Vector length 62496 Offset 2499840
Group: 0 Thread 41 Global Thread 41 running on hwthread 41 - Vector length 62496 Offset 2562336
Group: 0 Thread 42 Global Thread 42 running on hwthread 42 - Vector length 62496 Offset 2624832
Group: 0 Thread 43 Global Thread 43 running on hwthread 43 - Vector length 62496 Offset 2687328
Group: 0 Thread 44 Global Thread 44 running on hwthread 44 - Vector length 62496 Offset 2749824
Group: 0 Thread 45 Global Thread 45 running on hwthread 45 - Vector length 62496 Offset 2812320
Group: 0 Thread 46 Global Thread 46 running on hwthread 46 - Vector length 62496 Offset 2874816
Group: 0 Thread 47 Global Thread 47 running on hwthread 47 - Vector length 62496 Offset 2937312
Group: 0 Thread 48 Global Thread 48 running on hwthread 48 - Vector length 62496 Offset 2999808
Group: 0 Thread 49 Global Thread 49 running on hwthread 49 - Vector length 62496 Offset 3062304
Group: 0 Thread 50 Global Thread 50 running on hwthread 50 - Vector length 62496 Offset 3124800
Group: 0 Thread 51 Global Thread 51 running on hwthread 51 - Vector length 62496 Offset 3187296
Group: 0 Thread 52 Global Thread 52 running on hwthread 52 - Vector length 62496 Offset 3249792
Group: 0 Thread 53 Global Thread 53 running on hwthread 53 - Vector length 62496 Offset 3312288
Group: 0 Thread 54 Global Thread 54 running on hwthread 54 - Vector length 62496 Offset 3374784
Group: 0 Thread 55 Global Thread 55 running on hwthread 55 - Vector length 62496 Offset 3437280
Group: 0 Thread 56 Global Thread 56 running on hwthread 56 - Vector length 62496 Offset 3499776
Group: 0 Thread 57 Global Thread 57 running on hwthread 57 - Vector length 62496 Offset 3562272
Group: 0 Thread 58 Global Thread 58 running on hwthread 58 - Vector length 62496 Offset 3624768
Group: 0 Thread 59 Global Thread 59 running on hwthread 59 - Vector length 62496 Offset 3687264
Group: 0 Thread 60 Global Thread 60 running on hwthread 60 - Vector length 62496 Offset 3749760
Group: 0 Thread 61 Global Thread 61 running on hwthread 61 - Vector length 62496 Offset 3812256
Group: 0 Thread 62 Global Thread 62 running on hwthread 62 - Vector length 62496 Offset 3874752
Group: 0 Thread 63 Global Thread 63 running on hwthread 63 - Vector length 62496 Offset 3937248
Group: 0 Thread 64 Global Thread 64 running on hwthread 64 - Vector length 62496 Offset 3999744
Group: 0 Thread 65 Global Thread 65 running on hwthread 65 - Vector length 62496 Offset 4062240
Group: 0 Thread 66 Global Thread 66 running on hwthread 66 - Vector length 62496 Offset 4124736
Group: 0 Thread 67 Global Thread 67 running on hwthread 67 - Vector length 62496 Offset 4187232
Group: 0 Thread 68 Global Thread 68 running on hwthread 68 - Vector length 62496 Offset 4249728
Group: 0 Thread 69 Global Thread 69 running on hwthread 69 - Vector length 62496 Offset 4312224
Group: 0 Thread 70 Global Thread 70 running on hwthread 70 - Vector length 62496 Offset 4374720
Group: 0 Thread 71 Global Thread 71 running on hwthread 71 - Vector length 62496 Offset 4437216
Group: 0 Thread 72 Global Thread 72 running on hwthread 72 - Vector length 62496 Offset 4499712
Group: 0 Thread 73 Global Thread 73 running on hwthread 73 - Vector length 62496 Offset 4562208
Group: 0 Thread 74 Global Thread 74 running on hwthread 74 - Vector length 62496 Offset 4624704
Group: 0 Thread 75 Global Thread 75 running on hwthread 75 - Vector length 62496 Offset 4687200
Group: 0 Thread 76 Global Thread 76 running on hwthread 76 - Vector length 62496 Offset 4749696
Group: 0 Thread 77 Global Thread 77 running on hwthread 77 - Vector length 62496 Offset 4812192
Group: 0 Thread 78 Global Thread 78 running on hwthread 78 - Vector length 62496 Offset 4874688
Group: 0 Thread 79 Global Thread 79 running on hwthread 79 - Vector length 62496 Offset 4937184
Group: 0 Thread 80 Global Thread 80 running on hwthread 80 - Vector length 62496 Offset 4999680
Group: 0 Thread 81 Global Thread 81 running on hwthread 81 - Vector length 62496 Offset 5062176
Group: 0 Thread 82 Global Thread 82 running on hwthread 82 - Vector length 62496 Offset 5124672
Group: 0 Thread 83 Global Thread 83 running on hwthread 83 - Vector length 62496 Offset 5187168
Group: 0 Thread 84 Global Thread 84 running on hwthread 84 - Vector length 62496 Offset 5249664
Group: 0 Thread 85 Global Thread 85 running on hwthread 85 - Vector length 62496 Offset 5312160
Group: 0 Thread 86 Global Thread 86 running on hwthread 86 - Vector length 62496 Offset 5374656
Group: 0 Thread 87 Global Thread 87 running on hwthread 87 - Vector length 62496 Offset 5437152
Group: 0 Thread 88 Global Thread 88 running on hwthread 88 - Vector length 62496 Offset 5499648
Group: 0 Thread 89 Global Thread 89 running on hwthread 89 - Vector length 62496 Offset 5562144
Group: 0 Thread 90 Global Thread 90 running on hwthread 90 - Vector length 62496 Offset 5624640
Group: 0 Thread 91 Global Thread 91 running on hwthread 91 - Vector length 62496 Offset 5687136
Group: 0 Thread 92 Global Thread 92 running on hwthread 92 - Vector length 62496 Offset 5749632
Group: 0 Thread 93 Global Thread 93 running on hwthread 93 - Vector length 62496 Offset 5812128
Group: 0 Thread 94 Global Thread 94 running on hwthread 94 - Vector length 62496 Offset 5874624
Group: 0 Thread 95 Global Thread 95 running on hwthread 95 - Vector length 62496 Offset 5937120
--------------------------------------------------------------------------------
Cycles:			749477448
CPU Clock:		2399984162
Cycle Clock:		2399984162
Time:			3.122843e-01 sec
Iterations:		480000
Iterations per thread:	5000
Inner loop executions:	7812
Size (Byte):		47996928
Size per thread:	499968
Number of Flops:	899942400000
MFlops/s:		2881804.53
Data volume (Byte):	239984640000
MByte/s:		768481.21
Cycles per update:	0.024984
Cycles per cacheline:	0.199873
Loads per update:	1
Stores per update:	0
Load bytes per element:	8
Store bytes per elem.:	0
Instructions:		71245440032
UOPs:			67495680000
--------------------------------------------------------------------------------
Writing Likwid Marker API results to file /tmp/likwid_828775.txt
--------------------------------------------------------------------------------
Region bench, Group 1: FLOPS_DP
+-------------------+------------+------------+------------+------------+------------+------------+------------+------------+------------+------------+-------------+-------------+-------------+-------------+-------------+-------------+-------------+-------------+-------------+-------------+-------------+-------------+-------------+-------------+-------------+-------------+-------------+-------------+-------------+-------------+-------------+-------------+-------------+-------------+-------------+-------------+-------------+-------------+-------------+-------------+-------------+-------------+-------------+-------------+-------------+-------------+-------------+-------------+-------------+-------------+-------------+-------------+-------------+-------------+-------------+-------------+-------------+-------------+-------------+-------------+-------------+-------------+-------------+-------------+-------------+-------------+-------------+-------------+-------------+-------------+-------------+-------------+-------------+-------------+-------------+-------------+-------------+-------------+-------------+-------------+-------------+-------------+-------------+-------------+-------------+-------------+-------------+-------------+-------------+-------------+-------------+-------------+-------------+-------------+-------------+-------------+
|    Region Info    | HWThread 0 | HWThread 1 | HWThread 2 | HWThread 3 | HWThread 4 | HWThread 5 | HWThread 6 | HWThread 7 | HWThread 8 | HWThread 9 | HWThread 10 | HWThread 11 | HWThread 12 | HWThread 13 | HWThread 14 | HWThread 15 | HWThread 16 | HWThread 17 | HWThread 18 | HWThread 19 | HWThread 20 | HWThread 21 | HWThread 22 | HWThread 23 | HWThread 24 | HWThread 25 | HWThread 26 | HWThread 27 | HWThread 28 | HWThread 29 | HWThread 30 | HWThread 31 | HWThread 32 | HWThread 33 | HWThread 34 | HWThread 35 | HWThread 36 | HWThread 37 | HWThread 38 | HWThread 39 | HWThread 40 | HWThread 41 | HWThread 42 | HWThread 43 | HWThread 44 | HWThread 45 | HWThread 46 | HWThread 47 | HWThread 48 | HWThread 49 | HWThread 50 | HWThread 51 | HWThread 52 | HWThread 53 | HWThread 54 | HWThread 55 | HWThread 56 | HWThread 57 | HWThread 58 | HWThread 59 | HWThread 60 | HWThread 61 | HWThread 62 | HWThread 63 | HWThread 64 | HWThread 65 | HWThread 66 | HWThread 67 | HWThread 68 | HWThread 69 | HWThread 70 | HWThread 71 | HWThread 72 | HWThread 73 | HWThread 74 | HWThread 75 | HWThread 76 | HWThread 77 | HWThread 78 | HWThread 79 | HWThread 80 | HWThread 81 | HWThread 82 | HWThread 83 | HWThread 84 | HWThread 85 | HWThread 86 | HWThread 87 | HWThread 88 | HWThread 89 | HWThread 90 | HWThread 91 | HWThread 92 | HWThread 93 | HWThread 94 | HWThread 95 |
+-------------------+------------+------------+------------+------------+------------+------------+------------+------------+------------+------------+-------------+-------------+-------------+-------------+-------------+-------------+-------------+-------------+-------------+-------------+-------------+-------------+-------------+-------------+-------------+-------------+-------------+-------------+-------------+-------------+-------------+-------------+-------------+-------------+-------------+-------------+-------------+-------------+-------------+-------------+-------------+-------------+-------------+-------------+-------------+-------------+-------------+-------------+-------------+-------------+-------------+-------------+-------------+-------------+-------------+-------------+-------------+-------------+-------------+-------------+-------------+-------------+-------------+-------------+-------------+-------------+-------------+-------------+-------------+-------------+-------------+-------------+-------------+-------------+-------------+-------------+-------------+-------------+-------------+-------------+-------------+-------------+-------------+-------------+-------------+-------------+-------------+-------------+-------------+-------------+-------------+-------------+-------------+-------------+-------------+-------------+
| RDTSC Runtime [s] |   0.311908 |   0.311948 |   0.311953 |   0.311952 |   0.312024 |   0.311961 |   0.312021 |   0.312090 |   0.312076 |   0.311890 |    0.311945 |    0.312083 |    0.311937 |    0.311944 |    0.311889 |    0.311947 |    0.311939 |    0.312084 |    0.311942 |    0.312080 |    0.311935 |    0.311937 |    0.312047 |    0.311942 |    0.312028 |    0.312027 |    0.312020 |    0.312071 |    0.311924 |    0.312104 |    0.312048 |    0.311931 |    0.311940 |    0.311944 |    0.311954 |    0.311924 |    0.312019 |    0.312063 |    0.312060 |    0.312054 |    0.312083 |    0.312059 |    0.311936 |    0.312061 |    0.312059 |    0.311949 |    0.311945 |    0.312059 |    0.312283 |    0.312262 |    0.312117 |    0.312057 |    0.312286 |    0.312196 |    0.312248 |    0.312050 |    0.312279 |    0.312236 |    0.312273 |    0.312015 |    0.311944 |    0.312047 |    0.312072 |    0.311899 |    0.312070 |    0.312027 |    0.311896 |    0.311947 |    0.311894 |    0.312065 |    0.311954 |    0.311945 |    0.312023 |    0.311908 |    0.312024 |    0.311947 |    0.311945 |    0.311969 |    0.311944 |    0.312102 |    0.312055 |    0.312071 |    0.312066 |    0.311944 |    0.311926 |    0.312065 |    0.311940 |    0.312056 |    0.312069 |    0.311946 |    0.311894 |    0.311946 |    0.311951 |    0.312070 |    0.311898 |    0.311897 |
|     call count    |          1 |          1 |          1 |          1 |          1 |          1 |          1 |          1 |          1 |          1 |           1 |           1 |           1 |           1 |           1 |           1 |           1 |           1 |           1 |           1 |           1 |           1 |           1 |           1 |           1 |           1 |           1 |           1 |           1 |           1 |           1 |           1 |           1 |           1 |           1 |           1 |           1 |           1 |           1 |           1 |           1 |           1 |           1 |           1 |           1 |           1 |           1 |           1 |           1 |           1 |           1 |           1 |           1 |           1 |           1 |           1 |           1 |           1 |           1 |           1 |           1 |           1 |           1 |           1 |           1 |           1 |           1 |           1 |           1 |           1 |           1 |           1 |           1 |           1 |           1 |           1 |           1 |           1 |           1 |           1 |           1 |           1 |           1 |           1 |           1 |           1 |           1 |           1 |           1 |           1 |           1 |           1 |           1 |           1 |           1 |           1 |
+-------------------+------------+------------+------------+------------+------------+------------+------------+------------+------------+------------+-------------+-------------+-------------+-------------+-------------+-------------+-------------+-------------+-------------+-------------+-------------+-------------+-------------+-------------+-------------+-------------+-------------+-------------+-------------+-------------+-------------+-------------+-------------+-------------+-------------+-------------+-------------+-------------+-------------+-------------+-------------+-------------+-------------+-------------+-------------+-------------+-------------+-------------+-------------+-------------+-------------+-------------+-------------+-------------+-------------+-------------+-------------+-------------+-------------+-------------+-------------+-------------+-------------+-------------+-------------+-------------+-------------+-------------+-------------+-------------+-------------+-------------+-------------+-------------+-------------+-------------+-------------+-------------+-------------+-------------+-------------+-------------+-------------+-------------+-------------+-------------+-------------+-------------+-------------+-------------+-------------+-------------+-------------+-------------+-------------+-------------+

+---------------------------+---------+------------+------------+------------+------------+------------+------------+------------+------------+------------+------------+-------------+-------------+-------------+-------------+-------------+-------------+-------------+-------------+-------------+-------------+-------------+-------------+-------------+-------------+-------------+-------------+-------------+-------------+-------------+-------------+-------------+-------------+-------------+-------------+-------------+-------------+-------------+-------------+-------------+-------------+-------------+-------------+-------------+-------------+-------------+-------------+-------------+-------------+-------------+-------------+-------------+-------------+-------------+-------------+-------------+-------------+-------------+-------------+-------------+-------------+-------------+-------------+-------------+-------------+-------------+-------------+-------------+-------------+-------------+-------------+-------------+-------------+-------------+-------------+-------------+-------------+-------------+-------------+-------------+-------------+-------------+-------------+-------------+-------------+-------------+-------------+-------------+-------------+-------------+-------------+-------------+-------------+-------------+-------------+-------------+-------------+
|           Event           | Counter | HWThread 0 | HWThread 1 | HWThread 2 | HWThread 3 | HWThread 4 | HWThread 5 | HWThread 6 | HWThread 7 | HWThread 8 | HWThread 9 | HWThread 10 | HWThread 11 | HWThread 12 | HWThread 13 | HWThread 14 | HWThread 15 | HWThread 16 | HWThread 17 | HWThread 18 | HWThread 19 | HWThread 20 | HWThread 21 | HWThread 22 | HWThread 23 | HWThread 24 | HWThread 25 | HWThread 26 | HWThread 27 | HWThread 28 | HWThread 29 | HWThread 30 | HWThread 31 | HWThread 32 | HWThread 33 | HWThread 34 | HWThread 35 | HWThread 36 | HWThread 37 | HWThread 38 | HWThread 39 | HWThread 40 | HWThread 41 | HWThread 42 | HWThread 43 | HWThread 44 | HWThread 45 | HWThread 46 | HWThread 47 | HWThread 48 | HWThread 49 | HWThread 50 | HWThread 51 | HWThread 52 | HWThread 53 | HWThread 54 | HWThread 55 | HWThread 56 | HWThread 57 | HWThread 58 | HWThread 59 | HWThread 60 | HWThread 61 | HWThread 62 | HWThread 63 | HWThread 64 | HWThread 65 | HWThread 66 | HWThread 67 | HWThread 68 | HWThread 69 | HWThread 70 | HWThread 71 | HWThread 72 | HWThread 73 | HWThread 74 | HWThread 75 | HWThread 76 | HWThread 77 | HWThread 78 | HWThread 79 | HWThread 80 | HWThread 81 | HWThread 82 | HWThread 83 | HWThread 84 | HWThread 85 | HWThread 86 | HWThread 87 | HWThread 88 | HWThread 89 | HWThread 90 | HWThread 91 | HWThread 92 | HWThread 93 | HWThread 94 | HWThread 95 |
+---------------------------+---------+------------+------------+------------+------------+------------+------------+------------+------------+------------+------------+-------------+-------------+-------------+-------------+-------------+-------------+-------------+-------------+-------------+-------------+-------------+-------------+-------------+-------------+-------------+-------------+-------------+-------------+-------------+-------------+-------------+-------------+-------------+-------------+-------------+-------------+-------------+-------------+-------------+-------------+-------------+-------------+-------------+-------------+-------------+-------------+-------------+-------------+-------------+-------------+-------------+-------------+-------------+-------------+-------------+-------------+-------------+-------------+-------------+-------------+-------------+-------------+-------------+-------------+-------------+-------------+-------------+-------------+-------------+-------------+-------------+-------------+-------------+-------------+-------------+-------------+-------------+-------------+-------------+-------------+-------------+-------------+-------------+-------------+-------------+-------------+-------------+-------------+-------------+-------------+-------------+-------------+-------------+-------------+-------------+-------------+
|      ACTUAL_CPU_CLOCK     |  FIXC1  |  594965300 |  594706100 |  594660900 |  595029100 |  594805400 |  595036600 |  595044700 |  594868800 |  595145600 |  594778300 |   594964800 |   595078600 |   595059200 |   595057800 |   594959300 |   594984500 |   594921800 |   594976000 |   595169000 |   594869600 |   594840300 |   594823000 |   595185500 |   595079200 |   594677200 |   594598000 |   594617100 |   594698400 |   594632300 |   594629500 |   594691600 |   594654000 |   595118600 |   595102000 |   594547200 |   594465200 |   594454800 |   594750400 |   595095000 |   594556800 |   594891700 |   594762800 |   594895700 |   594903600 |   594784400 |   594705800 |   594643600 |   594785700 |   595136700 |   595404500 |   595302300 |   595326400 |   595127200 |   595340300 |   595026600 |   595078800 |   595320500 |   594993000 |   595461300 |   595062700 |   594346700 |   595094700 |   595364500 |   594985100 |   595117900 |   594885700 |   594724300 |   594823400 |   594515800 |   595003500 |   594584800 |   594811400 |   594925400 |   594550800 |   594396800 |   594704300 |   594746800 |   594609600 |   594739400 |   594777900 |   594903000 |   595212800 |   594765100 |   595145800 |   594695500 |   594911000 |   595204600 |   595241000 |   594924000 |   594887200 |   594973800 |   594972200 |   594920100 |   594908700 |   595138900 |   594884800 |
|       MAX_CPU_CLOCK       |  FIXC2  |  751668000 |  751220300 |  751196600 |  751823000 |  751333300 |  751524200 |  751776200 |  751342000 |  751796300 |  751267400 |   751636300 |   751734400 |   751740000 |   751531900 |   751629200 |   751632700 |   751379900 |   751441600 |   751784000 |   751374100 |   751350200 |   751341200 |   751894700 |   751814800 |   751457400 |   751348100 |   751378200 |   751489000 |   751263100 |   751403400 |   751472100 |   751270200 |   751837200 |   751728200 |   751138600 |   751289700 |   751017600 |   751306100 |   751807800 |   751301900 |   751385600 |   751357900 |   751167600 |   751385400 |   751337000 |   751090700 |   751284000 |   751376900 |   751830000 |   752191600 |   751876800 |   751937500 |   751725000 |   751975000 |   751656500 |   751746100 |   752107200 |   751668600 |   752330200 |   751589600 |   750953500 |   751636200 |   751556300 |   751689000 |   751449200 |   751346900 |   751229800 |   751352100 |   750753300 |   751713400 |   751093200 |   751346900 |   751409900 |   750778100 |   751059000 |   751233300 |   751303100 |   751111700 |   751296100 |   751294500 |   751280100 |   751837200 |   751339500 |   751564700 |   751092100 |   751413500 |   751620800 |   751812800 |   751397600 |   751205700 |   751258000 |   751269900 |   751227200 |   751353800 |   751420400 |   751216800 |
|    RETIRED_INSTRUCTIONS   |   PMC0  |  742389800 |  742539000 |  742521900 |  742550600 |  742607300 |  742523700 |  742565100 |  742558800 |  742585900 |  742532400 |   742543900 |   742613000 |   742516900 |   742535200 |   742532300 |   742577600 |   742591400 |   742635300 |   742593300 |   742670600 |   742593000 |   742607300 |   742626200 |   742590600 |   742623600 |   742613000 |   742583100 |   742659900 |   742603100 |   742675100 |   742634300 |   742586200 |   742566500 |   742577800 |   742598700 |   742567200 |   742597500 |   742582000 |   742585800 |   742609200 |   742654900 |   742629000 |   742592600 |   742650200 |   742625500 |   742603900 |   742594800 |   742610700 |   742725600 |   742728100 |   742714100 |   742679000 |   742751800 |   742700600 |   742754600 |   742666900 |   742749600 |   742750500 |   742752900 |   742693900 |   742656800 |   742679600 |   742703400 |   742636300 |   742718300 |   742706000 |   742671200 |   742673600 |   742646200 |   742717400 |   742686300 |   742665100 |   742630300 |   742610100 |   742648700 |   742628700 |   742636700 |   742615200 |   742612900 |   742681400 |   742681500 |   742697300 |   742676700 |   742637000 |   742610800 |   742676900 |   742629600 |   742669600 |   742769100 |   742710400 |   742697100 |   742737400 |   742757000 |   742474000 |   742645000 |   742623500 |
|    CPU_CLOCKS_UNHALTED    |   PMC1  |  586296100 |  586997900 |  586906200 |  587076200 |  587383600 |  586930500 |  587156900 |  587127200 |  587263700 |  587020000 |   587042300 |   587426300 |   586907000 |   586986300 |   586988600 |   587236000 |   587318600 |   587548600 |   587330900 |   587745500 |   587323600 |   587413500 |   587507000 |   587319500 |   587472500 |   587432200 |   587257000 |   587658900 |   587341000 |   587753200 |   587535700 |   587257100 |   587159300 |   587224000 |   587327600 |   587168300 |   587337300 |   587252100 |   587272600 |   587394900 |   587662800 |   587518100 |   587299700 |   587633800 |   587523300 |   587359200 |   587316400 |   587422000 |   588047400 |   588059600 |   587983300 |   587779600 |   588190500 |   587913200 |   588214300 |   587722500 |   588186700 |   588185500 |   588203400 |   587871900 |   587688600 |   587802500 |   587937200 |   587555800 |   587999600 |   587937500 |   587745300 |   587757500 |   587597300 |   588009600 |   587836100 |   587718200 |   587514700 |   587398600 |   587620600 |   587504600 |   587561300 |   587442000 |   587426300 |   587813700 |   587808400 |   587892100 |   587771100 |   587635400 |   587474000 |   587771100 |   587574300 |   587740400 |   588287400 |   588051600 |   587919600 |   588112000 |   588224400 |   586892000 |   587806900 |   587616600 |
| RETIRED_SSE_AVX_FLOPS_ALL |   PMC2  | 9374400000 | 9374400000 | 9374400000 | 9374400000 | 9374400000 | 9374400000 | 9374400000 | 9374400000 | 9374400000 | 9374400000 |  9374400000 |  9374400000 |  9374400000 |  9374400000 |  9374400000 |  9374400000 |  9374400000 |  9374400000 |  9374400000 |  9374400000 |  9374400000 |  9374400000 |  9374400000 |  9374400000 |  9374400000 |  9374400000 |  9374400000 |  9374400000 |  9374400000 |  9374400000 |  9374400000 |  9374400000 |  9374400000 |  9374400000 |  9374400000 |  9374400000 |  9374400000 |  9374400000 |  9374400000 |  9374400000 |  9374400000 |  9374400000 |  9374400000 |  9374400000 |  9374400000 |  9374400000 |  9374400000 |  9374400000 |  9374400000 |  9374400000 |  9374400000 |  9374400000 |  9374400000 |  9374400000 |  9374400000 |  9374400000 |  9374400000 |  9374400000 |  9374400000 |  9374400000 |  9374400000 |  9374400000 |  9374400000 |  9374400000 |  9374400000 |  9374400000 |  9374400000 |  9374400000 |  9374400000 |  9374400000 |  9374400000 |  9374400000 |  9374400000 |  9374400000 |  9374400000 |  9374400000 |  9374400000 |  9374400000 |  9374400000 |  9374400000 |  9374400000 |  9374400000 |  9374400000 |  9374400000 |  9374400000 |  9374400000 |  9374400000 |  9374400000 |  9374400000 |  9374400000 |  9374400000 |  9374400000 |  9374400000 |  9374400000 |  9374400000 |  9374400000 |
|           MERGE           |   PMC3  |          0 |          0 |          0 |          0 |          0 |          0 |          0 |          0 |          0 |          0 |           0 |           0 |           0 |           0 |           0 |           0 |           0 |           0 |           0 |           0 |           0 |           0 |           0 |           0 |           0 |           0 |           0 |           0 |           0 |           0 |           0 |           0 |           0 |           0 |           0 |           0 |           0 |           0 |           0 |           0 |           0 |           0 |           0 |           0 |           0 |           0 |           0 |           0 |           0 |           0 |           0 |           0 |           0 |           0 |           0 |           0 |           0 |           0 |           0 |           0 |           0 |           0 |           0 |           0 |           0 |           0 |           0 |           0 |           0 |           0 |           0 |           0 |           0 |           0 |           0 |           0 |           0 |           0 |           0 |           0 |           0 |           0 |           0 |           0 |           0 |           0 |           0 |           0 |           0 |           0 |           0 |           0 |           0 |           0 |           0 |           0 |
+---------------------------+---------+------------+------------+------------+------------+------------+------------+------------+------------+------------+------------+-------------+-------------+-------------+-------------+-------------+-------------+-------------+-------------+-------------+-------------+-------------+-------------+-------------+-------------+-------------+-------------+-------------+-------------+-------------+-------------+-------------+-------------+-------------+-------------+-------------+-------------+-------------+-------------+-------------+-------------+-------------+-------------+-------------+-------------+-------------+-------------+-------------+-------------+-------------+-------------+-------------+-------------+-------------+-------------+-------------+-------------+-------------+-------------+-------------+-------------+-------------+-------------+-------------+-------------+-------------+-------------+-------------+-------------+-------------+-------------+-------------+-------------+-------------+-------------+-------------+-------------+-------------+-------------+-------------+-------------+-------------+-------------+-------------+-------------+-------------+-------------+-------------+-------------+-------------+-------------+-------------+-------------+-------------+-------------+-------------+-------------+

+--------------------------------+---------+--------------+------------+------------+--------------+
|              Event             | Counter |      Sum     |     Min    |     Max    |      Avg     |
+--------------------------------+---------+--------------+------------+------------+--------------+
|      ACTUAL_CPU_CLOCK STAT     |  FIXC1  |  57110648400 |  594346700 |  595461300 | 5.949026e+08 |
|       MAX_CPU_CLOCK STAT       |  FIXC2  |  72140675700 |  750753300 |  752330200 | 7.514654e+08 |
|    RETIRED_INSTRUCTIONS STAT   |   PMC0  |  71292810400 |  742389800 |  742769100 | 7.426334e+08 |
|    CPU_CLOCKS_UNHALTED STAT    |   PMC1  |  56404633200 |  586296100 |  588287400 | 5.875483e+08 |
| RETIRED_SSE_AVX_FLOPS_ALL STAT |   PMC2  | 899942400000 | 9374400000 | 9374400000 |   9374400000 |
|           MERGE STAT           |   PMC3  |            0 |          0 |          0 |            0 |
+--------------------------------+---------+--------------+------------+------------+--------------+

+----------------------+------------+------------+------------+------------+------------+------------+------------+------------+------------+------------+-------------+-------------+-------------+-------------+-------------+-------------+-------------+-------------+-------------+-------------+-------------+-------------+-------------+-------------+-------------+-------------+-------------+-------------+-------------+-------------+-------------+-------------+-------------+-------------+-------------+-------------+-------------+-------------+-------------+-------------+-------------+-------------+-------------+-------------+-------------+-------------+-------------+-------------+-------------+-------------+-------------+-------------+-------------+-------------+-------------+-------------+-------------+-------------+-------------+-------------+-------------+-------------+-------------+-------------+-------------+-------------+-------------+-------------+-------------+-------------+-------------+-------------+-------------+-------------+-------------+-------------+-------------+-------------+-------------+-------------+-------------+-------------+-------------+-------------+-------------+-------------+-------------+-------------+-------------+-------------+-------------+-------------+-------------+-------------+-------------+-------------+
|        Metric        | HWThread 0 | HWThread 1 | HWThread 2 | HWThread 3 | HWThread 4 | HWThread 5 | HWThread 6 | HWThread 7 | HWThread 8 | HWThread 9 | HWThread 10 | HWThread 11 | HWThread 12 | HWThread 13 | HWThread 14 | HWThread 15 | HWThread 16 | HWThread 17 | HWThread 18 | HWThread 19 | HWThread 20 | HWThread 21 | HWThread 22 | HWThread 23 | HWThread 24 | HWThread 25 | HWThread 26 | HWThread 27 | HWThread 28 | HWThread 29 | HWThread 30 | HWThread 31 | HWThread 32 | HWThread 33 | HWThread 34 | HWThread 35 | HWThread 36 | HWThread 37 | HWThread 38 | HWThread 39 | HWThread 40 | HWThread 41 | HWThread 42 | HWThread 43 | HWThread 44 | HWThread 45 | HWThread 46 | HWThread 47 | HWThread 48 | HWThread 49 | HWThread 50 | HWThread 51 | HWThread 52 | HWThread 53 | HWThread 54 | HWThread 55 | HWThread 56 | HWThread 57 | HWThread 58 | HWThread 59 | HWThread 60 | HWThread 61 | HWThread 62 | HWThread 63 | HWThread 64 | HWThread 65 | HWThread 66 | HWThread 67 | HWThread 68 | HWThread 69 | HWThread 70 | HWThread 71 | HWThread 72 | HWThread 73 | HWThread 74 | HWThread 75 | HWThread 76 | HWThread 77 | HWThread 78 | HWThread 79 | HWThread 80 | HWThread 81 | HWThread 82 | HWThread 83 | HWThread 84 | HWThread 85 | HWThread 86 | HWThread 87 | HWThread 88 | HWThread 89 | HWThread 90 | HWThread 91 | HWThread 92 | HWThread 93 | HWThread 94 | HWThread 95 |
+----------------------+------------+------------+------------+------------+------------+------------+------------+------------+------------+------------+-------------+-------------+-------------+-------------+-------------+-------------+-------------+-------------+-------------+-------------+-------------+-------------+-------------+-------------+-------------+-------------+-------------+-------------+-------------+-------------+-------------+-------------+-------------+-------------+-------------+-------------+-------------+-------------+-------------+-------------+-------------+-------------+-------------+-------------+-------------+-------------+-------------+-------------+-------------+-------------+-------------+-------------+-------------+-------------+-------------+-------------+-------------+-------------+-------------+-------------+-------------+-------------+-------------+-------------+-------------+-------------+-------------+-------------+-------------+-------------+-------------+-------------+-------------+-------------+-------------+-------------+-------------+-------------+-------------+-------------+-------------+-------------+-------------+-------------+-------------+-------------+-------------+-------------+-------------+-------------+-------------+-------------+-------------+-------------+-------------+-------------+
|  Runtime (RDTSC) [s] |     0.3119 |     0.3119 |     0.3120 |     0.3120 |     0.3120 |     0.3120 |     0.3120 |     0.3121 |     0.3121 |     0.3119 |      0.3119 |      0.3121 |      0.3119 |      0.3119 |      0.3119 |      0.3119 |      0.3119 |      0.3121 |      0.3119 |      0.3121 |      0.3119 |      0.3119 |      0.3120 |      0.3119 |      0.3120 |      0.3120 |      0.3120 |      0.3121 |      0.3119 |      0.3121 |      0.3120 |      0.3119 |      0.3119 |      0.3119 |      0.3120 |      0.3119 |      0.3120 |      0.3121 |      0.3121 |      0.3121 |      0.3121 |      0.3121 |      0.3119 |      0.3121 |      0.3121 |      0.3119 |      0.3119 |      0.3121 |      0.3123 |      0.3123 |      0.3121 |      0.3121 |      0.3123 |      0.3122 |      0.3122 |      0.3120 |      0.3123 |      0.3122 |      0.3123 |      0.3120 |      0.3119 |      0.3120 |      0.3121 |      0.3119 |      0.3121 |      0.3120 |      0.3119 |      0.3119 |      0.3119 |      0.3121 |      0.3120 |      0.3119 |      0.3120 |      0.3119 |      0.3120 |      0.3119 |      0.3119 |      0.3120 |      0.3119 |      0.3121 |      0.3121 |      0.3121 |      0.3121 |      0.3119 |      0.3119 |      0.3121 |      0.3119 |      0.3121 |      0.3121 |      0.3119 |      0.3119 |      0.3119 |      0.3120 |      0.3121 |      0.3119 |      0.3119 |
| Runtime unhalted [s] |     0.2479 |     0.2478 |     0.2478 |     0.2479 |     0.2478 |     0.2479 |     0.2479 |     0.2479 |     0.2480 |     0.2478 |      0.2479 |      0.2480 |      0.2479 |      0.2479 |      0.2479 |      0.2479 |      0.2479 |      0.2479 |      0.2480 |      0.2479 |      0.2479 |      0.2478 |      0.2480 |      0.2480 |      0.2478 |      0.2478 |      0.2478 |      0.2478 |      0.2478 |      0.2478 |      0.2478 |      0.2478 |      0.2480 |      0.2480 |      0.2477 |      0.2477 |      0.2477 |      0.2478 |      0.2480 |      0.2477 |      0.2479 |      0.2478 |      0.2479 |      0.2479 |      0.2478 |      0.2478 |      0.2478 |      0.2478 |      0.2480 |      0.2481 |      0.2480 |      0.2481 |      0.2480 |      0.2481 |      0.2479 |      0.2480 |      0.2481 |      0.2479 |      0.2481 |      0.2479 |      0.2476 |      0.2480 |      0.2481 |      0.2479 |      0.2480 |      0.2479 |      0.2478 |      0.2478 |      0.2477 |      0.2479 |      0.2477 |      0.2478 |      0.2479 |      0.2477 |      0.2477 |      0.2478 |      0.2478 |      0.2478 |      0.2478 |      0.2478 |      0.2479 |      0.2480 |      0.2478 |      0.2480 |      0.2478 |      0.2479 |      0.2480 |      0.2480 |      0.2479 |      0.2479 |      0.2479 |      0.2479 |      0.2479 |      0.2479 |      0.2480 |      0.2479 |
|      Clock [MHz]     |  1899.6490 |  1899.9530 |  1899.8685 |  1899.4610 |  1899.9844 |  1900.2401 |  1899.6290 |  1900.1649 |  1899.9003 |  1900.0645 |   1899.7275 |   1899.8429 |   1899.7668 |   1900.2884 |   1899.7279 |   1899.7995 |   1900.2384 |   1900.2555 |   1900.0061 |   1900.0863 |   1900.0532 |   1900.0207 |   1899.7791 |   1899.6416 |   1899.2612 |   1899.2845 |   1899.2694 |   1899.2491 |   1899.6090 |   1899.2454 |   1899.2701 |   1899.6604 |   1899.7108 |   1899.9333 |   1899.6519 |   1899.0079 |   1899.6627 |   1899.8775 |   1899.7098 |   1899.2697 |   1900.1278 |   1899.7862 |   1900.6921 |   1900.1663 |   1899.9080 |   1900.2799 |   1899.5922 |   1899.8113 |   1899.7868 |   1899.7279 |   1900.1971 |   1900.1206 |   1900.0218 |   1900.0702 |   1899.8737 |   1899.8140 |   1899.6731 |   1899.7359 |   1899.5592 |   1900.1581 |   1899.4794 |   1900.1425 |   1901.2061 |   1899.6591 |   1900.6895 |   1900.2065 |   1899.9871 |   1899.9944 |   1900.5265 |   1899.6562 |   1899.8869 |   1899.9692 |   1900.1740 |   1900.5756 |   1899.3727 |   1899.9144 |   1899.8736 |   1899.9194 |   1899.8677 |   1899.9947 |   1900.4308 |   1900.0115 |   1899.8400 |   1900.4864 |   1900.2434 |   1900.1189 |   1900.5324 |   1900.1632 |   1900.2007 |   1900.5685 |   1900.7128 |   1900.6776 |   1900.6192 |   1900.2626 |   1900.8294 |   1900.5328 |
|          CPI         |     0.7897 |     0.7905 |     0.7904 |     0.7906 |     0.7910 |     0.7905 |     0.7907 |     0.7907 |     0.7908 |     0.7906 |      0.7906 |      0.7910 |      0.7904 |      0.7905 |      0.7905 |      0.7908 |      0.7909 |      0.7912 |      0.7909 |      0.7914 |      0.7909 |      0.7910 |      0.7911 |      0.7909 |      0.7911 |      0.7910 |      0.7908 |      0.7913 |      0.7909 |      0.7914 |      0.7912 |      0.7908 |      0.7907 |      0.7908 |      0.7909 |      0.7907 |      0.7909 |      0.7908 |      0.7908 |      0.7910 |      0.7913 |      0.7911 |      0.7909 |      0.7913 |      0.7911 |      0.7909 |      0.7909 |      0.7910 |      0.7917 |      0.7918 |      0.7917 |      0.7914 |      0.7919 |      0.7916 |      0.7919 |      0.7914 |      0.7919 |      0.7919 |      0.7919 |      0.7915 |      0.7913 |      0.7915 |      0.7916 |      0.7912 |      0.7917 |      0.7916 |      0.7914 |      0.7914 |      0.7912 |      0.7917 |      0.7915 |      0.7914 |      0.7911 |      0.7910 |      0.7912 |      0.7911 |      0.7912 |      0.7910 |      0.7910 |      0.7915 |      0.7915 |      0.7916 |      0.7914 |      0.7913 |      0.7911 |      0.7914 |      0.7912 |      0.7914 |      0.7920 |      0.7918 |      0.7916 |      0.7918 |      0.7919 |      0.7905 |      0.7915 |      0.7913 |
|     DP [MFLOP/s]     | 30055.0162 | 30051.1527 | 30050.6711 | 30050.7963 | 30043.8909 | 30049.8716 | 30044.1220 | 30037.5373 | 30038.8174 | 30056.7411 |  30051.4225 |  30038.2014 |  30052.2510 |  30051.5092 |  30056.8086 |  30051.2202 |  30052.0005 |  30038.0955 |  30051.7693 |  30038.4036 |  30052.4148 |  30052.1739 |  30041.6765 |  30051.7597 |  30043.4191 |  30043.5636 |  30044.2087 |  30039.2795 |  30053.4264 |  30036.1322 |  30041.5706 |  30052.7905 |  30051.8945 |  30051.5284 |  30050.6036 |  30053.4842 |  30044.3627 |  30040.0688 |  30040.3576 |  30040.9737 |  30038.1437 |  30040.4539 |  30052.3570 |  30040.2517 |  30040.5116 |  30051.0371 |  30051.4995 |  30040.4827 |  30018.9444 |  30020.9824 |  30034.8426 |  30040.6849 |  30018.6656 |  30027.3098 |  30022.2900 |  30041.3780 |  30019.2904 |  30023.4823 |  30019.8961 |  30044.6805 |  30051.5670 |  30041.6283 |  30039.2602 |  30055.9220 |  30039.4046 |  30043.5828 |  30056.1918 |  30051.2876 |  30056.3749 |  30039.9148 |  30050.6229 |  30051.4899 |  30043.9102 |  30054.9873 |  30043.8717 |  30051.3069 |  30051.4899 |  30049.1106 |  30051.5573 |  30036.3631 |  30040.9063 |  30039.2795 |  30039.8089 |  30051.5092 |  30053.2722 |  30039.9052 |  30051.9042 |  30040.8004 |  30039.5297 |  30051.3550 |  30056.3557 |  30051.3647 |  30050.8926 |  30039.4046 |  30056.0184 |  30056.1148 |
+----------------------+------------+------------+------------+------------+------------+------------+------------+------------+------------+------------+-------------+-------------+-------------+-------------+-------------+-------------+-------------+-------------+-------------+-------------+-------------+-------------+-------------+-------------+-------------+-------------+-------------+-------------+-------------+-------------+-------------+-------------+-------------+-------------+-------------+-------------+-------------+-------------+-------------+-------------+-------------+-------------+-------------+-------------+-------------+-------------+-------------+-------------+-------------+-------------+-------------+-------------+-------------+-------------+-------------+-------------+-------------+-------------+-------------+-------------+-------------+-------------+-------------+-------------+-------------+-------------+-------------+-------------+-------------+-------------+-------------+-------------+-------------+-------------+-------------+-------------+-------------+-------------+-------------+-------------+-------------+-------------+-------------+-------------+-------------+-------------+-------------+-------------+-------------+-------------+-------------+-------------+-------------+-------------+-------------+-------------+

+---------------------------+--------------+------------+------------+------------+
|           Metric          |      Sum     |     Min    |     Max    |     Avg    |
+---------------------------+--------------+------------+------------+------------+
|  Runtime (RDTSC) [s] STAT |      29.9530 |     0.3119 |     0.3123 |     0.3120 |
| Runtime unhalted [s] STAT |      23.7967 |     0.2476 |     0.2481 |     0.2479 |
|      Clock [MHz] STAT     |  182396.2492 |  1899.0079 |  1901.2061 |  1899.9609 |
|          CPI STAT         |      75.9517 |     0.7897 |     0.7920 |     0.7912 |
|     DP [MFLOP/s] STAT     | 2.884291e+06 | 30018.6656 | 30056.8086 | 30044.7025 |
+---------------------------+--------------+------------+------------+------------+

