--------------------------------------------------------------------------------
CPU name:	AMD EPYC 9654 96-Core Processor                
CPU type:	AMD K19 (Zen4) architecture
CPU clock:	2.40 GHz
--------------------------------------------------------------------------------
Warning: Sanitizing vector length to a multiple of the loop stride 16 and thread count 192 from 24000000 elements (96000000 bytes) to 23998464 elements (95993856 bytes)
Allocate: Process running on hwthread 0 (Domain N) - Vector length 23998464/95993856 Offset 0 Alignment 1024
Initialization: Each thread in domain initializes its own stream chunks
--------------------------------------------------------------------------------
LIKWID MICRO BENCHMARK
Test: peakflops_sp_avx512_fma
--------------------------------------------------------------------------------
Using 1 work groups
Using 192 threads
--------------------------------------------------------------------------------
Using Likwid Marker API
--------------------------------------------------------------------------------
Group: 0 Thread 0 Global Thread 0 running on hwthread 0 - Vector length 124992 Offset 0
Group: 0 Thread 1 Global Thread 1 running on hwthread 1 - Vector length 124992 Offset 124992
Group: 0 Thread 2 Global Thread 2 running on hwthread 2 - Vector length 124992 Offset 249984
Group: 0 Thread 3 Global Thread 3 running on hwthread 3 - Vector length 124992 Offset 374976
Group: 0 Thread 4 Global Thread 4 running on hwthread 4 - Vector length 124992 Offset 499968
Group: 0 Thread 5 Global Thread 5 running on hwthread 5 - Vector length 124992 Offset 624960
Group: 0 Thread 6 Global Thread 6 running on hwthread 6 - Vector length 124992 Offset 749952
Group: 0 Thread 7 Global Thread 7 running on hwthread 7 - Vector length 124992 Offset 874944
Group: 0 Thread 8 Global Thread 8 running on hwthread 8 - Vector length 124992 Offset 999936
Group: 0 Thread 9 Global Thread 9 running on hwthread 9 - Vector length 124992 Offset 1124928
Group: 0 Thread 10 Global Thread 10 running on hwthread 10 - Vector length 124992 Offset 1249920
Group: 0 Thread 11 Global Thread 11 running on hwthread 11 - Vector length 124992 Offset 1374912
Group: 0 Thread 12 Global Thread 12 running on hwthread 12 - Vector length 124992 Offset 1499904
Group: 0 Thread 13 Global Thread 13 running on hwthread 13 - Vector length 124992 Offset 1624896
Group: 0 Thread 14 Global Thread 14 running on hwthread 14 - Vector length 124992 Offset 1749888
Group: 0 Thread 15 Global Thread 15 running on hwthread 15 - Vector length 124992 Offset 1874880
Group: 0 Thread 16 Global Thread 16 running on hwthread 16 - Vector length 124992 Offset 1999872
Group: 0 Thread 17 Global Thread 17 running on hwthread 17 - Vector length 124992 Offset 2124864
Group: 0 Thread 18 Global Thread 18 running on hwthread 18 - Vector length 124992 Offset 2249856
Group: 0 Thread 19 Global Thread 19 running on hwthread 19 - Vector length 124992 Offset 2374848
Group: 0 Thread 20 Global Thread 20 running on hwthread 20 - Vector length 124992 Offset 2499840
Group: 0 Thread 21 Global Thread 21 running on hwthread 21 - Vector length 124992 Offset 2624832
Group: 0 Thread 22 Global Thread 22 running on hwthread 22 - Vector length 124992 Offset 2749824
Group: 0 Thread 23 Global Thread 23 running on hwthread 23 - Vector length 124992 Offset 2874816
Group: 0 Thread 24 Global Thread 24 running on hwthread 24 - Vector length 124992 Offset 2999808
Group: 0 Thread 25 Global Thread 25 running on hwthread 25 - Vector length 124992 Offset 3124800
Group: 0 Thread 26 Global Thread 26 running on hwthread 26 - Vector length 124992 Offset 3249792
Group: 0 Thread 27 Global Thread 27 running on hwthread 27 - Vector length 124992 Offset 3374784
Group: 0 Thread 28 Global Thread 28 running on hwthread 28 - Vector length 124992 Offset 3499776
Group: 0 Thread 29 Global Thread 29 running on hwthread 29 - Vector length 124992 Offset 3624768
Group: 0 Thread 30 Global Thread 30 running on hwthread 30 - Vector length 124992 Offset 3749760
Group: 0 Thread 31 Global Thread 31 running on hwthread 31 - Vector length 124992 Offset 3874752
Group: 0 Thread 32 Global Thread 32 running on hwthread 32 - Vector length 124992 Offset 3999744
Group: 0 Thread 33 Global Thread 33 running on hwthread 33 - Vector length 124992 Offset 4124736
Group: 0 Thread 34 Global Thread 34 running on hwthread 34 - Vector length 124992 Offset 4249728
Group: 0 Thread 35 Global Thread 35 running on hwthread 35 - Vector length 124992 Offset 4374720
Group: 0 Thread 36 Global Thread 36 running on hwthread 36 - Vector length 124992 Offset 4499712
Group: 0 Thread 37 Global Thread 37 running on hwthread 37 - Vector length 124992 Offset 4624704
Group: 0 Thread 38 Global Thread 38 running on hwthread 38 - Vector length 124992 Offset 4749696
Group: 0 Thread 39 Global Thread 39 running on hwthread 39 - Vector length 124992 Offset 4874688
Group: 0 Thread 40 Global Thread 40 running on hwthread 40 - Vector length 124992 Offset 4999680
Group: 0 Thread 41 Global Thread 41 running on hwthread 41 - Vector length 124992 Offset 5124672
Group: 0 Thread 42 Global Thread 42 running on hwthread 42 - Vector length 124992 Offset 5249664
Group: 0 Thread 43 Global Thread 43 running on hwthread 43 - Vector length 124992 Offset 5374656
Group: 0 Thread 44 Global Thread 44 running on hwthread 44 - Vector length 124992 Offset 5499648
Group: 0 Thread 45 Global Thread 45 running on hwthread 45 - Vector length 124992 Offset 5624640
Group: 0 Thread 46 Global Thread 46 running on hwthread 46 - Vector length 124992 Offset 5749632
Group: 0 Thread 47 Global Thread 47 running on hwthread 47 - Vector length 124992 Offset 5874624
Group: 0 Thread 48 Global Thread 48 running on hwthread 48 - Vector length 124992 Offset 5999616
Group: 0 Thread 49 Global Thread 49 running on hwthread 49 - Vector length 124992 Offset 6124608
Group: 0 Thread 50 Global Thread 50 running on hwthread 50 - Vector length 124992 Offset 6249600
Group: 0 Thread 51 Global Thread 51 running on hwthread 51 - Vector length 124992 Offset 6374592
Group: 0 Thread 52 Global Thread 52 running on hwthread 52 - Vector length 124992 Offset 6499584
Group: 0 Thread 53 Global Thread 53 running on hwthread 53 - Vector length 124992 Offset 6624576
Group: 0 Thread 54 Global Thread 54 running on hwthread 54 - Vector length 124992 Offset 6749568
Group: 0 Thread 55 Global Thread 55 running on hwthread 55 - Vector length 124992 Offset 6874560
Group: 0 Thread 56 Global Thread 56 running on hwthread 56 - Vector length 124992 Offset 6999552
Group: 0 Thread 57 Global Thread 57 running on hwthread 57 - Vector length 124992 Offset 7124544
Group: 0 Thread 58 Global Thread 58 running on hwthread 58 - Vector length 124992 Offset 7249536
Group: 0 Thread 59 Global Thread 59 running on hwthread 59 - Vector length 124992 Offset 7374528
Group: 0 Thread 60 Global Thread 60 running on hwthread 60 - Vector length 124992 Offset 7499520
Group: 0 Thread 61 Global Thread 61 running on hwthread 61 - Vector length 124992 Offset 7624512
Group: 0 Thread 62 Global Thread 62 running on hwthread 62 - Vector length 124992 Offset 7749504
Group: 0 Thread 63 Global Thread 63 running on hwthread 63 - Vector length 124992 Offset 7874496
Group: 0 Thread 64 Global Thread 64 running on hwthread 64 - Vector length 124992 Offset 7999488
Group: 0 Thread 65 Global Thread 65 running on hwthread 65 - Vector length 124992 Offset 8124480
Group: 0 Thread 66 Global Thread 66 running on hwthread 66 - Vector length 124992 Offset 8249472
Group: 0 Thread 67 Global Thread 67 running on hwthread 67 - Vector length 124992 Offset 8374464
Group: 0 Thread 68 Global Thread 68 running on hwthread 68 - Vector length 124992 Offset 8499456
Group: 0 Thread 69 Global Thread 69 running on hwthread 69 - Vector length 124992 Offset 8624448
Group: 0 Thread 70 Global Thread 70 running on hwthread 70 - Vector length 124992 Offset 8749440
Group: 0 Thread 71 Global Thread 71 running on hwthread 71 - Vector length 124992 Offset 8874432
Group: 0 Thread 72 Global Thread 72 running on hwthread 72 - Vector length 124992 Offset 8999424
Group: 0 Thread 73 Global Thread 73 running on hwthread 73 - Vector length 124992 Offset 9124416
Group: 0 Thread 74 Global Thread 74 running on hwthread 74 - Vector length 124992 Offset 9249408
Group: 0 Thread 75 Global Thread 75 running on hwthread 75 - Vector length 124992 Offset 9374400
Group: 0 Thread 76 Global Thread 76 running on hwthread 76 - Vector length 124992 Offset 9499392
Group: 0 Thread 77 Global Thread 77 running on hwthread 77 - Vector length 124992 Offset 9624384
Group: 0 Thread 78 Global Thread 78 running on hwthread 78 - Vector length 124992 Offset 9749376
Group: 0 Thread 79 Global Thread 79 running on hwthread 79 - Vector length 124992 Offset 9874368
Group: 0 Thread 80 Global Thread 80 running on hwthread 80 - Vector length 124992 Offset 9999360
Group: 0 Thread 81 Global Thread 81 running on hwthread 81 - Vector length 124992 Offset 10124352
Group: 0 Thread 82 Global Thread 82 running on hwthread 82 - Vector length 124992 Offset 10249344
Group: 0 Thread 83 Global Thread 83 running on hwthread 83 - Vector length 124992 Offset 10374336
Group: 0 Thread 84 Global Thread 84 running on hwthread 84 - Vector length 124992 Offset 10499328
Group: 0 Thread 85 Global Thread 85 running on hwthread 85 - Vector length 124992 Offset 10624320
Group: 0 Thread 86 Global Thread 86 running on hwthread 86 - Vector length 124992 Offset 10749312
Group: 0 Thread 87 Global Thread 87 running on hwthread 87 - Vector length 124992 Offset 10874304
Group: 0 Thread 88 Global Thread 88 running on hwthread 88 - Vector length 124992 Offset 10999296
Group: 0 Thread 89 Global Thread 89 running on hwthread 89 - Vector length 124992 Offset 11124288
Group: 0 Thread 90 Global Thread 90 running on hwthread 90 - Vector length 124992 Offset 11249280
Group: 0 Thread 91 Global Thread 91 running on hwthread 91 - Vector length 124992 Offset 11374272
Group: 0 Thread 92 Global Thread 92 running on hwthread 92 - Vector length 124992 Offset 11499264
Group: 0 Thread 93 Global Thread 93 running on hwthread 93 - Vector length 124992 Offset 11624256
Group: 0 Thread 94 Global Thread 94 running on hwthread 94 - Vector length 124992 Offset 11749248
Group: 0 Thread 95 Global Thread 95 running on hwthread 95 - Vector length 124992 Offset 11874240
Group: 0 Thread 96 Global Thread 96 running on hwthread 96 - Vector length 124992 Offset 11999232
Group: 0 Thread 97 Global Thread 97 running on hwthread 97 - Vector length 124992 Offset 12124224
Group: 0 Thread 98 Global Thread 98 running on hwthread 98 - Vector length 124992 Offset 12249216
Group: 0 Thread 99 Global Thread 99 running on hwthread 99 - Vector length 124992 Offset 12374208
Group: 0 Thread 100 Global Thread 100 running on hwthread 100 - Vector length 124992 Offset 12499200
Group: 0 Thread 101 Global Thread 101 running on hwthread 101 - Vector length 124992 Offset 12624192
Group: 0 Thread 102 Global Thread 102 running on hwthread 102 - Vector length 124992 Offset 12749184
Group: 0 Thread 103 Global Thread 103 running on hwthread 103 - Vector length 124992 Offset 12874176
Group: 0 Thread 104 Global Thread 104 running on hwthread 104 - Vector length 124992 Offset 12999168
Group: 0 Thread 105 Global Thread 105 running on hwthread 105 - Vector length 124992 Offset 13124160
Group: 0 Thread 106 Global Thread 106 running on hwthread 106 - Vector length 124992 Offset 13249152
Group: 0 Thread 107 Global Thread 107 running on hwthread 107 - Vector length 124992 Offset 13374144
Group: 0 Thread 108 Global Thread 108 running on hwthread 108 - Vector length 124992 Offset 13499136
Group: 0 Thread 109 Global Thread 109 running on hwthread 109 - Vector length 124992 Offset 13624128
Group: 0 Thread 110 Global Thread 110 running on hwthread 110 - Vector length 124992 Offset 13749120
Group: 0 Thread 111 Global Thread 111 running on hwthread 111 - Vector length 124992 Offset 13874112
Group: 0 Thread 112 Global Thread 112 running on hwthread 112 - Vector length 124992 Offset 13999104
Group: 0 Thread 113 Global Thread 113 running on hwthread 113 - Vector length 124992 Offset 14124096
Group: 0 Thread 114 Global Thread 114 running on hwthread 114 - Vector length 124992 Offset 14249088
Group: 0 Thread 115 Global Thread 115 running on hwthread 115 - Vector length 124992 Offset 14374080
Group: 0 Thread 116 Global Thread 116 running on hwthread 116 - Vector length 124992 Offset 14499072
Group: 0 Thread 117 Global Thread 117 running on hwthread 117 - Vector length 124992 Offset 14624064
Group: 0 Thread 118 Global Thread 118 running on hwthread 118 - Vector length 124992 Offset 14749056
Group: 0 Thread 119 Global Thread 119 running on hwthread 119 - Vector length 124992 Offset 14874048
Group: 0 Thread 120 Global Thread 120 running on hwthread 120 - Vector length 124992 Offset 14999040
Group: 0 Thread 121 Global Thread 121 running on hwthread 121 - Vector length 124992 Offset 15124032
Group: 0 Thread 122 Global Thread 122 running on hwthread 122 - Vector length 124992 Offset 15249024
Group: 0 Thread 123 Global Thread 123 running on hwthread 123 - Vector length 124992 Offset 15374016
Group: 0 Thread 124 Global Thread 124 running on hwthread 124 - Vector length 124992 Offset 15499008
Group: 0 Thread 125 Global Thread 125 running on hwthread 125 - Vector length 124992 Offset 15624000
Group: 0 Thread 126 Global Thread 126 running on hwthread 126 - Vector length 124992 Offset 15748992
Group: 0 Thread 127 Global Thread 127 running on hwthread 127 - Vector length 124992 Offset 15873984
Group: 0 Thread 128 Global Thread 128 running on hwthread 128 - Vector length 124992 Offset 15998976
Group: 0 Thread 129 Global Thread 129 running on hwthread 129 - Vector length 124992 Offset 16123968
Group: 0 Thread 130 Global Thread 130 running on hwthread 130 - Vector length 124992 Offset 16248960
Group: 0 Thread 131 Global Thread 131 running on hwthread 131 - Vector length 124992 Offset 16373952
Group: 0 Thread 132 Global Thread 132 running on hwthread 132 - Vector length 124992 Offset 16498944
Group: 0 Thread 133 Global Thread 133 running on hwthread 133 - Vector length 124992 Offset 16623936
Group: 0 Thread 134 Global Thread 134 running on hwthread 134 - Vector length 124992 Offset 16748928
Group: 0 Thread 135 Global Thread 135 running on hwthread 135 - Vector length 124992 Offset 16873920
Group: 0 Thread 136 Global Thread 136 running on hwthread 136 - Vector length 124992 Offset 16998912
Group: 0 Thread 137 Global Thread 137 running on hwthread 137 - Vector length 124992 Offset 17123904
Group: 0 Thread 138 Global Thread 138 running on hwthread 138 - Vector length 124992 Offset 17248896
Group: 0 Thread 139 Global Thread 139 running on hwthread 139 - Vector length 124992 Offset 17373888
Group: 0 Thread 140 Global Thread 140 running on hwthread 140 - Vector length 124992 Offset 17498880
Group: 0 Thread 141 Global Thread 141 running on hwthread 141 - Vector length 124992 Offset 17623872
Group: 0 Thread 142 Global Thread 142 running on hwthread 142 - Vector length 124992 Offset 17748864
Group: 0 Thread 143 Global Thread 143 running on hwthread 143 - Vector length 124992 Offset 17873856
Group: 0 Thread 144 Global Thread 144 running on hwthread 144 - Vector length 124992 Offset 17998848
Group: 0 Thread 145 Global Thread 145 running on hwthread 145 - Vector length 124992 Offset 18123840
Group: 0 Thread 146 Global Thread 146 running on hwthread 146 - Vector length 124992 Offset 18248832
Group: 0 Thread 147 Global Thread 147 running on hwthread 147 - Vector length 124992 Offset 18373824
Group: 0 Thread 148 Global Thread 148 running on hwthread 148 - Vector length 124992 Offset 18498816
Group: 0 Thread 149 Global Thread 149 running on hwthread 149 - Vector length 124992 Offset 18623808
Group: 0 Thread 150 Global Thread 150 running on hwthread 150 - Vector length 124992 Offset 18748800
Group: 0 Thread 151 Global Thread 151 running on hwthread 151 - Vector length 124992 Offset 18873792
Group: 0 Thread 152 Global Thread 152 running on hwthread 152 - Vector length 124992 Offset 18998784
Group: 0 Thread 153 Global Thread 153 running on hwthread 153 - Vector length 124992 Offset 19123776
Group: 0 Thread 154 Global Thread 154 running on hwthread 154 - Vector length 124992 Offset 19248768
Group: 0 Thread 155 Global Thread 155 running on hwthread 155 - Vector length 124992 Offset 19373760
Group: 0 Thread 156 Global Thread 156 running on hwthread 156 - Vector length 124992 Offset 19498752
Group: 0 Thread 157 Global Thread 157 running on hwthread 157 - Vector length 124992 Offset 19623744
Group: 0 Thread 158 Global Thread 158 running on hwthread 158 - Vector length 124992 Offset 19748736
Group: 0 Thread 159 Global Thread 159 running on hwthread 159 - Vector length 124992 Offset 19873728
Group: 0 Thread 160 Global Thread 160 running on hwthread 160 - Vector length 124992 Offset 19998720
Group: 0 Thread 161 Global Thread 161 running on hwthread 161 - Vector length 124992 Offset 20123712
Group: 0 Thread 162 Global Thread 162 running on hwthread 162 - Vector length 124992 Offset 20248704
Group: 0 Thread 163 Global Thread 163 running on hwthread 163 - Vector length 124992 Offset 20373696
Group: 0 Thread 164 Global Thread 164 running on hwthread 164 - Vector length 124992 Offset 20498688
Group: 0 Thread 165 Global Thread 165 running on hwthread 165 - Vector length 124992 Offset 20623680
Group: 0 Thread 166 Global Thread 166 running on hwthread 166 - Vector length 124992 Offset 20748672
Group: 0 Thread 167 Global Thread 167 running on hwthread 167 - Vector length 124992 Offset 20873664
Group: 0 Thread 168 Global Thread 168 running on hwthread 168 - Vector length 124992 Offset 20998656
Group: 0 Thread 169 Global Thread 169 running on hwthread 169 - Vector length 124992 Offset 21123648
Group: 0 Thread 170 Global Thread 170 running on hwthread 170 - Vector length 124992 Offset 21248640
Group: 0 Thread 171 Global Thread 171 running on hwthread 171 - Vector length 124992 Offset 21373632
Group: 0 Thread 172 Global Thread 172 running on hwthread 172 - Vector length 124992 Offset 21498624
Group: 0 Thread 173 Global Thread 173 running on hwthread 173 - Vector length 124992 Offset 21623616
Group: 0 Thread 174 Global Thread 174 running on hwthread 174 - Vector length 124992 Offset 21748608
Group: 0 Thread 175 Global Thread 175 running on hwthread 175 - Vector length 124992 Offset 21873600
Group: 0 Thread 176 Global Thread 176 running on hwthread 176 - Vector length 124992 Offset 21998592
Group: 0 Thread 177 Global Thread 177 running on hwthread 177 - Vector length 124992 Offset 22123584
Group: 0 Thread 178 Global Thread 178 running on hwthread 178 - Vector length 124992 Offset 22248576
Group: 0 Thread 179 Global Thread 179 running on hwthread 179 - Vector length 124992 Offset 22373568
Group: 0 Thread 180 Global Thread 180 running on hwthread 180 - Vector length 124992 Offset 22498560
Group: 0 Thread 181 Global Thread 181 running on hwthread 181 - Vector length 124992 Offset 22623552
Group: 0 Thread 182 Global Thread 182 running on hwthread 182 - Vector length 124992 Offset 22748544
Group: 0 Thread 183 Global Thread 183 running on hwthread 183 - Vector length 124992 Offset 22873536
Group: 0 Thread 184 Global Thread 184 running on hwthread 184 - Vector length 124992 Offset 22998528
Group: 0 Thread 185 Global Thread 185 running on hwthread 185 - Vector length 124992 Offset 23123520
Group: 0 Thread 186 Global Thread 186 running on hwthread 186 - Vector length 124992 Offset 23248512
Group: 0 Thread 187 Global Thread 187 running on hwthread 187 - Vector length 124992 Offset 23373504
Group: 0 Thread 188 Global Thread 188 running on hwthread 188 - Vector length 124992 Offset 23498496
Group: 0 Thread 189 Global Thread 189 running on hwthread 189 - Vector length 124992 Offset 23623488
Group: 0 Thread 190 Global Thread 190 running on hwthread 190 - Vector length 124992 Offset 23748480
Group: 0 Thread 191 Global Thread 191 running on hwthread 191 - Vector length 124992 Offset 23873472
--------------------------------------------------------------------------------
Cycles:			750158088
CPU Clock:		2399947228
Cycle Clock:		2399947228
Time:			3.125727e-01 sec
Iterations:		960000
Iterations per thread:	5000
Inner loop executions:	7812
Size (Byte):		95993856
Size per thread:	499968
Number of Flops:	3599769600000
MFlops/s:		11516581.92
Data volume (Byte):	479969280000
MByte/s:		1535544.26
Cycles per update:	0.006252
Cycles per cacheline:	0.100027
Loads per update:	1
Stores per update:	0
Load bytes per element:	4
Store bytes per elem.:	0
Instructions:		142490880032
UOPs:			134991360000
--------------------------------------------------------------------------------
Writing Likwid Marker API results to file /tmp/likwid_771640.txt
--------------------------------------------------------------------------------
Region bench, Group 1: FLOPS_SP
+-------------------+------------+------------+------------+------------+------------+------------+------------+------------+------------+------------+-------------+-------------+-------------+-------------+-------------+-------------+-------------+-------------+-------------+-------------+-------------+-------------+-------------+-------------+-------------+-------------+-------------+-------------+-------------+-------------+-------------+-------------+-------------+-------------+-------------+-------------+-------------+-------------+-------------+-------------+-------------+-------------+-------------+-------------+-------------+-------------+-------------+-------------+-------------+-------------+-------------+-------------+-------------+-------------+-------------+-------------+-------------+-------------+-------------+-------------+-------------+-------------+-------------+-------------+-------------+-------------+-------------+-------------+-------------+-------------+-------------+-------------+-------------+-------------+-------------+-------------+-------------+-------------+-------------+-------------+-------------+-------------+-------------+-------------+-------------+-------------+-------------+-------------+-------------+-------------+-------------+-------------+-------------+-------------+-------------+-------------+-------------+-------------+-------------+-------------+--------------+--------------+--------------+--------------+--------------+--------------+--------------+--------------+--------------+--------------+--------------+--------------+--------------+--------------+--------------+--------------+--------------+--------------+--------------+--------------+--------------+--------------+--------------+--------------+--------------+--------------+--------------+--------------+--------------+--------------+--------------+--------------+--------------+--------------+--------------+--------------+--------------+--------------+--------------+--------------+--------------+--------------+--------------+--------------+--------------+--------------+--------------+--------------+--------------+--------------+--------------+--------------+--------------+--------------+--------------+--------------+--------------+--------------+--------------+--------------+--------------+--------------+--------------+--------------+--------------+--------------+--------------+--------------+--------------+--------------+--------------+--------------+--------------+--------------+--------------+--------------+--------------+--------------+--------------+--------------+--------------+--------------+--------------+--------------+--------------+--------------+--------------+--------------+--------------+--------------+--------------+--------------+
|    Region Info    | HWThread 0 | HWThread 1 | HWThread 2 | HWThread 3 | HWThread 4 | HWThread 5 | HWThread 6 | HWThread 7 | HWThread 8 | HWThread 9 | HWThread 10 | HWThread 11 | HWThread 12 | HWThread 13 | HWThread 14 | HWThread 15 | HWThread 16 | HWThread 17 | HWThread 18 | HWThread 19 | HWThread 20 | HWThread 21 | HWThread 22 | HWThread 23 | HWThread 24 | HWThread 25 | HWThread 26 | HWThread 27 | HWThread 28 | HWThread 29 | HWThread 30 | HWThread 31 | HWThread 32 | HWThread 33 | HWThread 34 | HWThread 35 | HWThread 36 | HWThread 37 | HWThread 38 | HWThread 39 | HWThread 40 | HWThread 41 | HWThread 42 | HWThread 43 | HWThread 44 | HWThread 45 | HWThread 46 | HWThread 47 | HWThread 48 | HWThread 49 | HWThread 50 | HWThread 51 | HWThread 52 | HWThread 53 | HWThread 54 | HWThread 55 | HWThread 56 | HWThread 57 | HWThread 58 | HWThread 59 | HWThread 60 | HWThread 61 | HWThread 62 | HWThread 63 | HWThread 64 | HWThread 65 | HWThread 66 | HWThread 67 | HWThread 68 | HWThread 69 | HWThread 70 | HWThread 71 | HWThread 72 | HWThread 73 | HWThread 74 | HWThread 75 | HWThread 76 | HWThread 77 | HWThread 78 | HWThread 79 | HWThread 80 | HWThread 81 | HWThread 82 | HWThread 83 | HWThread 84 | HWThread 85 | HWThread 86 | HWThread 87 | HWThread 88 | HWThread 89 | HWThread 90 | HWThread 91 | HWThread 92 | HWThread 93 | HWThread 94 | HWThread 95 | HWThread 96 | HWThread 97 | HWThread 98 | HWThread 99 | HWThread 100 | HWThread 101 | HWThread 102 | HWThread 103 | HWThread 104 | HWThread 105 | HWThread 106 | HWThread 107 | HWThread 108 | HWThread 109 | HWThread 110 | HWThread 111 | HWThread 112 | HWThread 113 | HWThread 114 | HWThread 115 | HWThread 116 | HWThread 117 | HWThread 118 | HWThread 119 | HWThread 120 | HWThread 121 | HWThread 122 | HWThread 123 | HWThread 124 | HWThread 125 | HWThread 126 | HWThread 127 | HWThread 128 | HWThread 129 | HWThread 130 | HWThread 131 | HWThread 132 | HWThread 133 | HWThread 134 | HWThread 135 | HWThread 136 | HWThread 137 | HWThread 138 | HWThread 139 | HWThread 140 | HWThread 141 | HWThread 142 | HWThread 143 | HWThread 144 | HWThread 145 | HWThread 146 | HWThread 147 | HWThread 148 | HWThread 149 | HWThread 150 | HWThread 151 | HWThread 152 | HWThread 153 | HWThread 154 | HWThread 155 | HWThread 156 | HWThread 157 | HWThread 158 | HWThread 159 | HWThread 160 | HWThread 161 | HWThread 162 | HWThread 163 | HWThread 164 | HWThread 165 | HWThread 166 | HWThread 167 | HWThread 168 | HWThread 169 | HWThread 170 | HWThread 171 | HWThread 172 | HWThread 173 | HWThread 174 | HWThread 175 | HWThread 176 | HWThread 177 | HWThread 178 | HWThread 179 | HWThread 180 | HWThread 181 | HWThread 182 | HWThread 183 | HWThread 184 | HWThread 185 | HWThread 186 | HWThread 187 | HWThread 188 | HWThread 189 | HWThread 190 | HWThread 191 |
+-------------------+------------+------------+------------+------------+------------+------------+------------+------------+------------+------------+-------------+-------------+-------------+-------------+-------------+-------------+-------------+-------------+-------------+-------------+-------------+-------------+-------------+-------------+-------------+-------------+-------------+-------------+-------------+-------------+-------------+-------------+-------------+-------------+-------------+-------------+-------------+-------------+-------------+-------------+-------------+-------------+-------------+-------------+-------------+-------------+-------------+-------------+-------------+-------------+-------------+-------------+-------------+-------------+-------------+-------------+-------------+-------------+-------------+-------------+-------------+-------------+-------------+-------------+-------------+-------------+-------------+-------------+-------------+-------------+-------------+-------------+-------------+-------------+-------------+-------------+-------------+-------------+-------------+-------------+-------------+-------------+-------------+-------------+-------------+-------------+-------------+-------------+-------------+-------------+-------------+-------------+-------------+-------------+-------------+-------------+-------------+-------------+-------------+-------------+--------------+--------------+--------------+--------------+--------------+--------------+--------------+--------------+--------------+--------------+--------------+--------------+--------------+--------------+--------------+--------------+--------------+--------------+--------------+--------------+--------------+--------------+--------------+--------------+--------------+--------------+--------------+--------------+--------------+--------------+--------------+--------------+--------------+--------------+--------------+--------------+--------------+--------------+--------------+--------------+--------------+--------------+--------------+--------------+--------------+--------------+--------------+--------------+--------------+--------------+--------------+--------------+--------------+--------------+--------------+--------------+--------------+--------------+--------------+--------------+--------------+--------------+--------------+--------------+--------------+--------------+--------------+--------------+--------------+--------------+--------------+--------------+--------------+--------------+--------------+--------------+--------------+--------------+--------------+--------------+--------------+--------------+--------------+--------------+--------------+--------------+--------------+--------------+--------------+--------------+--------------+--------------+
| RDTSC Runtime [s] |   0.311642 |   0.312018 |   0.311897 |   0.311873 |   0.311665 |   0.311644 |   0.311886 |   0.311664 |   0.311645 |   0.311657 |    0.311675 |    0.311655 |    0.312009 |    0.311650 |    0.311642 |    0.311661 |    0.311660 |    0.311664 |    0.311654 |    0.311841 |    0.311665 |    0.311872 |    0.311663 |    0.311874 |    0.312318 |    0.312017 |    0.311873 |    0.311890 |    0.312333 |    0.312020 |    0.312371 |    0.311984 |    0.311881 |    0.311913 |    0.311882 |    0.311864 |    0.311888 |    0.311954 |    0.311953 |    0.311888 |    0.312292 |    0.311974 |    0.312346 |    0.312584 |    0.312337 |    0.312340 |    0.311847 |    0.311841 |    0.312018 |    0.312310 |    0.312367 |    0.312034 |    0.312380 |    0.312389 |    0.312219 |    0.312403 |    0.311651 |    0.311644 |    0.311660 |    0.311669 |    0.311653 |    0.311659 |    0.311644 |    0.311655 |    0.311891 |    0.312034 |    0.311855 |    0.311883 |    0.311895 |    0.311889 |    0.311868 |    0.311882 |    0.312320 |    0.311844 |    0.311893 |    0.311614 |    0.311657 |    0.311663 |    0.311867 |    0.311684 |    0.312393 |    0.312225 |    0.312358 |    0.312364 |    0.312402 |    0.312358 |    0.311974 |    0.312396 |    0.311863 |    0.312000 |    0.311687 |    0.311677 |    0.311675 |    0.311666 |    0.311698 |    0.311686 |    0.311765 |    0.311666 |    0.311719 |    0.311677 |     0.311648 |     0.311670 |     0.311656 |     0.311679 |     0.311644 |     0.311712 |     0.311709 |     0.312008 |     0.311714 |     0.311995 |     0.311646 |     0.311705 |     0.311831 |     0.311655 |     0.311728 |     0.311727 |     0.311713 |     0.311716 |     0.311718 |     0.311742 |     0.311711 |     0.311704 |     0.311651 |     0.311656 |     0.311706 |     0.311704 |     0.311709 |     0.311717 |     0.311742 |     0.312004 |     0.311982 |     0.312030 |     0.311735 |     0.311742 |     0.311751 |     0.311719 |     0.311856 |     0.312012 |     0.312010 |     0.311853 |     0.311678 |     0.311872 |     0.311855 |     0.311735 |     0.311647 |     0.311851 |     0.311652 |     0.312001 |     0.311740 |     0.311743 |     0.311838 |     0.311648 |     0.311993 |     0.311895 |     0.312032 |     0.312021 |     0.311666 |     0.311739 |     0.311739 |     0.311721 |     0.311727 |     0.311727 |     0.311728 |     0.311674 |     0.311856 |     0.311847 |     0.311860 |     0.311858 |     0.311671 |     0.311651 |     0.311649 |     0.311839 |     0.311748 |     0.311663 |     0.311731 |     0.311887 |     0.311837 |     0.312025 |     0.312024 |     0.311886 |     0.311737 |     0.311735 |     0.311980 |     0.311904 |     0.311654 |     0.311887 |     0.311723 |     0.311646 |     0.311652 |     0.311656 |     0.311901 |     0.311875 |
|     call count    |          1 |          1 |          1 |          1 |          1 |          1 |          1 |          1 |          1 |          1 |           1 |           1 |           1 |           1 |           1 |           1 |           1 |           1 |           1 |           1 |           1 |           1 |           1 |           1 |           1 |           1 |           1 |           1 |           1 |           1 |           1 |           1 |           1 |           1 |           1 |           1 |           1 |           1 |           1 |           1 |           1 |           1 |           1 |           1 |           1 |           1 |           1 |           1 |           1 |           1 |           1 |           1 |           1 |           1 |           1 |           1 |           1 |           1 |           1 |           1 |           1 |           1 |           1 |           1 |           1 |           1 |           1 |           1 |           1 |           1 |           1 |           1 |           1 |           1 |           1 |           1 |           1 |           1 |           1 |           1 |           1 |           1 |           1 |           1 |           1 |           1 |           1 |           1 |           1 |           1 |           1 |           1 |           1 |           1 |           1 |           1 |           1 |           1 |           1 |           1 |            1 |            1 |            1 |            1 |            1 |            1 |            1 |            1 |            1 |            1 |            1 |            1 |            1 |            1 |            1 |            1 |            1 |            1 |            1 |            1 |            1 |            1 |            1 |            1 |            1 |            1 |            1 |            1 |            1 |            1 |            1 |            1 |            1 |            1 |            1 |            1 |            1 |            1 |            1 |            1 |            1 |            1 |            1 |            1 |            1 |            1 |            1 |            1 |            1 |            1 |            1 |            1 |            1 |            1 |            1 |            1 |            1 |            1 |            1 |            1 |            1 |            1 |            1 |            1 |            1 |            1 |            1 |            1 |            1 |            1 |            1 |            1 |            1 |            1 |            1 |            1 |            1 |            1 |            1 |            1 |            1 |            1 |            1 |            1 |            1 |            1 |            1 |            1 |            1 |            1 |            1 |            1 |
+-------------------+------------+------------+------------+------------+------------+------------+------------+------------+------------+------------+-------------+-------------+-------------+-------------+-------------+-------------+-------------+-------------+-------------+-------------+-------------+-------------+-------------+-------------+-------------+-------------+-------------+-------------+-------------+-------------+-------------+-------------+-------------+-------------+-------------+-------------+-------------+-------------+-------------+-------------+-------------+-------------+-------------+-------------+-------------+-------------+-------------+-------------+-------------+-------------+-------------+-------------+-------------+-------------+-------------+-------------+-------------+-------------+-------------+-------------+-------------+-------------+-------------+-------------+-------------+-------------+-------------+-------------+-------------+-------------+-------------+-------------+-------------+-------------+-------------+-------------+-------------+-------------+-------------+-------------+-------------+-------------+-------------+-------------+-------------+-------------+-------------+-------------+-------------+-------------+-------------+-------------+-------------+-------------+-------------+-------------+-------------+-------------+-------------+-------------+--------------+--------------+--------------+--------------+--------------+--------------+--------------+--------------+--------------+--------------+--------------+--------------+--------------+--------------+--------------+--------------+--------------+--------------+--------------+--------------+--------------+--------------+--------------+--------------+--------------+--------------+--------------+--------------+--------------+--------------+--------------+--------------+--------------+--------------+--------------+--------------+--------------+--------------+--------------+--------------+--------------+--------------+--------------+--------------+--------------+--------------+--------------+--------------+--------------+--------------+--------------+--------------+--------------+--------------+--------------+--------------+--------------+--------------+--------------+--------------+--------------+--------------+--------------+--------------+--------------+--------------+--------------+--------------+--------------+--------------+--------------+--------------+--------------+--------------+--------------+--------------+--------------+--------------+--------------+--------------+--------------+--------------+--------------+--------------+--------------+--------------+--------------+--------------+--------------+--------------+--------------+--------------+

+---------------------------+---------+-------------+-------------+-------------+-------------+-------------+-------------+-------------+-------------+-------------+-------------+-------------+-------------+-------------+-------------+-------------+-------------+-------------+-------------+-------------+-------------+-------------+-------------+-------------+-------------+-------------+-------------+-------------+-------------+-------------+-------------+-------------+-------------+-------------+-------------+-------------+-------------+-------------+-------------+-------------+-------------+-------------+-------------+-------------+-------------+-------------+-------------+-------------+-------------+-------------+-------------+-------------+-------------+-------------+-------------+-------------+-------------+-------------+-------------+-------------+-------------+-------------+-------------+-------------+-------------+-------------+-------------+-------------+-------------+-------------+-------------+-------------+-------------+-------------+-------------+-------------+-------------+-------------+-------------+-------------+-------------+-------------+-------------+-------------+-------------+-------------+-------------+-------------+-------------+-------------+-------------+-------------+-------------+-------------+-------------+-------------+-------------+-------------+-------------+-------------+-------------+--------------+--------------+--------------+--------------+--------------+--------------+--------------+--------------+--------------+--------------+--------------+--------------+--------------+--------------+--------------+--------------+--------------+--------------+--------------+--------------+--------------+--------------+--------------+--------------+--------------+--------------+--------------+--------------+--------------+--------------+--------------+--------------+--------------+--------------+--------------+--------------+--------------+--------------+--------------+--------------+--------------+--------------+--------------+--------------+--------------+--------------+--------------+--------------+--------------+--------------+--------------+--------------+--------------+--------------+--------------+--------------+--------------+--------------+--------------+--------------+--------------+--------------+--------------+--------------+--------------+--------------+--------------+--------------+--------------+--------------+--------------+--------------+--------------+--------------+--------------+--------------+--------------+--------------+--------------+--------------+--------------+--------------+--------------+--------------+--------------+--------------+--------------+--------------+--------------+--------------+--------------+--------------+
|           Event           | Counter |  HWThread 0 |  HWThread 1 |  HWThread 2 |  HWThread 3 |  HWThread 4 |  HWThread 5 |  HWThread 6 |  HWThread 7 |  HWThread 8 |  HWThread 9 | HWThread 10 | HWThread 11 | HWThread 12 | HWThread 13 | HWThread 14 | HWThread 15 | HWThread 16 | HWThread 17 | HWThread 18 | HWThread 19 | HWThread 20 | HWThread 21 | HWThread 22 | HWThread 23 | HWThread 24 | HWThread 25 | HWThread 26 | HWThread 27 | HWThread 28 | HWThread 29 | HWThread 30 | HWThread 31 | HWThread 32 | HWThread 33 | HWThread 34 | HWThread 35 | HWThread 36 | HWThread 37 | HWThread 38 | HWThread 39 | HWThread 40 | HWThread 41 | HWThread 42 | HWThread 43 | HWThread 44 | HWThread 45 | HWThread 46 | HWThread 47 | HWThread 48 | HWThread 49 | HWThread 50 | HWThread 51 | HWThread 52 | HWThread 53 | HWThread 54 | HWThread 55 | HWThread 56 | HWThread 57 | HWThread 58 | HWThread 59 | HWThread 60 | HWThread 61 | HWThread 62 | HWThread 63 | HWThread 64 | HWThread 65 | HWThread 66 | HWThread 67 | HWThread 68 | HWThread 69 | HWThread 70 | HWThread 71 | HWThread 72 | HWThread 73 | HWThread 74 | HWThread 75 | HWThread 76 | HWThread 77 | HWThread 78 | HWThread 79 | HWThread 80 | HWThread 81 | HWThread 82 | HWThread 83 | HWThread 84 | HWThread 85 | HWThread 86 | HWThread 87 | HWThread 88 | HWThread 89 | HWThread 90 | HWThread 91 | HWThread 92 | HWThread 93 | HWThread 94 | HWThread 95 | HWThread 96 | HWThread 97 | HWThread 98 | HWThread 99 | HWThread 100 | HWThread 101 | HWThread 102 | HWThread 103 | HWThread 104 | HWThread 105 | HWThread 106 | HWThread 107 | HWThread 108 | HWThread 109 | HWThread 110 | HWThread 111 | HWThread 112 | HWThread 113 | HWThread 114 | HWThread 115 | HWThread 116 | HWThread 117 | HWThread 118 | HWThread 119 | HWThread 120 | HWThread 121 | HWThread 122 | HWThread 123 | HWThread 124 | HWThread 125 | HWThread 126 | HWThread 127 | HWThread 128 | HWThread 129 | HWThread 130 | HWThread 131 | HWThread 132 | HWThread 133 | HWThread 134 | HWThread 135 | HWThread 136 | HWThread 137 | HWThread 138 | HWThread 139 | HWThread 140 | HWThread 141 | HWThread 142 | HWThread 143 | HWThread 144 | HWThread 145 | HWThread 146 | HWThread 147 | HWThread 148 | HWThread 149 | HWThread 150 | HWThread 151 | HWThread 152 | HWThread 153 | HWThread 154 | HWThread 155 | HWThread 156 | HWThread 157 | HWThread 158 | HWThread 159 | HWThread 160 | HWThread 161 | HWThread 162 | HWThread 163 | HWThread 164 | HWThread 165 | HWThread 166 | HWThread 167 | HWThread 168 | HWThread 169 | HWThread 170 | HWThread 171 | HWThread 172 | HWThread 173 | HWThread 174 | HWThread 175 | HWThread 176 | HWThread 177 | HWThread 178 | HWThread 179 | HWThread 180 | HWThread 181 | HWThread 182 | HWThread 183 | HWThread 184 | HWThread 185 | HWThread 186 | HWThread 187 | HWThread 188 | HWThread 189 | HWThread 190 | HWThread 191 |
+---------------------------+---------+-------------+-------------+-------------+-------------+-------------+-------------+-------------+-------------+-------------+-------------+-------------+-------------+-------------+-------------+-------------+-------------+-------------+-------------+-------------+-------------+-------------+-------------+-------------+-------------+-------------+-------------+-------------+-------------+-------------+-------------+-------------+-------------+-------------+-------------+-------------+-------------+-------------+-------------+-------------+-------------+-------------+-------------+-------------+-------------+-------------+-------------+-------------+-------------+-------------+-------------+-------------+-------------+-------------+-------------+-------------+-------------+-------------+-------------+-------------+-------------+-------------+-------------+-------------+-------------+-------------+-------------+-------------+-------------+-------------+-------------+-------------+-------------+-------------+-------------+-------------+-------------+-------------+-------------+-------------+-------------+-------------+-------------+-------------+-------------+-------------+-------------+-------------+-------------+-------------+-------------+-------------+-------------+-------------+-------------+-------------+-------------+-------------+-------------+-------------+-------------+--------------+--------------+--------------+--------------+--------------+--------------+--------------+--------------+--------------+--------------+--------------+--------------+--------------+--------------+--------------+--------------+--------------+--------------+--------------+--------------+--------------+--------------+--------------+--------------+--------------+--------------+--------------+--------------+--------------+--------------+--------------+--------------+--------------+--------------+--------------+--------------+--------------+--------------+--------------+--------------+--------------+--------------+--------------+--------------+--------------+--------------+--------------+--------------+--------------+--------------+--------------+--------------+--------------+--------------+--------------+--------------+--------------+--------------+--------------+--------------+--------------+--------------+--------------+--------------+--------------+--------------+--------------+--------------+--------------+--------------+--------------+--------------+--------------+--------------+--------------+--------------+--------------+--------------+--------------+--------------+--------------+--------------+--------------+--------------+--------------+--------------+--------------+--------------+--------------+--------------+--------------+--------------+
|      ACTUAL_CPU_CLOCK     |  FIXC1  |   595825600 |   596599100 |   597184500 |   596747300 |   595860300 |   595931500 |   596746900 |   595971200 |   595816200 |   595842900 |   596008800 |   595838900 |   596651900 |   595939600 |   595849000 |   595889000 |   596311400 |   596349300 |   595897000 |   596805800 |   596322300 |   597204100 |   595926800 |   597261800 |   597303600 |   597259600 |   597325200 |   597207200 |   597278200 |   597246900 |   597308100 |   597292000 |   598063600 |   598197800 |   597676400 |   597739800 |   598058200 |   598265300 |   598174800 |   598043900 |   598464900 |   598497100 |   598700600 |   598237100 |   598029700 |   597903800 |   598975300 |   597576100 |   597536600 |   597513900 |   598365900 |   597563100 |   598387200 |   598230700 |   598745800 |   597727600 |   595881500 |   596322300 |   595830100 |   595876300 |   596376100 |   596365300 |   596306100 |   596306300 |   597239100 |   596955600 |   596776700 |   596753700 |   597225500 |   597235200 |   596771600 |   597160200 |   597879400 |   597915400 |   597741300 |   597024500 |   596833700 |   596882800 |   598058700 |   597207600 |   598642700 |   598711400 |   598335700 |   598744400 |   597810900 |   598317000 |   597549700 |   598754100 |   597331800 |   596685500 |   596133700 |   596600900 |   596478800 |   596092800 |   596552300 |   597161400 |   598016400 |   596984600 |   597331400 |   596953400 |    596941700 |    596133000 |    596984800 |    596919700 |    596591200 |    597280200 |    597519500 |    597997500 |    597220800 |    597656600 |    596932400 |    597320200 |    597920300 |    597133700 |    597505300 |    596825000 |    596390300 |    597129900 |    597309500 |    596400000 |    597125500 |    597262000 |    597371000 |    597365700 |    597242900 |    597091100 |    597284800 |    597245200 |    595926800 |    597818600 |    597798800 |    597173500 |    596596700 |    597137900 |    597462300 |    595938700 |    598214300 |    597592100 |    596976800 |    597450100 |    596802400 |    598080100 |    598255900 |    597255600 |    595962100 |    598409300 |    597236900 |    596814600 |    596742300 |    596770800 |    597926000 |    596190800 |    597516300 |    597006300 |    597944700 |    597644500 |    597280900 |    596027900 |    596963900 |    596677000 |    596772000 |    597165400 |    596807000 |    596597400 |    597762500 |    598010400 |    597301500 |    597320200 |    597319600 |    597239400 |    596622200 |    598248000 |    597110800 |    596781200 |    596279300 |    597746900 |    597614500 |    597568800 |    598259500 |    597835100 |    596866100 |    596851100 |    597979800 |    597403600 |    596590000 |    598230000 |    596021600 |    596778000 |    597191000 |    597537800 |    598160100 |    597425100 |
|       MAX_CPU_CLOCK       |  FIXC2  |   753304400 |   753963600 |   754336800 |   754562700 |   753525000 |   753521400 |   754069400 |   753454100 |   753047900 |   753062200 |   753227300 |   753420600 |   753976700 |   753087200 |   753059400 |   753101800 |   753591900 |   753171100 |   753142200 |   754224200 |   753032900 |   754340000 |   753153500 |   754403900 |   754852300 |   754142400 |   754110700 |   754236700 |   754768100 |   752997000 |   754058100 |   753848400 |   755506400 |   755779200 |   755326900 |   755500700 |   755156400 |   755271400 |   755661100 |   754749900 |   755812400 |   755108900 |   756623900 |   756338300 |   755249800 |   755210500 |   756227300 |   754313800 |   754172600 |   755021700 |   756807600 |   754240500 |   756861300 |   755877400 |   756345000 |   755813500 |   753107700 |   753064400 |   752926500 |   752987300 |   753160200 |   753131000 |   753041100 |   753022000 |   754373400 |   754297000 |   754133800 |   754030800 |   754397800 |   754352700 |   754215300 |   754331900 |   755656500 |   755170000 |   755481400 |   753984600 |   754349300 |   754501200 |   755480400 |   754256700 |   756684100 |   756416400 |   756365800 |   756241800 |   755338000 |   756247100 |   754080400 |   756810700 |   754442600 |   754178700 |   753403900 |   753488100 |   753374000 |   753336600 |   753603200 |   754272100 |   755606500 |   754619600 |   754537200 |   754558700 |    753940400 |    753362800 |    753987600 |    754549200 |    753385300 |    754410900 |    754096000 |    755108300 |    754325200 |    755517600 |    753934100 |    753804500 |    755105700 |    754185300 |    754115600 |    754464900 |    753093500 |    754133300 |    754476600 |    753191000 |    754202100 |    753754600 |    753917400 |    753915000 |    754367000 |    754105300 |    753787600 |    754383700 |    753143400 |    755137000 |    755124300 |    754663300 |    753201100 |    754209500 |    754087200 |    753166800 |    755760800 |    755441500 |    754290900 |    754461200 |    754327500 |    755527100 |    755129300 |    754431600 |    753187800 |    755416900 |    754301600 |    754246600 |    754334900 |    754374600 |    755431300 |    753259200 |    755288000 |    754368100 |    755461000 |    755468200 |    754359900 |    753213100 |    753962500 |    754215700 |    754390100 |    754287800 |    754447900 |    753665100 |    754512400 |    755604100 |    754422900 |    754435400 |    754416900 |    754413500 |    753227500 |    755252900 |    754170100 |    754291400 |    753240400 |    755494700 |    755354100 |    755319800 |    755398800 |    755615800 |    753821700 |    753817200 |    755653800 |    754693600 |    753260800 |    755799300 |    753138100 |    754379700 |    754299200 |    754173200 |    755657500 |    754496700 |
|    RETIRED_INSTRUCTIONS   |   PMC0  |   742391000 |   742433100 |   742693400 |   742686900 |   742655900 |   742651800 |   742739200 |   742649300 |   742652400 |   742669200 |   742673700 |   742640400 |   742787800 |   742661000 |   742652200 |   742661000 |   742690600 |   742694600 |   742689600 |   742765100 |   742693200 |   742775500 |   742697400 |   742762500 |   742921000 |   742823700 |   742718500 |   742773000 |   742919400 |   742812000 |   742927900 |   742790900 |   742767800 |   742784900 |   742773600 |   742773800 |   742762900 |   742797300 |   742789600 |   742770100 |   742907400 |   742804500 |   742919800 |   743011900 |   742910700 |   742923800 |   742745600 |   742750700 |   742868200 |   742969400 |   742973100 |   742870600 |   742915600 |   742933400 |   742929100 |   742952400 |   742717600 |   742706500 |   742708600 |   742728600 |   742711900 |   742710400 |   742698900 |   742712300 |   742793800 |   742856400 |   742771500 |   742811900 |   742760900 |   742785200 |   742785000 |   742789500 |   742909800 |   742755200 |   742768500 |   742693500 |   742700000 |   742704400 |   742773700 |   742698800 |   742942500 |   742878400 |   742918300 |   742908400 |   742945100 |   742924500 |   742792400 |   742916900 |   742812000 |   742874800 |   742761700 |   742778700 |   742766300 |   742767400 |   742573000 |   742757400 |   742543500 |   742520600 |   742540000 |   742518900 |    742526200 |    742514600 |    742500500 |    742506300 |    742499700 |    742533400 |    742528400 |    742631400 |    742533900 |    742639400 |    742498100 |    742517300 |    742579100 |    742525300 |    742532600 |    742544300 |    742514000 |    742531700 |    742527300 |    742537600 |    742504200 |    742511300 |    742490300 |    742504500 |    742522200 |    742526700 |    742512800 |    742518400 |    742547800 |    742624000 |    742611300 |    742632800 |    742537700 |    742530700 |    742537400 |    742526200 |    742608900 |    742642500 |    742642200 |    742582600 |    742526200 |    742603600 |    742588900 |    742559600 |    742510800 |    742577900 |    742507400 |    742635900 |    742535300 |    742538900 |    742582900 |    742509700 |    742616900 |    742583600 |    742633800 |    742633000 |    742501200 |    742535100 |    742542100 |    742520500 |    742553000 |    742530500 |    742548100 |    742516700 |    742587800 |    742579000 |    742578500 |    742576000 |    742497500 |    742501000 |    742495800 |    742577500 |    742524900 |    742510300 |    742515200 |    742576300 |    742557600 |    742631300 |    742622800 |    742578600 |    742545400 |    742541900 |    742633300 |    742577200 |    742492200 |    742594800 |    742514500 |    742504200 |    742473200 |    742455100 |    742555800 |    742536000 |
|    CPU_CLOCKS_UNHALTED    |   PMC1  |   586711600 |   588068100 |   587973700 |   587886300 |   587634800 |   587608400 |   588087900 |   587601600 |   587673500 |   587756300 |   587765100 |   587612700 |   588365200 |   587713000 |   587665500 |   587704600 |   587933500 |   587900100 |   587865100 |   588272500 |   587897900 |   588337300 |   587919300 |   588278600 |   589130800 |   588591700 |   588040700 |   588294300 |   589133200 |   588520000 |   589176400 |   588434000 |   588287400 |   588393400 |   588352800 |   588347600 |   588302300 |   588479000 |   588433300 |   588338000 |   589088400 |   588509000 |   589130100 |   589671100 |   589093500 |   589178400 |   588190900 |   588207700 |   588874300 |   589423200 |   589483200 |   588889800 |   589155100 |   589233000 |   589212500 |   589358700 |   588037900 |   587981100 |   587964200 |   588078100 |   587983900 |   588012900 |   587927300 |   588020300 |   588439000 |   588790700 |   588299700 |   588519800 |   588298200 |   588398300 |   588385300 |   588435000 |   589112300 |   588242700 |   588304000 |   587931300 |   587948900 |   587972900 |   588336200 |   587931700 |   589290800 |   588916400 |   589144200 |   589112400 |   589286100 |   589179700 |   588442200 |   589150200 |   588515600 |   588864500 |   588250200 |   588357400 |   588291700 |   588317800 |   587213600 |   588252200 |   587071900 |   586931100 |   587035800 |   586920200 |    587008400 |    586892500 |    586826600 |    586867700 |    586890800 |    586982000 |    586954300 |    587538000 |    587006900 |    587598300 |    586868000 |    586898700 |    587237900 |    586934600 |    586976900 |    587045900 |    586887700 |    587002000 |    586947100 |    587023700 |    586921500 |    586971200 |    586824400 |    586915400 |    586964400 |    587009800 |    586985700 |    586976500 |    587068300 |    587540300 |    587435100 |    587604600 |    587015600 |    586970000 |    587017300 |    586960600 |    587421600 |    587626400 |    587621500 |    587281000 |    586966200 |    587398400 |    587313700 |    587158900 |    586859900 |    587227500 |    586831600 |    587546800 |    586980400 |    587007100 |    587266700 |    586833500 |    587462700 |    587279700 |    587560700 |    587579200 |    586814500 |    587015900 |    587049700 |    586929900 |    587103400 |    586972300 |    587068500 |    586898400 |    587291100 |    587238900 |    587255300 |    587252600 |    586793400 |    586821400 |    586791000 |    587245900 |    586960000 |    586882500 |    586907900 |    587278700 |    587116400 |    587542600 |    587485600 |    587242500 |    587059300 |    587058800 |    587561900 |    587240800 |    586782700 |    587354000 |    586894500 |    586812600 |    586735100 |    586632900 |    587212900 |    587103500 |
| RETIRED_SSE_AVX_FLOPS_ALL |   PMC2  | 18748800000 | 18748800000 | 18748800000 | 18748800000 | 18748800000 | 18748800000 | 18748800000 | 18748800000 | 18748800000 | 18748800000 | 18748800000 | 18748800000 | 18748800000 | 18748800000 | 18748800000 | 18748800000 | 18748800000 | 18748800000 | 18748800000 | 18748800000 | 18748800000 | 18748800000 | 18748800000 | 18748800000 | 18748800000 | 18748800000 | 18748800000 | 18748800000 | 18748800000 | 18748800000 | 18748800000 | 18748800000 | 18748800000 | 18748800000 | 18748800000 | 18748800000 | 18748800000 | 18748800000 | 18748800000 | 18748800000 | 18748800000 | 18748800000 | 18748800000 | 18748800000 | 18748800000 | 18748800000 | 18748800000 | 18748800000 | 18748800000 | 18748800000 | 18748800000 | 18748800000 | 18748800000 | 18748800000 | 18748800000 | 18748800000 | 18748800000 | 18748800000 | 18748800000 | 18748800000 | 18748800000 | 18748800000 | 18748800000 | 18748800000 | 18748800000 | 18748800000 | 18748800000 | 18748800000 | 18748800000 | 18748800000 | 18748800000 | 18748800000 | 18748800000 | 18748800000 | 18748800000 | 18748800000 | 18748800000 | 18748800000 | 18748800000 | 18748800000 | 18748800000 | 18748800000 | 18748800000 | 18748800000 | 18748800000 | 18748800000 | 18748800000 | 18748800000 | 18748800000 | 18748800000 | 18748800000 | 18748800000 | 18748800000 | 18748800000 | 18748800000 | 18748800000 | 18748800000 | 18748800000 | 18748800000 | 18748800000 |  18748800000 |  18748800000 |  18748800000 |  18748800000 |  18748800000 |  18748800000 |  18748800000 |  18748800000 |  18748800000 |  18748800000 |  18748800000 |  18748800000 |  18748800000 |  18748800000 |  18748800000 |  18748800000 |  18748800000 |  18748800000 |  18748800000 |  18748800000 |  18748800000 |  18748800000 |  18748800000 |  18748800000 |  18748800000 |  18748800000 |  18748800000 |  18748800000 |  18748800000 |  18748800000 |  18748800000 |  18748800000 |  18748800000 |  18748800000 |  18748800000 |  18748800000 |  18748800000 |  18748800000 |  18748800000 |  18748800000 |  18748800000 |  18748800000 |  18748800000 |  18748800000 |  18748800000 |  18748800000 |  18748800000 |  18748800000 |  18748800000 |  18748800000 |  18748800000 |  18748800000 |  18748800000 |  18748800000 |  18748800000 |  18748800000 |  18748800000 |  18748800000 |  18748800000 |  18748800000 |  18748800000 |  18748800000 |  18748800000 |  18748800000 |  18748800000 |  18748800000 |  18748800000 |  18748800000 |  18748800000 |  18748800000 |  18748800000 |  18748800000 |  18748800000 |  18748800000 |  18748800000 |  18748800000 |  18748800000 |  18748800000 |  18748800000 |  18748800000 |  18748800000 |  18748800000 |  18748800000 |  18748800000 |  18748800000 |  18748800000 |  18748800000 |  18748800000 |  18748800000 |  18748800000 |  18748800000 |  18748800000 |
|           MERGE           |   PMC3  |           0 |           0 |           0 |           0 |           0 |           0 |           0 |           0 |           0 |           0 |           0 |           0 |           0 |           0 |           0 |           0 |           0 |           0 |           0 |           0 |           0 |           0 |           0 |           0 |           0 |           0 |           0 |           0 |           0 |           0 |           0 |           0 |           0 |           0 |           0 |           0 |           0 |           0 |           0 |           0 |           0 |           0 |           0 |           0 |           0 |           0 |           0 |           0 |           0 |           0 |           0 |           0 |           0 |           0 |           0 |           0 |           0 |           0 |           0 |           0 |           0 |           0 |           0 |           0 |           0 |           0 |           0 |           0 |           0 |           0 |           0 |           0 |           0 |           0 |           0 |           0 |           0 |           0 |           0 |           0 |           0 |           0 |           0 |           0 |           0 |           0 |           0 |           0 |           0 |           0 |           0 |           0 |           0 |           0 |           0 |           0 |           0 |           0 |           0 |           0 |            0 |            0 |            0 |            0 |            0 |            0 |            0 |            0 |            0 |            0 |            0 |            0 |            0 |            0 |            0 |            0 |            0 |            0 |            0 |            0 |            0 |            0 |            0 |            0 |            0 |            0 |            0 |            0 |            0 |            0 |            0 |            0 |            0 |            0 |            0 |            0 |            0 |            0 |            0 |            0 |            0 |            0 |            0 |            0 |            0 |            0 |            0 |            0 |            0 |            0 |            0 |            0 |            0 |            0 |            0 |            0 |            0 |            0 |            0 |            0 |            0 |            0 |            0 |            0 |            0 |            0 |            0 |            0 |            0 |            0 |            0 |            0 |            0 |            0 |            0 |            0 |            0 |            0 |            0 |            0 |            0 |            0 |            0 |            0 |            0 |            0 |            0 |            0 |            0 |            0 |            0 |            0 |
+---------------------------+---------+-------------+-------------+-------------+-------------+-------------+-------------+-------------+-------------+-------------+-------------+-------------+-------------+-------------+-------------+-------------+-------------+-------------+-------------+-------------+-------------+-------------+-------------+-------------+-------------+-------------+-------------+-------------+-------------+-------------+-------------+-------------+-------------+-------------+-------------+-------------+-------------+-------------+-------------+-------------+-------------+-------------+-------------+-------------+-------------+-------------+-------------+-------------+-------------+-------------+-------------+-------------+-------------+-------------+-------------+-------------+-------------+-------------+-------------+-------------+-------------+-------------+-------------+-------------+-------------+-------------+-------------+-------------+-------------+-------------+-------------+-------------+-------------+-------------+-------------+-------------+-------------+-------------+-------------+-------------+-------------+-------------+-------------+-------------+-------------+-------------+-------------+-------------+-------------+-------------+-------------+-------------+-------------+-------------+-------------+-------------+-------------+-------------+-------------+-------------+-------------+--------------+--------------+--------------+--------------+--------------+--------------+--------------+--------------+--------------+--------------+--------------+--------------+--------------+--------------+--------------+--------------+--------------+--------------+--------------+--------------+--------------+--------------+--------------+--------------+--------------+--------------+--------------+--------------+--------------+--------------+--------------+--------------+--------------+--------------+--------------+--------------+--------------+--------------+--------------+--------------+--------------+--------------+--------------+--------------+--------------+--------------+--------------+--------------+--------------+--------------+--------------+--------------+--------------+--------------+--------------+--------------+--------------+--------------+--------------+--------------+--------------+--------------+--------------+--------------+--------------+--------------+--------------+--------------+--------------+--------------+--------------+--------------+--------------+--------------+--------------+--------------+--------------+--------------+--------------+--------------+--------------+--------------+--------------+--------------+--------------+--------------+--------------+--------------+--------------+--------------+--------------+--------------+

+--------------------------------+---------+---------------+-------------+-------------+--------------+
|              Event             | Counter |      Sum      |     Min     |     Max     |      Avg     |
+--------------------------------+---------+---------------+-------------+-------------+--------------+
|      ACTUAL_CPU_CLOCK STAT     |  FIXC1  |  114660881700 |   595816200 |   598975300 | 5.971921e+08 |
|       MAX_CPU_CLOCK STAT       |  FIXC2  |  144850593700 |   752926500 |   756861300 | 7.544302e+08 |
|    RETIRED_INSTRUCTIONS STAT   |   PMC0  |  142591414000 |   742391000 |   743011900 | 7.426636e+08 |
|    CPU_CLOCKS_UNHALTED STAT    |   PMC1  |  112846281700 |   586632900 |   589671100 | 5.877411e+08 |
| RETIRED_SSE_AVX_FLOPS_ALL STAT |   PMC2  | 3599769600000 | 18748800000 | 18748800000 |  18748800000 |
|           MERGE STAT           |   PMC3  |             0 |           0 |           0 |            0 |
+--------------------------------+---------+---------------+-------------+-------------+--------------+

+----------------------+------------+------------+------------+------------+------------+------------+------------+------------+------------+------------+-------------+-------------+-------------+-------------+-------------+-------------+-------------+-------------+-------------+-------------+-------------+-------------+-------------+-------------+-------------+-------------+-------------+-------------+-------------+-------------+-------------+-------------+-------------+-------------+-------------+-------------+-------------+-------------+-------------+-------------+-------------+-------------+-------------+-------------+-------------+-------------+-------------+-------------+-------------+-------------+-------------+-------------+-------------+-------------+-------------+-------------+-------------+-------------+-------------+-------------+-------------+-------------+-------------+-------------+-------------+-------------+-------------+-------------+-------------+-------------+-------------+-------------+-------------+-------------+-------------+-------------+-------------+-------------+-------------+-------------+-------------+-------------+-------------+-------------+-------------+-------------+-------------+-------------+-------------+-------------+-------------+-------------+-------------+-------------+-------------+-------------+-------------+-------------+-------------+-------------+--------------+--------------+--------------+--------------+--------------+--------------+--------------+--------------+--------------+--------------+--------------+--------------+--------------+--------------+--------------+--------------+--------------+--------------+--------------+--------------+--------------+--------------+--------------+--------------+--------------+--------------+--------------+--------------+--------------+--------------+--------------+--------------+--------------+--------------+--------------+--------------+--------------+--------------+--------------+--------------+--------------+--------------+--------------+--------------+--------------+--------------+--------------+--------------+--------------+--------------+--------------+--------------+--------------+--------------+--------------+--------------+--------------+--------------+--------------+--------------+--------------+--------------+--------------+--------------+--------------+--------------+--------------+--------------+--------------+--------------+--------------+--------------+--------------+--------------+--------------+--------------+--------------+--------------+--------------+--------------+--------------+--------------+--------------+--------------+--------------+--------------+--------------+--------------+--------------+--------------+--------------+--------------+
|        Metric        | HWThread 0 | HWThread 1 | HWThread 2 | HWThread 3 | HWThread 4 | HWThread 5 | HWThread 6 | HWThread 7 | HWThread 8 | HWThread 9 | HWThread 10 | HWThread 11 | HWThread 12 | HWThread 13 | HWThread 14 | HWThread 15 | HWThread 16 | HWThread 17 | HWThread 18 | HWThread 19 | HWThread 20 | HWThread 21 | HWThread 22 | HWThread 23 | HWThread 24 | HWThread 25 | HWThread 26 | HWThread 27 | HWThread 28 | HWThread 29 | HWThread 30 | HWThread 31 | HWThread 32 | HWThread 33 | HWThread 34 | HWThread 35 | HWThread 36 | HWThread 37 | HWThread 38 | HWThread 39 | HWThread 40 | HWThread 41 | HWThread 42 | HWThread 43 | HWThread 44 | HWThread 45 | HWThread 46 | HWThread 47 | HWThread 48 | HWThread 49 | HWThread 50 | HWThread 51 | HWThread 52 | HWThread 53 | HWThread 54 | HWThread 55 | HWThread 56 | HWThread 57 | HWThread 58 | HWThread 59 | HWThread 60 | HWThread 61 | HWThread 62 | HWThread 63 | HWThread 64 | HWThread 65 | HWThread 66 | HWThread 67 | HWThread 68 | HWThread 69 | HWThread 70 | HWThread 71 | HWThread 72 | HWThread 73 | HWThread 74 | HWThread 75 | HWThread 76 | HWThread 77 | HWThread 78 | HWThread 79 | HWThread 80 | HWThread 81 | HWThread 82 | HWThread 83 | HWThread 84 | HWThread 85 | HWThread 86 | HWThread 87 | HWThread 88 | HWThread 89 | HWThread 90 | HWThread 91 | HWThread 92 | HWThread 93 | HWThread 94 | HWThread 95 | HWThread 96 | HWThread 97 | HWThread 98 | HWThread 99 | HWThread 100 | HWThread 101 | HWThread 102 | HWThread 103 | HWThread 104 | HWThread 105 | HWThread 106 | HWThread 107 | HWThread 108 | HWThread 109 | HWThread 110 | HWThread 111 | HWThread 112 | HWThread 113 | HWThread 114 | HWThread 115 | HWThread 116 | HWThread 117 | HWThread 118 | HWThread 119 | HWThread 120 | HWThread 121 | HWThread 122 | HWThread 123 | HWThread 124 | HWThread 125 | HWThread 126 | HWThread 127 | HWThread 128 | HWThread 129 | HWThread 130 | HWThread 131 | HWThread 132 | HWThread 133 | HWThread 134 | HWThread 135 | HWThread 136 | HWThread 137 | HWThread 138 | HWThread 139 | HWThread 140 | HWThread 141 | HWThread 142 | HWThread 143 | HWThread 144 | HWThread 145 | HWThread 146 | HWThread 147 | HWThread 148 | HWThread 149 | HWThread 150 | HWThread 151 | HWThread 152 | HWThread 153 | HWThread 154 | HWThread 155 | HWThread 156 | HWThread 157 | HWThread 158 | HWThread 159 | HWThread 160 | HWThread 161 | HWThread 162 | HWThread 163 | HWThread 164 | HWThread 165 | HWThread 166 | HWThread 167 | HWThread 168 | HWThread 169 | HWThread 170 | HWThread 171 | HWThread 172 | HWThread 173 | HWThread 174 | HWThread 175 | HWThread 176 | HWThread 177 | HWThread 178 | HWThread 179 | HWThread 180 | HWThread 181 | HWThread 182 | HWThread 183 | HWThread 184 | HWThread 185 | HWThread 186 | HWThread 187 | HWThread 188 | HWThread 189 | HWThread 190 | HWThread 191 |
+----------------------+------------+------------+------------+------------+------------+------------+------------+------------+------------+------------+-------------+-------------+-------------+-------------+-------------+-------------+-------------+-------------+-------------+-------------+-------------+-------------+-------------+-------------+-------------+-------------+-------------+-------------+-------------+-------------+-------------+-------------+-------------+-------------+-------------+-------------+-------------+-------------+-------------+-------------+-------------+-------------+-------------+-------------+-------------+-------------+-------------+-------------+-------------+-------------+-------------+-------------+-------------+-------------+-------------+-------------+-------------+-------------+-------------+-------------+-------------+-------------+-------------+-------------+-------------+-------------+-------------+-------------+-------------+-------------+-------------+-------------+-------------+-------------+-------------+-------------+-------------+-------------+-------------+-------------+-------------+-------------+-------------+-------------+-------------+-------------+-------------+-------------+-------------+-------------+-------------+-------------+-------------+-------------+-------------+-------------+-------------+-------------+-------------+-------------+--------------+--------------+--------------+--------------+--------------+--------------+--------------+--------------+--------------+--------------+--------------+--------------+--------------+--------------+--------------+--------------+--------------+--------------+--------------+--------------+--------------+--------------+--------------+--------------+--------------+--------------+--------------+--------------+--------------+--------------+--------------+--------------+--------------+--------------+--------------+--------------+--------------+--------------+--------------+--------------+--------------+--------------+--------------+--------------+--------------+--------------+--------------+--------------+--------------+--------------+--------------+--------------+--------------+--------------+--------------+--------------+--------------+--------------+--------------+--------------+--------------+--------------+--------------+--------------+--------------+--------------+--------------+--------------+--------------+--------------+--------------+--------------+--------------+--------------+--------------+--------------+--------------+--------------+--------------+--------------+--------------+--------------+--------------+--------------+--------------+--------------+--------------+--------------+--------------+--------------+--------------+--------------+
|  Runtime (RDTSC) [s] |     0.3116 |     0.3120 |     0.3119 |     0.3119 |     0.3117 |     0.3116 |     0.3119 |     0.3117 |     0.3116 |     0.3117 |      0.3117 |      0.3117 |      0.3120 |      0.3116 |      0.3116 |      0.3117 |      0.3117 |      0.3117 |      0.3117 |      0.3118 |      0.3117 |      0.3119 |      0.3117 |      0.3119 |      0.3123 |      0.3120 |      0.3119 |      0.3119 |      0.3123 |      0.3120 |      0.3124 |      0.3120 |      0.3119 |      0.3119 |      0.3119 |      0.3119 |      0.3119 |      0.3120 |      0.3120 |      0.3119 |      0.3123 |      0.3120 |      0.3123 |      0.3126 |      0.3123 |      0.3123 |      0.3118 |      0.3118 |      0.3120 |      0.3123 |      0.3124 |      0.3120 |      0.3124 |      0.3124 |      0.3122 |      0.3124 |      0.3117 |      0.3116 |      0.3117 |      0.3117 |      0.3117 |      0.3117 |      0.3116 |      0.3117 |      0.3119 |      0.3120 |      0.3119 |      0.3119 |      0.3119 |      0.3119 |      0.3119 |      0.3119 |      0.3123 |      0.3118 |      0.3119 |      0.3116 |      0.3117 |      0.3117 |      0.3119 |      0.3117 |      0.3124 |      0.3122 |      0.3124 |      0.3124 |      0.3124 |      0.3124 |      0.3120 |      0.3124 |      0.3119 |      0.3120 |      0.3117 |      0.3117 |      0.3117 |      0.3117 |      0.3117 |      0.3117 |      0.3118 |      0.3117 |      0.3117 |      0.3117 |       0.3116 |       0.3117 |       0.3117 |       0.3117 |       0.3116 |       0.3117 |       0.3117 |       0.3120 |       0.3117 |       0.3120 |       0.3116 |       0.3117 |       0.3118 |       0.3117 |       0.3117 |       0.3117 |       0.3117 |       0.3117 |       0.3117 |       0.3117 |       0.3117 |       0.3117 |       0.3117 |       0.3117 |       0.3117 |       0.3117 |       0.3117 |       0.3117 |       0.3117 |       0.3120 |       0.3120 |       0.3120 |       0.3117 |       0.3117 |       0.3118 |       0.3117 |       0.3119 |       0.3120 |       0.3120 |       0.3119 |       0.3117 |       0.3119 |       0.3119 |       0.3117 |       0.3116 |       0.3119 |       0.3117 |       0.3120 |       0.3117 |       0.3117 |       0.3118 |       0.3116 |       0.3120 |       0.3119 |       0.3120 |       0.3120 |       0.3117 |       0.3117 |       0.3117 |       0.3117 |       0.3117 |       0.3117 |       0.3117 |       0.3117 |       0.3119 |       0.3118 |       0.3119 |       0.3119 |       0.3117 |       0.3117 |       0.3116 |       0.3118 |       0.3117 |       0.3117 |       0.3117 |       0.3119 |       0.3118 |       0.3120 |       0.3120 |       0.3119 |       0.3117 |       0.3117 |       0.3120 |       0.3119 |       0.3117 |       0.3119 |       0.3117 |       0.3116 |       0.3117 |       0.3117 |       0.3119 |       0.3119 |
| Runtime unhalted [s] |     0.2483 |     0.2486 |     0.2489 |     0.2487 |     0.2483 |     0.2483 |     0.2487 |     0.2484 |     0.2483 |     0.2483 |      0.2484 |      0.2483 |      0.2486 |      0.2484 |      0.2483 |      0.2483 |      0.2485 |      0.2485 |      0.2483 |      0.2487 |      0.2485 |      0.2489 |      0.2483 |      0.2489 |      0.2489 |      0.2489 |      0.2489 |      0.2489 |      0.2489 |      0.2489 |      0.2489 |      0.2489 |      0.2492 |      0.2493 |      0.2491 |      0.2491 |      0.2492 |      0.2493 |      0.2493 |      0.2492 |      0.2494 |      0.2494 |      0.2495 |      0.2493 |      0.2492 |      0.2492 |      0.2496 |      0.2490 |      0.2490 |      0.2490 |      0.2494 |      0.2490 |      0.2494 |      0.2493 |      0.2495 |      0.2491 |      0.2483 |      0.2485 |      0.2483 |      0.2483 |      0.2485 |      0.2485 |      0.2485 |      0.2485 |      0.2489 |      0.2488 |      0.2487 |      0.2487 |      0.2489 |      0.2489 |      0.2487 |      0.2489 |      0.2492 |      0.2492 |      0.2491 |      0.2488 |      0.2487 |      0.2487 |      0.2492 |      0.2489 |      0.2495 |      0.2495 |      0.2494 |      0.2495 |      0.2491 |      0.2493 |      0.2490 |      0.2495 |      0.2489 |      0.2487 |      0.2484 |      0.2486 |      0.2486 |      0.2484 |      0.2486 |      0.2489 |      0.2492 |      0.2488 |      0.2489 |      0.2488 |       0.2488 |       0.2484 |       0.2488 |       0.2488 |       0.2486 |       0.2489 |       0.2490 |       0.2492 |       0.2489 |       0.2491 |       0.2488 |       0.2489 |       0.2492 |       0.2489 |       0.2490 |       0.2487 |       0.2485 |       0.2488 |       0.2489 |       0.2485 |       0.2488 |       0.2489 |       0.2489 |       0.2489 |       0.2489 |       0.2488 |       0.2489 |       0.2489 |       0.2483 |       0.2491 |       0.2491 |       0.2489 |       0.2486 |       0.2489 |       0.2490 |       0.2484 |       0.2493 |       0.2490 |       0.2488 |       0.2490 |       0.2487 |       0.2492 |       0.2493 |       0.2489 |       0.2484 |       0.2494 |       0.2489 |       0.2487 |       0.2487 |       0.2487 |       0.2492 |       0.2485 |       0.2490 |       0.2488 |       0.2492 |       0.2491 |       0.2489 |       0.2484 |       0.2488 |       0.2487 |       0.2487 |       0.2489 |       0.2487 |       0.2486 |       0.2491 |       0.2492 |       0.2489 |       0.2489 |       0.2489 |       0.2489 |       0.2486 |       0.2493 |       0.2488 |       0.2487 |       0.2485 |       0.2491 |       0.2491 |       0.2490 |       0.2493 |       0.2491 |       0.2487 |       0.2487 |       0.2492 |       0.2490 |       0.2486 |       0.2493 |       0.2484 |       0.2487 |       0.2489 |       0.2490 |       0.2493 |       0.2490 |
|      Clock [MHz]     |  1897.9367 |  1898.7391 |  1899.6619 |  1897.7028 |  1897.4916 |  1897.7274 |  1898.9430 |  1898.0233 |  1898.5533 |  1898.6023 |   1898.7146 |   1897.6864 |   1898.8741 |   1898.8474 |   1898.6288 |   1898.6493 |   1898.7595 |   1899.9411 |   1898.5730 |   1898.7407 |   1900.2038 |   1899.7162 |   1898.6394 |   1899.7388 |   1898.7432 |   1900.3905 |   1900.6792 |   1899.9862 |   1898.8742 |   1903.2408 |   1900.7573 |   1901.2348 |   1899.5131 |   1899.2536 |   1898.7345 |   1898.4990 |   1900.3764 |   1900.7450 |   1899.4774 |   1901.3544 |   1900.0181 |   1901.8906 |   1898.7278 |   1897.9743 |   1900.0508 |   1899.7496 |   1900.5952 |   1900.9655 |   1901.1958 |   1898.9855 |   1897.2057 |   1901.1089 |   1897.1387 |   1899.1113 |   1899.5714 |   1897.6746 |   1898.6106 |   1900.1243 |   1898.9037 |   1898.8976 |   1900.0540 |   1900.0933 |   1900.1315 |   1900.1803 |   1899.7434 |   1899.0339 |   1898.8757 |   1899.0619 |   1899.6387 |   1899.7831 |   1898.6543 |   1899.5969 |   1898.5509 |   1899.8884 |   1898.5523 |   1900.0400 |   1898.5145 |   1898.2885 |   1899.5629 |   1899.9371 |   1898.3932 |   1899.2829 |   1898.2181 |   1899.8262 |   1899.1338 |   1898.4567 |   1901.4699 |   1898.4288 |   1899.8640 |   1898.4724 |   1898.6674 |   1899.9431 |   1899.8419 |   1898.7067 |   1899.4981 |   1899.7513 |   1899.1116 |   1898.3143 |   1899.6245 |   1898.3683 |    1899.8879 |    1898.7687 |    1899.9061 |    1898.2850 |    1900.1714 |    1899.7797 |    1901.3345 |    1900.3045 |    1899.8066 |    1898.1923 |    1899.8742 |    1901.4353 |    1900.0657 |    1899.8819 |    1901.2399 |    1898.1960 |    1900.2675 |    1900.0008 |    1899.7074 |    1900.0525 |    1899.8134 |    1901.3759 |    1901.3122 |    1901.3014 |    1899.7716 |    1899.9479 |    1901.3652 |    1899.7369 |    1898.6649 |    1899.6638 |    1899.6328 |    1898.8050 |    1900.6536 |    1899.8343 |    1901.1746 |    1898.6438 |    1899.3522 |    1898.1787 |    1899.1167 |    1900.1934 |    1898.4698 |    1899.5135 |    1901.0728 |    1899.6493 |    1898.6654 |    1900.8363 |    1899.9172 |    1898.7123 |    1898.2600 |    1898.2508 |    1899.2649 |    1899.2140 |    1898.3236 |    1899.0162 |    1899.2496 |    1898.2780 |    1899.9104 |    1898.8113 |    1899.9029 |    1898.3523 |    1898.2156 |    1899.7245 |    1898.1815 |    1899.4857 |    1901.0580 |    1899.0986 |    1899.8172 |    1899.8452 |    1899.8899 |    1899.6434 |    1900.6682 |    1900.7366 |    1899.8473 |    1898.4932 |    1899.5433 |    1898.5367 |    1898.4694 |    1898.4105 |    1900.4060 |    1898.5125 |    1899.9464 |    1899.9100 |    1898.8765 |    1899.4604 |    1900.4816 |    1899.3053 |    1898.9803 |    1898.2608 |    1899.7773 |    1901.1981 |    1899.4397 |    1900.0245 |
|          CPI         |     0.7903 |     0.7921 |     0.7917 |     0.7916 |     0.7913 |     0.7912 |     0.7918 |     0.7912 |     0.7913 |     0.7914 |      0.7914 |      0.7912 |      0.7921 |      0.7914 |      0.7913 |      0.7913 |      0.7916 |      0.7916 |      0.7915 |      0.7920 |      0.7916 |      0.7921 |      0.7916 |      0.7920 |      0.7930 |      0.7924 |      0.7917 |      0.7920 |      0.7930 |      0.7923 |      0.7930 |      0.7922 |      0.7920 |      0.7921 |      0.7921 |      0.7921 |      0.7920 |      0.7922 |      0.7922 |      0.7921 |      0.7929 |      0.7923 |      0.7930 |      0.7936 |      0.7930 |      0.7931 |      0.7919 |      0.7919 |      0.7927 |      0.7933 |      0.7934 |      0.7927 |      0.7930 |      0.7931 |      0.7931 |      0.7933 |      0.7917 |      0.7917 |      0.7916 |      0.7918 |      0.7917 |      0.7917 |      0.7916 |      0.7917 |      0.7922 |      0.7926 |      0.7920 |      0.7923 |      0.7920 |      0.7922 |      0.7921 |      0.7922 |      0.7930 |      0.7920 |      0.7920 |      0.7916 |      0.7916 |      0.7917 |      0.7921 |      0.7916 |      0.7932 |      0.7927 |      0.7930 |      0.7930 |      0.7932 |      0.7931 |      0.7922 |      0.7930 |      0.7923 |      0.7927 |      0.7920 |      0.7921 |      0.7920 |      0.7921 |      0.7908 |      0.7920 |      0.7906 |      0.7905 |      0.7906 |      0.7904 |       0.7906 |       0.7904 |       0.7903 |       0.7904 |       0.7904 |       0.7905 |       0.7905 |       0.7912 |       0.7905 |       0.7912 |       0.7904 |       0.7904 |       0.7908 |       0.7905 |       0.7905 |       0.7906 |       0.7904 |       0.7905 |       0.7905 |       0.7906 |       0.7905 |       0.7905 |       0.7903 |       0.7905 |       0.7905 |       0.7906 |       0.7905 |       0.7905 |       0.7906 |       0.7912 |       0.7910 |       0.7912 |       0.7906 |       0.7905 |       0.7906 |       0.7905 |       0.7910 |       0.7913 |       0.7913 |       0.7909 |       0.7905 |       0.7910 |       0.7909 |       0.7907 |       0.7904 |       0.7908 |       0.7903 |       0.7912 |       0.7905 |       0.7905 |       0.7908 |       0.7903 |       0.7911 |       0.7909 |       0.7912 |       0.7912 |       0.7903 |       0.7906 |       0.7906 |       0.7905 |       0.7907 |       0.7905 |       0.7906 |       0.7904 |       0.7909 |       0.7908 |       0.7908 |       0.7908 |       0.7903 |       0.7903 |       0.7903 |       0.7908 |       0.7905 |       0.7904 |       0.7904 |       0.7909 |       0.7907 |       0.7912 |       0.7911 |       0.7908 |       0.7906 |       0.7906 |       0.7912 |       0.7908 |       0.7903 |       0.7909 |       0.7904 |       0.7903 |       0.7902 |       0.7901 |       0.7908 |       0.7907 |
|     SP [MFLOP/s]     | 60161.3390 | 60088.7447 | 60112.1331 | 60116.7205 | 60156.9957 | 60160.8757 | 60114.2340 | 60157.1116 | 60160.7791 | 60158.4820 |  60155.0656 |  60158.8102 |  60090.6706 |  60159.8719 |  60161.3583 |  60157.6327 |  60157.8836 |  60157.1309 |  60159.0032 |  60122.9666 |  60156.9764 |  60116.9325 |  60157.2467 |  60116.5663 |  60031.1990 |  60088.9758 |  60116.8169 |  60113.5401 |  60028.1814 |  60088.3981 |  60020.9559 |  60095.4280 |  60115.3326 |  60109.1074 |  60115.0242 |  60118.5325 |  60113.8485 |  60101.2266 |  60101.3422 |  60113.8292 |  60036.1393 |  60097.3929 |  60025.7022 |  59979.9798 |  60027.4319 |  60026.8361 |  60121.7905 |  60122.8509 |  60088.8025 |  60032.6599 |  60021.7052 |  60085.6829 |  60019.2458 |  60017.4206 |  60050.0994 |  60014.8078 |  60159.5630 |  60161.0301 |  60157.8836 |  60156.1851 |  60159.1576 |  60158.0188 |  60160.8757 |  60158.9067 |  60113.4052 |  60085.7791 |  60120.1711 |  60114.7544 |  60112.5957 |  60113.7907 |  60117.7807 |  60114.9857 |  60030.6608 |  60122.3496 |  60113.0004 |  60166.7641 |  60158.4627 |  60157.3046 |  60117.9156 |  60153.3286 |  60016.7289 |  60049.0801 |  60023.4731 |  60022.2048 |  60014.9999 |  60023.3770 |  60097.3158 |  60016.1910 |  60118.7831 |  60092.2307 |  60152.5952 |  60154.6024 |  60154.8726 |  60156.7255 |  60150.5689 |  60152.8847 |  60137.6615 |  60156.6869 |  60146.4395 |  60154.6796 |   60160.2000 |   60155.8570 |   60158.6557 |   60154.2357 |   60160.9143 |   60147.8481 |   60148.4269 |   60090.7669 |   60147.4428 |   60093.3670 |   60160.6633 |   60149.2374 |   60124.8368 |   60158.7523 |   60144.7416 |   60144.9345 |   60147.5586 |   60147.0183 |   60146.6903 |   60142.0212 |   60148.0796 |   60149.4111 |   60159.6209 |   60158.7137 |   60148.9672 |   60149.3339 |   60148.3884 |   60146.8254 |   60141.9634 |   60091.5951 |   60095.8711 |   60086.4724 |   60143.3331 |   60142.0019 |   60140.3429 |   60146.5167 |   60120.1518 |   60089.9195 |   60090.4202 |   60120.6530 |   60154.4480 |   60116.9711 |   60120.2482 |   60143.3910 |   60160.3738 |   60121.0386 |   60159.3121 |   60092.0573 |   60142.3685 |   60141.9248 |   60123.5064 |   60160.0842 |   60093.7523 |   60112.5186 |   60086.1065 |   60088.1863 |   60156.6483 |   60142.6772 |   60142.6386 |   60146.0536 |   60145.0310 |   60144.8573 |   60144.8187 |   60155.1814 |   60120.0747 |   60121.6941 |   60119.2650 |   60119.5735 |   60155.6832 |   60159.6788 |   60160.0263 |   60123.4293 |   60140.9023 |   60157.1888 |   60144.1435 |   60114.0991 |   60123.6992 |   60087.5315 |   60087.6663 |   60114.2725 |   60142.9280 |   60143.3910 |   60096.1793 |   60110.7841 |   60159.0611 |   60114.0798 |   60145.8028 |   60160.4896 |   60159.5051 |   60158.7137 |   60111.4586 |   60116.3350 |
+----------------------+------------+------------+------------+------------+------------+------------+------------+------------+------------+------------+-------------+-------------+-------------+-------------+-------------+-------------+-------------+-------------+-------------+-------------+-------------+-------------+-------------+-------------+-------------+-------------+-------------+-------------+-------------+-------------+-------------+-------------+-------------+-------------+-------------+-------------+-------------+-------------+-------------+-------------+-------------+-------------+-------------+-------------+-------------+-------------+-------------+-------------+-------------+-------------+-------------+-------------+-------------+-------------+-------------+-------------+-------------+-------------+-------------+-------------+-------------+-------------+-------------+-------------+-------------+-------------+-------------+-------------+-------------+-------------+-------------+-------------+-------------+-------------+-------------+-------------+-------------+-------------+-------------+-------------+-------------+-------------+-------------+-------------+-------------+-------------+-------------+-------------+-------------+-------------+-------------+-------------+-------------+-------------+-------------+-------------+-------------+-------------+-------------+-------------+--------------+--------------+--------------+--------------+--------------+--------------+--------------+--------------+--------------+--------------+--------------+--------------+--------------+--------------+--------------+--------------+--------------+--------------+--------------+--------------+--------------+--------------+--------------+--------------+--------------+--------------+--------------+--------------+--------------+--------------+--------------+--------------+--------------+--------------+--------------+--------------+--------------+--------------+--------------+--------------+--------------+--------------+--------------+--------------+--------------+--------------+--------------+--------------+--------------+--------------+--------------+--------------+--------------+--------------+--------------+--------------+--------------+--------------+--------------+--------------+--------------+--------------+--------------+--------------+--------------+--------------+--------------+--------------+--------------+--------------+--------------+--------------+--------------+--------------+--------------+--------------+--------------+--------------+--------------+--------------+--------------+--------------+--------------+--------------+--------------+--------------+--------------+--------------+--------------+--------------+--------------+--------------+

+---------------------------+--------------+------------+------------+------------+
|           Metric          |      Sum     |     Min    |     Max    |     Avg    |
+---------------------------+--------------+------------+------------+------------+
|  Runtime (RDTSC) [s] STAT |      59.8761 |     0.3116 |     0.3126 |     0.3119 |
| Runtime unhalted [s] STAT |      47.7829 |     0.2483 |     0.2496 |     0.2489 |
|      Clock [MHz] STAT     |  364694.6199 |  1897.1387 |  1903.2408 |  1899.4511 |
|          CPI STAT         |     151.9477 |     0.7901 |     0.7936 |     0.7914 |
|     SP [MFLOP/s] STAT     | 1.154320e+07 | 59979.9798 | 60166.7641 | 60120.8187 |
+---------------------------+--------------+------------+------------+------------+

