INFO: You are running LIKWID in a cpuset with 48 CPUs. Taking given IDs as logical ID in cpuset
--------------------------------------------------------------------------------
CPU name:	AMD EPYC 9654 96-Core Processor                
CPU type:	AMD K19 (Zen4) architecture
CPU clock:	2.40 GHz
--------------------------------------------------------------------------------
Allocate: Process running on hwthread 0 (Domain N) - Vector length 3000000/12000000 Offset 0 Alignment 1024
Initialization: Each thread in domain initializes its own stream chunks
--------------------------------------------------------------------------------
LIKWID MICRO BENCHMARK
Test: peakflops_sp
--------------------------------------------------------------------------------
Using 1 work groups
Using 24 threads
--------------------------------------------------------------------------------
Using Likwid Marker API
--------------------------------------------------------------------------------
Group: 0 Thread 0 Global Thread 0 running on hwthread 0 - Vector length 125000 Offset 0
Group: 0 Thread 1 Global Thread 1 running on hwthread 1 - Vector length 125000 Offset 125000
Group: 0 Thread 2 Global Thread 2 running on hwthread 2 - Vector length 125000 Offset 250000
Group: 0 Thread 3 Global Thread 3 running on hwthread 3 - Vector length 125000 Offset 375000
Group: 0 Thread 4 Global Thread 4 running on hwthread 4 - Vector length 125000 Offset 500000
Group: 0 Thread 5 Global Thread 5 running on hwthread 5 - Vector length 125000 Offset 625000
Group: 0 Thread 6 Global Thread 6 running on hwthread 6 - Vector length 125000 Offset 750000
Group: 0 Thread 7 Global Thread 7 running on hwthread 7 - Vector length 125000 Offset 875000
Group: 0 Thread 8 Global Thread 8 running on hwthread 8 - Vector length 125000 Offset 1000000
Group: 0 Thread 9 Global Thread 9 running on hwthread 9 - Vector length 125000 Offset 1125000
Group: 0 Thread 10 Global Thread 10 running on hwthread 10 - Vector length 125000 Offset 1250000
Group: 0 Thread 11 Global Thread 11 running on hwthread 11 - Vector length 125000 Offset 1375000
Group: 0 Thread 12 Global Thread 12 running on hwthread 12 - Vector length 125000 Offset 1500000
Group: 0 Thread 13 Global Thread 13 running on hwthread 13 - Vector length 125000 Offset 1625000
Group: 0 Thread 14 Global Thread 14 running on hwthread 14 - Vector length 125000 Offset 1750000
Group: 0 Thread 15 Global Thread 15 running on hwthread 15 - Vector length 125000 Offset 1875000
Group: 0 Thread 16 Global Thread 16 running on hwthread 16 - Vector length 125000 Offset 2000000
Group: 0 Thread 17 Global Thread 17 running on hwthread 17 - Vector length 125000 Offset 2125000
Group: 0 Thread 18 Global Thread 18 running on hwthread 18 - Vector length 125000 Offset 2250000
Group: 0 Thread 19 Global Thread 19 running on hwthread 19 - Vector length 125000 Offset 2375000
Group: 0 Thread 20 Global Thread 20 running on hwthread 20 - Vector length 125000 Offset 2500000
Group: 0 Thread 21 Global Thread 21 running on hwthread 21 - Vector length 125000 Offset 2625000
Group: 0 Thread 22 Global Thread 22 running on hwthread 22 - Vector length 125000 Offset 2750000
Group: 0 Thread 23 Global Thread 23 running on hwthread 23 - Vector length 125000 Offset 2875000
--------------------------------------------------------------------------------
Cycles:			4775808672
CPU Clock:		2399983016
Cycle Clock:		2399983016
Time:			1.989934e+00 sec
Iterations:		120000
Iterations per thread:	5000
Inner loop executions:	125000
Size (Byte):		12000000
Size per thread:	500000
Number of Flops:	240000000000
MFlops/s:		120606.99
Data volume (Byte):	60000000000
MByte/s:		30151.75
Cycles per update:	0.318387
Cycles per cacheline:	5.094196
Loads per update:	1
Stores per update:	0
Load bytes per element:	4
Store bytes per elem.:	0
Instructions:		300000000032
UOPs:			285000000000
--------------------------------------------------------------------------------
Writing Likwid Marker API results to file /tmp/likwid_763667.txt
--------------------------------------------------------------------------------
Region bench, Group 1: FLOPS_SP
+-------------------+------------+------------+------------+------------+------------+------------+------------+------------+------------+------------+-------------+-------------+-------------+-------------+-------------+-------------+-------------+-------------+-------------+-------------+-------------+-------------+-------------+-------------+
|    Region Info    | HWThread 0 | HWThread 1 | HWThread 2 | HWThread 3 | HWThread 4 | HWThread 5 | HWThread 6 | HWThread 7 | HWThread 8 | HWThread 9 | HWThread 10 | HWThread 11 | HWThread 12 | HWThread 13 | HWThread 14 | HWThread 15 | HWThread 16 | HWThread 17 | HWThread 18 | HWThread 19 | HWThread 20 | HWThread 21 | HWThread 22 | HWThread 23 |
+-------------------+------------+------------+------------+------------+------------+------------+------------+------------+------------+------------+-------------+-------------+-------------+-------------+-------------+-------------+-------------+-------------+-------------+-------------+-------------+-------------+-------------+-------------+
| RDTSC Runtime [s] |   1.989875 |   1.989904 |   1.989905 |   1.989876 |   1.989924 |   1.989895 |   1.989925 |   1.989925 |   1.989920 |   1.989938 |    1.989880 |    1.989873 |    1.989877 |    1.989873 |    1.989880 |    1.989881 |    1.989845 |    1.989880 |    1.989874 |    1.989875 |    1.989901 |    1.989843 |    1.989888 |    1.989875 |
|     call count    |          1 |          1 |          1 |          1 |          1 |          1 |          1 |          1 |          1 |          1 |           1 |           1 |           1 |           1 |           1 |           1 |           1 |           1 |           1 |           1 |           1 |           1 |           1 |           1 |
+-------------------+------------+------------+------------+------------+------------+------------+------------+------------+------------+------------+-------------+-------------+-------------+-------------+-------------+-------------+-------------+-------------+-------------+-------------+-------------+-------------+-------------+-------------+

+---------------------------+---------+-------------+-------------+-------------+-------------+-------------+-------------+-------------+-------------+-------------+-------------+-------------+-------------+-------------+-------------+-------------+-------------+-------------+-------------+-------------+-------------+-------------+-------------+-------------+-------------+
|           Event           | Counter |  HWThread 0 |  HWThread 1 |  HWThread 2 |  HWThread 3 |  HWThread 4 |  HWThread 5 |  HWThread 6 |  HWThread 7 |  HWThread 8 |  HWThread 9 | HWThread 10 | HWThread 11 | HWThread 12 | HWThread 13 | HWThread 14 | HWThread 15 | HWThread 16 | HWThread 17 | HWThread 18 | HWThread 19 | HWThread 20 | HWThread 21 | HWThread 22 | HWThread 23 |
+---------------------------+---------+-------------+-------------+-------------+-------------+-------------+-------------+-------------+-------------+-------------+-------------+-------------+-------------+-------------+-------------+-------------+-------------+-------------+-------------+-------------+-------------+-------------+-------------+-------------+-------------+
|      ACTUAL_CPU_CLOCK     |  FIXC1  |  3781419000 |  3781370000 |  3781473000 |  3781470000 |  3781409000 |  3781456000 |  3781456000 |  3781468000 |  3781360000 |  3781471000 |  3781460000 |  3781360000 |  3781454000 |  3781379000 |  3781402000 |  3781469000 |  3781368000 |  3781368000 |  3781358000 |  3781373000 |  3781394000 |  3781374000 |  3781378000 |  3781378000 |
|       MAX_CPU_CLOCK       |  FIXC2  |  4776569000 |  4776496000 |  4776580000 |  4776606000 |  4776553000 |  4776574000 |  4776604000 |  4776622000 |  4776476000 |  4776619000 |  4776590000 |  4776491000 |  4776580000 |  4776476000 |  4776552000 |  4776613000 |  4776473000 |  4776484000 |  4776478000 |  4776477000 |  4776557000 |  4776477000 |  4776500000 |  4776474000 |
|    RETIRED_INSTRUCTIONS   |   PMC0  | 12500700000 | 12500740000 | 12500920000 | 12500620000 | 12500680000 | 12501020000 | 12500740000 | 12500950000 | 12500730000 | 12500850000 | 12500580000 | 12500620000 | 12500830000 | 12500850000 | 12500700000 | 12500850000 | 12500690000 | 12501040000 | 12500750000 | 12501250000 | 12500770000 | 12500890000 | 12500240000 | 12501410000 |
|    CPU_CLOCKS_UNHALTED    |   PMC1  |  3756621000 |  3761706000 |  3761794000 |  3761371000 |  3761411000 |  3761667000 |  3761439000 |  3761718000 |  3761115000 |  3761175000 |  3761273000 |  3761056000 |  3761053000 |  3761125000 |  3761008000 |  3760918000 |  3761244000 |  3761369000 |  3761341000 |  3761440000 |  3761348000 |  3761418000 |  3761158000 |  3761164000 |
| RETIRED_SSE_AVX_FLOPS_ALL |   PMC2  | 10000000000 | 10000000000 | 10000000000 | 10000000000 | 10000000000 | 10000000000 | 10000000000 | 10000000000 | 10000000000 | 10000000000 | 10000000000 | 10000000000 | 10000000000 | 10000000000 | 10000000000 | 10000000000 | 10000000000 | 10000000000 | 10000000000 | 10000000000 | 10000000000 | 10000000000 | 10000000000 | 10000000000 |
|           MERGE           |   PMC3  |           0 |           0 |           0 |           0 |           0 |           0 |           0 |           0 |           0 |           0 |           0 |           0 |           0 |           0 |           0 |           0 |           0 |           0 |           0 |           0 |           0 |           0 |           0 |           0 |
+---------------------------+---------+-------------+-------------+-------------+-------------+-------------+-------------+-------------+-------------+-------------+-------------+-------------+-------------+-------------+-------------+-------------+-------------+-------------+-------------+-------------+-------------+-------------+-------------+-------------+-------------+

+--------------------------------+---------+--------------+-------------+-------------+--------------+
|              Event             | Counter |      Sum     |     Min     |     Max     |      Avg     |
+--------------------------------+---------+--------------+-------------+-------------+--------------+
|      ACTUAL_CPU_CLOCK STAT     |  FIXC1  |  90753867000 |  3781358000 |  3781473000 |   3781411125 |
|       MAX_CPU_CLOCK STAT       |  FIXC2  | 114636921000 |  4776473000 |  4776622000 |   4776538375 |
|    RETIRED_INSTRUCTIONS STAT   |   PMC0  | 300019420000 | 12500240000 | 12501410000 | 1.250081e+10 |
|    CPU_CLOCKS_UNHALTED STAT    |   PMC1  |  90266932000 |  3756621000 |  3761794000 | 3.761122e+09 |
| RETIRED_SSE_AVX_FLOPS_ALL STAT |   PMC2  | 240000000000 | 10000000000 | 10000000000 |  10000000000 |
|           MERGE STAT           |   PMC3  |            0 |           0 |           0 |            0 |
+--------------------------------+---------+--------------+-------------+-------------+--------------+

+----------------------+------------+------------+------------+------------+------------+------------+------------+------------+------------+------------+-------------+-------------+-------------+-------------+-------------+-------------+-------------+-------------+-------------+-------------+-------------+-------------+-------------+-------------+
|        Metric        | HWThread 0 | HWThread 1 | HWThread 2 | HWThread 3 | HWThread 4 | HWThread 5 | HWThread 6 | HWThread 7 | HWThread 8 | HWThread 9 | HWThread 10 | HWThread 11 | HWThread 12 | HWThread 13 | HWThread 14 | HWThread 15 | HWThread 16 | HWThread 17 | HWThread 18 | HWThread 19 | HWThread 20 | HWThread 21 | HWThread 22 | HWThread 23 |
+----------------------+------------+------------+------------+------------+------------+------------+------------+------------+------------+------------+-------------+-------------+-------------+-------------+-------------+-------------+-------------+-------------+-------------+-------------+-------------+-------------+-------------+-------------+
|  Runtime (RDTSC) [s] |     1.9899 |     1.9899 |     1.9899 |     1.9899 |     1.9899 |     1.9899 |     1.9899 |     1.9899 |     1.9899 |     1.9899 |      1.9899 |      1.9899 |      1.9899 |      1.9899 |      1.9899 |      1.9899 |      1.9898 |      1.9899 |      1.9899 |      1.9899 |      1.9899 |      1.9898 |      1.9899 |      1.9899 |
| Runtime unhalted [s] |     1.5756 |     1.5756 |     1.5756 |     1.5756 |     1.5756 |     1.5756 |     1.5756 |     1.5756 |     1.5756 |     1.5756 |      1.5756 |      1.5756 |      1.5756 |      1.5756 |      1.5756 |      1.5756 |      1.5756 |      1.5756 |      1.5756 |      1.5756 |      1.5756 |      1.5756 |      1.5756 |      1.5756 |
|      Clock [MHz]     |  1899.9671 |  1899.9715 |  1899.9899 |  1899.9780 |  1899.9684 |  1899.9837 |  1899.9718 |  1899.9706 |  1899.9744 |  1899.9733 |   1899.9793 |   1899.9685 |   1899.9803 |   1899.9840 |   1899.9653 |   1899.9747 |   1899.9797 |   1899.9753 |   1899.9726 |   1899.9806 |   1899.9593 |   1899.9811 |   1899.9739 |   1899.9843 |
|          CPI         |     0.3005 |     0.3009 |     0.3009 |     0.3009 |     0.3009 |     0.3009 |     0.3009 |     0.3009 |     0.3009 |     0.3009 |      0.3009 |      0.3009 |      0.3009 |      0.3009 |      0.3009 |      0.3009 |      0.3009 |      0.3009 |      0.3009 |      0.3009 |      0.3009 |      0.3009 |      0.3009 |      0.3009 |
|     SP [MFLOP/s]     |  5025.4413 |  5025.3681 |  5025.3655 |  5025.4388 |  5025.3175 |  5025.3908 |  5025.3150 |  5025.3150 |  5025.3277 |  5025.2822 |   5025.4287 |   5025.4463 |   5025.4362 |   5025.4463 |   5025.4287 |   5025.4261 |   5025.5171 |   5025.4287 |   5025.4438 |   5025.4413 |   5025.3756 |   5025.5221 |   5025.4085 |   5025.4413 |
+----------------------+------------+------------+------------+------------+------------+------------+------------+------------+------------+------------+-------------+-------------+-------------+-------------+-------------+-------------+-------------+-------------+-------------+-------------+-------------+-------------+-------------+-------------+

+---------------------------+-------------+-----------+-----------+-----------+
|           Metric          |     Sum     |    Min    |    Max    |    Avg    |
+---------------------------+-------------+-----------+-----------+-----------+
|  Runtime (RDTSC) [s] STAT |     47.7574 |    1.9898 |    1.9899 |    1.9899 |
| Runtime unhalted [s] STAT |     37.8144 |    1.5756 |    1.5756 |    1.5756 |
|      Clock [MHz] STAT     |  45599.4076 | 1899.9593 | 1899.9899 | 1899.9753 |
|          CPI STAT         |      7.2212 |    0.3005 |    0.3009 |    0.3009 |
|     SP [MFLOP/s] STAT     | 120609.7526 | 5025.2822 | 5025.5221 | 5025.4064 |
+---------------------------+-------------+-----------+-----------+-----------+

