INFO: You are running LIKWID in a cpuset with 48 CPUs. Taking given IDs as logical ID in cpuset
--------------------------------------------------------------------------------
CPU name:	AMD EPYC 9654 96-Core Processor                
CPU type:	AMD K19 (Zen4) architecture
CPU clock:	2.40 GHz
--------------------------------------------------------------------------------
Warning: Sanitizing vector length to a multiple of the loop stride 16 and thread count 24 from 500000000 elements (4000000000 bytes) to 499999872 elements (3999998976 bytes)
Allocate: Process running on hwthread 0 (Domain N) - Vector length 499999872/3999998976 Offset 0 Alignment 512
Allocate: Process running on hwthread 0 (Domain N) - Vector length 499999872/3999998976 Offset 0 Alignment 512
Allocate: Process running on hwthread 0 (Domain N) - Vector length 499999872/3999998976 Offset 0 Alignment 512
Initialization: Each thread in domain initializes its own stream chunks
--------------------------------------------------------------------------------
LIKWID MICRO BENCHMARK
Test: stream_mem_avx_fma
--------------------------------------------------------------------------------
Using 1 work groups
Using 24 threads
--------------------------------------------------------------------------------
Using Likwid Marker API
--------------------------------------------------------------------------------
Group: 0 Thread 0 Global Thread 0 running on hwthread 0 - Vector length 20833328 Offset 0
Group: 0 Thread 1 Global Thread 1 running on hwthread 1 - Vector length 20833328 Offset 20833328
Group: 0 Thread 2 Global Thread 2 running on hwthread 2 - Vector length 20833328 Offset 41666656
Group: 0 Thread 3 Global Thread 3 running on hwthread 3 - Vector length 20833328 Offset 62499984
Group: 0 Thread 4 Global Thread 4 running on hwthread 4 - Vector length 20833328 Offset 83333312
Group: 0 Thread 5 Global Thread 5 running on hwthread 5 - Vector length 20833328 Offset 104166640
Group: 0 Thread 6 Global Thread 6 running on hwthread 6 - Vector length 20833328 Offset 124999968
Group: 0 Thread 7 Global Thread 7 running on hwthread 7 - Vector length 20833328 Offset 145833296
Group: 0 Thread 8 Global Thread 8 running on hwthread 8 - Vector length 20833328 Offset 166666624
Group: 0 Thread 9 Global Thread 9 running on hwthread 9 - Vector length 20833328 Offset 187499952
Group: 0 Thread 10 Global Thread 10 running on hwthread 10 - Vector length 20833328 Offset 208333280
Group: 0 Thread 11 Global Thread 11 running on hwthread 11 - Vector length 20833328 Offset 229166608
Group: 0 Thread 12 Global Thread 12 running on hwthread 12 - Vector length 20833328 Offset 249999936
Group: 0 Thread 13 Global Thread 13 running on hwthread 13 - Vector length 20833328 Offset 270833264
Group: 0 Thread 14 Global Thread 14 running on hwthread 14 - Vector length 20833328 Offset 291666592
Group: 0 Thread 15 Global Thread 15 running on hwthread 15 - Vector length 20833328 Offset 312499920
Group: 0 Thread 16 Global Thread 16 running on hwthread 16 - Vector length 20833328 Offset 333333248
Group: 0 Thread 17 Global Thread 17 running on hwthread 17 - Vector length 20833328 Offset 354166576
Group: 0 Thread 18 Global Thread 18 running on hwthread 18 - Vector length 20833328 Offset 374999904
Group: 0 Thread 19 Global Thread 19 running on hwthread 19 - Vector length 20833328 Offset 395833232
Group: 0 Thread 20 Global Thread 20 running on hwthread 20 - Vector length 20833328 Offset 416666560
Group: 0 Thread 21 Global Thread 21 running on hwthread 21 - Vector length 20833328 Offset 437499888
Group: 0 Thread 22 Global Thread 22 running on hwthread 22 - Vector length 20833328 Offset 458333216
Group: 0 Thread 23 Global Thread 23 running on hwthread 23 - Vector length 20833328 Offset 479166544
--------------------------------------------------------------------------------
Cycles:			15704228952
CPU Clock:		2399976051
Cycle Clock:		2399976051
Time:			6.543494e+00 sec
Iterations:		1200
Iterations per thread:	50
Inner loop executions:	1302083
Size (Byte):		11999996928
Size per thread:	499999872
Number of Flops:	49999987200
MFlops/s:		7641.18
Data volume (Byte):	599999846400
MByte/s:		91694.11
Cycles per update:	0.628169
Cycles per cacheline:	5.025355
Loads per update:	2
Stores per update:	1
Load bytes per element:	16
Store bytes per elem.:	8
Load/store ratio:	2.00
Instructions:		23437494017
UOPs:			34374991200
--------------------------------------------------------------------------------
Writing Likwid Marker API results to file /tmp/likwid_804340.txt
--------------------------------------------------------------------------------
Region bench, Group 1: MEMWRITE
+-------------------+------------+------------+------------+------------+------------+------------+------------+------------+------------+------------+-------------+-------------+-------------+-------------+-------------+-------------+-------------+-------------+-------------+-------------+-------------+-------------+-------------+-------------+
|    Region Info    | HWThread 0 | HWThread 1 | HWThread 2 | HWThread 3 | HWThread 4 | HWThread 5 | HWThread 6 | HWThread 7 | HWThread 8 | HWThread 9 | HWThread 10 | HWThread 11 | HWThread 12 | HWThread 13 | HWThread 14 | HWThread 15 | HWThread 16 | HWThread 17 | HWThread 18 | HWThread 19 | HWThread 20 | HWThread 21 | HWThread 22 | HWThread 23 |
+-------------------+------------+------------+------------+------------+------------+------------+------------+------------+------------+------------+-------------+-------------+-------------+-------------+-------------+-------------+-------------+-------------+-------------+-------------+-------------+-------------+-------------+-------------+
| RDTSC Runtime [s] |   6.543233 |   6.543494 |   6.543495 |   6.543492 |   6.543488 |   6.543485 |   6.543485 |   6.543489 |   6.543473 |   6.543463 |    6.543489 |    6.543447 |    6.543445 |    6.543473 |    6.543492 |    6.543443 |    6.543481 |    6.543462 |    6.543461 |    6.543464 |    6.543463 |    6.543460 |    6.543482 |    6.543464 |
|     call count    |          1 |          1 |          1 |          1 |          1 |          1 |          1 |          1 |          1 |          1 |           1 |           1 |           1 |           1 |           1 |           1 |           1 |           1 |           1 |           1 |           1 |           1 |           1 |           1 |
+-------------------+------------+------------+------------+------------+------------+------------+------------+------------+------------+------------+-------------+-------------+-------------+-------------+-------------+-------------+-------------+-------------+-------------+-------------+-------------+-------------+-------------+-------------+

+------------------------------+---------+-------------+-------------+-------------+-------------+-------------+-------------+-------------+-------------+-------------+-------------+-------------+-------------+-------------+-------------+-------------+-------------+-------------+-------------+-------------+-------------+-------------+-------------+-------------+-------------+
|             Event            | Counter |  HWThread 0 |  HWThread 1 |  HWThread 2 |  HWThread 3 |  HWThread 4 |  HWThread 5 |  HWThread 6 |  HWThread 7 |  HWThread 8 |  HWThread 9 | HWThread 10 | HWThread 11 | HWThread 12 | HWThread 13 | HWThread 14 | HWThread 15 | HWThread 16 | HWThread 17 | HWThread 18 | HWThread 19 | HWThread 20 | HWThread 21 | HWThread 22 | HWThread 23 |
+------------------------------+---------+-------------+-------------+-------------+-------------+-------------+-------------+-------------+-------------+-------------+-------------+-------------+-------------+-------------+-------------+-------------+-------------+-------------+-------------+-------------+-------------+-------------+-------------+-------------+-------------+
|       ACTUAL_CPU_CLOCK       |  FIXC1  | 24211250000 | 24211260000 | 24211300000 | 24211260000 | 24211270000 | 24211300000 | 24211310000 | 24211260000 | 24211180000 | 24211170000 | 24211210000 | 24211190000 | 24211150000 | 24211200000 | 24211270000 | 24211200000 | 24211220000 | 24211200000 | 24211180000 | 24211220000 | 24211220000 | 24211190000 | 24211220000 | 24211210000 |
|         MAX_CPU_CLOCK        |  FIXC2  | 15704620000 | 15704610000 | 15704630000 | 15704610000 | 15704610000 | 15704630000 | 15704630000 | 15704610000 | 15704530000 | 15704520000 | 15704550000 | 15704540000 | 15704520000 | 15704550000 | 15704590000 | 15704540000 | 15704570000 | 15704570000 | 15704560000 | 15704570000 | 15704560000 | 15704560000 | 15704570000 | 15704580000 |
|     RETIRED_INSTRUCTIONS     |   PMC0  |   978221200 |   983186700 |   977247600 |   977280600 |   977842200 |   978107200 |   976579200 |   976779200 |  1074733000 |  1073321000 |  1070747000 |  1072602000 |  1068034000 |  1068947000 |  1066624000 |  1066635000 |  1026732000 |  1027538000 |  1024499000 |  1023857000 |  1022419000 |  1022402000 |  1021825000 |  1021882000 |
|      CPU_CLOCKS_UNHALTED     |   PMC1  | 24032830000 | 24063480000 | 24051260000 | 24064080000 | 24066610000 | 24065480000 | 24065020000 | 24070450000 | 24070660000 | 24070900000 | 24074600000 | 24069880000 | 24070450000 | 24069270000 | 24066880000 | 24069320000 | 24066850000 | 24069130000 | 24067700000 | 24069220000 | 24069610000 | 24069340000 | 24067890000 | 24068030000 |
|  DRAM_WRITES_LOCAL_CHANNEL_0 |   DFC0  |  1042139000 |           0 |           0 |           0 |           0 |           0 |           0 |           0 |           0 |           0 |           0 |           0 |           0 |           0 |           0 |           0 |           0 |           0 |           0 |           0 |           0 |           0 |           0 |           0 |
|  DRAM_WRITES_LOCAL_CHANNEL_1 |   DFC1  |  1041937000 |           0 |           0 |           0 |           0 |           0 |           0 |           0 |           0 |           0 |           0 |           0 |           0 |           0 |           0 |           0 |           0 |           0 |           0 |           0 |           0 |           0 |           0 |           0 |
|  DRAM_WRITES_LOCAL_CHANNEL_2 |   DFC2  |  1042187000 |           0 |           0 |           0 |           0 |           0 |           0 |           0 |           0 |           0 |           0 |           0 |           0 |           0 |           0 |           0 |           0 |           0 |           0 |           0 |           0 |           0 |           0 |           0 |
|  DRAM_WRITES_LOCAL_CHANNEL_3 |   DFC3  |       27118 |           0 |           0 |           0 |           0 |           0 |           0 |           0 |           0 |           0 |           0 |           0 |           0 |           0 |           0 |           0 |           0 |           0 |           0 |           0 |           0 |           0 |           0 |           0 |
|  DRAM_WRITES_LOCAL_CHANNEL_4 |   DFC4  |       38492 |           0 |           0 |           0 |           0 |           0 |           0 |           0 |           0 |           0 |           0 |           0 |           0 |           0 |           0 |           0 |           0 |           0 |           0 |           0 |           0 |           0 |           0 |           0 |
|  DRAM_WRITES_LOCAL_CHANNEL_5 |   DFC5  |       34773 |           0 |           0 |           0 |           0 |           0 |           0 |           0 |           0 |           0 |           0 |           0 |           0 |           0 |           0 |           0 |           0 |           0 |           0 |           0 |           0 |           0 |           0 |           0 |
|  DRAM_WRITES_LOCAL_CHANNEL_6 |   DFC6  |       21573 |           0 |           0 |           0 |           0 |           0 |           0 |           0 |           0 |           0 |           0 |           0 |           0 |           0 |           0 |           0 |           0 |           0 |           0 |           0 |           0 |           0 |           0 |           0 |
|  DRAM_WRITES_LOCAL_CHANNEL_7 |   DFC7  |       25267 |           0 |           0 |           0 |           0 |           0 |           0 |           0 |           0 |           0 |           0 |           0 |           0 |           0 |           0 |           0 |           0 |           0 |           0 |           0 |           0 |           0 |           0 |           0 |
|  DRAM_WRITES_LOCAL_CHANNEL_8 |   DFC8  |       28289 |           0 |           0 |           0 |           0 |           0 |           0 |           0 |           0 |           0 |           0 |           0 |           0 |           0 |           0 |           0 |           0 |           0 |           0 |           0 |           0 |           0 |           0 |           0 |
|  DRAM_WRITES_LOCAL_CHANNEL_9 |   DFC9  |       22849 |           0 |           0 |           0 |           0 |           0 |           0 |           0 |           0 |           0 |           0 |           0 |           0 |           0 |           0 |           0 |           0 |           0 |           0 |           0 |           0 |           0 |           0 |           0 |
| DRAM_WRITES_LOCAL_CHANNEL_10 |  DFC10  |       15326 |           0 |           0 |           0 |           0 |           0 |           0 |           0 |           0 |           0 |           0 |           0 |           0 |           0 |           0 |           0 |           0 |           0 |           0 |           0 |           0 |           0 |           0 |           0 |
| DRAM_WRITES_LOCAL_CHANNEL_11 |  DFC11  |       21234 |           0 |           0 |           0 |           0 |           0 |           0 |           0 |           0 |           0 |           0 |           0 |           0 |           0 |           0 |           0 |           0 |           0 |           0 |           0 |           0 |           0 |           0 |           0 |
+------------------------------+---------+-------------+-------------+-------------+-------------+-------------+-------------+-------------+-------------+-------------+-------------+-------------+-------------+-------------+-------------+-------------+-------------+-------------+-------------+-------------+-------------+-------------+-------------+-------------+-------------+

+-----------------------------------+---------+--------------+-------------+-------------+--------------+
|               Event               | Counter |      Sum     |     Min     |     Max     |      Avg     |
+-----------------------------------+---------+--------------+-------------+-------------+--------------+
|       ACTUAL_CPU_CLOCK STAT       |  FIXC1  | 581069440000 | 24211150000 | 24211310000 | 2.421123e+10 |
|         MAX_CPU_CLOCK STAT        |  FIXC2  | 376909830000 | 15704520000 | 15704630000 |  15704576250 |
|     RETIRED_INSTRUCTIONS STAT     |   PMC0  |  24578040900 |   976579200 |  1074733000 | 1.024085e+09 |
|      CPU_CLOCKS_UNHALTED STAT     |   PMC1  | 577588940000 | 24032830000 | 24074600000 | 2.406621e+10 |
|  DRAM_WRITES_LOCAL_CHANNEL_0 STAT |   DFC0  |   1042139000 |           0 |  1042139000 | 4.342246e+07 |
|  DRAM_WRITES_LOCAL_CHANNEL_1 STAT |   DFC1  |   1041937000 |           0 |  1041937000 | 4.341404e+07 |
|  DRAM_WRITES_LOCAL_CHANNEL_2 STAT |   DFC2  |   1042187000 |           0 |  1042187000 | 4.342446e+07 |
|  DRAM_WRITES_LOCAL_CHANNEL_3 STAT |   DFC3  |        27118 |           0 |       27118 |    1129.9167 |
|  DRAM_WRITES_LOCAL_CHANNEL_4 STAT |   DFC4  |        38492 |           0 |       38492 |    1603.8333 |
|  DRAM_WRITES_LOCAL_CHANNEL_5 STAT |   DFC5  |        34773 |           0 |       34773 |    1448.8750 |
|  DRAM_WRITES_LOCAL_CHANNEL_6 STAT |   DFC6  |        21573 |           0 |       21573 |     898.8750 |
|  DRAM_WRITES_LOCAL_CHANNEL_7 STAT |   DFC7  |        25267 |           0 |       25267 |    1052.7917 |
|  DRAM_WRITES_LOCAL_CHANNEL_8 STAT |   DFC8  |        28289 |           0 |       28289 |    1178.7083 |
|  DRAM_WRITES_LOCAL_CHANNEL_9 STAT |   DFC9  |        22849 |           0 |       22849 |     952.0417 |
| DRAM_WRITES_LOCAL_CHANNEL_10 STAT |  DFC10  |        15326 |           0 |       15326 |     638.5833 |
| DRAM_WRITES_LOCAL_CHANNEL_11 STAT |  DFC11  |        21234 |           0 |       21234 |     884.7500 |
+-----------------------------------+---------+--------------+-------------+-------------+--------------+

+-----------------------------------+------------+------------+------------+------------+------------+------------+------------+------------+------------+------------+-------------+-------------+-------------+-------------+-------------+-------------+-------------+-------------+-------------+-------------+-------------+-------------+-------------+-------------+
|               Metric              | HWThread 0 | HWThread 1 | HWThread 2 | HWThread 3 | HWThread 4 | HWThread 5 | HWThread 6 | HWThread 7 | HWThread 8 | HWThread 9 | HWThread 10 | HWThread 11 | HWThread 12 | HWThread 13 | HWThread 14 | HWThread 15 | HWThread 16 | HWThread 17 | HWThread 18 | HWThread 19 | HWThread 20 | HWThread 21 | HWThread 22 | HWThread 23 |
+-----------------------------------+------------+------------+------------+------------+------------+------------+------------+------------+------------+------------+-------------+-------------+-------------+-------------+-------------+-------------+-------------+-------------+-------------+-------------+-------------+-------------+-------------+-------------+
|        Runtime (RDTSC) [s]        |     6.5432 |     6.5435 |     6.5435 |     6.5435 |     6.5435 |     6.5435 |     6.5435 |     6.5435 |     6.5435 |     6.5435 |      6.5435 |      6.5434 |      6.5434 |      6.5435 |      6.5435 |      6.5434 |      6.5435 |      6.5435 |      6.5435 |      6.5435 |      6.5435 |      6.5435 |      6.5435 |      6.5435 |
|        Runtime unhalted [s]       |    10.0889 |    10.0889 |    10.0890 |    10.0889 |    10.0890 |    10.0890 |    10.0890 |    10.0889 |    10.0889 |    10.0889 |     10.0889 |     10.0889 |     10.0889 |     10.0889 |     10.0890 |     10.0889 |     10.0889 |     10.0889 |     10.0889 |     10.0889 |     10.0889 |     10.0889 |     10.0889 |     10.0889 |
|            Clock [MHz]            |  3699.6551 |  3699.6589 |  3699.6603 |  3699.6589 |  3699.6605 |  3699.6603 |  3699.6619 |  3699.6589 |  3699.6656 |  3699.6664 |   3699.6654 |   3699.6647 |   3699.6633 |   3699.6639 |   3699.6652 |   3699.6663 |   3699.6623 |   3699.6592 |   3699.6585 |   3699.6623 |   3699.6646 |   3699.6600 |   3699.6623 |   3699.6584 |
|                CPI                |    24.5679 |    24.4750 |    24.6112 |    24.6235 |    24.6120 |    24.6041 |    24.6422 |    24.6427 |    22.3969 |    22.4266 |     22.4839 |     22.4406 |     22.5372 |     22.5168 |     22.5636 |     22.5657 |     23.4402 |     23.4241 |     23.4922 |     23.5084 |     23.5418 |     23.5420 |     23.5538 |     23.5527 |
| Memory write bandwidth [MBytes/s] | 30580.5810 |          0 |          0 |          0 |          0 |          0 |          0 |          0 |          0 |          0 |           0 |           0 |           0 |           0 |           0 |           0 |           0 |           0 |           0 |           0 |           0 |           0 |           0 |           0 |
| Memory write data volume [GBytes] |   200.0959 |          0 |          0 |          0 |          0 |          0 |          0 |          0 |          0 |          0 |           0 |           0 |           0 |           0 |           0 |           0 |           0 |           0 |           0 |           0 |           0 |           0 |           0 |           0 |
+-----------------------------------+------------+------------+------------+------------+------------+------------+------------+------------+------------+------------+-------------+-------------+-------------+-------------+-------------+-------------+-------------+-------------+-------------+-------------+-------------+-------------+-------------+-------------+

+----------------------------------------+------------+-----------+------------+-----------+
|                 Metric                 |     Sum    |    Min    |     Max    |    Avg    |
+----------------------------------------+------------+-----------+------------+-----------+
|        Runtime (RDTSC) [s] STAT        |   157.0434 |    6.5432 |     6.5435 |    6.5435 |
|        Runtime unhalted [s] STAT       |   242.1341 |   10.0889 |    10.0890 |   10.0889 |
|            Clock [MHz] STAT            | 88791.8832 | 3699.6551 |  3699.6664 | 3699.6618 |
|                CPI STAT                |   564.7651 |   22.3969 |    24.6427 |   23.5319 |
| Memory write bandwidth [MBytes/s] STAT | 30580.5810 |         0 | 30580.5810 | 1274.1909 |
| Memory write data volume [GBytes] STAT |   200.0959 |         0 |   200.0959 |    8.3373 |
+----------------------------------------+------------+-----------+------------+-----------+

