INFO: You are running LIKWID in a cpuset with 48 CPUs. Taking given IDs as logical ID in cpuset
--------------------------------------------------------------------------------
CPU name:	AMD EPYC 9654 96-Core Processor                
CPU type:	AMD K19 (Zen4) architecture
CPU clock:	2.40 GHz
--------------------------------------------------------------------------------
Allocate: Process running on hwthread 0 (Domain N) - Vector length 3000000/12000000 Offset 0 Alignment 1024
Initialization: Each thread in domain initializes its own stream chunks
--------------------------------------------------------------------------------
LIKWID MICRO BENCHMARK
Test: peakflops_sp
--------------------------------------------------------------------------------
Using 1 work groups
Using 24 threads
--------------------------------------------------------------------------------
Using Likwid Marker API
--------------------------------------------------------------------------------
Group: 0 Thread 0 Global Thread 0 running on hwthread 0 - Vector length 125000 Offset 0
Group: 0 Thread 1 Global Thread 1 running on hwthread 1 - Vector length 125000 Offset 125000
Group: 0 Thread 2 Global Thread 2 running on hwthread 2 - Vector length 125000 Offset 250000
Group: 0 Thread 3 Global Thread 3 running on hwthread 3 - Vector length 125000 Offset 375000
Group: 0 Thread 4 Global Thread 4 running on hwthread 4 - Vector length 125000 Offset 500000
Group: 0 Thread 5 Global Thread 5 running on hwthread 5 - Vector length 125000 Offset 625000
Group: 0 Thread 6 Global Thread 6 running on hwthread 6 - Vector length 125000 Offset 750000
Group: 0 Thread 7 Global Thread 7 running on hwthread 7 - Vector length 125000 Offset 875000
Group: 0 Thread 8 Global Thread 8 running on hwthread 8 - Vector length 125000 Offset 1000000
Group: 0 Thread 9 Global Thread 9 running on hwthread 9 - Vector length 125000 Offset 1125000
Group: 0 Thread 10 Global Thread 10 running on hwthread 10 - Vector length 125000 Offset 1250000
Group: 0 Thread 11 Global Thread 11 running on hwthread 11 - Vector length 125000 Offset 1375000
Group: 0 Thread 12 Global Thread 12 running on hwthread 12 - Vector length 125000 Offset 1500000
Group: 0 Thread 13 Global Thread 13 running on hwthread 13 - Vector length 125000 Offset 1625000
Group: 0 Thread 14 Global Thread 14 running on hwthread 14 - Vector length 125000 Offset 1750000
Group: 0 Thread 15 Global Thread 15 running on hwthread 15 - Vector length 125000 Offset 1875000
Group: 0 Thread 16 Global Thread 16 running on hwthread 16 - Vector length 125000 Offset 2000000
Group: 0 Thread 17 Global Thread 17 running on hwthread 17 - Vector length 125000 Offset 2125000
Group: 0 Thread 18 Global Thread 18 running on hwthread 18 - Vector length 125000 Offset 2250000
Group: 0 Thread 19 Global Thread 19 running on hwthread 19 - Vector length 125000 Offset 2375000
Group: 0 Thread 20 Global Thread 20 running on hwthread 20 - Vector length 125000 Offset 2500000
Group: 0 Thread 21 Global Thread 21 running on hwthread 21 - Vector length 125000 Offset 2625000
Group: 0 Thread 22 Global Thread 22 running on hwthread 22 - Vector length 125000 Offset 2750000
Group: 0 Thread 23 Global Thread 23 running on hwthread 23 - Vector length 125000 Offset 2875000
--------------------------------------------------------------------------------
Cycles:			2446609416
CPU Clock:		2399982583
Cycle Clock:		2399982583
Time:			1.019428e+00 sec
Iterations:		120000
Iterations per thread:	5000
Inner loop executions:	125000
Size (Byte):		12000000
Size per thread:	500000
Number of Flops:	240000000000
MFlops/s:		235426.14
Data volume (Byte):	60000000000
MByte/s:		58856.54
Cycles per update:	0.163107
Cycles per cacheline:	2.609717
Loads per update:	1
Stores per update:	0
Load bytes per element:	4
Store bytes per elem.:	0
Instructions:		300000000032
UOPs:			285000000000
--------------------------------------------------------------------------------
Writing Likwid Marker API results to file /tmp/likwid_742688.txt
--------------------------------------------------------------------------------
Region bench, Group 1: FLOPS_SP
+-------------------+------------+------------+------------+------------+------------+------------+------------+------------+------------+------------+-------------+-------------+-------------+-------------+-------------+-------------+-------------+-------------+-------------+-------------+-------------+-------------+-------------+-------------+
|    Region Info    | HWThread 0 | HWThread 1 | HWThread 2 | HWThread 3 | HWThread 4 | HWThread 5 | HWThread 6 | HWThread 7 | HWThread 8 | HWThread 9 | HWThread 10 | HWThread 11 | HWThread 12 | HWThread 13 | HWThread 14 | HWThread 15 | HWThread 16 | HWThread 17 | HWThread 18 | HWThread 19 | HWThread 20 | HWThread 21 | HWThread 22 | HWThread 23 |
+-------------------+------------+------------+------------+------------+------------+------------+------------+------------+------------+------------+-------------+-------------+-------------+-------------+-------------+-------------+-------------+-------------+-------------+-------------+-------------+-------------+-------------+-------------+
| RDTSC Runtime [s] |   1.019400 |   1.019385 |   1.019392 |   1.019405 |   1.019417 |   1.019400 |   1.019395 |   1.019400 |   1.019416 |   1.019402 |    1.019402 |    1.019422 |    1.019402 |    1.019405 |    1.019415 |    1.019430 |    1.019381 |    1.019393 |    1.019398 |    1.019392 |    1.019394 |    1.019391 |    1.019400 |    1.019393 |
|     call count    |          1 |          1 |          1 |          1 |          1 |          1 |          1 |          1 |          1 |          1 |           1 |           1 |           1 |           1 |           1 |           1 |           1 |           1 |           1 |           1 |           1 |           1 |           1 |           1 |
+-------------------+------------+------------+------------+------------+------------+------------+------------+------------+------------+------------+-------------+-------------+-------------+-------------+-------------+-------------+-------------+-------------+-------------+-------------+-------------+-------------+-------------+-------------+

+---------------------------+---------+-------------+-------------+-------------+-------------+-------------+-------------+-------------+-------------+-------------+-------------+-------------+-------------+-------------+-------------+-------------+-------------+-------------+-------------+-------------+-------------+-------------+-------------+-------------+-------------+
|           Event           | Counter |  HWThread 0 |  HWThread 1 |  HWThread 2 |  HWThread 3 |  HWThread 4 |  HWThread 5 |  HWThread 6 |  HWThread 7 |  HWThread 8 |  HWThread 9 | HWThread 10 | HWThread 11 | HWThread 12 | HWThread 13 | HWThread 14 | HWThread 15 | HWThread 16 | HWThread 17 | HWThread 18 | HWThread 19 | HWThread 20 | HWThread 21 | HWThread 22 | HWThread 23 |
+---------------------------+---------+-------------+-------------+-------------+-------------+-------------+-------------+-------------+-------------+-------------+-------------+-------------+-------------+-------------+-------------+-------------+-------------+-------------+-------------+-------------+-------------+-------------+-------------+-------------+-------------+
|      ACTUAL_CPU_CLOCK     |  FIXC1  |  3772461000 |  3772533000 |  3772473000 |  3772453000 |  3772479000 |  3772456000 |  3772487000 |  3772526000 |  3772537000 |  3772544000 |  3772547000 |  3772544000 |  3772537000 |  3772618000 |  3772607000 |  3772564000 |  3772502000 |  3772508000 |  3772508000 |  3772531000 |  3772538000 |  3772546000 |  3772543000 |  3772504000 |
|       MAX_CPU_CLOCK       |  FIXC2  |  2447017000 |  2447030000 |  2446979000 |  2446994000 |  2447032000 |  2447000000 |  2446997000 |  2447035000 |  2447099000 |  2447105000 |  2447100000 |  2447099000 |  2447099000 |  2447130000 |  2447124000 |  2447119000 |  2447003000 |  2447004000 |  2447030000 |  2447033000 |  2447048000 |  2447032000 |  2447043000 |  2447004000 |
|    RETIRED_INSTRUCTIONS   |   PMC0  | 12500970000 | 12500650000 | 12501160000 | 12500900000 | 12501090000 | 12500560000 | 12500940000 | 12501120000 | 12501010000 | 12501010000 | 12501060000 | 12500670000 | 12500240000 | 12501060000 | 12500610000 | 12500580000 | 12500950000 | 12501260000 | 12501070000 | 12500770000 | 12501140000 | 12500880000 | 12500840000 | 12501380000 |
|    CPU_CLOCKS_UNHALTED    |   PMC1  |  3756863000 |  3759414000 |  3759666000 |  3759325000 |  3759613000 |  3759878000 |  3759628000 |  3759232000 |  3759099000 |  3759077000 |  3759110000 |  3759235000 |  3759018000 |  3759003000 |  3759020000 |  3759074000 |  3759301000 |  3759468000 |  3759174000 |  3759390000 |  3759604000 |  3759398000 |  3759185000 |  3759191000 |
| RETIRED_SSE_AVX_FLOPS_ALL |   PMC2  | 10000000000 | 10000000000 | 10000000000 | 10000000000 | 10000000000 | 10000000000 | 10000000000 | 10000000000 | 10000000000 | 10000000000 | 10000000000 | 10000000000 | 10000000000 | 10000000000 | 10000000000 | 10000000000 | 10000000000 | 10000000000 | 10000000000 | 10000000000 | 10000000000 | 10000000000 | 10000000000 | 10000000000 |
|           MERGE           |   PMC3  |           0 |           0 |           0 |           0 |           0 |           0 |           0 |           0 |           0 |           0 |           0 |           0 |           0 |           0 |           0 |           0 |           0 |           0 |           0 |           0 |           0 |           0 |           0 |           0 |
+---------------------------+---------+-------------+-------------+-------------+-------------+-------------+-------------+-------------+-------------+-------------+-------------+-------------+-------------+-------------+-------------+-------------+-------------+-------------+-------------+-------------+-------------+-------------+-------------+-------------+-------------+

+--------------------------------+---------+--------------+-------------+-------------+--------------+
|              Event             | Counter |      Sum     |     Min     |     Max     |      Avg     |
+--------------------------------+---------+--------------+-------------+-------------+--------------+
|      ACTUAL_CPU_CLOCK STAT     |  FIXC1  |  90540546000 |  3772453000 |  3772618000 |   3772522750 |
|       MAX_CPU_CLOCK STAT       |  FIXC2  |  58729156000 |  2446979000 |  2447130000 | 2.447048e+09 |
|    RETIRED_INSTRUCTIONS STAT   |   PMC0  | 300021920000 | 12500240000 | 12501380000 | 1.250091e+10 |
|    CPU_CLOCKS_UNHALTED STAT    |   PMC1  |  90220966000 |  3756863000 |  3759878000 | 3.759207e+09 |
| RETIRED_SSE_AVX_FLOPS_ALL STAT |   PMC2  | 240000000000 | 10000000000 | 10000000000 |  10000000000 |
|           MERGE STAT           |   PMC3  |            0 |           0 |           0 |            0 |
+--------------------------------+---------+--------------+-------------+-------------+--------------+

+----------------------+------------+------------+------------+------------+------------+------------+------------+------------+------------+------------+-------------+-------------+-------------+-------------+-------------+-------------+-------------+-------------+-------------+-------------+-------------+-------------+-------------+-------------+
|        Metric        | HWThread 0 | HWThread 1 | HWThread 2 | HWThread 3 | HWThread 4 | HWThread 5 | HWThread 6 | HWThread 7 | HWThread 8 | HWThread 9 | HWThread 10 | HWThread 11 | HWThread 12 | HWThread 13 | HWThread 14 | HWThread 15 | HWThread 16 | HWThread 17 | HWThread 18 | HWThread 19 | HWThread 20 | HWThread 21 | HWThread 22 | HWThread 23 |
+----------------------+------------+------------+------------+------------+------------+------------+------------+------------+------------+------------+-------------+-------------+-------------+-------------+-------------+-------------+-------------+-------------+-------------+-------------+-------------+-------------+-------------+-------------+
|  Runtime (RDTSC) [s] |     1.0194 |     1.0194 |     1.0194 |     1.0194 |     1.0194 |     1.0194 |     1.0194 |     1.0194 |     1.0194 |     1.0194 |      1.0194 |      1.0194 |      1.0194 |      1.0194 |      1.0194 |      1.0194 |      1.0194 |      1.0194 |      1.0194 |      1.0194 |      1.0194 |      1.0194 |      1.0194 |      1.0194 |
| Runtime unhalted [s] |     1.5719 |     1.5719 |     1.5719 |     1.5719 |     1.5719 |     1.5719 |     1.5719 |     1.5719 |     1.5719 |     1.5719 |      1.5719 |      1.5719 |      1.5719 |      1.5719 |      1.5719 |      1.5719 |      1.5719 |      1.5719 |      1.5719 |      1.5719 |      1.5719 |      1.5719 |      1.5719 |      1.5719 |
|      Clock [MHz]     |  3699.9450 |  3699.9960 |  3700.0143 |  3699.9720 |  3699.9400 |  3699.9658 |  3700.0008 |  3699.9816 |  3699.8956 |  3699.8934 |   3699.9039 |   3699.9025 |   3699.8956 |   3699.9282 |   3699.9264 |   3699.8918 |   3700.0064 |   3700.0108 |   3699.9715 |   3699.9895 |   3699.9737 |   3700.0057 |   3699.9861 |   3700.0069 |
|          CPI         |     0.3005 |     0.3007 |     0.3007 |     0.3007 |     0.3007 |     0.3008 |     0.3007 |     0.3007 |     0.3007 |     0.3007 |      0.3007 |      0.3007 |      0.3007 |      0.3007 |      0.3007 |      0.3007 |      0.3007 |      0.3007 |      0.3007 |      0.3007 |      0.3007 |      0.3007 |      0.3007 |      0.3007 |
|     SP [MFLOP/s]     |  9809.6920 |  9809.8363 |  9809.7690 |  9809.6439 |  9809.5284 |  9809.6920 |  9809.7401 |  9809.6920 |  9809.5380 |  9809.6727 |   9809.6727 |   9809.4803 |   9809.6727 |   9809.6439 |   9809.5476 |   9809.4033 |   9809.8748 |   9809.7593 |   9809.7112 |   9809.7690 |   9809.7497 |   9809.7786 |   9809.6920 |   9809.7593 |
+----------------------+------------+------------+------------+------------+------------+------------+------------+------------+------------+------------+-------------+-------------+-------------+-------------+-------------+-------------+-------------+-------------+-------------+-------------+-------------+-------------+-------------+-------------+

+---------------------------+-------------+-----------+-----------+-----------+
|           Metric          |     Sum     |    Min    |    Max    |    Avg    |
+---------------------------+-------------+-----------+-----------+-----------+
|  Runtime (RDTSC) [s] STAT |     24.4656 |    1.0194 |    1.0194 |    1.0194 |
| Runtime unhalted [s] STAT |     37.7256 |    1.5719 |    1.5719 |    1.5719 |
|      Clock [MHz] STAT     |  88799.0035 | 3699.8918 | 3700.0143 | 3699.9585 |
|          CPI STAT         |      7.2167 |    0.3005 |    0.3008 |    0.3007 |
|     SP [MFLOP/s] STAT     | 235432.3188 | 9809.4033 | 9809.8748 | 9809.6799 |
+---------------------------+-------------+-----------+-----------+-----------+

