INFO: You are running LIKWID in a cpuset with 48 CPUs. Taking given IDs as logical ID in cpuset
--------------------------------------------------------------------------------
CPU name:	AMD EPYC 9654 96-Core Processor                
CPU type:	AMD K19 (Zen4) architecture
CPU clock:	2.40 GHz
--------------------------------------------------------------------------------
Warning: Sanitizing vector length to a multiple of the loop stride 16 and thread count 24 from 3000000 elements (12000000 bytes) to 2999808 elements (11999232 bytes)
Allocate: Process running on hwthread 0 (Domain N) - Vector length 2999808/11999232 Offset 0 Alignment 1024
Initialization: Each thread in domain initializes its own stream chunks
--------------------------------------------------------------------------------
LIKWID MICRO BENCHMARK
Test: peakflops_sp_avx512_fma
--------------------------------------------------------------------------------
Using 1 work groups
Using 24 threads
--------------------------------------------------------------------------------
Using Likwid Marker API
--------------------------------------------------------------------------------
Group: 0 Thread 0 Global Thread 0 running on hwthread 0 - Vector length 124992 Offset 0
Group: 0 Thread 1 Global Thread 1 running on hwthread 1 - Vector length 124992 Offset 124992
Group: 0 Thread 2 Global Thread 2 running on hwthread 2 - Vector length 124992 Offset 249984
Group: 0 Thread 3 Global Thread 3 running on hwthread 3 - Vector length 124992 Offset 374976
Group: 0 Thread 4 Global Thread 4 running on hwthread 4 - Vector length 124992 Offset 499968
Group: 0 Thread 5 Global Thread 5 running on hwthread 5 - Vector length 124992 Offset 624960
Group: 0 Thread 6 Global Thread 6 running on hwthread 6 - Vector length 124992 Offset 749952
Group: 0 Thread 7 Global Thread 7 running on hwthread 7 - Vector length 124992 Offset 874944
Group: 0 Thread 8 Global Thread 8 running on hwthread 8 - Vector length 124992 Offset 999936
Group: 0 Thread 9 Global Thread 9 running on hwthread 9 - Vector length 124992 Offset 1124928
Group: 0 Thread 10 Global Thread 10 running on hwthread 10 - Vector length 124992 Offset 1249920
Group: 0 Thread 11 Global Thread 11 running on hwthread 11 - Vector length 124992 Offset 1374912
Group: 0 Thread 12 Global Thread 12 running on hwthread 12 - Vector length 124992 Offset 1499904
Group: 0 Thread 13 Global Thread 13 running on hwthread 13 - Vector length 124992 Offset 1624896
Group: 0 Thread 14 Global Thread 14 running on hwthread 14 - Vector length 124992 Offset 1749888
Group: 0 Thread 15 Global Thread 15 running on hwthread 15 - Vector length 124992 Offset 1874880
Group: 0 Thread 16 Global Thread 16 running on hwthread 16 - Vector length 124992 Offset 1999872
Group: 0 Thread 17 Global Thread 17 running on hwthread 17 - Vector length 124992 Offset 2124864
Group: 0 Thread 18 Global Thread 18 running on hwthread 18 - Vector length 124992 Offset 2249856
Group: 0 Thread 19 Global Thread 19 running on hwthread 19 - Vector length 124992 Offset 2374848
Group: 0 Thread 20 Global Thread 20 running on hwthread 20 - Vector length 124992 Offset 2499840
Group: 0 Thread 21 Global Thread 21 running on hwthread 21 - Vector length 124992 Offset 2624832
Group: 0 Thread 22 Global Thread 22 running on hwthread 22 - Vector length 124992 Offset 2749824
Group: 0 Thread 23 Global Thread 23 running on hwthread 23 - Vector length 124992 Offset 2874816
--------------------------------------------------------------------------------
Cycles:			382012128
CPU Clock:		2399981096
Cycle Clock:		2399981096
Time:			1.591730e-01 sec
Iterations:		120000
Iterations per thread:	5000
Inner loop executions:	7812
Size (Byte):		11999232
Size per thread:	499968
Number of Flops:	449971200000
MFlops/s:		2826932.17
Data volume (Byte):	59996160000
MByte/s:		376924.29
Cycles per update:	0.025469
Cycles per cacheline:	0.407506
Loads per update:	1
Stores per update:	0
Load bytes per element:	4
Store bytes per elem.:	0
Instructions:		17811360032
UOPs:			16873920000
--------------------------------------------------------------------------------
Writing Likwid Marker API results to file /tmp/likwid_748440.txt
--------------------------------------------------------------------------------
Region bench, Group 1: FLOPS_SP
+-------------------+------------+------------+------------+------------+------------+------------+------------+------------+------------+------------+-------------+-------------+-------------+-------------+-------------+-------------+-------------+-------------+-------------+-------------+-------------+-------------+-------------+-------------+
|    Region Info    | HWThread 0 | HWThread 1 | HWThread 2 | HWThread 3 | HWThread 4 | HWThread 5 | HWThread 6 | HWThread 7 | HWThread 8 | HWThread 9 | HWThread 10 | HWThread 11 | HWThread 12 | HWThread 13 | HWThread 14 | HWThread 15 | HWThread 16 | HWThread 17 | HWThread 18 | HWThread 19 | HWThread 20 | HWThread 21 | HWThread 22 | HWThread 23 |
+-------------------+------------+------------+------------+------------+------------+------------+------------+------------+------------+------------+-------------+-------------+-------------+-------------+-------------+-------------+-------------+-------------+-------------+-------------+-------------+-------------+-------------+-------------+
| RDTSC Runtime [s] |   0.159147 |   0.159160 |   0.159147 |   0.159174 |   0.159172 |   0.159147 |   0.159147 |   0.159161 |   0.159174 |   0.159175 |    0.159172 |    0.159171 |    0.159175 |    0.159154 |    0.159136 |    0.159170 |    0.159131 |    0.159154 |    0.159153 |    0.159153 |    0.159153 |    0.159142 |    0.159155 |    0.159153 |
|     call count    |          1 |          1 |          1 |          1 |          1 |          1 |          1 |          1 |          1 |          1 |           1 |           1 |           1 |           1 |           1 |           1 |           1 |           1 |           1 |           1 |           1 |           1 |           1 |           1 |
+-------------------+------------+------------+------------+------------+------------+------------+------------+------------+------------+------------+-------------+-------------+-------------+-------------+-------------+-------------+-------------+-------------+-------------+-------------+-------------+-------------+-------------+-------------+

+---------------------------+---------+-------------+-------------+-------------+-------------+-------------+-------------+-------------+-------------+-------------+-------------+-------------+-------------+-------------+-------------+-------------+-------------+-------------+-------------+-------------+-------------+-------------+-------------+-------------+-------------+
|           Event           | Counter |  HWThread 0 |  HWThread 1 |  HWThread 2 |  HWThread 3 |  HWThread 4 |  HWThread 5 |  HWThread 6 |  HWThread 7 |  HWThread 8 |  HWThread 9 | HWThread 10 | HWThread 11 | HWThread 12 | HWThread 13 | HWThread 14 | HWThread 15 | HWThread 16 | HWThread 17 | HWThread 18 | HWThread 19 | HWThread 20 | HWThread 21 | HWThread 22 | HWThread 23 |
+---------------------------+---------+-------------+-------------+-------------+-------------+-------------+-------------+-------------+-------------+-------------+-------------+-------------+-------------+-------------+-------------+-------------+-------------+-------------+-------------+-------------+-------------+-------------+-------------+-------------+-------------+
|      ACTUAL_CPU_CLOCK     |  FIXC1  |   589617700 |   589665700 |   589652700 |   589666000 |   589669700 |   589667600 |   589685500 |   589696400 |   589626900 |   589635600 |   589641700 |   589629300 |   589629800 |   589613300 |   589637700 |   589634600 |   589582700 |   589576800 |   589596000 |   589571500 |   589567300 |   589566800 |   589581400 |   589571200 |
|       MAX_CPU_CLOCK       |  FIXC2  |   382469400 |   382499100 |   382466000 |   382471600 |   382495700 |   382503200 |   382506200 |   382501900 |   382492500 |   382494700 |   382491800 |   382487700 |   382492700 |   382482300 |   382494100 |   382498300 |   382404200 |   382448200 |   382474600 |   382415900 |   382414800 |   382412600 |   382466300 |   382465200 |
|    RETIRED_INSTRUCTIONS   |   PMC0  |   742411200 |   742465100 |   742454900 |   742494300 |   742499600 |   742449400 |   742460300 |   742410400 |   742446000 |   742409300 |   742432700 |   742424300 |   742437900 |   742421700 |   742423100 |   742431800 |   742447700 |   742449600 |   742456300 |   742478400 |   742456900 |   742454100 |   742450700 |   742389400 |
|    CPU_CLOCKS_UNHALTED    |   PMC1  |   586592200 |   586812300 |   586699100 |   586797800 |   586819100 |   586670400 |   586727000 |   586442800 |   586643500 |   586440300 |   586581500 |   586549200 |   586608200 |   586509800 |   586482900 |   586591900 |   586641200 |   586697500 |   586736400 |   586851200 |   586724700 |   586702100 |   586765000 |   586655300 |
| RETIRED_SSE_AVX_FLOPS_ALL |   PMC2  | 18748800000 | 18748800000 | 18748800000 | 18748800000 | 18748800000 | 18748800000 | 18748800000 | 18748800000 | 18748800000 | 18748800000 | 18748800000 | 18748800000 | 18748800000 | 18748800000 | 18748800000 | 18748800000 | 18748800000 | 18748800000 | 18748800000 | 18748800000 | 18748800000 | 18748800000 | 18748800000 | 18748800000 |
|           MERGE           |   PMC3  |           0 |           0 |           0 |           0 |           0 |           0 |           0 |           0 |           0 |           0 |           0 |           0 |           0 |           0 |           0 |           0 |           0 |           0 |           0 |           0 |           0 |           0 |           0 |           0 |
+---------------------------+---------+-------------+-------------+-------------+-------------+-------------+-------------+-------------+-------------+-------------+-------------+-------------+-------------+-------------+-------------+-------------+-------------+-------------+-------------+-------------+-------------+-------------+-------------+-------------+-------------+

+--------------------------------+---------+--------------+-------------+-------------+--------------+
|              Event             | Counter |      Sum     |     Min     |     Max     |      Avg     |
+--------------------------------+---------+--------------+-------------+-------------+--------------+
|      ACTUAL_CPU_CLOCK STAT     |  FIXC1  |  14150983900 |   589566800 |   589696400 | 5.896243e+08 |
|       MAX_CPU_CLOCK STAT       |  FIXC2  |   9179349000 |   382404200 |   382506200 |    382472875 |
|    RETIRED_INSTRUCTIONS STAT   |   PMC0  |  17818655100 |   742389400 |   742499600 | 7.424440e+08 |
|    CPU_CLOCKS_UNHALTED STAT    |   PMC1  |  14079741400 |   586440300 |   586851200 | 5.866559e+08 |
| RETIRED_SSE_AVX_FLOPS_ALL STAT |   PMC2  | 449971200000 | 18748800000 | 18748800000 |  18748800000 |
|           MERGE STAT           |   PMC3  |            0 |           0 |           0 |            0 |
+--------------------------------+---------+--------------+-------------+-------------+--------------+

+----------------------+-------------+-------------+-------------+-------------+-------------+-------------+-------------+-------------+-------------+-------------+-------------+-------------+-------------+-------------+-------------+-------------+-------------+-------------+-------------+-------------+-------------+-------------+-------------+-------------+
|        Metric        |  HWThread 0 |  HWThread 1 |  HWThread 2 |  HWThread 3 |  HWThread 4 |  HWThread 5 |  HWThread 6 |  HWThread 7 |  HWThread 8 |  HWThread 9 | HWThread 10 | HWThread 11 | HWThread 12 | HWThread 13 | HWThread 14 | HWThread 15 | HWThread 16 | HWThread 17 | HWThread 18 | HWThread 19 | HWThread 20 | HWThread 21 | HWThread 22 | HWThread 23 |
+----------------------+-------------+-------------+-------------+-------------+-------------+-------------+-------------+-------------+-------------+-------------+-------------+-------------+-------------+-------------+-------------+-------------+-------------+-------------+-------------+-------------+-------------+-------------+-------------+-------------+
|  Runtime (RDTSC) [s] |      0.1591 |      0.1592 |      0.1591 |      0.1592 |      0.1592 |      0.1591 |      0.1591 |      0.1592 |      0.1592 |      0.1592 |      0.1592 |      0.1592 |      0.1592 |      0.1592 |      0.1591 |      0.1592 |      0.1591 |      0.1592 |      0.1592 |      0.1592 |      0.1592 |      0.1591 |      0.1592 |      0.1592 |
| Runtime unhalted [s] |      0.2457 |      0.2457 |      0.2457 |      0.2457 |      0.2457 |      0.2457 |      0.2457 |      0.2457 |      0.2457 |      0.2457 |      0.2457 |      0.2457 |      0.2457 |      0.2457 |      0.2457 |      0.2457 |      0.2457 |      0.2457 |      0.2457 |      0.2457 |      0.2457 |      0.2457 |      0.2457 |      0.2457 |
|      Clock [MHz]     |   3699.4206 |   3699.4345 |   3699.6731 |   3699.7023 |   3699.4924 |   3699.4067 |   3699.4900 |   3699.6000 |   3699.2549 |   3699.2882 |   3699.3545 |   3699.3163 |   3699.2711 |   3699.2682 |   3699.3071 |   3699.2471 |   3699.8317 |   3699.3690 |   3699.2341 |   3699.6482 |   3699.6325 |   3699.6506 |   3699.2228 |   3699.1694 |
|          CPI         |      0.7901 |      0.7904 |      0.7902 |      0.7903 |      0.7903 |      0.7902 |      0.7902 |      0.7899 |      0.7901 |      0.7899 |      0.7901 |      0.7900 |      0.7901 |      0.7900 |      0.7900 |      0.7901 |      0.7901 |      0.7902 |      0.7903 |      0.7904 |      0.7902 |      0.7902 |      0.7903 |      0.7902 |
|     SP [MFLOP/s]     | 117808.1383 | 117798.5898 | 117808.3603 | 117787.7110 | 117789.3390 | 117808.2123 | 117808.2863 | 117797.7757 | 117787.7850 | 117787.3410 | 117789.4870 | 117789.9310 | 117787.2670 | 117803.2528 | 117816.1335 | 117790.8190 | 117819.8353 | 117803.2528 | 117803.4009 | 117803.5489 | 117803.3269 | 117811.9137 | 117802.1426 | 117803.4749 |
+----------------------+-------------+-------------+-------------+-------------+-------------+-------------+-------------+-------------+-------------+-------------+-------------+-------------+-------------+-------------+-------------+-------------+-------------+-------------+-------------+-------------+-------------+-------------+-------------+-------------+

+---------------------------+--------------+-------------+-------------+-------------+
|           Metric          |      Sum     |     Min     |     Max     |     Avg     |
+---------------------------+--------------+-------------+-------------+-------------+
|  Runtime (RDTSC) [s] STAT |       3.8201 |      0.1591 |      0.1592 |      0.1592 |
| Runtime unhalted [s] STAT |       5.8968 |      0.2457 |      0.2457 |      0.2457 |
|      Clock [MHz] STAT     |   88786.2853 |   3699.1694 |   3699.8317 |   3699.4286 |
|          CPI STAT         |      18.9638 |      0.7899 |      0.7904 |      0.7902 |
|     SP [MFLOP/s] STAT     | 2.827209e+06 | 117787.2670 | 117819.8353 | 117800.3885 |
+---------------------------+--------------+-------------+-------------+-------------+

