INFO: You are running LIKWID in a cpuset with 192 CPUs. Taking given IDs as logical ID in cpuset
--------------------------------------------------------------------------------
CPU name:	AMD EPYC 9654 96-Core Processor                
CPU type:	AMD K19 (Zen4) architecture
CPU clock:	2.40 GHz
--------------------------------------------------------------------------------
Allocate: Process running on hwthread 0 (Domain N) - Vector length 12000000/48000000 Offset 0 Alignment 1024
Initialization: Each thread in domain initializes its own stream chunks
--------------------------------------------------------------------------------
LIKWID MICRO BENCHMARK
Test: peakflops_sp
--------------------------------------------------------------------------------
Using 1 work groups
Using 96 threads
--------------------------------------------------------------------------------
Using Likwid Marker API
--------------------------------------------------------------------------------
Group: 0 Thread 0 Global Thread 0 running on hwthread 0 - Vector length 125000 Offset 0
Group: 0 Thread 1 Global Thread 1 running on hwthread 1 - Vector length 125000 Offset 125000
Group: 0 Thread 2 Global Thread 2 running on hwthread 2 - Vector length 125000 Offset 250000
Group: 0 Thread 3 Global Thread 3 running on hwthread 3 - Vector length 125000 Offset 375000
Group: 0 Thread 4 Global Thread 4 running on hwthread 4 - Vector length 125000 Offset 500000
Group: 0 Thread 5 Global Thread 5 running on hwthread 5 - Vector length 125000 Offset 625000
Group: 0 Thread 6 Global Thread 6 running on hwthread 6 - Vector length 125000 Offset 750000
Group: 0 Thread 7 Global Thread 7 running on hwthread 7 - Vector length 125000 Offset 875000
Group: 0 Thread 8 Global Thread 8 running on hwthread 8 - Vector length 125000 Offset 1000000
Group: 0 Thread 9 Global Thread 9 running on hwthread 9 - Vector length 125000 Offset 1125000
Group: 0 Thread 10 Global Thread 10 running on hwthread 10 - Vector length 125000 Offset 1250000
Group: 0 Thread 11 Global Thread 11 running on hwthread 11 - Vector length 125000 Offset 1375000
Group: 0 Thread 12 Global Thread 12 running on hwthread 12 - Vector length 125000 Offset 1500000
Group: 0 Thread 13 Global Thread 13 running on hwthread 13 - Vector length 125000 Offset 1625000
Group: 0 Thread 14 Global Thread 14 running on hwthread 14 - Vector length 125000 Offset 1750000
Group: 0 Thread 15 Global Thread 15 running on hwthread 15 - Vector length 125000 Offset 1875000
Group: 0 Thread 16 Global Thread 16 running on hwthread 16 - Vector length 125000 Offset 2000000
Group: 0 Thread 17 Global Thread 17 running on hwthread 17 - Vector length 125000 Offset 2125000
Group: 0 Thread 18 Global Thread 18 running on hwthread 18 - Vector length 125000 Offset 2250000
Group: 0 Thread 19 Global Thread 19 running on hwthread 19 - Vector length 125000 Offset 2375000
Group: 0 Thread 20 Global Thread 20 running on hwthread 20 - Vector length 125000 Offset 2500000
Group: 0 Thread 21 Global Thread 21 running on hwthread 21 - Vector length 125000 Offset 2625000
Group: 0 Thread 22 Global Thread 22 running on hwthread 22 - Vector length 125000 Offset 2750000
Group: 0 Thread 23 Global Thread 23 running on hwthread 23 - Vector length 125000 Offset 2875000
Group: 0 Thread 24 Global Thread 24 running on hwthread 24 - Vector length 125000 Offset 3000000
Group: 0 Thread 25 Global Thread 25 running on hwthread 25 - Vector length 125000 Offset 3125000
Group: 0 Thread 26 Global Thread 26 running on hwthread 26 - Vector length 125000 Offset 3250000
Group: 0 Thread 27 Global Thread 27 running on hwthread 27 - Vector length 125000 Offset 3375000
Group: 0 Thread 28 Global Thread 28 running on hwthread 28 - Vector length 125000 Offset 3500000
Group: 0 Thread 29 Global Thread 29 running on hwthread 29 - Vector length 125000 Offset 3625000
Group: 0 Thread 30 Global Thread 30 running on hwthread 30 - Vector length 125000 Offset 3750000
Group: 0 Thread 31 Global Thread 31 running on hwthread 31 - Vector length 125000 Offset 3875000
Group: 0 Thread 32 Global Thread 32 running on hwthread 32 - Vector length 125000 Offset 4000000
Group: 0 Thread 33 Global Thread 33 running on hwthread 33 - Vector length 125000 Offset 4125000
Group: 0 Thread 34 Global Thread 34 running on hwthread 34 - Vector length 125000 Offset 4250000
Group: 0 Thread 35 Global Thread 35 running on hwthread 35 - Vector length 125000 Offset 4375000
Group: 0 Thread 36 Global Thread 36 running on hwthread 36 - Vector length 125000 Offset 4500000
Group: 0 Thread 37 Global Thread 37 running on hwthread 37 - Vector length 125000 Offset 4625000
Group: 0 Thread 38 Global Thread 38 running on hwthread 38 - Vector length 125000 Offset 4750000
Group: 0 Thread 39 Global Thread 39 running on hwthread 39 - Vector length 125000 Offset 4875000
Group: 0 Thread 40 Global Thread 40 running on hwthread 40 - Vector length 125000 Offset 5000000
Group: 0 Thread 41 Global Thread 41 running on hwthread 41 - Vector length 125000 Offset 5125000
Group: 0 Thread 42 Global Thread 42 running on hwthread 42 - Vector length 125000 Offset 5250000
Group: 0 Thread 43 Global Thread 43 running on hwthread 43 - Vector length 125000 Offset 5375000
Group: 0 Thread 44 Global Thread 44 running on hwthread 44 - Vector length 125000 Offset 5500000
Group: 0 Thread 45 Global Thread 45 running on hwthread 45 - Vector length 125000 Offset 5625000
Group: 0 Thread 46 Global Thread 46 running on hwthread 46 - Vector length 125000 Offset 5750000
Group: 0 Thread 47 Global Thread 47 running on hwthread 47 - Vector length 125000 Offset 5875000
Group: 0 Thread 48 Global Thread 48 running on hwthread 48 - Vector length 125000 Offset 6000000
Group: 0 Thread 49 Global Thread 49 running on hwthread 49 - Vector length 125000 Offset 6125000
Group: 0 Thread 50 Global Thread 50 running on hwthread 50 - Vector length 125000 Offset 6250000
Group: 0 Thread 51 Global Thread 51 running on hwthread 51 - Vector length 125000 Offset 6375000
Group: 0 Thread 52 Global Thread 52 running on hwthread 52 - Vector length 125000 Offset 6500000
Group: 0 Thread 53 Global Thread 53 running on hwthread 53 - Vector length 125000 Offset 6625000
Group: 0 Thread 54 Global Thread 54 running on hwthread 54 - Vector length 125000 Offset 6750000
Group: 0 Thread 55 Global Thread 55 running on hwthread 55 - Vector length 125000 Offset 6875000
Group: 0 Thread 56 Global Thread 56 running on hwthread 56 - Vector length 125000 Offset 7000000
Group: 0 Thread 57 Global Thread 57 running on hwthread 57 - Vector length 125000 Offset 7125000
Group: 0 Thread 58 Global Thread 58 running on hwthread 58 - Vector length 125000 Offset 7250000
Group: 0 Thread 59 Global Thread 59 running on hwthread 59 - Vector length 125000 Offset 7375000
Group: 0 Thread 60 Global Thread 60 running on hwthread 60 - Vector length 125000 Offset 7500000
Group: 0 Thread 61 Global Thread 61 running on hwthread 61 - Vector length 125000 Offset 7625000
Group: 0 Thread 62 Global Thread 62 running on hwthread 62 - Vector length 125000 Offset 7750000
Group: 0 Thread 63 Global Thread 63 running on hwthread 63 - Vector length 125000 Offset 7875000
Group: 0 Thread 64 Global Thread 64 running on hwthread 64 - Vector length 125000 Offset 8000000
Group: 0 Thread 65 Global Thread 65 running on hwthread 65 - Vector length 125000 Offset 8125000
Group: 0 Thread 66 Global Thread 66 running on hwthread 66 - Vector length 125000 Offset 8250000
Group: 0 Thread 67 Global Thread 67 running on hwthread 67 - Vector length 125000 Offset 8375000
Group: 0 Thread 68 Global Thread 68 running on hwthread 68 - Vector length 125000 Offset 8500000
Group: 0 Thread 69 Global Thread 69 running on hwthread 69 - Vector length 125000 Offset 8625000
Group: 0 Thread 70 Global Thread 70 running on hwthread 70 - Vector length 125000 Offset 8750000
Group: 0 Thread 71 Global Thread 71 running on hwthread 71 - Vector length 125000 Offset 8875000
Group: 0 Thread 72 Global Thread 72 running on hwthread 72 - Vector length 125000 Offset 9000000
Group: 0 Thread 73 Global Thread 73 running on hwthread 73 - Vector length 125000 Offset 9125000
Group: 0 Thread 74 Global Thread 74 running on hwthread 74 - Vector length 125000 Offset 9250000
Group: 0 Thread 75 Global Thread 75 running on hwthread 75 - Vector length 125000 Offset 9375000
Group: 0 Thread 76 Global Thread 76 running on hwthread 76 - Vector length 125000 Offset 9500000
Group: 0 Thread 77 Global Thread 77 running on hwthread 77 - Vector length 125000 Offset 9625000
Group: 0 Thread 78 Global Thread 78 running on hwthread 78 - Vector length 125000 Offset 9750000
Group: 0 Thread 79 Global Thread 79 running on hwthread 79 - Vector length 125000 Offset 9875000
Group: 0 Thread 80 Global Thread 80 running on hwthread 80 - Vector length 125000 Offset 10000000
Group: 0 Thread 81 Global Thread 81 running on hwthread 81 - Vector length 125000 Offset 10125000
Group: 0 Thread 82 Global Thread 82 running on hwthread 82 - Vector length 125000 Offset 10250000
Group: 0 Thread 83 Global Thread 83 running on hwthread 83 - Vector length 125000 Offset 10375000
Group: 0 Thread 84 Global Thread 84 running on hwthread 84 - Vector length 125000 Offset 10500000
Group: 0 Thread 85 Global Thread 85 running on hwthread 85 - Vector length 125000 Offset 10625000
Group: 0 Thread 86 Global Thread 86 running on hwthread 86 - Vector length 125000 Offset 10750000
Group: 0 Thread 87 Global Thread 87 running on hwthread 87 - Vector length 125000 Offset 10875000
Group: 0 Thread 88 Global Thread 88 running on hwthread 88 - Vector length 125000 Offset 11000000
Group: 0 Thread 89 Global Thread 89 running on hwthread 89 - Vector length 125000 Offset 11125000
Group: 0 Thread 90 Global Thread 90 running on hwthread 90 - Vector length 125000 Offset 11250000
Group: 0 Thread 91 Global Thread 91 running on hwthread 91 - Vector length 125000 Offset 11375000
Group: 0 Thread 92 Global Thread 92 running on hwthread 92 - Vector length 125000 Offset 11500000
Group: 0 Thread 93 Global Thread 93 running on hwthread 93 - Vector length 125000 Offset 11625000
Group: 0 Thread 94 Global Thread 94 running on hwthread 94 - Vector length 125000 Offset 11750000
Group: 0 Thread 95 Global Thread 95 running on hwthread 95 - Vector length 125000 Offset 11875000
--------------------------------------------------------------------------------
Cycles:			2485172040
CPU Clock:		2399957733
Cycle Clock:		2399957733
Time:			1.035507e+00 sec
Iterations:		480000
Iterations per thread:	5000
Inner loop executions:	125000
Size (Byte):		48000000
Size per thread:	500000
Number of Flops:	960000000000
MFlops/s:		927082.47
Data volume (Byte):	240000000000
MByte/s:		231770.62
Cycles per update:	0.041420
Cycles per cacheline:	0.662713
Loads per update:	1
Stores per update:	0
Load bytes per element:	4
Store bytes per elem.:	0
Instructions:		1200000000032
UOPs:			1140000000000
--------------------------------------------------------------------------------
Writing Likwid Marker API results to file /tmp/likwid_743157.txt
--------------------------------------------------------------------------------
Region bench, Group 1: FLOPS_SP
+-------------------+------------+------------+------------+------------+------------+------------+------------+------------+------------+------------+-------------+-------------+-------------+-------------+-------------+-------------+-------------+-------------+-------------+-------------+-------------+-------------+-------------+-------------+-------------+-------------+-------------+-------------+-------------+-------------+-------------+-------------+-------------+-------------+-------------+-------------+-------------+-------------+-------------+-------------+-------------+-------------+-------------+-------------+-------------+-------------+-------------+-------------+-------------+-------------+-------------+-------------+-------------+-------------+-------------+-------------+-------------+-------------+-------------+-------------+-------------+-------------+-------------+-------------+-------------+-------------+-------------+-------------+-------------+-------------+-------------+-------------+-------------+-------------+-------------+-------------+-------------+-------------+-------------+-------------+-------------+-------------+-------------+-------------+-------------+-------------+-------------+-------------+-------------+-------------+-------------+-------------+-------------+-------------+-------------+-------------+
|    Region Info    | HWThread 0 | HWThread 1 | HWThread 2 | HWThread 3 | HWThread 4 | HWThread 5 | HWThread 6 | HWThread 7 | HWThread 8 | HWThread 9 | HWThread 10 | HWThread 11 | HWThread 12 | HWThread 13 | HWThread 14 | HWThread 15 | HWThread 16 | HWThread 17 | HWThread 18 | HWThread 19 | HWThread 20 | HWThread 21 | HWThread 22 | HWThread 23 | HWThread 24 | HWThread 25 | HWThread 26 | HWThread 27 | HWThread 28 | HWThread 29 | HWThread 30 | HWThread 31 | HWThread 32 | HWThread 33 | HWThread 34 | HWThread 35 | HWThread 36 | HWThread 37 | HWThread 38 | HWThread 39 | HWThread 40 | HWThread 41 | HWThread 42 | HWThread 43 | HWThread 44 | HWThread 45 | HWThread 46 | HWThread 47 | HWThread 48 | HWThread 49 | HWThread 50 | HWThread 51 | HWThread 52 | HWThread 53 | HWThread 54 | HWThread 55 | HWThread 56 | HWThread 57 | HWThread 58 | HWThread 59 | HWThread 60 | HWThread 61 | HWThread 62 | HWThread 63 | HWThread 64 | HWThread 65 | HWThread 66 | HWThread 67 | HWThread 68 | HWThread 69 | HWThread 70 | HWThread 71 | HWThread 72 | HWThread 73 | HWThread 74 | HWThread 75 | HWThread 76 | HWThread 77 | HWThread 78 | HWThread 79 | HWThread 80 | HWThread 81 | HWThread 82 | HWThread 83 | HWThread 84 | HWThread 85 | HWThread 86 | HWThread 87 | HWThread 88 | HWThread 89 | HWThread 90 | HWThread 91 | HWThread 92 | HWThread 93 | HWThread 94 | HWThread 95 |
+-------------------+------------+------------+------------+------------+------------+------------+------------+------------+------------+------------+-------------+-------------+-------------+-------------+-------------+-------------+-------------+-------------+-------------+-------------+-------------+-------------+-------------+-------------+-------------+-------------+-------------+-------------+-------------+-------------+-------------+-------------+-------------+-------------+-------------+-------------+-------------+-------------+-------------+-------------+-------------+-------------+-------------+-------------+-------------+-------------+-------------+-------------+-------------+-------------+-------------+-------------+-------------+-------------+-------------+-------------+-------------+-------------+-------------+-------------+-------------+-------------+-------------+-------------+-------------+-------------+-------------+-------------+-------------+-------------+-------------+-------------+-------------+-------------+-------------+-------------+-------------+-------------+-------------+-------------+-------------+-------------+-------------+-------------+-------------+-------------+-------------+-------------+-------------+-------------+-------------+-------------+-------------+-------------+-------------+-------------+
| RDTSC Runtime [s] |   1.035406 |   1.035382 |   1.035369 |   1.035370 |   1.035465 |   1.035368 |   1.035370 |   1.035368 |   1.035343 |   1.035355 |    1.035355 |    1.035358 |    1.035352 |    1.035345 |    1.035344 |    1.035355 |    1.035352 |    1.035345 |    1.035351 |    1.035369 |    1.035354 |    1.035345 |    1.035345 |    1.035360 |    1.035388 |    1.035381 |    1.035383 |    1.035367 |    1.035367 |    1.035388 |    1.035389 |    1.035386 |    1.035438 |    1.035374 |    1.035375 |    1.035423 |    1.035438 |    1.035424 |    1.035372 |    1.035400 |    1.035356 |    1.035357 |    1.035362 |    1.035373 |    1.035427 |    1.035369 |    1.035377 |    1.035355 |    1.035373 |    1.035386 |    1.035372 |    1.035373 |    1.035394 |    1.035424 |    1.035375 |    1.035424 |    1.035371 |    1.035372 |    1.035492 |    1.035463 |    1.035373 |    1.035509 |    1.035374 |    1.035461 |    1.035346 |    1.035429 |    1.035345 |    1.035383 |    1.035369 |    1.035369 |    1.035344 |    1.035369 |    1.035378 |    1.035371 |    1.035395 |    1.035430 |    1.035432 |    1.035443 |    1.035370 |    1.035368 |    1.035368 |    1.035380 |    1.035379 |    1.035366 |    1.035384 |    1.035381 |    1.035365 |    1.035367 |    1.035372 |    1.035384 |    1.035382 |    1.035374 |    1.035377 |    1.035397 |    1.035366 |    1.035384 |
|     call count    |          1 |          1 |          1 |          1 |          1 |          1 |          1 |          1 |          1 |          1 |           1 |           1 |           1 |           1 |           1 |           1 |           1 |           1 |           1 |           1 |           1 |           1 |           1 |           1 |           1 |           1 |           1 |           1 |           1 |           1 |           1 |           1 |           1 |           1 |           1 |           1 |           1 |           1 |           1 |           1 |           1 |           1 |           1 |           1 |           1 |           1 |           1 |           1 |           1 |           1 |           1 |           1 |           1 |           1 |           1 |           1 |           1 |           1 |           1 |           1 |           1 |           1 |           1 |           1 |           1 |           1 |           1 |           1 |           1 |           1 |           1 |           1 |           1 |           1 |           1 |           1 |           1 |           1 |           1 |           1 |           1 |           1 |           1 |           1 |           1 |           1 |           1 |           1 |           1 |           1 |           1 |           1 |           1 |           1 |           1 |           1 |
+-------------------+------------+------------+------------+------------+------------+------------+------------+------------+------------+------------+-------------+-------------+-------------+-------------+-------------+-------------+-------------+-------------+-------------+-------------+-------------+-------------+-------------+-------------+-------------+-------------+-------------+-------------+-------------+-------------+-------------+-------------+-------------+-------------+-------------+-------------+-------------+-------------+-------------+-------------+-------------+-------------+-------------+-------------+-------------+-------------+-------------+-------------+-------------+-------------+-------------+-------------+-------------+-------------+-------------+-------------+-------------+-------------+-------------+-------------+-------------+-------------+-------------+-------------+-------------+-------------+-------------+-------------+-------------+-------------+-------------+-------------+-------------+-------------+-------------+-------------+-------------+-------------+-------------+-------------+-------------+-------------+-------------+-------------+-------------+-------------+-------------+-------------+-------------+-------------+-------------+-------------+-------------+-------------+-------------+-------------+

+---------------------------+---------+-------------+-------------+-------------+-------------+-------------+-------------+-------------+-------------+-------------+-------------+-------------+-------------+-------------+-------------+-------------+-------------+-------------+-------------+-------------+-------------+-------------+-------------+-------------+-------------+-------------+-------------+-------------+-------------+-------------+-------------+-------------+-------------+-------------+-------------+-------------+-------------+-------------+-------------+-------------+-------------+-------------+-------------+-------------+-------------+-------------+-------------+-------------+-------------+-------------+-------------+-------------+-------------+-------------+-------------+-------------+-------------+-------------+-------------+-------------+-------------+-------------+-------------+-------------+-------------+-------------+-------------+-------------+-------------+-------------+-------------+-------------+-------------+-------------+-------------+-------------+-------------+-------------+-------------+-------------+-------------+-------------+-------------+-------------+-------------+-------------+-------------+-------------+-------------+-------------+-------------+-------------+-------------+-------------+-------------+-------------+-------------+
|           Event           | Counter |  HWThread 0 |  HWThread 1 |  HWThread 2 |  HWThread 3 |  HWThread 4 |  HWThread 5 |  HWThread 6 |  HWThread 7 |  HWThread 8 |  HWThread 9 | HWThread 10 | HWThread 11 | HWThread 12 | HWThread 13 | HWThread 14 | HWThread 15 | HWThread 16 | HWThread 17 | HWThread 18 | HWThread 19 | HWThread 20 | HWThread 21 | HWThread 22 | HWThread 23 | HWThread 24 | HWThread 25 | HWThread 26 | HWThread 27 | HWThread 28 | HWThread 29 | HWThread 30 | HWThread 31 | HWThread 32 | HWThread 33 | HWThread 34 | HWThread 35 | HWThread 36 | HWThread 37 | HWThread 38 | HWThread 39 | HWThread 40 | HWThread 41 | HWThread 42 | HWThread 43 | HWThread 44 | HWThread 45 | HWThread 46 | HWThread 47 | HWThread 48 | HWThread 49 | HWThread 50 | HWThread 51 | HWThread 52 | HWThread 53 | HWThread 54 | HWThread 55 | HWThread 56 | HWThread 57 | HWThread 58 | HWThread 59 | HWThread 60 | HWThread 61 | HWThread 62 | HWThread 63 | HWThread 64 | HWThread 65 | HWThread 66 | HWThread 67 | HWThread 68 | HWThread 69 | HWThread 70 | HWThread 71 | HWThread 72 | HWThread 73 | HWThread 74 | HWThread 75 | HWThread 76 | HWThread 77 | HWThread 78 | HWThread 79 | HWThread 80 | HWThread 81 | HWThread 82 | HWThread 83 | HWThread 84 | HWThread 85 | HWThread 86 | HWThread 87 | HWThread 88 | HWThread 89 | HWThread 90 | HWThread 91 | HWThread 92 | HWThread 93 | HWThread 94 | HWThread 95 |
+---------------------------+---------+-------------+-------------+-------------+-------------+-------------+-------------+-------------+-------------+-------------+-------------+-------------+-------------+-------------+-------------+-------------+-------------+-------------+-------------+-------------+-------------+-------------+-------------+-------------+-------------+-------------+-------------+-------------+-------------+-------------+-------------+-------------+-------------+-------------+-------------+-------------+-------------+-------------+-------------+-------------+-------------+-------------+-------------+-------------+-------------+-------------+-------------+-------------+-------------+-------------+-------------+-------------+-------------+-------------+-------------+-------------+-------------+-------------+-------------+-------------+-------------+-------------+-------------+-------------+-------------+-------------+-------------+-------------+-------------+-------------+-------------+-------------+-------------+-------------+-------------+-------------+-------------+-------------+-------------+-------------+-------------+-------------+-------------+-------------+-------------+-------------+-------------+-------------+-------------+-------------+-------------+-------------+-------------+-------------+-------------+-------------+-------------+
|      ACTUAL_CPU_CLOCK     |  FIXC1  |  3786696000 |  3786804000 |  3786812000 |  3786680000 |  3787056000 |  3786680000 |  3786977000 |  3786677000 |  3786478000 |  3786719000 |  3786505000 |  3786480000 |  3786474000 |  3786736000 |  3787076000 |  3786947000 |  3786839000 |  3787062000 |  3786744000 |  3786841000 |  3786661000 |  3787066000 |  3787054000 |  3787055000 |  3787268000 |  3787117000 |  3787405000 |  3787135000 |  3787178000 |  3787165000 |  3787102000 |  3787182000 |  3787105000 |  3787442000 |  3787195000 |  3787122000 |  3787192000 |  3787105000 |  3787210000 |  3787185000 |  3786770000 |  3786855000 |  3786844000 |  3787143000 |  3787071000 |  3787025000 |  3787151000 |  3786844000 |  3787186000 |  3787179000 |  3787428000 |  3786883000 |  3786869000 |  3787391000 |  3787348000 |  3787085000 |  3787163000 |  3787078000 |  3787407000 |  3787105000 |  3787555000 |  3787478000 |  3787627000 |  3787467000 |  3786753000 |  3787070000 |  3786409000 |  3787128000 |  3786400000 |  3786395000 |  3786421000 |  3786704000 |  3787306000 |  3787258000 |  3787252000 |  3787023000 |  3787035000 |  3787137000 |  3787270000 |  3787031000 |  3786764000 |  3787402000 |  3786825000 |  3787390000 |  3787474000 |  3787394000 |  3787394000 |  3787139000 |  3787426000 |  3787194000 |  3787238000 |  3787237000 |  3786865000 |  3787206000 |  3787246000 |  3787171000 |
|       MAX_CPU_CLOCK       |  FIXC2  |  2486362000 |  2486327000 |  2486243000 |  2486371000 |  2486630000 |  2486333000 |  2486362000 |  2486332000 |  2486142000 |  2486173000 |  2486278000 |  2486264000 |  2486176000 |  2486198000 |  2486291000 |  2486395000 |  2486316000 |  2486322000 |  2486102000 |  2486319000 |  2486160000 |  2486302000 |  2486297000 |  2486269000 |  2486562000 |  2486372000 |  2486546000 |  2486373000 |  2486389000 |  2486386000 |  2486355000 |  2486389000 |  2486340000 |  2486561000 |  2486400000 |  2486360000 |  2486396000 |  2486331000 |  2486400000 |  2486391000 |  2486081000 |  2486425000 |  2486265000 |  2486545000 |  2486332000 |  2486321000 |  2486535000 |  2486340000 |  2486517000 |  2486305000 |  2486530000 |  2486399000 |  2486355000 |  2486541000 |  2486329000 |  2486339000 |  2486515000 |  2486338000 |  2486535000 |  2486583000 |  2486537000 |  2486700000 |  2486537000 |  2486705000 |  2486097000 |  2486335000 |  2486128000 |  2486524000 |  2486160000 |  2486151000 |  2486126000 |  2486094000 |  2486498000 |  2486458000 |  2486577000 |  2486325000 |  2486325000 |  2486381000 |  2486464000 |  2486405000 |  2486368000 |  2486545000 |  2486397000 |  2486548000 |  2486584000 |  2486535000 |  2486547000 |  2486519000 |  2486532000 |  2486384000 |  2486548000 |  2486552000 |  2486413000 |  2486401000 |  2486568000 |  2486380000 |
|    RETIRED_INSTRUCTIONS   |   PMC0  | 12503120000 | 12503220000 | 12502660000 | 12502870000 | 12502840000 | 12502510000 | 12502930000 | 12502770000 | 12502410000 | 12502570000 | 12502550000 | 12502440000 | 12502550000 | 12502820000 | 12502650000 | 12502360000 | 12502790000 | 12502700000 | 12502360000 | 12502840000 | 12502820000 | 12502190000 | 12502840000 | 12502370000 | 12502700000 | 12502710000 | 12502200000 | 12502800000 | 12502050000 | 12502570000 | 12502690000 | 12502290000 | 12502670000 | 12502680000 | 12502270000 | 12502490000 | 12500240000 | 12502720000 | 12501690000 | 12502880000 | 12502670000 | 12502700000 | 12502340000 | 12502720000 | 12502050000 | 12502710000 | 12502640000 | 12502680000 | 12503100000 | 12501510000 | 12502490000 | 12502830000 | 12502920000 | 12502980000 | 12501760000 | 12502540000 | 12502520000 | 12502810000 | 12502390000 | 12503150000 | 12501800000 | 12502870000 | 12502860000 | 12502520000 | 12502780000 | 12502440000 | 12502470000 | 12502380000 | 12502700000 | 12502780000 | 12502850000 | 12502470000 | 12502840000 | 12502750000 | 12502300000 | 12502800000 | 12502790000 | 12502520000 | 12502450000 | 12502390000 | 12501890000 | 12502750000 | 12502330000 | 12502800000 | 12502880000 | 12502570000 | 12501950000 | 12502570000 | 12500660000 | 12502670000 | 12502410000 | 12502850000 | 12502810000 | 12502560000 | 12502770000 | 12503080000 |
|    CPU_CLOCKS_UNHALTED    |   PMC1  |  3768886000 |  3769546000 |  3769573000 |  3769323000 |  3769391000 |  3767043000 |  3769765000 |  3769611000 |  3768584000 |  3768547000 |  3768399000 |  3768423000 |  3768482000 |  3768363000 |  3768531000 |  3768405000 |  3768794000 |  3768629000 |  3768657000 |  3768768000 |  3768691000 |  3768669000 |  3768571000 |  3768717000 |  3768301000 |  3768434000 |  3768078000 |  3767949000 |  3768414000 |  3768189000 |  3768516000 |  3768224000 |  3768190000 |  3768191000 |  3768307000 |  3768394000 |  3768459000 |  3768449000 |  3768145000 |  3768394000 |  3768371000 |  3768350000 |  3768343000 |  3768426000 |  3768734000 |  3768535000 |  3768076000 |  3768614000 |  3769289000 |  3769346000 |  3769149000 |  3769075000 |  3769008000 |  3769306000 |  3768606000 |  3769449000 |  3769013000 |  3769222000 |  3769199000 |  3769448000 |  3769147000 |  3769346000 |  3769322000 |  3769448000 |  3769006000 |  3769401000 |  3769100000 |  3769137000 |  3769004000 |  3769091000 |  3769280000 |  3769086000 |  3768600000 |  3768748000 |  3768635000 |  3769021000 |  3768923000 |  3768976000 |  3768692000 |  3768712000 |  3768735000 |  3768833000 |  3768764000 |  3768804000 |  3768898000 |  3768855000 |  3768727000 |  3768631000 |  3768917000 |  3768881000 |  3768957000 |  3768946000 |  3769004000 |  3769130000 |  3768920000 |  3768903000 |
| RETIRED_SSE_AVX_FLOPS_ALL |   PMC2  | 10000000000 | 10000000000 | 10000000000 | 10000000000 | 10000000000 | 10000000000 | 10000000000 | 10000000000 | 10000000000 | 10000000000 | 10000000000 | 10000000000 | 10000000000 | 10000000000 | 10000000000 | 10000000000 | 10000000000 | 10000000000 | 10000000000 | 10000000000 | 10000000000 | 10000000000 | 10000000000 | 10000000000 | 10000000000 | 10000000000 | 10000000000 | 10000000000 | 10000000000 | 10000000000 | 10000000000 | 10000000000 | 10000000000 | 10000000000 | 10000000000 | 10000000000 | 10000000000 | 10000000000 | 10000000000 | 10000000000 | 10000000000 | 10000000000 | 10000000000 | 10000000000 | 10000000000 | 10000000000 | 10000000000 | 10000000000 | 10000000000 | 10000000000 | 10000000000 | 10000000000 | 10000000000 | 10000000000 | 10000000000 | 10000000000 | 10000000000 | 10000000000 | 10000000000 | 10000000000 | 10000000000 | 10000000000 | 10000000000 | 10000000000 | 10000000000 | 10000000000 | 10000000000 | 10000000000 | 10000000000 | 10000000000 | 10000000000 | 10000000000 | 10000000000 | 10000000000 | 10000000000 | 10000000000 | 10000000000 | 10000000000 | 10000000000 | 10000000000 | 10000000000 | 10000000000 | 10000000000 | 10000000000 | 10000000000 | 10000000000 | 10000000000 | 10000000000 | 10000000000 | 10000000000 | 10000000000 | 10000000000 | 10000000000 | 10000000000 | 10000000000 | 10000000000 |
|           MERGE           |   PMC3  |           0 |           0 |           0 |           0 |           0 |           0 |           0 |           0 |           0 |           0 |           0 |           0 |           0 |           0 |           0 |           0 |           0 |           0 |           0 |           0 |           0 |           0 |           0 |           0 |           0 |           0 |           0 |           0 |           0 |           0 |           0 |           0 |           0 |           0 |           0 |           0 |           0 |           0 |           0 |           0 |           0 |           0 |           0 |           0 |           0 |           0 |           0 |           0 |           0 |           0 |           0 |           0 |           0 |           0 |           0 |           0 |           0 |           0 |           0 |           0 |           0 |           0 |           0 |           0 |           0 |           0 |           0 |           0 |           0 |           0 |           0 |           0 |           0 |           0 |           0 |           0 |           0 |           0 |           0 |           0 |           0 |           0 |           0 |           0 |           0 |           0 |           0 |           0 |           0 |           0 |           0 |           0 |           0 |           0 |           0 |           0 |
+---------------------------+---------+-------------+-------------+-------------+-------------+-------------+-------------+-------------+-------------+-------------+-------------+-------------+-------------+-------------+-------------+-------------+-------------+-------------+-------------+-------------+-------------+-------------+-------------+-------------+-------------+-------------+-------------+-------------+-------------+-------------+-------------+-------------+-------------+-------------+-------------+-------------+-------------+-------------+-------------+-------------+-------------+-------------+-------------+-------------+-------------+-------------+-------------+-------------+-------------+-------------+-------------+-------------+-------------+-------------+-------------+-------------+-------------+-------------+-------------+-------------+-------------+-------------+-------------+-------------+-------------+-------------+-------------+-------------+-------------+-------------+-------------+-------------+-------------+-------------+-------------+-------------+-------------+-------------+-------------+-------------+-------------+-------------+-------------+-------------+-------------+-------------+-------------+-------------+-------------+-------------+-------------+-------------+-------------+-------------+-------------+-------------+-------------+

+--------------------------------+---------+---------------+-------------+-------------+--------------+
|              Event             | Counter |      Sum      |     Min     |     Max     |      Avg     |
+--------------------------------+---------+---------------+-------------+-------------+--------------+
|      ACTUAL_CPU_CLOCK STAT     |  FIXC1  |  363556136000 |  3786395000 |  3787627000 | 3.787043e+09 |
|       MAX_CPU_CLOCK STAT       |  FIXC2  |  238692993000 |  2486081000 |  2486705000 | 2.486385e+09 |
|    RETIRED_INSTRUCTIONS STAT   |   PMC0  | 1200244650000 | 12500240000 | 12503220000 | 1.250255e+10 |
|    CPU_CLOCKS_UNHALTED STAT    |   PMC1  |  361803141000 |  3767043000 |  3769765000 | 3.768783e+09 |
| RETIRED_SSE_AVX_FLOPS_ALL STAT |   PMC2  |  960000000000 | 10000000000 | 10000000000 |  10000000000 |
|           MERGE STAT           |   PMC3  |             0 |           0 |           0 |            0 |
+--------------------------------+---------+---------------+-------------+-------------+--------------+

+----------------------+------------+------------+------------+------------+------------+------------+------------+------------+------------+------------+-------------+-------------+-------------+-------------+-------------+-------------+-------------+-------------+-------------+-------------+-------------+-------------+-------------+-------------+-------------+-------------+-------------+-------------+-------------+-------------+-------------+-------------+-------------+-------------+-------------+-------------+-------------+-------------+-------------+-------------+-------------+-------------+-------------+-------------+-------------+-------------+-------------+-------------+-------------+-------------+-------------+-------------+-------------+-------------+-------------+-------------+-------------+-------------+-------------+-------------+-------------+-------------+-------------+-------------+-------------+-------------+-------------+-------------+-------------+-------------+-------------+-------------+-------------+-------------+-------------+-------------+-------------+-------------+-------------+-------------+-------------+-------------+-------------+-------------+-------------+-------------+-------------+-------------+-------------+-------------+-------------+-------------+-------------+-------------+-------------+-------------+
|        Metric        | HWThread 0 | HWThread 1 | HWThread 2 | HWThread 3 | HWThread 4 | HWThread 5 | HWThread 6 | HWThread 7 | HWThread 8 | HWThread 9 | HWThread 10 | HWThread 11 | HWThread 12 | HWThread 13 | HWThread 14 | HWThread 15 | HWThread 16 | HWThread 17 | HWThread 18 | HWThread 19 | HWThread 20 | HWThread 21 | HWThread 22 | HWThread 23 | HWThread 24 | HWThread 25 | HWThread 26 | HWThread 27 | HWThread 28 | HWThread 29 | HWThread 30 | HWThread 31 | HWThread 32 | HWThread 33 | HWThread 34 | HWThread 35 | HWThread 36 | HWThread 37 | HWThread 38 | HWThread 39 | HWThread 40 | HWThread 41 | HWThread 42 | HWThread 43 | HWThread 44 | HWThread 45 | HWThread 46 | HWThread 47 | HWThread 48 | HWThread 49 | HWThread 50 | HWThread 51 | HWThread 52 | HWThread 53 | HWThread 54 | HWThread 55 | HWThread 56 | HWThread 57 | HWThread 58 | HWThread 59 | HWThread 60 | HWThread 61 | HWThread 62 | HWThread 63 | HWThread 64 | HWThread 65 | HWThread 66 | HWThread 67 | HWThread 68 | HWThread 69 | HWThread 70 | HWThread 71 | HWThread 72 | HWThread 73 | HWThread 74 | HWThread 75 | HWThread 76 | HWThread 77 | HWThread 78 | HWThread 79 | HWThread 80 | HWThread 81 | HWThread 82 | HWThread 83 | HWThread 84 | HWThread 85 | HWThread 86 | HWThread 87 | HWThread 88 | HWThread 89 | HWThread 90 | HWThread 91 | HWThread 92 | HWThread 93 | HWThread 94 | HWThread 95 |
+----------------------+------------+------------+------------+------------+------------+------------+------------+------------+------------+------------+-------------+-------------+-------------+-------------+-------------+-------------+-------------+-------------+-------------+-------------+-------------+-------------+-------------+-------------+-------------+-------------+-------------+-------------+-------------+-------------+-------------+-------------+-------------+-------------+-------------+-------------+-------------+-------------+-------------+-------------+-------------+-------------+-------------+-------------+-------------+-------------+-------------+-------------+-------------+-------------+-------------+-------------+-------------+-------------+-------------+-------------+-------------+-------------+-------------+-------------+-------------+-------------+-------------+-------------+-------------+-------------+-------------+-------------+-------------+-------------+-------------+-------------+-------------+-------------+-------------+-------------+-------------+-------------+-------------+-------------+-------------+-------------+-------------+-------------+-------------+-------------+-------------+-------------+-------------+-------------+-------------+-------------+-------------+-------------+-------------+-------------+
|  Runtime (RDTSC) [s] |     1.0354 |     1.0354 |     1.0354 |     1.0354 |     1.0355 |     1.0354 |     1.0354 |     1.0354 |     1.0353 |     1.0354 |      1.0354 |      1.0354 |      1.0354 |      1.0353 |      1.0353 |      1.0354 |      1.0354 |      1.0353 |      1.0354 |      1.0354 |      1.0354 |      1.0353 |      1.0353 |      1.0354 |      1.0354 |      1.0354 |      1.0354 |      1.0354 |      1.0354 |      1.0354 |      1.0354 |      1.0354 |      1.0354 |      1.0354 |      1.0354 |      1.0354 |      1.0354 |      1.0354 |      1.0354 |      1.0354 |      1.0354 |      1.0354 |      1.0354 |      1.0354 |      1.0354 |      1.0354 |      1.0354 |      1.0354 |      1.0354 |      1.0354 |      1.0354 |      1.0354 |      1.0354 |      1.0354 |      1.0354 |      1.0354 |      1.0354 |      1.0354 |      1.0355 |      1.0355 |      1.0354 |      1.0355 |      1.0354 |      1.0355 |      1.0353 |      1.0354 |      1.0353 |      1.0354 |      1.0354 |      1.0354 |      1.0353 |      1.0354 |      1.0354 |      1.0354 |      1.0354 |      1.0354 |      1.0354 |      1.0354 |      1.0354 |      1.0354 |      1.0354 |      1.0354 |      1.0354 |      1.0354 |      1.0354 |      1.0354 |      1.0354 |      1.0354 |      1.0354 |      1.0354 |      1.0354 |      1.0354 |      1.0354 |      1.0354 |      1.0354 |      1.0354 |
| Runtime unhalted [s] |     1.5784 |     1.5785 |     1.5785 |     1.5784 |     1.5786 |     1.5784 |     1.5786 |     1.5784 |     1.5784 |     1.5785 |      1.5784 |      1.5784 |      1.5784 |      1.5785 |      1.5786 |      1.5785 |      1.5785 |      1.5786 |      1.5785 |      1.5785 |      1.5784 |      1.5786 |      1.5786 |      1.5786 |      1.5787 |      1.5786 |      1.5787 |      1.5786 |      1.5786 |      1.5786 |      1.5786 |      1.5786 |      1.5786 |      1.5788 |      1.5787 |      1.5786 |      1.5786 |      1.5786 |      1.5787 |      1.5786 |      1.5785 |      1.5785 |      1.5785 |      1.5786 |      1.5786 |      1.5786 |      1.5786 |      1.5785 |      1.5786 |      1.5786 |      1.5787 |      1.5785 |      1.5785 |      1.5787 |      1.5787 |      1.5786 |      1.5786 |      1.5786 |      1.5787 |      1.5786 |      1.5788 |      1.5788 |      1.5788 |      1.5788 |      1.5785 |      1.5786 |      1.5783 |      1.5786 |      1.5783 |      1.5783 |      1.5783 |      1.5784 |      1.5787 |      1.5787 |      1.5787 |      1.5786 |      1.5786 |      1.5786 |      1.5787 |      1.5786 |      1.5785 |      1.5787 |      1.5785 |      1.5787 |      1.5788 |      1.5787 |      1.5787 |      1.5786 |      1.5787 |      1.5787 |      1.5787 |      1.5787 |      1.5785 |      1.5787 |      1.5787 |      1.5786 |
|      Clock [MHz]     |  3653.6552 |  3653.8109 |  3653.9420 |  3653.6266 |  3653.6088 |  3653.6824 |  3653.9263 |  3653.6810 |  3653.7682 |  3653.9552 |   3653.5944 |   3653.5908 |   3653.7143 |   3653.9348 |   3654.1262 |   3653.8489 |   3653.8608 |   3654.0671 |   3654.0836 |   3653.8583 |   3653.9183 |   3654.1004 |   3654.0962 |   3654.1383 |   3653.9132 |   3654.0467 |   3654.0689 |   3654.0626 |   3654.0806 |   3654.0725 |   3654.0572 |   3654.0845 |   3654.0822 |   3654.0825 |   3654.0808 |   3654.0692 |   3654.0838 |   3654.0954 |   3654.0953 |   3654.0844 |   3654.1396 |   3653.7161 |   3653.9406 |   3653.8176 |   3654.0611 |   3654.0329 |   3653.8400 |   3653.8303 |   3653.9002 |   3654.2050 |   3654.1146 |   3653.7813 |   3653.8324 |   3654.0627 |   3654.3328 |   3654.0644 |   3653.8810 |   3654.0591 |   3654.0870 |   3653.7251 |   3654.2268 |   3653.9130 |   3654.2963 |   3653.8951 |   3654.0997 |   3654.0558 |   3653.7222 |   3653.8340 |   3653.6665 |   3653.6749 |   3653.7367 |   3654.0568 |   3654.0439 |   3654.0564 |   3653.8757 |   3654.0251 |   3654.0367 |   3654.0528 |   3654.0591 |   3653.9153 |   3653.7120 |   3654.0675 |   3653.7283 |   3654.0515 |   3654.0796 |   3654.0744 |   3654.0568 |   3653.8519 |   3654.1097 |   3654.1034 |   3653.9048 |   3653.8980 |   3653.7433 |   3654.0900 |   3653.8832 |   3654.0871 |
|          CPI         |     0.3014 |     0.3015 |     0.3015 |     0.3015 |     0.3015 |     0.3013 |     0.3015 |     0.3015 |     0.3014 |     0.3014 |      0.3014 |      0.3014 |      0.3014 |      0.3014 |      0.3014 |      0.3014 |      0.3014 |      0.3014 |      0.3014 |      0.3014 |      0.3014 |      0.3014 |      0.3014 |      0.3014 |      0.3014 |      0.3014 |      0.3014 |      0.3014 |      0.3014 |      0.3014 |      0.3014 |      0.3014 |      0.3014 |      0.3014 |      0.3014 |      0.3014 |      0.3015 |      0.3014 |      0.3014 |      0.3014 |      0.3014 |      0.3014 |      0.3014 |      0.3014 |      0.3014 |      0.3014 |      0.3014 |      0.3014 |      0.3015 |      0.3015 |      0.3015 |      0.3015 |      0.3015 |      0.3015 |      0.3014 |      0.3015 |      0.3015 |      0.3015 |      0.3015 |      0.3015 |      0.3015 |      0.3015 |      0.3015 |      0.3015 |      0.3015 |      0.3015 |      0.3015 |      0.3015 |      0.3015 |      0.3015 |      0.3015 |      0.3015 |      0.3014 |      0.3014 |      0.3014 |      0.3015 |      0.3014 |      0.3015 |      0.3014 |      0.3014 |      0.3015 |      0.3014 |      0.3014 |      0.3014 |      0.3014 |      0.3014 |      0.3015 |      0.3014 |      0.3015 |      0.3014 |      0.3015 |      0.3014 |      0.3015 |      0.3015 |      0.3014 |      0.3014 |
|     SP [MFLOP/s]     |  9658.0472 |  9658.2711 |  9658.3923 |  9658.3830 |  9657.4969 |  9658.4017 |  9658.3830 |  9658.4017 |  9658.6349 |  9658.5229 |   9658.5229 |   9658.4949 |   9658.5509 |   9658.6162 |   9658.6255 |   9658.5229 |   9658.5509 |   9658.6162 |   9658.5602 |   9658.3923 |   9658.5323 |   9658.6162 |   9658.6162 |   9658.4763 |   9658.2151 |   9658.2804 |   9658.2617 |   9658.4110 |   9658.4110 |   9658.2151 |   9658.2058 |   9658.2337 |   9657.7487 |   9658.3457 |   9658.3364 |   9657.8886 |   9657.7487 |   9657.8793 |   9658.3643 |   9658.1031 |   9658.5136 |   9658.5043 |   9658.4576 |   9658.3550 |   9657.8513 |   9658.3923 |   9658.3177 |   9658.5229 |   9658.3550 |   9658.2337 |   9658.3643 |   9658.3550 |   9658.1591 |   9657.8793 |   9658.3364 |   9657.8793 |   9658.3737 |   9658.3643 |   9657.2451 |   9657.5155 |   9658.3550 |   9657.0865 |   9658.3457 |   9657.5342 |   9658.6069 |   9657.8326 |   9658.6162 |   9658.2617 |   9658.3923 |   9658.3923 |   9658.6255 |   9658.3923 |   9658.3084 |   9658.3737 |   9658.1498 |   9657.8233 |   9657.8047 |   9657.7021 |   9658.3830 |   9658.4017 |   9658.4017 |   9658.2897 |   9658.2990 |   9658.4203 |   9658.2524 |   9658.2804 |   9658.4296 |   9658.4110 |   9658.3643 |   9658.2524 |   9658.2711 |   9658.3457 |   9658.3177 |   9658.1311 |   9658.4203 |   9658.2524 |
+----------------------+------------+------------+------------+------------+------------+------------+------------+------------+------------+------------+-------------+-------------+-------------+-------------+-------------+-------------+-------------+-------------+-------------+-------------+-------------+-------------+-------------+-------------+-------------+-------------+-------------+-------------+-------------+-------------+-------------+-------------+-------------+-------------+-------------+-------------+-------------+-------------+-------------+-------------+-------------+-------------+-------------+-------------+-------------+-------------+-------------+-------------+-------------+-------------+-------------+-------------+-------------+-------------+-------------+-------------+-------------+-------------+-------------+-------------+-------------+-------------+-------------+-------------+-------------+-------------+-------------+-------------+-------------+-------------+-------------+-------------+-------------+-------------+-------------+-------------+-------------+-------------+-------------+-------------+-------------+-------------+-------------+-------------+-------------+-------------+-------------+-------------+-------------+-------------+-------------+-------------+-------------+-------------+-------------+-------------+

+---------------------------+-------------+-----------+-----------+-----------+
|           Metric          |     Sum     |    Min    |    Max    |    Avg    |
+---------------------------+-------------+-----------+-----------+-----------+
|  Runtime (RDTSC) [s] STAT |     99.3980 |    1.0353 |    1.0355 |    1.0354 |
| Runtime unhalted [s] STAT |    151.5440 |    1.5783 |    1.5788 |    1.5786 |
|      Clock [MHz] STAT     | 350779.7569 | 3653.5908 | 3654.3328 | 3653.9558 |
|          CPI STAT         |     28.9381 |    0.3013 |    0.3015 |    0.3014 |
|     SP [MFLOP/s] STAT     | 927193.7796 | 9657.0865 | 9658.6349 | 9658.2685 |
+---------------------------+-------------+-----------+-----------+-----------+

