INFO: You are running LIKWID in a cpuset with 192 CPUs. Taking given IDs as logical ID in cpuset
--------------------------------------------------------------------------------
CPU name:	AMD EPYC 9654 96-Core Processor                
CPU type:	AMD K19 (Zen4) architecture
CPU clock:	2.40 GHz
--------------------------------------------------------------------------------
Warning: Sanitizing vector length to a multiple of the loop stride 16 and thread count 96 from 2000000000 elements (16000000000 bytes) to 1999999488 elements (15999995904 bytes)
Allocate: Process running on hwthread 0 (Domain N) - Vector length 1999999488/15999995904 Offset 0 Alignment 512
Allocate: Process running on hwthread 0 (Domain N) - Vector length 1999999488/15999995904 Offset 0 Alignment 512
Allocate: Process running on hwthread 0 (Domain N) - Vector length 1999999488/15999995904 Offset 0 Alignment 512
Initialization: Each thread in domain initializes its own stream chunks
--------------------------------------------------------------------------------
LIKWID MICRO BENCHMARK
Test: stream_mem_avx_fma
--------------------------------------------------------------------------------
Using 1 work groups
Using 96 threads
--------------------------------------------------------------------------------
Using Likwid Marker API
--------------------------------------------------------------------------------
Group: 0 Thread 0 Global Thread 0 running on hwthread 0 - Vector length 20833328 Offset 0
Group: 0 Thread 1 Global Thread 1 running on hwthread 1 - Vector length 20833328 Offset 20833328
Group: 0 Thread 2 Global Thread 2 running on hwthread 2 - Vector length 20833328 Offset 41666656
Group: 0 Thread 3 Global Thread 3 running on hwthread 3 - Vector length 20833328 Offset 62499984
Group: 0 Thread 4 Global Thread 4 running on hwthread 4 - Vector length 20833328 Offset 83333312
Group: 0 Thread 5 Global Thread 5 running on hwthread 5 - Vector length 20833328 Offset 104166640
Group: 0 Thread 6 Global Thread 6 running on hwthread 6 - Vector length 20833328 Offset 124999968
Group: 0 Thread 7 Global Thread 7 running on hwthread 7 - Vector length 20833328 Offset 145833296
Group: 0 Thread 8 Global Thread 8 running on hwthread 8 - Vector length 20833328 Offset 166666624
Group: 0 Thread 9 Global Thread 9 running on hwthread 9 - Vector length 20833328 Offset 187499952
Group: 0 Thread 10 Global Thread 10 running on hwthread 10 - Vector length 20833328 Offset 208333280
Group: 0 Thread 11 Global Thread 11 running on hwthread 11 - Vector length 20833328 Offset 229166608
Group: 0 Thread 12 Global Thread 12 running on hwthread 12 - Vector length 20833328 Offset 249999936
Group: 0 Thread 13 Global Thread 13 running on hwthread 13 - Vector length 20833328 Offset 270833264
Group: 0 Thread 14 Global Thread 14 running on hwthread 14 - Vector length 20833328 Offset 291666592
Group: 0 Thread 15 Global Thread 15 running on hwthread 15 - Vector length 20833328 Offset 312499920
Group: 0 Thread 16 Global Thread 16 running on hwthread 16 - Vector length 20833328 Offset 333333248
Group: 0 Thread 17 Global Thread 17 running on hwthread 17 - Vector length 20833328 Offset 354166576
Group: 0 Thread 18 Global Thread 18 running on hwthread 18 - Vector length 20833328 Offset 374999904
Group: 0 Thread 19 Global Thread 19 running on hwthread 19 - Vector length 20833328 Offset 395833232
Group: 0 Thread 20 Global Thread 20 running on hwthread 20 - Vector length 20833328 Offset 416666560
Group: 0 Thread 21 Global Thread 21 running on hwthread 21 - Vector length 20833328 Offset 437499888
Group: 0 Thread 22 Global Thread 22 running on hwthread 22 - Vector length 20833328 Offset 458333216
Group: 0 Thread 23 Global Thread 23 running on hwthread 23 - Vector length 20833328 Offset 479166544
Group: 0 Thread 24 Global Thread 24 running on hwthread 24 - Vector length 20833328 Offset 499999872
Group: 0 Thread 25 Global Thread 25 running on hwthread 25 - Vector length 20833328 Offset 520833200
Group: 0 Thread 26 Global Thread 26 running on hwthread 26 - Vector length 20833328 Offset 541666528
Group: 0 Thread 27 Global Thread 27 running on hwthread 27 - Vector length 20833328 Offset 562499856
Group: 0 Thread 28 Global Thread 28 running on hwthread 28 - Vector length 20833328 Offset 583333184
Group: 0 Thread 29 Global Thread 29 running on hwthread 29 - Vector length 20833328 Offset 604166512
Group: 0 Thread 30 Global Thread 30 running on hwthread 30 - Vector length 20833328 Offset 624999840
Group: 0 Thread 31 Global Thread 31 running on hwthread 31 - Vector length 20833328 Offset 645833168
Group: 0 Thread 32 Global Thread 32 running on hwthread 32 - Vector length 20833328 Offset 666666496
Group: 0 Thread 33 Global Thread 33 running on hwthread 33 - Vector length 20833328 Offset 687499824
Group: 0 Thread 34 Global Thread 34 running on hwthread 34 - Vector length 20833328 Offset 708333152
Group: 0 Thread 35 Global Thread 35 running on hwthread 35 - Vector length 20833328 Offset 729166480
Group: 0 Thread 36 Global Thread 36 running on hwthread 36 - Vector length 20833328 Offset 749999808
Group: 0 Thread 37 Global Thread 37 running on hwthread 37 - Vector length 20833328 Offset 770833136
Group: 0 Thread 38 Global Thread 38 running on hwthread 38 - Vector length 20833328 Offset 791666464
Group: 0 Thread 39 Global Thread 39 running on hwthread 39 - Vector length 20833328 Offset 812499792
Group: 0 Thread 40 Global Thread 40 running on hwthread 40 - Vector length 20833328 Offset 833333120
Group: 0 Thread 41 Global Thread 41 running on hwthread 41 - Vector length 20833328 Offset 854166448
Group: 0 Thread 42 Global Thread 42 running on hwthread 42 - Vector length 20833328 Offset 874999776
Group: 0 Thread 43 Global Thread 43 running on hwthread 43 - Vector length 20833328 Offset 895833104
Group: 0 Thread 44 Global Thread 44 running on hwthread 44 - Vector length 20833328 Offset 916666432
Group: 0 Thread 45 Global Thread 45 running on hwthread 45 - Vector length 20833328 Offset 937499760
Group: 0 Thread 46 Global Thread 46 running on hwthread 46 - Vector length 20833328 Offset 958333088
Group: 0 Thread 47 Global Thread 47 running on hwthread 47 - Vector length 20833328 Offset 979166416
Group: 0 Thread 48 Global Thread 48 running on hwthread 48 - Vector length 20833328 Offset 999999744
Group: 0 Thread 49 Global Thread 49 running on hwthread 49 - Vector length 20833328 Offset 1020833072
Group: 0 Thread 50 Global Thread 50 running on hwthread 50 - Vector length 20833328 Offset 1041666400
Group: 0 Thread 51 Global Thread 51 running on hwthread 51 - Vector length 20833328 Offset 1062499728
Group: 0 Thread 52 Global Thread 52 running on hwthread 52 - Vector length 20833328 Offset 1083333056
Group: 0 Thread 53 Global Thread 53 running on hwthread 53 - Vector length 20833328 Offset 1104166384
Group: 0 Thread 54 Global Thread 54 running on hwthread 54 - Vector length 20833328 Offset 1124999712
Group: 0 Thread 55 Global Thread 55 running on hwthread 55 - Vector length 20833328 Offset 1145833040
Group: 0 Thread 56 Global Thread 56 running on hwthread 56 - Vector length 20833328 Offset 1166666368
Group: 0 Thread 57 Global Thread 57 running on hwthread 57 - Vector length 20833328 Offset 1187499696
Group: 0 Thread 58 Global Thread 58 running on hwthread 58 - Vector length 20833328 Offset 1208333024
Group: 0 Thread 59 Global Thread 59 running on hwthread 59 - Vector length 20833328 Offset 1229166352
Group: 0 Thread 60 Global Thread 60 running on hwthread 60 - Vector length 20833328 Offset 1249999680
Group: 0 Thread 61 Global Thread 61 running on hwthread 61 - Vector length 20833328 Offset 1270833008
Group: 0 Thread 62 Global Thread 62 running on hwthread 62 - Vector length 20833328 Offset 1291666336
Group: 0 Thread 63 Global Thread 63 running on hwthread 63 - Vector length 20833328 Offset 1312499664
Group: 0 Thread 64 Global Thread 64 running on hwthread 64 - Vector length 20833328 Offset 1333332992
Group: 0 Thread 65 Global Thread 65 running on hwthread 65 - Vector length 20833328 Offset 1354166320
Group: 0 Thread 66 Global Thread 66 running on hwthread 66 - Vector length 20833328 Offset 1374999648
Group: 0 Thread 67 Global Thread 67 running on hwthread 67 - Vector length 20833328 Offset 1395832976
Group: 0 Thread 68 Global Thread 68 running on hwthread 68 - Vector length 20833328 Offset 1416666304
Group: 0 Thread 69 Global Thread 69 running on hwthread 69 - Vector length 20833328 Offset 1437499632
Group: 0 Thread 70 Global Thread 70 running on hwthread 70 - Vector length 20833328 Offset 1458332960
Group: 0 Thread 71 Global Thread 71 running on hwthread 71 - Vector length 20833328 Offset 1479166288
Group: 0 Thread 72 Global Thread 72 running on hwthread 72 - Vector length 20833328 Offset 1499999616
Group: 0 Thread 73 Global Thread 73 running on hwthread 73 - Vector length 20833328 Offset 1520832944
Group: 0 Thread 74 Global Thread 74 running on hwthread 74 - Vector length 20833328 Offset 1541666272
Group: 0 Thread 75 Global Thread 75 running on hwthread 75 - Vector length 20833328 Offset 1562499600
Group: 0 Thread 76 Global Thread 76 running on hwthread 76 - Vector length 20833328 Offset 1583332928
Group: 0 Thread 77 Global Thread 77 running on hwthread 77 - Vector length 20833328 Offset 1604166256
Group: 0 Thread 78 Global Thread 78 running on hwthread 78 - Vector length 20833328 Offset 1624999584
Group: 0 Thread 79 Global Thread 79 running on hwthread 79 - Vector length 20833328 Offset 1645832912
Group: 0 Thread 80 Global Thread 80 running on hwthread 80 - Vector length 20833328 Offset 1666666240
Group: 0 Thread 81 Global Thread 81 running on hwthread 81 - Vector length 20833328 Offset 1687499568
Group: 0 Thread 82 Global Thread 82 running on hwthread 82 - Vector length 20833328 Offset 1708332896
Group: 0 Thread 83 Global Thread 83 running on hwthread 83 - Vector length 20833328 Offset 1729166224
Group: 0 Thread 84 Global Thread 84 running on hwthread 84 - Vector length 20833328 Offset 1749999552
Group: 0 Thread 85 Global Thread 85 running on hwthread 85 - Vector length 20833328 Offset 1770832880
Group: 0 Thread 86 Global Thread 86 running on hwthread 86 - Vector length 20833328 Offset 1791666208
Group: 0 Thread 87 Global Thread 87 running on hwthread 87 - Vector length 20833328 Offset 1812499536
Group: 0 Thread 88 Global Thread 88 running on hwthread 88 - Vector length 20833328 Offset 1833332864
Group: 0 Thread 89 Global Thread 89 running on hwthread 89 - Vector length 20833328 Offset 1854166192
Group: 0 Thread 90 Global Thread 90 running on hwthread 90 - Vector length 20833328 Offset 1874999520
Group: 0 Thread 91 Global Thread 91 running on hwthread 91 - Vector length 20833328 Offset 1895832848
Group: 0 Thread 92 Global Thread 92 running on hwthread 92 - Vector length 20833328 Offset 1916666176
Group: 0 Thread 93 Global Thread 93 running on hwthread 93 - Vector length 20833328 Offset 1937499504
Group: 0 Thread 94 Global Thread 94 running on hwthread 94 - Vector length 20833328 Offset 1958332832
Group: 0 Thread 95 Global Thread 95 running on hwthread 95 - Vector length 20833328 Offset 1979166160
--------------------------------------------------------------------------------
Cycles:			15722209392
CPU Clock:		2399978643
Cycle Clock:		2399978643
Time:			6.550979e+00 sec
Iterations:		4800
Iterations per thread:	50
Inner loop executions:	1302083
Size (Byte):		47999987712
Size per thread:	499999872
Number of Flops:	199999948800
MFlops/s:		30529.78
Data volume (Byte):	2399999385600
MByte/s:		366357.37
Cycles per update:	0.157222
Cycles per cacheline:	1.257777
Loads per update:	2
Stores per update:	1
Load bytes per element:	16
Store bytes per elem.:	8
Load/store ratio:	2.00
Instructions:		93749976017
UOPs:			137499964800
--------------------------------------------------------------------------------
Writing Likwid Marker API results to file /tmp/likwid_799049.txt
--------------------------------------------------------------------------------
Region bench, Group 1: MEMREAD
+-------------------+------------+------------+------------+------------+------------+------------+------------+------------+------------+------------+-------------+-------------+-------------+-------------+-------------+-------------+-------------+-------------+-------------+-------------+-------------+-------------+-------------+-------------+-------------+-------------+-------------+-------------+-------------+-------------+-------------+-------------+-------------+-------------+-------------+-------------+-------------+-------------+-------------+-------------+-------------+-------------+-------------+-------------+-------------+-------------+-------------+-------------+-------------+-------------+-------------+-------------+-------------+-------------+-------------+-------------+-------------+-------------+-------------+-------------+-------------+-------------+-------------+-------------+-------------+-------------+-------------+-------------+-------------+-------------+-------------+-------------+-------------+-------------+-------------+-------------+-------------+-------------+-------------+-------------+-------------+-------------+-------------+-------------+-------------+-------------+-------------+-------------+-------------+-------------+-------------+-------------+-------------+-------------+-------------+-------------+
|    Region Info    | HWThread 0 | HWThread 1 | HWThread 2 | HWThread 3 | HWThread 4 | HWThread 5 | HWThread 6 | HWThread 7 | HWThread 8 | HWThread 9 | HWThread 10 | HWThread 11 | HWThread 12 | HWThread 13 | HWThread 14 | HWThread 15 | HWThread 16 | HWThread 17 | HWThread 18 | HWThread 19 | HWThread 20 | HWThread 21 | HWThread 22 | HWThread 23 | HWThread 24 | HWThread 25 | HWThread 26 | HWThread 27 | HWThread 28 | HWThread 29 | HWThread 30 | HWThread 31 | HWThread 32 | HWThread 33 | HWThread 34 | HWThread 35 | HWThread 36 | HWThread 37 | HWThread 38 | HWThread 39 | HWThread 40 | HWThread 41 | HWThread 42 | HWThread 43 | HWThread 44 | HWThread 45 | HWThread 46 | HWThread 47 | HWThread 48 | HWThread 49 | HWThread 50 | HWThread 51 | HWThread 52 | HWThread 53 | HWThread 54 | HWThread 55 | HWThread 56 | HWThread 57 | HWThread 58 | HWThread 59 | HWThread 60 | HWThread 61 | HWThread 62 | HWThread 63 | HWThread 64 | HWThread 65 | HWThread 66 | HWThread 67 | HWThread 68 | HWThread 69 | HWThread 70 | HWThread 71 | HWThread 72 | HWThread 73 | HWThread 74 | HWThread 75 | HWThread 76 | HWThread 77 | HWThread 78 | HWThread 79 | HWThread 80 | HWThread 81 | HWThread 82 | HWThread 83 | HWThread 84 | HWThread 85 | HWThread 86 | HWThread 87 | HWThread 88 | HWThread 89 | HWThread 90 | HWThread 91 | HWThread 92 | HWThread 93 | HWThread 94 | HWThread 95 |
+-------------------+------------+------------+------------+------------+------------+------------+------------+------------+------------+------------+-------------+-------------+-------------+-------------+-------------+-------------+-------------+-------------+-------------+-------------+-------------+-------------+-------------+-------------+-------------+-------------+-------------+-------------+-------------+-------------+-------------+-------------+-------------+-------------+-------------+-------------+-------------+-------------+-------------+-------------+-------------+-------------+-------------+-------------+-------------+-------------+-------------+-------------+-------------+-------------+-------------+-------------+-------------+-------------+-------------+-------------+-------------+-------------+-------------+-------------+-------------+-------------+-------------+-------------+-------------+-------------+-------------+-------------+-------------+-------------+-------------+-------------+-------------+-------------+-------------+-------------+-------------+-------------+-------------+-------------+-------------+-------------+-------------+-------------+-------------+-------------+-------------+-------------+-------------+-------------+-------------+-------------+-------------+-------------+-------------+-------------+
| RDTSC Runtime [s] |   6.550350 |   6.550647 |   6.550631 |   6.550748 |   6.550819 |   6.550802 |   6.550638 |   6.550801 |   6.550670 |   6.550662 |    6.550808 |    6.550808 |    6.550637 |    6.550657 |    6.550669 |    6.550628 |    6.550761 |    6.550980 |    6.550774 |    6.550981 |    6.550770 |    6.550980 |    6.550767 |    6.550903 |    6.550613 |    6.550657 |    6.550639 |    6.550651 |    6.550684 |    6.550653 |    6.550716 |    6.550683 |    6.550822 |    6.550655 |    6.550762 |    6.550698 |    6.550788 |    6.550761 |    6.550651 |    6.550635 |    6.550657 |    6.550681 |    6.550659 |    6.550780 |    6.550820 |    6.550682 |    6.550612 |    6.550781 |    6.550767 |    6.550813 |    6.550762 |    6.550623 |    6.550769 |    6.550803 |    6.550635 |    6.550793 |    6.550732 |    6.550640 |    6.550644 |    6.550646 |    6.550838 |    6.550837 |    6.550817 |    6.550819 |    6.550619 |    6.550891 |    6.550803 |    6.550892 |    6.550635 |    6.550892 |    6.550879 |    6.550890 |    6.550841 |    6.550805 |    6.550838 |    6.550839 |    6.550756 |    6.550746 |    6.550761 |    6.550827 |    6.550693 |    6.550627 |    6.550653 |    6.550583 |    6.550643 |    6.550578 |    6.550694 |    6.550660 |    6.550804 |    6.550830 |    6.550635 |    6.550806 |    6.550584 |    6.550643 |    6.550640 |    6.550577 |
|     call count    |          1 |          1 |          1 |          1 |          1 |          1 |          1 |          1 |          1 |          1 |           1 |           1 |           1 |           1 |           1 |           1 |           1 |           1 |           1 |           1 |           1 |           1 |           1 |           1 |           1 |           1 |           1 |           1 |           1 |           1 |           1 |           1 |           1 |           1 |           1 |           1 |           1 |           1 |           1 |           1 |           1 |           1 |           1 |           1 |           1 |           1 |           1 |           1 |           1 |           1 |           1 |           1 |           1 |           1 |           1 |           1 |           1 |           1 |           1 |           1 |           1 |           1 |           1 |           1 |           1 |           1 |           1 |           1 |           1 |           1 |           1 |           1 |           1 |           1 |           1 |           1 |           1 |           1 |           1 |           1 |           1 |           1 |           1 |           1 |           1 |           1 |           1 |           1 |           1 |           1 |           1 |           1 |           1 |           1 |           1 |           1 |
+-------------------+------------+------------+------------+------------+------------+------------+------------+------------+------------+------------+-------------+-------------+-------------+-------------+-------------+-------------+-------------+-------------+-------------+-------------+-------------+-------------+-------------+-------------+-------------+-------------+-------------+-------------+-------------+-------------+-------------+-------------+-------------+-------------+-------------+-------------+-------------+-------------+-------------+-------------+-------------+-------------+-------------+-------------+-------------+-------------+-------------+-------------+-------------+-------------+-------------+-------------+-------------+-------------+-------------+-------------+-------------+-------------+-------------+-------------+-------------+-------------+-------------+-------------+-------------+-------------+-------------+-------------+-------------+-------------+-------------+-------------+-------------+-------------+-------------+-------------+-------------+-------------+-------------+-------------+-------------+-------------+-------------+-------------+-------------+-------------+-------------+-------------+-------------+-------------+-------------+-------------+-------------+-------------+-------------+-------------+

+-----------------------------+---------+-------------+-------------+-------------+-------------+-------------+-------------+-------------+-------------+-------------+-------------+-------------+-------------+-------------+-------------+-------------+-------------+-------------+-------------+-------------+-------------+-------------+-------------+-------------+-------------+-------------+-------------+-------------+-------------+-------------+-------------+-------------+-------------+-------------+-------------+-------------+-------------+-------------+-------------+-------------+-------------+-------------+-------------+-------------+-------------+-------------+-------------+-------------+-------------+-------------+-------------+-------------+-------------+-------------+-------------+-------------+-------------+-------------+-------------+-------------+-------------+-------------+-------------+-------------+-------------+-------------+-------------+-------------+-------------+-------------+-------------+-------------+-------------+-------------+-------------+-------------+-------------+-------------+-------------+-------------+-------------+-------------+-------------+-------------+-------------+-------------+-------------+-------------+-------------+-------------+-------------+-------------+-------------+-------------+-------------+-------------+-------------+
|            Event            | Counter |  HWThread 0 |  HWThread 1 |  HWThread 2 |  HWThread 3 |  HWThread 4 |  HWThread 5 |  HWThread 6 |  HWThread 7 |  HWThread 8 |  HWThread 9 | HWThread 10 | HWThread 11 | HWThread 12 | HWThread 13 | HWThread 14 | HWThread 15 | HWThread 16 | HWThread 17 | HWThread 18 | HWThread 19 | HWThread 20 | HWThread 21 | HWThread 22 | HWThread 23 | HWThread 24 | HWThread 25 | HWThread 26 | HWThread 27 | HWThread 28 | HWThread 29 | HWThread 30 | HWThread 31 | HWThread 32 | HWThread 33 | HWThread 34 | HWThread 35 | HWThread 36 | HWThread 37 | HWThread 38 | HWThread 39 | HWThread 40 | HWThread 41 | HWThread 42 | HWThread 43 | HWThread 44 | HWThread 45 | HWThread 46 | HWThread 47 | HWThread 48 | HWThread 49 | HWThread 50 | HWThread 51 | HWThread 52 | HWThread 53 | HWThread 54 | HWThread 55 | HWThread 56 | HWThread 57 | HWThread 58 | HWThread 59 | HWThread 60 | HWThread 61 | HWThread 62 | HWThread 63 | HWThread 64 | HWThread 65 | HWThread 66 | HWThread 67 | HWThread 68 | HWThread 69 | HWThread 70 | HWThread 71 | HWThread 72 | HWThread 73 | HWThread 74 | HWThread 75 | HWThread 76 | HWThread 77 | HWThread 78 | HWThread 79 | HWThread 80 | HWThread 81 | HWThread 82 | HWThread 83 | HWThread 84 | HWThread 85 | HWThread 86 | HWThread 87 | HWThread 88 | HWThread 89 | HWThread 90 | HWThread 91 | HWThread 92 | HWThread 93 | HWThread 94 | HWThread 95 |
+-----------------------------+---------+-------------+-------------+-------------+-------------+-------------+-------------+-------------+-------------+-------------+-------------+-------------+-------------+-------------+-------------+-------------+-------------+-------------+-------------+-------------+-------------+-------------+-------------+-------------+-------------+-------------+-------------+-------------+-------------+-------------+-------------+-------------+-------------+-------------+-------------+-------------+-------------+-------------+-------------+-------------+-------------+-------------+-------------+-------------+-------------+-------------+-------------+-------------+-------------+-------------+-------------+-------------+-------------+-------------+-------------+-------------+-------------+-------------+-------------+-------------+-------------+-------------+-------------+-------------+-------------+-------------+-------------+-------------+-------------+-------------+-------------+-------------+-------------+-------------+-------------+-------------+-------------+-------------+-------------+-------------+-------------+-------------+-------------+-------------+-------------+-------------+-------------+-------------+-------------+-------------+-------------+-------------+-------------+-------------+-------------+-------------+-------------+
|       ACTUAL_CPU_CLOCK      |  FIXC1  | 24239410000 | 24239790000 | 24239800000 | 24239790000 | 24239800000 | 24239460000 | 24239800000 | 24239790000 | 24239240000 | 24239250000 | 24239260000 | 24239280000 | 24239310000 | 24239250000 | 24239270000 | 24239380000 | 24239380000 | 24239390000 | 24239380000 | 24239450000 | 24239410000 | 24239400000 | 24239380000 | 24239450000 | 24239330000 | 24239340000 | 24239320000 | 24239290000 | 24239320000 | 24239340000 | 24239340000 | 24239360000 | 24239210000 | 24239430000 | 24239200000 | 24239340000 | 24239200000 | 24239080000 | 24239470000 | 24239330000 | 24239220000 | 24239000000 | 24238970000 | 24239600000 | 24239650000 | 24239320000 | 24238940000 | 24239260000 | 24239770000 | 24239270000 | 24239450000 | 24239300000 | 24239490000 | 24239610000 | 24239460000 | 24239810000 | 24239210000 | 24239730000 | 24239740000 | 24239690000 | 24239360000 | 24239690000 | 24239600000 | 24239680000 | 24239950000 | 24239970000 | 24239660000 | 24239660000 | 24239600000 | 24239660000 | 24239950000 | 24239980000 | 24239270000 | 24239260000 | 24239300000 | 24239400000 | 24239330000 | 24239350000 | 24239370000 | 24239350000 | 24238930000 | 24239260000 | 24238880000 | 24238970000 | 24239050000 | 24239190000 | 24238890000 | 24239250000 | 24239590000 | 24239600000 | 24239150000 | 24239550000 | 24238670000 | 24239560000 | 24239580000 | 24238850000 |
|        MAX_CPU_CLOCK        |  FIXC2  | 15722790000 | 15722910000 | 15723200000 | 15722990000 | 15723010000 | 15722800000 | 15722900000 | 15723200000 | 15722640000 | 15722640000 | 15722740000 | 15722740000 | 15722620000 | 15722640000 | 15722640000 | 15722760000 | 15723220000 | 15723240000 | 15723210000 | 15723280000 | 15723260000 | 15723230000 | 15723210000 | 15723240000 | 15722650000 | 15722660000 | 15722660000 | 15722780000 | 15722650000 | 15722650000 | 15722660000 | 15722670000 | 15722730000 | 15722790000 | 15722720000 | 15722780000 | 15722720000 | 15722700000 | 15722930000 | 15722780000 | 15722740000 | 15722600000 | 15722550000 | 15723160000 | 15723170000 | 15722990000 | 15722390000 | 15722750000 | 15723000000 | 15722750000 | 15722790000 | 15722670000 | 15722800000 | 15722990000 | 15722700000 | 15723210000 | 15722740000 | 15723000000 | 15723180000 | 15722940000 | 15722790000 | 15723090000 | 15723160000 | 15723160000 | 15723150000 | 15723370000 | 15722750000 | 15722980000 | 15722740000 | 15722970000 | 15723170000 | 15723360000 | 15722750000 | 15722760000 | 15722770000 | 15722810000 | 15722760000 | 15722790000 | 15722770000 | 15722790000 | 15722580000 | 15722760000 | 15722510000 | 15722560000 | 15722680000 | 15722660000 | 15722540000 | 15722710000 | 15723150000 | 15722950000 | 15722640000 | 15722930000 | 15722450000 | 15723140000 | 15723140000 | 15722490000 |
|     RETIRED_INSTRUCTIONS    |   PMC0  |   978999000 |   982297900 |   978877300 |   977227000 |   977614100 |   977453900 |   976580100 |   976695100 |  1075292000 |  1077813000 |  1070160000 |  1071310000 |  1068157000 |  1069006000 |  1067218000 |  1067341000 |  1028481000 |  1028885000 |  1026299000 |  1024411000 |  1023324000 |  1023251000 |  1022634000 |  1022485000 |  1015276000 |  1016516000 |  1013734000 |  1013641000 |  1012215000 |  1012743000 |  1012020000 |  1011761000 |  1092568000 |  1088767000 |  1088337000 |  1086645000 |  1085626000 |  1086859000 |  1084595000 |  1083403000 |  1034563000 |  1033976000 |  1029383000 |  1029537000 |  1028327000 |  1028374000 |  1027346000 |  1027252000 |  1007602000 |  1008780000 |  1004567000 |  1005015000 |  1003272000 |  1003385000 |  1002492000 |  1002892000 |  1073767000 |  1074068000 |  1071089000 |  1071147000 |  1068299000 |  1068929000 |  1067424000 |  1067308000 |  1000503000 |   999959200 |   997871600 |   997588500 |   995926200 |   996087300 |   995165500 |   995107100 |   998194800 |   999501700 |   996966700 |   994085200 |   994376200 |   994977200 |   993602700 |   993612300 |  1090531000 |  1090970000 |  1088650000 |  1090423000 |  1085758000 |  1087163000 |  1085908000 |  1085767000 |  1042912000 |  1043633000 |  1040528000 |  1040918000 |  1038666000 |  1038026000 |  1037593000 |  1037887000 |
|     CPU_CLOCKS_UNHALTED     |   PMC1  | 24064820000 | 24076860000 | 24074860000 | 24071400000 | 24078230000 | 24078490000 | 24074080000 | 24073060000 | 24079050000 | 24078660000 | 24080610000 | 24084010000 | 24079470000 | 24082720000 | 24081090000 | 24082440000 | 24078940000 | 24079750000 | 24080260000 | 24075030000 | 24078430000 | 24080350000 | 24079920000 | 24078220000 | 24079190000 | 24080100000 | 24079070000 | 24080800000 | 24079670000 | 24079260000 | 24080080000 | 24079350000 | 24083510000 | 24081830000 | 24083420000 | 24084420000 | 24082340000 | 24082060000 | 24083580000 | 24062690000 | 24079950000 | 24079200000 | 24079330000 | 24079950000 | 24079770000 | 24079200000 | 24079500000 | 24080120000 | 24078700000 | 24079770000 | 24079260000 | 24083460000 | 24079800000 | 24080040000 | 24078280000 | 24083730000 | 24080140000 | 24081200000 | 24079460000 | 24083100000 | 24080580000 | 24082630000 | 24080170000 | 24080180000 | 24080260000 | 24077930000 | 24078210000 | 24079950000 | 24080820000 | 24079790000 | 24078680000 | 24078450000 | 24073430000 | 24075080000 | 24079120000 | 24079040000 | 24079160000 | 24078230000 | 24078340000 | 24078200000 | 24081620000 | 24082780000 | 24083110000 | 24082760000 | 24082910000 | 24082480000 | 24082900000 | 24085220000 | 24081550000 | 24077630000 | 24081790000 | 24078710000 | 24082240000 | 24077520000 | 24079240000 | 24077300000 |
|  DRAM_READS_LOCAL_CHANNEL_0 |   DFC0  |  2083523000 |           0 |           0 |           0 |           0 |           0 |           0 |           0 |           0 |           0 |           0 |           0 |           0 |           0 |           0 |           0 |           0 |           0 |           0 |           0 |           0 |           0 |           0 |           0 |           0 |           0 |           0 |           0 |           0 |           0 |           0 |           0 |           0 |           0 |           0 |           0 |           0 |           0 |           0 |           0 |           0 |           0 |           0 |           0 |           0 |           0 |           0 |           0 |           0 |           0 |           0 |           0 |           0 |           0 |           0 |           0 |           0 |           0 |           0 |           0 |           0 |           0 |           0 |           0 |           0 |           0 |           0 |           0 |           0 |           0 |           0 |           0 |           0 |           0 |           0 |           0 |           0 |           0 |           0 |           0 |           0 |           0 |           0 |           0 |           0 |           0 |           0 |           0 |           0 |           0 |           0 |           0 |           0 |           0 |           0 |           0 |
|  DRAM_READS_LOCAL_CHANNEL_1 |   DFC1  |  2083697000 |           0 |           0 |           0 |           0 |           0 |           0 |           0 |           0 |           0 |           0 |           0 |           0 |           0 |           0 |           0 |           0 |           0 |           0 |           0 |           0 |           0 |           0 |           0 |           0 |           0 |           0 |           0 |           0 |           0 |           0 |           0 |           0 |           0 |           0 |           0 |           0 |           0 |           0 |           0 |           0 |           0 |           0 |           0 |           0 |           0 |           0 |           0 |           0 |           0 |           0 |           0 |           0 |           0 |           0 |           0 |           0 |           0 |           0 |           0 |           0 |           0 |           0 |           0 |           0 |           0 |           0 |           0 |           0 |           0 |           0 |           0 |           0 |           0 |           0 |           0 |           0 |           0 |           0 |           0 |           0 |           0 |           0 |           0 |           0 |           0 |           0 |           0 |           0 |           0 |           0 |           0 |           0 |           0 |           0 |           0 |
|  DRAM_READS_LOCAL_CHANNEL_2 |   DFC2  |  2083587000 |           0 |           0 |           0 |           0 |           0 |           0 |           0 |           0 |           0 |           0 |           0 |           0 |           0 |           0 |           0 |           0 |           0 |           0 |           0 |           0 |           0 |           0 |           0 |           0 |           0 |           0 |           0 |           0 |           0 |           0 |           0 |           0 |           0 |           0 |           0 |           0 |           0 |           0 |           0 |           0 |           0 |           0 |           0 |           0 |           0 |           0 |           0 |           0 |           0 |           0 |           0 |           0 |           0 |           0 |           0 |           0 |           0 |           0 |           0 |           0 |           0 |           0 |           0 |           0 |           0 |           0 |           0 |           0 |           0 |           0 |           0 |           0 |           0 |           0 |           0 |           0 |           0 |           0 |           0 |           0 |           0 |           0 |           0 |           0 |           0 |           0 |           0 |           0 |           0 |           0 |           0 |           0 |           0 |           0 |           0 |
|  DRAM_READS_LOCAL_CHANNEL_3 |   DFC3  |  2084146000 |           0 |           0 |           0 |           0 |           0 |           0 |           0 |           0 |           0 |           0 |           0 |           0 |           0 |           0 |           0 |           0 |           0 |           0 |           0 |           0 |           0 |           0 |           0 |           0 |           0 |           0 |           0 |           0 |           0 |           0 |           0 |           0 |           0 |           0 |           0 |           0 |           0 |           0 |           0 |           0 |           0 |           0 |           0 |           0 |           0 |           0 |           0 |           0 |           0 |           0 |           0 |           0 |           0 |           0 |           0 |           0 |           0 |           0 |           0 |           0 |           0 |           0 |           0 |           0 |           0 |           0 |           0 |           0 |           0 |           0 |           0 |           0 |           0 |           0 |           0 |           0 |           0 |           0 |           0 |           0 |           0 |           0 |           0 |           0 |           0 |           0 |           0 |           0 |           0 |           0 |           0 |           0 |           0 |           0 |           0 |
|  DRAM_READS_LOCAL_CHANNEL_4 |   DFC4  |  2084424000 |           0 |           0 |           0 |           0 |           0 |           0 |           0 |           0 |           0 |           0 |           0 |           0 |           0 |           0 |           0 |           0 |           0 |           0 |           0 |           0 |           0 |           0 |           0 |           0 |           0 |           0 |           0 |           0 |           0 |           0 |           0 |           0 |           0 |           0 |           0 |           0 |           0 |           0 |           0 |           0 |           0 |           0 |           0 |           0 |           0 |           0 |           0 |           0 |           0 |           0 |           0 |           0 |           0 |           0 |           0 |           0 |           0 |           0 |           0 |           0 |           0 |           0 |           0 |           0 |           0 |           0 |           0 |           0 |           0 |           0 |           0 |           0 |           0 |           0 |           0 |           0 |           0 |           0 |           0 |           0 |           0 |           0 |           0 |           0 |           0 |           0 |           0 |           0 |           0 |           0 |           0 |           0 |           0 |           0 |           0 |
|  DRAM_READS_LOCAL_CHANNEL_5 |   DFC5  |  2084087000 |           0 |           0 |           0 |           0 |           0 |           0 |           0 |           0 |           0 |           0 |           0 |           0 |           0 |           0 |           0 |           0 |           0 |           0 |           0 |           0 |           0 |           0 |           0 |           0 |           0 |           0 |           0 |           0 |           0 |           0 |           0 |           0 |           0 |           0 |           0 |           0 |           0 |           0 |           0 |           0 |           0 |           0 |           0 |           0 |           0 |           0 |           0 |           0 |           0 |           0 |           0 |           0 |           0 |           0 |           0 |           0 |           0 |           0 |           0 |           0 |           0 |           0 |           0 |           0 |           0 |           0 |           0 |           0 |           0 |           0 |           0 |           0 |           0 |           0 |           0 |           0 |           0 |           0 |           0 |           0 |           0 |           0 |           0 |           0 |           0 |           0 |           0 |           0 |           0 |           0 |           0 |           0 |           0 |           0 |           0 |
|  DRAM_READS_LOCAL_CHANNEL_6 |   DFC6  |  2085289000 |           0 |           0 |           0 |           0 |           0 |           0 |           0 |           0 |           0 |           0 |           0 |           0 |           0 |           0 |           0 |           0 |           0 |           0 |           0 |           0 |           0 |           0 |           0 |           0 |           0 |           0 |           0 |           0 |           0 |           0 |           0 |           0 |           0 |           0 |           0 |           0 |           0 |           0 |           0 |           0 |           0 |           0 |           0 |           0 |           0 |           0 |           0 |           0 |           0 |           0 |           0 |           0 |           0 |           0 |           0 |           0 |           0 |           0 |           0 |           0 |           0 |           0 |           0 |           0 |           0 |           0 |           0 |           0 |           0 |           0 |           0 |           0 |           0 |           0 |           0 |           0 |           0 |           0 |           0 |           0 |           0 |           0 |           0 |           0 |           0 |           0 |           0 |           0 |           0 |           0 |           0 |           0 |           0 |           0 |           0 |
|  DRAM_READS_LOCAL_CHANNEL_7 |   DFC7  |  2084868000 |           0 |           0 |           0 |           0 |           0 |           0 |           0 |           0 |           0 |           0 |           0 |           0 |           0 |           0 |           0 |           0 |           0 |           0 |           0 |           0 |           0 |           0 |           0 |           0 |           0 |           0 |           0 |           0 |           0 |           0 |           0 |           0 |           0 |           0 |           0 |           0 |           0 |           0 |           0 |           0 |           0 |           0 |           0 |           0 |           0 |           0 |           0 |           0 |           0 |           0 |           0 |           0 |           0 |           0 |           0 |           0 |           0 |           0 |           0 |           0 |           0 |           0 |           0 |           0 |           0 |           0 |           0 |           0 |           0 |           0 |           0 |           0 |           0 |           0 |           0 |           0 |           0 |           0 |           0 |           0 |           0 |           0 |           0 |           0 |           0 |           0 |           0 |           0 |           0 |           0 |           0 |           0 |           0 |           0 |           0 |
|  DRAM_READS_LOCAL_CHANNEL_8 |   DFC8  |  2085436000 |           0 |           0 |           0 |           0 |           0 |           0 |           0 |           0 |           0 |           0 |           0 |           0 |           0 |           0 |           0 |           0 |           0 |           0 |           0 |           0 |           0 |           0 |           0 |           0 |           0 |           0 |           0 |           0 |           0 |           0 |           0 |           0 |           0 |           0 |           0 |           0 |           0 |           0 |           0 |           0 |           0 |           0 |           0 |           0 |           0 |           0 |           0 |           0 |           0 |           0 |           0 |           0 |           0 |           0 |           0 |           0 |           0 |           0 |           0 |           0 |           0 |           0 |           0 |           0 |           0 |           0 |           0 |           0 |           0 |           0 |           0 |           0 |           0 |           0 |           0 |           0 |           0 |           0 |           0 |           0 |           0 |           0 |           0 |           0 |           0 |           0 |           0 |           0 |           0 |           0 |           0 |           0 |           0 |           0 |           0 |
|  DRAM_READS_LOCAL_CHANNEL_9 |   DFC9  |  2084353000 |           0 |           0 |           0 |           0 |           0 |           0 |           0 |           0 |           0 |           0 |           0 |           0 |           0 |           0 |           0 |           0 |           0 |           0 |           0 |           0 |           0 |           0 |           0 |           0 |           0 |           0 |           0 |           0 |           0 |           0 |           0 |           0 |           0 |           0 |           0 |           0 |           0 |           0 |           0 |           0 |           0 |           0 |           0 |           0 |           0 |           0 |           0 |           0 |           0 |           0 |           0 |           0 |           0 |           0 |           0 |           0 |           0 |           0 |           0 |           0 |           0 |           0 |           0 |           0 |           0 |           0 |           0 |           0 |           0 |           0 |           0 |           0 |           0 |           0 |           0 |           0 |           0 |           0 |           0 |           0 |           0 |           0 |           0 |           0 |           0 |           0 |           0 |           0 |           0 |           0 |           0 |           0 |           0 |           0 |           0 |
| DRAM_READS_LOCAL_CHANNEL_10 |  DFC10  |  2084332000 |           0 |           0 |           0 |           0 |           0 |           0 |           0 |           0 |           0 |           0 |           0 |           0 |           0 |           0 |           0 |           0 |           0 |           0 |           0 |           0 |           0 |           0 |           0 |           0 |           0 |           0 |           0 |           0 |           0 |           0 |           0 |           0 |           0 |           0 |           0 |           0 |           0 |           0 |           0 |           0 |           0 |           0 |           0 |           0 |           0 |           0 |           0 |           0 |           0 |           0 |           0 |           0 |           0 |           0 |           0 |           0 |           0 |           0 |           0 |           0 |           0 |           0 |           0 |           0 |           0 |           0 |           0 |           0 |           0 |           0 |           0 |           0 |           0 |           0 |           0 |           0 |           0 |           0 |           0 |           0 |           0 |           0 |           0 |           0 |           0 |           0 |           0 |           0 |           0 |           0 |           0 |           0 |           0 |           0 |           0 |
| DRAM_READS_LOCAL_CHANNEL_11 |  DFC11  |  2084296000 |           0 |           0 |           0 |           0 |           0 |           0 |           0 |           0 |           0 |           0 |           0 |           0 |           0 |           0 |           0 |           0 |           0 |           0 |           0 |           0 |           0 |           0 |           0 |           0 |           0 |           0 |           0 |           0 |           0 |           0 |           0 |           0 |           0 |           0 |           0 |           0 |           0 |           0 |           0 |           0 |           0 |           0 |           0 |           0 |           0 |           0 |           0 |           0 |           0 |           0 |           0 |           0 |           0 |           0 |           0 |           0 |           0 |           0 |           0 |           0 |           0 |           0 |           0 |           0 |           0 |           0 |           0 |           0 |           0 |           0 |           0 |           0 |           0 |           0 |           0 |           0 |           0 |           0 |           0 |           0 |           0 |           0 |           0 |           0 |           0 |           0 |           0 |           0 |           0 |           0 |           0 |           0 |           0 |           0 |           0 |
+-----------------------------+---------+-------------+-------------+-------------+-------------+-------------+-------------+-------------+-------------+-------------+-------------+-------------+-------------+-------------+-------------+-------------+-------------+-------------+-------------+-------------+-------------+-------------+-------------+-------------+-------------+-------------+-------------+-------------+-------------+-------------+-------------+-------------+-------------+-------------+-------------+-------------+-------------+-------------+-------------+-------------+-------------+-------------+-------------+-------------+-------------+-------------+-------------+-------------+-------------+-------------+-------------+-------------+-------------+-------------+-------------+-------------+-------------+-------------+-------------+-------------+-------------+-------------+-------------+-------------+-------------+-------------+-------------+-------------+-------------+-------------+-------------+-------------+-------------+-------------+-------------+-------------+-------------+-------------+-------------+-------------+-------------+-------------+-------------+-------------+-------------+-------------+-------------+-------------+-------------+-------------+-------------+-------------+-------------+-------------+-------------+-------------+-------------+

+----------------------------------+---------+---------------+-------------+-------------+--------------+
|               Event              | Counter |      Sum      |     Min     |     Max     |      Avg     |
+----------------------------------+---------+---------------+-------------+-------------+--------------+
|       ACTUAL_CPU_CLOCK STAT      |  FIXC1  | 2326982870000 | 24238670000 | 24239980000 | 2.423940e+10 |
|        MAX_CPU_CLOCK STAT        |  FIXC2  | 1509394540000 | 15722390000 | 15723370000 | 1.572286e+10 |
|     RETIRED_INSTRUCTIONS STAT    |   PMC0  |   99204169600 |   976580100 |  1092568000 | 1.033377e+09 |
|     CPU_CLOCKS_UNHALTED STAT     |   PMC1  | 2311634090000 | 24062690000 | 24085220000 | 2.407952e+10 |
|  DRAM_READS_LOCAL_CHANNEL_0 STAT |   DFC0  |    2083523000 |           0 |  2083523000 | 2.170336e+07 |
|  DRAM_READS_LOCAL_CHANNEL_1 STAT |   DFC1  |    2083697000 |           0 |  2083697000 | 2.170518e+07 |
|  DRAM_READS_LOCAL_CHANNEL_2 STAT |   DFC2  |    2083587000 |           0 |  2083587000 | 2.170403e+07 |
|  DRAM_READS_LOCAL_CHANNEL_3 STAT |   DFC3  |    2084146000 |           0 |  2084146000 | 2.170985e+07 |
|  DRAM_READS_LOCAL_CHANNEL_4 STAT |   DFC4  |    2084424000 |           0 |  2084424000 |     21712750 |
|  DRAM_READS_LOCAL_CHANNEL_5 STAT |   DFC5  |    2084087000 |           0 |  2084087000 | 2.170924e+07 |
|  DRAM_READS_LOCAL_CHANNEL_6 STAT |   DFC6  |    2085289000 |           0 |  2085289000 | 2.172176e+07 |
|  DRAM_READS_LOCAL_CHANNEL_7 STAT |   DFC7  |    2084868000 |           0 |  2084868000 |     21717375 |
|  DRAM_READS_LOCAL_CHANNEL_8 STAT |   DFC8  |    2085436000 |           0 |  2085436000 | 2.172329e+07 |
|  DRAM_READS_LOCAL_CHANNEL_9 STAT |   DFC9  |    2084353000 |           0 |  2084353000 | 2.171201e+07 |
| DRAM_READS_LOCAL_CHANNEL_10 STAT |  DFC10  |    2084332000 |           0 |  2084332000 | 2.171179e+07 |
| DRAM_READS_LOCAL_CHANNEL_11 STAT |  DFC11  |    2084296000 |           0 |  2084296000 | 2.171142e+07 |
+----------------------------------+---------+---------------+-------------+-------------+--------------+

+----------------------------------+-------------+------------+------------+------------+------------+------------+------------+------------+------------+------------+-------------+-------------+-------------+-------------+-------------+-------------+-------------+-------------+-------------+-------------+-------------+-------------+-------------+-------------+-------------+-------------+-------------+-------------+-------------+-------------+-------------+-------------+-------------+-------------+-------------+-------------+-------------+-------------+-------------+-------------+-------------+-------------+-------------+-------------+-------------+-------------+-------------+-------------+-------------+-------------+-------------+-------------+-------------+-------------+-------------+-------------+-------------+-------------+-------------+-------------+-------------+-------------+-------------+-------------+-------------+-------------+-------------+-------------+-------------+-------------+-------------+-------------+-------------+-------------+-------------+-------------+-------------+-------------+-------------+-------------+-------------+-------------+-------------+-------------+-------------+-------------+-------------+-------------+-------------+-------------+-------------+-------------+-------------+-------------+-------------+-------------+
|              Metric              |  HWThread 0 | HWThread 1 | HWThread 2 | HWThread 3 | HWThread 4 | HWThread 5 | HWThread 6 | HWThread 7 | HWThread 8 | HWThread 9 | HWThread 10 | HWThread 11 | HWThread 12 | HWThread 13 | HWThread 14 | HWThread 15 | HWThread 16 | HWThread 17 | HWThread 18 | HWThread 19 | HWThread 20 | HWThread 21 | HWThread 22 | HWThread 23 | HWThread 24 | HWThread 25 | HWThread 26 | HWThread 27 | HWThread 28 | HWThread 29 | HWThread 30 | HWThread 31 | HWThread 32 | HWThread 33 | HWThread 34 | HWThread 35 | HWThread 36 | HWThread 37 | HWThread 38 | HWThread 39 | HWThread 40 | HWThread 41 | HWThread 42 | HWThread 43 | HWThread 44 | HWThread 45 | HWThread 46 | HWThread 47 | HWThread 48 | HWThread 49 | HWThread 50 | HWThread 51 | HWThread 52 | HWThread 53 | HWThread 54 | HWThread 55 | HWThread 56 | HWThread 57 | HWThread 58 | HWThread 59 | HWThread 60 | HWThread 61 | HWThread 62 | HWThread 63 | HWThread 64 | HWThread 65 | HWThread 66 | HWThread 67 | HWThread 68 | HWThread 69 | HWThread 70 | HWThread 71 | HWThread 72 | HWThread 73 | HWThread 74 | HWThread 75 | HWThread 76 | HWThread 77 | HWThread 78 | HWThread 79 | HWThread 80 | HWThread 81 | HWThread 82 | HWThread 83 | HWThread 84 | HWThread 85 | HWThread 86 | HWThread 87 | HWThread 88 | HWThread 89 | HWThread 90 | HWThread 91 | HWThread 92 | HWThread 93 | HWThread 94 | HWThread 95 |
+----------------------------------+-------------+------------+------------+------------+------------+------------+------------+------------+------------+------------+-------------+-------------+-------------+-------------+-------------+-------------+-------------+-------------+-------------+-------------+-------------+-------------+-------------+-------------+-------------+-------------+-------------+-------------+-------------+-------------+-------------+-------------+-------------+-------------+-------------+-------------+-------------+-------------+-------------+-------------+-------------+-------------+-------------+-------------+-------------+-------------+-------------+-------------+-------------+-------------+-------------+-------------+-------------+-------------+-------------+-------------+-------------+-------------+-------------+-------------+-------------+-------------+-------------+-------------+-------------+-------------+-------------+-------------+-------------+-------------+-------------+-------------+-------------+-------------+-------------+-------------+-------------+-------------+-------------+-------------+-------------+-------------+-------------+-------------+-------------+-------------+-------------+-------------+-------------+-------------+-------------+-------------+-------------+-------------+-------------+-------------+
|        Runtime (RDTSC) [s]       |      6.5503 |     6.5506 |     6.5506 |     6.5507 |     6.5508 |     6.5508 |     6.5506 |     6.5508 |     6.5507 |     6.5507 |      6.5508 |      6.5508 |      6.5506 |      6.5507 |      6.5507 |      6.5506 |      6.5508 |      6.5510 |      6.5508 |      6.5510 |      6.5508 |      6.5510 |      6.5508 |      6.5509 |      6.5506 |      6.5507 |      6.5506 |      6.5507 |      6.5507 |      6.5507 |      6.5507 |      6.5507 |      6.5508 |      6.5507 |      6.5508 |      6.5507 |      6.5508 |      6.5508 |      6.5507 |      6.5506 |      6.5507 |      6.5507 |      6.5507 |      6.5508 |      6.5508 |      6.5507 |      6.5506 |      6.5508 |      6.5508 |      6.5508 |      6.5508 |      6.5506 |      6.5508 |      6.5508 |      6.5506 |      6.5508 |      6.5507 |      6.5506 |      6.5506 |      6.5506 |      6.5508 |      6.5508 |      6.5508 |      6.5508 |      6.5506 |      6.5509 |      6.5508 |      6.5509 |      6.5506 |      6.5509 |      6.5509 |      6.5509 |      6.5508 |      6.5508 |      6.5508 |      6.5508 |      6.5508 |      6.5507 |      6.5508 |      6.5508 |      6.5507 |      6.5506 |      6.5507 |      6.5506 |      6.5506 |      6.5506 |      6.5507 |      6.5507 |      6.5508 |      6.5508 |      6.5506 |      6.5508 |      6.5506 |      6.5506 |      6.5506 |      6.5506 |
|       Runtime unhalted [s]       |     10.0998 |    10.1000 |    10.1000 |    10.1000 |    10.1000 |    10.0999 |    10.1000 |    10.1000 |    10.0998 |    10.0998 |     10.0998 |     10.0998 |     10.0998 |     10.0998 |     10.0998 |     10.0998 |     10.0998 |     10.0998 |     10.0998 |     10.0998 |     10.0998 |     10.0998 |     10.0998 |     10.0998 |     10.0998 |     10.0998 |     10.0998 |     10.0998 |     10.0998 |     10.0998 |     10.0998 |     10.0998 |     10.0997 |     10.0998 |     10.0997 |     10.0998 |     10.0997 |     10.0997 |     10.0999 |     10.0998 |     10.0998 |     10.0997 |     10.0996 |     10.0999 |     10.0999 |     10.0998 |     10.0996 |     10.0998 |     10.1000 |     10.0998 |     10.0998 |     10.0998 |     10.0999 |     10.0999 |     10.0999 |     10.1000 |     10.0997 |     10.1000 |     10.1000 |     10.0999 |     10.0998 |     10.0999 |     10.0999 |     10.0999 |     10.1001 |     10.1001 |     10.0999 |     10.0999 |     10.0999 |     10.0999 |     10.1001 |     10.1001 |     10.0998 |     10.0998 |     10.0998 |     10.0998 |     10.0998 |     10.0998 |     10.0998 |     10.0998 |     10.0996 |     10.0998 |     10.0996 |     10.0996 |     10.0997 |     10.0997 |     10.0996 |     10.0998 |     10.0999 |     10.0999 |     10.0997 |     10.0999 |     10.0995 |     10.0999 |     10.0999 |     10.0996 |
|            Clock [MHz]           |   3699.9888 |  3700.0185 |  3699.9518 |  3699.9997 |  3699.9965 |  3699.9941 |  3700.0224 |  3699.9503 |  3699.9981 |  3699.9997 |   3699.9776 |   3699.9807 |   3700.0135 |   3699.9997 |   3700.0027 |   3699.9913 |   3699.8830 |   3699.8798 |   3699.8854 |   3699.8796 |   3699.8782 |   3699.8837 |   3699.8854 |   3699.8890 |   3700.0095 |   3700.0087 |   3700.0056 |   3699.9728 |   3700.0080 |   3700.0110 |   3700.0087 |   3700.0094 |   3699.9724 |   3699.9918 |   3699.9732 |   3699.9804 |   3699.9732 |   3699.9596 |   3699.9650 |   3699.9789 |   3699.9715 |   3699.9709 |   3699.9781 |   3699.9307 |   3699.9360 |   3699.9280 |   3700.0112 |   3699.9753 |   3699.9943 |   3699.9768 |   3699.9949 |   3700.0002 |   3699.9986 |   3699.9722 |   3700.0176 |   3699.9510 |   3699.9700 |   3699.9882 |   3699.9474 |   3699.9962 |   3699.9811 |   3699.9609 |   3699.9307 |   3699.9429 |   3699.9865 |   3699.9378 |   3700.0364 |   3699.9822 |   3700.0295 |   3699.9846 |   3699.9818 |   3699.9417 |   3699.9768 |   3699.9729 |   3699.9767 |   3699.9825 |   3699.9836 |   3699.9796 |   3699.9874 |   3699.9796 |   3699.9649 |   3699.9729 |   3699.9738 |   3699.9757 |   3699.9597 |   3699.9858 |   3699.9682 |   3699.9832 |   3699.9315 |   3699.9801 |   3699.9844 |   3699.9772 |   3699.9558 |   3699.9293 |   3699.9324 |   3699.9739 |
|                CPI               |     24.5810 |    24.5108 |    24.5944 |    24.6324 |    24.6296 |    24.6339 |    24.6514 |    24.6475 |    22.3930 |    22.3403 |     22.5019 |     22.4809 |     22.5430 |     22.5281 |     22.5644 |     22.5630 |     23.4121 |     23.4037 |     23.4632 |     23.5013 |     23.5296 |     23.5332 |     23.5470 |     23.5487 |     23.7169 |     23.6889 |     23.7528 |     23.7567 |     23.7891 |     23.7763 |     23.7941 |     23.7994 |     22.0430 |     22.1184 |     22.1286 |     22.1640 |     22.1829 |     22.1575 |     22.2051 |     22.2103 |     23.2755 |     23.2880 |     23.3920 |     23.3891 |     23.4165 |     23.4148 |     23.4385 |     23.4413 |     23.8970 |     23.8702 |     23.9698 |     23.9633 |     24.0013 |     23.9988 |     24.0184 |     24.0143 |     22.4259 |     22.4206 |     22.4813 |     22.4835 |     22.5410 |     22.5297 |     22.5591 |     22.5616 |     24.0682 |     24.0789 |     24.1296 |     24.1382 |     24.1793 |     24.1744 |     24.1957 |     24.1968 |     24.1170 |     24.0871 |     24.1524 |     24.2223 |     24.2153 |     24.1998 |     24.2334 |     24.2330 |     22.0825 |     22.0746 |     22.1220 |     22.0857 |     22.1807 |     22.1517 |     22.1777 |     22.1827 |     23.0907 |     23.0710 |     23.1438 |     23.1322 |     23.1857 |     23.1955 |     23.2068 |     23.1984 |
| Memory read bandwidth [MBytes/s] | 244379.3739 |          0 |          0 |          0 |          0 |          0 |          0 |          0 |          0 |          0 |           0 |           0 |           0 |           0 |           0 |           0 |           0 |           0 |           0 |           0 |           0 |           0 |           0 |           0 |           0 |           0 |           0 |           0 |           0 |           0 |           0 |           0 |           0 |           0 |           0 |           0 |           0 |           0 |           0 |           0 |           0 |           0 |           0 |           0 |           0 |           0 |           0 |           0 |           0 |           0 |           0 |           0 |           0 |           0 |           0 |           0 |           0 |           0 |           0 |           0 |           0 |           0 |           0 |           0 |           0 |           0 |           0 |           0 |           0 |           0 |           0 |           0 |           0 |           0 |           0 |           0 |           0 |           0 |           0 |           0 |           0 |           0 |           0 |           0 |           0 |           0 |           0 |           0 |           0 |           0 |           0 |           0 |           0 |           0 |           0 |           0 |
| Memory read data volume [GBytes] |   1600.7704 |          0 |          0 |          0 |          0 |          0 |          0 |          0 |          0 |          0 |           0 |           0 |           0 |           0 |           0 |           0 |           0 |           0 |           0 |           0 |           0 |           0 |           0 |           0 |           0 |           0 |           0 |           0 |           0 |           0 |           0 |           0 |           0 |           0 |           0 |           0 |           0 |           0 |           0 |           0 |           0 |           0 |           0 |           0 |           0 |           0 |           0 |           0 |           0 |           0 |           0 |           0 |           0 |           0 |           0 |           0 |           0 |           0 |           0 |           0 |           0 |           0 |           0 |           0 |           0 |           0 |           0 |           0 |           0 |           0 |           0 |           0 |           0 |           0 |           0 |           0 |           0 |           0 |           0 |           0 |           0 |           0 |           0 |           0 |           0 |           0 |           0 |           0 |           0 |           0 |           0 |           0 |           0 |           0 |           0 |           0 |
+----------------------------------+-------------+------------+------------+------------+------------+------------+------------+------------+------------+------------+-------------+-------------+-------------+-------------+-------------+-------------+-------------+-------------+-------------+-------------+-------------+-------------+-------------+-------------+-------------+-------------+-------------+-------------+-------------+-------------+-------------+-------------+-------------+-------------+-------------+-------------+-------------+-------------+-------------+-------------+-------------+-------------+-------------+-------------+-------------+-------------+-------------+-------------+-------------+-------------+-------------+-------------+-------------+-------------+-------------+-------------+-------------+-------------+-------------+-------------+-------------+-------------+-------------+-------------+-------------+-------------+-------------+-------------+-------------+-------------+-------------+-------------+-------------+-------------+-------------+-------------+-------------+-------------+-------------+-------------+-------------+-------------+-------------+-------------+-------------+-------------+-------------+-------------+-------------+-------------+-------------+-------------+-------------+-------------+-------------+-------------+

+---------------------------------------+-------------+-----------+-------------+-----------+
|                 Metric                |     Sum     |    Min    |     Max     |    Avg    |
+---------------------------------------+-------------+-----------+-------------+-----------+
|        Runtime (RDTSC) [s] STAT       |    628.8701 |    6.5503 |      6.5510 |    6.5507 |
|       Runtime unhalted [s] STAT       |    969.5834 |   10.0995 |     10.1001 |   10.0998 |
|            Clock [MHz] STAT           | 355197.2708 | 3699.8782 |   3700.0364 | 3699.9716 |
|                CPI STAT               |   2239.7130 |   22.0430 |     24.6514 |   23.3303 |
| Memory read bandwidth [MBytes/s] STAT | 244379.3739 |         0 | 244379.3739 | 2545.6185 |
| Memory read data volume [GBytes] STAT |   1600.7704 |         0 |   1600.7704 |   16.6747 |
+---------------------------------------+-------------+-----------+-------------+-----------+

