INFO: You are running LIKWID in a cpuset with 192 CPUs. Taking given IDs as logical ID in cpuset
--------------------------------------------------------------------------------
CPU name:	AMD EPYC 9654 96-Core Processor                
CPU type:	AMD K19 (Zen4) architecture
CPU clock:	2.40 GHz
--------------------------------------------------------------------------------
Warning: Sanitizing vector length to a multiple of the loop stride 16 and thread count 96 from 2000000000 elements (16000000000 bytes) to 1999999488 elements (15999995904 bytes)
Allocate: Process running on hwthread 0 (Domain N) - Vector length 1999999488/15999995904 Offset 0 Alignment 512
Allocate: Process running on hwthread 0 (Domain N) - Vector length 1999999488/15999995904 Offset 0 Alignment 512
Allocate: Process running on hwthread 0 (Domain N) - Vector length 1999999488/15999995904 Offset 0 Alignment 512
Initialization: Each thread in domain initializes its own stream chunks
--------------------------------------------------------------------------------
LIKWID MICRO BENCHMARK
Test: stream_mem_avx_fma
--------------------------------------------------------------------------------
Using 1 work groups
Using 96 threads
--------------------------------------------------------------------------------
Using Likwid Marker API
--------------------------------------------------------------------------------
Group: 0 Thread 0 Global Thread 0 running on hwthread 0 - Vector length 20833328 Offset 0
Group: 0 Thread 1 Global Thread 1 running on hwthread 1 - Vector length 20833328 Offset 20833328
Group: 0 Thread 2 Global Thread 2 running on hwthread 2 - Vector length 20833328 Offset 41666656
Group: 0 Thread 3 Global Thread 3 running on hwthread 3 - Vector length 20833328 Offset 62499984
Group: 0 Thread 4 Global Thread 4 running on hwthread 4 - Vector length 20833328 Offset 83333312
Group: 0 Thread 5 Global Thread 5 running on hwthread 5 - Vector length 20833328 Offset 104166640
Group: 0 Thread 6 Global Thread 6 running on hwthread 6 - Vector length 20833328 Offset 124999968
Group: 0 Thread 7 Global Thread 7 running on hwthread 7 - Vector length 20833328 Offset 145833296
Group: 0 Thread 8 Global Thread 8 running on hwthread 8 - Vector length 20833328 Offset 166666624
Group: 0 Thread 9 Global Thread 9 running on hwthread 9 - Vector length 20833328 Offset 187499952
Group: 0 Thread 10 Global Thread 10 running on hwthread 10 - Vector length 20833328 Offset 208333280
Group: 0 Thread 11 Global Thread 11 running on hwthread 11 - Vector length 20833328 Offset 229166608
Group: 0 Thread 12 Global Thread 12 running on hwthread 12 - Vector length 20833328 Offset 249999936
Group: 0 Thread 13 Global Thread 13 running on hwthread 13 - Vector length 20833328 Offset 270833264
Group: 0 Thread 14 Global Thread 14 running on hwthread 14 - Vector length 20833328 Offset 291666592
Group: 0 Thread 15 Global Thread 15 running on hwthread 15 - Vector length 20833328 Offset 312499920
Group: 0 Thread 16 Global Thread 16 running on hwthread 16 - Vector length 20833328 Offset 333333248
Group: 0 Thread 17 Global Thread 17 running on hwthread 17 - Vector length 20833328 Offset 354166576
Group: 0 Thread 18 Global Thread 18 running on hwthread 18 - Vector length 20833328 Offset 374999904
Group: 0 Thread 19 Global Thread 19 running on hwthread 19 - Vector length 20833328 Offset 395833232
Group: 0 Thread 20 Global Thread 20 running on hwthread 20 - Vector length 20833328 Offset 416666560
Group: 0 Thread 21 Global Thread 21 running on hwthread 21 - Vector length 20833328 Offset 437499888
Group: 0 Thread 22 Global Thread 22 running on hwthread 22 - Vector length 20833328 Offset 458333216
Group: 0 Thread 23 Global Thread 23 running on hwthread 23 - Vector length 20833328 Offset 479166544
Group: 0 Thread 24 Global Thread 24 running on hwthread 24 - Vector length 20833328 Offset 499999872
Group: 0 Thread 25 Global Thread 25 running on hwthread 25 - Vector length 20833328 Offset 520833200
Group: 0 Thread 26 Global Thread 26 running on hwthread 26 - Vector length 20833328 Offset 541666528
Group: 0 Thread 27 Global Thread 27 running on hwthread 27 - Vector length 20833328 Offset 562499856
Group: 0 Thread 28 Global Thread 28 running on hwthread 28 - Vector length 20833328 Offset 583333184
Group: 0 Thread 29 Global Thread 29 running on hwthread 29 - Vector length 20833328 Offset 604166512
Group: 0 Thread 30 Global Thread 30 running on hwthread 30 - Vector length 20833328 Offset 624999840
Group: 0 Thread 31 Global Thread 31 running on hwthread 31 - Vector length 20833328 Offset 645833168
Group: 0 Thread 32 Global Thread 32 running on hwthread 32 - Vector length 20833328 Offset 666666496
Group: 0 Thread 33 Global Thread 33 running on hwthread 33 - Vector length 20833328 Offset 687499824
Group: 0 Thread 34 Global Thread 34 running on hwthread 34 - Vector length 20833328 Offset 708333152
Group: 0 Thread 35 Global Thread 35 running on hwthread 35 - Vector length 20833328 Offset 729166480
Group: 0 Thread 36 Global Thread 36 running on hwthread 36 - Vector length 20833328 Offset 749999808
Group: 0 Thread 37 Global Thread 37 running on hwthread 37 - Vector length 20833328 Offset 770833136
Group: 0 Thread 38 Global Thread 38 running on hwthread 38 - Vector length 20833328 Offset 791666464
Group: 0 Thread 39 Global Thread 39 running on hwthread 39 - Vector length 20833328 Offset 812499792
Group: 0 Thread 40 Global Thread 40 running on hwthread 40 - Vector length 20833328 Offset 833333120
Group: 0 Thread 41 Global Thread 41 running on hwthread 41 - Vector length 20833328 Offset 854166448
Group: 0 Thread 42 Global Thread 42 running on hwthread 42 - Vector length 20833328 Offset 874999776
Group: 0 Thread 43 Global Thread 43 running on hwthread 43 - Vector length 20833328 Offset 895833104
Group: 0 Thread 44 Global Thread 44 running on hwthread 44 - Vector length 20833328 Offset 916666432
Group: 0 Thread 45 Global Thread 45 running on hwthread 45 - Vector length 20833328 Offset 937499760
Group: 0 Thread 46 Global Thread 46 running on hwthread 46 - Vector length 20833328 Offset 958333088
Group: 0 Thread 47 Global Thread 47 running on hwthread 47 - Vector length 20833328 Offset 979166416
Group: 0 Thread 48 Global Thread 48 running on hwthread 48 - Vector length 20833328 Offset 999999744
Group: 0 Thread 49 Global Thread 49 running on hwthread 49 - Vector length 20833328 Offset 1020833072
Group: 0 Thread 50 Global Thread 50 running on hwthread 50 - Vector length 20833328 Offset 1041666400
Group: 0 Thread 51 Global Thread 51 running on hwthread 51 - Vector length 20833328 Offset 1062499728
Group: 0 Thread 52 Global Thread 52 running on hwthread 52 - Vector length 20833328 Offset 1083333056
Group: 0 Thread 53 Global Thread 53 running on hwthread 53 - Vector length 20833328 Offset 1104166384
Group: 0 Thread 54 Global Thread 54 running on hwthread 54 - Vector length 20833328 Offset 1124999712
Group: 0 Thread 55 Global Thread 55 running on hwthread 55 - Vector length 20833328 Offset 1145833040
Group: 0 Thread 56 Global Thread 56 running on hwthread 56 - Vector length 20833328 Offset 1166666368
Group: 0 Thread 57 Global Thread 57 running on hwthread 57 - Vector length 20833328 Offset 1187499696
Group: 0 Thread 58 Global Thread 58 running on hwthread 58 - Vector length 20833328 Offset 1208333024
Group: 0 Thread 59 Global Thread 59 running on hwthread 59 - Vector length 20833328 Offset 1229166352
Group: 0 Thread 60 Global Thread 60 running on hwthread 60 - Vector length 20833328 Offset 1249999680
Group: 0 Thread 61 Global Thread 61 running on hwthread 61 - Vector length 20833328 Offset 1270833008
Group: 0 Thread 62 Global Thread 62 running on hwthread 62 - Vector length 20833328 Offset 1291666336
Group: 0 Thread 63 Global Thread 63 running on hwthread 63 - Vector length 20833328 Offset 1312499664
Group: 0 Thread 64 Global Thread 64 running on hwthread 64 - Vector length 20833328 Offset 1333332992
Group: 0 Thread 65 Global Thread 65 running on hwthread 65 - Vector length 20833328 Offset 1354166320
Group: 0 Thread 66 Global Thread 66 running on hwthread 66 - Vector length 20833328 Offset 1374999648
Group: 0 Thread 67 Global Thread 67 running on hwthread 67 - Vector length 20833328 Offset 1395832976
Group: 0 Thread 68 Global Thread 68 running on hwthread 68 - Vector length 20833328 Offset 1416666304
Group: 0 Thread 69 Global Thread 69 running on hwthread 69 - Vector length 20833328 Offset 1437499632
Group: 0 Thread 70 Global Thread 70 running on hwthread 70 - Vector length 20833328 Offset 1458332960
Group: 0 Thread 71 Global Thread 71 running on hwthread 71 - Vector length 20833328 Offset 1479166288
Group: 0 Thread 72 Global Thread 72 running on hwthread 72 - Vector length 20833328 Offset 1499999616
Group: 0 Thread 73 Global Thread 73 running on hwthread 73 - Vector length 20833328 Offset 1520832944
Group: 0 Thread 74 Global Thread 74 running on hwthread 74 - Vector length 20833328 Offset 1541666272
Group: 0 Thread 75 Global Thread 75 running on hwthread 75 - Vector length 20833328 Offset 1562499600
Group: 0 Thread 76 Global Thread 76 running on hwthread 76 - Vector length 20833328 Offset 1583332928
Group: 0 Thread 77 Global Thread 77 running on hwthread 77 - Vector length 20833328 Offset 1604166256
Group: 0 Thread 78 Global Thread 78 running on hwthread 78 - Vector length 20833328 Offset 1624999584
Group: 0 Thread 79 Global Thread 79 running on hwthread 79 - Vector length 20833328 Offset 1645832912
Group: 0 Thread 80 Global Thread 80 running on hwthread 80 - Vector length 20833328 Offset 1666666240
Group: 0 Thread 81 Global Thread 81 running on hwthread 81 - Vector length 20833328 Offset 1687499568
Group: 0 Thread 82 Global Thread 82 running on hwthread 82 - Vector length 20833328 Offset 1708332896
Group: 0 Thread 83 Global Thread 83 running on hwthread 83 - Vector length 20833328 Offset 1729166224
Group: 0 Thread 84 Global Thread 84 running on hwthread 84 - Vector length 20833328 Offset 1749999552
Group: 0 Thread 85 Global Thread 85 running on hwthread 85 - Vector length 20833328 Offset 1770832880
Group: 0 Thread 86 Global Thread 86 running on hwthread 86 - Vector length 20833328 Offset 1791666208
Group: 0 Thread 87 Global Thread 87 running on hwthread 87 - Vector length 20833328 Offset 1812499536
Group: 0 Thread 88 Global Thread 88 running on hwthread 88 - Vector length 20833328 Offset 1833332864
Group: 0 Thread 89 Global Thread 89 running on hwthread 89 - Vector length 20833328 Offset 1854166192
Group: 0 Thread 90 Global Thread 90 running on hwthread 90 - Vector length 20833328 Offset 1874999520
Group: 0 Thread 91 Global Thread 91 running on hwthread 91 - Vector length 20833328 Offset 1895832848
Group: 0 Thread 92 Global Thread 92 running on hwthread 92 - Vector length 20833328 Offset 1916666176
Group: 0 Thread 93 Global Thread 93 running on hwthread 93 - Vector length 20833328 Offset 1937499504
Group: 0 Thread 94 Global Thread 94 running on hwthread 94 - Vector length 20833328 Offset 1958332832
Group: 0 Thread 95 Global Thread 95 running on hwthread 95 - Vector length 20833328 Offset 1979166160
--------------------------------------------------------------------------------
Cycles:			15734316264
CPU Clock:		2399975868
Cycle Clock:		2399975868
Time:			6.556031e+00 sec
Iterations:		4800
Iterations per thread:	50
Inner loop executions:	1302083
Size (Byte):		47999987712
Size per thread:	499999872
Number of Flops:	199999948800
MFlops/s:		30506.25
Data volume (Byte):	2399999385600
MByte/s:		366075.05
Cycles per update:	0.157343
Cycles per cacheline:	1.258746
Loads per update:	2
Stores per update:	1
Load bytes per element:	16
Store bytes per elem.:	8
Load/store ratio:	2.00
Instructions:		93749976017
UOPs:			137499964800
--------------------------------------------------------------------------------
Writing Likwid Marker API results to file /tmp/likwid_804806.txt
--------------------------------------------------------------------------------
Region bench, Group 1: MEMWRITE
+-------------------+------------+------------+------------+------------+------------+------------+------------+------------+------------+------------+-------------+-------------+-------------+-------------+-------------+-------------+-------------+-------------+-------------+-------------+-------------+-------------+-------------+-------------+-------------+-------------+-------------+-------------+-------------+-------------+-------------+-------------+-------------+-------------+-------------+-------------+-------------+-------------+-------------+-------------+-------------+-------------+-------------+-------------+-------------+-------------+-------------+-------------+-------------+-------------+-------------+-------------+-------------+-------------+-------------+-------------+-------------+-------------+-------------+-------------+-------------+-------------+-------------+-------------+-------------+-------------+-------------+-------------+-------------+-------------+-------------+-------------+-------------+-------------+-------------+-------------+-------------+-------------+-------------+-------------+-------------+-------------+-------------+-------------+-------------+-------------+-------------+-------------+-------------+-------------+-------------+-------------+-------------+-------------+-------------+-------------+
|    Region Info    | HWThread 0 | HWThread 1 | HWThread 2 | HWThread 3 | HWThread 4 | HWThread 5 | HWThread 6 | HWThread 7 | HWThread 8 | HWThread 9 | HWThread 10 | HWThread 11 | HWThread 12 | HWThread 13 | HWThread 14 | HWThread 15 | HWThread 16 | HWThread 17 | HWThread 18 | HWThread 19 | HWThread 20 | HWThread 21 | HWThread 22 | HWThread 23 | HWThread 24 | HWThread 25 | HWThread 26 | HWThread 27 | HWThread 28 | HWThread 29 | HWThread 30 | HWThread 31 | HWThread 32 | HWThread 33 | HWThread 34 | HWThread 35 | HWThread 36 | HWThread 37 | HWThread 38 | HWThread 39 | HWThread 40 | HWThread 41 | HWThread 42 | HWThread 43 | HWThread 44 | HWThread 45 | HWThread 46 | HWThread 47 | HWThread 48 | HWThread 49 | HWThread 50 | HWThread 51 | HWThread 52 | HWThread 53 | HWThread 54 | HWThread 55 | HWThread 56 | HWThread 57 | HWThread 58 | HWThread 59 | HWThread 60 | HWThread 61 | HWThread 62 | HWThread 63 | HWThread 64 | HWThread 65 | HWThread 66 | HWThread 67 | HWThread 68 | HWThread 69 | HWThread 70 | HWThread 71 | HWThread 72 | HWThread 73 | HWThread 74 | HWThread 75 | HWThread 76 | HWThread 77 | HWThread 78 | HWThread 79 | HWThread 80 | HWThread 81 | HWThread 82 | HWThread 83 | HWThread 84 | HWThread 85 | HWThread 86 | HWThread 87 | HWThread 88 | HWThread 89 | HWThread 90 | HWThread 91 | HWThread 92 | HWThread 93 | HWThread 94 | HWThread 95 |
+-------------------+------------+------------+------------+------------+------------+------------+------------+------------+------------+------------+-------------+-------------+-------------+-------------+-------------+-------------+-------------+-------------+-------------+-------------+-------------+-------------+-------------+-------------+-------------+-------------+-------------+-------------+-------------+-------------+-------------+-------------+-------------+-------------+-------------+-------------+-------------+-------------+-------------+-------------+-------------+-------------+-------------+-------------+-------------+-------------+-------------+-------------+-------------+-------------+-------------+-------------+-------------+-------------+-------------+-------------+-------------+-------------+-------------+-------------+-------------+-------------+-------------+-------------+-------------+-------------+-------------+-------------+-------------+-------------+-------------+-------------+-------------+-------------+-------------+-------------+-------------+-------------+-------------+-------------+-------------+-------------+-------------+-------------+-------------+-------------+-------------+-------------+-------------+-------------+-------------+-------------+-------------+-------------+-------------+-------------+
| RDTSC Runtime [s] |   6.555456 |   6.555709 |   6.556032 |   6.555844 |   6.556032 |   6.555852 |   6.555847 |   6.555964 |   6.555776 |   6.555770 |    6.555826 |    6.555825 |    6.555825 |    6.555623 |    6.555823 |    6.555823 |    6.555674 |    6.555701 |    6.555696 |    6.555860 |    6.555868 |    6.555700 |    6.555673 |    6.555804 |    6.555817 |    6.555894 |    6.555837 |    6.555825 |    6.555894 |    6.555818 |    6.555849 |    6.555849 |    6.555814 |    6.555867 |    6.555833 |    6.555789 |    6.555891 |    6.555881 |    6.555827 |    6.555779 |    6.555861 |    6.555856 |    6.555844 |    6.555675 |    6.555839 |    6.555645 |    6.555835 |    6.555860 |    6.555663 |    6.555876 |    6.555667 |    6.555873 |    6.555718 |    6.555872 |    6.555670 |    6.555698 |    6.555810 |    6.555814 |    6.555687 |    6.555809 |    6.555807 |    6.555650 |    6.555652 |    6.555682 |    6.555803 |    6.555820 |    6.555690 |    6.555803 |    6.555873 |    6.555692 |    6.555683 |    6.555690 |    6.555691 |    6.555678 |    6.555805 |    6.555692 |    6.555694 |    6.555696 |    6.555637 |    6.555805 |    6.555837 |    6.555877 |    6.555706 |    6.555881 |    6.555880 |    6.555882 |    6.555879 |    6.555836 |    6.555859 |    6.555899 |    6.555856 |    6.555858 |    6.555824 |    6.555801 |    6.555814 |    6.555859 |
|     call count    |          1 |          1 |          1 |          1 |          1 |          1 |          1 |          1 |          1 |          1 |           1 |           1 |           1 |           1 |           1 |           1 |           1 |           1 |           1 |           1 |           1 |           1 |           1 |           1 |           1 |           1 |           1 |           1 |           1 |           1 |           1 |           1 |           1 |           1 |           1 |           1 |           1 |           1 |           1 |           1 |           1 |           1 |           1 |           1 |           1 |           1 |           1 |           1 |           1 |           1 |           1 |           1 |           1 |           1 |           1 |           1 |           1 |           1 |           1 |           1 |           1 |           1 |           1 |           1 |           1 |           1 |           1 |           1 |           1 |           1 |           1 |           1 |           1 |           1 |           1 |           1 |           1 |           1 |           1 |           1 |           1 |           1 |           1 |           1 |           1 |           1 |           1 |           1 |           1 |           1 |           1 |           1 |           1 |           1 |           1 |           1 |
+-------------------+------------+------------+------------+------------+------------+------------+------------+------------+------------+------------+-------------+-------------+-------------+-------------+-------------+-------------+-------------+-------------+-------------+-------------+-------------+-------------+-------------+-------------+-------------+-------------+-------------+-------------+-------------+-------------+-------------+-------------+-------------+-------------+-------------+-------------+-------------+-------------+-------------+-------------+-------------+-------------+-------------+-------------+-------------+-------------+-------------+-------------+-------------+-------------+-------------+-------------+-------------+-------------+-------------+-------------+-------------+-------------+-------------+-------------+-------------+-------------+-------------+-------------+-------------+-------------+-------------+-------------+-------------+-------------+-------------+-------------+-------------+-------------+-------------+-------------+-------------+-------------+-------------+-------------+-------------+-------------+-------------+-------------+-------------+-------------+-------------+-------------+-------------+-------------+-------------+-------------+-------------+-------------+-------------+-------------+

+------------------------------+---------+-------------+-------------+-------------+-------------+-------------+-------------+-------------+-------------+-------------+-------------+-------------+-------------+-------------+-------------+-------------+-------------+-------------+-------------+-------------+-------------+-------------+-------------+-------------+-------------+-------------+-------------+-------------+-------------+-------------+-------------+-------------+-------------+-------------+-------------+-------------+-------------+-------------+-------------+-------------+-------------+-------------+-------------+-------------+-------------+-------------+-------------+-------------+-------------+-------------+-------------+-------------+-------------+-------------+-------------+-------------+-------------+-------------+-------------+-------------+-------------+-------------+-------------+-------------+-------------+-------------+-------------+-------------+-------------+-------------+-------------+-------------+-------------+-------------+-------------+-------------+-------------+-------------+-------------+-------------+-------------+-------------+-------------+-------------+-------------+-------------+-------------+-------------+-------------+-------------+-------------+-------------+-------------+-------------+-------------+-------------+-------------+
|             Event            | Counter |  HWThread 0 |  HWThread 1 |  HWThread 2 |  HWThread 3 |  HWThread 4 |  HWThread 5 |  HWThread 6 |  HWThread 7 |  HWThread 8 |  HWThread 9 | HWThread 10 | HWThread 11 | HWThread 12 | HWThread 13 | HWThread 14 | HWThread 15 | HWThread 16 | HWThread 17 | HWThread 18 | HWThread 19 | HWThread 20 | HWThread 21 | HWThread 22 | HWThread 23 | HWThread 24 | HWThread 25 | HWThread 26 | HWThread 27 | HWThread 28 | HWThread 29 | HWThread 30 | HWThread 31 | HWThread 32 | HWThread 33 | HWThread 34 | HWThread 35 | HWThread 36 | HWThread 37 | HWThread 38 | HWThread 39 | HWThread 40 | HWThread 41 | HWThread 42 | HWThread 43 | HWThread 44 | HWThread 45 | HWThread 46 | HWThread 47 | HWThread 48 | HWThread 49 | HWThread 50 | HWThread 51 | HWThread 52 | HWThread 53 | HWThread 54 | HWThread 55 | HWThread 56 | HWThread 57 | HWThread 58 | HWThread 59 | HWThread 60 | HWThread 61 | HWThread 62 | HWThread 63 | HWThread 64 | HWThread 65 | HWThread 66 | HWThread 67 | HWThread 68 | HWThread 69 | HWThread 70 | HWThread 71 | HWThread 72 | HWThread 73 | HWThread 74 | HWThread 75 | HWThread 76 | HWThread 77 | HWThread 78 | HWThread 79 | HWThread 80 | HWThread 81 | HWThread 82 | HWThread 83 | HWThread 84 | HWThread 85 | HWThread 86 | HWThread 87 | HWThread 88 | HWThread 89 | HWThread 90 | HWThread 91 | HWThread 92 | HWThread 93 | HWThread 94 | HWThread 95 |
+------------------------------+---------+-------------+-------------+-------------+-------------+-------------+-------------+-------------+-------------+-------------+-------------+-------------+-------------+-------------+-------------+-------------+-------------+-------------+-------------+-------------+-------------+-------------+-------------+-------------+-------------+-------------+-------------+-------------+-------------+-------------+-------------+-------------+-------------+-------------+-------------+-------------+-------------+-------------+-------------+-------------+-------------+-------------+-------------+-------------+-------------+-------------+-------------+-------------+-------------+-------------+-------------+-------------+-------------+-------------+-------------+-------------+-------------+-------------+-------------+-------------+-------------+-------------+-------------+-------------+-------------+-------------+-------------+-------------+-------------+-------------+-------------+-------------+-------------+-------------+-------------+-------------+-------------+-------------+-------------+-------------+-------------+-------------+-------------+-------------+-------------+-------------+-------------+-------------+-------------+-------------+-------------+-------------+-------------+-------------+-------------+-------------+-------------+
|       ACTUAL_CPU_CLOCK       |  FIXC1  | 24258460000 | 24258120000 | 24258090000 | 24258200000 | 24258100000 | 24258500000 | 24258050000 | 24258170000 | 24257470000 | 24257880000 | 24257470000 | 24257610000 | 24257490000 | 24257560000 | 24257450000 | 24257580000 | 24257410000 | 24257650000 | 24257670000 | 24257650000 | 24257690000 | 24257380000 | 24257390000 | 24257400000 | 24257790000 | 24257760000 | 24257800000 | 24257810000 | 24257750000 | 24257880000 | 24257810000 | 24257900000 | 24257780000 | 24257690000 | 24257780000 | 24257780000 | 24257700000 | 24257720000 | 24257770000 | 24257540000 | 24258040000 | 24257920000 | 24257910000 | 24257740000 | 24257770000 | 24257420000 | 24257780000 | 24257790000 | 24257680000 | 24258190000 | 24257940000 | 24257790000 | 24257550000 | 24257820000 | 24257990000 | 24257780000 | 24258190000 | 24258200000 | 24257890000 | 24258200000 | 24257900000 | 24257860000 | 24257520000 | 24257840000 | 24257490000 | 24257780000 | 24257470000 | 24257460000 | 24257840000 | 24257740000 | 24257750000 | 24257450000 | 24257890000 | 24257500000 | 24258010000 | 24257580000 | 24257550000 | 24258010000 | 24257460000 | 24258030000 | 24258090000 | 24258120000 | 24258120000 | 24258140000 | 24258120000 | 24258110000 | 24258120000 | 24258000000 | 24258130000 | 24258230000 | 24257920000 | 24258190000 | 24258280000 | 24258260000 | 24258290000 | 24257760000 |
|         MAX_CPU_CLOCK        |  FIXC2  | 15735420000 | 15734830000 | 15735170000 | 15735190000 | 15735180000 | 15735540000 | 15735140000 | 15735160000 | 15734620000 | 15734990000 | 15734650000 | 15734660000 | 15734660000 | 15734500000 | 15734650000 | 15734640000 | 15734370000 | 15734850000 | 15734730000 | 15734860000 | 15734900000 | 15734550000 | 15734440000 | 15734590000 | 15734820000 | 15734800000 | 15734820000 | 15734840000 | 15734790000 | 15734860000 | 15734830000 | 15734880000 | 15734790000 | 15734870000 | 15734800000 | 15734790000 | 15734760000 | 15734770000 | 15734900000 | 15734600000 | 15734970000 | 15734900000 | 15734940000 | 15734740000 | 15734820000 | 15734400000 | 15734820000 | 15734840000 | 15734630000 | 15734990000 | 15734750000 | 15734830000 | 15734600000 | 15734840000 | 15734980000 | 15734840000 | 15735180000 | 15735200000 | 15734800000 | 15735180000 | 15734850000 | 15734760000 | 15734420000 | 15734750000 | 15734640000 | 15734820000 | 15734420000 | 15734620000 | 15734840000 | 15734810000 | 15734860000 | 15734420000 | 15734970000 | 15734610000 | 15735020000 | 15734560000 | 15734450000 | 15735000000 | 15734400000 | 15735020000 | 15734940000 | 15734950000 | 15734830000 | 15734860000 | 15734850000 | 15734850000 | 15734940000 | 15734900000 | 15734960000 | 15735210000 | 15734960000 | 15735190000 | 15735210000 | 15735210000 | 15735230000 | 15734810000 |
|     RETIRED_INSTRUCTIONS     |   PMC0  |   980821500 |   981524400 |   980234700 |   977573500 |   977319000 |   977462800 |   976608500 |   976579300 |  1084414000 |  1083519000 |  1078389000 |  1079366000 |  1076452000 |  1075357000 |  1074198000 |  1074251000 |  1031494000 |  1031070000 |  1027545000 |  1028245000 |  1025830000 |  1025447000 |  1025057000 |  1024924000 |   997672200 |   997672400 |   993893500 |   994270600 |   993303100 |   994553400 |   992824900 |   993087300 |  1088941000 |  1089241000 |  1086696000 |  1087165000 |  1085171000 |  1085322000 |  1083710000 |  1083066000 |  1041776000 |  1043869000 |  1042692000 |  1039649000 |  1039365000 |  1038761000 |  1037945000 |  1037706000 |   987541800 |   987808400 |   984804000 |   984790200 |   983165700 |   983935100 |   982660900 |   982662000 |  1079084000 |  1078329000 |  1074430000 |  1073080000 |  1071875000 |  1069990000 |  1069241000 |  1069307000 |  1025614000 |  1026166000 |  1023497000 |  1023547000 |  1022233000 |  1021649000 |  1020910000 |  1020886000 |   995941300 |   996479600 |   994291000 |   995133400 |   993086000 |   993448800 |   992610500 |   992889200 |  1093721000 |  1090805000 |  1089330000 |  1088584000 |  1084589000 |  1084257000 |  1083594000 |  1083723000 |  1041323000 |  1042651000 |  1039818000 |  1041035000 |  1037544000 |  1036393000 |  1036670000 |  1037181000 |
|      CPU_CLOCKS_UNHALTED     |   PMC1  | 24086100000 | 24091730000 | 24089900000 | 24089270000 | 24091570000 | 24094930000 | 24094650000 | 24092910000 | 24102100000 | 24101170000 | 24097860000 | 24098430000 | 24100770000 | 24097380000 | 24097280000 | 24097460000 | 24098210000 | 24096690000 | 24097710000 | 24098330000 | 24094460000 | 24094020000 | 24094500000 | 24097900000 | 24094290000 | 24094710000 | 24090350000 | 24093000000 | 24094200000 | 24092560000 | 24094140000 | 24097680000 | 24098780000 | 24100910000 | 24102270000 | 24104440000 | 24100340000 | 24102880000 | 24100890000 | 24091780000 | 24099780000 | 24096860000 | 24096310000 | 24096010000 | 24099720000 | 24096240000 | 24100340000 | 24095610000 | 24096820000 | 24094580000 | 24092960000 | 24101360000 | 24094870000 | 24094890000 | 24093920000 | 24099430000 | 24102280000 | 24101740000 | 24101400000 | 24101470000 | 24098150000 | 24097430000 | 24096650000 | 24097390000 | 24095090000 | 24097090000 | 24094270000 | 24096930000 | 24097800000 | 24098540000 | 24097920000 | 24098060000 | 24093230000 | 24097760000 | 24095370000 | 24094940000 | 24097880000 | 24098310000 | 24097290000 | 24094490000 | 24102030000 | 24098300000 | 24099880000 | 24098460000 | 24099570000 | 24099260000 | 24099820000 | 24097410000 | 24099710000 | 24100090000 | 24099950000 | 24100280000 | 24100220000 | 24070620000 | 24100440000 | 24100960000 |
|  DRAM_WRITES_LOCAL_CHANNEL_0 |   DFC0  |  1041434000 |           0 |           0 |           0 |           0 |           0 |           0 |           0 |           0 |           0 |           0 |           0 |           0 |           0 |           0 |           0 |           0 |           0 |           0 |           0 |           0 |           0 |           0 |           0 |           0 |           0 |           0 |           0 |           0 |           0 |           0 |           0 |           0 |           0 |           0 |           0 |           0 |           0 |           0 |           0 |           0 |           0 |           0 |           0 |           0 |           0 |           0 |           0 |           0 |           0 |           0 |           0 |           0 |           0 |           0 |           0 |           0 |           0 |           0 |           0 |           0 |           0 |           0 |           0 |           0 |           0 |           0 |           0 |           0 |           0 |           0 |           0 |           0 |           0 |           0 |           0 |           0 |           0 |           0 |           0 |           0 |           0 |           0 |           0 |           0 |           0 |           0 |           0 |           0 |           0 |           0 |           0 |           0 |           0 |           0 |           0 |
|  DRAM_WRITES_LOCAL_CHANNEL_1 |   DFC1  |  1041399000 |           0 |           0 |           0 |           0 |           0 |           0 |           0 |           0 |           0 |           0 |           0 |           0 |           0 |           0 |           0 |           0 |           0 |           0 |           0 |           0 |           0 |           0 |           0 |           0 |           0 |           0 |           0 |           0 |           0 |           0 |           0 |           0 |           0 |           0 |           0 |           0 |           0 |           0 |           0 |           0 |           0 |           0 |           0 |           0 |           0 |           0 |           0 |           0 |           0 |           0 |           0 |           0 |           0 |           0 |           0 |           0 |           0 |           0 |           0 |           0 |           0 |           0 |           0 |           0 |           0 |           0 |           0 |           0 |           0 |           0 |           0 |           0 |           0 |           0 |           0 |           0 |           0 |           0 |           0 |           0 |           0 |           0 |           0 |           0 |           0 |           0 |           0 |           0 |           0 |           0 |           0 |           0 |           0 |           0 |           0 |
|  DRAM_WRITES_LOCAL_CHANNEL_2 |   DFC2  |  1041664000 |           0 |           0 |           0 |           0 |           0 |           0 |           0 |           0 |           0 |           0 |           0 |           0 |           0 |           0 |           0 |           0 |           0 |           0 |           0 |           0 |           0 |           0 |           0 |           0 |           0 |           0 |           0 |           0 |           0 |           0 |           0 |           0 |           0 |           0 |           0 |           0 |           0 |           0 |           0 |           0 |           0 |           0 |           0 |           0 |           0 |           0 |           0 |           0 |           0 |           0 |           0 |           0 |           0 |           0 |           0 |           0 |           0 |           0 |           0 |           0 |           0 |           0 |           0 |           0 |           0 |           0 |           0 |           0 |           0 |           0 |           0 |           0 |           0 |           0 |           0 |           0 |           0 |           0 |           0 |           0 |           0 |           0 |           0 |           0 |           0 |           0 |           0 |           0 |           0 |           0 |           0 |           0 |           0 |           0 |           0 |
|  DRAM_WRITES_LOCAL_CHANNEL_3 |   DFC3  |  1042105000 |           0 |           0 |           0 |           0 |           0 |           0 |           0 |           0 |           0 |           0 |           0 |           0 |           0 |           0 |           0 |           0 |           0 |           0 |           0 |           0 |           0 |           0 |           0 |           0 |           0 |           0 |           0 |           0 |           0 |           0 |           0 |           0 |           0 |           0 |           0 |           0 |           0 |           0 |           0 |           0 |           0 |           0 |           0 |           0 |           0 |           0 |           0 |           0 |           0 |           0 |           0 |           0 |           0 |           0 |           0 |           0 |           0 |           0 |           0 |           0 |           0 |           0 |           0 |           0 |           0 |           0 |           0 |           0 |           0 |           0 |           0 |           0 |           0 |           0 |           0 |           0 |           0 |           0 |           0 |           0 |           0 |           0 |           0 |           0 |           0 |           0 |           0 |           0 |           0 |           0 |           0 |           0 |           0 |           0 |           0 |
|  DRAM_WRITES_LOCAL_CHANNEL_4 |   DFC4  |  1041905000 |           0 |           0 |           0 |           0 |           0 |           0 |           0 |           0 |           0 |           0 |           0 |           0 |           0 |           0 |           0 |           0 |           0 |           0 |           0 |           0 |           0 |           0 |           0 |           0 |           0 |           0 |           0 |           0 |           0 |           0 |           0 |           0 |           0 |           0 |           0 |           0 |           0 |           0 |           0 |           0 |           0 |           0 |           0 |           0 |           0 |           0 |           0 |           0 |           0 |           0 |           0 |           0 |           0 |           0 |           0 |           0 |           0 |           0 |           0 |           0 |           0 |           0 |           0 |           0 |           0 |           0 |           0 |           0 |           0 |           0 |           0 |           0 |           0 |           0 |           0 |           0 |           0 |           0 |           0 |           0 |           0 |           0 |           0 |           0 |           0 |           0 |           0 |           0 |           0 |           0 |           0 |           0 |           0 |           0 |           0 |
|  DRAM_WRITES_LOCAL_CHANNEL_5 |   DFC5  |  1042305000 |           0 |           0 |           0 |           0 |           0 |           0 |           0 |           0 |           0 |           0 |           0 |           0 |           0 |           0 |           0 |           0 |           0 |           0 |           0 |           0 |           0 |           0 |           0 |           0 |           0 |           0 |           0 |           0 |           0 |           0 |           0 |           0 |           0 |           0 |           0 |           0 |           0 |           0 |           0 |           0 |           0 |           0 |           0 |           0 |           0 |           0 |           0 |           0 |           0 |           0 |           0 |           0 |           0 |           0 |           0 |           0 |           0 |           0 |           0 |           0 |           0 |           0 |           0 |           0 |           0 |           0 |           0 |           0 |           0 |           0 |           0 |           0 |           0 |           0 |           0 |           0 |           0 |           0 |           0 |           0 |           0 |           0 |           0 |           0 |           0 |           0 |           0 |           0 |           0 |           0 |           0 |           0 |           0 |           0 |           0 |
|  DRAM_WRITES_LOCAL_CHANNEL_6 |   DFC6  |  1041490000 |           0 |           0 |           0 |           0 |           0 |           0 |           0 |           0 |           0 |           0 |           0 |           0 |           0 |           0 |           0 |           0 |           0 |           0 |           0 |           0 |           0 |           0 |           0 |           0 |           0 |           0 |           0 |           0 |           0 |           0 |           0 |           0 |           0 |           0 |           0 |           0 |           0 |           0 |           0 |           0 |           0 |           0 |           0 |           0 |           0 |           0 |           0 |           0 |           0 |           0 |           0 |           0 |           0 |           0 |           0 |           0 |           0 |           0 |           0 |           0 |           0 |           0 |           0 |           0 |           0 |           0 |           0 |           0 |           0 |           0 |           0 |           0 |           0 |           0 |           0 |           0 |           0 |           0 |           0 |           0 |           0 |           0 |           0 |           0 |           0 |           0 |           0 |           0 |           0 |           0 |           0 |           0 |           0 |           0 |           0 |
|  DRAM_WRITES_LOCAL_CHANNEL_7 |   DFC7  |  1041691000 |           0 |           0 |           0 |           0 |           0 |           0 |           0 |           0 |           0 |           0 |           0 |           0 |           0 |           0 |           0 |           0 |           0 |           0 |           0 |           0 |           0 |           0 |           0 |           0 |           0 |           0 |           0 |           0 |           0 |           0 |           0 |           0 |           0 |           0 |           0 |           0 |           0 |           0 |           0 |           0 |           0 |           0 |           0 |           0 |           0 |           0 |           0 |           0 |           0 |           0 |           0 |           0 |           0 |           0 |           0 |           0 |           0 |           0 |           0 |           0 |           0 |           0 |           0 |           0 |           0 |           0 |           0 |           0 |           0 |           0 |           0 |           0 |           0 |           0 |           0 |           0 |           0 |           0 |           0 |           0 |           0 |           0 |           0 |           0 |           0 |           0 |           0 |           0 |           0 |           0 |           0 |           0 |           0 |           0 |           0 |
|  DRAM_WRITES_LOCAL_CHANNEL_8 |   DFC8  |  1041411000 |           0 |           0 |           0 |           0 |           0 |           0 |           0 |           0 |           0 |           0 |           0 |           0 |           0 |           0 |           0 |           0 |           0 |           0 |           0 |           0 |           0 |           0 |           0 |           0 |           0 |           0 |           0 |           0 |           0 |           0 |           0 |           0 |           0 |           0 |           0 |           0 |           0 |           0 |           0 |           0 |           0 |           0 |           0 |           0 |           0 |           0 |           0 |           0 |           0 |           0 |           0 |           0 |           0 |           0 |           0 |           0 |           0 |           0 |           0 |           0 |           0 |           0 |           0 |           0 |           0 |           0 |           0 |           0 |           0 |           0 |           0 |           0 |           0 |           0 |           0 |           0 |           0 |           0 |           0 |           0 |           0 |           0 |           0 |           0 |           0 |           0 |           0 |           0 |           0 |           0 |           0 |           0 |           0 |           0 |           0 |
|  DRAM_WRITES_LOCAL_CHANNEL_9 |   DFC9  |  1042115000 |           0 |           0 |           0 |           0 |           0 |           0 |           0 |           0 |           0 |           0 |           0 |           0 |           0 |           0 |           0 |           0 |           0 |           0 |           0 |           0 |           0 |           0 |           0 |           0 |           0 |           0 |           0 |           0 |           0 |           0 |           0 |           0 |           0 |           0 |           0 |           0 |           0 |           0 |           0 |           0 |           0 |           0 |           0 |           0 |           0 |           0 |           0 |           0 |           0 |           0 |           0 |           0 |           0 |           0 |           0 |           0 |           0 |           0 |           0 |           0 |           0 |           0 |           0 |           0 |           0 |           0 |           0 |           0 |           0 |           0 |           0 |           0 |           0 |           0 |           0 |           0 |           0 |           0 |           0 |           0 |           0 |           0 |           0 |           0 |           0 |           0 |           0 |           0 |           0 |           0 |           0 |           0 |           0 |           0 |           0 |
| DRAM_WRITES_LOCAL_CHANNEL_10 |  DFC10  |  1041974000 |           0 |           0 |           0 |           0 |           0 |           0 |           0 |           0 |           0 |           0 |           0 |           0 |           0 |           0 |           0 |           0 |           0 |           0 |           0 |           0 |           0 |           0 |           0 |           0 |           0 |           0 |           0 |           0 |           0 |           0 |           0 |           0 |           0 |           0 |           0 |           0 |           0 |           0 |           0 |           0 |           0 |           0 |           0 |           0 |           0 |           0 |           0 |           0 |           0 |           0 |           0 |           0 |           0 |           0 |           0 |           0 |           0 |           0 |           0 |           0 |           0 |           0 |           0 |           0 |           0 |           0 |           0 |           0 |           0 |           0 |           0 |           0 |           0 |           0 |           0 |           0 |           0 |           0 |           0 |           0 |           0 |           0 |           0 |           0 |           0 |           0 |           0 |           0 |           0 |           0 |           0 |           0 |           0 |           0 |           0 |
| DRAM_WRITES_LOCAL_CHANNEL_11 |  DFC11  |  1042005000 |           0 |           0 |           0 |           0 |           0 |           0 |           0 |           0 |           0 |           0 |           0 |           0 |           0 |           0 |           0 |           0 |           0 |           0 |           0 |           0 |           0 |           0 |           0 |           0 |           0 |           0 |           0 |           0 |           0 |           0 |           0 |           0 |           0 |           0 |           0 |           0 |           0 |           0 |           0 |           0 |           0 |           0 |           0 |           0 |           0 |           0 |           0 |           0 |           0 |           0 |           0 |           0 |           0 |           0 |           0 |           0 |           0 |           0 |           0 |           0 |           0 |           0 |           0 |           0 |           0 |           0 |           0 |           0 |           0 |           0 |           0 |           0 |           0 |           0 |           0 |           0 |           0 |           0 |           0 |           0 |           0 |           0 |           0 |           0 |           0 |           0 |           0 |           0 |           0 |           0 |           0 |           0 |           0 |           0 |           0 |
+------------------------------+---------+-------------+-------------+-------------+-------------+-------------+-------------+-------------+-------------+-------------+-------------+-------------+-------------+-------------+-------------+-------------+-------------+-------------+-------------+-------------+-------------+-------------+-------------+-------------+-------------+-------------+-------------+-------------+-------------+-------------+-------------+-------------+-------------+-------------+-------------+-------------+-------------+-------------+-------------+-------------+-------------+-------------+-------------+-------------+-------------+-------------+-------------+-------------+-------------+-------------+-------------+-------------+-------------+-------------+-------------+-------------+-------------+-------------+-------------+-------------+-------------+-------------+-------------+-------------+-------------+-------------+-------------+-------------+-------------+-------------+-------------+-------------+-------------+-------------+-------------+-------------+-------------+-------------+-------------+-------------+-------------+-------------+-------------+-------------+-------------+-------------+-------------+-------------+-------------+-------------+-------------+-------------+-------------+-------------+-------------+-------------+-------------+

+-----------------------------------+---------+---------------+-------------+-------------+--------------+
|               Event               | Counter |      Sum      |     Min     |     Max     |      Avg     |
+-----------------------------------+---------+---------------+-------------+-------------+--------------+
|       ACTUAL_CPU_CLOCK STAT       |  FIXC1  | 2328752300000 | 24257380000 | 24258500000 | 2.425784e+10 |
|         MAX_CPU_CLOCK STAT        |  FIXC2  | 1510544600000 | 15734370000 | 15735540000 | 1.573484e+10 |
|     RETIRED_INSTRUCTIONS STAT     |   PMC0  |   99254338000 |   976579300 |  1093721000 | 1.033899e+09 |
|      CPU_CLOCKS_UNHALTED STAT     |   PMC1  | 2313306730000 | 24070620000 | 24104440000 | 2.409695e+10 |
|  DRAM_WRITES_LOCAL_CHANNEL_0 STAT |   DFC0  |    1041434000 |           0 |  1041434000 | 1.084827e+07 |
|  DRAM_WRITES_LOCAL_CHANNEL_1 STAT |   DFC1  |    1041399000 |           0 |  1041399000 | 1.084791e+07 |
|  DRAM_WRITES_LOCAL_CHANNEL_2 STAT |   DFC2  |    1041664000 |           0 |  1041664000 | 1.085067e+07 |
|  DRAM_WRITES_LOCAL_CHANNEL_3 STAT |   DFC3  |    1042105000 |           0 |  1042105000 | 1.085526e+07 |
|  DRAM_WRITES_LOCAL_CHANNEL_4 STAT |   DFC4  |    1041905000 |           0 |  1041905000 | 1.085318e+07 |
|  DRAM_WRITES_LOCAL_CHANNEL_5 STAT |   DFC5  |    1042305000 |           0 |  1042305000 | 1.085734e+07 |
|  DRAM_WRITES_LOCAL_CHANNEL_6 STAT |   DFC6  |    1041490000 |           0 |  1041490000 | 1.084885e+07 |
|  DRAM_WRITES_LOCAL_CHANNEL_7 STAT |   DFC7  |    1041691000 |           0 |  1041691000 | 1.085095e+07 |
|  DRAM_WRITES_LOCAL_CHANNEL_8 STAT |   DFC8  |    1041411000 |           0 |  1041411000 | 1.084803e+07 |
|  DRAM_WRITES_LOCAL_CHANNEL_9 STAT |   DFC9  |    1042115000 |           0 |  1042115000 | 1.085536e+07 |
| DRAM_WRITES_LOCAL_CHANNEL_10 STAT |  DFC10  |    1041974000 |           0 |  1041974000 | 1.085390e+07 |
| DRAM_WRITES_LOCAL_CHANNEL_11 STAT |  DFC11  |    1042005000 |           0 |  1042005000 | 1.085422e+07 |
+-----------------------------------+---------+---------------+-------------+-------------+--------------+

+-----------------------------------+-------------+------------+------------+------------+------------+------------+------------+------------+------------+------------+-------------+-------------+-------------+-------------+-------------+-------------+-------------+-------------+-------------+-------------+-------------+-------------+-------------+-------------+-------------+-------------+-------------+-------------+-------------+-------------+-------------+-------------+-------------+-------------+-------------+-------------+-------------+-------------+-------------+-------------+-------------+-------------+-------------+-------------+-------------+-------------+-------------+-------------+-------------+-------------+-------------+-------------+-------------+-------------+-------------+-------------+-------------+-------------+-------------+-------------+-------------+-------------+-------------+-------------+-------------+-------------+-------------+-------------+-------------+-------------+-------------+-------------+-------------+-------------+-------------+-------------+-------------+-------------+-------------+-------------+-------------+-------------+-------------+-------------+-------------+-------------+-------------+-------------+-------------+-------------+-------------+-------------+-------------+-------------+-------------+-------------+
|               Metric              |  HWThread 0 | HWThread 1 | HWThread 2 | HWThread 3 | HWThread 4 | HWThread 5 | HWThread 6 | HWThread 7 | HWThread 8 | HWThread 9 | HWThread 10 | HWThread 11 | HWThread 12 | HWThread 13 | HWThread 14 | HWThread 15 | HWThread 16 | HWThread 17 | HWThread 18 | HWThread 19 | HWThread 20 | HWThread 21 | HWThread 22 | HWThread 23 | HWThread 24 | HWThread 25 | HWThread 26 | HWThread 27 | HWThread 28 | HWThread 29 | HWThread 30 | HWThread 31 | HWThread 32 | HWThread 33 | HWThread 34 | HWThread 35 | HWThread 36 | HWThread 37 | HWThread 38 | HWThread 39 | HWThread 40 | HWThread 41 | HWThread 42 | HWThread 43 | HWThread 44 | HWThread 45 | HWThread 46 | HWThread 47 | HWThread 48 | HWThread 49 | HWThread 50 | HWThread 51 | HWThread 52 | HWThread 53 | HWThread 54 | HWThread 55 | HWThread 56 | HWThread 57 | HWThread 58 | HWThread 59 | HWThread 60 | HWThread 61 | HWThread 62 | HWThread 63 | HWThread 64 | HWThread 65 | HWThread 66 | HWThread 67 | HWThread 68 | HWThread 69 | HWThread 70 | HWThread 71 | HWThread 72 | HWThread 73 | HWThread 74 | HWThread 75 | HWThread 76 | HWThread 77 | HWThread 78 | HWThread 79 | HWThread 80 | HWThread 81 | HWThread 82 | HWThread 83 | HWThread 84 | HWThread 85 | HWThread 86 | HWThread 87 | HWThread 88 | HWThread 89 | HWThread 90 | HWThread 91 | HWThread 92 | HWThread 93 | HWThread 94 | HWThread 95 |
+-----------------------------------+-------------+------------+------------+------------+------------+------------+------------+------------+------------+------------+-------------+-------------+-------------+-------------+-------------+-------------+-------------+-------------+-------------+-------------+-------------+-------------+-------------+-------------+-------------+-------------+-------------+-------------+-------------+-------------+-------------+-------------+-------------+-------------+-------------+-------------+-------------+-------------+-------------+-------------+-------------+-------------+-------------+-------------+-------------+-------------+-------------+-------------+-------------+-------------+-------------+-------------+-------------+-------------+-------------+-------------+-------------+-------------+-------------+-------------+-------------+-------------+-------------+-------------+-------------+-------------+-------------+-------------+-------------+-------------+-------------+-------------+-------------+-------------+-------------+-------------+-------------+-------------+-------------+-------------+-------------+-------------+-------------+-------------+-------------+-------------+-------------+-------------+-------------+-------------+-------------+-------------+-------------+-------------+-------------+-------------+
|        Runtime (RDTSC) [s]        |      6.5555 |     6.5557 |     6.5560 |     6.5558 |     6.5560 |     6.5559 |     6.5558 |     6.5560 |     6.5558 |     6.5558 |      6.5558 |      6.5558 |      6.5558 |      6.5556 |      6.5558 |      6.5558 |      6.5557 |      6.5557 |      6.5557 |      6.5559 |      6.5559 |      6.5557 |      6.5557 |      6.5558 |      6.5558 |      6.5559 |      6.5558 |      6.5558 |      6.5559 |      6.5558 |      6.5558 |      6.5558 |      6.5558 |      6.5559 |      6.5558 |      6.5558 |      6.5559 |      6.5559 |      6.5558 |      6.5558 |      6.5559 |      6.5559 |      6.5558 |      6.5557 |      6.5558 |      6.5556 |      6.5558 |      6.5559 |      6.5557 |      6.5559 |      6.5557 |      6.5559 |      6.5557 |      6.5559 |      6.5557 |      6.5557 |      6.5558 |      6.5558 |      6.5557 |      6.5558 |      6.5558 |      6.5556 |      6.5557 |      6.5557 |      6.5558 |      6.5558 |      6.5557 |      6.5558 |      6.5559 |      6.5557 |      6.5557 |      6.5557 |      6.5557 |      6.5557 |      6.5558 |      6.5557 |      6.5557 |      6.5557 |      6.5556 |      6.5558 |      6.5558 |      6.5559 |      6.5557 |      6.5559 |      6.5559 |      6.5559 |      6.5559 |      6.5558 |      6.5559 |      6.5559 |      6.5559 |      6.5559 |      6.5558 |      6.5558 |      6.5558 |      6.5559 |
|        Runtime unhalted [s]       |     10.1081 |    10.1079 |    10.1079 |    10.1080 |    10.1079 |    10.1081 |    10.1079 |    10.1079 |    10.1077 |    10.1078 |     10.1077 |     10.1077 |     10.1077 |     10.1077 |     10.1076 |     10.1077 |     10.1076 |     10.1077 |     10.1077 |     10.1077 |     10.1077 |     10.1076 |     10.1076 |     10.1076 |     10.1078 |     10.1078 |     10.1078 |     10.1078 |     10.1078 |     10.1078 |     10.1078 |     10.1078 |     10.1078 |     10.1077 |     10.1078 |     10.1078 |     10.1078 |     10.1078 |     10.1078 |     10.1077 |     10.1079 |     10.1078 |     10.1078 |     10.1078 |     10.1078 |     10.1076 |     10.1078 |     10.1078 |     10.1077 |     10.1080 |     10.1079 |     10.1078 |     10.1077 |     10.1078 |     10.1079 |     10.1078 |     10.1080 |     10.1080 |     10.1078 |     10.1080 |     10.1078 |     10.1078 |     10.1077 |     10.1078 |     10.1077 |     10.1078 |     10.1077 |     10.1077 |     10.1078 |     10.1078 |     10.1078 |     10.1076 |     10.1078 |     10.1077 |     10.1079 |     10.1077 |     10.1077 |     10.1079 |     10.1077 |     10.1079 |     10.1079 |     10.1079 |     10.1079 |     10.1079 |     10.1079 |     10.1079 |     10.1079 |     10.1079 |     10.1079 |     10.1080 |     10.1078 |     10.1080 |     10.1080 |     10.1080 |     10.1080 |     10.1078 |
|            Clock [MHz]            |   3699.8137 |  3699.9006 |  3699.8161 |  3699.8282 |  3699.8153 |  3699.7916 |  3699.8170 |  3699.8306 |  3699.8508 |  3699.8264 |   3699.8438 |   3699.8628 |   3699.8445 |   3699.8928 |   3699.8407 |   3699.8629 |   3699.9005 |   3699.8242 |   3699.8555 |   3699.8219 |   3699.8186 |   3699.8536 |   3699.8810 |   3699.8472 |   3699.8526 |   3699.8528 |   3699.8542 |   3699.8510 |   3699.8536 |   3699.8569 |   3699.8533 |   3699.8553 |   3699.8582 |   3699.8256 |   3699.8558 |   3699.8582 |   3699.8530 |   3699.8537 |   3699.8308 |   3699.8662 |   3699.8555 |   3699.8536 |   3699.8427 |   3699.8638 |   3699.8496 |   3699.8950 |   3699.8511 |   3699.8479 |   3699.8805 |   3699.8737 |   3699.8920 |   3699.8503 |   3699.8678 |   3699.8525 |   3699.8455 |   3699.8464 |   3699.8290 |   3699.8258 |   3699.8726 |   3699.8305 |   3699.8624 |   3699.8774 |   3699.9055 |   3699.8767 |   3699.8492 |   3699.8511 |   3699.8979 |   3699.8493 |   3699.8556 |   3699.8474 |   3699.8371 |   3699.8948 |   3699.8326 |   3699.8578 |   3699.8392 |   3699.8817 |   3699.9030 |   3699.8439 |   3699.9011 |   3699.8422 |   3699.8702 |   3699.8724 |   3699.9006 |   3699.8966 |   3699.8959 |   3699.8944 |   3699.8747 |   3699.8658 |   3699.8716 |   3699.8280 |   3699.8395 |   3699.8266 |   3699.8357 |   3699.8326 |   3699.8325 |   3699.8504 |
|                CPI                |     24.5571 |    24.5452 |    24.5756 |    24.6419 |    24.6507 |    24.6505 |    24.6718 |    24.6707 |    22.2259 |    22.2434 |     22.3462 |     22.3265 |     22.3891 |     22.4087 |     22.4328 |     22.4319 |     23.3624 |     23.3706 |     23.4517 |     23.4364 |     23.4878 |     23.4961 |     23.5055 |     23.5119 |     24.1505 |     24.1509 |     24.2384 |     24.2318 |     24.2566 |     24.2245 |     24.2683 |     24.2654 |     22.1305 |     22.1263 |     22.1794 |     22.1718 |     22.2088 |     22.2080 |     22.2392 |     22.2441 |     23.1334 |     23.0842 |     23.1097 |     23.1771 |     23.1870 |     23.1971 |     23.2193 |     23.2201 |     24.4008 |     24.3920 |     24.4647 |     24.4736 |     24.5074 |     24.4883 |     24.5191 |     24.5246 |     22.3359 |     22.3510 |     22.4318 |     22.4601 |     22.4822 |     22.5212 |     22.5362 |     22.5355 |     23.4933 |     23.4826 |     23.5411 |     23.5426 |     23.5737 |     23.5879 |     23.6044 |     23.6050 |     24.1914 |     24.1829 |     24.2337 |     24.2128 |     24.2657 |     24.2572 |     24.2767 |     24.2670 |     22.0367 |     22.0922 |     22.1236 |     22.1374 |     22.2200 |     22.2265 |     22.2406 |     22.2358 |     23.1434 |     23.1142 |     23.1771 |     23.1503 |     23.2281 |     23.2254 |     23.2479 |     23.2370 |
| Memory write bandwidth [MBytes/s] | 122050.3764 |          0 |          0 |          0 |          0 |          0 |          0 |          0 |          0 |          0 |           0 |           0 |           0 |           0 |           0 |           0 |           0 |           0 |           0 |           0 |           0 |           0 |           0 |           0 |           0 |           0 |           0 |           0 |           0 |           0 |           0 |           0 |           0 |           0 |           0 |           0 |           0 |           0 |           0 |           0 |           0 |           0 |           0 |           0 |           0 |           0 |           0 |           0 |           0 |           0 |           0 |           0 |           0 |           0 |           0 |           0 |           0 |           0 |           0 |           0 |           0 |           0 |           0 |           0 |           0 |           0 |           0 |           0 |           0 |           0 |           0 |           0 |           0 |           0 |           0 |           0 |           0 |           0 |           0 |           0 |           0 |           0 |           0 |           0 |           0 |           0 |           0 |           0 |           0 |           0 |           0 |           0 |           0 |           0 |           0 |           0 |
| Memory write data volume [GBytes] |    800.0959 |          0 |          0 |          0 |          0 |          0 |          0 |          0 |          0 |          0 |           0 |           0 |           0 |           0 |           0 |           0 |           0 |           0 |           0 |           0 |           0 |           0 |           0 |           0 |           0 |           0 |           0 |           0 |           0 |           0 |           0 |           0 |           0 |           0 |           0 |           0 |           0 |           0 |           0 |           0 |           0 |           0 |           0 |           0 |           0 |           0 |           0 |           0 |           0 |           0 |           0 |           0 |           0 |           0 |           0 |           0 |           0 |           0 |           0 |           0 |           0 |           0 |           0 |           0 |           0 |           0 |           0 |           0 |           0 |           0 |           0 |           0 |           0 |           0 |           0 |           0 |           0 |           0 |           0 |           0 |           0 |           0 |           0 |           0 |           0 |           0 |           0 |           0 |           0 |           0 |           0 |           0 |           0 |           0 |           0 |           0 |
+-----------------------------------+-------------+------------+------------+------------+------------+------------+------------+------------+------------+------------+-------------+-------------+-------------+-------------+-------------+-------------+-------------+-------------+-------------+-------------+-------------+-------------+-------------+-------------+-------------+-------------+-------------+-------------+-------------+-------------+-------------+-------------+-------------+-------------+-------------+-------------+-------------+-------------+-------------+-------------+-------------+-------------+-------------+-------------+-------------+-------------+-------------+-------------+-------------+-------------+-------------+-------------+-------------+-------------+-------------+-------------+-------------+-------------+-------------+-------------+-------------+-------------+-------------+-------------+-------------+-------------+-------------+-------------+-------------+-------------+-------------+-------------+-------------+-------------+-------------+-------------+-------------+-------------+-------------+-------------+-------------+-------------+-------------+-------------+-------------+-------------+-------------+-------------+-------------+-------------+-------------+-------------+-------------+-------------+-------------+-------------+

+----------------------------------------+-------------+-----------+-------------+-----------+
|                 Metric                 |     Sum     |    Min    |     Max     |    Avg    |
+----------------------------------------+-------------+-----------+-------------+-----------+
|        Runtime (RDTSC) [s] STAT        |    629.3563 |    6.5555 |      6.5560 |    6.5558 |
|        Runtime unhalted [s] STAT       |    970.3498 |   10.1076 |     10.1081 |   10.1078 |
|            Clock [MHz] STAT            | 355186.0907 | 3699.7916 |   3699.9055 | 3699.8551 |
|                CPI STAT                |   2240.5914 |   22.0367 |     24.6718 |   23.3395 |
| Memory write bandwidth [MBytes/s] STAT | 122050.3764 |         0 | 122050.3764 | 1271.3581 |
| Memory write data volume [GBytes] STAT |    800.0959 |         0 |    800.0959 |    8.3343 |
+----------------------------------------+-------------+-----------+-------------+-----------+

