INFO: You are running LIKWID in a cpuset with 48 CPUs. Taking given IDs as logical ID in cpuset
--------------------------------------------------------------------------------
CPU name:	AMD EPYC 9654 96-Core Processor                
CPU type:	AMD K19 (Zen4) architecture
CPU clock:	2.40 GHz
--------------------------------------------------------------------------------
Warning: Sanitizing vector length to a multiple of the loop stride 8 and thread count 24 from 1500000 elements (12000000 bytes) to 1499904 elements (11999232 bytes)
Allocate: Process running on hwthread 0 (Domain N) - Vector length 1499904/11999232 Offset 0 Alignment 512
Initialization: Each thread in domain initializes its own stream chunks
--------------------------------------------------------------------------------
LIKWID MICRO BENCHMARK
Test: peakflops_avx512_fma
--------------------------------------------------------------------------------
Using 1 work groups
Using 24 threads
--------------------------------------------------------------------------------
Using Likwid Marker API
--------------------------------------------------------------------------------
Group: 0 Thread 0 Global Thread 0 running on hwthread 0 - Vector length 62496 Offset 0
Group: 0 Thread 1 Global Thread 1 running on hwthread 1 - Vector length 62496 Offset 62496
Group: 0 Thread 2 Global Thread 2 running on hwthread 2 - Vector length 62496 Offset 124992
Group: 0 Thread 3 Global Thread 3 running on hwthread 3 - Vector length 62496 Offset 187488
Group: 0 Thread 4 Global Thread 4 running on hwthread 4 - Vector length 62496 Offset 249984
Group: 0 Thread 5 Global Thread 5 running on hwthread 5 - Vector length 62496 Offset 312480
Group: 0 Thread 6 Global Thread 6 running on hwthread 6 - Vector length 62496 Offset 374976
Group: 0 Thread 7 Global Thread 7 running on hwthread 7 - Vector length 62496 Offset 437472
Group: 0 Thread 8 Global Thread 8 running on hwthread 8 - Vector length 62496 Offset 499968
Group: 0 Thread 9 Global Thread 9 running on hwthread 9 - Vector length 62496 Offset 562464
Group: 0 Thread 10 Global Thread 10 running on hwthread 10 - Vector length 62496 Offset 624960
Group: 0 Thread 11 Global Thread 11 running on hwthread 11 - Vector length 62496 Offset 687456
Group: 0 Thread 12 Global Thread 12 running on hwthread 12 - Vector length 62496 Offset 749952
Group: 0 Thread 13 Global Thread 13 running on hwthread 13 - Vector length 62496 Offset 812448
Group: 0 Thread 14 Global Thread 14 running on hwthread 14 - Vector length 62496 Offset 874944
Group: 0 Thread 15 Global Thread 15 running on hwthread 15 - Vector length 62496 Offset 937440
Group: 0 Thread 16 Global Thread 16 running on hwthread 16 - Vector length 62496 Offset 999936
Group: 0 Thread 17 Global Thread 17 running on hwthread 17 - Vector length 62496 Offset 1062432
Group: 0 Thread 18 Global Thread 18 running on hwthread 18 - Vector length 62496 Offset 1124928
Group: 0 Thread 19 Global Thread 19 running on hwthread 19 - Vector length 62496 Offset 1187424
Group: 0 Thread 20 Global Thread 20 running on hwthread 20 - Vector length 62496 Offset 1249920
Group: 0 Thread 21 Global Thread 21 running on hwthread 21 - Vector length 62496 Offset 1312416
Group: 0 Thread 22 Global Thread 22 running on hwthread 22 - Vector length 62496 Offset 1374912
Group: 0 Thread 23 Global Thread 23 running on hwthread 23 - Vector length 62496 Offset 1437408
--------------------------------------------------------------------------------
Cycles:			382062720
CPU Clock:		2399379449
Cycle Clock:		2399379449
Time:			1.592340e-01 sec
Iterations:		120000
Iterations per thread:	5000
Inner loop executions:	7812
Size (Byte):		11999232
Size per thread:	499968
Number of Flops:	224985600000
MFlops/s:		1412924.62
Data volume (Byte):	59996160000
MByte/s:		376779.90
Cycles per update:	0.050945
Cycles per cacheline:	0.407560
Loads per update:	1
Stores per update:	0
Load bytes per element:	8
Store bytes per elem.:	0
Instructions:		17811360032
UOPs:			16873920000
--------------------------------------------------------------------------------
Writing Likwid Marker API results to file /tmp/likwid_816373.txt
--------------------------------------------------------------------------------
Region bench, Group 1: FLOPS_DP
+-------------------+------------+------------+------------+------------+------------+------------+------------+------------+------------+------------+-------------+-------------+-------------+-------------+-------------+-------------+-------------+-------------+-------------+-------------+-------------+-------------+-------------+-------------+
|    Region Info    | HWThread 0 | HWThread 1 | HWThread 2 | HWThread 3 | HWThread 4 | HWThread 5 | HWThread 6 | HWThread 7 | HWThread 8 | HWThread 9 | HWThread 10 | HWThread 11 | HWThread 12 | HWThread 13 | HWThread 14 | HWThread 15 | HWThread 16 | HWThread 17 | HWThread 18 | HWThread 19 | HWThread 20 | HWThread 21 | HWThread 22 | HWThread 23 |
+-------------------+------------+------------+------------+------------+------------+------------+------------+------------+------------+------------+-------------+-------------+-------------+-------------+-------------+-------------+-------------+-------------+-------------+-------------+-------------+-------------+-------------+-------------+
| RDTSC Runtime [s] |   0.159197 |   0.159197 |   0.159216 |   0.159216 |   0.159215 |   0.159219 |   0.159208 |   0.159196 |   0.159216 |   0.159227 |    0.159236 |    0.159216 |    0.159228 |    0.159236 |    0.159215 |    0.159214 |    0.159220 |    0.159213 |    0.159199 |    0.159198 |    0.159194 |    0.159213 |    0.159202 |    0.159226 |
|     call count    |          1 |          1 |          1 |          1 |          1 |          1 |          1 |          1 |          1 |          1 |           1 |           1 |           1 |           1 |           1 |           1 |           1 |           1 |           1 |           1 |           1 |           1 |           1 |           1 |
+-------------------+------------+------------+------------+------------+------------+------------+------------+------------+------------+------------+-------------+-------------+-------------+-------------+-------------+-------------+-------------+-------------+-------------+-------------+-------------+-------------+-------------+-------------+

+---------------------------+---------+------------+------------+------------+------------+------------+------------+------------+------------+------------+------------+-------------+-------------+-------------+-------------+-------------+-------------+-------------+-------------+-------------+-------------+-------------+-------------+-------------+-------------+
|           Event           | Counter | HWThread 0 | HWThread 1 | HWThread 2 | HWThread 3 | HWThread 4 | HWThread 5 | HWThread 6 | HWThread 7 | HWThread 8 | HWThread 9 | HWThread 10 | HWThread 11 | HWThread 12 | HWThread 13 | HWThread 14 | HWThread 15 | HWThread 16 | HWThread 17 | HWThread 18 | HWThread 19 | HWThread 20 | HWThread 21 | HWThread 22 | HWThread 23 |
+---------------------------+---------+------------+------------+------------+------------+------------+------------+------------+------------+------------+------------+-------------+-------------+-------------+-------------+-------------+-------------+-------------+-------------+-------------+-------------+-------------+-------------+-------------+-------------+
|      ACTUAL_CPU_CLOCK     |  FIXC1  |  589672700 |  589675000 |  589675200 |  589662500 |  589724200 |  589677400 |  589672100 |  589677900 |  589732300 |  589688500 |   589732900 |   589742600 |   589690400 |   589743700 |   589675800 |   589678300 |   589685000 |   589676700 |   589667700 |   589668000 |   589682200 |   589669300 |   589661200 |   589674100 |
|       MAX_CPU_CLOCK       |  FIXC2  |  382486100 |  382483100 |  382497500 |  382489400 |  382541200 |  382488500 |  382475600 |  382473200 |  382551000 |  382512600 |   382557100 |   382553500 |   382530600 |   382558800 |   382497100 |   382497500 |   382499200 |   382489800 |   382502200 |   382486300 |   382487400 |   382479000 |   382472300 |   382499000 |
|    RETIRED_INSTRUCTIONS   |   PMC0  |  742421600 |  742467300 |  742504700 |  742510500 |  742536400 |  742508500 |  742509300 |  742477400 |  742467800 |  742419700 |   742450400 |   742472000 |   742415600 |   742441000 |   742389100 |   742395800 |   742403400 |   742448200 |   742457200 |   742406700 |   742441500 |   742422600 |   742424200 |   742410000 |
|    CPU_CLOCKS_UNHALTED    |   PMC1  |  586600100 |  586830300 |  586922500 |  586912000 |  587029500 |  586871200 |  586950300 |  586759400 |  586746900 |  586428200 |   586559600 |   586734700 |   586400200 |   586480100 |   586304600 |   586328900 |   586357300 |   586640900 |   586684500 |   586399200 |   586578400 |   586482700 |   586496600 |   586476800 |
| RETIRED_SSE_AVX_FLOPS_ALL |   PMC2  | 9374400000 | 9374400000 | 9374400000 | 9374400000 | 9374400000 | 9374400000 | 9374400000 | 9374400000 | 9374400000 | 9374400000 |  9374400000 |  9374400000 |  9374400000 |  9374400000 |  9374400000 |  9374400000 |  9374400000 |  9374400000 |  9374400000 |  9374400000 |  9374400000 |  9374400000 |  9374400000 |  9374400000 |
|           MERGE           |   PMC3  |          0 |          0 |          0 |          0 |          0 |          0 |          0 |          0 |          0 |          0 |           0 |           0 |           0 |           0 |           0 |           0 |           0 |           0 |           0 |           0 |           0 |           0 |           0 |           0 |
+---------------------------+---------+------------+------------+------------+------------+------------+------------+------------+------------+------------+------------+-------------+-------------+-------------+-------------+-------------+-------------+-------------+-------------+-------------+-------------+-------------+-------------+-------------+-------------+

+--------------------------------+---------+--------------+------------+------------+--------------+
|              Event             | Counter |      Sum     |     Min    |     Max    |      Avg     |
+--------------------------------+---------+--------------+------------+------------+--------------+
|      ACTUAL_CPU_CLOCK STAT     |  FIXC1  |  14152505700 |  589661200 |  589743700 | 5.896877e+08 |
|       MAX_CPU_CLOCK STAT       |  FIXC2  |   9180108000 |  382472300 |  382558800 |    382504500 |
|    RETIRED_INSTRUCTIONS STAT   |   PMC0  |  17818800900 |  742389100 |  742536400 | 7.424500e+08 |
|    CPU_CLOCKS_UNHALTED STAT    |   PMC1  |  14078974900 |  586304600 |  587029500 | 5.866240e+08 |
| RETIRED_SSE_AVX_FLOPS_ALL STAT |   PMC2  | 224985600000 | 9374400000 | 9374400000 |   9374400000 |
|           MERGE STAT           |   PMC3  |            0 |          0 |          0 |            0 |
+--------------------------------+---------+--------------+------------+------------+--------------+

+----------------------+------------+------------+------------+------------+------------+------------+------------+------------+------------+------------+-------------+-------------+-------------+-------------+-------------+-------------+-------------+-------------+-------------+-------------+-------------+-------------+-------------+-------------+
|        Metric        | HWThread 0 | HWThread 1 | HWThread 2 | HWThread 3 | HWThread 4 | HWThread 5 | HWThread 6 | HWThread 7 | HWThread 8 | HWThread 9 | HWThread 10 | HWThread 11 | HWThread 12 | HWThread 13 | HWThread 14 | HWThread 15 | HWThread 16 | HWThread 17 | HWThread 18 | HWThread 19 | HWThread 20 | HWThread 21 | HWThread 22 | HWThread 23 |
+----------------------+------------+------------+------------+------------+------------+------------+------------+------------+------------+------------+-------------+-------------+-------------+-------------+-------------+-------------+-------------+-------------+-------------+-------------+-------------+-------------+-------------+-------------+
|  Runtime (RDTSC) [s] |     0.1592 |     0.1592 |     0.1592 |     0.1592 |     0.1592 |     0.1592 |     0.1592 |     0.1592 |     0.1592 |     0.1592 |      0.1592 |      0.1592 |      0.1592 |      0.1592 |      0.1592 |      0.1592 |      0.1592 |      0.1592 |      0.1592 |      0.1592 |      0.1592 |      0.1592 |      0.1592 |      0.1592 |
| Runtime unhalted [s] |     0.2457 |     0.2457 |     0.2457 |     0.2457 |     0.2457 |     0.2457 |     0.2457 |     0.2457 |     0.2457 |     0.2457 |      0.2457 |      0.2457 |      0.2457 |      0.2457 |      0.2457 |      0.2457 |      0.2457 |      0.2457 |      0.2457 |      0.2457 |      0.2457 |      0.2457 |      0.2457 |      0.2457 |
|      Clock [MHz]     |  3699.7164 |  3699.7599 |  3699.6218 |  3699.6205 |  3699.5066 |  3699.7227 |  3699.8142 |  3699.8738 |  3699.4626 |  3699.5592 |   3699.4074 |   3699.5031 |   3699.3971 |   3699.4587 |   3699.6295 |   3699.6413 |   3699.6669 |   3699.7057 |   3699.5293 |   3699.6850 |   3699.7634 |   3699.7637 |   3699.7777 |   3699.6004 |
|          CPI         |     0.7901 |     0.7904 |     0.7905 |     0.7904 |     0.7906 |     0.7904 |     0.7905 |     0.7903 |     0.7903 |     0.7899 |      0.7900 |      0.7902 |      0.7899 |      0.7899 |      0.7898 |      0.7898 |      0.7898 |      0.7901 |      0.7902 |      0.7899 |      0.7901 |      0.7900 |      0.7900 |      0.7900 |
|     DP [MFLOP/s]     | 58885.6797 | 58885.6797 | 58878.3937 | 58878.3568 | 58878.8005 | 58877.4323 | 58881.3153 | 58885.7907 | 58878.6526 | 58874.2522 |  58871.1465 |  58878.5047 |  58874.1413 |  58871.0356 |  58878.7635 |  58879.4292 |  58876.9885 |  58879.7250 |  58884.6810 |  58885.0879 |  58886.7894 |  58879.6511 |  58883.8303 |  58874.7699 |
+----------------------+------------+------------+------------+------------+------------+------------+------------+------------+------------+------------+-------------+-------------+-------------+-------------+-------------+-------------+-------------+-------------+-------------+-------------+-------------+-------------+-------------+-------------+

+---------------------------+--------------+------------+------------+------------+
|           Metric          |      Sum     |     Min    |     Max    |     Avg    |
+---------------------------+--------------+------------+------------+------------+
|  Runtime (RDTSC) [s] STAT |       3.8208 |     0.1592 |     0.1592 |     0.1592 |
| Runtime unhalted [s] STAT |       5.8968 |     0.2457 |     0.2457 |     0.2457 |
|      Clock [MHz] STAT     |   88791.1869 |  3699.3971 |  3699.8738 |  3699.6328 |
|          CPI STAT         |      18.9631 |     0.7898 |     0.7906 |     0.7901 |
|     DP [MFLOP/s] STAT     | 1.413109e+06 | 58871.0356 | 58886.7894 | 58879.5374 |
+---------------------------+--------------+------------+------------+------------+

