INFO: You are running LIKWID in a cpuset with 48 CPUs. Taking given IDs as logical ID in cpuset
--------------------------------------------------------------------------------
CPU name:	AMD EPYC 9654 96-Core Processor                
CPU type:	AMD K19 (Zen4) architecture
CPU clock:	2.40 GHz
--------------------------------------------------------------------------------
Warning: Sanitizing vector length to a multiple of the loop stride 16 and thread count 24 from 500000000 elements (4000000000 bytes) to 499999872 elements (3999998976 bytes)
Allocate: Process running on hwthread 0 (Domain N) - Vector length 499999872/3999998976 Offset 0 Alignment 512
Allocate: Process running on hwthread 0 (Domain N) - Vector length 499999872/3999998976 Offset 0 Alignment 512
Allocate: Process running on hwthread 0 (Domain N) - Vector length 499999872/3999998976 Offset 0 Alignment 512
Initialization: Each thread in domain initializes its own stream chunks
--------------------------------------------------------------------------------
LIKWID MICRO BENCHMARK
Test: stream_mem_avx_fma
--------------------------------------------------------------------------------
Using 1 work groups
Using 24 threads
--------------------------------------------------------------------------------
Using Likwid Marker API
--------------------------------------------------------------------------------
Group: 0 Thread 0 Global Thread 0 running on hwthread 0 - Vector length 20833328 Offset 0
Group: 0 Thread 1 Global Thread 1 running on hwthread 1 - Vector length 20833328 Offset 20833328
Group: 0 Thread 2 Global Thread 2 running on hwthread 2 - Vector length 20833328 Offset 41666656
Group: 0 Thread 3 Global Thread 3 running on hwthread 3 - Vector length 20833328 Offset 62499984
Group: 0 Thread 4 Global Thread 4 running on hwthread 4 - Vector length 20833328 Offset 83333312
Group: 0 Thread 5 Global Thread 5 running on hwthread 5 - Vector length 20833328 Offset 104166640
Group: 0 Thread 6 Global Thread 6 running on hwthread 6 - Vector length 20833328 Offset 124999968
Group: 0 Thread 7 Global Thread 7 running on hwthread 7 - Vector length 20833328 Offset 145833296
Group: 0 Thread 8 Global Thread 8 running on hwthread 8 - Vector length 20833328 Offset 166666624
Group: 0 Thread 9 Global Thread 9 running on hwthread 9 - Vector length 20833328 Offset 187499952
Group: 0 Thread 10 Global Thread 10 running on hwthread 10 - Vector length 20833328 Offset 208333280
Group: 0 Thread 11 Global Thread 11 running on hwthread 11 - Vector length 20833328 Offset 229166608
Group: 0 Thread 12 Global Thread 12 running on hwthread 12 - Vector length 20833328 Offset 249999936
Group: 0 Thread 13 Global Thread 13 running on hwthread 13 - Vector length 20833328 Offset 270833264
Group: 0 Thread 14 Global Thread 14 running on hwthread 14 - Vector length 20833328 Offset 291666592
Group: 0 Thread 15 Global Thread 15 running on hwthread 15 - Vector length 20833328 Offset 312499920
Group: 0 Thread 16 Global Thread 16 running on hwthread 16 - Vector length 20833328 Offset 333333248
Group: 0 Thread 17 Global Thread 17 running on hwthread 17 - Vector length 20833328 Offset 354166576
Group: 0 Thread 18 Global Thread 18 running on hwthread 18 - Vector length 20833328 Offset 374999904
Group: 0 Thread 19 Global Thread 19 running on hwthread 19 - Vector length 20833328 Offset 395833232
Group: 0 Thread 20 Global Thread 20 running on hwthread 20 - Vector length 20833328 Offset 416666560
Group: 0 Thread 21 Global Thread 21 running on hwthread 21 - Vector length 20833328 Offset 437499888
Group: 0 Thread 22 Global Thread 22 running on hwthread 22 - Vector length 20833328 Offset 458333216
Group: 0 Thread 23 Global Thread 23 running on hwthread 23 - Vector length 20833328 Offset 479166544
--------------------------------------------------------------------------------
Cycles:			15704640672
CPU Clock:		2399213454
Cycle Clock:		2399213454
Time:			6.545746e+00 sec
Iterations:		1200
Iterations per thread:	50
Inner loop executions:	1302083
Size (Byte):		11999996928
Size per thread:	499999872
Number of Flops:	49999987200
MFlops/s:		7638.55
Data volume (Byte):	599999846400
MByte/s:		91662.57
Cycles per update:	0.628186
Cycles per cacheline:	5.025486
Loads per update:	2
Stores per update:	1
Load bytes per element:	16
Store bytes per elem.:	8
Load/store ratio:	2.00
Instructions:		23437494017
UOPs:			34374991200
--------------------------------------------------------------------------------
Writing Likwid Marker API results to file /tmp/likwid_798584.txt
--------------------------------------------------------------------------------
Region bench, Group 1: MEMREAD
+-------------------+------------+------------+------------+------------+------------+------------+------------+------------+------------+------------+-------------+-------------+-------------+-------------+-------------+-------------+-------------+-------------+-------------+-------------+-------------+-------------+-------------+-------------+
|    Region Info    | HWThread 0 | HWThread 1 | HWThread 2 | HWThread 3 | HWThread 4 | HWThread 5 | HWThread 6 | HWThread 7 | HWThread 8 | HWThread 9 | HWThread 10 | HWThread 11 | HWThread 12 | HWThread 13 | HWThread 14 | HWThread 15 | HWThread 16 | HWThread 17 | HWThread 18 | HWThread 19 | HWThread 20 | HWThread 21 | HWThread 22 | HWThread 23 |
+-------------------+------------+------------+------------+------------+------------+------------+------------+------------+------------+------------+-------------+-------------+-------------+-------------+-------------+-------------+-------------+-------------+-------------+-------------+-------------+-------------+-------------+-------------+
| RDTSC Runtime [s] |   6.545434 |   6.545747 |   6.545744 |   6.545745 |   6.545747 |   6.545739 |   6.545743 |   6.545728 |   6.545715 |   6.545715 |    6.545716 |    6.545717 |    6.545717 |    6.545716 |    6.545715 |    6.545715 |    6.545719 |    6.545728 |    6.545729 |    6.545722 |    6.545722 |    6.545734 |    6.545734 |    6.545728 |
|     call count    |          1 |          1 |          1 |          1 |          1 |          1 |          1 |          1 |          1 |          1 |           1 |           1 |           1 |           1 |           1 |           1 |           1 |           1 |           1 |           1 |           1 |           1 |           1 |           1 |
+-------------------+------------+------------+------------+------------+------------+------------+------------+------------+------------+------------+-------------+-------------+-------------+-------------+-------------+-------------+-------------+-------------+-------------+-------------+-------------+-------------+-------------+-------------+

+-----------------------------+---------+-------------+-------------+-------------+-------------+-------------+-------------+-------------+-------------+-------------+-------------+-------------+-------------+-------------+-------------+-------------+-------------+-------------+-------------+-------------+-------------+-------------+-------------+-------------+-------------+
|            Event            | Counter |  HWThread 0 |  HWThread 1 |  HWThread 2 |  HWThread 3 |  HWThread 4 |  HWThread 5 |  HWThread 6 |  HWThread 7 |  HWThread 8 |  HWThread 9 | HWThread 10 | HWThread 11 | HWThread 12 | HWThread 13 | HWThread 14 | HWThread 15 | HWThread 16 | HWThread 17 | HWThread 18 | HWThread 19 | HWThread 20 | HWThread 21 | HWThread 22 | HWThread 23 |
+-----------------------------+---------+-------------+-------------+-------------+-------------+-------------+-------------+-------------+-------------+-------------+-------------+-------------+-------------+-------------+-------------+-------------+-------------+-------------+-------------+-------------+-------------+-------------+-------------+-------------+-------------+
|       ACTUAL_CPU_CLOCK      |  FIXC1  | 24211830000 | 24211890000 | 24211870000 | 24211880000 | 24211880000 | 24211870000 | 24211860000 | 24211880000 | 24211710000 | 24211710000 | 24211710000 | 24211700000 | 24211700000 | 24211670000 | 24211710000 | 24211700000 | 24211780000 | 24211800000 | 24211780000 | 24211780000 | 24211830000 | 24211770000 | 24211820000 | 24211790000 |
|        MAX_CPU_CLOCK        |  FIXC2  | 15704970000 | 15705050000 | 15705030000 | 15705040000 | 15705030000 | 15705020000 | 15705010000 | 15705030000 | 15704910000 | 15704910000 | 15704890000 | 15704890000 | 15704890000 | 15704880000 | 15704920000 | 15704890000 | 15704920000 | 15704930000 | 15704930000 | 15704920000 | 15704940000 | 15704940000 | 15704940000 | 15704930000 |
|     RETIRED_INSTRUCTIONS    |   PMC0  |   979297800 |   981609500 |   979483700 |   978410800 |   977438500 |   977769000 |   976655900 |   976578400 |  1072479000 |  1073191000 |  1068362000 |  1068553000 |  1066713000 |  1067562000 |  1065121000 |  1065137000 |  1027805000 |  1027878000 |  1024983000 |  1025633000 |  1022976000 |  1022970000 |  1021945000 |  1022164000 |
|     CPU_CLOCKS_UNHALTED     |   PMC1  | 24048410000 | 24057910000 | 24063000000 | 24058210000 | 24062330000 | 24063740000 | 24063070000 | 24059690000 | 24069050000 | 24069200000 | 24067440000 | 24069160000 | 24068590000 | 24069140000 | 24052300000 | 24067820000 | 24068870000 | 24067490000 | 24068960000 | 24069230000 | 24067850000 | 24072080000 | 24067580000 | 24067280000 |
|  DRAM_READS_LOCAL_CHANNEL_0 |   DFC0  |  2084458000 |           0 |           0 |           0 |           0 |           0 |           0 |           0 |           0 |           0 |           0 |           0 |           0 |           0 |           0 |           0 |           0 |           0 |           0 |           0 |           0 |           0 |           0 |           0 |
|  DRAM_READS_LOCAL_CHANNEL_1 |   DFC1  |  2084328000 |           0 |           0 |           0 |           0 |           0 |           0 |           0 |           0 |           0 |           0 |           0 |           0 |           0 |           0 |           0 |           0 |           0 |           0 |           0 |           0 |           0 |           0 |           0 |
|  DRAM_READS_LOCAL_CHANNEL_2 |   DFC2  |  2084290000 |           0 |           0 |           0 |           0 |           0 |           0 |           0 |           0 |           0 |           0 |           0 |           0 |           0 |           0 |           0 |           0 |           0 |           0 |           0 |           0 |           0 |           0 |           0 |
|  DRAM_READS_LOCAL_CHANNEL_3 |   DFC3  |      631571 |           0 |           0 |           0 |           0 |           0 |           0 |           0 |           0 |           0 |           0 |           0 |           0 |           0 |           0 |           0 |           0 |           0 |           0 |           0 |           0 |           0 |           0 |           0 |
|  DRAM_READS_LOCAL_CHANNEL_4 |   DFC4  |      717635 |           0 |           0 |           0 |           0 |           0 |           0 |           0 |           0 |           0 |           0 |           0 |           0 |           0 |           0 |           0 |           0 |           0 |           0 |           0 |           0 |           0 |           0 |           0 |
|  DRAM_READS_LOCAL_CHANNEL_5 |   DFC5  |      644583 |           0 |           0 |           0 |           0 |           0 |           0 |           0 |           0 |           0 |           0 |           0 |           0 |           0 |           0 |           0 |           0 |           0 |           0 |           0 |           0 |           0 |           0 |           0 |
|  DRAM_READS_LOCAL_CHANNEL_6 |   DFC6  |     1145610 |           0 |           0 |           0 |           0 |           0 |           0 |           0 |           0 |           0 |           0 |           0 |           0 |           0 |           0 |           0 |           0 |           0 |           0 |           0 |           0 |           0 |           0 |           0 |
|  DRAM_READS_LOCAL_CHANNEL_7 |   DFC7  |     1018328 |           0 |           0 |           0 |           0 |           0 |           0 |           0 |           0 |           0 |           0 |           0 |           0 |           0 |           0 |           0 |           0 |           0 |           0 |           0 |           0 |           0 |           0 |           0 |
|  DRAM_READS_LOCAL_CHANNEL_8 |   DFC8  |     1262527 |           0 |           0 |           0 |           0 |           0 |           0 |           0 |           0 |           0 |           0 |           0 |           0 |           0 |           0 |           0 |           0 |           0 |           0 |           0 |           0 |           0 |           0 |           0 |
|  DRAM_READS_LOCAL_CHANNEL_9 |   DFC9  |      302673 |           0 |           0 |           0 |           0 |           0 |           0 |           0 |           0 |           0 |           0 |           0 |           0 |           0 |           0 |           0 |           0 |           0 |           0 |           0 |           0 |           0 |           0 |           0 |
| DRAM_READS_LOCAL_CHANNEL_10 |  DFC10  |      292572 |           0 |           0 |           0 |           0 |           0 |           0 |           0 |           0 |           0 |           0 |           0 |           0 |           0 |           0 |           0 |           0 |           0 |           0 |           0 |           0 |           0 |           0 |           0 |
| DRAM_READS_LOCAL_CHANNEL_11 |  DFC11  |      307947 |           0 |           0 |           0 |           0 |           0 |           0 |           0 |           0 |           0 |           0 |           0 |           0 |           0 |           0 |           0 |           0 |           0 |           0 |           0 |           0 |           0 |           0 |           0 |
+-----------------------------+---------+-------------+-------------+-------------+-------------+-------------+-------------+-------------+-------------+-------------+-------------+-------------+-------------+-------------+-------------+-------------+-------------+-------------+-------------+-------------+-------------+-------------+-------------+-------------+-------------+

+----------------------------------+---------+--------------+-------------+-------------+--------------+
|               Event              | Counter |      Sum     |     Min     |     Max     |      Avg     |
+----------------------------------+---------+--------------+-------------+-------------+--------------+
|       ACTUAL_CPU_CLOCK STAT      |  FIXC1  | 581082920000 | 24211670000 | 24211890000 | 2.421179e+10 |
|        MAX_CPU_CLOCK STAT        |  FIXC2  | 376918810000 | 15704880000 | 15705050000 | 1.570495e+10 |
|     RETIRED_INSTRUCTIONS STAT    |   PMC0  |  24570715600 |   976578400 |  1073191000 | 1.023780e+09 |
|     CPU_CLOCKS_UNHALTED STAT     |   PMC1  | 577558400000 | 24048410000 | 24072080000 | 2.406493e+10 |
|  DRAM_READS_LOCAL_CHANNEL_0 STAT |   DFC0  |   2084458000 |           0 |  2084458000 | 8.685242e+07 |
|  DRAM_READS_LOCAL_CHANNEL_1 STAT |   DFC1  |   2084328000 |           0 |  2084328000 |     86847000 |
|  DRAM_READS_LOCAL_CHANNEL_2 STAT |   DFC2  |   2084290000 |           0 |  2084290000 | 8.684542e+07 |
|  DRAM_READS_LOCAL_CHANNEL_3 STAT |   DFC3  |       631571 |           0 |      631571 |   26315.4583 |
|  DRAM_READS_LOCAL_CHANNEL_4 STAT |   DFC4  |       717635 |           0 |      717635 |   29901.4583 |
|  DRAM_READS_LOCAL_CHANNEL_5 STAT |   DFC5  |       644583 |           0 |      644583 |   26857.6250 |
|  DRAM_READS_LOCAL_CHANNEL_6 STAT |   DFC6  |      1145610 |           0 |     1145610 |   47733.7500 |
|  DRAM_READS_LOCAL_CHANNEL_7 STAT |   DFC7  |      1018328 |           0 |     1018328 |   42430.3333 |
|  DRAM_READS_LOCAL_CHANNEL_8 STAT |   DFC8  |      1262527 |           0 |     1262527 |   52605.2917 |
|  DRAM_READS_LOCAL_CHANNEL_9 STAT |   DFC9  |       302673 |           0 |      302673 |   12611.3750 |
| DRAM_READS_LOCAL_CHANNEL_10 STAT |  DFC10  |       292572 |           0 |      292572 |   12190.5000 |
| DRAM_READS_LOCAL_CHANNEL_11 STAT |  DFC11  |       307947 |           0 |      307947 |   12831.1250 |
+----------------------------------+---------+--------------+-------------+-------------+--------------+

+----------------------------------+------------+------------+------------+------------+------------+------------+------------+------------+------------+------------+-------------+-------------+-------------+-------------+-------------+-------------+-------------+-------------+-------------+-------------+-------------+-------------+-------------+-------------+
|              Metric              | HWThread 0 | HWThread 1 | HWThread 2 | HWThread 3 | HWThread 4 | HWThread 5 | HWThread 6 | HWThread 7 | HWThread 8 | HWThread 9 | HWThread 10 | HWThread 11 | HWThread 12 | HWThread 13 | HWThread 14 | HWThread 15 | HWThread 16 | HWThread 17 | HWThread 18 | HWThread 19 | HWThread 20 | HWThread 21 | HWThread 22 | HWThread 23 |
+----------------------------------+------------+------------+------------+------------+------------+------------+------------+------------+------------+------------+-------------+-------------+-------------+-------------+-------------+-------------+-------------+-------------+-------------+-------------+-------------+-------------+-------------+-------------+
|        Runtime (RDTSC) [s]       |     6.5454 |     6.5457 |     6.5457 |     6.5457 |     6.5457 |     6.5457 |     6.5457 |     6.5457 |     6.5457 |     6.5457 |      6.5457 |      6.5457 |      6.5457 |      6.5457 |      6.5457 |      6.5457 |      6.5457 |      6.5457 |      6.5457 |      6.5457 |      6.5457 |      6.5457 |      6.5457 |      6.5457 |
|       Runtime unhalted [s]       |    10.0884 |    10.0884 |    10.0884 |    10.0884 |    10.0884 |    10.0884 |    10.0884 |    10.0884 |    10.0883 |    10.0883 |     10.0883 |     10.0883 |     10.0883 |     10.0883 |     10.0883 |     10.0883 |     10.0883 |     10.0884 |     10.0883 |     10.0883 |     10.0884 |     10.0883 |     10.0884 |     10.0884 |
|            Clock [MHz]           |  3699.9619 |  3699.9523 |  3699.9539 |  3699.9531 |  3699.9554 |  3699.9563 |  3699.9571 |  3699.9554 |  3699.9577 |  3699.9577 |   3699.9624 |   3699.9609 |   3699.9609 |   3699.9587 |   3699.9554 |   3699.9609 |   3699.9661 |   3699.9668 |   3699.9637 |   3699.9661 |   3699.9690 |   3699.9598 |   3699.9675 |   3699.9652 |
|                CPI               |    24.5568 |    24.5086 |    24.5670 |    24.5891 |    24.6177 |    24.6109 |    24.6382 |    24.6367 |    22.4424 |    22.4277 |     22.5274 |     22.5250 |     22.5633 |     22.5459 |     22.5818 |     22.5960 |     23.4177 |     23.4147 |     23.4823 |     23.4677 |     23.5273 |     23.5316 |     23.5508 |     23.5454 |
| Memory read bandwidth [MBytes/s] | 61203.2089 |          0 |          0 |          0 |          0 |          0 |          0 |          0 |          0 |          0 |           0 |           0 |           0 |           0 |           0 |           0 |           0 |           0 |           0 |           0 |           0 |           0 |           0 |           0 |
| Memory read data volume [GBytes] |   400.6016 |          0 |          0 |          0 |          0 |          0 |          0 |          0 |          0 |          0 |           0 |           0 |           0 |           0 |           0 |           0 |           0 |           0 |           0 |           0 |           0 |           0 |           0 |           0 |
+----------------------------------+------------+------------+------------+------------+------------+------------+------------+------------+------------+------------+-------------+-------------+-------------+-------------+-------------+-------------+-------------+-------------+-------------+-------------+-------------+-------------+-------------+-------------+

+---------------------------------------+------------+-----------+------------+-----------+
|                 Metric                |     Sum    |    Min    |     Max    |    Avg    |
+---------------------------------------+------------+-----------+------------+-----------+
|        Runtime (RDTSC) [s] STAT       |   157.0965 |    6.5454 |     6.5457 |    6.5457 |
|       Runtime unhalted [s] STAT       |   242.1204 |   10.0883 |    10.0884 |   10.0884 |
|            Clock [MHz] STAT           | 88799.0442 | 3699.9523 |  3699.9690 | 3699.9602 |
|                CPI STAT               |   564.8720 |   22.4277 |    24.6382 |   23.5363 |
| Memory read bandwidth [MBytes/s] STAT | 61203.2089 |         0 | 61203.2089 | 2550.1337 |
| Memory read data volume [GBytes] STAT |   400.6016 |         0 |   400.6016 |   16.6917 |
+---------------------------------------+------------+-----------+------------+-----------+

