INFO: You are running LIKWID in a cpuset with 192 CPUs. Taking given IDs as logical ID in cpuset
--------------------------------------------------------------------------------
CPU name:	AMD EPYC 9654 96-Core Processor                
CPU type:	AMD K19 (Zen4) architecture
CPU clock:	2.40 GHz
--------------------------------------------------------------------------------
Warning: Sanitizing vector length to a multiple of the loop stride 8 and thread count 96 from 6000000 elements (48000000 bytes) to 5999616 elements (47996928 bytes)
Allocate: Process running on hwthread 0 (Domain N) - Vector length 5999616/47996928 Offset 0 Alignment 512
Initialization: Each thread in domain initializes its own stream chunks
--------------------------------------------------------------------------------
LIKWID MICRO BENCHMARK
Test: peakflops_avx512_fma
--------------------------------------------------------------------------------
Using 1 work groups
Using 96 threads
--------------------------------------------------------------------------------
Using Likwid Marker API
--------------------------------------------------------------------------------
Group: 0 Thread 0 Global Thread 0 running on hwthread 0 - Vector length 62496 Offset 0
Group: 0 Thread 1 Global Thread 1 running on hwthread 1 - Vector length 62496 Offset 62496
Group: 0 Thread 2 Global Thread 2 running on hwthread 2 - Vector length 62496 Offset 124992
Group: 0 Thread 3 Global Thread 3 running on hwthread 3 - Vector length 62496 Offset 187488
Group: 0 Thread 4 Global Thread 4 running on hwthread 4 - Vector length 62496 Offset 249984
Group: 0 Thread 5 Global Thread 5 running on hwthread 5 - Vector length 62496 Offset 312480
Group: 0 Thread 6 Global Thread 6 running on hwthread 6 - Vector length 62496 Offset 374976
Group: 0 Thread 7 Global Thread 7 running on hwthread 7 - Vector length 62496 Offset 437472
Group: 0 Thread 8 Global Thread 8 running on hwthread 8 - Vector length 62496 Offset 499968
Group: 0 Thread 9 Global Thread 9 running on hwthread 9 - Vector length 62496 Offset 562464
Group: 0 Thread 10 Global Thread 10 running on hwthread 10 - Vector length 62496 Offset 624960
Group: 0 Thread 11 Global Thread 11 running on hwthread 11 - Vector length 62496 Offset 687456
Group: 0 Thread 12 Global Thread 12 running on hwthread 12 - Vector length 62496 Offset 749952
Group: 0 Thread 13 Global Thread 13 running on hwthread 13 - Vector length 62496 Offset 812448
Group: 0 Thread 14 Global Thread 14 running on hwthread 14 - Vector length 62496 Offset 874944
Group: 0 Thread 15 Global Thread 15 running on hwthread 15 - Vector length 62496 Offset 937440
Group: 0 Thread 16 Global Thread 16 running on hwthread 16 - Vector length 62496 Offset 999936
Group: 0 Thread 17 Global Thread 17 running on hwthread 17 - Vector length 62496 Offset 1062432
Group: 0 Thread 18 Global Thread 18 running on hwthread 18 - Vector length 62496 Offset 1124928
Group: 0 Thread 19 Global Thread 19 running on hwthread 19 - Vector length 62496 Offset 1187424
Group: 0 Thread 20 Global Thread 20 running on hwthread 20 - Vector length 62496 Offset 1249920
Group: 0 Thread 21 Global Thread 21 running on hwthread 21 - Vector length 62496 Offset 1312416
Group: 0 Thread 22 Global Thread 22 running on hwthread 22 - Vector length 62496 Offset 1374912
Group: 0 Thread 23 Global Thread 23 running on hwthread 23 - Vector length 62496 Offset 1437408
Group: 0 Thread 24 Global Thread 24 running on hwthread 24 - Vector length 62496 Offset 1499904
Group: 0 Thread 25 Global Thread 25 running on hwthread 25 - Vector length 62496 Offset 1562400
Group: 0 Thread 26 Global Thread 26 running on hwthread 26 - Vector length 62496 Offset 1624896
Group: 0 Thread 27 Global Thread 27 running on hwthread 27 - Vector length 62496 Offset 1687392
Group: 0 Thread 28 Global Thread 28 running on hwthread 28 - Vector length 62496 Offset 1749888
Group: 0 Thread 29 Global Thread 29 running on hwthread 29 - Vector length 62496 Offset 1812384
Group: 0 Thread 30 Global Thread 30 running on hwthread 30 - Vector length 62496 Offset 1874880
Group: 0 Thread 31 Global Thread 31 running on hwthread 31 - Vector length 62496 Offset 1937376
Group: 0 Thread 32 Global Thread 32 running on hwthread 32 - Vector length 62496 Offset 1999872
Group: 0 Thread 33 Global Thread 33 running on hwthread 33 - Vector length 62496 Offset 2062368
Group: 0 Thread 34 Global Thread 34 running on hwthread 34 - Vector length 62496 Offset 2124864
Group: 0 Thread 35 Global Thread 35 running on hwthread 35 - Vector length 62496 Offset 2187360
Group: 0 Thread 36 Global Thread 36 running on hwthread 36 - Vector length 62496 Offset 2249856
Group: 0 Thread 37 Global Thread 37 running on hwthread 37 - Vector length 62496 Offset 2312352
Group: 0 Thread 38 Global Thread 38 running on hwthread 38 - Vector length 62496 Offset 2374848
Group: 0 Thread 39 Global Thread 39 running on hwthread 39 - Vector length 62496 Offset 2437344
Group: 0 Thread 40 Global Thread 40 running on hwthread 40 - Vector length 62496 Offset 2499840
Group: 0 Thread 41 Global Thread 41 running on hwthread 41 - Vector length 62496 Offset 2562336
Group: 0 Thread 42 Global Thread 42 running on hwthread 42 - Vector length 62496 Offset 2624832
Group: 0 Thread 43 Global Thread 43 running on hwthread 43 - Vector length 62496 Offset 2687328
Group: 0 Thread 44 Global Thread 44 running on hwthread 44 - Vector length 62496 Offset 2749824
Group: 0 Thread 45 Global Thread 45 running on hwthread 45 - Vector length 62496 Offset 2812320
Group: 0 Thread 46 Global Thread 46 running on hwthread 46 - Vector length 62496 Offset 2874816
Group: 0 Thread 47 Global Thread 47 running on hwthread 47 - Vector length 62496 Offset 2937312
Group: 0 Thread 48 Global Thread 48 running on hwthread 48 - Vector length 62496 Offset 2999808
Group: 0 Thread 49 Global Thread 49 running on hwthread 49 - Vector length 62496 Offset 3062304
Group: 0 Thread 50 Global Thread 50 running on hwthread 50 - Vector length 62496 Offset 3124800
Group: 0 Thread 51 Global Thread 51 running on hwthread 51 - Vector length 62496 Offset 3187296
Group: 0 Thread 52 Global Thread 52 running on hwthread 52 - Vector length 62496 Offset 3249792
Group: 0 Thread 53 Global Thread 53 running on hwthread 53 - Vector length 62496 Offset 3312288
Group: 0 Thread 54 Global Thread 54 running on hwthread 54 - Vector length 62496 Offset 3374784
Group: 0 Thread 55 Global Thread 55 running on hwthread 55 - Vector length 62496 Offset 3437280
Group: 0 Thread 56 Global Thread 56 running on hwthread 56 - Vector length 62496 Offset 3499776
Group: 0 Thread 57 Global Thread 57 running on hwthread 57 - Vector length 62496 Offset 3562272
Group: 0 Thread 58 Global Thread 58 running on hwthread 58 - Vector length 62496 Offset 3624768
Group: 0 Thread 59 Global Thread 59 running on hwthread 59 - Vector length 62496 Offset 3687264
Group: 0 Thread 60 Global Thread 60 running on hwthread 60 - Vector length 62496 Offset 3749760
Group: 0 Thread 61 Global Thread 61 running on hwthread 61 - Vector length 62496 Offset 3812256
Group: 0 Thread 62 Global Thread 62 running on hwthread 62 - Vector length 62496 Offset 3874752
Group: 0 Thread 63 Global Thread 63 running on hwthread 63 - Vector length 62496 Offset 3937248
Group: 0 Thread 64 Global Thread 64 running on hwthread 64 - Vector length 62496 Offset 3999744
Group: 0 Thread 65 Global Thread 65 running on hwthread 65 - Vector length 62496 Offset 4062240
Group: 0 Thread 66 Global Thread 66 running on hwthread 66 - Vector length 62496 Offset 4124736
Group: 0 Thread 67 Global Thread 67 running on hwthread 67 - Vector length 62496 Offset 4187232
Group: 0 Thread 68 Global Thread 68 running on hwthread 68 - Vector length 62496 Offset 4249728
Group: 0 Thread 69 Global Thread 69 running on hwthread 69 - Vector length 62496 Offset 4312224
Group: 0 Thread 70 Global Thread 70 running on hwthread 70 - Vector length 62496 Offset 4374720
Group: 0 Thread 71 Global Thread 71 running on hwthread 71 - Vector length 62496 Offset 4437216
Group: 0 Thread 72 Global Thread 72 running on hwthread 72 - Vector length 62496 Offset 4499712
Group: 0 Thread 73 Global Thread 73 running on hwthread 73 - Vector length 62496 Offset 4562208
Group: 0 Thread 74 Global Thread 74 running on hwthread 74 - Vector length 62496 Offset 4624704
Group: 0 Thread 75 Global Thread 75 running on hwthread 75 - Vector length 62496 Offset 4687200
Group: 0 Thread 76 Global Thread 76 running on hwthread 76 - Vector length 62496 Offset 4749696
Group: 0 Thread 77 Global Thread 77 running on hwthread 77 - Vector length 62496 Offset 4812192
Group: 0 Thread 78 Global Thread 78 running on hwthread 78 - Vector length 62496 Offset 4874688
Group: 0 Thread 79 Global Thread 79 running on hwthread 79 - Vector length 62496 Offset 4937184
Group: 0 Thread 80 Global Thread 80 running on hwthread 80 - Vector length 62496 Offset 4999680
Group: 0 Thread 81 Global Thread 81 running on hwthread 81 - Vector length 62496 Offset 5062176
Group: 0 Thread 82 Global Thread 82 running on hwthread 82 - Vector length 62496 Offset 5124672
Group: 0 Thread 83 Global Thread 83 running on hwthread 83 - Vector length 62496 Offset 5187168
Group: 0 Thread 84 Global Thread 84 running on hwthread 84 - Vector length 62496 Offset 5249664
Group: 0 Thread 85 Global Thread 85 running on hwthread 85 - Vector length 62496 Offset 5312160
Group: 0 Thread 86 Global Thread 86 running on hwthread 86 - Vector length 62496 Offset 5374656
Group: 0 Thread 87 Global Thread 87 running on hwthread 87 - Vector length 62496 Offset 5437152
Group: 0 Thread 88 Global Thread 88 running on hwthread 88 - Vector length 62496 Offset 5499648
Group: 0 Thread 89 Global Thread 89 running on hwthread 89 - Vector length 62496 Offset 5562144
Group: 0 Thread 90 Global Thread 90 running on hwthread 90 - Vector length 62496 Offset 5624640
Group: 0 Thread 91 Global Thread 91 running on hwthread 91 - Vector length 62496 Offset 5687136
Group: 0 Thread 92 Global Thread 92 running on hwthread 92 - Vector length 62496 Offset 5749632
Group: 0 Thread 93 Global Thread 93 running on hwthread 93 - Vector length 62496 Offset 5812128
Group: 0 Thread 94 Global Thread 94 running on hwthread 94 - Vector length 62496 Offset 5874624
Group: 0 Thread 95 Global Thread 95 running on hwthread 95 - Vector length 62496 Offset 5937120
--------------------------------------------------------------------------------
Cycles:			383166120
CPU Clock:		2399931252
Cycle Clock:		2399931252
Time:			1.596571e-01 sec
Iterations:		480000
Iterations per thread:	5000
Inner loop executions:	7812
Size (Byte):		47996928
Size per thread:	499968
Number of Flops:	899942400000
MFlops/s:		5636719.37
Data volume (Byte):	239984640000
MByte/s:		1503125.17
Cycles per update:	0.012773
Cycles per cacheline:	0.102184
Loads per update:	1
Stores per update:	0
Load bytes per element:	8
Store bytes per elem.:	0
Instructions:		71245440032
UOPs:			67495680000
--------------------------------------------------------------------------------
Writing Likwid Marker API results to file /tmp/likwid_816849.txt
--------------------------------------------------------------------------------
Region bench, Group 1: FLOPS_DP
+-------------------+------------+------------+------------+------------+------------+------------+------------+------------+------------+------------+-------------+-------------+-------------+-------------+-------------+-------------+-------------+-------------+-------------+-------------+-------------+-------------+-------------+-------------+-------------+-------------+-------------+-------------+-------------+-------------+-------------+-------------+-------------+-------------+-------------+-------------+-------------+-------------+-------------+-------------+-------------+-------------+-------------+-------------+-------------+-------------+-------------+-------------+-------------+-------------+-------------+-------------+-------------+-------------+-------------+-------------+-------------+-------------+-------------+-------------+-------------+-------------+-------------+-------------+-------------+-------------+-------------+-------------+-------------+-------------+-------------+-------------+-------------+-------------+-------------+-------------+-------------+-------------+-------------+-------------+-------------+-------------+-------------+-------------+-------------+-------------+-------------+-------------+-------------+-------------+-------------+-------------+-------------+-------------+-------------+-------------+
|    Region Info    | HWThread 0 | HWThread 1 | HWThread 2 | HWThread 3 | HWThread 4 | HWThread 5 | HWThread 6 | HWThread 7 | HWThread 8 | HWThread 9 | HWThread 10 | HWThread 11 | HWThread 12 | HWThread 13 | HWThread 14 | HWThread 15 | HWThread 16 | HWThread 17 | HWThread 18 | HWThread 19 | HWThread 20 | HWThread 21 | HWThread 22 | HWThread 23 | HWThread 24 | HWThread 25 | HWThread 26 | HWThread 27 | HWThread 28 | HWThread 29 | HWThread 30 | HWThread 31 | HWThread 32 | HWThread 33 | HWThread 34 | HWThread 35 | HWThread 36 | HWThread 37 | HWThread 38 | HWThread 39 | HWThread 40 | HWThread 41 | HWThread 42 | HWThread 43 | HWThread 44 | HWThread 45 | HWThread 46 | HWThread 47 | HWThread 48 | HWThread 49 | HWThread 50 | HWThread 51 | HWThread 52 | HWThread 53 | HWThread 54 | HWThread 55 | HWThread 56 | HWThread 57 | HWThread 58 | HWThread 59 | HWThread 60 | HWThread 61 | HWThread 62 | HWThread 63 | HWThread 64 | HWThread 65 | HWThread 66 | HWThread 67 | HWThread 68 | HWThread 69 | HWThread 70 | HWThread 71 | HWThread 72 | HWThread 73 | HWThread 74 | HWThread 75 | HWThread 76 | HWThread 77 | HWThread 78 | HWThread 79 | HWThread 80 | HWThread 81 | HWThread 82 | HWThread 83 | HWThread 84 | HWThread 85 | HWThread 86 | HWThread 87 | HWThread 88 | HWThread 89 | HWThread 90 | HWThread 91 | HWThread 92 | HWThread 93 | HWThread 94 | HWThread 95 |
+-------------------+------------+------------+------------+------------+------------+------------+------------+------------+------------+------------+-------------+-------------+-------------+-------------+-------------+-------------+-------------+-------------+-------------+-------------+-------------+-------------+-------------+-------------+-------------+-------------+-------------+-------------+-------------+-------------+-------------+-------------+-------------+-------------+-------------+-------------+-------------+-------------+-------------+-------------+-------------+-------------+-------------+-------------+-------------+-------------+-------------+-------------+-------------+-------------+-------------+-------------+-------------+-------------+-------------+-------------+-------------+-------------+-------------+-------------+-------------+-------------+-------------+-------------+-------------+-------------+-------------+-------------+-------------+-------------+-------------+-------------+-------------+-------------+-------------+-------------+-------------+-------------+-------------+-------------+-------------+-------------+-------------+-------------+-------------+-------------+-------------+-------------+-------------+-------------+-------------+-------------+-------------+-------------+-------------+-------------+
| RDTSC Runtime [s] |   0.159510 |   0.159568 |   0.159504 |   0.159563 |   0.159553 |   0.159522 |   0.159566 |   0.159567 |   0.159420 |   0.159389 |    0.159378 |    0.159388 |    0.159422 |    0.159417 |    0.159395 |    0.159425 |    0.159381 |    0.159417 |    0.159416 |    0.159415 |    0.159425 |    0.159399 |    0.159379 |    0.159417 |    0.159514 |    0.159464 |    0.159516 |    0.159427 |    0.159426 |    0.159463 |    0.159473 |    0.159425 |    0.159508 |    0.159528 |    0.159469 |    0.159427 |    0.159498 |    0.159529 |    0.159505 |    0.159468 |    0.159566 |    0.159503 |    0.159470 |    0.159556 |    0.159534 |    0.159567 |    0.159446 |    0.159509 |    0.159654 |    0.159658 |    0.159512 |    0.159601 |    0.159595 |    0.159515 |    0.159570 |    0.159599 |    0.159421 |    0.159556 |    0.159529 |    0.159568 |    0.159420 |    0.159522 |    0.159560 |    0.159571 |    0.159471 |    0.159484 |    0.159474 |    0.159481 |    0.159461 |    0.159418 |    0.159469 |    0.159468 |    0.159419 |    0.159484 |    0.159474 |    0.159473 |    0.159484 |    0.159422 |    0.159474 |    0.159483 |    0.159426 |    0.159562 |    0.159543 |    0.159571 |    0.159428 |    0.159602 |    0.159555 |    0.159606 |    0.159553 |    0.159573 |    0.159511 |    0.159573 |    0.159574 |    0.159553 |    0.159553 |    0.159497 |
|     call count    |          1 |          1 |          1 |          1 |          1 |          1 |          1 |          1 |          1 |          1 |           1 |           1 |           1 |           1 |           1 |           1 |           1 |           1 |           1 |           1 |           1 |           1 |           1 |           1 |           1 |           1 |           1 |           1 |           1 |           1 |           1 |           1 |           1 |           1 |           1 |           1 |           1 |           1 |           1 |           1 |           1 |           1 |           1 |           1 |           1 |           1 |           1 |           1 |           1 |           1 |           1 |           1 |           1 |           1 |           1 |           1 |           1 |           1 |           1 |           1 |           1 |           1 |           1 |           1 |           1 |           1 |           1 |           1 |           1 |           1 |           1 |           1 |           1 |           1 |           1 |           1 |           1 |           1 |           1 |           1 |           1 |           1 |           1 |           1 |           1 |           1 |           1 |           1 |           1 |           1 |           1 |           1 |           1 |           1 |           1 |           1 |
+-------------------+------------+------------+------------+------------+------------+------------+------------+------------+------------+------------+-------------+-------------+-------------+-------------+-------------+-------------+-------------+-------------+-------------+-------------+-------------+-------------+-------------+-------------+-------------+-------------+-------------+-------------+-------------+-------------+-------------+-------------+-------------+-------------+-------------+-------------+-------------+-------------+-------------+-------------+-------------+-------------+-------------+-------------+-------------+-------------+-------------+-------------+-------------+-------------+-------------+-------------+-------------+-------------+-------------+-------------+-------------+-------------+-------------+-------------+-------------+-------------+-------------+-------------+-------------+-------------+-------------+-------------+-------------+-------------+-------------+-------------+-------------+-------------+-------------+-------------+-------------+-------------+-------------+-------------+-------------+-------------+-------------+-------------+-------------+-------------+-------------+-------------+-------------+-------------+-------------+-------------+-------------+-------------+-------------+-------------+

+---------------------------+---------+------------+------------+------------+------------+------------+------------+------------+------------+------------+------------+-------------+-------------+-------------+-------------+-------------+-------------+-------------+-------------+-------------+-------------+-------------+-------------+-------------+-------------+-------------+-------------+-------------+-------------+-------------+-------------+-------------+-------------+-------------+-------------+-------------+-------------+-------------+-------------+-------------+-------------+-------------+-------------+-------------+-------------+-------------+-------------+-------------+-------------+-------------+-------------+-------------+-------------+-------------+-------------+-------------+-------------+-------------+-------------+-------------+-------------+-------------+-------------+-------------+-------------+-------------+-------------+-------------+-------------+-------------+-------------+-------------+-------------+-------------+-------------+-------------+-------------+-------------+-------------+-------------+-------------+-------------+-------------+-------------+-------------+-------------+-------------+-------------+-------------+-------------+-------------+-------------+-------------+-------------+-------------+-------------+-------------+
|           Event           | Counter | HWThread 0 | HWThread 1 | HWThread 2 | HWThread 3 | HWThread 4 | HWThread 5 | HWThread 6 | HWThread 7 | HWThread 8 | HWThread 9 | HWThread 10 | HWThread 11 | HWThread 12 | HWThread 13 | HWThread 14 | HWThread 15 | HWThread 16 | HWThread 17 | HWThread 18 | HWThread 19 | HWThread 20 | HWThread 21 | HWThread 22 | HWThread 23 | HWThread 24 | HWThread 25 | HWThread 26 | HWThread 27 | HWThread 28 | HWThread 29 | HWThread 30 | HWThread 31 | HWThread 32 | HWThread 33 | HWThread 34 | HWThread 35 | HWThread 36 | HWThread 37 | HWThread 38 | HWThread 39 | HWThread 40 | HWThread 41 | HWThread 42 | HWThread 43 | HWThread 44 | HWThread 45 | HWThread 46 | HWThread 47 | HWThread 48 | HWThread 49 | HWThread 50 | HWThread 51 | HWThread 52 | HWThread 53 | HWThread 54 | HWThread 55 | HWThread 56 | HWThread 57 | HWThread 58 | HWThread 59 | HWThread 60 | HWThread 61 | HWThread 62 | HWThread 63 | HWThread 64 | HWThread 65 | HWThread 66 | HWThread 67 | HWThread 68 | HWThread 69 | HWThread 70 | HWThread 71 | HWThread 72 | HWThread 73 | HWThread 74 | HWThread 75 | HWThread 76 | HWThread 77 | HWThread 78 | HWThread 79 | HWThread 80 | HWThread 81 | HWThread 82 | HWThread 83 | HWThread 84 | HWThread 85 | HWThread 86 | HWThread 87 | HWThread 88 | HWThread 89 | HWThread 90 | HWThread 91 | HWThread 92 | HWThread 93 | HWThread 94 | HWThread 95 |
+---------------------------+---------+------------+------------+------------+------------+------------+------------+------------+------------+------------+------------+-------------+-------------+-------------+-------------+-------------+-------------+-------------+-------------+-------------+-------------+-------------+-------------+-------------+-------------+-------------+-------------+-------------+-------------+-------------+-------------+-------------+-------------+-------------+-------------+-------------+-------------+-------------+-------------+-------------+-------------+-------------+-------------+-------------+-------------+-------------+-------------+-------------+-------------+-------------+-------------+-------------+-------------+-------------+-------------+-------------+-------------+-------------+-------------+-------------+-------------+-------------+-------------+-------------+-------------+-------------+-------------+-------------+-------------+-------------+-------------+-------------+-------------+-------------+-------------+-------------+-------------+-------------+-------------+-------------+-------------+-------------+-------------+-------------+-------------+-------------+-------------+-------------+-------------+-------------+-------------+-------------+-------------+-------------+-------------+-------------+-------------+
|      ACTUAL_CPU_CLOCK     |  FIXC1  |  592087400 |  592464300 |  591754000 |  592088800 |  591931100 |  592097700 |  592125200 |  592034900 |  591579200 |  590978800 |   591592100 |   591220500 |   591590200 |   591037000 |   591049500 |   591545500 |   591185300 |   590987200 |   590987100 |   591172900 |   591150600 |   591490900 |   590978700 |   591153000 |   591193800 |   591177400 |   591468100 |   591111100 |   591158500 |   591120100 |   591241900 |   591104700 |   591680700 |   591988100 |   591585500 |   591664100 |   592078100 |   592061100 |   592253300 |   591668700 |   592741800 |   592557400 |   593040100 |   592792500 |   592770400 |   592982100 |   592888200 |   592558700 |   592111500 |   592111500 |   591780700 |   592086100 |   591815800 |   591677500 |   592127200 |   591815100 |   592130700 |   592471200 |   592157300 |   592293500 |   592200000 |   592437700 |   592492600 |   592192800 |   591593800 |   591786400 |   592116600 |   592102700 |   591963700 |   591540500 |   591828800 |   591578500 |   591551000 |   592062700 |   592106700 |   591888100 |   592067800 |   591570400 |   592105200 |   591753600 |   592825700 |   592582200 |   592623700 |   592592700 |   592372700 |   592584000 |   592590600 |   592634500 |   592045800 |   592301000 |   592031400 |   592372100 |   592364400 |   592357900 |   592040400 |   592385300 |
|       MAX_CPU_CLOCK       |  FIXC2  |  384448700 |  384427700 |  384080900 |  384252900 |  384216000 |  384447000 |  384263900 |  384236700 |  384234300 |  383832300 |   384234000 |   383873300 |   384244400 |   383831900 |   383835600 |   384080300 |   383897900 |   383858900 |   383861100 |   383896100 |   383888700 |   384236300 |   383848000 |   383875300 |   384123600 |   384024600 |   384105800 |   384009200 |   384033600 |   384027600 |   384042300 |   383870800 |   384062600 |   384204300 |   383985000 |   384048200 |   384259200 |   384241000 |   384297500 |   384042300 |   384440900 |   384410100 |   384600600 |   384644500 |   384493200 |   384673200 |   384556900 |   384411800 |   384465300 |   384473500 |   384183900 |   384194200 |   384172200 |   384018900 |   384481800 |   384160100 |   384175300 |   384416500 |   384254600 |   384343800 |   384177700 |   384407700 |   384624100 |   384273100 |   383998300 |   384041200 |   384197400 |   384188200 |   384188500 |   383837400 |   384061500 |   383992700 |   383847700 |   384132000 |   384263500 |   384035700 |   384192400 |   384006400 |   384269100 |   383920700 |   384577000 |   384604600 |   384633600 |   384628300 |   384206500 |   384442900 |   384625600 |   384633200 |   384340100 |   384623100 |   384342100 |   384617200 |   384543600 |   384524300 |   384324000 |   384685300 |
|    RETIRED_INSTRUCTIONS   |   PMC0  |  742493200 |  742607300 |  742583500 |  742630700 |  742620600 |  742615900 |  742630300 |  742631900 |  742442200 |  742399200 |   742399400 |   742427100 |   742440700 |   742443600 |   742435100 |   742444600 |   742393600 |   742399900 |   742405000 |   742397700 |   742407500 |   742390600 |   742390200 |   742397200 |   742541400 |   742491800 |   742509100 |   742473800 |   742477700 |   742499600 |   742509100 |   742485400 |   742589800 |   742600900 |   742566200 |   742545100 |   742582000 |   742604700 |   742590700 |   742566400 |   742697100 |   742650400 |   742622700 |   742681300 |   742664100 |   742579400 |   742608400 |   742654400 |   742625100 |   742599000 |   742608400 |   742601700 |   742669000 |   742611800 |   742591500 |   742675600 |   742515200 |   742653500 |   742638100 |   742617300 |   742500500 |   742633200 |   742655000 |   742661400 |   742591300 |   742605600 |   742593000 |   742605600 |   742583400 |   742567300 |   742591300 |   742584600 |   742525300 |   742568300 |   742553500 |   742565600 |   742564400 |   742534600 |   742553400 |   742567100 |   742561100 |   742654300 |   742623400 |   742661500 |   742558700 |   742675300 |   742644200 |   742683100 |   742572700 |   742590500 |   742562600 |   742597800 |   742598500 |   742580000 |   742554200 |   742512100 |
|    CPU_CLOCKS_UNHALTED    |   PMC1  |  586865200 |  587508500 |  587284500 |  587534400 |  587484800 |  587396600 |  587526200 |  587521900 |  586522800 |  586411600 |   586391600 |   586419600 |   586511300 |   586522900 |   586493300 |   586532800 |   586275200 |   586354700 |   586378200 |   586329000 |   586369700 |   586299600 |   586254200 |   586340400 |   586982800 |   586780500 |   586864500 |   586608700 |   586664600 |   586795600 |   586850000 |   586675900 |   587311600 |   587354200 |   587145800 |   587009800 |   587269300 |   587369000 |   587322200 |   587165900 |   587850700 |   587591400 |   587441400 |   587735500 |   587657600 |   587190400 |   587361400 |   587612400 |   587439600 |   587293100 |   587349000 |   587304100 |   587686800 |   587366400 |   587255900 |   587721200 |   586917100 |   587647900 |   587534100 |   587422300 |   586858400 |   587494000 |   587646800 |   587688000 |   587392300 |   587428500 |   587380900 |   587409700 |   587340100 |   587176000 |   587381000 |   587333000 |   586965800 |   587235500 |   587165000 |   587230300 |   587210000 |   586993100 |   587173700 |   587216200 |   587106000 |   587646800 |   587464700 |   587684500 |   587089700 |   587718900 |   587595700 |   587773900 |   587246200 |   587325300 |   587125200 |   587358400 |   587364500 |   587284900 |   587282600 |   587095200 |
| RETIRED_SSE_AVX_FLOPS_ALL |   PMC2  | 9374400000 | 9374400000 | 9374400000 | 9374400000 | 9374400000 | 9374400000 | 9374400000 | 9374400000 | 9374400000 | 9374400000 |  9374400000 |  9374400000 |  9374400000 |  9374400000 |  9374400000 |  9374400000 |  9374400000 |  9374400000 |  9374400000 |  9374400000 |  9374400000 |  9374400000 |  9374400000 |  9374400000 |  9374400000 |  9374400000 |  9374400000 |  9374400000 |  9374400000 |  9374400000 |  9374400000 |  9374400000 |  9374400000 |  9374400000 |  9374400000 |  9374400000 |  9374400000 |  9374400000 |  9374400000 |  9374400000 |  9374400000 |  9374400000 |  9374400000 |  9374400000 |  9374400000 |  9374400000 |  9374400000 |  9374400000 |  9374400000 |  9374400000 |  9374400000 |  9374400000 |  9374400000 |  9374400000 |  9374400000 |  9374400000 |  9374400000 |  9374400000 |  9374400000 |  9374400000 |  9374400000 |  9374400000 |  9374400000 |  9374400000 |  9374400000 |  9374400000 |  9374400000 |  9374400000 |  9374400000 |  9374400000 |  9374400000 |  9374400000 |  9374400000 |  9374400000 |  9374400000 |  9374400000 |  9374400000 |  9374400000 |  9374400000 |  9374400000 |  9374400000 |  9374400000 |  9374400000 |  9374400000 |  9374400000 |  9374400000 |  9374400000 |  9374400000 |  9374400000 |  9374400000 |  9374400000 |  9374400000 |  9374400000 |  9374400000 |  9374400000 |  9374400000 |
|           MERGE           |   PMC3  |          0 |          0 |          0 |          0 |          0 |          0 |          0 |          0 |          0 |          0 |           0 |           0 |           0 |           0 |           0 |           0 |           0 |           0 |           0 |           0 |           0 |           0 |           0 |           0 |           0 |           0 |           0 |           0 |           0 |           0 |           0 |           0 |           0 |           0 |           0 |           0 |           0 |           0 |           0 |           0 |           0 |           0 |           0 |           0 |           0 |           0 |           0 |           0 |           0 |           0 |           0 |           0 |           0 |           0 |           0 |           0 |           0 |           0 |           0 |           0 |           0 |           0 |           0 |           0 |           0 |           0 |           0 |           0 |           0 |           0 |           0 |           0 |           0 |           0 |           0 |           0 |           0 |           0 |           0 |           0 |           0 |           0 |           0 |           0 |           0 |           0 |           0 |           0 |           0 |           0 |           0 |           0 |           0 |           0 |           0 |           0 |
+---------------------------+---------+------------+------------+------------+------------+------------+------------+------------+------------+------------+------------+-------------+-------------+-------------+-------------+-------------+-------------+-------------+-------------+-------------+-------------+-------------+-------------+-------------+-------------+-------------+-------------+-------------+-------------+-------------+-------------+-------------+-------------+-------------+-------------+-------------+-------------+-------------+-------------+-------------+-------------+-------------+-------------+-------------+-------------+-------------+-------------+-------------+-------------+-------------+-------------+-------------+-------------+-------------+-------------+-------------+-------------+-------------+-------------+-------------+-------------+-------------+-------------+-------------+-------------+-------------+-------------+-------------+-------------+-------------+-------------+-------------+-------------+-------------+-------------+-------------+-------------+-------------+-------------+-------------+-------------+-------------+-------------+-------------+-------------+-------------+-------------+-------------+-------------+-------------+-------------+-------------+-------------+-------------+-------------+-------------+-------------+

+--------------------------------+---------+--------------+------------+------------+--------------+
|              Event             | Counter |      Sum     |     Min    |     Max    |      Avg     |
+--------------------------------+---------+--------------+------------+------------+--------------+
|      ACTUAL_CPU_CLOCK STAT     |  FIXC1  |  56825390400 |  590978700 |  593040100 |    591931150 |
|       MAX_CPU_CLOCK STAT       |  FIXC2  |  36885857800 |  383831900 |  384685300 | 3.842277e+08 |
|    RETIRED_INSTRUCTIONS STAT   |   PMC0  |  71285859100 |  742390200 |  742697100 | 7.425610e+08 |
|    CPU_CLOCKS_UNHALTED STAT    |   PMC1  |  56366958500 |  586254200 |  587850700 | 5.871558e+08 |
| RETIRED_SSE_AVX_FLOPS_ALL STAT |   PMC2  | 899942400000 | 9374400000 | 9374400000 |   9374400000 |
|           MERGE STAT           |   PMC3  |            0 |          0 |          0 |            0 |
+--------------------------------+---------+--------------+------------+------------+--------------+

+----------------------+------------+------------+------------+------------+------------+------------+------------+------------+------------+------------+-------------+-------------+-------------+-------------+-------------+-------------+-------------+-------------+-------------+-------------+-------------+-------------+-------------+-------------+-------------+-------------+-------------+-------------+-------------+-------------+-------------+-------------+-------------+-------------+-------------+-------------+-------------+-------------+-------------+-------------+-------------+-------------+-------------+-------------+-------------+-------------+-------------+-------------+-------------+-------------+-------------+-------------+-------------+-------------+-------------+-------------+-------------+-------------+-------------+-------------+-------------+-------------+-------------+-------------+-------------+-------------+-------------+-------------+-------------+-------------+-------------+-------------+-------------+-------------+-------------+-------------+-------------+-------------+-------------+-------------+-------------+-------------+-------------+-------------+-------------+-------------+-------------+-------------+-------------+-------------+-------------+-------------+-------------+-------------+-------------+-------------+
|        Metric        | HWThread 0 | HWThread 1 | HWThread 2 | HWThread 3 | HWThread 4 | HWThread 5 | HWThread 6 | HWThread 7 | HWThread 8 | HWThread 9 | HWThread 10 | HWThread 11 | HWThread 12 | HWThread 13 | HWThread 14 | HWThread 15 | HWThread 16 | HWThread 17 | HWThread 18 | HWThread 19 | HWThread 20 | HWThread 21 | HWThread 22 | HWThread 23 | HWThread 24 | HWThread 25 | HWThread 26 | HWThread 27 | HWThread 28 | HWThread 29 | HWThread 30 | HWThread 31 | HWThread 32 | HWThread 33 | HWThread 34 | HWThread 35 | HWThread 36 | HWThread 37 | HWThread 38 | HWThread 39 | HWThread 40 | HWThread 41 | HWThread 42 | HWThread 43 | HWThread 44 | HWThread 45 | HWThread 46 | HWThread 47 | HWThread 48 | HWThread 49 | HWThread 50 | HWThread 51 | HWThread 52 | HWThread 53 | HWThread 54 | HWThread 55 | HWThread 56 | HWThread 57 | HWThread 58 | HWThread 59 | HWThread 60 | HWThread 61 | HWThread 62 | HWThread 63 | HWThread 64 | HWThread 65 | HWThread 66 | HWThread 67 | HWThread 68 | HWThread 69 | HWThread 70 | HWThread 71 | HWThread 72 | HWThread 73 | HWThread 74 | HWThread 75 | HWThread 76 | HWThread 77 | HWThread 78 | HWThread 79 | HWThread 80 | HWThread 81 | HWThread 82 | HWThread 83 | HWThread 84 | HWThread 85 | HWThread 86 | HWThread 87 | HWThread 88 | HWThread 89 | HWThread 90 | HWThread 91 | HWThread 92 | HWThread 93 | HWThread 94 | HWThread 95 |
+----------------------+------------+------------+------------+------------+------------+------------+------------+------------+------------+------------+-------------+-------------+-------------+-------------+-------------+-------------+-------------+-------------+-------------+-------------+-------------+-------------+-------------+-------------+-------------+-------------+-------------+-------------+-------------+-------------+-------------+-------------+-------------+-------------+-------------+-------------+-------------+-------------+-------------+-------------+-------------+-------------+-------------+-------------+-------------+-------------+-------------+-------------+-------------+-------------+-------------+-------------+-------------+-------------+-------------+-------------+-------------+-------------+-------------+-------------+-------------+-------------+-------------+-------------+-------------+-------------+-------------+-------------+-------------+-------------+-------------+-------------+-------------+-------------+-------------+-------------+-------------+-------------+-------------+-------------+-------------+-------------+-------------+-------------+-------------+-------------+-------------+-------------+-------------+-------------+-------------+-------------+-------------+-------------+-------------+-------------+
|  Runtime (RDTSC) [s] |     0.1595 |     0.1596 |     0.1595 |     0.1596 |     0.1596 |     0.1595 |     0.1596 |     0.1596 |     0.1594 |     0.1594 |      0.1594 |      0.1594 |      0.1594 |      0.1594 |      0.1594 |      0.1594 |      0.1594 |      0.1594 |      0.1594 |      0.1594 |      0.1594 |      0.1594 |      0.1594 |      0.1594 |      0.1595 |      0.1595 |      0.1595 |      0.1594 |      0.1594 |      0.1595 |      0.1595 |      0.1594 |      0.1595 |      0.1595 |      0.1595 |      0.1594 |      0.1595 |      0.1595 |      0.1595 |      0.1595 |      0.1596 |      0.1595 |      0.1595 |      0.1596 |      0.1595 |      0.1596 |      0.1594 |      0.1595 |      0.1597 |      0.1597 |      0.1595 |      0.1596 |      0.1596 |      0.1595 |      0.1596 |      0.1596 |      0.1594 |      0.1596 |      0.1595 |      0.1596 |      0.1594 |      0.1595 |      0.1596 |      0.1596 |      0.1595 |      0.1595 |      0.1595 |      0.1595 |      0.1595 |      0.1594 |      0.1595 |      0.1595 |      0.1594 |      0.1595 |      0.1595 |      0.1595 |      0.1595 |      0.1594 |      0.1595 |      0.1595 |      0.1594 |      0.1596 |      0.1595 |      0.1596 |      0.1594 |      0.1596 |      0.1596 |      0.1596 |      0.1596 |      0.1596 |      0.1595 |      0.1596 |      0.1596 |      0.1596 |      0.1596 |      0.1595 |
| Runtime unhalted [s] |     0.2467 |     0.2469 |     0.2466 |     0.2467 |     0.2466 |     0.2467 |     0.2467 |     0.2467 |     0.2465 |     0.2462 |      0.2465 |      0.2463 |      0.2465 |      0.2463 |      0.2463 |      0.2465 |      0.2463 |      0.2462 |      0.2462 |      0.2463 |      0.2463 |      0.2465 |      0.2462 |      0.2463 |      0.2463 |      0.2463 |      0.2464 |      0.2463 |      0.2463 |      0.2463 |      0.2464 |      0.2463 |      0.2465 |      0.2467 |      0.2465 |      0.2465 |      0.2467 |      0.2467 |      0.2468 |      0.2465 |      0.2470 |      0.2469 |      0.2471 |      0.2470 |      0.2470 |      0.2471 |      0.2470 |      0.2469 |      0.2467 |      0.2467 |      0.2466 |      0.2467 |      0.2466 |      0.2465 |      0.2467 |      0.2466 |      0.2467 |      0.2469 |      0.2467 |      0.2468 |      0.2468 |      0.2469 |      0.2469 |      0.2467 |      0.2465 |      0.2466 |      0.2467 |      0.2467 |      0.2467 |      0.2465 |      0.2466 |      0.2465 |      0.2465 |      0.2467 |      0.2467 |      0.2466 |      0.2467 |      0.2465 |      0.2467 |      0.2466 |      0.2470 |      0.2469 |      0.2469 |      0.2469 |      0.2468 |      0.2469 |      0.2469 |      0.2469 |      0.2467 |      0.2468 |      0.2467 |      0.2468 |      0.2468 |      0.2468 |      0.2467 |      0.2468 |
|      Clock [MHz]     |  3696.1913 |  3698.7462 |  3697.6475 |  3698.0835 |  3697.4536 |  3696.2720 |  3698.2050 |  3697.9028 |  3695.0795 |  3695.1954 |   3695.1630 |   3696.3118 |   3695.0511 |   3695.5631 |   3695.6057 |   3696.3505 |   3695.8549 |   3694.9918 |   3694.9700 |   3695.7947 |   3695.7265 |   3694.5087 |   3695.0436 |   3695.8705 |   3693.7364 |   3694.5862 |   3695.6215 |   3694.3200 |   3694.3815 |   3694.1992 |   3694.8190 |   3695.6119 |   3697.3657 |   3697.9223 |   3697.5179 |   3697.4006 |   3697.9560 |   3698.0250 |   3698.6816 |   3697.4861 |   3700.3516 |   3699.4968 |   3700.6765 |   3698.7093 |   3700.0268 |   3699.6162 |   3700.1491 |   3699.4886 |   3696.1822 |   3696.1033 |   3696.8230 |   3698.6317 |   3697.1549 |   3697.7664 |   3696.1216 |   3697.2669 |   3699.0922 |   3698.8971 |   3698.4950 |   3698.4871 |   3699.5020 |   3698.7726 |   3697.0341 |   3698.5386 |   3697.4417 |   3698.2323 |   3698.7914 |   3698.7931 |   3697.9219 |   3698.6583 |   3698.3017 |   3697.4000 |   3698.6247 |   3699.0844 |   3698.0933 |   3698.9208 |   3698.5347 |   3697.2174 |   3698.0300 |   3699.1880 |   3699.5656 |   3697.7807 |   3697.7608 |   3697.6183 |   3700.3035 |   3699.3472 |   3697.6312 |   3697.8321 |   3696.9760 |   3695.8482 |   3696.8668 |   3696.3485 |   3697.0079 |   3697.1529 |   3697.0971 |   3695.7765 |
|          CPI         |     0.7904 |     0.7911 |     0.7909 |     0.7912 |     0.7911 |     0.7910 |     0.7911 |     0.7911 |     0.7900 |     0.7899 |      0.7899 |      0.7899 |      0.7900 |      0.7900 |      0.7900 |      0.7900 |      0.7897 |      0.7898 |      0.7898 |      0.7898 |      0.7898 |      0.7897 |      0.7897 |      0.7898 |      0.7905 |      0.7903 |      0.7904 |      0.7901 |      0.7901 |      0.7903 |      0.7904 |      0.7902 |      0.7909 |      0.7909 |      0.7907 |      0.7905 |      0.7908 |      0.7910 |      0.7909 |      0.7907 |      0.7915 |      0.7912 |      0.7910 |      0.7914 |      0.7913 |      0.7907 |      0.7909 |      0.7912 |      0.7910 |      0.7909 |      0.7909 |      0.7909 |      0.7913 |      0.7909 |      0.7908 |      0.7914 |      0.7904 |      0.7913 |      0.7911 |      0.7910 |      0.7904 |      0.7911 |      0.7913 |      0.7913 |      0.7910 |      0.7910 |      0.7910 |      0.7910 |      0.7909 |      0.7907 |      0.7910 |      0.7909 |      0.7905 |      0.7908 |      0.7907 |      0.7908 |      0.7908 |      0.7905 |      0.7907 |      0.7908 |      0.7907 |      0.7913 |      0.7911 |      0.7913 |      0.7906 |      0.7914 |      0.7912 |      0.7914 |      0.7908 |      0.7909 |      0.7907 |      0.7910 |      0.7910 |      0.7909 |      0.7909 |      0.7907 |
|     DP [MFLOP/s]     | 58769.9094 | 58748.4740 | 58772.0833 | 58750.4622 | 58754.0707 | 58765.5253 | 58749.2472 | 58749.1735 | 58803.2352 | 58814.5982 |  58818.7682 |  58814.8196 |  58802.3869 |  58804.3787 |  58812.3474 |  58801.3541 |  58817.6242 |  58804.2312 |  58804.6369 |  58804.8951 |  58801.4279 |  58810.8716 |  58818.1778 |  58804.2312 |  58768.5462 |  58787.1206 |  58767.6988 |  58800.3952 |  58800.7640 |  58787.1943 |  58783.6554 |  58801.2804 |  58770.7200 |  58763.2414 |  58785.1299 |  58800.6165 |  58774.5152 |  58763.0940 |  58771.8990 |  58785.3879 |  58749.3208 |  58772.3780 |  58784.7613 |  58753.0397 |  58761.2892 |  58749.0999 |  58793.3884 |  58770.3147 |  58716.9019 |  58715.6147 |  58769.3936 |  58736.6213 |  58738.6087 |  58768.2883 |  58747.8849 |  58737.0997 |  58802.8295 |  58753.1133 |  58763.0940 |  58748.5476 |  58803.0877 |  58765.5621 |  58751.7141 |  58747.5904 |  58784.4295 |  58779.6378 |  58783.1394 |  58780.5961 |  58787.9316 |  58803.8254 |  58785.0930 |  58785.4617 |  58803.4197 |  58779.4167 |  58783.2868 |  58783.5817 |  58779.7484 |  58802.3500 |  58783.3974 |  58780.0801 |  58800.7640 |  58750.8304 |  58757.9375 |  58747.5168 |  58800.1370 |  58736.1797 |  58753.3343 |  58734.4868 |  58754.1076 |  58746.7068 |  58769.5778 |  58746.7437 |  58746.3387 |  58754.1076 |  58753.9971 |  58774.8100 |
+----------------------+------------+------------+------------+------------+------------+------------+------------+------------+------------+------------+-------------+-------------+-------------+-------------+-------------+-------------+-------------+-------------+-------------+-------------+-------------+-------------+-------------+-------------+-------------+-------------+-------------+-------------+-------------+-------------+-------------+-------------+-------------+-------------+-------------+-------------+-------------+-------------+-------------+-------------+-------------+-------------+-------------+-------------+-------------+-------------+-------------+-------------+-------------+-------------+-------------+-------------+-------------+-------------+-------------+-------------+-------------+-------------+-------------+-------------+-------------+-------------+-------------+-------------+-------------+-------------+-------------+-------------+-------------+-------------+-------------+-------------+-------------+-------------+-------------+-------------+-------------+-------------+-------------+-------------+-------------+-------------+-------------+-------------+-------------+-------------+-------------+-------------+-------------+-------------+-------------+-------------+-------------+-------------+-------------+-------------+

+---------------------------+--------------+------------+------------+------------+
|           Metric          |      Sum     |     Min    |     Max    |     Avg    |
+---------------------------+--------------+------------+------------+------------+
|  Runtime (RDTSC) [s] STAT |      15.3123 |     0.1594 |     0.1597 |     0.1595 |
| Runtime unhalted [s] STAT |      23.6771 |     0.2462 |     0.2471 |     0.2466 |
|      Clock [MHz] STAT     |  354944.7442 |  3693.7364 |  3700.6765 |  3697.3411 |
|          CPI STAT         |      75.9086 |     0.7897 |     0.7915 |     0.7907 |
|     DP [MFLOP/s] STAT     | 5.642421e+06 | 58715.6147 | 58818.7682 | 58775.2157 |
+---------------------------+--------------+------------+------------+------------+

