--------------------------------------------------------------------------------
CPU name:	AMD EPYC 9654 96-Core Processor                
CPU type:	AMD K19 (Zen4) architecture
CPU clock:	2.40 GHz
--------------------------------------------------------------------------------
Warning: Sanitizing vector length to a multiple of the loop stride 8 and thread count 192 from 12000000 elements (96000000 bytes) to 11999232 elements (95993856 bytes)
Allocate: Process running on hwthread 0 (Domain N) - Vector length 11999232/95993856 Offset 0 Alignment 512
Initialization: Each thread in domain initializes its own stream chunks
--------------------------------------------------------------------------------
LIKWID MICRO BENCHMARK
Test: peakflops_avx512_fma
--------------------------------------------------------------------------------
Using 1 work groups
Using 192 threads
--------------------------------------------------------------------------------
Using Likwid Marker API
--------------------------------------------------------------------------------
Group: 0 Thread 0 Global Thread 0 running on hwthread 0 - Vector length 62496 Offset 0
Group: 0 Thread 1 Global Thread 1 running on hwthread 1 - Vector length 62496 Offset 62496
Group: 0 Thread 2 Global Thread 2 running on hwthread 2 - Vector length 62496 Offset 124992
Group: 0 Thread 3 Global Thread 3 running on hwthread 3 - Vector length 62496 Offset 187488
Group: 0 Thread 4 Global Thread 4 running on hwthread 4 - Vector length 62496 Offset 249984
Group: 0 Thread 5 Global Thread 5 running on hwthread 5 - Vector length 62496 Offset 312480
Group: 0 Thread 6 Global Thread 6 running on hwthread 6 - Vector length 62496 Offset 374976
Group: 0 Thread 7 Global Thread 7 running on hwthread 7 - Vector length 62496 Offset 437472
Group: 0 Thread 8 Global Thread 8 running on hwthread 8 - Vector length 62496 Offset 499968
Group: 0 Thread 9 Global Thread 9 running on hwthread 9 - Vector length 62496 Offset 562464
Group: 0 Thread 10 Global Thread 10 running on hwthread 10 - Vector length 62496 Offset 624960
Group: 0 Thread 11 Global Thread 11 running on hwthread 11 - Vector length 62496 Offset 687456
Group: 0 Thread 12 Global Thread 12 running on hwthread 12 - Vector length 62496 Offset 749952
Group: 0 Thread 13 Global Thread 13 running on hwthread 13 - Vector length 62496 Offset 812448
Group: 0 Thread 14 Global Thread 14 running on hwthread 14 - Vector length 62496 Offset 874944
Group: 0 Thread 15 Global Thread 15 running on hwthread 15 - Vector length 62496 Offset 937440
Group: 0 Thread 16 Global Thread 16 running on hwthread 16 - Vector length 62496 Offset 999936
Group: 0 Thread 17 Global Thread 17 running on hwthread 17 - Vector length 62496 Offset 1062432
Group: 0 Thread 18 Global Thread 18 running on hwthread 18 - Vector length 62496 Offset 1124928
Group: 0 Thread 19 Global Thread 19 running on hwthread 19 - Vector length 62496 Offset 1187424
Group: 0 Thread 20 Global Thread 20 running on hwthread 20 - Vector length 62496 Offset 1249920
Group: 0 Thread 21 Global Thread 21 running on hwthread 21 - Vector length 62496 Offset 1312416
Group: 0 Thread 22 Global Thread 22 running on hwthread 22 - Vector length 62496 Offset 1374912
Group: 0 Thread 23 Global Thread 23 running on hwthread 23 - Vector length 62496 Offset 1437408
Group: 0 Thread 24 Global Thread 24 running on hwthread 24 - Vector length 62496 Offset 1499904
Group: 0 Thread 25 Global Thread 25 running on hwthread 25 - Vector length 62496 Offset 1562400
Group: 0 Thread 26 Global Thread 26 running on hwthread 26 - Vector length 62496 Offset 1624896
Group: 0 Thread 27 Global Thread 27 running on hwthread 27 - Vector length 62496 Offset 1687392
Group: 0 Thread 28 Global Thread 28 running on hwthread 28 - Vector length 62496 Offset 1749888
Group: 0 Thread 29 Global Thread 29 running on hwthread 29 - Vector length 62496 Offset 1812384
Group: 0 Thread 30 Global Thread 30 running on hwthread 30 - Vector length 62496 Offset 1874880
Group: 0 Thread 31 Global Thread 31 running on hwthread 31 - Vector length 62496 Offset 1937376
Group: 0 Thread 32 Global Thread 32 running on hwthread 32 - Vector length 62496 Offset 1999872
Group: 0 Thread 33 Global Thread 33 running on hwthread 33 - Vector length 62496 Offset 2062368
Group: 0 Thread 34 Global Thread 34 running on hwthread 34 - Vector length 62496 Offset 2124864
Group: 0 Thread 35 Global Thread 35 running on hwthread 35 - Vector length 62496 Offset 2187360
Group: 0 Thread 36 Global Thread 36 running on hwthread 36 - Vector length 62496 Offset 2249856
Group: 0 Thread 37 Global Thread 37 running on hwthread 37 - Vector length 62496 Offset 2312352
Group: 0 Thread 38 Global Thread 38 running on hwthread 38 - Vector length 62496 Offset 2374848
Group: 0 Thread 39 Global Thread 39 running on hwthread 39 - Vector length 62496 Offset 2437344
Group: 0 Thread 40 Global Thread 40 running on hwthread 40 - Vector length 62496 Offset 2499840
Group: 0 Thread 41 Global Thread 41 running on hwthread 41 - Vector length 62496 Offset 2562336
Group: 0 Thread 42 Global Thread 42 running on hwthread 42 - Vector length 62496 Offset 2624832
Group: 0 Thread 43 Global Thread 43 running on hwthread 43 - Vector length 62496 Offset 2687328
Group: 0 Thread 44 Global Thread 44 running on hwthread 44 - Vector length 62496 Offset 2749824
Group: 0 Thread 45 Global Thread 45 running on hwthread 45 - Vector length 62496 Offset 2812320
Group: 0 Thread 46 Global Thread 46 running on hwthread 46 - Vector length 62496 Offset 2874816
Group: 0 Thread 47 Global Thread 47 running on hwthread 47 - Vector length 62496 Offset 2937312
Group: 0 Thread 48 Global Thread 48 running on hwthread 48 - Vector length 62496 Offset 2999808
Group: 0 Thread 49 Global Thread 49 running on hwthread 49 - Vector length 62496 Offset 3062304
Group: 0 Thread 50 Global Thread 50 running on hwthread 50 - Vector length 62496 Offset 3124800
Group: 0 Thread 51 Global Thread 51 running on hwthread 51 - Vector length 62496 Offset 3187296
Group: 0 Thread 52 Global Thread 52 running on hwthread 52 - Vector length 62496 Offset 3249792
Group: 0 Thread 53 Global Thread 53 running on hwthread 53 - Vector length 62496 Offset 3312288
Group: 0 Thread 54 Global Thread 54 running on hwthread 54 - Vector length 62496 Offset 3374784
Group: 0 Thread 55 Global Thread 55 running on hwthread 55 - Vector length 62496 Offset 3437280
Group: 0 Thread 56 Global Thread 56 running on hwthread 56 - Vector length 62496 Offset 3499776
Group: 0 Thread 57 Global Thread 57 running on hwthread 57 - Vector length 62496 Offset 3562272
Group: 0 Thread 58 Global Thread 58 running on hwthread 58 - Vector length 62496 Offset 3624768
Group: 0 Thread 59 Global Thread 59 running on hwthread 59 - Vector length 62496 Offset 3687264
Group: 0 Thread 60 Global Thread 60 running on hwthread 60 - Vector length 62496 Offset 3749760
Group: 0 Thread 61 Global Thread 61 running on hwthread 61 - Vector length 62496 Offset 3812256
Group: 0 Thread 62 Global Thread 62 running on hwthread 62 - Vector length 62496 Offset 3874752
Group: 0 Thread 63 Global Thread 63 running on hwthread 63 - Vector length 62496 Offset 3937248
Group: 0 Thread 64 Global Thread 64 running on hwthread 64 - Vector length 62496 Offset 3999744
Group: 0 Thread 65 Global Thread 65 running on hwthread 65 - Vector length 62496 Offset 4062240
Group: 0 Thread 66 Global Thread 66 running on hwthread 66 - Vector length 62496 Offset 4124736
Group: 0 Thread 67 Global Thread 67 running on hwthread 67 - Vector length 62496 Offset 4187232
Group: 0 Thread 68 Global Thread 68 running on hwthread 68 - Vector length 62496 Offset 4249728
Group: 0 Thread 69 Global Thread 69 running on hwthread 69 - Vector length 62496 Offset 4312224
Group: 0 Thread 70 Global Thread 70 running on hwthread 70 - Vector length 62496 Offset 4374720
Group: 0 Thread 71 Global Thread 71 running on hwthread 71 - Vector length 62496 Offset 4437216
Group: 0 Thread 72 Global Thread 72 running on hwthread 72 - Vector length 62496 Offset 4499712
Group: 0 Thread 73 Global Thread 73 running on hwthread 73 - Vector length 62496 Offset 4562208
Group: 0 Thread 74 Global Thread 74 running on hwthread 74 - Vector length 62496 Offset 4624704
Group: 0 Thread 75 Global Thread 75 running on hwthread 75 - Vector length 62496 Offset 4687200
Group: 0 Thread 76 Global Thread 76 running on hwthread 76 - Vector length 62496 Offset 4749696
Group: 0 Thread 77 Global Thread 77 running on hwthread 77 - Vector length 62496 Offset 4812192
Group: 0 Thread 78 Global Thread 78 running on hwthread 78 - Vector length 62496 Offset 4874688
Group: 0 Thread 79 Global Thread 79 running on hwthread 79 - Vector length 62496 Offset 4937184
Group: 0 Thread 80 Global Thread 80 running on hwthread 80 - Vector length 62496 Offset 4999680
Group: 0 Thread 81 Global Thread 81 running on hwthread 81 - Vector length 62496 Offset 5062176
Group: 0 Thread 82 Global Thread 82 running on hwthread 82 - Vector length 62496 Offset 5124672
Group: 0 Thread 83 Global Thread 83 running on hwthread 83 - Vector length 62496 Offset 5187168
Group: 0 Thread 84 Global Thread 84 running on hwthread 84 - Vector length 62496 Offset 5249664
Group: 0 Thread 85 Global Thread 85 running on hwthread 85 - Vector length 62496 Offset 5312160
Group: 0 Thread 86 Global Thread 86 running on hwthread 86 - Vector length 62496 Offset 5374656
Group: 0 Thread 87 Global Thread 87 running on hwthread 87 - Vector length 62496 Offset 5437152
Group: 0 Thread 88 Global Thread 88 running on hwthread 88 - Vector length 62496 Offset 5499648
Group: 0 Thread 89 Global Thread 89 running on hwthread 89 - Vector length 62496 Offset 5562144
Group: 0 Thread 90 Global Thread 90 running on hwthread 90 - Vector length 62496 Offset 5624640
Group: 0 Thread 91 Global Thread 91 running on hwthread 91 - Vector length 62496 Offset 5687136
Group: 0 Thread 92 Global Thread 92 running on hwthread 92 - Vector length 62496 Offset 5749632
Group: 0 Thread 93 Global Thread 93 running on hwthread 93 - Vector length 62496 Offset 5812128
Group: 0 Thread 94 Global Thread 94 running on hwthread 94 - Vector length 62496 Offset 5874624
Group: 0 Thread 95 Global Thread 95 running on hwthread 95 - Vector length 62496 Offset 5937120
Group: 0 Thread 96 Global Thread 96 running on hwthread 96 - Vector length 62496 Offset 5999616
Group: 0 Thread 97 Global Thread 97 running on hwthread 97 - Vector length 62496 Offset 6062112
Group: 0 Thread 98 Global Thread 98 running on hwthread 98 - Vector length 62496 Offset 6124608
Group: 0 Thread 99 Global Thread 99 running on hwthread 99 - Vector length 62496 Offset 6187104
Group: 0 Thread 100 Global Thread 100 running on hwthread 100 - Vector length 62496 Offset 6249600
Group: 0 Thread 101 Global Thread 101 running on hwthread 101 - Vector length 62496 Offset 6312096
Group: 0 Thread 102 Global Thread 102 running on hwthread 102 - Vector length 62496 Offset 6374592
Group: 0 Thread 103 Global Thread 103 running on hwthread 103 - Vector length 62496 Offset 6437088
Group: 0 Thread 104 Global Thread 104 running on hwthread 104 - Vector length 62496 Offset 6499584
Group: 0 Thread 105 Global Thread 105 running on hwthread 105 - Vector length 62496 Offset 6562080
Group: 0 Thread 106 Global Thread 106 running on hwthread 106 - Vector length 62496 Offset 6624576
Group: 0 Thread 107 Global Thread 107 running on hwthread 107 - Vector length 62496 Offset 6687072
Group: 0 Thread 108 Global Thread 108 running on hwthread 108 - Vector length 62496 Offset 6749568
Group: 0 Thread 109 Global Thread 109 running on hwthread 109 - Vector length 62496 Offset 6812064
Group: 0 Thread 110 Global Thread 110 running on hwthread 110 - Vector length 62496 Offset 6874560
Group: 0 Thread 111 Global Thread 111 running on hwthread 111 - Vector length 62496 Offset 6937056
Group: 0 Thread 112 Global Thread 112 running on hwthread 112 - Vector length 62496 Offset 6999552
Group: 0 Thread 113 Global Thread 113 running on hwthread 113 - Vector length 62496 Offset 7062048
Group: 0 Thread 114 Global Thread 114 running on hwthread 114 - Vector length 62496 Offset 7124544
Group: 0 Thread 115 Global Thread 115 running on hwthread 115 - Vector length 62496 Offset 7187040
Group: 0 Thread 116 Global Thread 116 running on hwthread 116 - Vector length 62496 Offset 7249536
Group: 0 Thread 117 Global Thread 117 running on hwthread 117 - Vector length 62496 Offset 7312032
Group: 0 Thread 118 Global Thread 118 running on hwthread 118 - Vector length 62496 Offset 7374528
Group: 0 Thread 119 Global Thread 119 running on hwthread 119 - Vector length 62496 Offset 7437024
Group: 0 Thread 120 Global Thread 120 running on hwthread 120 - Vector length 62496 Offset 7499520
Group: 0 Thread 121 Global Thread 121 running on hwthread 121 - Vector length 62496 Offset 7562016
Group: 0 Thread 122 Global Thread 122 running on hwthread 122 - Vector length 62496 Offset 7624512
Group: 0 Thread 123 Global Thread 123 running on hwthread 123 - Vector length 62496 Offset 7687008
Group: 0 Thread 124 Global Thread 124 running on hwthread 124 - Vector length 62496 Offset 7749504
Group: 0 Thread 125 Global Thread 125 running on hwthread 125 - Vector length 62496 Offset 7812000
Group: 0 Thread 126 Global Thread 126 running on hwthread 126 - Vector length 62496 Offset 7874496
Group: 0 Thread 127 Global Thread 127 running on hwthread 127 - Vector length 62496 Offset 7936992
Group: 0 Thread 128 Global Thread 128 running on hwthread 128 - Vector length 62496 Offset 7999488
Group: 0 Thread 129 Global Thread 129 running on hwthread 129 - Vector length 62496 Offset 8061984
Group: 0 Thread 130 Global Thread 130 running on hwthread 130 - Vector length 62496 Offset 8124480
Group: 0 Thread 131 Global Thread 131 running on hwthread 131 - Vector length 62496 Offset 8186976
Group: 0 Thread 132 Global Thread 132 running on hwthread 132 - Vector length 62496 Offset 8249472
Group: 0 Thread 133 Global Thread 133 running on hwthread 133 - Vector length 62496 Offset 8311968
Group: 0 Thread 134 Global Thread 134 running on hwthread 134 - Vector length 62496 Offset 8374464
Group: 0 Thread 135 Global Thread 135 running on hwthread 135 - Vector length 62496 Offset 8436960
Group: 0 Thread 136 Global Thread 136 running on hwthread 136 - Vector length 62496 Offset 8499456
Group: 0 Thread 137 Global Thread 137 running on hwthread 137 - Vector length 62496 Offset 8561952
Group: 0 Thread 138 Global Thread 138 running on hwthread 138 - Vector length 62496 Offset 8624448
Group: 0 Thread 139 Global Thread 139 running on hwthread 139 - Vector length 62496 Offset 8686944
Group: 0 Thread 140 Global Thread 140 running on hwthread 140 - Vector length 62496 Offset 8749440
Group: 0 Thread 141 Global Thread 141 running on hwthread 141 - Vector length 62496 Offset 8811936
Group: 0 Thread 142 Global Thread 142 running on hwthread 142 - Vector length 62496 Offset 8874432
Group: 0 Thread 143 Global Thread 143 running on hwthread 143 - Vector length 62496 Offset 8936928
Group: 0 Thread 144 Global Thread 144 running on hwthread 144 - Vector length 62496 Offset 8999424
Group: 0 Thread 145 Global Thread 145 running on hwthread 145 - Vector length 62496 Offset 9061920
Group: 0 Thread 146 Global Thread 146 running on hwthread 146 - Vector length 62496 Offset 9124416
Group: 0 Thread 147 Global Thread 147 running on hwthread 147 - Vector length 62496 Offset 9186912
Group: 0 Thread 148 Global Thread 148 running on hwthread 148 - Vector length 62496 Offset 9249408
Group: 0 Thread 149 Global Thread 149 running on hwthread 149 - Vector length 62496 Offset 9311904
Group: 0 Thread 150 Global Thread 150 running on hwthread 150 - Vector length 62496 Offset 9374400
Group: 0 Thread 151 Global Thread 151 running on hwthread 151 - Vector length 62496 Offset 9436896
Group: 0 Thread 152 Global Thread 152 running on hwthread 152 - Vector length 62496 Offset 9499392
Group: 0 Thread 153 Global Thread 153 running on hwthread 153 - Vector length 62496 Offset 9561888
Group: 0 Thread 154 Global Thread 154 running on hwthread 154 - Vector length 62496 Offset 9624384
Group: 0 Thread 155 Global Thread 155 running on hwthread 155 - Vector length 62496 Offset 9686880
Group: 0 Thread 156 Global Thread 156 running on hwthread 156 - Vector length 62496 Offset 9749376
Group: 0 Thread 157 Global Thread 157 running on hwthread 157 - Vector length 62496 Offset 9811872
Group: 0 Thread 158 Global Thread 158 running on hwthread 158 - Vector length 62496 Offset 9874368
Group: 0 Thread 159 Global Thread 159 running on hwthread 159 - Vector length 62496 Offset 9936864
Group: 0 Thread 160 Global Thread 160 running on hwthread 160 - Vector length 62496 Offset 9999360
Group: 0 Thread 161 Global Thread 161 running on hwthread 161 - Vector length 62496 Offset 10061856
Group: 0 Thread 162 Global Thread 162 running on hwthread 162 - Vector length 62496 Offset 10124352
Group: 0 Thread 163 Global Thread 163 running on hwthread 163 - Vector length 62496 Offset 10186848
Group: 0 Thread 164 Global Thread 164 running on hwthread 164 - Vector length 62496 Offset 10249344
Group: 0 Thread 165 Global Thread 165 running on hwthread 165 - Vector length 62496 Offset 10311840
Group: 0 Thread 166 Global Thread 166 running on hwthread 166 - Vector length 62496 Offset 10374336
Group: 0 Thread 167 Global Thread 167 running on hwthread 167 - Vector length 62496 Offset 10436832
Group: 0 Thread 168 Global Thread 168 running on hwthread 168 - Vector length 62496 Offset 10499328
Group: 0 Thread 169 Global Thread 169 running on hwthread 169 - Vector length 62496 Offset 10561824
Group: 0 Thread 170 Global Thread 170 running on hwthread 170 - Vector length 62496 Offset 10624320
Group: 0 Thread 171 Global Thread 171 running on hwthread 171 - Vector length 62496 Offset 10686816
Group: 0 Thread 172 Global Thread 172 running on hwthread 172 - Vector length 62496 Offset 10749312
Group: 0 Thread 173 Global Thread 173 running on hwthread 173 - Vector length 62496 Offset 10811808
Group: 0 Thread 174 Global Thread 174 running on hwthread 174 - Vector length 62496 Offset 10874304
Group: 0 Thread 175 Global Thread 175 running on hwthread 175 - Vector length 62496 Offset 10936800
Group: 0 Thread 176 Global Thread 176 running on hwthread 176 - Vector length 62496 Offset 10999296
Group: 0 Thread 177 Global Thread 177 running on hwthread 177 - Vector length 62496 Offset 11061792
Group: 0 Thread 178 Global Thread 178 running on hwthread 178 - Vector length 62496 Offset 11124288
Group: 0 Thread 179 Global Thread 179 running on hwthread 179 - Vector length 62496 Offset 11186784
Group: 0 Thread 180 Global Thread 180 running on hwthread 180 - Vector length 62496 Offset 11249280
Group: 0 Thread 181 Global Thread 181 running on hwthread 181 - Vector length 62496 Offset 11311776
Group: 0 Thread 182 Global Thread 182 running on hwthread 182 - Vector length 62496 Offset 11374272
Group: 0 Thread 183 Global Thread 183 running on hwthread 183 - Vector length 62496 Offset 11436768
Group: 0 Thread 184 Global Thread 184 running on hwthread 184 - Vector length 62496 Offset 11499264
Group: 0 Thread 185 Global Thread 185 running on hwthread 185 - Vector length 62496 Offset 11561760
Group: 0 Thread 186 Global Thread 186 running on hwthread 186 - Vector length 62496 Offset 11624256
Group: 0 Thread 187 Global Thread 187 running on hwthread 187 - Vector length 62496 Offset 11686752
Group: 0 Thread 188 Global Thread 188 running on hwthread 188 - Vector length 62496 Offset 11749248
Group: 0 Thread 189 Global Thread 189 running on hwthread 189 - Vector length 62496 Offset 11811744
Group: 0 Thread 190 Global Thread 190 running on hwthread 190 - Vector length 62496 Offset 11874240
Group: 0 Thread 191 Global Thread 191 running on hwthread 191 - Vector length 62496 Offset 11936736
--------------------------------------------------------------------------------
Cycles:			387230856
CPU Clock:		2399979993
Cycle Clock:		2399979993
Time:			1.613475e-01 sec
Iterations:		960000
Iterations per thread:	5000
Inner loop executions:	7812
Size (Byte):		95993856
Size per thread:	499968
Number of Flops:	1799884800000
MFlops/s:		11155328.77
Data volume (Byte):	479969280000
MByte/s:		2974754.34
Cycles per update:	0.006454
Cycles per cacheline:	0.051634
Loads per update:	1
Stores per update:	0
Load bytes per element:	8
Store bytes per elem.:	0
Instructions:		142490880032
UOPs:			134991360000
--------------------------------------------------------------------------------
Writing Likwid Marker API results to file /tmp/likwid_818620.txt
--------------------------------------------------------------------------------
Region bench, Group 1: FLOPS_DP
+-------------------+------------+------------+------------+------------+------------+------------+------------+------------+------------+------------+-------------+-------------+-------------+-------------+-------------+-------------+-------------+-------------+-------------+-------------+-------------+-------------+-------------+-------------+-------------+-------------+-------------+-------------+-------------+-------------+-------------+-------------+-------------+-------------+-------------+-------------+-------------+-------------+-------------+-------------+-------------+-------------+-------------+-------------+-------------+-------------+-------------+-------------+-------------+-------------+-------------+-------------+-------------+-------------+-------------+-------------+-------------+-------------+-------------+-------------+-------------+-------------+-------------+-------------+-------------+-------------+-------------+-------------+-------------+-------------+-------------+-------------+-------------+-------------+-------------+-------------+-------------+-------------+-------------+-------------+-------------+-------------+-------------+-------------+-------------+-------------+-------------+-------------+-------------+-------------+-------------+-------------+-------------+-------------+-------------+-------------+-------------+-------------+-------------+-------------+--------------+--------------+--------------+--------------+--------------+--------------+--------------+--------------+--------------+--------------+--------------+--------------+--------------+--------------+--------------+--------------+--------------+--------------+--------------+--------------+--------------+--------------+--------------+--------------+--------------+--------------+--------------+--------------+--------------+--------------+--------------+--------------+--------------+--------------+--------------+--------------+--------------+--------------+--------------+--------------+--------------+--------------+--------------+--------------+--------------+--------------+--------------+--------------+--------------+--------------+--------------+--------------+--------------+--------------+--------------+--------------+--------------+--------------+--------------+--------------+--------------+--------------+--------------+--------------+--------------+--------------+--------------+--------------+--------------+--------------+--------------+--------------+--------------+--------------+--------------+--------------+--------------+--------------+--------------+--------------+--------------+--------------+--------------+--------------+--------------+--------------+--------------+--------------+--------------+--------------+--------------+--------------+
|    Region Info    | HWThread 0 | HWThread 1 | HWThread 2 | HWThread 3 | HWThread 4 | HWThread 5 | HWThread 6 | HWThread 7 | HWThread 8 | HWThread 9 | HWThread 10 | HWThread 11 | HWThread 12 | HWThread 13 | HWThread 14 | HWThread 15 | HWThread 16 | HWThread 17 | HWThread 18 | HWThread 19 | HWThread 20 | HWThread 21 | HWThread 22 | HWThread 23 | HWThread 24 | HWThread 25 | HWThread 26 | HWThread 27 | HWThread 28 | HWThread 29 | HWThread 30 | HWThread 31 | HWThread 32 | HWThread 33 | HWThread 34 | HWThread 35 | HWThread 36 | HWThread 37 | HWThread 38 | HWThread 39 | HWThread 40 | HWThread 41 | HWThread 42 | HWThread 43 | HWThread 44 | HWThread 45 | HWThread 46 | HWThread 47 | HWThread 48 | HWThread 49 | HWThread 50 | HWThread 51 | HWThread 52 | HWThread 53 | HWThread 54 | HWThread 55 | HWThread 56 | HWThread 57 | HWThread 58 | HWThread 59 | HWThread 60 | HWThread 61 | HWThread 62 | HWThread 63 | HWThread 64 | HWThread 65 | HWThread 66 | HWThread 67 | HWThread 68 | HWThread 69 | HWThread 70 | HWThread 71 | HWThread 72 | HWThread 73 | HWThread 74 | HWThread 75 | HWThread 76 | HWThread 77 | HWThread 78 | HWThread 79 | HWThread 80 | HWThread 81 | HWThread 82 | HWThread 83 | HWThread 84 | HWThread 85 | HWThread 86 | HWThread 87 | HWThread 88 | HWThread 89 | HWThread 90 | HWThread 91 | HWThread 92 | HWThread 93 | HWThread 94 | HWThread 95 | HWThread 96 | HWThread 97 | HWThread 98 | HWThread 99 | HWThread 100 | HWThread 101 | HWThread 102 | HWThread 103 | HWThread 104 | HWThread 105 | HWThread 106 | HWThread 107 | HWThread 108 | HWThread 109 | HWThread 110 | HWThread 111 | HWThread 112 | HWThread 113 | HWThread 114 | HWThread 115 | HWThread 116 | HWThread 117 | HWThread 118 | HWThread 119 | HWThread 120 | HWThread 121 | HWThread 122 | HWThread 123 | HWThread 124 | HWThread 125 | HWThread 126 | HWThread 127 | HWThread 128 | HWThread 129 | HWThread 130 | HWThread 131 | HWThread 132 | HWThread 133 | HWThread 134 | HWThread 135 | HWThread 136 | HWThread 137 | HWThread 138 | HWThread 139 | HWThread 140 | HWThread 141 | HWThread 142 | HWThread 143 | HWThread 144 | HWThread 145 | HWThread 146 | HWThread 147 | HWThread 148 | HWThread 149 | HWThread 150 | HWThread 151 | HWThread 152 | HWThread 153 | HWThread 154 | HWThread 155 | HWThread 156 | HWThread 157 | HWThread 158 | HWThread 159 | HWThread 160 | HWThread 161 | HWThread 162 | HWThread 163 | HWThread 164 | HWThread 165 | HWThread 166 | HWThread 167 | HWThread 168 | HWThread 169 | HWThread 170 | HWThread 171 | HWThread 172 | HWThread 173 | HWThread 174 | HWThread 175 | HWThread 176 | HWThread 177 | HWThread 178 | HWThread 179 | HWThread 180 | HWThread 181 | HWThread 182 | HWThread 183 | HWThread 184 | HWThread 185 | HWThread 186 | HWThread 187 | HWThread 188 | HWThread 189 | HWThread 190 | HWThread 191 |
+-------------------+------------+------------+------------+------------+------------+------------+------------+------------+------------+------------+-------------+-------------+-------------+-------------+-------------+-------------+-------------+-------------+-------------+-------------+-------------+-------------+-------------+-------------+-------------+-------------+-------------+-------------+-------------+-------------+-------------+-------------+-------------+-------------+-------------+-------------+-------------+-------------+-------------+-------------+-------------+-------------+-------------+-------------+-------------+-------------+-------------+-------------+-------------+-------------+-------------+-------------+-------------+-------------+-------------+-------------+-------------+-------------+-------------+-------------+-------------+-------------+-------------+-------------+-------------+-------------+-------------+-------------+-------------+-------------+-------------+-------------+-------------+-------------+-------------+-------------+-------------+-------------+-------------+-------------+-------------+-------------+-------------+-------------+-------------+-------------+-------------+-------------+-------------+-------------+-------------+-------------+-------------+-------------+-------------+-------------+-------------+-------------+-------------+-------------+--------------+--------------+--------------+--------------+--------------+--------------+--------------+--------------+--------------+--------------+--------------+--------------+--------------+--------------+--------------+--------------+--------------+--------------+--------------+--------------+--------------+--------------+--------------+--------------+--------------+--------------+--------------+--------------+--------------+--------------+--------------+--------------+--------------+--------------+--------------+--------------+--------------+--------------+--------------+--------------+--------------+--------------+--------------+--------------+--------------+--------------+--------------+--------------+--------------+--------------+--------------+--------------+--------------+--------------+--------------+--------------+--------------+--------------+--------------+--------------+--------------+--------------+--------------+--------------+--------------+--------------+--------------+--------------+--------------+--------------+--------------+--------------+--------------+--------------+--------------+--------------+--------------+--------------+--------------+--------------+--------------+--------------+--------------+--------------+--------------+--------------+--------------+--------------+--------------+--------------+--------------+--------------+
| RDTSC Runtime [s] |   0.160332 |   0.160341 |   0.160726 |   0.160338 |   0.160413 |   0.160351 |   0.160386 |   0.160346 |   0.160347 |   0.160350 |    0.160328 |    0.160421 |    0.160346 |    0.160326 |    0.160346 |    0.160346 |    0.160362 |    0.160555 |    0.160379 |    0.160481 |    0.160660 |    0.160411 |    0.160558 |    0.160423 |    0.160576 |    0.160723 |    0.160410 |    0.160707 |    0.160588 |    0.160554 |    0.160549 |    0.160703 |    0.160586 |    0.160552 |    0.160578 |    0.160542 |    0.160586 |    0.160726 |    0.160712 |    0.160718 |    0.160368 |    0.160549 |    0.160595 |    0.160590 |    0.160691 |    0.160574 |    0.160547 |    0.160681 |    0.160405 |    0.160684 |    0.160580 |    0.160590 |    0.160569 |    0.160579 |    0.160589 |    0.160580 |    0.160379 |    0.160415 |    0.160375 |    0.160337 |    0.160422 |    0.160552 |    0.160375 |    0.160377 |    0.160691 |    0.160554 |    0.160716 |    0.160555 |    0.160712 |    0.160656 |    0.160715 |    0.160562 |    0.160583 |    0.160570 |    0.160703 |    0.160702 |    0.160580 |    0.160572 |    0.160535 |    0.160569 |    0.160565 |    0.160671 |    0.160556 |    0.160567 |    0.160714 |    0.160709 |    0.160565 |    0.160715 |    0.160725 |    0.160549 |    0.160552 |    0.160553 |    0.160669 |    0.160673 |    0.160696 |    0.160552 |    0.160412 |    0.160553 |    0.160430 |    0.160430 |     0.160430 |     0.160430 |     0.160416 |     0.160430 |     0.160432 |     0.160365 |     0.160365 |     0.160433 |     0.160348 |     0.160359 |     0.160433 |     0.160347 |     0.160359 |     0.160331 |     0.160331 |     0.160352 |     0.160336 |     0.160333 |     0.160362 |     0.160361 |     0.160363 |     0.160366 |     0.160373 |     0.160373 |     0.160332 |     0.160325 |     0.160326 |     0.160322 |     0.160340 |     0.160701 |     0.160331 |     0.160375 |     0.160690 |     0.160380 |     0.160333 |     0.160374 |     0.160361 |     0.160432 |     0.160342 |     0.160355 |     0.160430 |     0.160675 |     0.160364 |     0.160328 |     0.160338 |     0.160356 |     0.160349 |     0.160381 |     0.160349 |     0.160353 |     0.160429 |     0.160370 |     0.160372 |     0.160364 |     0.160345 |     0.160665 |     0.160351 |     0.160375 |     0.160647 |     0.160337 |     0.160436 |     0.160375 |     0.160377 |     0.160425 |     0.160351 |     0.160436 |     0.160355 |     0.160377 |     0.160359 |     0.160340 |     0.160370 |     0.160419 |     0.160348 |     0.160355 |     0.160367 |     0.160373 |     0.161351 |     0.161040 |     0.160866 |     0.160962 |     0.161173 |     0.161185 |     0.160957 |     0.161170 |     0.160358 |     0.160343 |     0.160364 |     0.160437 |     0.160348 |     0.160355 |     0.160728 |     0.160358 |
|     call count    |          1 |          1 |          1 |          1 |          1 |          1 |          1 |          1 |          1 |          1 |           1 |           1 |           1 |           1 |           1 |           1 |           1 |           1 |           1 |           1 |           1 |           1 |           1 |           1 |           1 |           1 |           1 |           1 |           1 |           1 |           1 |           1 |           1 |           1 |           1 |           1 |           1 |           1 |           1 |           1 |           1 |           1 |           1 |           1 |           1 |           1 |           1 |           1 |           1 |           1 |           1 |           1 |           1 |           1 |           1 |           1 |           1 |           1 |           1 |           1 |           1 |           1 |           1 |           1 |           1 |           1 |           1 |           1 |           1 |           1 |           1 |           1 |           1 |           1 |           1 |           1 |           1 |           1 |           1 |           1 |           1 |           1 |           1 |           1 |           1 |           1 |           1 |           1 |           1 |           1 |           1 |           1 |           1 |           1 |           1 |           1 |           1 |           1 |           1 |           1 |            1 |            1 |            1 |            1 |            1 |            1 |            1 |            1 |            1 |            1 |            1 |            1 |            1 |            1 |            1 |            1 |            1 |            1 |            1 |            1 |            1 |            1 |            1 |            1 |            1 |            1 |            1 |            1 |            1 |            1 |            1 |            1 |            1 |            1 |            1 |            1 |            1 |            1 |            1 |            1 |            1 |            1 |            1 |            1 |            1 |            1 |            1 |            1 |            1 |            1 |            1 |            1 |            1 |            1 |            1 |            1 |            1 |            1 |            1 |            1 |            1 |            1 |            1 |            1 |            1 |            1 |            1 |            1 |            1 |            1 |            1 |            1 |            1 |            1 |            1 |            1 |            1 |            1 |            1 |            1 |            1 |            1 |            1 |            1 |            1 |            1 |            1 |            1 |            1 |            1 |            1 |            1 |
+-------------------+------------+------------+------------+------------+------------+------------+------------+------------+------------+------------+-------------+-------------+-------------+-------------+-------------+-------------+-------------+-------------+-------------+-------------+-------------+-------------+-------------+-------------+-------------+-------------+-------------+-------------+-------------+-------------+-------------+-------------+-------------+-------------+-------------+-------------+-------------+-------------+-------------+-------------+-------------+-------------+-------------+-------------+-------------+-------------+-------------+-------------+-------------+-------------+-------------+-------------+-------------+-------------+-------------+-------------+-------------+-------------+-------------+-------------+-------------+-------------+-------------+-------------+-------------+-------------+-------------+-------------+-------------+-------------+-------------+-------------+-------------+-------------+-------------+-------------+-------------+-------------+-------------+-------------+-------------+-------------+-------------+-------------+-------------+-------------+-------------+-------------+-------------+-------------+-------------+-------------+-------------+-------------+-------------+-------------+-------------+-------------+-------------+-------------+--------------+--------------+--------------+--------------+--------------+--------------+--------------+--------------+--------------+--------------+--------------+--------------+--------------+--------------+--------------+--------------+--------------+--------------+--------------+--------------+--------------+--------------+--------------+--------------+--------------+--------------+--------------+--------------+--------------+--------------+--------------+--------------+--------------+--------------+--------------+--------------+--------------+--------------+--------------+--------------+--------------+--------------+--------------+--------------+--------------+--------------+--------------+--------------+--------------+--------------+--------------+--------------+--------------+--------------+--------------+--------------+--------------+--------------+--------------+--------------+--------------+--------------+--------------+--------------+--------------+--------------+--------------+--------------+--------------+--------------+--------------+--------------+--------------+--------------+--------------+--------------+--------------+--------------+--------------+--------------+--------------+--------------+--------------+--------------+--------------+--------------+--------------+--------------+--------------+--------------+--------------+--------------+

+---------------------------+---------+------------+------------+------------+------------+------------+------------+------------+------------+------------+------------+-------------+-------------+-------------+-------------+-------------+-------------+-------------+-------------+-------------+-------------+-------------+-------------+-------------+-------------+-------------+-------------+-------------+-------------+-------------+-------------+-------------+-------------+-------------+-------------+-------------+-------------+-------------+-------------+-------------+-------------+-------------+-------------+-------------+-------------+-------------+-------------+-------------+-------------+-------------+-------------+-------------+-------------+-------------+-------------+-------------+-------------+-------------+-------------+-------------+-------------+-------------+-------------+-------------+-------------+-------------+-------------+-------------+-------------+-------------+-------------+-------------+-------------+-------------+-------------+-------------+-------------+-------------+-------------+-------------+-------------+-------------+-------------+-------------+-------------+-------------+-------------+-------------+-------------+-------------+-------------+-------------+-------------+-------------+-------------+-------------+-------------+-------------+-------------+-------------+-------------+--------------+--------------+--------------+--------------+--------------+--------------+--------------+--------------+--------------+--------------+--------------+--------------+--------------+--------------+--------------+--------------+--------------+--------------+--------------+--------------+--------------+--------------+--------------+--------------+--------------+--------------+--------------+--------------+--------------+--------------+--------------+--------------+--------------+--------------+--------------+--------------+--------------+--------------+--------------+--------------+--------------+--------------+--------------+--------------+--------------+--------------+--------------+--------------+--------------+--------------+--------------+--------------+--------------+--------------+--------------+--------------+--------------+--------------+--------------+--------------+--------------+--------------+--------------+--------------+--------------+--------------+--------------+--------------+--------------+--------------+--------------+--------------+--------------+--------------+--------------+--------------+--------------+--------------+--------------+--------------+--------------+--------------+--------------+--------------+--------------+--------------+--------------+--------------+--------------+--------------+--------------+--------------+
|           Event           | Counter | HWThread 0 | HWThread 1 | HWThread 2 | HWThread 3 | HWThread 4 | HWThread 5 | HWThread 6 | HWThread 7 | HWThread 8 | HWThread 9 | HWThread 10 | HWThread 11 | HWThread 12 | HWThread 13 | HWThread 14 | HWThread 15 | HWThread 16 | HWThread 17 | HWThread 18 | HWThread 19 | HWThread 20 | HWThread 21 | HWThread 22 | HWThread 23 | HWThread 24 | HWThread 25 | HWThread 26 | HWThread 27 | HWThread 28 | HWThread 29 | HWThread 30 | HWThread 31 | HWThread 32 | HWThread 33 | HWThread 34 | HWThread 35 | HWThread 36 | HWThread 37 | HWThread 38 | HWThread 39 | HWThread 40 | HWThread 41 | HWThread 42 | HWThread 43 | HWThread 44 | HWThread 45 | HWThread 46 | HWThread 47 | HWThread 48 | HWThread 49 | HWThread 50 | HWThread 51 | HWThread 52 | HWThread 53 | HWThread 54 | HWThread 55 | HWThread 56 | HWThread 57 | HWThread 58 | HWThread 59 | HWThread 60 | HWThread 61 | HWThread 62 | HWThread 63 | HWThread 64 | HWThread 65 | HWThread 66 | HWThread 67 | HWThread 68 | HWThread 69 | HWThread 70 | HWThread 71 | HWThread 72 | HWThread 73 | HWThread 74 | HWThread 75 | HWThread 76 | HWThread 77 | HWThread 78 | HWThread 79 | HWThread 80 | HWThread 81 | HWThread 82 | HWThread 83 | HWThread 84 | HWThread 85 | HWThread 86 | HWThread 87 | HWThread 88 | HWThread 89 | HWThread 90 | HWThread 91 | HWThread 92 | HWThread 93 | HWThread 94 | HWThread 95 | HWThread 96 | HWThread 97 | HWThread 98 | HWThread 99 | HWThread 100 | HWThread 101 | HWThread 102 | HWThread 103 | HWThread 104 | HWThread 105 | HWThread 106 | HWThread 107 | HWThread 108 | HWThread 109 | HWThread 110 | HWThread 111 | HWThread 112 | HWThread 113 | HWThread 114 | HWThread 115 | HWThread 116 | HWThread 117 | HWThread 118 | HWThread 119 | HWThread 120 | HWThread 121 | HWThread 122 | HWThread 123 | HWThread 124 | HWThread 125 | HWThread 126 | HWThread 127 | HWThread 128 | HWThread 129 | HWThread 130 | HWThread 131 | HWThread 132 | HWThread 133 | HWThread 134 | HWThread 135 | HWThread 136 | HWThread 137 | HWThread 138 | HWThread 139 | HWThread 140 | HWThread 141 | HWThread 142 | HWThread 143 | HWThread 144 | HWThread 145 | HWThread 146 | HWThread 147 | HWThread 148 | HWThread 149 | HWThread 150 | HWThread 151 | HWThread 152 | HWThread 153 | HWThread 154 | HWThread 155 | HWThread 156 | HWThread 157 | HWThread 158 | HWThread 159 | HWThread 160 | HWThread 161 | HWThread 162 | HWThread 163 | HWThread 164 | HWThread 165 | HWThread 166 | HWThread 167 | HWThread 168 | HWThread 169 | HWThread 170 | HWThread 171 | HWThread 172 | HWThread 173 | HWThread 174 | HWThread 175 | HWThread 176 | HWThread 177 | HWThread 178 | HWThread 179 | HWThread 180 | HWThread 181 | HWThread 182 | HWThread 183 | HWThread 184 | HWThread 185 | HWThread 186 | HWThread 187 | HWThread 188 | HWThread 189 | HWThread 190 | HWThread 191 |
+---------------------------+---------+------------+------------+------------+------------+------------+------------+------------+------------+------------+------------+-------------+-------------+-------------+-------------+-------------+-------------+-------------+-------------+-------------+-------------+-------------+-------------+-------------+-------------+-------------+-------------+-------------+-------------+-------------+-------------+-------------+-------------+-------------+-------------+-------------+-------------+-------------+-------------+-------------+-------------+-------------+-------------+-------------+-------------+-------------+-------------+-------------+-------------+-------------+-------------+-------------+-------------+-------------+-------------+-------------+-------------+-------------+-------------+-------------+-------------+-------------+-------------+-------------+-------------+-------------+-------------+-------------+-------------+-------------+-------------+-------------+-------------+-------------+-------------+-------------+-------------+-------------+-------------+-------------+-------------+-------------+-------------+-------------+-------------+-------------+-------------+-------------+-------------+-------------+-------------+-------------+-------------+-------------+-------------+-------------+-------------+-------------+-------------+-------------+-------------+--------------+--------------+--------------+--------------+--------------+--------------+--------------+--------------+--------------+--------------+--------------+--------------+--------------+--------------+--------------+--------------+--------------+--------------+--------------+--------------+--------------+--------------+--------------+--------------+--------------+--------------+--------------+--------------+--------------+--------------+--------------+--------------+--------------+--------------+--------------+--------------+--------------+--------------+--------------+--------------+--------------+--------------+--------------+--------------+--------------+--------------+--------------+--------------+--------------+--------------+--------------+--------------+--------------+--------------+--------------+--------------+--------------+--------------+--------------+--------------+--------------+--------------+--------------+--------------+--------------+--------------+--------------+--------------+--------------+--------------+--------------+--------------+--------------+--------------+--------------+--------------+--------------+--------------+--------------+--------------+--------------+--------------+--------------+--------------+--------------+--------------+--------------+--------------+--------------+--------------+--------------+--------------+
|      ACTUAL_CPU_CLOCK     |  FIXC1  |  597832600 |  598450200 |  599657200 |  598441700 |  598346300 |  598740500 |  598082400 |  597881100 |  597785600 |  597492300 |   597492200 |   597218400 |   597600800 |   597460100 |   597465200 |   597586100 |   599669500 |   600721500 |   599028400 |   600243900 |   600059600 |   599237200 |   600682000 |   599000800 |   599928800 |   599832000 |   598546400 |   599645000 |   599930000 |   599830800 |   599626400 |   599654000 |   600592200 |   600576800 |   600614600 |   600357700 |   600600000 |   600602200 |   600413600 |   600458500 |   599534100 |   600131300 |   600379500 |   600386600 |   600187500 |   600447100 |   600137800 |   600198500 |   600491100 |   600503200 |   600720700 |   600705200 |   600718200 |   600785200 |   600718200 |   600722400 |   599522700 |   599698300 |   599514100 |   599268100 |   599675400 |   598881600 |   599511000 |   599756700 |   600041000 |   600182700 |   600069600 |   600149300 |   600067000 |   599765600 |   600313900 |   600253100 |   600888600 |   600847000 |   600722400 |   600744800 |   600894300 |   600855800 |   600840200 |   600851800 |   597490000 |   597099400 |   597447800 |   597443300 |   597278200 |   597354200 |   597494700 |   597284900 |   600686300 |   600720100 |   600789200 |   600817100 |   600292200 |   600243700 |   600679400 |   600786000 |   600337600 |   601345700 |   600284100 |   600296300 |    600328700 |    600280700 |    601432000 |    600359300 |    601465300 |    600743400 |    601841900 |    600432000 |    601530800 |    601757800 |    601575100 |    602538900 |    601322900 |    601463700 |    601231200 |    600383500 |    601314500 |    601277400 |    600180900 |    601456000 |    598448600 |    598095300 |    598078600 |    598098400 |    598404500 |    598469100 |    600053300 |    599917900 |    599706800 |    599848100 |    599726700 |    599836700 |    600506100 |    599502200 |    599513300 |    599760500 |    599223100 |    599066600 |    599179200 |    599225300 |    600945700 |    599638900 |    599223300 |    599060500 |    602140600 |    601462700 |    602367100 |    602013200 |    600489400 |    602452800 |    602094900 |    602170100 |    602503800 |    602479400 |    601602200 |    603230200 |    601810300 |    601843300 |    602302900 |    601709800 |    601579400 |    601897500 |    601913800 |    601684800 |    601627000 |    601512300 |    601853200 |    601815000 |    600715300 |    600672700 |    599977900 |    600320400 |    600679400 |    600622500 |    600704600 |    600152800 |    602894300 |    602792800 |    602774000 |    602907900 |    602892000 |    602782300 |    602860000 |    603629700 |    600832900 |    601440600 |    601039300 |    600895000 |    601439200 |    600612100 |    601894100 |    600717500 |
|       MAX_CPU_CLOCK       |  FIXC2  |  389841800 |  390253600 |  390689000 |  390250400 |  390161400 |  390022400 |  389985700 |  389903000 |  389934800 |  388591900 |   388429600 |   389656200 |   388547300 |   389329800 |   389353100 |   388518100 |   389942700 |   390747200 |   388690200 |   390664100 |   390639000 |   390067900 |   390723500 |   388673100 |   389155700 |   390091700 |   388849900 |   389219500 |   389051100 |   389256600 |   390075000 |   389198500 |   389371100 |   389323400 |   389368000 |   390115900 |   389313000 |   389304600 |   389322400 |   389275500 |   389461500 |   390061400 |   389429400 |   389421200 |   389337000 |   390180000 |   390067000 |   389270700 |   390677200 |   390677200 |   390770600 |   390787100 |   390755000 |   390789200 |   390771400 |   390751700 |   390067900 |   390153100 |   390073100 |   389872300 |   390123900 |   390082900 |   390061200 |   390106400 |   390624600 |   390663400 |   390599600 |   390649300 |   390623800 |   390590200 |   390745500 |   390673900 |   390800700 |   390771900 |   390738900 |   390731900 |   390801000 |   390777600 |   390764800 |   390781900 |   390767800 |   390678800 |   390770400 |   390765600 |   390706600 |   390719800 |   390772200 |   390703200 |   390704400 |   390678800 |   390741800 |   390748500 |   390614700 |   390609400 |   390707500 |   390723600 |   390091300 |   390037700 |   390056500 |   390061700 |    390078800 |    390064800 |    390120700 |    390097000 |    390144000 |    389896600 |    389944900 |    390137100 |    390186900 |    389893900 |    390246800 |    390779000 |    390309600 |    389898700 |    390189400 |    389845500 |    390195200 |    389748100 |    390146900 |    389880000 |    390363300 |    390116000 |    390115600 |    390125000 |    389895400 |    389901900 |    389884700 |    390288600 |    390069900 |    390383300 |    389592300 |    390144200 |    390363000 |    390372800 |    389915500 |    389639100 |    389962700 |    390332800 |    389919800 |    389962000 |    390336100 |    390669600 |    389960000 |    390335400 |    390677200 |    390312200 |    390348900 |    390483100 |    389834600 |    390944200 |    391093600 |    391166900 |    390833700 |    391294100 |    390302600 |    391535900 |    389914300 |    389945000 |    390523500 |    389824500 |    390236300 |    389969500 |    389966700 |    389541900 |    389796100 |    390179400 |    389941900 |    389928400 |    390855800 |    390823300 |    389923000 |    391027300 |    390843600 |    390730700 |    390849400 |    390067100 |    391704900 |    391639700 |    391622500 |    391763500 |    391685600 |    391632700 |    391655600 |    392632600 |    389865100 |    391151300 |    390016700 |    389921100 |    391173000 |    390175600 |    390709000 |    389770000 |
|    RETIRED_INSTRUCTIONS   |   PMC0  |  742681000 |  742797400 |  743105500 |  742845100 |  742908600 |  742692400 |  742891800 |  742849300 |  742660200 |  742647900 |   742641400 |   742723300 |   742647700 |   742644000 |   742642600 |   742633700 |   742997800 |   743125300 |   743023000 |   743082000 |   743183700 |   743025100 |   743129200 |   743045400 |   743040200 |   743188300 |   742965700 |   743161600 |   743090900 |   743051400 |   743058400 |   743153600 |   743155400 |   743094200 |   743144100 |   743141700 |   743157300 |   743258000 |   743253300 |   743258100 |   743000400 |   743135000 |   743154600 |   743145600 |   743218800 |   743149200 |   743133300 |   743217400 |   743038400 |   743233600 |   743124700 |   743164400 |   743129500 |   743148000 |   743149300 |   743144000 |   742991500 |   743011200 |   742976100 |   742967500 |   743019400 |   743105000 |   742988800 |   742991200 |   743188000 |   743100200 |   743202100 |   743107900 |   743202300 |   743161300 |   743205400 |   743100400 |   743124800 |   743113600 |   743225900 |   743236100 |   743125300 |   743104600 |   743100400 |   743116100 |   742569200 |   742658900 |   742544200 |   742549200 |   742656400 |   742657500 |   742564600 |   742669400 |   743272200 |   743137900 |   743144600 |   743151000 |   743242400 |   743242800 |   743210500 |   743093400 |   742814900 |   742946300 |   742819400 |   742843600 |    742832300 |    742832300 |    742810800 |    742830700 |    742878600 |    742822300 |    742811900 |    742869000 |    742805700 |    742815800 |    742870600 |    742778700 |    742726000 |    742720000 |    742712900 |    742730500 |    742722500 |    742725700 |    742731900 |    742732400 |    742523400 |    742522600 |    742527900 |    742533800 |    742507800 |    742502900 |    742501200 |    742393300 |    742693400 |    742930100 |    742684000 |    742702000 |    742930300 |    742725800 |    742674400 |    742706400 |    742631300 |    742694800 |    742642200 |    742644300 |    742691600 |    742843900 |    742654900 |    742603300 |    742749200 |    742768500 |    742770000 |    742805700 |    742763900 |    742769000 |    742838400 |    742787200 |    742792500 |    742778300 |    742782200 |    743021200 |    742791600 |    742817900 |    743001300 |    742777100 |    742859500 |    742803500 |    742824200 |    742865000 |    742809400 |    742889700 |    742804900 |    742819600 |    742474500 |    742422600 |    742483300 |    742524300 |    742418800 |    742465900 |    742479300 |    742494300 |    743346400 |    743088000 |    743021700 |    743136400 |    743284900 |    743299200 |    743161800 |    743297700 |    742635100 |    742634200 |    742641800 |    742709500 |    742640500 |    742640600 |    742870700 |    742602200 |
|    CPU_CLOCKS_UNHALTED    |   PMC1  |  588326900 |  588850400 |  590240300 |  588861000 |  589158200 |  588042400 |  589036200 |  588895600 |  587858300 |  587812000 |   587799200 |   588080800 |   587802400 |   587783500 |   587818100 |   587737300 |   589632700 |   590336900 |   589782800 |   590112800 |   590677400 |   589790000 |   590372600 |   589902000 |   590082400 |   590728100 |   589477500 |   590565500 |   590155000 |   590077700 |   590113100 |   590520200 |   590529800 |   590449800 |   590471900 |   590438500 |   590544200 |   591100100 |   591057700 |   591101500 |   589667400 |   590399800 |   590507900 |   590507500 |   590875400 |   590483200 |   590386700 |   590870200 |   589905600 |   590990300 |   590474500 |   590672600 |   590520600 |   590618900 |   590577900 |   590596600 |   589658500 |   589733400 |   589557400 |   589531400 |   589799700 |   590265600 |   589630100 |   589646500 |   590710200 |   590232800 |   590788700 |   590269000 |   590797600 |   590554200 |   590840800 |   590256200 |   590500400 |   590472700 |   590939100 |   591002700 |   590475700 |   590447500 |   590335700 |   590468000 |   587298100 |   587720500 |   587165300 |   587191600 |   587738500 |   587769500 |   587274300 |   587809700 |   591175400 |   590550000 |   590565700 |   590614900 |   591023400 |   591013400 |   591023100 |   590482700 |   588898600 |   589499900 |   588932700 |   589070400 |    588981800 |    588990300 |    588916500 |    589003400 |    589154300 |    588851500 |    588807700 |    589082100 |    588813600 |    588802700 |    589124900 |    588802600 |    588429700 |    588383600 |    588352200 |    588459700 |    588409600 |    588424600 |    588469500 |    588510500 |    587183500 |    587136400 |    587144100 |    587180900 |    587062400 |    587002500 |    587025200 |    586988800 |    588079500 |    589344500 |    588021800 |    588101200 |    589333300 |    588209000 |    587960600 |    588140400 |    587735900 |    588008100 |    587784600 |    587823100 |    588071100 |    588915600 |    587895800 |    587732900 |    588601600 |    588651900 |    588660600 |    588753400 |    588685900 |    588656200 |    588903900 |    588722300 |    588802900 |    588749100 |    588728400 |    589928600 |    588789300 |    588855200 |    589819600 |    588658700 |    589019400 |    588799800 |    588886700 |    589040300 |    588837400 |    589184100 |    588797800 |    588860300 |    586879000 |    586721300 |    586925600 |    587112900 |    586741400 |    586832600 |    586868200 |    586936400 |    591721800 |    590301900 |    589900500 |    590542300 |    591359000 |    591469800 |    590699400 |    591438800 |    587780600 |    587780200 |    587857500 |    588126400 |    587855000 |    587840100 |    589116400 |    587732800 |
| RETIRED_SSE_AVX_FLOPS_ALL |   PMC2  | 9374400000 | 9374400000 | 9374400000 | 9374400000 | 9374400000 | 9374400000 | 9374400000 | 9374400000 | 9374400000 | 9374400000 |  9374400000 |  9374400000 |  9374400000 |  9374400000 |  9374400000 |  9374400000 |  9374400000 |  9374400000 |  9374400000 |  9374400000 |  9374400000 |  9374400000 |  9374400000 |  9374400000 |  9374400000 |  9374400000 |  9374400000 |  9374400000 |  9374400000 |  9374400000 |  9374400000 |  9374400000 |  9374400000 |  9374400000 |  9374400000 |  9374400000 |  9374400000 |  9374400000 |  9374400000 |  9374400000 |  9374400000 |  9374400000 |  9374400000 |  9374400000 |  9374400000 |  9374400000 |  9374400000 |  9374400000 |  9374400000 |  9374400000 |  9374400000 |  9374400000 |  9374400000 |  9374400000 |  9374400000 |  9374400000 |  9374400000 |  9374400000 |  9374400000 |  9374400000 |  9374400000 |  9374400000 |  9374400000 |  9374400000 |  9374400000 |  9374400000 |  9374400000 |  9374400000 |  9374400000 |  9374400000 |  9374400000 |  9374400000 |  9374400000 |  9374400000 |  9374400000 |  9374400000 |  9374400000 |  9374400000 |  9374400000 |  9374400000 |  9374400000 |  9374400000 |  9374400000 |  9374400000 |  9374400000 |  9374400000 |  9374400000 |  9374400000 |  9374400000 |  9374400000 |  9374400000 |  9374400000 |  9374400000 |  9374400000 |  9374400000 |  9374400000 |  9374400000 |  9374400000 |  9374400000 |  9374400000 |   9374400000 |   9374400000 |   9374400000 |   9374400000 |   9374400000 |   9374400000 |   9374400000 |   9374400000 |   9374400000 |   9374400000 |   9374400000 |   9374400000 |   9374400000 |   9374400000 |   9374400000 |   9374400000 |   9374400000 |   9374400000 |   9374400000 |   9374400000 |   9374400000 |   9374400000 |   9374400000 |   9374400000 |   9374400000 |   9374400000 |   9374400000 |   9374400000 |   9374400000 |   9374400000 |   9374400000 |   9374400000 |   9374400000 |   9374400000 |   9374400000 |   9374400000 |   9374400000 |   9374400000 |   9374400000 |   9374400000 |   9374400000 |   9374400000 |   9374400000 |   9374400000 |   9374400000 |   9374400000 |   9374400000 |   9374400000 |   9374400000 |   9374400000 |   9374400000 |   9374400000 |   9374400000 |   9374400000 |   9374400000 |   9374400000 |   9374400000 |   9374400000 |   9374400000 |   9374400000 |   9374400000 |   9374400000 |   9374400000 |   9374400000 |   9374400000 |   9374400000 |   9374400000 |   9374400000 |   9374400000 |   9374400000 |   9374400000 |   9374400000 |   9374400000 |   9374400000 |   9374400000 |   9374400000 |   9374400000 |   9374400000 |   9374400000 |   9374400000 |   9374400000 |   9374400000 |   9374400000 |   9374400000 |   9374400000 |   9374400000 |   9374400000 |   9374400000 |   9374400000 |   9374400000 |   9374400000 |   9374400000 |
|           MERGE           |   PMC3  |          0 |          0 |          0 |          0 |          0 |          0 |          0 |          0 |          0 |          0 |           0 |           0 |           0 |           0 |           0 |           0 |           0 |           0 |           0 |           0 |           0 |           0 |           0 |           0 |           0 |           0 |           0 |           0 |           0 |           0 |           0 |           0 |           0 |           0 |           0 |           0 |           0 |           0 |           0 |           0 |           0 |           0 |           0 |           0 |           0 |           0 |           0 |           0 |           0 |           0 |           0 |           0 |           0 |           0 |           0 |           0 |           0 |           0 |           0 |           0 |           0 |           0 |           0 |           0 |           0 |           0 |           0 |           0 |           0 |           0 |           0 |           0 |           0 |           0 |           0 |           0 |           0 |           0 |           0 |           0 |           0 |           0 |           0 |           0 |           0 |           0 |           0 |           0 |           0 |           0 |           0 |           0 |           0 |           0 |           0 |           0 |           0 |           0 |           0 |           0 |            0 |            0 |            0 |            0 |            0 |            0 |            0 |            0 |            0 |            0 |            0 |            0 |            0 |            0 |            0 |            0 |            0 |            0 |            0 |            0 |            0 |            0 |            0 |            0 |            0 |            0 |            0 |            0 |            0 |            0 |            0 |            0 |            0 |            0 |            0 |            0 |            0 |            0 |            0 |            0 |            0 |            0 |            0 |            0 |            0 |            0 |            0 |            0 |            0 |            0 |            0 |            0 |            0 |            0 |            0 |            0 |            0 |            0 |            0 |            0 |            0 |            0 |            0 |            0 |            0 |            0 |            0 |            0 |            0 |            0 |            0 |            0 |            0 |            0 |            0 |            0 |            0 |            0 |            0 |            0 |            0 |            0 |            0 |            0 |            0 |            0 |            0 |            0 |            0 |            0 |            0 |            0 |
+---------------------------+---------+------------+------------+------------+------------+------------+------------+------------+------------+------------+------------+-------------+-------------+-------------+-------------+-------------+-------------+-------------+-------------+-------------+-------------+-------------+-------------+-------------+-------------+-------------+-------------+-------------+-------------+-------------+-------------+-------------+-------------+-------------+-------------+-------------+-------------+-------------+-------------+-------------+-------------+-------------+-------------+-------------+-------------+-------------+-------------+-------------+-------------+-------------+-------------+-------------+-------------+-------------+-------------+-------------+-------------+-------------+-------------+-------------+-------------+-------------+-------------+-------------+-------------+-------------+-------------+-------------+-------------+-------------+-------------+-------------+-------------+-------------+-------------+-------------+-------------+-------------+-------------+-------------+-------------+-------------+-------------+-------------+-------------+-------------+-------------+-------------+-------------+-------------+-------------+-------------+-------------+-------------+-------------+-------------+-------------+-------------+-------------+-------------+-------------+--------------+--------------+--------------+--------------+--------------+--------------+--------------+--------------+--------------+--------------+--------------+--------------+--------------+--------------+--------------+--------------+--------------+--------------+--------------+--------------+--------------+--------------+--------------+--------------+--------------+--------------+--------------+--------------+--------------+--------------+--------------+--------------+--------------+--------------+--------------+--------------+--------------+--------------+--------------+--------------+--------------+--------------+--------------+--------------+--------------+--------------+--------------+--------------+--------------+--------------+--------------+--------------+--------------+--------------+--------------+--------------+--------------+--------------+--------------+--------------+--------------+--------------+--------------+--------------+--------------+--------------+--------------+--------------+--------------+--------------+--------------+--------------+--------------+--------------+--------------+--------------+--------------+--------------+--------------+--------------+--------------+--------------+--------------+--------------+--------------+--------------+--------------+--------------+--------------+--------------+--------------+--------------+

+--------------------------------+---------+---------------+------------+------------+--------------+
|              Event             | Counter |      Sum      |     Min    |     Max    |      Avg     |
+--------------------------------+---------+---------------+------------+------------+--------------+
|      ACTUAL_CPU_CLOCK STAT     |  FIXC1  |  115252886100 |  597099400 |  603629700 | 6.002754e+08 |
|       MAX_CPU_CLOCK STAT       |  FIXC2  |   74925941900 |  388429600 |  392632600 | 3.902393e+08 |
|    RETIRED_INSTRUCTIONS STAT   |   PMC0  |  142635025000 |  742393300 |  743346400 | 7.428908e+08 |
|    CPU_CLOCKS_UNHALTED STAT    |   PMC1  |  113122494800 |  586721300 |  591721800 | 5.891797e+08 |
| RETIRED_SSE_AVX_FLOPS_ALL STAT |   PMC2  | 1799884800000 | 9374400000 | 9374400000 |   9374400000 |
|           MERGE STAT           |   PMC3  |             0 |          0 |          0 |            0 |
+--------------------------------+---------+---------------+------------+------------+--------------+

+----------------------+------------+------------+------------+------------+------------+------------+------------+------------+------------+------------+-------------+-------------+-------------+-------------+-------------+-------------+-------------+-------------+-------------+-------------+-------------+-------------+-------------+-------------+-------------+-------------+-------------+-------------+-------------+-------------+-------------+-------------+-------------+-------------+-------------+-------------+-------------+-------------+-------------+-------------+-------------+-------------+-------------+-------------+-------------+-------------+-------------+-------------+-------------+-------------+-------------+-------------+-------------+-------------+-------------+-------------+-------------+-------------+-------------+-------------+-------------+-------------+-------------+-------------+-------------+-------------+-------------+-------------+-------------+-------------+-------------+-------------+-------------+-------------+-------------+-------------+-------------+-------------+-------------+-------------+-------------+-------------+-------------+-------------+-------------+-------------+-------------+-------------+-------------+-------------+-------------+-------------+-------------+-------------+-------------+-------------+-------------+-------------+-------------+-------------+--------------+--------------+--------------+--------------+--------------+--------------+--------------+--------------+--------------+--------------+--------------+--------------+--------------+--------------+--------------+--------------+--------------+--------------+--------------+--------------+--------------+--------------+--------------+--------------+--------------+--------------+--------------+--------------+--------------+--------------+--------------+--------------+--------------+--------------+--------------+--------------+--------------+--------------+--------------+--------------+--------------+--------------+--------------+--------------+--------------+--------------+--------------+--------------+--------------+--------------+--------------+--------------+--------------+--------------+--------------+--------------+--------------+--------------+--------------+--------------+--------------+--------------+--------------+--------------+--------------+--------------+--------------+--------------+--------------+--------------+--------------+--------------+--------------+--------------+--------------+--------------+--------------+--------------+--------------+--------------+--------------+--------------+--------------+--------------+--------------+--------------+--------------+--------------+--------------+--------------+--------------+--------------+
|        Metric        | HWThread 0 | HWThread 1 | HWThread 2 | HWThread 3 | HWThread 4 | HWThread 5 | HWThread 6 | HWThread 7 | HWThread 8 | HWThread 9 | HWThread 10 | HWThread 11 | HWThread 12 | HWThread 13 | HWThread 14 | HWThread 15 | HWThread 16 | HWThread 17 | HWThread 18 | HWThread 19 | HWThread 20 | HWThread 21 | HWThread 22 | HWThread 23 | HWThread 24 | HWThread 25 | HWThread 26 | HWThread 27 | HWThread 28 | HWThread 29 | HWThread 30 | HWThread 31 | HWThread 32 | HWThread 33 | HWThread 34 | HWThread 35 | HWThread 36 | HWThread 37 | HWThread 38 | HWThread 39 | HWThread 40 | HWThread 41 | HWThread 42 | HWThread 43 | HWThread 44 | HWThread 45 | HWThread 46 | HWThread 47 | HWThread 48 | HWThread 49 | HWThread 50 | HWThread 51 | HWThread 52 | HWThread 53 | HWThread 54 | HWThread 55 | HWThread 56 | HWThread 57 | HWThread 58 | HWThread 59 | HWThread 60 | HWThread 61 | HWThread 62 | HWThread 63 | HWThread 64 | HWThread 65 | HWThread 66 | HWThread 67 | HWThread 68 | HWThread 69 | HWThread 70 | HWThread 71 | HWThread 72 | HWThread 73 | HWThread 74 | HWThread 75 | HWThread 76 | HWThread 77 | HWThread 78 | HWThread 79 | HWThread 80 | HWThread 81 | HWThread 82 | HWThread 83 | HWThread 84 | HWThread 85 | HWThread 86 | HWThread 87 | HWThread 88 | HWThread 89 | HWThread 90 | HWThread 91 | HWThread 92 | HWThread 93 | HWThread 94 | HWThread 95 | HWThread 96 | HWThread 97 | HWThread 98 | HWThread 99 | HWThread 100 | HWThread 101 | HWThread 102 | HWThread 103 | HWThread 104 | HWThread 105 | HWThread 106 | HWThread 107 | HWThread 108 | HWThread 109 | HWThread 110 | HWThread 111 | HWThread 112 | HWThread 113 | HWThread 114 | HWThread 115 | HWThread 116 | HWThread 117 | HWThread 118 | HWThread 119 | HWThread 120 | HWThread 121 | HWThread 122 | HWThread 123 | HWThread 124 | HWThread 125 | HWThread 126 | HWThread 127 | HWThread 128 | HWThread 129 | HWThread 130 | HWThread 131 | HWThread 132 | HWThread 133 | HWThread 134 | HWThread 135 | HWThread 136 | HWThread 137 | HWThread 138 | HWThread 139 | HWThread 140 | HWThread 141 | HWThread 142 | HWThread 143 | HWThread 144 | HWThread 145 | HWThread 146 | HWThread 147 | HWThread 148 | HWThread 149 | HWThread 150 | HWThread 151 | HWThread 152 | HWThread 153 | HWThread 154 | HWThread 155 | HWThread 156 | HWThread 157 | HWThread 158 | HWThread 159 | HWThread 160 | HWThread 161 | HWThread 162 | HWThread 163 | HWThread 164 | HWThread 165 | HWThread 166 | HWThread 167 | HWThread 168 | HWThread 169 | HWThread 170 | HWThread 171 | HWThread 172 | HWThread 173 | HWThread 174 | HWThread 175 | HWThread 176 | HWThread 177 | HWThread 178 | HWThread 179 | HWThread 180 | HWThread 181 | HWThread 182 | HWThread 183 | HWThread 184 | HWThread 185 | HWThread 186 | HWThread 187 | HWThread 188 | HWThread 189 | HWThread 190 | HWThread 191 |
+----------------------+------------+------------+------------+------------+------------+------------+------------+------------+------------+------------+-------------+-------------+-------------+-------------+-------------+-------------+-------------+-------------+-------------+-------------+-------------+-------------+-------------+-------------+-------------+-------------+-------------+-------------+-------------+-------------+-------------+-------------+-------------+-------------+-------------+-------------+-------------+-------------+-------------+-------------+-------------+-------------+-------------+-------------+-------------+-------------+-------------+-------------+-------------+-------------+-------------+-------------+-------------+-------------+-------------+-------------+-------------+-------------+-------------+-------------+-------------+-------------+-------------+-------------+-------------+-------------+-------------+-------------+-------------+-------------+-------------+-------------+-------------+-------------+-------------+-------------+-------------+-------------+-------------+-------------+-------------+-------------+-------------+-------------+-------------+-------------+-------------+-------------+-------------+-------------+-------------+-------------+-------------+-------------+-------------+-------------+-------------+-------------+-------------+-------------+--------------+--------------+--------------+--------------+--------------+--------------+--------------+--------------+--------------+--------------+--------------+--------------+--------------+--------------+--------------+--------------+--------------+--------------+--------------+--------------+--------------+--------------+--------------+--------------+--------------+--------------+--------------+--------------+--------------+--------------+--------------+--------------+--------------+--------------+--------------+--------------+--------------+--------------+--------------+--------------+--------------+--------------+--------------+--------------+--------------+--------------+--------------+--------------+--------------+--------------+--------------+--------------+--------------+--------------+--------------+--------------+--------------+--------------+--------------+--------------+--------------+--------------+--------------+--------------+--------------+--------------+--------------+--------------+--------------+--------------+--------------+--------------+--------------+--------------+--------------+--------------+--------------+--------------+--------------+--------------+--------------+--------------+--------------+--------------+--------------+--------------+--------------+--------------+--------------+--------------+--------------+--------------+
|  Runtime (RDTSC) [s] |     0.1603 |     0.1603 |     0.1607 |     0.1603 |     0.1604 |     0.1604 |     0.1604 |     0.1603 |     0.1603 |     0.1603 |      0.1603 |      0.1604 |      0.1603 |      0.1603 |      0.1603 |      0.1603 |      0.1604 |      0.1606 |      0.1604 |      0.1605 |      0.1607 |      0.1604 |      0.1606 |      0.1604 |      0.1606 |      0.1607 |      0.1604 |      0.1607 |      0.1606 |      0.1606 |      0.1605 |      0.1607 |      0.1606 |      0.1606 |      0.1606 |      0.1605 |      0.1606 |      0.1607 |      0.1607 |      0.1607 |      0.1604 |      0.1605 |      0.1606 |      0.1606 |      0.1607 |      0.1606 |      0.1605 |      0.1607 |      0.1604 |      0.1607 |      0.1606 |      0.1606 |      0.1606 |      0.1606 |      0.1606 |      0.1606 |      0.1604 |      0.1604 |      0.1604 |      0.1603 |      0.1604 |      0.1606 |      0.1604 |      0.1604 |      0.1607 |      0.1606 |      0.1607 |      0.1606 |      0.1607 |      0.1607 |      0.1607 |      0.1606 |      0.1606 |      0.1606 |      0.1607 |      0.1607 |      0.1606 |      0.1606 |      0.1605 |      0.1606 |      0.1606 |      0.1607 |      0.1606 |      0.1606 |      0.1607 |      0.1607 |      0.1606 |      0.1607 |      0.1607 |      0.1605 |      0.1606 |      0.1606 |      0.1607 |      0.1607 |      0.1607 |      0.1606 |      0.1604 |      0.1606 |      0.1604 |      0.1604 |       0.1604 |       0.1604 |       0.1604 |       0.1604 |       0.1604 |       0.1604 |       0.1604 |       0.1604 |       0.1603 |       0.1604 |       0.1604 |       0.1603 |       0.1604 |       0.1603 |       0.1603 |       0.1604 |       0.1603 |       0.1603 |       0.1604 |       0.1604 |       0.1604 |       0.1604 |       0.1604 |       0.1604 |       0.1603 |       0.1603 |       0.1603 |       0.1603 |       0.1603 |       0.1607 |       0.1603 |       0.1604 |       0.1607 |       0.1604 |       0.1603 |       0.1604 |       0.1604 |       0.1604 |       0.1603 |       0.1604 |       0.1604 |       0.1607 |       0.1604 |       0.1603 |       0.1603 |       0.1604 |       0.1603 |       0.1604 |       0.1603 |       0.1604 |       0.1604 |       0.1604 |       0.1604 |       0.1604 |       0.1603 |       0.1607 |       0.1604 |       0.1604 |       0.1606 |       0.1603 |       0.1604 |       0.1604 |       0.1604 |       0.1604 |       0.1604 |       0.1604 |       0.1604 |       0.1604 |       0.1604 |       0.1603 |       0.1604 |       0.1604 |       0.1603 |       0.1604 |       0.1604 |       0.1604 |       0.1614 |       0.1610 |       0.1609 |       0.1610 |       0.1612 |       0.1612 |       0.1610 |       0.1612 |       0.1604 |       0.1603 |       0.1604 |       0.1604 |       0.1603 |       0.1604 |       0.1607 |       0.1604 |
| Runtime unhalted [s] |     0.2491 |     0.2494 |     0.2499 |     0.2494 |     0.2493 |     0.2495 |     0.2492 |     0.2491 |     0.2491 |     0.2490 |      0.2490 |      0.2488 |      0.2490 |      0.2489 |      0.2489 |      0.2490 |      0.2499 |      0.2503 |      0.2496 |      0.2501 |      0.2500 |      0.2497 |      0.2503 |      0.2496 |      0.2500 |      0.2499 |      0.2494 |      0.2499 |      0.2500 |      0.2499 |      0.2498 |      0.2499 |      0.2502 |      0.2502 |      0.2503 |      0.2502 |      0.2503 |      0.2503 |      0.2502 |      0.2502 |      0.2498 |      0.2501 |      0.2502 |      0.2502 |      0.2501 |      0.2502 |      0.2501 |      0.2501 |      0.2502 |      0.2502 |      0.2503 |      0.2503 |      0.2503 |      0.2503 |      0.2503 |      0.2503 |      0.2498 |      0.2499 |      0.2498 |      0.2497 |      0.2499 |      0.2495 |      0.2498 |      0.2499 |      0.2500 |      0.2501 |      0.2500 |      0.2501 |      0.2500 |      0.2499 |      0.2501 |      0.2501 |      0.2504 |      0.2504 |      0.2503 |      0.2503 |      0.2504 |      0.2504 |      0.2504 |      0.2504 |      0.2490 |      0.2488 |      0.2489 |      0.2489 |      0.2489 |      0.2489 |      0.2490 |      0.2489 |      0.2503 |      0.2503 |      0.2503 |      0.2503 |      0.2501 |      0.2501 |      0.2503 |      0.2503 |      0.2501 |      0.2506 |      0.2501 |      0.2501 |       0.2501 |       0.2501 |       0.2506 |       0.2502 |       0.2506 |       0.2503 |       0.2508 |       0.2502 |       0.2506 |       0.2507 |       0.2507 |       0.2511 |       0.2506 |       0.2506 |       0.2505 |       0.2502 |       0.2506 |       0.2505 |       0.2501 |       0.2506 |       0.2494 |       0.2492 |       0.2492 |       0.2492 |       0.2493 |       0.2494 |       0.2500 |       0.2500 |       0.2499 |       0.2499 |       0.2499 |       0.2499 |       0.2502 |       0.2498 |       0.2498 |       0.2499 |       0.2497 |       0.2496 |       0.2497 |       0.2497 |       0.2504 |       0.2499 |       0.2497 |       0.2496 |       0.2509 |       0.2506 |       0.2510 |       0.2508 |       0.2502 |       0.2510 |       0.2509 |       0.2509 |       0.2510 |       0.2510 |       0.2507 |       0.2513 |       0.2508 |       0.2508 |       0.2510 |       0.2507 |       0.2507 |       0.2508 |       0.2508 |       0.2507 |       0.2507 |       0.2506 |       0.2508 |       0.2508 |       0.2503 |       0.2503 |       0.2500 |       0.2501 |       0.2503 |       0.2503 |       0.2503 |       0.2501 |       0.2512 |       0.2512 |       0.2512 |       0.2512 |       0.2512 |       0.2512 |       0.2512 |       0.2515 |       0.2503 |       0.2506 |       0.2504 |       0.2504 |       0.2506 |       0.2503 |       0.2508 |       0.2503 |
|      Clock [MHz]     |  3680.4238 |  3680.3383 |  3683.6513 |  3680.3162 |  3680.5689 |  3684.3063 |  3680.6030 |  3680.1446 |  3679.2567 |  3690.1601 |   3691.7014 |   3678.3938 |   3691.2539 |   3682.9676 |   3682.7786 |   3691.4405 |   3690.7770 |   3689.6395 |   3698.7115 |   3687.4903 |   3686.5950 |   3686.9325 |   3689.6207 |   3698.7038 |   3699.8401 |   3690.3670 |   3694.2176 |   3697.4837 |   3700.8422 |   3698.2768 |   3689.2600 |   3697.7387 |   3701.8824 |   3702.2410 |   3702.0499 |   3693.3722 |   3702.4829 |   3702.5763 |   3701.2444 |   3701.9672 |   3694.5028 |   3692.4952 |   3700.0173 |   3700.1390 |   3699.7119 |   3693.3153 |   3692.4822 |   3700.4099 |   3688.8853 |   3688.9596 |   3689.4137 |   3689.1627 |   3689.5456 |   3689.6342 |   3689.3908 |   3689.6026 |   3688.6891 |   3688.9638 |   3688.5871 |   3688.9725 |   3689.0990 |   3684.6030 |   3688.6805 |   3689.7647 |   3686.6166 |   3687.1210 |   3687.0283 |   3687.0489 |   3686.7839 |   3685.2491 |   3687.1521 |   3687.4543 |   3690.1606 |   3690.1771 |   3689.7234 |   3689.9271 |   3690.1928 |   3690.1773 |   3690.2024 |   3690.1121 |   3669.5982 |   3668.0346 |   3669.3146 |   3669.3320 |   3668.8720 |   3669.2148 |   3669.5857 |   3668.9450 |   3689.8275 |   3690.2769 |   3690.1064 |   3690.2144 |   3688.2534 |   3688.0055 |   3689.7558 |   3690.2586 |   3693.4814 |   3700.1920 |   3693.4818 |   3693.5076 |    3693.5450 |    3693.3823 |    3699.9357 |    3693.5610 |    3699.9196 |    3697.8237 |    3704.1265 |    3693.6285 |    3699.9157 |    3704.0934 |    3699.6202 |    3700.5009 |    3697.4742 |    3702.2375 |    3698.0492 |    3696.0928 |    3698.5066 |    3702.5208 |    3691.9911 |    3702.3677 |    3679.2942 |    3679.4531 |    3679.3541 |    3679.3872 |    3683.4381 |    3683.7743 |    3693.6886 |    3689.0334 |    3689.8029 |    3687.7094 |    3694.4489 |    3689.8993 |    3691.9466 |    3685.6821 |    3690.0730 |    3694.2133 |    3687.8404 |    3683.3815 |    3687.9759 |    3687.8606 |    3694.9039 |    3683.7218 |    3687.8672 |    3683.3194 |    3699.0183 |    3698.3091 |    3703.5219 |    3700.0740 |    3696.8481 |    3698.4086 |    3694.7995 |    3694.5685 |    3699.7674 |    3695.2646 |    3699.2579 |    3697.5847 |    3704.2227 |    3704.1342 |    3701.4716 |    3704.4573 |    3699.7462 |    3704.2350 |    3704.3620 |    3706.9907 |    3704.2174 |    3699.8730 |    3704.2246 |    3704.1177 |    3688.5763 |    3688.6214 |    3692.8617 |    3684.5348 |    3688.4710 |    3689.1873 |    3688.5710 |    3692.5735 |    3693.9313 |    3693.9243 |    3693.9713 |    3693.4621 |    3694.0992 |    3693.9259 |    3694.1861 |    3689.6985 |    3698.6734 |    3690.2399 |    3698.5058 |    3698.5244 |    3690.0266 |    3694.3719 |    3697.2031 |    3698.8653 |
|          CPI         |     0.7922 |     0.7927 |     0.7943 |     0.7927 |     0.7930 |     0.7918 |     0.7929 |     0.7928 |     0.7916 |     0.7915 |      0.7915 |      0.7918 |      0.7915 |      0.7915 |      0.7915 |      0.7914 |      0.7936 |      0.7944 |      0.7938 |      0.7941 |      0.7948 |      0.7938 |      0.7944 |      0.7939 |      0.7941 |      0.7949 |      0.7934 |      0.7947 |      0.7942 |      0.7941 |      0.7942 |      0.7946 |      0.7946 |      0.7946 |      0.7946 |      0.7945 |      0.7946 |      0.7953 |      0.7952 |      0.7953 |      0.7936 |      0.7945 |      0.7946 |      0.7946 |      0.7950 |      0.7946 |      0.7945 |      0.7950 |      0.7939 |      0.7952 |      0.7946 |      0.7948 |      0.7946 |      0.7948 |      0.7947 |      0.7947 |      0.7936 |      0.7937 |      0.7935 |      0.7935 |      0.7938 |      0.7943 |      0.7936 |      0.7936 |      0.7948 |      0.7943 |      0.7949 |      0.7943 |      0.7949 |      0.7947 |      0.7950 |      0.7943 |      0.7946 |      0.7946 |      0.7951 |      0.7952 |      0.7946 |      0.7946 |      0.7944 |      0.7946 |      0.7909 |      0.7914 |      0.7907 |      0.7908 |      0.7914 |      0.7914 |      0.7909 |      0.7915 |      0.7954 |      0.7947 |      0.7947 |      0.7947 |      0.7952 |      0.7952 |      0.7952 |      0.7946 |      0.7928 |      0.7935 |      0.7928 |      0.7930 |       0.7929 |       0.7929 |       0.7928 |       0.7929 |       0.7931 |       0.7927 |       0.7927 |       0.7930 |       0.7927 |       0.7927 |       0.7930 |       0.7927 |       0.7923 |       0.7922 |       0.7922 |       0.7923 |       0.7922 |       0.7923 |       0.7923 |       0.7924 |       0.7908 |       0.7907 |       0.7907 |       0.7908 |       0.7906 |       0.7906 |       0.7906 |       0.7907 |       0.7918 |       0.7933 |       0.7918 |       0.7918 |       0.7933 |       0.7920 |       0.7917 |       0.7919 |       0.7914 |       0.7917 |       0.7915 |       0.7915 |       0.7918 |       0.7928 |       0.7916 |       0.7914 |       0.7925 |       0.7925 |       0.7925 |       0.7926 |       0.7926 |       0.7925 |       0.7928 |       0.7926 |       0.7927 |       0.7926 |       0.7926 |       0.7940 |       0.7927 |       0.7927 |       0.7938 |       0.7925 |       0.7929 |       0.7927 |       0.7928 |       0.7929 |       0.7927 |       0.7931 |       0.7927 |       0.7927 |       0.7904 |       0.7903 |       0.7905 |       0.7907 |       0.7903 |       0.7904 |       0.7904 |       0.7905 |       0.7960 |       0.7944 |       0.7939 |       0.7947 |       0.7956 |       0.7957 |       0.7948 |       0.7957 |       0.7915 |       0.7915 |       0.7916 |       0.7919 |       0.7916 |       0.7916 |       0.7930 |       0.7915 |
|     DP [MFLOP/s]     | 58468.5316 | 58465.3956 | 58325.2762 | 58466.5625 | 58439.1539 | 58461.7860 | 58449.0282 | 58463.5361 | 58463.0621 | 58462.1141 |  58470.1727 |  58436.3125 |  58463.4996 |  58471.0115 |  58463.4631 |  58463.4996 |  58457.7394 |  58387.5412 |  58451.5794 |  58414.3189 |  58349.2365 |  58440.0647 |  58386.4502 |  58435.4018 |  58379.7599 |  58326.5463 |  58440.4290 |  58332.2444 |  58375.6156 |  58387.8685 |  58389.7960 |  58333.7326 |  58376.0881 |  58388.4867 |  58379.0328 |  58392.1964 |  58376.1972 |  58325.4576 |  58330.4659 |  58328.1794 |  58455.4429 |  58389.5050 |  58372.9984 |  58374.8885 |  58338.1251 |  58380.7415 |  58390.5234 |  58341.6832 |  58441.9956 |  58340.7392 |  58378.4511 |  58374.8158 |  58382.4504 |  58378.5965 |  58375.1793 |  58378.4874 |  58451.5429 |  58438.2796 |  58452.9643 |  58466.9636 |  58435.8754 |  58388.4867 |  58452.9279 |  58452.4176 |  58337.9073 |  58387.6503 |  58329.1593 |  58387.3230 |  58330.4296 |  58350.8708 |  58329.3045 |  58384.9593 |  58377.3241 |  58382.1595 |  58333.8415 |  58334.0593 |  58378.5238 |  58381.3960 |  58394.6698 |  58382.3413 |  58383.6503 |  58345.1691 |  58387.2503 |  58382.9958 |  58329.7400 |  58331.4459 |  58383.6503 |  58329.4496 |  58325.5302 |  58389.7596 |  58388.5231 |  58388.2685 |  58346.0043 |  58344.4428 |  58336.3826 |  58388.4867 |  58439.5547 |  58388.1231 |  58432.8157 |  58432.8521 |   58432.8886 |   58432.8886 |   58437.8789 |   58432.8157 |   58432.1965 |   58456.7551 |   58456.7187 |   58431.9052 |   58462.6975 |   58458.7965 |   58431.9052 |   58463.2444 |   58458.6872 |   58469.0786 |   58469.1151 |   58461.4579 |   58467.2188 |   58468.4587 |   58457.5571 |   58458.1039 |   58457.1926 |   58456.2813 |   58453.5839 |   58453.6204 |   58468.7140 |   58471.3397 |   58471.0115 |   58472.2150 |   58465.7238 |   58334.4949 |   58468.8963 |   58453.0008 |   58338.3793 |   58451.3607 |   58468.3858 |   58453.2195 |   58457.9216 |   58432.2330 |   58464.8487 |   58460.2912 |   58433.0343 |   58343.9345 |   58456.9738 |   58469.9903 |   58466.5989 |   58459.8538 |   58462.6246 |   58450.8504 |   58462.4423 |   58460.9475 |   58433.2164 |   58454.7139 |   58454.2400 |   58456.9009 |   58464.0465 |   58347.5659 |   58461.8225 |   58453.0008 |   58354.1399 |   58467.0000 |   58430.7033 |   58453.1101 |   58452.2354 |   58434.6005 |   58461.8589 |   58430.6669 |   58460.4371 |   58452.3083 |   58458.9059 |   58465.6873 |   58454.9326 |   58437.0775 |   58462.8798 |   58460.1454 |   58455.9896 |   58453.8755 |   58099.4230 |   58211.4799 |   58274.5888 |   58240.0139 |   58163.5882 |   58159.4384 |   58241.7869 |   58164.7069 |   58459.0517 |   58464.7758 |   58456.8645 |   58430.2663 |   58462.7704 |   58460.2912 |   58324.7681 |   58459.0153 |
+----------------------+------------+------------+------------+------------+------------+------------+------------+------------+------------+------------+-------------+-------------+-------------+-------------+-------------+-------------+-------------+-------------+-------------+-------------+-------------+-------------+-------------+-------------+-------------+-------------+-------------+-------------+-------------+-------------+-------------+-------------+-------------+-------------+-------------+-------------+-------------+-------------+-------------+-------------+-------------+-------------+-------------+-------------+-------------+-------------+-------------+-------------+-------------+-------------+-------------+-------------+-------------+-------------+-------------+-------------+-------------+-------------+-------------+-------------+-------------+-------------+-------------+-------------+-------------+-------------+-------------+-------------+-------------+-------------+-------------+-------------+-------------+-------------+-------------+-------------+-------------+-------------+-------------+-------------+-------------+-------------+-------------+-------------+-------------+-------------+-------------+-------------+-------------+-------------+-------------+-------------+-------------+-------------+-------------+-------------+-------------+-------------+-------------+-------------+--------------+--------------+--------------+--------------+--------------+--------------+--------------+--------------+--------------+--------------+--------------+--------------+--------------+--------------+--------------+--------------+--------------+--------------+--------------+--------------+--------------+--------------+--------------+--------------+--------------+--------------+--------------+--------------+--------------+--------------+--------------+--------------+--------------+--------------+--------------+--------------+--------------+--------------+--------------+--------------+--------------+--------------+--------------+--------------+--------------+--------------+--------------+--------------+--------------+--------------+--------------+--------------+--------------+--------------+--------------+--------------+--------------+--------------+--------------+--------------+--------------+--------------+--------------+--------------+--------------+--------------+--------------+--------------+--------------+--------------+--------------+--------------+--------------+--------------+--------------+--------------+--------------+--------------+--------------+--------------+--------------+--------------+--------------+--------------+--------------+--------------+--------------+--------------+--------------+--------------+--------------+--------------+

+---------------------------+--------------+------------+------------+------------+
|           Metric          |      Sum     |     Min    |     Max    |     Avg    |
+---------------------------+--------------+------------+------------+------------+
|  Runtime (RDTSC) [s] STAT |      30.8161 |     0.1603 |     0.1614 |     0.1605 |
| Runtime unhalted [s] STAT |      48.0234 |     0.2488 |     0.2515 |     0.2501 |
|      Clock [MHz] STAT     |  708806.8734 |  3668.0346 |  3706.9907 |  3691.7025 |
|          CPI STAT         |     152.2737 |     0.7903 |     0.7960 |     0.7931 |
|     DP [MFLOP/s] STAT     | 1.121443e+07 | 58099.4230 | 58472.2150 | 58408.5008 |
+---------------------------+--------------+------------+------------+------------+

