--------------------------------------------------------------------------------
CPU name:	AMD EPYC 9654 96-Core Processor                
CPU type:	AMD K19 (Zen4) architecture
CPU clock:	2.40 GHz
--------------------------------------------------------------------------------
Allocate: Process running on hwthread 0 (Domain N) - Vector length 24000000/96000000 Offset 0 Alignment 1024
Initialization: Each thread in domain initializes its own stream chunks
--------------------------------------------------------------------------------
LIKWID MICRO BENCHMARK
Test: peakflops_sp
--------------------------------------------------------------------------------
Using 1 work groups
Using 192 threads
--------------------------------------------------------------------------------
Using Likwid Marker API
--------------------------------------------------------------------------------
Group: 0 Thread 0 Global Thread 0 running on hwthread 0 - Vector length 125000 Offset 0
Group: 0 Thread 1 Global Thread 1 running on hwthread 1 - Vector length 125000 Offset 125000
Group: 0 Thread 2 Global Thread 2 running on hwthread 2 - Vector length 125000 Offset 250000
Group: 0 Thread 3 Global Thread 3 running on hwthread 3 - Vector length 125000 Offset 375000
Group: 0 Thread 4 Global Thread 4 running on hwthread 4 - Vector length 125000 Offset 500000
Group: 0 Thread 5 Global Thread 5 running on hwthread 5 - Vector length 125000 Offset 625000
Group: 0 Thread 6 Global Thread 6 running on hwthread 6 - Vector length 125000 Offset 750000
Group: 0 Thread 7 Global Thread 7 running on hwthread 7 - Vector length 125000 Offset 875000
Group: 0 Thread 8 Global Thread 8 running on hwthread 8 - Vector length 125000 Offset 1000000
Group: 0 Thread 9 Global Thread 9 running on hwthread 9 - Vector length 125000 Offset 1125000
Group: 0 Thread 10 Global Thread 10 running on hwthread 10 - Vector length 125000 Offset 1250000
Group: 0 Thread 11 Global Thread 11 running on hwthread 11 - Vector length 125000 Offset 1375000
Group: 0 Thread 12 Global Thread 12 running on hwthread 12 - Vector length 125000 Offset 1500000
Group: 0 Thread 13 Global Thread 13 running on hwthread 13 - Vector length 125000 Offset 1625000
Group: 0 Thread 14 Global Thread 14 running on hwthread 14 - Vector length 125000 Offset 1750000
Group: 0 Thread 15 Global Thread 15 running on hwthread 15 - Vector length 125000 Offset 1875000
Group: 0 Thread 16 Global Thread 16 running on hwthread 16 - Vector length 125000 Offset 2000000
Group: 0 Thread 17 Global Thread 17 running on hwthread 17 - Vector length 125000 Offset 2125000
Group: 0 Thread 18 Global Thread 18 running on hwthread 18 - Vector length 125000 Offset 2250000
Group: 0 Thread 19 Global Thread 19 running on hwthread 19 - Vector length 125000 Offset 2375000
Group: 0 Thread 20 Global Thread 20 running on hwthread 20 - Vector length 125000 Offset 2500000
Group: 0 Thread 21 Global Thread 21 running on hwthread 21 - Vector length 125000 Offset 2625000
Group: 0 Thread 22 Global Thread 22 running on hwthread 22 - Vector length 125000 Offset 2750000
Group: 0 Thread 23 Global Thread 23 running on hwthread 23 - Vector length 125000 Offset 2875000
Group: 0 Thread 24 Global Thread 24 running on hwthread 24 - Vector length 125000 Offset 3000000
Group: 0 Thread 25 Global Thread 25 running on hwthread 25 - Vector length 125000 Offset 3125000
Group: 0 Thread 26 Global Thread 26 running on hwthread 26 - Vector length 125000 Offset 3250000
Group: 0 Thread 27 Global Thread 27 running on hwthread 27 - Vector length 125000 Offset 3375000
Group: 0 Thread 28 Global Thread 28 running on hwthread 28 - Vector length 125000 Offset 3500000
Group: 0 Thread 29 Global Thread 29 running on hwthread 29 - Vector length 125000 Offset 3625000
Group: 0 Thread 30 Global Thread 30 running on hwthread 30 - Vector length 125000 Offset 3750000
Group: 0 Thread 31 Global Thread 31 running on hwthread 31 - Vector length 125000 Offset 3875000
Group: 0 Thread 32 Global Thread 32 running on hwthread 32 - Vector length 125000 Offset 4000000
Group: 0 Thread 33 Global Thread 33 running on hwthread 33 - Vector length 125000 Offset 4125000
Group: 0 Thread 34 Global Thread 34 running on hwthread 34 - Vector length 125000 Offset 4250000
Group: 0 Thread 35 Global Thread 35 running on hwthread 35 - Vector length 125000 Offset 4375000
Group: 0 Thread 36 Global Thread 36 running on hwthread 36 - Vector length 125000 Offset 4500000
Group: 0 Thread 37 Global Thread 37 running on hwthread 37 - Vector length 125000 Offset 4625000
Group: 0 Thread 38 Global Thread 38 running on hwthread 38 - Vector length 125000 Offset 4750000
Group: 0 Thread 39 Global Thread 39 running on hwthread 39 - Vector length 125000 Offset 4875000
Group: 0 Thread 40 Global Thread 40 running on hwthread 40 - Vector length 125000 Offset 5000000
Group: 0 Thread 41 Global Thread 41 running on hwthread 41 - Vector length 125000 Offset 5125000
Group: 0 Thread 42 Global Thread 42 running on hwthread 42 - Vector length 125000 Offset 5250000
Group: 0 Thread 43 Global Thread 43 running on hwthread 43 - Vector length 125000 Offset 5375000
Group: 0 Thread 44 Global Thread 44 running on hwthread 44 - Vector length 125000 Offset 5500000
Group: 0 Thread 45 Global Thread 45 running on hwthread 45 - Vector length 125000 Offset 5625000
Group: 0 Thread 46 Global Thread 46 running on hwthread 46 - Vector length 125000 Offset 5750000
Group: 0 Thread 47 Global Thread 47 running on hwthread 47 - Vector length 125000 Offset 5875000
Group: 0 Thread 48 Global Thread 48 running on hwthread 48 - Vector length 125000 Offset 6000000
Group: 0 Thread 49 Global Thread 49 running on hwthread 49 - Vector length 125000 Offset 6125000
Group: 0 Thread 50 Global Thread 50 running on hwthread 50 - Vector length 125000 Offset 6250000
Group: 0 Thread 51 Global Thread 51 running on hwthread 51 - Vector length 125000 Offset 6375000
Group: 0 Thread 52 Global Thread 52 running on hwthread 52 - Vector length 125000 Offset 6500000
Group: 0 Thread 53 Global Thread 53 running on hwthread 53 - Vector length 125000 Offset 6625000
Group: 0 Thread 54 Global Thread 54 running on hwthread 54 - Vector length 125000 Offset 6750000
Group: 0 Thread 55 Global Thread 55 running on hwthread 55 - Vector length 125000 Offset 6875000
Group: 0 Thread 56 Global Thread 56 running on hwthread 56 - Vector length 125000 Offset 7000000
Group: 0 Thread 57 Global Thread 57 running on hwthread 57 - Vector length 125000 Offset 7125000
Group: 0 Thread 58 Global Thread 58 running on hwthread 58 - Vector length 125000 Offset 7250000
Group: 0 Thread 59 Global Thread 59 running on hwthread 59 - Vector length 125000 Offset 7375000
Group: 0 Thread 60 Global Thread 60 running on hwthread 60 - Vector length 125000 Offset 7500000
Group: 0 Thread 61 Global Thread 61 running on hwthread 61 - Vector length 125000 Offset 7625000
Group: 0 Thread 62 Global Thread 62 running on hwthread 62 - Vector length 125000 Offset 7750000
Group: 0 Thread 63 Global Thread 63 running on hwthread 63 - Vector length 125000 Offset 7875000
Group: 0 Thread 64 Global Thread 64 running on hwthread 64 - Vector length 125000 Offset 8000000
Group: 0 Thread 65 Global Thread 65 running on hwthread 65 - Vector length 125000 Offset 8125000
Group: 0 Thread 66 Global Thread 66 running on hwthread 66 - Vector length 125000 Offset 8250000
Group: 0 Thread 67 Global Thread 67 running on hwthread 67 - Vector length 125000 Offset 8375000
Group: 0 Thread 68 Global Thread 68 running on hwthread 68 - Vector length 125000 Offset 8500000
Group: 0 Thread 69 Global Thread 69 running on hwthread 69 - Vector length 125000 Offset 8625000
Group: 0 Thread 70 Global Thread 70 running on hwthread 70 - Vector length 125000 Offset 8750000
Group: 0 Thread 71 Global Thread 71 running on hwthread 71 - Vector length 125000 Offset 8875000
Group: 0 Thread 72 Global Thread 72 running on hwthread 72 - Vector length 125000 Offset 9000000
Group: 0 Thread 73 Global Thread 73 running on hwthread 73 - Vector length 125000 Offset 9125000
Group: 0 Thread 74 Global Thread 74 running on hwthread 74 - Vector length 125000 Offset 9250000
Group: 0 Thread 75 Global Thread 75 running on hwthread 75 - Vector length 125000 Offset 9375000
Group: 0 Thread 76 Global Thread 76 running on hwthread 76 - Vector length 125000 Offset 9500000
Group: 0 Thread 77 Global Thread 77 running on hwthread 77 - Vector length 125000 Offset 9625000
Group: 0 Thread 78 Global Thread 78 running on hwthread 78 - Vector length 125000 Offset 9750000
Group: 0 Thread 79 Global Thread 79 running on hwthread 79 - Vector length 125000 Offset 9875000
Group: 0 Thread 80 Global Thread 80 running on hwthread 80 - Vector length 125000 Offset 10000000
Group: 0 Thread 81 Global Thread 81 running on hwthread 81 - Vector length 125000 Offset 10125000
Group: 0 Thread 82 Global Thread 82 running on hwthread 82 - Vector length 125000 Offset 10250000
Group: 0 Thread 83 Global Thread 83 running on hwthread 83 - Vector length 125000 Offset 10375000
Group: 0 Thread 84 Global Thread 84 running on hwthread 84 - Vector length 125000 Offset 10500000
Group: 0 Thread 85 Global Thread 85 running on hwthread 85 - Vector length 125000 Offset 10625000
Group: 0 Thread 86 Global Thread 86 running on hwthread 86 - Vector length 125000 Offset 10750000
Group: 0 Thread 87 Global Thread 87 running on hwthread 87 - Vector length 125000 Offset 10875000
Group: 0 Thread 88 Global Thread 88 running on hwthread 88 - Vector length 125000 Offset 11000000
Group: 0 Thread 89 Global Thread 89 running on hwthread 89 - Vector length 125000 Offset 11125000
Group: 0 Thread 90 Global Thread 90 running on hwthread 90 - Vector length 125000 Offset 11250000
Group: 0 Thread 91 Global Thread 91 running on hwthread 91 - Vector length 125000 Offset 11375000
Group: 0 Thread 92 Global Thread 92 running on hwthread 92 - Vector length 125000 Offset 11500000
Group: 0 Thread 93 Global Thread 93 running on hwthread 93 - Vector length 125000 Offset 11625000
Group: 0 Thread 94 Global Thread 94 running on hwthread 94 - Vector length 125000 Offset 11750000
Group: 0 Thread 95 Global Thread 95 running on hwthread 95 - Vector length 125000 Offset 11875000
Group: 0 Thread 96 Global Thread 96 running on hwthread 96 - Vector length 125000 Offset 12000000
Group: 0 Thread 97 Global Thread 97 running on hwthread 97 - Vector length 125000 Offset 12125000
Group: 0 Thread 98 Global Thread 98 running on hwthread 98 - Vector length 125000 Offset 12250000
Group: 0 Thread 99 Global Thread 99 running on hwthread 99 - Vector length 125000 Offset 12375000
Group: 0 Thread 100 Global Thread 100 running on hwthread 100 - Vector length 125000 Offset 12500000
Group: 0 Thread 101 Global Thread 101 running on hwthread 101 - Vector length 125000 Offset 12625000
Group: 0 Thread 102 Global Thread 102 running on hwthread 102 - Vector length 125000 Offset 12750000
Group: 0 Thread 103 Global Thread 103 running on hwthread 103 - Vector length 125000 Offset 12875000
Group: 0 Thread 104 Global Thread 104 running on hwthread 104 - Vector length 125000 Offset 13000000
Group: 0 Thread 105 Global Thread 105 running on hwthread 105 - Vector length 125000 Offset 13125000
Group: 0 Thread 106 Global Thread 106 running on hwthread 106 - Vector length 125000 Offset 13250000
Group: 0 Thread 107 Global Thread 107 running on hwthread 107 - Vector length 125000 Offset 13375000
Group: 0 Thread 108 Global Thread 108 running on hwthread 108 - Vector length 125000 Offset 13500000
Group: 0 Thread 109 Global Thread 109 running on hwthread 109 - Vector length 125000 Offset 13625000
Group: 0 Thread 110 Global Thread 110 running on hwthread 110 - Vector length 125000 Offset 13750000
Group: 0 Thread 111 Global Thread 111 running on hwthread 111 - Vector length 125000 Offset 13875000
Group: 0 Thread 112 Global Thread 112 running on hwthread 112 - Vector length 125000 Offset 14000000
Group: 0 Thread 113 Global Thread 113 running on hwthread 113 - Vector length 125000 Offset 14125000
Group: 0 Thread 114 Global Thread 114 running on hwthread 114 - Vector length 125000 Offset 14250000
Group: 0 Thread 115 Global Thread 115 running on hwthread 115 - Vector length 125000 Offset 14375000
Group: 0 Thread 116 Global Thread 116 running on hwthread 116 - Vector length 125000 Offset 14500000
Group: 0 Thread 117 Global Thread 117 running on hwthread 117 - Vector length 125000 Offset 14625000
Group: 0 Thread 118 Global Thread 118 running on hwthread 118 - Vector length 125000 Offset 14750000
Group: 0 Thread 119 Global Thread 119 running on hwthread 119 - Vector length 125000 Offset 14875000
Group: 0 Thread 120 Global Thread 120 running on hwthread 120 - Vector length 125000 Offset 15000000
Group: 0 Thread 121 Global Thread 121 running on hwthread 121 - Vector length 125000 Offset 15125000
Group: 0 Thread 122 Global Thread 122 running on hwthread 122 - Vector length 125000 Offset 15250000
Group: 0 Thread 123 Global Thread 123 running on hwthread 123 - Vector length 125000 Offset 15375000
Group: 0 Thread 124 Global Thread 124 running on hwthread 124 - Vector length 125000 Offset 15500000
Group: 0 Thread 125 Global Thread 125 running on hwthread 125 - Vector length 125000 Offset 15625000
Group: 0 Thread 126 Global Thread 126 running on hwthread 126 - Vector length 125000 Offset 15750000
Group: 0 Thread 127 Global Thread 127 running on hwthread 127 - Vector length 125000 Offset 15875000
Group: 0 Thread 128 Global Thread 128 running on hwthread 128 - Vector length 125000 Offset 16000000
Group: 0 Thread 129 Global Thread 129 running on hwthread 129 - Vector length 125000 Offset 16125000
Group: 0 Thread 130 Global Thread 130 running on hwthread 130 - Vector length 125000 Offset 16250000
Group: 0 Thread 131 Global Thread 131 running on hwthread 131 - Vector length 125000 Offset 16375000
Group: 0 Thread 132 Global Thread 132 running on hwthread 132 - Vector length 125000 Offset 16500000
Group: 0 Thread 133 Global Thread 133 running on hwthread 133 - Vector length 125000 Offset 16625000
Group: 0 Thread 134 Global Thread 134 running on hwthread 134 - Vector length 125000 Offset 16750000
Group: 0 Thread 135 Global Thread 135 running on hwthread 135 - Vector length 125000 Offset 16875000
Group: 0 Thread 136 Global Thread 136 running on hwthread 136 - Vector length 125000 Offset 17000000
Group: 0 Thread 137 Global Thread 137 running on hwthread 137 - Vector length 125000 Offset 17125000
Group: 0 Thread 138 Global Thread 138 running on hwthread 138 - Vector length 125000 Offset 17250000
Group: 0 Thread 139 Global Thread 139 running on hwthread 139 - Vector length 125000 Offset 17375000
Group: 0 Thread 140 Global Thread 140 running on hwthread 140 - Vector length 125000 Offset 17500000
Group: 0 Thread 141 Global Thread 141 running on hwthread 141 - Vector length 125000 Offset 17625000
Group: 0 Thread 142 Global Thread 142 running on hwthread 142 - Vector length 125000 Offset 17750000
Group: 0 Thread 143 Global Thread 143 running on hwthread 143 - Vector length 125000 Offset 17875000
Group: 0 Thread 144 Global Thread 144 running on hwthread 144 - Vector length 125000 Offset 18000000
Group: 0 Thread 145 Global Thread 145 running on hwthread 145 - Vector length 125000 Offset 18125000
Group: 0 Thread 146 Global Thread 146 running on hwthread 146 - Vector length 125000 Offset 18250000
Group: 0 Thread 147 Global Thread 147 running on hwthread 147 - Vector length 125000 Offset 18375000
Group: 0 Thread 148 Global Thread 148 running on hwthread 148 - Vector length 125000 Offset 18500000
Group: 0 Thread 149 Global Thread 149 running on hwthread 149 - Vector length 125000 Offset 18625000
Group: 0 Thread 150 Global Thread 150 running on hwthread 150 - Vector length 125000 Offset 18750000
Group: 0 Thread 151 Global Thread 151 running on hwthread 151 - Vector length 125000 Offset 18875000
Group: 0 Thread 152 Global Thread 152 running on hwthread 152 - Vector length 125000 Offset 19000000
Group: 0 Thread 153 Global Thread 153 running on hwthread 153 - Vector length 125000 Offset 19125000
Group: 0 Thread 154 Global Thread 154 running on hwthread 154 - Vector length 125000 Offset 19250000
Group: 0 Thread 155 Global Thread 155 running on hwthread 155 - Vector length 125000 Offset 19375000
Group: 0 Thread 156 Global Thread 156 running on hwthread 156 - Vector length 125000 Offset 19500000
Group: 0 Thread 157 Global Thread 157 running on hwthread 157 - Vector length 125000 Offset 19625000
Group: 0 Thread 158 Global Thread 158 running on hwthread 158 - Vector length 125000 Offset 19750000
Group: 0 Thread 159 Global Thread 159 running on hwthread 159 - Vector length 125000 Offset 19875000
Group: 0 Thread 160 Global Thread 160 running on hwthread 160 - Vector length 125000 Offset 20000000
Group: 0 Thread 161 Global Thread 161 running on hwthread 161 - Vector length 125000 Offset 20125000
Group: 0 Thread 162 Global Thread 162 running on hwthread 162 - Vector length 125000 Offset 20250000
Group: 0 Thread 163 Global Thread 163 running on hwthread 163 - Vector length 125000 Offset 20375000
Group: 0 Thread 164 Global Thread 164 running on hwthread 164 - Vector length 125000 Offset 20500000
Group: 0 Thread 165 Global Thread 165 running on hwthread 165 - Vector length 125000 Offset 20625000
Group: 0 Thread 166 Global Thread 166 running on hwthread 166 - Vector length 125000 Offset 20750000
Group: 0 Thread 167 Global Thread 167 running on hwthread 167 - Vector length 125000 Offset 20875000
Group: 0 Thread 168 Global Thread 168 running on hwthread 168 - Vector length 125000 Offset 21000000
Group: 0 Thread 169 Global Thread 169 running on hwthread 169 - Vector length 125000 Offset 21125000
Group: 0 Thread 170 Global Thread 170 running on hwthread 170 - Vector length 125000 Offset 21250000
Group: 0 Thread 171 Global Thread 171 running on hwthread 171 - Vector length 125000 Offset 21375000
Group: 0 Thread 172 Global Thread 172 running on hwthread 172 - Vector length 125000 Offset 21500000
Group: 0 Thread 173 Global Thread 173 running on hwthread 173 - Vector length 125000 Offset 21625000
Group: 0 Thread 174 Global Thread 174 running on hwthread 174 - Vector length 125000 Offset 21750000
Group: 0 Thread 175 Global Thread 175 running on hwthread 175 - Vector length 125000 Offset 21875000
Group: 0 Thread 176 Global Thread 176 running on hwthread 176 - Vector length 125000 Offset 22000000
Group: 0 Thread 177 Global Thread 177 running on hwthread 177 - Vector length 125000 Offset 22125000
Group: 0 Thread 178 Global Thread 178 running on hwthread 178 - Vector length 125000 Offset 22250000
Group: 0 Thread 179 Global Thread 179 running on hwthread 179 - Vector length 125000 Offset 22375000
Group: 0 Thread 180 Global Thread 180 running on hwthread 180 - Vector length 125000 Offset 22500000
Group: 0 Thread 181 Global Thread 181 running on hwthread 181 - Vector length 125000 Offset 22625000
Group: 0 Thread 182 Global Thread 182 running on hwthread 182 - Vector length 125000 Offset 22750000
Group: 0 Thread 183 Global Thread 183 running on hwthread 183 - Vector length 125000 Offset 22875000
Group: 0 Thread 184 Global Thread 184 running on hwthread 184 - Vector length 125000 Offset 23000000
Group: 0 Thread 185 Global Thread 185 running on hwthread 185 - Vector length 125000 Offset 23125000
Group: 0 Thread 186 Global Thread 186 running on hwthread 186 - Vector length 125000 Offset 23250000
Group: 0 Thread 187 Global Thread 187 running on hwthread 187 - Vector length 125000 Offset 23375000
Group: 0 Thread 188 Global Thread 188 running on hwthread 188 - Vector length 125000 Offset 23500000
Group: 0 Thread 189 Global Thread 189 running on hwthread 189 - Vector length 125000 Offset 23625000
Group: 0 Thread 190 Global Thread 190 running on hwthread 190 - Vector length 125000 Offset 23750000
Group: 0 Thread 191 Global Thread 191 running on hwthread 191 - Vector length 125000 Offset 23875000
--------------------------------------------------------------------------------
Cycles:			2461890240
CPU Clock:		2399369474
Cycle Clock:		2399369474
Time:			1.026057e+00 sec
Iterations:		960000
Iterations per thread:	5000
Inner loop executions:	125000
Size (Byte):		96000000
Size per thread:	500000
Number of Flops:	1920000000000
MFlops/s:		1871240.77
Data volume (Byte):	480000000000
MByte/s:		467810.19
Cycles per update:	0.020516
Cycles per cacheline:	0.328252
Loads per update:	1
Stores per update:	0
Load bytes per element:	4
Store bytes per elem.:	0
Instructions:		2400000000032
UOPs:			2280000000000
--------------------------------------------------------------------------------
Writing Likwid Marker API results to file /tmp/likwid_744918.txt
--------------------------------------------------------------------------------
Region bench, Group 1: FLOPS_SP
+-------------------+------------+------------+------------+------------+------------+------------+------------+------------+------------+------------+-------------+-------------+-------------+-------------+-------------+-------------+-------------+-------------+-------------+-------------+-------------+-------------+-------------+-------------+-------------+-------------+-------------+-------------+-------------+-------------+-------------+-------------+-------------+-------------+-------------+-------------+-------------+-------------+-------------+-------------+-------------+-------------+-------------+-------------+-------------+-------------+-------------+-------------+-------------+-------------+-------------+-------------+-------------+-------------+-------------+-------------+-------------+-------------+-------------+-------------+-------------+-------------+-------------+-------------+-------------+-------------+-------------+-------------+-------------+-------------+-------------+-------------+-------------+-------------+-------------+-------------+-------------+-------------+-------------+-------------+-------------+-------------+-------------+-------------+-------------+-------------+-------------+-------------+-------------+-------------+-------------+-------------+-------------+-------------+-------------+-------------+-------------+-------------+-------------+-------------+--------------+--------------+--------------+--------------+--------------+--------------+--------------+--------------+--------------+--------------+--------------+--------------+--------------+--------------+--------------+--------------+--------------+--------------+--------------+--------------+--------------+--------------+--------------+--------------+--------------+--------------+--------------+--------------+--------------+--------------+--------------+--------------+--------------+--------------+--------------+--------------+--------------+--------------+--------------+--------------+--------------+--------------+--------------+--------------+--------------+--------------+--------------+--------------+--------------+--------------+--------------+--------------+--------------+--------------+--------------+--------------+--------------+--------------+--------------+--------------+--------------+--------------+--------------+--------------+--------------+--------------+--------------+--------------+--------------+--------------+--------------+--------------+--------------+--------------+--------------+--------------+--------------+--------------+--------------+--------------+--------------+--------------+--------------+--------------+--------------+--------------+--------------+--------------+--------------+--------------+--------------+--------------+
|    Region Info    | HWThread 0 | HWThread 1 | HWThread 2 | HWThread 3 | HWThread 4 | HWThread 5 | HWThread 6 | HWThread 7 | HWThread 8 | HWThread 9 | HWThread 10 | HWThread 11 | HWThread 12 | HWThread 13 | HWThread 14 | HWThread 15 | HWThread 16 | HWThread 17 | HWThread 18 | HWThread 19 | HWThread 20 | HWThread 21 | HWThread 22 | HWThread 23 | HWThread 24 | HWThread 25 | HWThread 26 | HWThread 27 | HWThread 28 | HWThread 29 | HWThread 30 | HWThread 31 | HWThread 32 | HWThread 33 | HWThread 34 | HWThread 35 | HWThread 36 | HWThread 37 | HWThread 38 | HWThread 39 | HWThread 40 | HWThread 41 | HWThread 42 | HWThread 43 | HWThread 44 | HWThread 45 | HWThread 46 | HWThread 47 | HWThread 48 | HWThread 49 | HWThread 50 | HWThread 51 | HWThread 52 | HWThread 53 | HWThread 54 | HWThread 55 | HWThread 56 | HWThread 57 | HWThread 58 | HWThread 59 | HWThread 60 | HWThread 61 | HWThread 62 | HWThread 63 | HWThread 64 | HWThread 65 | HWThread 66 | HWThread 67 | HWThread 68 | HWThread 69 | HWThread 70 | HWThread 71 | HWThread 72 | HWThread 73 | HWThread 74 | HWThread 75 | HWThread 76 | HWThread 77 | HWThread 78 | HWThread 79 | HWThread 80 | HWThread 81 | HWThread 82 | HWThread 83 | HWThread 84 | HWThread 85 | HWThread 86 | HWThread 87 | HWThread 88 | HWThread 89 | HWThread 90 | HWThread 91 | HWThread 92 | HWThread 93 | HWThread 94 | HWThread 95 | HWThread 96 | HWThread 97 | HWThread 98 | HWThread 99 | HWThread 100 | HWThread 101 | HWThread 102 | HWThread 103 | HWThread 104 | HWThread 105 | HWThread 106 | HWThread 107 | HWThread 108 | HWThread 109 | HWThread 110 | HWThread 111 | HWThread 112 | HWThread 113 | HWThread 114 | HWThread 115 | HWThread 116 | HWThread 117 | HWThread 118 | HWThread 119 | HWThread 120 | HWThread 121 | HWThread 122 | HWThread 123 | HWThread 124 | HWThread 125 | HWThread 126 | HWThread 127 | HWThread 128 | HWThread 129 | HWThread 130 | HWThread 131 | HWThread 132 | HWThread 133 | HWThread 134 | HWThread 135 | HWThread 136 | HWThread 137 | HWThread 138 | HWThread 139 | HWThread 140 | HWThread 141 | HWThread 142 | HWThread 143 | HWThread 144 | HWThread 145 | HWThread 146 | HWThread 147 | HWThread 148 | HWThread 149 | HWThread 150 | HWThread 151 | HWThread 152 | HWThread 153 | HWThread 154 | HWThread 155 | HWThread 156 | HWThread 157 | HWThread 158 | HWThread 159 | HWThread 160 | HWThread 161 | HWThread 162 | HWThread 163 | HWThread 164 | HWThread 165 | HWThread 166 | HWThread 167 | HWThread 168 | HWThread 169 | HWThread 170 | HWThread 171 | HWThread 172 | HWThread 173 | HWThread 174 | HWThread 175 | HWThread 176 | HWThread 177 | HWThread 178 | HWThread 179 | HWThread 180 | HWThread 181 | HWThread 182 | HWThread 183 | HWThread 184 | HWThread 185 | HWThread 186 | HWThread 187 | HWThread 188 | HWThread 189 | HWThread 190 | HWThread 191 |
+-------------------+------------+------------+------------+------------+------------+------------+------------+------------+------------+------------+-------------+-------------+-------------+-------------+-------------+-------------+-------------+-------------+-------------+-------------+-------------+-------------+-------------+-------------+-------------+-------------+-------------+-------------+-------------+-------------+-------------+-------------+-------------+-------------+-------------+-------------+-------------+-------------+-------------+-------------+-------------+-------------+-------------+-------------+-------------+-------------+-------------+-------------+-------------+-------------+-------------+-------------+-------------+-------------+-------------+-------------+-------------+-------------+-------------+-------------+-------------+-------------+-------------+-------------+-------------+-------------+-------------+-------------+-------------+-------------+-------------+-------------+-------------+-------------+-------------+-------------+-------------+-------------+-------------+-------------+-------------+-------------+-------------+-------------+-------------+-------------+-------------+-------------+-------------+-------------+-------------+-------------+-------------+-------------+-------------+-------------+-------------+-------------+-------------+-------------+--------------+--------------+--------------+--------------+--------------+--------------+--------------+--------------+--------------+--------------+--------------+--------------+--------------+--------------+--------------+--------------+--------------+--------------+--------------+--------------+--------------+--------------+--------------+--------------+--------------+--------------+--------------+--------------+--------------+--------------+--------------+--------------+--------------+--------------+--------------+--------------+--------------+--------------+--------------+--------------+--------------+--------------+--------------+--------------+--------------+--------------+--------------+--------------+--------------+--------------+--------------+--------------+--------------+--------------+--------------+--------------+--------------+--------------+--------------+--------------+--------------+--------------+--------------+--------------+--------------+--------------+--------------+--------------+--------------+--------------+--------------+--------------+--------------+--------------+--------------+--------------+--------------+--------------+--------------+--------------+--------------+--------------+--------------+--------------+--------------+--------------+--------------+--------------+--------------+--------------+--------------+--------------+
| RDTSC Runtime [s] |   1.025385 |   1.025415 |   1.025404 |   1.025411 |   1.025411 |   1.025414 |   1.025398 |   1.025404 |   1.025458 |   1.025414 |    1.025412 |    1.025422 |    1.025447 |    1.025438 |    1.025437 |    1.025465 |    1.025415 |    1.025219 |    1.025414 |    1.025415 |    1.025389 |    1.025262 |    1.025211 |    1.025412 |    1.025256 |    1.025218 |    1.025205 |    1.025205 |    1.025424 |    1.025218 |    1.025209 |    1.025214 |    1.025233 |    1.025212 |    1.025423 |    1.025392 |    1.025234 |    1.025397 |    1.025422 |    1.025423 |    1.025388 |    1.025456 |    1.025460 |    1.025460 |    1.025388 |    1.025466 |    1.025432 |    1.025428 |    1.025439 |    1.025408 |    1.025380 |    1.025377 |    1.025391 |    1.025443 |    1.025393 |    1.025408 |    1.025467 |    1.025395 |    1.025432 |    1.025436 |    1.025395 |    1.025425 |    1.025462 |    1.025225 |    1.025406 |    1.025266 |    1.025242 |    1.025404 |    1.025225 |    1.025267 |    1.025269 |    1.025399 |    1.025418 |    1.025426 |    1.025391 |    1.025405 |    1.025227 |    1.025393 |    1.025199 |    1.025397 |    1.025205 |    1.025220 |    1.025224 |    1.025213 |    1.025239 |    1.025211 |    1.025211 |    1.025247 |    1.025211 |    1.025251 |    1.025393 |    1.025407 |    1.025393 |    1.025389 |    1.025251 |    1.025243 |    1.025208 |    1.025215 |    1.025202 |    1.025221 |     1.025202 |     1.025272 |     1.025206 |     1.025203 |     1.025201 |     1.025202 |     1.025201 |     1.025224 |     1.025201 |     1.025201 |     1.025202 |     1.025201 |     1.025225 |     1.025221 |     1.025212 |     1.025215 |     1.025236 |     1.025398 |     1.025236 |     1.025207 |     1.025203 |     1.025217 |     1.025231 |     1.025289 |     1.025351 |     1.025213 |     1.025212 |     1.025209 |     1.025218 |     1.025272 |     1.025207 |     1.025209 |     1.025227 |     1.025224 |     1.025212 |     1.025204 |     1.025206 |     1.025212 |     1.025200 |     1.025233 |     1.025233 |     1.025391 |     1.025206 |     1.025228 |     1.025197 |     1.025404 |     1.025217 |     1.025347 |     1.025259 |     1.025217 |     1.025231 |     1.025217 |     1.025207 |     1.025234 |     1.025203 |     1.025203 |     1.025258 |     1.025207 |     1.025258 |     1.025246 |     1.025239 |     1.025207 |     1.025207 |     1.025387 |     1.025214 |     1.025223 |     1.025239 |     1.025382 |     1.025627 |     1.025785 |     1.025433 |     1.026059 |     1.025781 |     1.025593 |     1.025620 |     1.025613 |     1.025464 |     1.025616 |     1.025435 |     1.025445 |     1.025386 |     1.025468 |     1.025599 |     1.025375 |     1.025457 |     1.025470 |     1.025460 |     1.025451 |     1.025390 |     1.025390 |     1.025398 |     1.025462 |
|     call count    |          1 |          1 |          1 |          1 |          1 |          1 |          1 |          1 |          1 |          1 |           1 |           1 |           1 |           1 |           1 |           1 |           1 |           1 |           1 |           1 |           1 |           1 |           1 |           1 |           1 |           1 |           1 |           1 |           1 |           1 |           1 |           1 |           1 |           1 |           1 |           1 |           1 |           1 |           1 |           1 |           1 |           1 |           1 |           1 |           1 |           1 |           1 |           1 |           1 |           1 |           1 |           1 |           1 |           1 |           1 |           1 |           1 |           1 |           1 |           1 |           1 |           1 |           1 |           1 |           1 |           1 |           1 |           1 |           1 |           1 |           1 |           1 |           1 |           1 |           1 |           1 |           1 |           1 |           1 |           1 |           1 |           1 |           1 |           1 |           1 |           1 |           1 |           1 |           1 |           1 |           1 |           1 |           1 |           1 |           1 |           1 |           1 |           1 |           1 |           1 |            1 |            1 |            1 |            1 |            1 |            1 |            1 |            1 |            1 |            1 |            1 |            1 |            1 |            1 |            1 |            1 |            1 |            1 |            1 |            1 |            1 |            1 |            1 |            1 |            1 |            1 |            1 |            1 |            1 |            1 |            1 |            1 |            1 |            1 |            1 |            1 |            1 |            1 |            1 |            1 |            1 |            1 |            1 |            1 |            1 |            1 |            1 |            1 |            1 |            1 |            1 |            1 |            1 |            1 |            1 |            1 |            1 |            1 |            1 |            1 |            1 |            1 |            1 |            1 |            1 |            1 |            1 |            1 |            1 |            1 |            1 |            1 |            1 |            1 |            1 |            1 |            1 |            1 |            1 |            1 |            1 |            1 |            1 |            1 |            1 |            1 |            1 |            1 |            1 |            1 |            1 |            1 |
+-------------------+------------+------------+------------+------------+------------+------------+------------+------------+------------+------------+-------------+-------------+-------------+-------------+-------------+-------------+-------------+-------------+-------------+-------------+-------------+-------------+-------------+-------------+-------------+-------------+-------------+-------------+-------------+-------------+-------------+-------------+-------------+-------------+-------------+-------------+-------------+-------------+-------------+-------------+-------------+-------------+-------------+-------------+-------------+-------------+-------------+-------------+-------------+-------------+-------------+-------------+-------------+-------------+-------------+-------------+-------------+-------------+-------------+-------------+-------------+-------------+-------------+-------------+-------------+-------------+-------------+-------------+-------------+-------------+-------------+-------------+-------------+-------------+-------------+-------------+-------------+-------------+-------------+-------------+-------------+-------------+-------------+-------------+-------------+-------------+-------------+-------------+-------------+-------------+-------------+-------------+-------------+-------------+-------------+-------------+-------------+-------------+-------------+-------------+--------------+--------------+--------------+--------------+--------------+--------------+--------------+--------------+--------------+--------------+--------------+--------------+--------------+--------------+--------------+--------------+--------------+--------------+--------------+--------------+--------------+--------------+--------------+--------------+--------------+--------------+--------------+--------------+--------------+--------------+--------------+--------------+--------------+--------------+--------------+--------------+--------------+--------------+--------------+--------------+--------------+--------------+--------------+--------------+--------------+--------------+--------------+--------------+--------------+--------------+--------------+--------------+--------------+--------------+--------------+--------------+--------------+--------------+--------------+--------------+--------------+--------------+--------------+--------------+--------------+--------------+--------------+--------------+--------------+--------------+--------------+--------------+--------------+--------------+--------------+--------------+--------------+--------------+--------------+--------------+--------------+--------------+--------------+--------------+--------------+--------------+--------------+--------------+--------------+--------------+--------------+--------------+

+---------------------------+---------+-------------+-------------+-------------+-------------+-------------+-------------+-------------+-------------+-------------+-------------+-------------+-------------+-------------+-------------+-------------+-------------+-------------+-------------+-------------+-------------+-------------+-------------+-------------+-------------+-------------+-------------+-------------+-------------+-------------+-------------+-------------+-------------+-------------+-------------+-------------+-------------+-------------+-------------+-------------+-------------+-------------+-------------+-------------+-------------+-------------+-------------+-------------+-------------+-------------+-------------+-------------+-------------+-------------+-------------+-------------+-------------+-------------+-------------+-------------+-------------+-------------+-------------+-------------+-------------+-------------+-------------+-------------+-------------+-------------+-------------+-------------+-------------+-------------+-------------+-------------+-------------+-------------+-------------+-------------+-------------+-------------+-------------+-------------+-------------+-------------+-------------+-------------+-------------+-------------+-------------+-------------+-------------+-------------+-------------+-------------+-------------+-------------+-------------+-------------+-------------+--------------+--------------+--------------+--------------+--------------+--------------+--------------+--------------+--------------+--------------+--------------+--------------+--------------+--------------+--------------+--------------+--------------+--------------+--------------+--------------+--------------+--------------+--------------+--------------+--------------+--------------+--------------+--------------+--------------+--------------+--------------+--------------+--------------+--------------+--------------+--------------+--------------+--------------+--------------+--------------+--------------+--------------+--------------+--------------+--------------+--------------+--------------+--------------+--------------+--------------+--------------+--------------+--------------+--------------+--------------+--------------+--------------+--------------+--------------+--------------+--------------+--------------+--------------+--------------+--------------+--------------+--------------+--------------+--------------+--------------+--------------+--------------+--------------+--------------+--------------+--------------+--------------+--------------+--------------+--------------+--------------+--------------+--------------+--------------+--------------+--------------+--------------+--------------+--------------+--------------+--------------+--------------+
|           Event           | Counter |  HWThread 0 |  HWThread 1 |  HWThread 2 |  HWThread 3 |  HWThread 4 |  HWThread 5 |  HWThread 6 |  HWThread 7 |  HWThread 8 |  HWThread 9 | HWThread 10 | HWThread 11 | HWThread 12 | HWThread 13 | HWThread 14 | HWThread 15 | HWThread 16 | HWThread 17 | HWThread 18 | HWThread 19 | HWThread 20 | HWThread 21 | HWThread 22 | HWThread 23 | HWThread 24 | HWThread 25 | HWThread 26 | HWThread 27 | HWThread 28 | HWThread 29 | HWThread 30 | HWThread 31 | HWThread 32 | HWThread 33 | HWThread 34 | HWThread 35 | HWThread 36 | HWThread 37 | HWThread 38 | HWThread 39 | HWThread 40 | HWThread 41 | HWThread 42 | HWThread 43 | HWThread 44 | HWThread 45 | HWThread 46 | HWThread 47 | HWThread 48 | HWThread 49 | HWThread 50 | HWThread 51 | HWThread 52 | HWThread 53 | HWThread 54 | HWThread 55 | HWThread 56 | HWThread 57 | HWThread 58 | HWThread 59 | HWThread 60 | HWThread 61 | HWThread 62 | HWThread 63 | HWThread 64 | HWThread 65 | HWThread 66 | HWThread 67 | HWThread 68 | HWThread 69 | HWThread 70 | HWThread 71 | HWThread 72 | HWThread 73 | HWThread 74 | HWThread 75 | HWThread 76 | HWThread 77 | HWThread 78 | HWThread 79 | HWThread 80 | HWThread 81 | HWThread 82 | HWThread 83 | HWThread 84 | HWThread 85 | HWThread 86 | HWThread 87 | HWThread 88 | HWThread 89 | HWThread 90 | HWThread 91 | HWThread 92 | HWThread 93 | HWThread 94 | HWThread 95 | HWThread 96 | HWThread 97 | HWThread 98 | HWThread 99 | HWThread 100 | HWThread 101 | HWThread 102 | HWThread 103 | HWThread 104 | HWThread 105 | HWThread 106 | HWThread 107 | HWThread 108 | HWThread 109 | HWThread 110 | HWThread 111 | HWThread 112 | HWThread 113 | HWThread 114 | HWThread 115 | HWThread 116 | HWThread 117 | HWThread 118 | HWThread 119 | HWThread 120 | HWThread 121 | HWThread 122 | HWThread 123 | HWThread 124 | HWThread 125 | HWThread 126 | HWThread 127 | HWThread 128 | HWThread 129 | HWThread 130 | HWThread 131 | HWThread 132 | HWThread 133 | HWThread 134 | HWThread 135 | HWThread 136 | HWThread 137 | HWThread 138 | HWThread 139 | HWThread 140 | HWThread 141 | HWThread 142 | HWThread 143 | HWThread 144 | HWThread 145 | HWThread 146 | HWThread 147 | HWThread 148 | HWThread 149 | HWThread 150 | HWThread 151 | HWThread 152 | HWThread 153 | HWThread 154 | HWThread 155 | HWThread 156 | HWThread 157 | HWThread 158 | HWThread 159 | HWThread 160 | HWThread 161 | HWThread 162 | HWThread 163 | HWThread 164 | HWThread 165 | HWThread 166 | HWThread 167 | HWThread 168 | HWThread 169 | HWThread 170 | HWThread 171 | HWThread 172 | HWThread 173 | HWThread 174 | HWThread 175 | HWThread 176 | HWThread 177 | HWThread 178 | HWThread 179 | HWThread 180 | HWThread 181 | HWThread 182 | HWThread 183 | HWThread 184 | HWThread 185 | HWThread 186 | HWThread 187 | HWThread 188 | HWThread 189 | HWThread 190 | HWThread 191 |
+---------------------------+---------+-------------+-------------+-------------+-------------+-------------+-------------+-------------+-------------+-------------+-------------+-------------+-------------+-------------+-------------+-------------+-------------+-------------+-------------+-------------+-------------+-------------+-------------+-------------+-------------+-------------+-------------+-------------+-------------+-------------+-------------+-------------+-------------+-------------+-------------+-------------+-------------+-------------+-------------+-------------+-------------+-------------+-------------+-------------+-------------+-------------+-------------+-------------+-------------+-------------+-------------+-------------+-------------+-------------+-------------+-------------+-------------+-------------+-------------+-------------+-------------+-------------+-------------+-------------+-------------+-------------+-------------+-------------+-------------+-------------+-------------+-------------+-------------+-------------+-------------+-------------+-------------+-------------+-------------+-------------+-------------+-------------+-------------+-------------+-------------+-------------+-------------+-------------+-------------+-------------+-------------+-------------+-------------+-------------+-------------+-------------+-------------+-------------+-------------+-------------+-------------+--------------+--------------+--------------+--------------+--------------+--------------+--------------+--------------+--------------+--------------+--------------+--------------+--------------+--------------+--------------+--------------+--------------+--------------+--------------+--------------+--------------+--------------+--------------+--------------+--------------+--------------+--------------+--------------+--------------+--------------+--------------+--------------+--------------+--------------+--------------+--------------+--------------+--------------+--------------+--------------+--------------+--------------+--------------+--------------+--------------+--------------+--------------+--------------+--------------+--------------+--------------+--------------+--------------+--------------+--------------+--------------+--------------+--------------+--------------+--------------+--------------+--------------+--------------+--------------+--------------+--------------+--------------+--------------+--------------+--------------+--------------+--------------+--------------+--------------+--------------+--------------+--------------+--------------+--------------+--------------+--------------+--------------+--------------+--------------+--------------+--------------+--------------+--------------+--------------+--------------+--------------+--------------+
|      ACTUAL_CPU_CLOCK     |  FIXC1  |  3799928000 |  3800022000 |  3799894000 |  3799886000 |  3800000000 |  3799863000 |  3800633000 |  3800133000 |  3799991000 |  3800927000 |  3800080000 |  3800693000 |  3800173000 |  3800965000 |  3800168000 |  3800759000 |  3799702000 |  3798224000 |  3799843000 |  3799901000 |  3799552000 |  3798324000 |  3798646000 |  3799722000 |  3798315000 |  3797851000 |  3797994000 |  3797991000 |  3799893000 |  3798719000 |  3797961000 |  3798602000 |  3799677000 |  3800751000 |  3800704000 |  3800443000 |  3800106000 |  3800421000 |  3799931000 |  3801022000 |  3799727000 |  3799987000 |  3800374000 |  3800096000 |  3799608000 |  3800395000 |  3800063000 |  3800343000 |  3800732000 |  3800477000 |  3801179000 |  3800935000 |  3800627000 |  3800669000 |  3800847000 |  3800472000 |  3799682000 |  3799734000 |  3800605000 |  3800960000 |  3800479000 |  3800961000 |  3800003000 |  3799464000 |  3799506000 |  3799082000 |  3798770000 |  3800708000 |  3798696000 |  3798444000 |  3798701000 |  3799716000 |  3801022000 |  3800545000 |  3800485000 |  3800098000 |  3799358000 |  3799743000 |  3799362000 |  3799779000 |  3798613000 |  3798955000 |  3798968000 |  3799128000 |  3798877000 |  3798927000 |  3798643000 |  3799048000 |  3799141000 |  3799425000 |  3799802000 |  3801030000 |  3800745000 |  3800509000 |  3799090000 |  3800641000 |  3800602000 |  3799966000 |  3800476000 |  3800795000 |   3800516000 |   3800597000 |   3800684000 |   3799793000 |   3799703000 |   3799871000 |   3799495000 |   3800090000 |   3800718000 |   3800533000 |   3800657000 |   3800156000 |   3799186000 |   3800053000 |   3799103000 |   3799940000 |   3799302000 |   3801020000 |   3798831000 |   3800732000 |   3799683000 |   3799852000 |   3799331000 |   3800176000 |   3801076000 |   3799948000 |   3800052000 |   3799064000 |   3800591000 |   3799439000 |   3799651000 |   3799860000 |   3800638000 |   3799692000 |   3799837000 |   3799738000 |   3798880000 |   3799155000 |   3800191000 |   3799970000 |   3800155000 |   3800717000 |   3800577000 |   3799428000 |   3800578000 |   3799303000 |   3800137000 |   3800843000 |   3798509000 |   3799550000 |   3799316000 |   3798906000 |   3800574000 |   3800624000 |   3799560000 |   3800663000 |   3800210000 |   3799486000 |   3800464000 |   3798999000 |   3799315000 |   3799393000 |   3799101000 |   3799657000 |   3799144000 |   3798119000 |   3799368000 |   3800609000 |   3801353000 |   3802165000 |   3802139000 |   3802299000 |   3802242000 |   3801181000 |   3802191000 |   3802206000 |   3800091000 |   3802168000 |   3800100000 |   3800099000 |   3801989000 |   3800078000 |   3801159000 |   3801064000 |   3801994000 |   3802115000 |   3801139000 |   3802024000 |   3802157000 |   3802120000 |   3801227000 |   3802077000 |
|       MAX_CPU_CLOCK       |  FIXC2  |  2465247000 |  2465305000 |  2465267000 |  2465273000 |  2465292000 |  2465258000 |  2464999000 |  2465288000 |  2465382000 |  2465122000 |  2465293000 |  2464966000 |  2465399000 |  2465174000 |  2465381000 |  2465059000 |  2464613000 |  2463823000 |  2465263000 |  2465266000 |  2464600000 |  2464447000 |  2463656000 |  2464635000 |  2464440000 |  2463578000 |  2464180000 |  2464180000 |  2465269000 |  2464193000 |  2463595000 |  2463583000 |  2464960000 |  2465321000 |  2464992000 |  2464866000 |  2465252000 |  2464824000 |  2465296000 |  2465177000 |  2465236000 |  2464901000 |  2465427000 |  2464913000 |  2465221000 |  2465448000 |  2465349000 |  2465378000 |  2465020000 |  2465318000 |  2464984000 |  2464853000 |  2465047000 |  2465442000 |  2464335000 |  2465323000 |  2464582000 |  2465241000 |  2465400000 |  2465168000 |  2464865000 |  2465150000 |  2464820000 |  2463606000 |  2465072000 |  2464094000 |  2464465000 |  2465036000 |  2464308000 |  2463998000 |  2464465000 |  2465241000 |  2465184000 |  2465349000 |  2465035000 |  2465244000 |  2464251000 |  2465242000 |  2464239000 |  2465254000 |  2464262000 |  2463967000 |  2464005000 |  2464082000 |  2464442000 |  2463977000 |  2464275000 |  2464010000 |  2464115000 |  2463813000 |  2465246000 |  2465181000 |  2465126000 |  2464987000 |  2464051000 |  2465047000 |  2465096000 |  2465232000 |  2465016000 |  2464818000 |   2465032000 |   2465103000 |   2465226000 |   2464061000 |   2463995000 |   2465161000 |   2463866000 |   2464908000 |   2464817000 |   2465084000 |   2465202000 |   2464526000 |   2464137000 |   2465237000 |   2464074000 |   2464731000 |   2464209000 |   2466097000 |   2464384000 |   2465270000 |   2463965000 |   2464158000 |   2464226000 |   2465387000 |   2466381000 |   2465226000 |   2464867000 |   2464080000 |   2465123000 |   2464322000 |   2463969000 |   2464080000 |   2465203000 |   2463985000 |   2464073000 |   2463992000 |   2464198000 |   2464137000 |   2465383000 |   2465229000 |   2465358000 |   2465268000 |   2465065000 |   2464261000 |   2465136000 |   2465150000 |   2465337000 |   2465908000 |   2464038000 |   2463948000 |   2464216000 |   2464318000 |   2465064000 |   2465124000 |   2463896000 |   2465194000 |   2465376000 |   2463859000 |   2465056000 |   2464736000 |   2464229000 |   2464245000 |   2464092000 |   2464336000 |   2464117000 |   2464259000 |   2464246000 |   2465050000 |   2466104000 |   2466903000 |   2466444000 |   2467430000 |   2467289000 |   2465769000 |   2467136000 |   2467165000 |   2465397000 |   2467236000 |   2465382000 |   2465372000 |   2466117000 |   2464973000 |   2465859000 |   2464915000 |   2465973000 |   2465596000 |   2465313000 |   2466445000 |   2465780000 |   2465775000 |   2465151000 |   2466012000 |
|    RETIRED_INSTRUCTIONS   |   PMC0  | 12500240000 | 12503950000 | 12503940000 | 12503930000 | 12503190000 | 12503370000 | 12503450000 | 12503910000 | 12503740000 | 12503530000 | 12503760000 | 12503960000 | 12503770000 | 12503770000 | 12503290000 | 12503980000 | 12503730000 | 12502630000 | 12503360000 | 12503390000 | 12503700000 | 12503470000 | 12503280000 | 12503770000 | 12503710000 | 12503650000 | 12503330000 | 12503310000 | 12503750000 | 12503570000 | 12503140000 | 12503570000 | 12503840000 | 12504040000 | 12504040000 | 12503620000 | 12503770000 | 12503960000 | 12502630000 | 12503950000 | 12503730000 | 12503700000 | 12503770000 | 12503440000 | 12503670000 | 12503710000 | 12503410000 | 12503770000 | 12502920000 | 12503770000 | 12503710000 | 12503360000 | 12503710000 | 12503770000 | 12503290000 | 12503560000 | 12503840000 | 12503790000 | 12502600000 | 12503520000 | 12502950000 | 12503950000 | 12503420000 | 12503660000 | 12503790000 | 12503770000 | 12503780000 | 12503840000 | 12503710000 | 12503590000 | 12503870000 | 12503950000 | 12502890000 | 12503700000 | 12503680000 | 12503370000 | 12503760000 | 12503500000 | 12503170000 | 12503640000 | 12503600000 | 12503660000 | 12503570000 | 12503850000 | 12503810000 | 12503650000 | 12503850000 | 12503500000 | 12502870000 | 12503640000 | 12501870000 | 12503460000 | 12503760000 | 12503100000 | 12503300000 | 12503470000 | 12502290000 | 12502630000 | 12502560000 | 12502230000 |  12502550000 |  12502560000 |  12502220000 |  12502270000 |  12502570000 |  12502580000 |  12501620000 |  12502520000 |  12502570000 |  12502630000 |  12502410000 |  12502390000 |  12502510000 |  12502540000 |  12501780000 |  12502410000 |  12502610000 |  12502500000 |  12502170000 |  12502440000 |  12502510000 |  12502510000 |  12502530000 |  12502240000 |  12501730000 |  12502590000 |  12502240000 |  12502550000 |  12502500000 |  12502520000 |  12502580000 |  12502120000 |  12502480000 |  12502510000 |  12502170000 |  12502040000 |  12502370000 |  12502630000 |  12502480000 |  12502210000 |  12502440000 |  12502630000 |  12500660000 |  12502530000 |  12501570000 |  12502330000 |  12502420000 |  12502250000 |  12502500000 |  12502490000 |  12502150000 |  12502560000 |  12501550000 |  12502630000 |  12502470000 |  12500610000 |  12502520000 |  12502520000 |  12502070000 |  12502520000 |  12502580000 |  12502280000 |  12501570000 |  12502380000 |  12501770000 |  12502630000 |  12502280000 |  12502630000 |  12501850000 |  12502630000 |  12502580000 |  12502470000 |  12502630000 |  12502630000 |  12502340000 |  12502630000 |  12502630000 |  12502630000 |  12501630000 |  12502230000 |  12502370000 |  12501900000 |  12502260000 |  12502500000 |  12502630000 |  12502630000 |  12502630000 |  12502480000 |  12502830000 |  12502910000 |  12502860000 |  12502910000 |
|    CPU_CLOCKS_UNHALTED    |   PMC1  |  3770923000 |  3773981000 |  3773803000 |  3773563000 |  3774187000 |  3774388000 |  3774230000 |  3774140000 |  3774394000 |  3774364000 |  3774225000 |  3774268000 |  3774394000 |  3774423000 |  3774349000 |  3774311000 |  3774170000 |  3773301000 |  3773969000 |  3774293000 |  3773988000 |  3773737000 |  3773435000 |  3774231000 |  3773814000 |  3773731000 |  3772982000 |  3773594000 |  3774246000 |  3773655000 |  3773572000 |  3773469000 |  3774680000 |  3774639000 |  3775403000 |  3775457000 |  3774642000 |  3775313000 |  3770626000 |  3775356000 |  3774015000 |  3774302000 |  3774295000 |  3774048000 |  3774101000 |  3774434000 |  3774114000 |  3774284000 |  3774424000 |  3774429000 |  3774115000 |  3774067000 |  3774110000 |  3774457000 |  3774086000 |  3774407000 |  3774741000 |  3774523000 |  3774419000 |  3774851000 |  3774465000 |  3774463000 |  3774728000 |  3773754000 |  3774661000 |  3774333000 |  3774013000 |  3774737000 |  3774086000 |  3773988000 |  3774548000 |  3774802000 |  3774004000 |  3774009000 |  3773797000 |  3774092000 |  3773218000 |  3774085000 |  3773241000 |  3773809000 |  3773870000 |  3773726000 |  3773464000 |  3773687000 |  3773559000 |  3773650000 |  3773587000 |  3773575000 |  3773630000 |  3773904000 |  3774495000 |  3774500000 |  3774128000 |  3774528000 |  3773885000 |  3773776000 |  3767792000 |  3767848000 |  3767721000 |  3767916000 |   3767651000 |   3767866000 |   3767641000 |   3767754000 |   3767789000 |   3767929000 |   3767721000 |   3767889000 |   3767894000 |   3767972000 |   3767751000 |   3767720000 |   3767977000 |   3767616000 |   3767976000 |   3768139000 |   3768074000 |   3769009000 |   3768138000 |   3768066000 |   3767489000 |   3767655000 |   3767844000 |   3768066000 |   3768062000 |   3767574000 |   3767538000 |   3767698000 |   3767417000 |   3767617000 |   3767364000 |   3767388000 |   3767544000 |   3767602000 |   3767518000 |   3767401000 |   3767654000 |   3767481000 |   3767545000 |   3767535000 |   3767224000 |   3768009000 |   3767342000 |   3767280000 |   3767267000 |   3768087000 |   3767408000 |   3767916000 |   3767583000 |   3767231000 |   3767449000 |   3767505000 |   3767341000 |   3767402000 |   3767272000 |   3767394000 |   3767595000 |   3767492000 |   3767493000 |   3767428000 |   3768114000 |   3767431000 |   3767777000 |   3768779000 |   3768093000 |   3768219000 |   3768046000 |   3768732000 |   3768376000 |   3769002000 |   3767910000 |   3769329000 |   3768489000 |   3768347000 |   3768564000 |   3768541000 |   3767783000 |   3768555000 |   3767817000 |   3767982000 |   3767678000 |   3768154000 |   3768167000 |   3767389000 |   3768350000 |   3768268000 |   3768303000 |   3768207000 |   3768038000 |   3767844000 |   3767603000 |   3768273000 |
| RETIRED_SSE_AVX_FLOPS_ALL |   PMC2  | 10000000000 | 10000000000 | 10000000000 | 10000000000 | 10000000000 | 10000000000 | 10000000000 | 10000000000 | 10000000000 | 10000000000 | 10000000000 | 10000000000 | 10000000000 | 10000000000 | 10000000000 | 10000000000 | 10000000000 | 10000000000 | 10000000000 | 10000000000 | 10000000000 | 10000000000 | 10000000000 | 10000000000 | 10000000000 | 10000000000 | 10000000000 | 10000000000 | 10000000000 | 10000000000 | 10000000000 | 10000000000 | 10000000000 | 10000000000 | 10000000000 | 10000000000 | 10000000000 | 10000000000 | 10000000000 | 10000000000 | 10000000000 | 10000000000 | 10000000000 | 10000000000 | 10000000000 | 10000000000 | 10000000000 | 10000000000 | 10000000000 | 10000000000 | 10000000000 | 10000000000 | 10000000000 | 10000000000 | 10000000000 | 10000000000 | 10000000000 | 10000000000 | 10000000000 | 10000000000 | 10000000000 | 10000000000 | 10000000000 | 10000000000 | 10000000000 | 10000000000 | 10000000000 | 10000000000 | 10000000000 | 10000000000 | 10000000000 | 10000000000 | 10000000000 | 10000000000 | 10000000000 | 10000000000 | 10000000000 | 10000000000 | 10000000000 | 10000000000 | 10000000000 | 10000000000 | 10000000000 | 10000000000 | 10000000000 | 10000000000 | 10000000000 | 10000000000 | 10000000000 | 10000000000 | 10000000000 | 10000000000 | 10000000000 | 10000000000 | 10000000000 | 10000000000 | 10000000000 | 10000000000 | 10000000000 | 10000000000 |  10000000000 |  10000000000 |  10000000000 |  10000000000 |  10000000000 |  10000000000 |  10000000000 |  10000000000 |  10000000000 |  10000000000 |  10000000000 |  10000000000 |  10000000000 |  10000000000 |  10000000000 |  10000000000 |  10000000000 |  10000000000 |  10000000000 |  10000000000 |  10000000000 |  10000000000 |  10000000000 |  10000000000 |  10000000000 |  10000000000 |  10000000000 |  10000000000 |  10000000000 |  10000000000 |  10000000000 |  10000000000 |  10000000000 |  10000000000 |  10000000000 |  10000000000 |  10000000000 |  10000000000 |  10000000000 |  10000000000 |  10000000000 |  10000000000 |  10000000000 |  10000000000 |  10000000000 |  10000000000 |  10000000000 |  10000000000 |  10000000000 |  10000000000 |  10000000000 |  10000000000 |  10000000000 |  10000000000 |  10000000000 |  10000000000 |  10000000000 |  10000000000 |  10000000000 |  10000000000 |  10000000000 |  10000000000 |  10000000000 |  10000000000 |  10000000000 |  10000000000 |  10000000000 |  10000000000 |  10000000000 |  10000000000 |  10000000000 |  10000000000 |  10000000000 |  10000000000 |  10000000000 |  10000000000 |  10000000000 |  10000000000 |  10000000000 |  10000000000 |  10000000000 |  10000000000 |  10000000000 |  10000000000 |  10000000000 |  10000000000 |  10000000000 |  10000000000 |  10000000000 |  10000000000 |  10000000000 |  10000000000 |
|           MERGE           |   PMC3  |           0 |           0 |           0 |           0 |           0 |           0 |           0 |           0 |           0 |           0 |           0 |           0 |           0 |           0 |           0 |           0 |           0 |           0 |           0 |           0 |           0 |           0 |           0 |           0 |           0 |           0 |           0 |           0 |           0 |           0 |           0 |           0 |           0 |           0 |           0 |           0 |           0 |           0 |           0 |           0 |           0 |           0 |           0 |           0 |           0 |           0 |           0 |           0 |           0 |           0 |           0 |           0 |           0 |           0 |           0 |           0 |           0 |           0 |           0 |           0 |           0 |           0 |           0 |           0 |           0 |           0 |           0 |           0 |           0 |           0 |           0 |           0 |           0 |           0 |           0 |           0 |           0 |           0 |           0 |           0 |           0 |           0 |           0 |           0 |           0 |           0 |           0 |           0 |           0 |           0 |           0 |           0 |           0 |           0 |           0 |           0 |           0 |           0 |           0 |           0 |            0 |            0 |            0 |            0 |            0 |            0 |            0 |            0 |            0 |            0 |            0 |            0 |            0 |            0 |            0 |            0 |            0 |            0 |            0 |            0 |            0 |            0 |            0 |            0 |            0 |            0 |            0 |            0 |            0 |            0 |            0 |            0 |            0 |            0 |            0 |            0 |            0 |            0 |            0 |            0 |            0 |            0 |            0 |            0 |            0 |            0 |            0 |            0 |            0 |            0 |            0 |            0 |            0 |            0 |            0 |            0 |            0 |            0 |            0 |            0 |            0 |            0 |            0 |            0 |            0 |            0 |            0 |            0 |            0 |            0 |            0 |            0 |            0 |            0 |            0 |            0 |            0 |            0 |            0 |            0 |            0 |            0 |            0 |            0 |            0 |            0 |            0 |            0 |            0 |            0 |            0 |            0 |
+---------------------------+---------+-------------+-------------+-------------+-------------+-------------+-------------+-------------+-------------+-------------+-------------+-------------+-------------+-------------+-------------+-------------+-------------+-------------+-------------+-------------+-------------+-------------+-------------+-------------+-------------+-------------+-------------+-------------+-------------+-------------+-------------+-------------+-------------+-------------+-------------+-------------+-------------+-------------+-------------+-------------+-------------+-------------+-------------+-------------+-------------+-------------+-------------+-------------+-------------+-------------+-------------+-------------+-------------+-------------+-------------+-------------+-------------+-------------+-------------+-------------+-------------+-------------+-------------+-------------+-------------+-------------+-------------+-------------+-------------+-------------+-------------+-------------+-------------+-------------+-------------+-------------+-------------+-------------+-------------+-------------+-------------+-------------+-------------+-------------+-------------+-------------+-------------+-------------+-------------+-------------+-------------+-------------+-------------+-------------+-------------+-------------+-------------+-------------+-------------+-------------+-------------+--------------+--------------+--------------+--------------+--------------+--------------+--------------+--------------+--------------+--------------+--------------+--------------+--------------+--------------+--------------+--------------+--------------+--------------+--------------+--------------+--------------+--------------+--------------+--------------+--------------+--------------+--------------+--------------+--------------+--------------+--------------+--------------+--------------+--------------+--------------+--------------+--------------+--------------+--------------+--------------+--------------+--------------+--------------+--------------+--------------+--------------+--------------+--------------+--------------+--------------+--------------+--------------+--------------+--------------+--------------+--------------+--------------+--------------+--------------+--------------+--------------+--------------+--------------+--------------+--------------+--------------+--------------+--------------+--------------+--------------+--------------+--------------+--------------+--------------+--------------+--------------+--------------+--------------+--------------+--------------+--------------+--------------+--------------+--------------+--------------+--------------+--------------+--------------+--------------+--------------+--------------+--------------+

+--------------------------------+---------+---------------+-------------+-------------+--------------+
|              Event             | Counter |      Sum      |     Min     |     Max     |      Avg     |
+--------------------------------+---------+---------------+-------------+-------------+--------------+
|      ACTUAL_CPU_CLOCK STAT     |  FIXC1  |  729612711000 |  3797851000 |  3802299000 | 3.800066e+09 |
|       MAX_CPU_CLOCK STAT       |  FIXC2  |  473265488000 |  2463578000 |  2467430000 | 2.464924e+09 |
|    RETIRED_INSTRUCTIONS STAT   |   PMC0  | 2400565380000 | 12500240000 | 12504040000 | 1.250294e+10 |
|    CPU_CLOCKS_UNHALTED STAT    |   PMC1  |  724024984000 |  3767224000 |  3775457000 | 3.770963e+09 |
| RETIRED_SSE_AVX_FLOPS_ALL STAT |   PMC2  | 1920000000000 | 10000000000 | 10000000000 |  10000000000 |
|           MERGE STAT           |   PMC3  |             0 |           0 |           0 |            0 |
+--------------------------------+---------+---------------+-------------+-------------+--------------+

+----------------------+------------+------------+------------+------------+------------+------------+------------+------------+------------+------------+-------------+-------------+-------------+-------------+-------------+-------------+-------------+-------------+-------------+-------------+-------------+-------------+-------------+-------------+-------------+-------------+-------------+-------------+-------------+-------------+-------------+-------------+-------------+-------------+-------------+-------------+-------------+-------------+-------------+-------------+-------------+-------------+-------------+-------------+-------------+-------------+-------------+-------------+-------------+-------------+-------------+-------------+-------------+-------------+-------------+-------------+-------------+-------------+-------------+-------------+-------------+-------------+-------------+-------------+-------------+-------------+-------------+-------------+-------------+-------------+-------------+-------------+-------------+-------------+-------------+-------------+-------------+-------------+-------------+-------------+-------------+-------------+-------------+-------------+-------------+-------------+-------------+-------------+-------------+-------------+-------------+-------------+-------------+-------------+-------------+-------------+-------------+-------------+-------------+-------------+--------------+--------------+--------------+--------------+--------------+--------------+--------------+--------------+--------------+--------------+--------------+--------------+--------------+--------------+--------------+--------------+--------------+--------------+--------------+--------------+--------------+--------------+--------------+--------------+--------------+--------------+--------------+--------------+--------------+--------------+--------------+--------------+--------------+--------------+--------------+--------------+--------------+--------------+--------------+--------------+--------------+--------------+--------------+--------------+--------------+--------------+--------------+--------------+--------------+--------------+--------------+--------------+--------------+--------------+--------------+--------------+--------------+--------------+--------------+--------------+--------------+--------------+--------------+--------------+--------------+--------------+--------------+--------------+--------------+--------------+--------------+--------------+--------------+--------------+--------------+--------------+--------------+--------------+--------------+--------------+--------------+--------------+--------------+--------------+--------------+--------------+--------------+--------------+--------------+--------------+--------------+--------------+
|        Metric        | HWThread 0 | HWThread 1 | HWThread 2 | HWThread 3 | HWThread 4 | HWThread 5 | HWThread 6 | HWThread 7 | HWThread 8 | HWThread 9 | HWThread 10 | HWThread 11 | HWThread 12 | HWThread 13 | HWThread 14 | HWThread 15 | HWThread 16 | HWThread 17 | HWThread 18 | HWThread 19 | HWThread 20 | HWThread 21 | HWThread 22 | HWThread 23 | HWThread 24 | HWThread 25 | HWThread 26 | HWThread 27 | HWThread 28 | HWThread 29 | HWThread 30 | HWThread 31 | HWThread 32 | HWThread 33 | HWThread 34 | HWThread 35 | HWThread 36 | HWThread 37 | HWThread 38 | HWThread 39 | HWThread 40 | HWThread 41 | HWThread 42 | HWThread 43 | HWThread 44 | HWThread 45 | HWThread 46 | HWThread 47 | HWThread 48 | HWThread 49 | HWThread 50 | HWThread 51 | HWThread 52 | HWThread 53 | HWThread 54 | HWThread 55 | HWThread 56 | HWThread 57 | HWThread 58 | HWThread 59 | HWThread 60 | HWThread 61 | HWThread 62 | HWThread 63 | HWThread 64 | HWThread 65 | HWThread 66 | HWThread 67 | HWThread 68 | HWThread 69 | HWThread 70 | HWThread 71 | HWThread 72 | HWThread 73 | HWThread 74 | HWThread 75 | HWThread 76 | HWThread 77 | HWThread 78 | HWThread 79 | HWThread 80 | HWThread 81 | HWThread 82 | HWThread 83 | HWThread 84 | HWThread 85 | HWThread 86 | HWThread 87 | HWThread 88 | HWThread 89 | HWThread 90 | HWThread 91 | HWThread 92 | HWThread 93 | HWThread 94 | HWThread 95 | HWThread 96 | HWThread 97 | HWThread 98 | HWThread 99 | HWThread 100 | HWThread 101 | HWThread 102 | HWThread 103 | HWThread 104 | HWThread 105 | HWThread 106 | HWThread 107 | HWThread 108 | HWThread 109 | HWThread 110 | HWThread 111 | HWThread 112 | HWThread 113 | HWThread 114 | HWThread 115 | HWThread 116 | HWThread 117 | HWThread 118 | HWThread 119 | HWThread 120 | HWThread 121 | HWThread 122 | HWThread 123 | HWThread 124 | HWThread 125 | HWThread 126 | HWThread 127 | HWThread 128 | HWThread 129 | HWThread 130 | HWThread 131 | HWThread 132 | HWThread 133 | HWThread 134 | HWThread 135 | HWThread 136 | HWThread 137 | HWThread 138 | HWThread 139 | HWThread 140 | HWThread 141 | HWThread 142 | HWThread 143 | HWThread 144 | HWThread 145 | HWThread 146 | HWThread 147 | HWThread 148 | HWThread 149 | HWThread 150 | HWThread 151 | HWThread 152 | HWThread 153 | HWThread 154 | HWThread 155 | HWThread 156 | HWThread 157 | HWThread 158 | HWThread 159 | HWThread 160 | HWThread 161 | HWThread 162 | HWThread 163 | HWThread 164 | HWThread 165 | HWThread 166 | HWThread 167 | HWThread 168 | HWThread 169 | HWThread 170 | HWThread 171 | HWThread 172 | HWThread 173 | HWThread 174 | HWThread 175 | HWThread 176 | HWThread 177 | HWThread 178 | HWThread 179 | HWThread 180 | HWThread 181 | HWThread 182 | HWThread 183 | HWThread 184 | HWThread 185 | HWThread 186 | HWThread 187 | HWThread 188 | HWThread 189 | HWThread 190 | HWThread 191 |
+----------------------+------------+------------+------------+------------+------------+------------+------------+------------+------------+------------+-------------+-------------+-------------+-------------+-------------+-------------+-------------+-------------+-------------+-------------+-------------+-------------+-------------+-------------+-------------+-------------+-------------+-------------+-------------+-------------+-------------+-------------+-------------+-------------+-------------+-------------+-------------+-------------+-------------+-------------+-------------+-------------+-------------+-------------+-------------+-------------+-------------+-------------+-------------+-------------+-------------+-------------+-------------+-------------+-------------+-------------+-------------+-------------+-------------+-------------+-------------+-------------+-------------+-------------+-------------+-------------+-------------+-------------+-------------+-------------+-------------+-------------+-------------+-------------+-------------+-------------+-------------+-------------+-------------+-------------+-------------+-------------+-------------+-------------+-------------+-------------+-------------+-------------+-------------+-------------+-------------+-------------+-------------+-------------+-------------+-------------+-------------+-------------+-------------+-------------+--------------+--------------+--------------+--------------+--------------+--------------+--------------+--------------+--------------+--------------+--------------+--------------+--------------+--------------+--------------+--------------+--------------+--------------+--------------+--------------+--------------+--------------+--------------+--------------+--------------+--------------+--------------+--------------+--------------+--------------+--------------+--------------+--------------+--------------+--------------+--------------+--------------+--------------+--------------+--------------+--------------+--------------+--------------+--------------+--------------+--------------+--------------+--------------+--------------+--------------+--------------+--------------+--------------+--------------+--------------+--------------+--------------+--------------+--------------+--------------+--------------+--------------+--------------+--------------+--------------+--------------+--------------+--------------+--------------+--------------+--------------+--------------+--------------+--------------+--------------+--------------+--------------+--------------+--------------+--------------+--------------+--------------+--------------+--------------+--------------+--------------+--------------+--------------+--------------+--------------+--------------+--------------+
|  Runtime (RDTSC) [s] |     1.0254 |     1.0254 |     1.0254 |     1.0254 |     1.0254 |     1.0254 |     1.0254 |     1.0254 |     1.0255 |     1.0254 |      1.0254 |      1.0254 |      1.0254 |      1.0254 |      1.0254 |      1.0255 |      1.0254 |      1.0252 |      1.0254 |      1.0254 |      1.0254 |      1.0253 |      1.0252 |      1.0254 |      1.0253 |      1.0252 |      1.0252 |      1.0252 |      1.0254 |      1.0252 |      1.0252 |      1.0252 |      1.0252 |      1.0252 |      1.0254 |      1.0254 |      1.0252 |      1.0254 |      1.0254 |      1.0254 |      1.0254 |      1.0255 |      1.0255 |      1.0255 |      1.0254 |      1.0255 |      1.0254 |      1.0254 |      1.0254 |      1.0254 |      1.0254 |      1.0254 |      1.0254 |      1.0254 |      1.0254 |      1.0254 |      1.0255 |      1.0254 |      1.0254 |      1.0254 |      1.0254 |      1.0254 |      1.0255 |      1.0252 |      1.0254 |      1.0253 |      1.0252 |      1.0254 |      1.0252 |      1.0253 |      1.0253 |      1.0254 |      1.0254 |      1.0254 |      1.0254 |      1.0254 |      1.0252 |      1.0254 |      1.0252 |      1.0254 |      1.0252 |      1.0252 |      1.0252 |      1.0252 |      1.0252 |      1.0252 |      1.0252 |      1.0252 |      1.0252 |      1.0253 |      1.0254 |      1.0254 |      1.0254 |      1.0254 |      1.0253 |      1.0252 |      1.0252 |      1.0252 |      1.0252 |      1.0252 |       1.0252 |       1.0253 |       1.0252 |       1.0252 |       1.0252 |       1.0252 |       1.0252 |       1.0252 |       1.0252 |       1.0252 |       1.0252 |       1.0252 |       1.0252 |       1.0252 |       1.0252 |       1.0252 |       1.0252 |       1.0254 |       1.0252 |       1.0252 |       1.0252 |       1.0252 |       1.0252 |       1.0253 |       1.0254 |       1.0252 |       1.0252 |       1.0252 |       1.0252 |       1.0253 |       1.0252 |       1.0252 |       1.0252 |       1.0252 |       1.0252 |       1.0252 |       1.0252 |       1.0252 |       1.0252 |       1.0252 |       1.0252 |       1.0254 |       1.0252 |       1.0252 |       1.0252 |       1.0254 |       1.0252 |       1.0253 |       1.0253 |       1.0252 |       1.0252 |       1.0252 |       1.0252 |       1.0252 |       1.0252 |       1.0252 |       1.0253 |       1.0252 |       1.0253 |       1.0252 |       1.0252 |       1.0252 |       1.0252 |       1.0254 |       1.0252 |       1.0252 |       1.0252 |       1.0254 |       1.0256 |       1.0258 |       1.0254 |       1.0261 |       1.0258 |       1.0256 |       1.0256 |       1.0256 |       1.0255 |       1.0256 |       1.0254 |       1.0254 |       1.0254 |       1.0255 |       1.0256 |       1.0254 |       1.0255 |       1.0255 |       1.0255 |       1.0255 |       1.0254 |       1.0254 |       1.0254 |       1.0255 |
| Runtime unhalted [s] |     1.5833 |     1.5834 |     1.5833 |     1.5833 |     1.5833 |     1.5833 |     1.5836 |     1.5834 |     1.5833 |     1.5837 |      1.5834 |      1.5836 |      1.5834 |      1.5837 |      1.5834 |      1.5837 |      1.5832 |      1.5826 |      1.5833 |      1.5833 |      1.5832 |      1.5826 |      1.5828 |      1.5832 |      1.5826 |      1.5825 |      1.5825 |      1.5825 |      1.5833 |      1.5828 |      1.5825 |      1.5828 |      1.5832 |      1.5837 |      1.5836 |      1.5835 |      1.5834 |      1.5835 |      1.5833 |      1.5838 |      1.5832 |      1.5833 |      1.5835 |      1.5834 |      1.5832 |      1.5835 |      1.5834 |      1.5835 |      1.5837 |      1.5835 |      1.5838 |      1.5837 |      1.5836 |      1.5836 |      1.5837 |      1.5835 |      1.5832 |      1.5832 |      1.5836 |      1.5837 |      1.5835 |      1.5837 |      1.5833 |      1.5831 |      1.5831 |      1.5830 |      1.5828 |      1.5836 |      1.5828 |      1.5827 |      1.5828 |      1.5832 |      1.5838 |      1.5836 |      1.5835 |      1.5834 |      1.5831 |      1.5832 |      1.5831 |      1.5833 |      1.5828 |      1.5829 |      1.5829 |      1.5830 |      1.5829 |      1.5829 |      1.5828 |      1.5830 |      1.5830 |      1.5831 |      1.5833 |      1.5838 |      1.5837 |      1.5836 |      1.5830 |      1.5836 |      1.5836 |      1.5833 |      1.5835 |      1.5837 |       1.5836 |       1.5836 |       1.5836 |       1.5833 |       1.5832 |       1.5833 |       1.5831 |       1.5834 |       1.5836 |       1.5836 |       1.5836 |       1.5834 |       1.5830 |       1.5834 |       1.5830 |       1.5833 |       1.5831 |       1.5838 |       1.5829 |       1.5837 |       1.5832 |       1.5833 |       1.5831 |       1.5834 |       1.5838 |       1.5833 |       1.5834 |       1.5830 |       1.5836 |       1.5831 |       1.5832 |       1.5833 |       1.5836 |       1.5832 |       1.5833 |       1.5832 |       1.5829 |       1.5830 |       1.5834 |       1.5833 |       1.5834 |       1.5836 |       1.5836 |       1.5831 |       1.5836 |       1.5831 |       1.5834 |       1.5837 |       1.5827 |       1.5832 |       1.5831 |       1.5829 |       1.5836 |       1.5836 |       1.5832 |       1.5836 |       1.5834 |       1.5831 |       1.5835 |       1.5829 |       1.5831 |       1.5831 |       1.5830 |       1.5832 |       1.5830 |       1.5826 |       1.5831 |       1.5836 |       1.5839 |       1.5842 |       1.5842 |       1.5843 |       1.5843 |       1.5838 |       1.5843 |       1.5843 |       1.5834 |       1.5843 |       1.5834 |       1.5834 |       1.5842 |       1.5834 |       1.5838 |       1.5838 |       1.5842 |       1.5842 |       1.5838 |       1.5842 |       1.5842 |       1.5842 |       1.5839 |       1.5842 |
|      Clock [MHz]     |  3699.3240 |  3699.3285 |  3699.2609 |  3699.2441 |  3699.3265 |  3699.2442 |  3700.3826 |  3699.4620 |  3699.1827 |  3700.4842 |   3699.4029 |   3700.4905 |   3699.3344 |   3700.4431 |   3699.3565 |   3700.4152 |   3700.0555 |   3699.8022 |   3699.2172 |   3699.2692 |   3699.9290 |   3698.9628 |   3700.4641 |   3700.0420 |   3698.9645 |   3699.8068 |   3699.0422 |   3699.0393 |   3699.2569 |   3699.7288 |   3699.8884 |   3700.5309 |   3699.5103 |   3700.0141 |   3700.4622 |   3700.3972 |   3699.4898 |   3700.4389 |   3699.2534 |   3700.4941 |   3699.1448 |   3699.9007 |   3699.4881 |   3699.9888 |   3699.0515 |   3699.4770 |   3699.3023 |   3699.5314 |   3700.4474 |   3699.7519 |   3700.9367 |   3700.8958 |   3700.3047 |   3699.7527 |   3701.5880 |   3699.7395 |   3700.0826 |   3699.1441 |   3699.7534 |   3700.4472 |   3700.4338 |   3700.4752 |   3700.0379 |   3701.3361 |   3699.1757 |   3700.2310 |   3699.3701 |   3700.4000 |   3699.5337 |   3699.7537 |   3699.3029 |   3699.1266 |   3700.4836 |   3699.7716 |   3700.1844 |   3699.4940 |   3700.2640 |   3699.1514 |   3700.2860 |   3699.1684 |   3699.5220 |   3700.2980 |   3700.2536 |   3700.2938 |   3699.5088 |   3700.2557 |   3699.5317 |   3700.3240 |   3700.2569 |   3700.9871 |   3699.2028 |   3700.4959 |   3700.3010 |   3700.2799 |   3700.3033 |   3700.3183 |   3700.2068 |   3699.3835 |   3700.2042 |   3700.8120 |    3700.2191 |    3700.1914 |    3700.0915 |    3700.9730 |    3700.9845 |    3699.3975 |    3700.9757 |    3699.9905 |    3700.7386 |    3700.1576 |    3700.1012 |    3700.6283 |    3700.2677 |    3699.4607 |    3700.2815 |    3700.1101 |    3700.2726 |    3699.1116 |    3699.5511 |    3700.0722 |    3701.0101 |    3700.8848 |    3700.2753 |    3699.3553 |    3698.7402 |    3699.3750 |    3700.0150 |    3700.2345 |    3700.1555 |    3700.2363 |    3700.9729 |    3701.0098 |    3700.0812 |    3700.9888 |    3700.9979 |    3701.0231 |    3699.8781 |    3700.2375 |    3699.3759 |    3699.3919 |    3699.3784 |    3700.0606 |    3700.2290 |    3700.3172 |    3700.1234 |    3698.8611 |    3699.3924 |    3699.2229 |    3699.7570 |    3700.9061 |    3700.2757 |    3699.7232 |    3700.2276 |    3700.1862 |    3700.9939 |    3700.1191 |    3699.4049 |    3700.9774 |    3700.1325 |    3699.1863 |    3700.2552 |    3700.3071 |    3700.2525 |    3700.4276 |    3700.2568 |    3699.0453 |    3700.2813 |    3700.2826 |    3699.4252 |    3699.0170 |    3699.6801 |    3698.3573 |    3698.5132 |    3699.7604 |    3698.6929 |    3698.6641 |    3699.2576 |    3698.5207 |    3699.2888 |    3699.3029 |    3700.0247 |    3699.8812 |    3699.6040 |    3700.9283 |    3700.2456 |    3700.9291 |    3700.4039 |    3699.5667 |    3700.6939 |    3700.6653 |    3700.7327 |    3700.2678 |
|          CPI         |     0.3017 |     0.3018 |     0.3018 |     0.3018 |     0.3019 |     0.3019 |     0.3019 |     0.3018 |     0.3019 |     0.3019 |      0.3018 |      0.3018 |      0.3019 |      0.3019 |      0.3019 |      0.3018 |      0.3018 |      0.3018 |      0.3018 |      0.3019 |      0.3018 |      0.3018 |      0.3018 |      0.3018 |      0.3018 |      0.3018 |      0.3018 |      0.3018 |      0.3018 |      0.3018 |      0.3018 |      0.3018 |      0.3019 |      0.3019 |      0.3019 |      0.3019 |      0.3019 |      0.3019 |      0.3016 |      0.3019 |      0.3018 |      0.3019 |      0.3019 |      0.3018 |      0.3018 |      0.3019 |      0.3018 |      0.3019 |      0.3019 |      0.3019 |      0.3018 |      0.3018 |      0.3018 |      0.3019 |      0.3018 |      0.3019 |      0.3019 |      0.3019 |      0.3019 |      0.3019 |      0.3019 |      0.3019 |      0.3019 |      0.3018 |      0.3019 |      0.3019 |      0.3018 |      0.3019 |      0.3018 |      0.3018 |      0.3019 |      0.3019 |      0.3019 |      0.3018 |      0.3018 |      0.3018 |      0.3018 |      0.3018 |      0.3018 |      0.3018 |      0.3018 |      0.3018 |      0.3018 |      0.3018 |      0.3018 |      0.3018 |      0.3018 |      0.3018 |      0.3018 |      0.3018 |      0.3019 |      0.3019 |      0.3018 |      0.3019 |      0.3018 |      0.3018 |      0.3014 |      0.3014 |      0.3014 |      0.3014 |       0.3014 |       0.3014 |       0.3014 |       0.3014 |       0.3014 |       0.3014 |       0.3014 |       0.3014 |       0.3014 |       0.3014 |       0.3014 |       0.3014 |       0.3014 |       0.3013 |       0.3014 |       0.3014 |       0.3014 |       0.3015 |       0.3014 |       0.3014 |       0.3013 |       0.3014 |       0.3014 |       0.3014 |       0.3014 |       0.3013 |       0.3013 |       0.3014 |       0.3013 |       0.3013 |       0.3013 |       0.3013 |       0.3013 |       0.3013 |       0.3013 |       0.3013 |       0.3014 |       0.3013 |       0.3013 |       0.3013 |       0.3013 |       0.3014 |       0.3014 |       0.3013 |       0.3013 |       0.3014 |       0.3013 |       0.3014 |       0.3013 |       0.3013 |       0.3013 |       0.3013 |       0.3013 |       0.3013 |       0.3013 |       0.3014 |       0.3013 |       0.3013 |       0.3013 |       0.3013 |       0.3014 |       0.3013 |       0.3014 |       0.3014 |       0.3014 |       0.3014 |       0.3014 |       0.3014 |       0.3014 |       0.3015 |       0.3014 |       0.3015 |       0.3014 |       0.3014 |       0.3014 |       0.3014 |       0.3014 |       0.3014 |       0.3014 |       0.3014 |       0.3014 |       0.3014 |       0.3014 |       0.3013 |       0.3014 |       0.3014 |       0.3014 |       0.3014 |       0.3014 |       0.3014 |       0.3013 |       0.3014 |
|     SP [MFLOP/s]     |  9752.4345 |  9752.1491 |  9752.2537 |  9752.1872 |  9752.1872 |  9752.1586 |  9752.3108 |  9752.2537 |  9751.7402 |  9752.1586 |   9752.1777 |   9752.0826 |   9751.8448 |   9751.9304 |   9751.9399 |   9751.6736 |   9752.1491 |   9754.0135 |   9752.1586 |   9752.1491 |   9752.3964 |   9753.6044 |   9754.0896 |   9752.1777 |   9753.6615 |   9754.0230 |   9754.1467 |   9754.1467 |   9752.0635 |   9754.0230 |   9754.1087 |   9754.0611 |   9753.8803 |   9754.0801 |   9752.0730 |   9752.3679 |   9753.8708 |   9752.3203 |   9752.0826 |   9752.0730 |   9752.4059 |   9751.7592 |   9751.7212 |   9751.7212 |   9752.4059 |   9751.6641 |   9751.9875 |   9752.0255 |   9751.9209 |   9752.2157 |   9752.4820 |   9752.5105 |   9752.3774 |   9751.8828 |   9752.3584 |   9752.2157 |   9751.6546 |   9752.3393 |   9751.9875 |   9751.9494 |   9752.3393 |   9752.0540 |   9751.7022 |   9753.9564 |   9752.2347 |   9753.5664 |   9753.7947 |   9752.2537 |   9753.9564 |   9753.5569 |   9753.5379 |   9752.3013 |   9752.1206 |   9752.0445 |   9752.3774 |   9752.2442 |   9753.9374 |   9752.3584 |   9754.2038 |   9752.3203 |   9754.1467 |   9754.0040 |   9753.9660 |   9754.0706 |   9753.8233 |   9754.0896 |   9754.0896 |   9753.7471 |   9754.0896 |   9753.7091 |   9752.3584 |   9752.2252 |   9752.3584 |   9752.3964 |   9753.7091 |   9753.7852 |   9754.1182 |   9754.0516 |   9754.1753 |   9753.9945 |    9754.1753 |    9753.5093 |    9754.1372 |    9754.1658 |    9754.1848 |    9754.1753 |    9754.1848 |    9753.9660 |    9754.1848 |    9754.1848 |    9754.1753 |    9754.1848 |    9753.9564 |    9753.9945 |    9754.0801 |    9754.0516 |    9753.8518 |    9752.3108 |    9753.8518 |    9754.1277 |    9754.1658 |    9754.0326 |    9753.8994 |    9753.3476 |    9752.7578 |    9754.0706 |    9754.0801 |    9754.1087 |    9754.0230 |    9753.5093 |    9754.1277 |    9754.1087 |    9753.9374 |    9753.9660 |    9754.0801 |    9754.1562 |    9754.1372 |    9754.0801 |    9754.1943 |    9753.8803 |    9753.8803 |    9752.3774 |    9754.1372 |    9753.9279 |    9754.2228 |    9752.2537 |    9754.0326 |    9752.7959 |    9753.6330 |    9754.0326 |    9753.8994 |    9754.0326 |    9754.1277 |    9753.8708 |    9754.1658 |    9754.1658 |    9753.6425 |    9754.1277 |    9753.6425 |    9753.7567 |    9753.8233 |    9754.1277 |    9754.1277 |    9752.4154 |    9754.0611 |    9753.9755 |    9753.8233 |    9752.4630 |    9750.1333 |    9748.6315 |    9751.9779 |    9746.0282 |    9748.6696 |    9750.4566 |    9750.1999 |    9750.2664 |    9751.6831 |    9750.2379 |    9751.9589 |    9751.8638 |    9752.4249 |    9751.6451 |    9750.3995 |    9752.5296 |    9751.7497 |    9751.6261 |    9751.7212 |    9751.8068 |    9752.3869 |    9752.3869 |    9752.3108 |    9751.7022 |
+----------------------+------------+------------+------------+------------+------------+------------+------------+------------+------------+------------+-------------+-------------+-------------+-------------+-------------+-------------+-------------+-------------+-------------+-------------+-------------+-------------+-------------+-------------+-------------+-------------+-------------+-------------+-------------+-------------+-------------+-------------+-------------+-------------+-------------+-------------+-------------+-------------+-------------+-------------+-------------+-------------+-------------+-------------+-------------+-------------+-------------+-------------+-------------+-------------+-------------+-------------+-------------+-------------+-------------+-------------+-------------+-------------+-------------+-------------+-------------+-------------+-------------+-------------+-------------+-------------+-------------+-------------+-------------+-------------+-------------+-------------+-------------+-------------+-------------+-------------+-------------+-------------+-------------+-------------+-------------+-------------+-------------+-------------+-------------+-------------+-------------+-------------+-------------+-------------+-------------+-------------+-------------+-------------+-------------+-------------+-------------+-------------+-------------+-------------+--------------+--------------+--------------+--------------+--------------+--------------+--------------+--------------+--------------+--------------+--------------+--------------+--------------+--------------+--------------+--------------+--------------+--------------+--------------+--------------+--------------+--------------+--------------+--------------+--------------+--------------+--------------+--------------+--------------+--------------+--------------+--------------+--------------+--------------+--------------+--------------+--------------+--------------+--------------+--------------+--------------+--------------+--------------+--------------+--------------+--------------+--------------+--------------+--------------+--------------+--------------+--------------+--------------+--------------+--------------+--------------+--------------+--------------+--------------+--------------+--------------+--------------+--------------+--------------+--------------+--------------+--------------+--------------+--------------+--------------+--------------+--------------+--------------+--------------+--------------+--------------+--------------+--------------+--------------+--------------+--------------+--------------+--------------+--------------+--------------+--------------+--------------+--------------+--------------+--------------+--------------+--------------+

+---------------------------+--------------+-----------+-----------+-----------+
|           Metric          |      Sum     |    Min    |    Max    |    Avg    |
+---------------------------+--------------+-----------+-----------+-----------+
|  Runtime (RDTSC) [s] STAT |     196.8626 |    1.0252 |    1.0261 |    1.0253 |
| Runtime unhalted [s] STAT |     304.0076 |    1.5825 |    1.5843 |    1.5834 |
|      Clock [MHz] STAT     |  710389.0123 | 3698.3573 | 3701.5880 | 3699.9428 |
|          CPI STAT         |      57.9079 |    0.3013 |    0.3019 |    0.3016 |
|     SP [MFLOP/s] STAT     | 1.872567e+06 | 9746.0282 | 9754.2228 | 9752.9532 |
+---------------------------+--------------+-----------+-----------+-----------+

