INFO: You are running LIKWID in a cpuset with 192 CPUs. Taking given IDs as logical ID in cpuset
--------------------------------------------------------------------------------
CPU name:	AMD EPYC 9654 96-Core Processor                
CPU type:	AMD K19 (Zen4) architecture
CPU clock:	2.40 GHz
--------------------------------------------------------------------------------
Warning: Sanitizing vector length to a multiple of the loop stride 16 and thread count 96 from 12000000 elements (48000000 bytes) to 11999232 elements (47996928 bytes)
Allocate: Process running on hwthread 0 (Domain N) - Vector length 11999232/47996928 Offset 0 Alignment 1024
Initialization: Each thread in domain initializes its own stream chunks
--------------------------------------------------------------------------------
LIKWID MICRO BENCHMARK
Test: peakflops_sp_avx512_fma
--------------------------------------------------------------------------------
Using 1 work groups
Using 96 threads
--------------------------------------------------------------------------------
Using Likwid Marker API
--------------------------------------------------------------------------------
Group: 0 Thread 0 Global Thread 0 running on hwthread 0 - Vector length 124992 Offset 0
Group: 0 Thread 1 Global Thread 1 running on hwthread 1 - Vector length 124992 Offset 124992
Group: 0 Thread 2 Global Thread 2 running on hwthread 2 - Vector length 124992 Offset 249984
Group: 0 Thread 3 Global Thread 3 running on hwthread 3 - Vector length 124992 Offset 374976
Group: 0 Thread 4 Global Thread 4 running on hwthread 4 - Vector length 124992 Offset 499968
Group: 0 Thread 5 Global Thread 5 running on hwthread 5 - Vector length 124992 Offset 624960
Group: 0 Thread 6 Global Thread 6 running on hwthread 6 - Vector length 124992 Offset 749952
Group: 0 Thread 7 Global Thread 7 running on hwthread 7 - Vector length 124992 Offset 874944
Group: 0 Thread 8 Global Thread 8 running on hwthread 8 - Vector length 124992 Offset 999936
Group: 0 Thread 9 Global Thread 9 running on hwthread 9 - Vector length 124992 Offset 1124928
Group: 0 Thread 10 Global Thread 10 running on hwthread 10 - Vector length 124992 Offset 1249920
Group: 0 Thread 11 Global Thread 11 running on hwthread 11 - Vector length 124992 Offset 1374912
Group: 0 Thread 12 Global Thread 12 running on hwthread 12 - Vector length 124992 Offset 1499904
Group: 0 Thread 13 Global Thread 13 running on hwthread 13 - Vector length 124992 Offset 1624896
Group: 0 Thread 14 Global Thread 14 running on hwthread 14 - Vector length 124992 Offset 1749888
Group: 0 Thread 15 Global Thread 15 running on hwthread 15 - Vector length 124992 Offset 1874880
Group: 0 Thread 16 Global Thread 16 running on hwthread 16 - Vector length 124992 Offset 1999872
Group: 0 Thread 17 Global Thread 17 running on hwthread 17 - Vector length 124992 Offset 2124864
Group: 0 Thread 18 Global Thread 18 running on hwthread 18 - Vector length 124992 Offset 2249856
Group: 0 Thread 19 Global Thread 19 running on hwthread 19 - Vector length 124992 Offset 2374848
Group: 0 Thread 20 Global Thread 20 running on hwthread 20 - Vector length 124992 Offset 2499840
Group: 0 Thread 21 Global Thread 21 running on hwthread 21 - Vector length 124992 Offset 2624832
Group: 0 Thread 22 Global Thread 22 running on hwthread 22 - Vector length 124992 Offset 2749824
Group: 0 Thread 23 Global Thread 23 running on hwthread 23 - Vector length 124992 Offset 2874816
Group: 0 Thread 24 Global Thread 24 running on hwthread 24 - Vector length 124992 Offset 2999808
Group: 0 Thread 25 Global Thread 25 running on hwthread 25 - Vector length 124992 Offset 3124800
Group: 0 Thread 26 Global Thread 26 running on hwthread 26 - Vector length 124992 Offset 3249792
Group: 0 Thread 27 Global Thread 27 running on hwthread 27 - Vector length 124992 Offset 3374784
Group: 0 Thread 28 Global Thread 28 running on hwthread 28 - Vector length 124992 Offset 3499776
Group: 0 Thread 29 Global Thread 29 running on hwthread 29 - Vector length 124992 Offset 3624768
Group: 0 Thread 30 Global Thread 30 running on hwthread 30 - Vector length 124992 Offset 3749760
Group: 0 Thread 31 Global Thread 31 running on hwthread 31 - Vector length 124992 Offset 3874752
Group: 0 Thread 32 Global Thread 32 running on hwthread 32 - Vector length 124992 Offset 3999744
Group: 0 Thread 33 Global Thread 33 running on hwthread 33 - Vector length 124992 Offset 4124736
Group: 0 Thread 34 Global Thread 34 running on hwthread 34 - Vector length 124992 Offset 4249728
Group: 0 Thread 35 Global Thread 35 running on hwthread 35 - Vector length 124992 Offset 4374720
Group: 0 Thread 36 Global Thread 36 running on hwthread 36 - Vector length 124992 Offset 4499712
Group: 0 Thread 37 Global Thread 37 running on hwthread 37 - Vector length 124992 Offset 4624704
Group: 0 Thread 38 Global Thread 38 running on hwthread 38 - Vector length 124992 Offset 4749696
Group: 0 Thread 39 Global Thread 39 running on hwthread 39 - Vector length 124992 Offset 4874688
Group: 0 Thread 40 Global Thread 40 running on hwthread 40 - Vector length 124992 Offset 4999680
Group: 0 Thread 41 Global Thread 41 running on hwthread 41 - Vector length 124992 Offset 5124672
Group: 0 Thread 42 Global Thread 42 running on hwthread 42 - Vector length 124992 Offset 5249664
Group: 0 Thread 43 Global Thread 43 running on hwthread 43 - Vector length 124992 Offset 5374656
Group: 0 Thread 44 Global Thread 44 running on hwthread 44 - Vector length 124992 Offset 5499648
Group: 0 Thread 45 Global Thread 45 running on hwthread 45 - Vector length 124992 Offset 5624640
Group: 0 Thread 46 Global Thread 46 running on hwthread 46 - Vector length 124992 Offset 5749632
Group: 0 Thread 47 Global Thread 47 running on hwthread 47 - Vector length 124992 Offset 5874624
Group: 0 Thread 48 Global Thread 48 running on hwthread 48 - Vector length 124992 Offset 5999616
Group: 0 Thread 49 Global Thread 49 running on hwthread 49 - Vector length 124992 Offset 6124608
Group: 0 Thread 50 Global Thread 50 running on hwthread 50 - Vector length 124992 Offset 6249600
Group: 0 Thread 51 Global Thread 51 running on hwthread 51 - Vector length 124992 Offset 6374592
Group: 0 Thread 52 Global Thread 52 running on hwthread 52 - Vector length 124992 Offset 6499584
Group: 0 Thread 53 Global Thread 53 running on hwthread 53 - Vector length 124992 Offset 6624576
Group: 0 Thread 54 Global Thread 54 running on hwthread 54 - Vector length 124992 Offset 6749568
Group: 0 Thread 55 Global Thread 55 running on hwthread 55 - Vector length 124992 Offset 6874560
Group: 0 Thread 56 Global Thread 56 running on hwthread 56 - Vector length 124992 Offset 6999552
Group: 0 Thread 57 Global Thread 57 running on hwthread 57 - Vector length 124992 Offset 7124544
Group: 0 Thread 58 Global Thread 58 running on hwthread 58 - Vector length 124992 Offset 7249536
Group: 0 Thread 59 Global Thread 59 running on hwthread 59 - Vector length 124992 Offset 7374528
Group: 0 Thread 60 Global Thread 60 running on hwthread 60 - Vector length 124992 Offset 7499520
Group: 0 Thread 61 Global Thread 61 running on hwthread 61 - Vector length 124992 Offset 7624512
Group: 0 Thread 62 Global Thread 62 running on hwthread 62 - Vector length 124992 Offset 7749504
Group: 0 Thread 63 Global Thread 63 running on hwthread 63 - Vector length 124992 Offset 7874496
Group: 0 Thread 64 Global Thread 64 running on hwthread 64 - Vector length 124992 Offset 7999488
Group: 0 Thread 65 Global Thread 65 running on hwthread 65 - Vector length 124992 Offset 8124480
Group: 0 Thread 66 Global Thread 66 running on hwthread 66 - Vector length 124992 Offset 8249472
Group: 0 Thread 67 Global Thread 67 running on hwthread 67 - Vector length 124992 Offset 8374464
Group: 0 Thread 68 Global Thread 68 running on hwthread 68 - Vector length 124992 Offset 8499456
Group: 0 Thread 69 Global Thread 69 running on hwthread 69 - Vector length 124992 Offset 8624448
Group: 0 Thread 70 Global Thread 70 running on hwthread 70 - Vector length 124992 Offset 8749440
Group: 0 Thread 71 Global Thread 71 running on hwthread 71 - Vector length 124992 Offset 8874432
Group: 0 Thread 72 Global Thread 72 running on hwthread 72 - Vector length 124992 Offset 8999424
Group: 0 Thread 73 Global Thread 73 running on hwthread 73 - Vector length 124992 Offset 9124416
Group: 0 Thread 74 Global Thread 74 running on hwthread 74 - Vector length 124992 Offset 9249408
Group: 0 Thread 75 Global Thread 75 running on hwthread 75 - Vector length 124992 Offset 9374400
Group: 0 Thread 76 Global Thread 76 running on hwthread 76 - Vector length 124992 Offset 9499392
Group: 0 Thread 77 Global Thread 77 running on hwthread 77 - Vector length 124992 Offset 9624384
Group: 0 Thread 78 Global Thread 78 running on hwthread 78 - Vector length 124992 Offset 9749376
Group: 0 Thread 79 Global Thread 79 running on hwthread 79 - Vector length 124992 Offset 9874368
Group: 0 Thread 80 Global Thread 80 running on hwthread 80 - Vector length 124992 Offset 9999360
Group: 0 Thread 81 Global Thread 81 running on hwthread 81 - Vector length 124992 Offset 10124352
Group: 0 Thread 82 Global Thread 82 running on hwthread 82 - Vector length 124992 Offset 10249344
Group: 0 Thread 83 Global Thread 83 running on hwthread 83 - Vector length 124992 Offset 10374336
Group: 0 Thread 84 Global Thread 84 running on hwthread 84 - Vector length 124992 Offset 10499328
Group: 0 Thread 85 Global Thread 85 running on hwthread 85 - Vector length 124992 Offset 10624320
Group: 0 Thread 86 Global Thread 86 running on hwthread 86 - Vector length 124992 Offset 10749312
Group: 0 Thread 87 Global Thread 87 running on hwthread 87 - Vector length 124992 Offset 10874304
Group: 0 Thread 88 Global Thread 88 running on hwthread 88 - Vector length 124992 Offset 10999296
Group: 0 Thread 89 Global Thread 89 running on hwthread 89 - Vector length 124992 Offset 11124288
Group: 0 Thread 90 Global Thread 90 running on hwthread 90 - Vector length 124992 Offset 11249280
Group: 0 Thread 91 Global Thread 91 running on hwthread 91 - Vector length 124992 Offset 11374272
Group: 0 Thread 92 Global Thread 92 running on hwthread 92 - Vector length 124992 Offset 11499264
Group: 0 Thread 93 Global Thread 93 running on hwthread 93 - Vector length 124992 Offset 11624256
Group: 0 Thread 94 Global Thread 94 running on hwthread 94 - Vector length 124992 Offset 11749248
Group: 0 Thread 95 Global Thread 95 running on hwthread 95 - Vector length 124992 Offset 11874240
--------------------------------------------------------------------------------
Cycles:			383039160
CPU Clock:		2399978979
Cycle Clock:		2399978979
Time:			1.596010e-01 sec
Iterations:		480000
Iterations per thread:	5000
Inner loop executions:	7812
Size (Byte):		47996928
Size per thread:	499968
Number of Flops:	1799884800000
MFlops/s:		11277399.64
Data volume (Byte):	239984640000
MByte/s:		1503653.29
Cycles per update:	0.006384
Cycles per cacheline:	0.102150
Loads per update:	1
Stores per update:	0
Load bytes per element:	4
Store bytes per elem.:	0
Instructions:		71245440032
UOPs:			67495680000
--------------------------------------------------------------------------------
Writing Likwid Marker API results to file /tmp/likwid_748916.txt
--------------------------------------------------------------------------------
Region bench, Group 1: FLOPS_SP
+-------------------+------------+------------+------------+------------+------------+------------+------------+------------+------------+------------+-------------+-------------+-------------+-------------+-------------+-------------+-------------+-------------+-------------+-------------+-------------+-------------+-------------+-------------+-------------+-------------+-------------+-------------+-------------+-------------+-------------+-------------+-------------+-------------+-------------+-------------+-------------+-------------+-------------+-------------+-------------+-------------+-------------+-------------+-------------+-------------+-------------+-------------+-------------+-------------+-------------+-------------+-------------+-------------+-------------+-------------+-------------+-------------+-------------+-------------+-------------+-------------+-------------+-------------+-------------+-------------+-------------+-------------+-------------+-------------+-------------+-------------+-------------+-------------+-------------+-------------+-------------+-------------+-------------+-------------+-------------+-------------+-------------+-------------+-------------+-------------+-------------+-------------+-------------+-------------+-------------+-------------+-------------+-------------+-------------+-------------+
|    Region Info    | HWThread 0 | HWThread 1 | HWThread 2 | HWThread 3 | HWThread 4 | HWThread 5 | HWThread 6 | HWThread 7 | HWThread 8 | HWThread 9 | HWThread 10 | HWThread 11 | HWThread 12 | HWThread 13 | HWThread 14 | HWThread 15 | HWThread 16 | HWThread 17 | HWThread 18 | HWThread 19 | HWThread 20 | HWThread 21 | HWThread 22 | HWThread 23 | HWThread 24 | HWThread 25 | HWThread 26 | HWThread 27 | HWThread 28 | HWThread 29 | HWThread 30 | HWThread 31 | HWThread 32 | HWThread 33 | HWThread 34 | HWThread 35 | HWThread 36 | HWThread 37 | HWThread 38 | HWThread 39 | HWThread 40 | HWThread 41 | HWThread 42 | HWThread 43 | HWThread 44 | HWThread 45 | HWThread 46 | HWThread 47 | HWThread 48 | HWThread 49 | HWThread 50 | HWThread 51 | HWThread 52 | HWThread 53 | HWThread 54 | HWThread 55 | HWThread 56 | HWThread 57 | HWThread 58 | HWThread 59 | HWThread 60 | HWThread 61 | HWThread 62 | HWThread 63 | HWThread 64 | HWThread 65 | HWThread 66 | HWThread 67 | HWThread 68 | HWThread 69 | HWThread 70 | HWThread 71 | HWThread 72 | HWThread 73 | HWThread 74 | HWThread 75 | HWThread 76 | HWThread 77 | HWThread 78 | HWThread 79 | HWThread 80 | HWThread 81 | HWThread 82 | HWThread 83 | HWThread 84 | HWThread 85 | HWThread 86 | HWThread 87 | HWThread 88 | HWThread 89 | HWThread 90 | HWThread 91 | HWThread 92 | HWThread 93 | HWThread 94 | HWThread 95 |
+-------------------+------------+------------+------------+------------+------------+------------+------------+------------+------------+------------+-------------+-------------+-------------+-------------+-------------+-------------+-------------+-------------+-------------+-------------+-------------+-------------+-------------+-------------+-------------+-------------+-------------+-------------+-------------+-------------+-------------+-------------+-------------+-------------+-------------+-------------+-------------+-------------+-------------+-------------+-------------+-------------+-------------+-------------+-------------+-------------+-------------+-------------+-------------+-------------+-------------+-------------+-------------+-------------+-------------+-------------+-------------+-------------+-------------+-------------+-------------+-------------+-------------+-------------+-------------+-------------+-------------+-------------+-------------+-------------+-------------+-------------+-------------+-------------+-------------+-------------+-------------+-------------+-------------+-------------+-------------+-------------+-------------+-------------+-------------+-------------+-------------+-------------+-------------+-------------+-------------+-------------+-------------+-------------+-------------+-------------+
| RDTSC Runtime [s] |   0.159371 |   0.159432 |   0.159367 |   0.159414 |   0.159399 |   0.159371 |   0.159369 |   0.159403 |   0.159516 |   0.159468 |    0.159524 |    0.159494 |    0.159512 |    0.159529 |    0.159505 |    0.159426 |    0.159375 |    0.159437 |    0.159445 |    0.159452 |    0.159423 |    0.159504 |    0.159438 |    0.159382 |    0.159412 |    0.159445 |    0.159354 |    0.159443 |    0.159417 |    0.159445 |    0.159436 |    0.159369 |    0.159525 |    0.159495 |    0.159492 |    0.159433 |    0.159489 |    0.159519 |    0.159512 |    0.159427 |    0.159514 |    0.159508 |    0.159512 |    0.159514 |    0.159430 |    0.159588 |    0.159433 |    0.159508 |    0.159579 |    0.159428 |    0.159432 |    0.159602 |    0.159602 |    0.159429 |    0.159429 |    0.159601 |    0.159521 |    0.159438 |    0.159525 |    0.159511 |    0.159368 |    0.159410 |    0.159410 |    0.159536 |    0.159529 |    0.159426 |    0.159429 |    0.159426 |    0.159433 |    0.159595 |    0.159429 |    0.159429 |    0.159355 |    0.159436 |    0.159441 |    0.159442 |    0.159570 |    0.159442 |    0.159522 |    0.159420 |    0.159426 |    0.159433 |    0.159490 |    0.159426 |    0.159491 |    0.159506 |    0.159431 |    0.159519 |    0.159418 |    0.159395 |    0.159506 |    0.159446 |    0.159391 |    0.159500 |    0.159443 |    0.159462 |
|     call count    |          1 |          1 |          1 |          1 |          1 |          1 |          1 |          1 |          1 |          1 |           1 |           1 |           1 |           1 |           1 |           1 |           1 |           1 |           1 |           1 |           1 |           1 |           1 |           1 |           1 |           1 |           1 |           1 |           1 |           1 |           1 |           1 |           1 |           1 |           1 |           1 |           1 |           1 |           1 |           1 |           1 |           1 |           1 |           1 |           1 |           1 |           1 |           1 |           1 |           1 |           1 |           1 |           1 |           1 |           1 |           1 |           1 |           1 |           1 |           1 |           1 |           1 |           1 |           1 |           1 |           1 |           1 |           1 |           1 |           1 |           1 |           1 |           1 |           1 |           1 |           1 |           1 |           1 |           1 |           1 |           1 |           1 |           1 |           1 |           1 |           1 |           1 |           1 |           1 |           1 |           1 |           1 |           1 |           1 |           1 |           1 |
+-------------------+------------+------------+------------+------------+------------+------------+------------+------------+------------+------------+-------------+-------------+-------------+-------------+-------------+-------------+-------------+-------------+-------------+-------------+-------------+-------------+-------------+-------------+-------------+-------------+-------------+-------------+-------------+-------------+-------------+-------------+-------------+-------------+-------------+-------------+-------------+-------------+-------------+-------------+-------------+-------------+-------------+-------------+-------------+-------------+-------------+-------------+-------------+-------------+-------------+-------------+-------------+-------------+-------------+-------------+-------------+-------------+-------------+-------------+-------------+-------------+-------------+-------------+-------------+-------------+-------------+-------------+-------------+-------------+-------------+-------------+-------------+-------------+-------------+-------------+-------------+-------------+-------------+-------------+-------------+-------------+-------------+-------------+-------------+-------------+-------------+-------------+-------------+-------------+-------------+-------------+-------------+-------------+-------------+-------------+

+---------------------------+---------+-------------+-------------+-------------+-------------+-------------+-------------+-------------+-------------+-------------+-------------+-------------+-------------+-------------+-------------+-------------+-------------+-------------+-------------+-------------+-------------+-------------+-------------+-------------+-------------+-------------+-------------+-------------+-------------+-------------+-------------+-------------+-------------+-------------+-------------+-------------+-------------+-------------+-------------+-------------+-------------+-------------+-------------+-------------+-------------+-------------+-------------+-------------+-------------+-------------+-------------+-------------+-------------+-------------+-------------+-------------+-------------+-------------+-------------+-------------+-------------+-------------+-------------+-------------+-------------+-------------+-------------+-------------+-------------+-------------+-------------+-------------+-------------+-------------+-------------+-------------+-------------+-------------+-------------+-------------+-------------+-------------+-------------+-------------+-------------+-------------+-------------+-------------+-------------+-------------+-------------+-------------+-------------+-------------+-------------+-------------+-------------+
|           Event           | Counter |  HWThread 0 |  HWThread 1 |  HWThread 2 |  HWThread 3 |  HWThread 4 |  HWThread 5 |  HWThread 6 |  HWThread 7 |  HWThread 8 |  HWThread 9 | HWThread 10 | HWThread 11 | HWThread 12 | HWThread 13 | HWThread 14 | HWThread 15 | HWThread 16 | HWThread 17 | HWThread 18 | HWThread 19 | HWThread 20 | HWThread 21 | HWThread 22 | HWThread 23 | HWThread 24 | HWThread 25 | HWThread 26 | HWThread 27 | HWThread 28 | HWThread 29 | HWThread 30 | HWThread 31 | HWThread 32 | HWThread 33 | HWThread 34 | HWThread 35 | HWThread 36 | HWThread 37 | HWThread 38 | HWThread 39 | HWThread 40 | HWThread 41 | HWThread 42 | HWThread 43 | HWThread 44 | HWThread 45 | HWThread 46 | HWThread 47 | HWThread 48 | HWThread 49 | HWThread 50 | HWThread 51 | HWThread 52 | HWThread 53 | HWThread 54 | HWThread 55 | HWThread 56 | HWThread 57 | HWThread 58 | HWThread 59 | HWThread 60 | HWThread 61 | HWThread 62 | HWThread 63 | HWThread 64 | HWThread 65 | HWThread 66 | HWThread 67 | HWThread 68 | HWThread 69 | HWThread 70 | HWThread 71 | HWThread 72 | HWThread 73 | HWThread 74 | HWThread 75 | HWThread 76 | HWThread 77 | HWThread 78 | HWThread 79 | HWThread 80 | HWThread 81 | HWThread 82 | HWThread 83 | HWThread 84 | HWThread 85 | HWThread 86 | HWThread 87 | HWThread 88 | HWThread 89 | HWThread 90 | HWThread 91 | HWThread 92 | HWThread 93 | HWThread 94 | HWThread 95 |
+---------------------------+---------+-------------+-------------+-------------+-------------+-------------+-------------+-------------+-------------+-------------+-------------+-------------+-------------+-------------+-------------+-------------+-------------+-------------+-------------+-------------+-------------+-------------+-------------+-------------+-------------+-------------+-------------+-------------+-------------+-------------+-------------+-------------+-------------+-------------+-------------+-------------+-------------+-------------+-------------+-------------+-------------+-------------+-------------+-------------+-------------+-------------+-------------+-------------+-------------+-------------+-------------+-------------+-------------+-------------+-------------+-------------+-------------+-------------+-------------+-------------+-------------+-------------+-------------+-------------+-------------+-------------+-------------+-------------+-------------+-------------+-------------+-------------+-------------+-------------+-------------+-------------+-------------+-------------+-------------+-------------+-------------+-------------+-------------+-------------+-------------+-------------+-------------+-------------+-------------+-------------+-------------+-------------+-------------+-------------+-------------+-------------+-------------+
|      ACTUAL_CPU_CLOCK     |  FIXC1  |   591625900 |   591609900 |   591574400 |   591645600 |   591836000 |   591587100 |   591589100 |   591592400 |   591932300 |   591896300 |   591648900 |   591930200 |   591828800 |   591879100 |   591953000 |   591617600 |   592069300 |   592201600 |   592309400 |   592070300 |   591869400 |   592102500 |   592073700 |   592146300 |   591920200 |   591885900 |   591874800 |   591884100 |   591901300 |   591654000 |   591909500 |   591914100 |   591869900 |   591915100 |   591909000 |   591864500 |   591931700 |   591864500 |   591870000 |   591886000 |   592290100 |   592340700 |   592361000 |   592316900 |   592004300 |   592333100 |   592006700 |   592287500 |   592581700 |   592359000 |   592316500 |   592545000 |   592574400 |   592406900 |   592297400 |   592583300 |   591877700 |   592228400 |   591856700 |   591877800 |   591701700 |   591843500 |   591841300 |   591887000 |   592521000 |   592454700 |   592525300 |   592269800 |   592359800 |   592497000 |   592324800 |   592530900 |   591588800 |   591564400 |   591473700 |   591462300 |   591846400 |   591751400 |   591700900 |   591766600 |   592098300 |   591973500 |   591980000 |   592195600 |   592071500 |   591726900 |   591979500 |   592021600 |   591876900 |   591592000 |   591468600 |   591862400 |   591583300 |   591947700 |   591919600 |   591639700 |
|       MAX_CPU_CLOCK       |  FIXC2  |   383976300 |   384000400 |   383964000 |   384008000 |   383910100 |   383954100 |   383950700 |   383954300 |   384206300 |   384193700 |   384217100 |   384207000 |   384080400 |   384135900 |   384210000 |   384170700 |   384092900 |   384187300 |   384258300 |   384101400 |   384198600 |   384138600 |   384088400 |   384157100 |   384085800 |   384244200 |   384041200 |   384165900 |   384352500 |   384046200 |   384204000 |   384094100 |   384151800 |   384187900 |   384203000 |   384147000 |   384198400 |   384160700 |   384167700 |   384161200 |   384315200 |   384324400 |   384329700 |   384326400 |   384338400 |   384328900 |   384333300 |   384317100 |   384367700 |   384274700 |   384387600 |   384356900 |   384363400 |   384408500 |   384373300 |   384367200 |   384160300 |   384179700 |   384151100 |   384166300 |   383929000 |   384142300 |   384137800 |   384181800 |   384336300 |   384288800 |   384334300 |   384210200 |   384270100 |   384349700 |   384273800 |   384352000 |   384155600 |   384336100 |   384313000 |   384308800 |   384311000 |   384299500 |   384242900 |   384301400 |   384335300 |   384274800 |   384278000 |   384382000 |   384319200 |   384315800 |   384274700 |   384284800 |   384279800 |   384294600 |   384215900 |   384273900 |   384240100 |   384301600 |   384305700 |   384325000 |
|    RETIRED_INSTRUCTIONS   |   PMC0  |   742426500 |   742583400 |   742529200 |   742569000 |   742557600 |   742534200 |   742536000 |   742554700 |   742594900 |   742578300 |   742608300 |   742581100 |   742600200 |   742614400 |   742589600 |   742546200 |   742565200 |   742590500 |   742597300 |   742610600 |   742583500 |   742639500 |   742597100 |   742564800 |   742451800 |   742472300 |   742425600 |   742462700 |   742455300 |   742475200 |   742465100 |   742433900 |   742557500 |   742567000 |   742553100 |   742477500 |   742553100 |   742580000 |   742564900 |   742522000 |   742474800 |   742593000 |   742591000 |   742508100 |   742557200 |   742551100 |   742558000 |   742597400 |   742628600 |   742586500 |   742552100 |   742659600 |   742654300 |   742544400 |   742562900 |   742705200 |   742656000 |   742578400 |   742652900 |   742642700 |   742545400 |   742570300 |   742578100 |   742659300 |   742664400 |   742564000 |   742577500 |   742573600 |   742576800 |   742671900 |   742567500 |   742556200 |   742390700 |   742427600 |   742443600 |   742438000 |   742541900 |   742435800 |   742530400 |   742412600 |   742457100 |   742497600 |   742564600 |   742498900 |   742561200 |   742560200 |   742500300 |   742578700 |   742474400 |   742483500 |   742567500 |   742514500 |   742434400 |   742537800 |   742474800 |   742504200 |
|    CPU_CLOCKS_UNHALTED    |   PMC1  |   586518700 |   587230800 |   586932300 |   587144700 |   587074400 |   586998400 |   586989000 |   587073100 |   587310300 |   587183900 |   587366600 |   587244600 |   587338600 |   587401400 |   587296500 |   586992600 |   587130600 |   587321700 |   587355400 |   587406800 |   587287000 |   587564100 |   587357400 |   587141500 |   586613900 |   586695900 |   586361100 |   586647300 |   586599600 |   586703600 |   586668900 |   586391800 |   587108100 |   587195700 |   587110600 |   586942300 |   587125800 |   587273000 |   587203700 |   586896000 |   586718100 |   587365200 |   587348700 |   586890500 |   587078800 |   587037000 |   587092900 |   587394600 |   587479900 |   587360500 |   587157400 |   587678900 |   587634500 |   587127200 |   587231800 |   587929400 |   587612200 |   587185700 |   587608000 |   587563400 |   587002800 |   587153600 |   587187900 |   587656200 |   587678400 |   587290800 |   587331000 |   587336100 |   587365800 |   587758400 |   587292400 |   587302000 |   586200700 |   586582300 |   586608000 |   586622200 |   587006000 |   586599500 |   586932600 |   586462300 |   586699600 |   586913800 |   587142700 |   586924700 |   587128600 |   587116600 |   586926400 |   587205700 |   586724100 |   586723700 |   587129000 |   586903400 |   586599500 |   587082800 |   586811500 |   586944700 |
| RETIRED_SSE_AVX_FLOPS_ALL |   PMC2  | 18748800000 | 18748800000 | 18748800000 | 18748800000 | 18748800000 | 18748800000 | 18748800000 | 18748800000 | 18748800000 | 18748800000 | 18748800000 | 18748800000 | 18748800000 | 18748800000 | 18748800000 | 18748800000 | 18748800000 | 18748800000 | 18748800000 | 18748800000 | 18748800000 | 18748800000 | 18748800000 | 18748800000 | 18748800000 | 18748800000 | 18748800000 | 18748800000 | 18748800000 | 18748800000 | 18748800000 | 18748800000 | 18748800000 | 18748800000 | 18748800000 | 18748800000 | 18748800000 | 18748800000 | 18748800000 | 18748800000 | 18748800000 | 18748800000 | 18748800000 | 18748800000 | 18748800000 | 18748800000 | 18748800000 | 18748800000 | 18748800000 | 18748800000 | 18748800000 | 18748800000 | 18748800000 | 18748800000 | 18748800000 | 18748800000 | 18748800000 | 18748800000 | 18748800000 | 18748800000 | 18748800000 | 18748800000 | 18748800000 | 18748800000 | 18748800000 | 18748800000 | 18748800000 | 18748800000 | 18748800000 | 18748800000 | 18748800000 | 18748800000 | 18748800000 | 18748800000 | 18748800000 | 18748800000 | 18748800000 | 18748800000 | 18748800000 | 18748800000 | 18748800000 | 18748800000 | 18748800000 | 18748800000 | 18748800000 | 18748800000 | 18748800000 | 18748800000 | 18748800000 | 18748800000 | 18748800000 | 18748800000 | 18748800000 | 18748800000 | 18748800000 | 18748800000 |
|           MERGE           |   PMC3  |           0 |           0 |           0 |           0 |           0 |           0 |           0 |           0 |           0 |           0 |           0 |           0 |           0 |           0 |           0 |           0 |           0 |           0 |           0 |           0 |           0 |           0 |           0 |           0 |           0 |           0 |           0 |           0 |           0 |           0 |           0 |           0 |           0 |           0 |           0 |           0 |           0 |           0 |           0 |           0 |           0 |           0 |           0 |           0 |           0 |           0 |           0 |           0 |           0 |           0 |           0 |           0 |           0 |           0 |           0 |           0 |           0 |           0 |           0 |           0 |           0 |           0 |           0 |           0 |           0 |           0 |           0 |           0 |           0 |           0 |           0 |           0 |           0 |           0 |           0 |           0 |           0 |           0 |           0 |           0 |           0 |           0 |           0 |           0 |           0 |           0 |           0 |           0 |           0 |           0 |           0 |           0 |           0 |           0 |           0 |           0 |
+---------------------------+---------+-------------+-------------+-------------+-------------+-------------+-------------+-------------+-------------+-------------+-------------+-------------+-------------+-------------+-------------+-------------+-------------+-------------+-------------+-------------+-------------+-------------+-------------+-------------+-------------+-------------+-------------+-------------+-------------+-------------+-------------+-------------+-------------+-------------+-------------+-------------+-------------+-------------+-------------+-------------+-------------+-------------+-------------+-------------+-------------+-------------+-------------+-------------+-------------+-------------+-------------+-------------+-------------+-------------+-------------+-------------+-------------+-------------+-------------+-------------+-------------+-------------+-------------+-------------+-------------+-------------+-------------+-------------+-------------+-------------+-------------+-------------+-------------+-------------+-------------+-------------+-------------+-------------+-------------+-------------+-------------+-------------+-------------+-------------+-------------+-------------+-------------+-------------+-------------+-------------+-------------+-------------+-------------+-------------+-------------+-------------+-------------+

+--------------------------------+---------+---------------+-------------+-------------+--------------+
|              Event             | Counter |      Sum      |     Min     |     Max     |      Avg     |
+--------------------------------+---------+---------------+-------------+-------------+--------------+
|      ACTUAL_CPU_CLOCK STAT     |  FIXC1  |   56829937200 |   591462300 |   592583300 | 5.919785e+08 |
|       MAX_CPU_CLOCK STAT       |  FIXC2  |   36884918900 |   383910100 |   384408500 | 3.842179e+08 |
|    RETIRED_INSTRUCTIONS STAT   |   PMC0  |   71284558600 |   742390700 |   742705200 | 7.425475e+08 |
|    CPU_CLOCKS_UNHALTED STAT    |   PMC1  |   56361038200 |   586200700 |   587929400 | 5.870941e+08 |
| RETIRED_SSE_AVX_FLOPS_ALL STAT |   PMC2  | 1799884800000 | 18748800000 | 18748800000 |  18748800000 |
|           MERGE STAT           |   PMC3  |             0 |           0 |           0 |            0 |
+--------------------------------+---------+---------------+-------------+-------------+--------------+

+----------------------+-------------+-------------+-------------+-------------+-------------+-------------+-------------+-------------+-------------+-------------+-------------+-------------+-------------+-------------+-------------+-------------+-------------+-------------+-------------+-------------+-------------+-------------+-------------+-------------+-------------+-------------+-------------+-------------+-------------+-------------+-------------+-------------+-------------+-------------+-------------+-------------+-------------+-------------+-------------+-------------+-------------+-------------+-------------+-------------+-------------+-------------+-------------+-------------+-------------+-------------+-------------+-------------+-------------+-------------+-------------+-------------+-------------+-------------+-------------+-------------+-------------+-------------+-------------+-------------+-------------+-------------+-------------+-------------+-------------+-------------+-------------+-------------+-------------+-------------+-------------+-------------+-------------+-------------+-------------+-------------+-------------+-------------+-------------+-------------+-------------+-------------+-------------+-------------+-------------+-------------+-------------+-------------+-------------+-------------+-------------+-------------+
|        Metric        |  HWThread 0 |  HWThread 1 |  HWThread 2 |  HWThread 3 |  HWThread 4 |  HWThread 5 |  HWThread 6 |  HWThread 7 |  HWThread 8 |  HWThread 9 | HWThread 10 | HWThread 11 | HWThread 12 | HWThread 13 | HWThread 14 | HWThread 15 | HWThread 16 | HWThread 17 | HWThread 18 | HWThread 19 | HWThread 20 | HWThread 21 | HWThread 22 | HWThread 23 | HWThread 24 | HWThread 25 | HWThread 26 | HWThread 27 | HWThread 28 | HWThread 29 | HWThread 30 | HWThread 31 | HWThread 32 | HWThread 33 | HWThread 34 | HWThread 35 | HWThread 36 | HWThread 37 | HWThread 38 | HWThread 39 | HWThread 40 | HWThread 41 | HWThread 42 | HWThread 43 | HWThread 44 | HWThread 45 | HWThread 46 | HWThread 47 | HWThread 48 | HWThread 49 | HWThread 50 | HWThread 51 | HWThread 52 | HWThread 53 | HWThread 54 | HWThread 55 | HWThread 56 | HWThread 57 | HWThread 58 | HWThread 59 | HWThread 60 | HWThread 61 | HWThread 62 | HWThread 63 | HWThread 64 | HWThread 65 | HWThread 66 | HWThread 67 | HWThread 68 | HWThread 69 | HWThread 70 | HWThread 71 | HWThread 72 | HWThread 73 | HWThread 74 | HWThread 75 | HWThread 76 | HWThread 77 | HWThread 78 | HWThread 79 | HWThread 80 | HWThread 81 | HWThread 82 | HWThread 83 | HWThread 84 | HWThread 85 | HWThread 86 | HWThread 87 | HWThread 88 | HWThread 89 | HWThread 90 | HWThread 91 | HWThread 92 | HWThread 93 | HWThread 94 | HWThread 95 |
+----------------------+-------------+-------------+-------------+-------------+-------------+-------------+-------------+-------------+-------------+-------------+-------------+-------------+-------------+-------------+-------------+-------------+-------------+-------------+-------------+-------------+-------------+-------------+-------------+-------------+-------------+-------------+-------------+-------------+-------------+-------------+-------------+-------------+-------------+-------------+-------------+-------------+-------------+-------------+-------------+-------------+-------------+-------------+-------------+-------------+-------------+-------------+-------------+-------------+-------------+-------------+-------------+-------------+-------------+-------------+-------------+-------------+-------------+-------------+-------------+-------------+-------------+-------------+-------------+-------------+-------------+-------------+-------------+-------------+-------------+-------------+-------------+-------------+-------------+-------------+-------------+-------------+-------------+-------------+-------------+-------------+-------------+-------------+-------------+-------------+-------------+-------------+-------------+-------------+-------------+-------------+-------------+-------------+-------------+-------------+-------------+-------------+
|  Runtime (RDTSC) [s] |      0.1594 |      0.1594 |      0.1594 |      0.1594 |      0.1594 |      0.1594 |      0.1594 |      0.1594 |      0.1595 |      0.1595 |      0.1595 |      0.1595 |      0.1595 |      0.1595 |      0.1595 |      0.1594 |      0.1594 |      0.1594 |      0.1594 |      0.1595 |      0.1594 |      0.1595 |      0.1594 |      0.1594 |      0.1594 |      0.1594 |      0.1594 |      0.1594 |      0.1594 |      0.1594 |      0.1594 |      0.1594 |      0.1595 |      0.1595 |      0.1595 |      0.1594 |      0.1595 |      0.1595 |      0.1595 |      0.1594 |      0.1595 |      0.1595 |      0.1595 |      0.1595 |      0.1594 |      0.1596 |      0.1594 |      0.1595 |      0.1596 |      0.1594 |      0.1594 |      0.1596 |      0.1596 |      0.1594 |      0.1594 |      0.1596 |      0.1595 |      0.1594 |      0.1595 |      0.1595 |      0.1594 |      0.1594 |      0.1594 |      0.1595 |      0.1595 |      0.1594 |      0.1594 |      0.1594 |      0.1594 |      0.1596 |      0.1594 |      0.1594 |      0.1594 |      0.1594 |      0.1594 |      0.1594 |      0.1596 |      0.1594 |      0.1595 |      0.1594 |      0.1594 |      0.1594 |      0.1595 |      0.1594 |      0.1595 |      0.1595 |      0.1594 |      0.1595 |      0.1594 |      0.1594 |      0.1595 |      0.1594 |      0.1594 |      0.1595 |      0.1594 |      0.1595 |
| Runtime unhalted [s] |      0.2465 |      0.2465 |      0.2465 |      0.2465 |      0.2466 |      0.2465 |      0.2465 |      0.2465 |      0.2466 |      0.2466 |      0.2465 |      0.2466 |      0.2466 |      0.2466 |      0.2466 |      0.2465 |      0.2467 |      0.2468 |      0.2468 |      0.2467 |      0.2466 |      0.2467 |      0.2467 |      0.2467 |      0.2466 |      0.2466 |      0.2466 |      0.2466 |      0.2466 |      0.2465 |      0.2466 |      0.2466 |      0.2466 |      0.2466 |      0.2466 |      0.2466 |      0.2466 |      0.2466 |      0.2466 |      0.2466 |      0.2468 |      0.2468 |      0.2468 |      0.2468 |      0.2467 |      0.2468 |      0.2467 |      0.2468 |      0.2469 |      0.2468 |      0.2468 |      0.2469 |      0.2469 |      0.2468 |      0.2468 |      0.2469 |      0.2466 |      0.2468 |      0.2466 |      0.2466 |      0.2465 |      0.2466 |      0.2466 |      0.2466 |      0.2469 |      0.2469 |      0.2469 |      0.2468 |      0.2468 |      0.2469 |      0.2468 |      0.2469 |      0.2465 |      0.2465 |      0.2464 |      0.2464 |      0.2466 |      0.2466 |      0.2465 |      0.2466 |      0.2467 |      0.2467 |      0.2467 |      0.2468 |      0.2467 |      0.2466 |      0.2467 |      0.2467 |      0.2466 |      0.2465 |      0.2464 |      0.2466 |      0.2465 |      0.2466 |      0.2466 |      0.2465 |
|      Clock [MHz]     |   3697.8594 |   3697.5273 |   3697.6560 |   3697.6773 |   3699.8105 |   3697.8307 |   3697.8760 |   3697.8619 |   3697.5597 |   3697.4561 |   3695.6855 |   3697.5399 |   3698.1250 |   3697.9050 |   3697.6534 |   3695.9364 |   3699.5074 |   3699.4249 |   3699.4146 |   3699.4318 |   3697.2409 |   3699.2747 |   3699.5783 |   3699.3702 |   3698.6441 |   3696.9052 |   3698.7900 |   3697.6474 |   3695.9597 |   3697.3620 |   3697.4394 |   3698.5261 |   3697.6944 |   3697.6293 |   3697.4459 |   3697.7069 |   3697.6320 |   3697.5750 |   3697.5420 |   3697.7045 |   3698.7464 |   3698.9738 |   3699.0496 |   3698.8059 |   3696.7384 |   3698.8830 |   3696.8025 |   3698.7118 |   3700.0619 |   3699.5665 |   3698.2145 |   3699.9367 |   3700.0577 |   3698.5779 |   3698.2329 |   3700.0767 |   3697.6614 |   3699.6655 |   3697.6187 |   3697.6042 |   3698.7888 |   3697.6209 |   3697.6505 |   3697.5125 |   3699.9851 |   3700.0284 |   3700.0313 |   3699.6304 |   3699.6158 |   3699.7063 |   3699.3616 |   3699.8958 |   3695.9017 |   3694.0136 |   3693.6692 |   3693.6384 |   3696.0159 |   3695.5332 |   3695.7622 |   3695.6099 |   3697.3552 |   3697.1579 |   3697.1677 |   3697.5135 |   3697.3428 |   3695.2235 |   3697.1963 |   3697.3621 |   3696.5065 |   3694.5849 |   3694.5708 |   3696.4727 |   3695.0546 |   3696.7390 |   3696.5240 |   3694.5905 |
|          CPI         |      0.7900 |      0.7908 |      0.7905 |      0.7907 |      0.7906 |      0.7905 |      0.7905 |      0.7906 |      0.7909 |      0.7907 |      0.7910 |      0.7908 |      0.7909 |      0.7910 |      0.7909 |      0.7905 |      0.7907 |      0.7909 |      0.7909 |      0.7910 |      0.7909 |      0.7912 |      0.7910 |      0.7907 |      0.7901 |      0.7902 |      0.7898 |      0.7901 |      0.7901 |      0.7902 |      0.7902 |      0.7898 |      0.7907 |      0.7908 |      0.7907 |      0.7905 |      0.7907 |      0.7909 |      0.7908 |      0.7904 |      0.7902 |      0.7910 |      0.7909 |      0.7904 |      0.7906 |      0.7906 |      0.7906 |      0.7910 |      0.7911 |      0.7910 |      0.7907 |      0.7913 |      0.7913 |      0.7907 |      0.7908 |      0.7916 |      0.7912 |      0.7907 |      0.7912 |      0.7912 |      0.7905 |      0.7907 |      0.7907 |      0.7913 |      0.7913 |      0.7909 |      0.7909 |      0.7909 |      0.7910 |      0.7914 |      0.7909 |      0.7909 |      0.7896 |      0.7901 |      0.7901 |      0.7901 |      0.7905 |      0.7901 |      0.7904 |      0.7899 |      0.7902 |      0.7905 |      0.7907 |      0.7905 |      0.7907 |      0.7907 |      0.7905 |      0.7908 |      0.7902 |      0.7902 |      0.7907 |      0.7904 |      0.7901 |      0.7906 |      0.7903 |      0.7905 |
|     SP [MFLOP/s]     | 117642.6296 | 117597.6923 | 117645.4348 | 117611.1183 | 117621.8169 | 117642.1867 | 117643.6631 | 117618.7178 | 117535.6924 | 117570.9233 | 117529.5034 | 117551.4626 | 117538.5661 | 117525.8197 | 117543.5033 | 117601.9706 | 117639.7509 | 117593.9306 | 117587.8830 | 117583.0158 | 117604.1836 | 117544.4613 | 117592.8981 | 117634.5103 | 117611.9298 | 117588.0305 | 117654.8845 | 117589.0630 | 117608.4623 | 117587.8092 | 117594.6682 | 117644.0322 | 117529.1350 | 117551.0941 | 117553.6000 | 117596.7334 | 117555.1479 | 117533.5556 | 117538.7871 | 117600.8641 | 117536.9450 | 117541.5136 | 117538.2713 | 117536.8713 | 117598.7987 | 117482.1494 | 117596.7334 | 117541.6610 | 117489.2169 | 117600.6428 | 117597.6923 | 117472.0649 | 117471.9177 | 117599.4626 | 117599.9789 | 117473.1690 | 117531.5663 | 117593.0456 | 117528.9876 | 117539.5240 | 117644.8442 | 117613.7743 | 117613.4054 | 117520.6630 | 117526.2617 | 117602.1919 | 117600.0527 | 117601.8230 | 117597.0285 | 117477.1438 | 117599.9052 | 117599.8314 | 117654.5154 | 117594.3732 | 117590.7592 | 117590.3167 | 117496.0644 | 117590.2430 | 117530.8295 | 117606.3229 | 117601.9706 | 117597.1022 | 117554.4108 | 117602.0443 | 117554.2634 | 117542.5453 | 117597.9136 | 117533.6293 | 117607.4295 | 117624.5473 | 117542.8401 | 117587.2192 | 117627.7943 | 117546.9669 | 117589.4317 | 117575.7158 |
+----------------------+-------------+-------------+-------------+-------------+-------------+-------------+-------------+-------------+-------------+-------------+-------------+-------------+-------------+-------------+-------------+-------------+-------------+-------------+-------------+-------------+-------------+-------------+-------------+-------------+-------------+-------------+-------------+-------------+-------------+-------------+-------------+-------------+-------------+-------------+-------------+-------------+-------------+-------------+-------------+-------------+-------------+-------------+-------------+-------------+-------------+-------------+-------------+-------------+-------------+-------------+-------------+-------------+-------------+-------------+-------------+-------------+-------------+-------------+-------------+-------------+-------------+-------------+-------------+-------------+-------------+-------------+-------------+-------------+-------------+-------------+-------------+-------------+-------------+-------------+-------------+-------------+-------------+-------------+-------------+-------------+-------------+-------------+-------------+-------------+-------------+-------------+-------------+-------------+-------------+-------------+-------------+-------------+-------------+-------------+-------------+-------------+

+---------------------------+--------------+-------------+-------------+-------------+
|           Metric          |      Sum     |     Min     |     Max     |     Avg     |
+---------------------------+--------------+-------------+-------------+-------------+
|  Runtime (RDTSC) [s] STAT |      15.3071 |      0.1594 |      0.1596 |      0.1594 |
| Runtime unhalted [s] STAT |      23.6787 |      0.2464 |      0.2469 |      0.2467 |
|      Clock [MHz] STAT     |  354982.7263 |   3693.6384 |   3700.0767 |   3697.7367 |
|          CPI STAT         |      75.9021 |      0.7896 |      0.7916 |      0.7906 |
|     SP [MFLOP/s] STAT     | 1.128735e+07 | 117471.9177 | 117654.8845 | 117576.5158 |
+---------------------------+--------------+-------------+-------------+-------------+

