--------------------------------------------------------------------------------
CPU name:	AMD EPYC 9654 96-Core Processor                
CPU type:	AMD K19 (Zen4) architecture
CPU clock:	2.40 GHz
--------------------------------------------------------------------------------
Allocate: Process running on hwthread 0 (Domain N) - Vector length 12000000/96000000 Offset 0 Alignment 512
Initialization: Each thread in domain initializes its own stream chunks
--------------------------------------------------------------------------------
LIKWID MICRO BENCHMARK
Test: peakflops
--------------------------------------------------------------------------------
Using 1 work groups
Using 192 threads
--------------------------------------------------------------------------------
Using Likwid Marker API
--------------------------------------------------------------------------------
Group: 0 Thread 0 Global Thread 0 running on hwthread 0 - Vector length 62500 Offset 0
Group: 0 Thread 1 Global Thread 1 running on hwthread 1 - Vector length 62500 Offset 62500
Group: 0 Thread 2 Global Thread 2 running on hwthread 2 - Vector length 62500 Offset 125000
Group: 0 Thread 3 Global Thread 3 running on hwthread 3 - Vector length 62500 Offset 187500
Group: 0 Thread 4 Global Thread 4 running on hwthread 4 - Vector length 62500 Offset 250000
Group: 0 Thread 5 Global Thread 5 running on hwthread 5 - Vector length 62500 Offset 312500
Group: 0 Thread 6 Global Thread 6 running on hwthread 6 - Vector length 62500 Offset 375000
Group: 0 Thread 7 Global Thread 7 running on hwthread 7 - Vector length 62500 Offset 437500
Group: 0 Thread 8 Global Thread 8 running on hwthread 8 - Vector length 62500 Offset 500000
Group: 0 Thread 9 Global Thread 9 running on hwthread 9 - Vector length 62500 Offset 562500
Group: 0 Thread 10 Global Thread 10 running on hwthread 10 - Vector length 62500 Offset 625000
Group: 0 Thread 11 Global Thread 11 running on hwthread 11 - Vector length 62500 Offset 687500
Group: 0 Thread 12 Global Thread 12 running on hwthread 12 - Vector length 62500 Offset 750000
Group: 0 Thread 13 Global Thread 13 running on hwthread 13 - Vector length 62500 Offset 812500
Group: 0 Thread 14 Global Thread 14 running on hwthread 14 - Vector length 62500 Offset 875000
Group: 0 Thread 15 Global Thread 15 running on hwthread 15 - Vector length 62500 Offset 937500
Group: 0 Thread 16 Global Thread 16 running on hwthread 16 - Vector length 62500 Offset 1000000
Group: 0 Thread 17 Global Thread 17 running on hwthread 17 - Vector length 62500 Offset 1062500
Group: 0 Thread 18 Global Thread 18 running on hwthread 18 - Vector length 62500 Offset 1125000
Group: 0 Thread 19 Global Thread 19 running on hwthread 19 - Vector length 62500 Offset 1187500
Group: 0 Thread 20 Global Thread 20 running on hwthread 20 - Vector length 62500 Offset 1250000
Group: 0 Thread 21 Global Thread 21 running on hwthread 21 - Vector length 62500 Offset 1312500
Group: 0 Thread 22 Global Thread 22 running on hwthread 22 - Vector length 62500 Offset 1375000
Group: 0 Thread 23 Global Thread 23 running on hwthread 23 - Vector length 62500 Offset 1437500
Group: 0 Thread 24 Global Thread 24 running on hwthread 24 - Vector length 62500 Offset 1500000
Group: 0 Thread 25 Global Thread 25 running on hwthread 25 - Vector length 62500 Offset 1562500
Group: 0 Thread 26 Global Thread 26 running on hwthread 26 - Vector length 62500 Offset 1625000
Group: 0 Thread 27 Global Thread 27 running on hwthread 27 - Vector length 62500 Offset 1687500
Group: 0 Thread 28 Global Thread 28 running on hwthread 28 - Vector length 62500 Offset 1750000
Group: 0 Thread 29 Global Thread 29 running on hwthread 29 - Vector length 62500 Offset 1812500
Group: 0 Thread 30 Global Thread 30 running on hwthread 30 - Vector length 62500 Offset 1875000
Group: 0 Thread 31 Global Thread 31 running on hwthread 31 - Vector length 62500 Offset 1937500
Group: 0 Thread 32 Global Thread 32 running on hwthread 32 - Vector length 62500 Offset 2000000
Group: 0 Thread 33 Global Thread 33 running on hwthread 33 - Vector length 62500 Offset 2062500
Group: 0 Thread 34 Global Thread 34 running on hwthread 34 - Vector length 62500 Offset 2125000
Group: 0 Thread 35 Global Thread 35 running on hwthread 35 - Vector length 62500 Offset 2187500
Group: 0 Thread 36 Global Thread 36 running on hwthread 36 - Vector length 62500 Offset 2250000
Group: 0 Thread 37 Global Thread 37 running on hwthread 37 - Vector length 62500 Offset 2312500
Group: 0 Thread 38 Global Thread 38 running on hwthread 38 - Vector length 62500 Offset 2375000
Group: 0 Thread 39 Global Thread 39 running on hwthread 39 - Vector length 62500 Offset 2437500
Group: 0 Thread 40 Global Thread 40 running on hwthread 40 - Vector length 62500 Offset 2500000
Group: 0 Thread 41 Global Thread 41 running on hwthread 41 - Vector length 62500 Offset 2562500
Group: 0 Thread 42 Global Thread 42 running on hwthread 42 - Vector length 62500 Offset 2625000
Group: 0 Thread 43 Global Thread 43 running on hwthread 43 - Vector length 62500 Offset 2687500
Group: 0 Thread 44 Global Thread 44 running on hwthread 44 - Vector length 62500 Offset 2750000
Group: 0 Thread 45 Global Thread 45 running on hwthread 45 - Vector length 62500 Offset 2812500
Group: 0 Thread 46 Global Thread 46 running on hwthread 46 - Vector length 62500 Offset 2875000
Group: 0 Thread 47 Global Thread 47 running on hwthread 47 - Vector length 62500 Offset 2937500
Group: 0 Thread 48 Global Thread 48 running on hwthread 48 - Vector length 62500 Offset 3000000
Group: 0 Thread 49 Global Thread 49 running on hwthread 49 - Vector length 62500 Offset 3062500
Group: 0 Thread 50 Global Thread 50 running on hwthread 50 - Vector length 62500 Offset 3125000
Group: 0 Thread 51 Global Thread 51 running on hwthread 51 - Vector length 62500 Offset 3187500
Group: 0 Thread 52 Global Thread 52 running on hwthread 52 - Vector length 62500 Offset 3250000
Group: 0 Thread 53 Global Thread 53 running on hwthread 53 - Vector length 62500 Offset 3312500
Group: 0 Thread 54 Global Thread 54 running on hwthread 54 - Vector length 62500 Offset 3375000
Group: 0 Thread 55 Global Thread 55 running on hwthread 55 - Vector length 62500 Offset 3437500
Group: 0 Thread 56 Global Thread 56 running on hwthread 56 - Vector length 62500 Offset 3500000
Group: 0 Thread 57 Global Thread 57 running on hwthread 57 - Vector length 62500 Offset 3562500
Group: 0 Thread 58 Global Thread 58 running on hwthread 58 - Vector length 62500 Offset 3625000
Group: 0 Thread 59 Global Thread 59 running on hwthread 59 - Vector length 62500 Offset 3687500
Group: 0 Thread 60 Global Thread 60 running on hwthread 60 - Vector length 62500 Offset 3750000
Group: 0 Thread 61 Global Thread 61 running on hwthread 61 - Vector length 62500 Offset 3812500
Group: 0 Thread 62 Global Thread 62 running on hwthread 62 - Vector length 62500 Offset 3875000
Group: 0 Thread 63 Global Thread 63 running on hwthread 63 - Vector length 62500 Offset 3937500
Group: 0 Thread 64 Global Thread 64 running on hwthread 64 - Vector length 62500 Offset 4000000
Group: 0 Thread 65 Global Thread 65 running on hwthread 65 - Vector length 62500 Offset 4062500
Group: 0 Thread 66 Global Thread 66 running on hwthread 66 - Vector length 62500 Offset 4125000
Group: 0 Thread 67 Global Thread 67 running on hwthread 67 - Vector length 62500 Offset 4187500
Group: 0 Thread 68 Global Thread 68 running on hwthread 68 - Vector length 62500 Offset 4250000
Group: 0 Thread 69 Global Thread 69 running on hwthread 69 - Vector length 62500 Offset 4312500
Group: 0 Thread 70 Global Thread 70 running on hwthread 70 - Vector length 62500 Offset 4375000
Group: 0 Thread 71 Global Thread 71 running on hwthread 71 - Vector length 62500 Offset 4437500
Group: 0 Thread 72 Global Thread 72 running on hwthread 72 - Vector length 62500 Offset 4500000
Group: 0 Thread 73 Global Thread 73 running on hwthread 73 - Vector length 62500 Offset 4562500
Group: 0 Thread 74 Global Thread 74 running on hwthread 74 - Vector length 62500 Offset 4625000
Group: 0 Thread 75 Global Thread 75 running on hwthread 75 - Vector length 62500 Offset 4687500
Group: 0 Thread 76 Global Thread 76 running on hwthread 76 - Vector length 62500 Offset 4750000
Group: 0 Thread 77 Global Thread 77 running on hwthread 77 - Vector length 62500 Offset 4812500
Group: 0 Thread 78 Global Thread 78 running on hwthread 78 - Vector length 62500 Offset 4875000
Group: 0 Thread 79 Global Thread 79 running on hwthread 79 - Vector length 62500 Offset 4937500
Group: 0 Thread 80 Global Thread 80 running on hwthread 80 - Vector length 62500 Offset 5000000
Group: 0 Thread 81 Global Thread 81 running on hwthread 81 - Vector length 62500 Offset 5062500
Group: 0 Thread 82 Global Thread 82 running on hwthread 82 - Vector length 62500 Offset 5125000
Group: 0 Thread 83 Global Thread 83 running on hwthread 83 - Vector length 62500 Offset 5187500
Group: 0 Thread 84 Global Thread 84 running on hwthread 84 - Vector length 62500 Offset 5250000
Group: 0 Thread 85 Global Thread 85 running on hwthread 85 - Vector length 62500 Offset 5312500
Group: 0 Thread 86 Global Thread 86 running on hwthread 86 - Vector length 62500 Offset 5375000
Group: 0 Thread 87 Global Thread 87 running on hwthread 87 - Vector length 62500 Offset 5437500
Group: 0 Thread 88 Global Thread 88 running on hwthread 88 - Vector length 62500 Offset 5500000
Group: 0 Thread 89 Global Thread 89 running on hwthread 89 - Vector length 62500 Offset 5562500
Group: 0 Thread 90 Global Thread 90 running on hwthread 90 - Vector length 62500 Offset 5625000
Group: 0 Thread 91 Global Thread 91 running on hwthread 91 - Vector length 62500 Offset 5687500
Group: 0 Thread 92 Global Thread 92 running on hwthread 92 - Vector length 62500 Offset 5750000
Group: 0 Thread 93 Global Thread 93 running on hwthread 93 - Vector length 62500 Offset 5812500
Group: 0 Thread 94 Global Thread 94 running on hwthread 94 - Vector length 62500 Offset 5875000
Group: 0 Thread 95 Global Thread 95 running on hwthread 95 - Vector length 62500 Offset 5937500
Group: 0 Thread 96 Global Thread 96 running on hwthread 96 - Vector length 62500 Offset 6000000
Group: 0 Thread 97 Global Thread 97 running on hwthread 97 - Vector length 62500 Offset 6062500
Group: 0 Thread 98 Global Thread 98 running on hwthread 98 - Vector length 62500 Offset 6125000
Group: 0 Thread 99 Global Thread 99 running on hwthread 99 - Vector length 62500 Offset 6187500
Group: 0 Thread 100 Global Thread 100 running on hwthread 100 - Vector length 62500 Offset 6250000
Group: 0 Thread 101 Global Thread 101 running on hwthread 101 - Vector length 62500 Offset 6312500
Group: 0 Thread 102 Global Thread 102 running on hwthread 102 - Vector length 62500 Offset 6375000
Group: 0 Thread 103 Global Thread 103 running on hwthread 103 - Vector length 62500 Offset 6437500
Group: 0 Thread 104 Global Thread 104 running on hwthread 104 - Vector length 62500 Offset 6500000
Group: 0 Thread 105 Global Thread 105 running on hwthread 105 - Vector length 62500 Offset 6562500
Group: 0 Thread 106 Global Thread 106 running on hwthread 106 - Vector length 62500 Offset 6625000
Group: 0 Thread 107 Global Thread 107 running on hwthread 107 - Vector length 62500 Offset 6687500
Group: 0 Thread 108 Global Thread 108 running on hwthread 108 - Vector length 62500 Offset 6750000
Group: 0 Thread 109 Global Thread 109 running on hwthread 109 - Vector length 62500 Offset 6812500
Group: 0 Thread 110 Global Thread 110 running on hwthread 110 - Vector length 62500 Offset 6875000
Group: 0 Thread 111 Global Thread 111 running on hwthread 111 - Vector length 62500 Offset 6937500
Group: 0 Thread 112 Global Thread 112 running on hwthread 112 - Vector length 62500 Offset 7000000
Group: 0 Thread 113 Global Thread 113 running on hwthread 113 - Vector length 62500 Offset 7062500
Group: 0 Thread 114 Global Thread 114 running on hwthread 114 - Vector length 62500 Offset 7125000
Group: 0 Thread 115 Global Thread 115 running on hwthread 115 - Vector length 62500 Offset 7187500
Group: 0 Thread 116 Global Thread 116 running on hwthread 116 - Vector length 62500 Offset 7250000
Group: 0 Thread 117 Global Thread 117 running on hwthread 117 - Vector length 62500 Offset 7312500
Group: 0 Thread 118 Global Thread 118 running on hwthread 118 - Vector length 62500 Offset 7375000
Group: 0 Thread 119 Global Thread 119 running on hwthread 119 - Vector length 62500 Offset 7437500
Group: 0 Thread 120 Global Thread 120 running on hwthread 120 - Vector length 62500 Offset 7500000
Group: 0 Thread 121 Global Thread 121 running on hwthread 121 - Vector length 62500 Offset 7562500
Group: 0 Thread 122 Global Thread 122 running on hwthread 122 - Vector length 62500 Offset 7625000
Group: 0 Thread 123 Global Thread 123 running on hwthread 123 - Vector length 62500 Offset 7687500
Group: 0 Thread 124 Global Thread 124 running on hwthread 124 - Vector length 62500 Offset 7750000
Group: 0 Thread 125 Global Thread 125 running on hwthread 125 - Vector length 62500 Offset 7812500
Group: 0 Thread 126 Global Thread 126 running on hwthread 126 - Vector length 62500 Offset 7875000
Group: 0 Thread 127 Global Thread 127 running on hwthread 127 - Vector length 62500 Offset 7937500
Group: 0 Thread 128 Global Thread 128 running on hwthread 128 - Vector length 62500 Offset 8000000
Group: 0 Thread 129 Global Thread 129 running on hwthread 129 - Vector length 62500 Offset 8062500
Group: 0 Thread 130 Global Thread 130 running on hwthread 130 - Vector length 62500 Offset 8125000
Group: 0 Thread 131 Global Thread 131 running on hwthread 131 - Vector length 62500 Offset 8187500
Group: 0 Thread 132 Global Thread 132 running on hwthread 132 - Vector length 62500 Offset 8250000
Group: 0 Thread 133 Global Thread 133 running on hwthread 133 - Vector length 62500 Offset 8312500
Group: 0 Thread 134 Global Thread 134 running on hwthread 134 - Vector length 62500 Offset 8375000
Group: 0 Thread 135 Global Thread 135 running on hwthread 135 - Vector length 62500 Offset 8437500
Group: 0 Thread 136 Global Thread 136 running on hwthread 136 - Vector length 62500 Offset 8500000
Group: 0 Thread 137 Global Thread 137 running on hwthread 137 - Vector length 62500 Offset 8562500
Group: 0 Thread 138 Global Thread 138 running on hwthread 138 - Vector length 62500 Offset 8625000
Group: 0 Thread 139 Global Thread 139 running on hwthread 139 - Vector length 62500 Offset 8687500
Group: 0 Thread 140 Global Thread 140 running on hwthread 140 - Vector length 62500 Offset 8750000
Group: 0 Thread 141 Global Thread 141 running on hwthread 141 - Vector length 62500 Offset 8812500
Group: 0 Thread 142 Global Thread 142 running on hwthread 142 - Vector length 62500 Offset 8875000
Group: 0 Thread 143 Global Thread 143 running on hwthread 143 - Vector length 62500 Offset 8937500
Group: 0 Thread 144 Global Thread 144 running on hwthread 144 - Vector length 62500 Offset 9000000
Group: 0 Thread 145 Global Thread 145 running on hwthread 145 - Vector length 62500 Offset 9062500
Group: 0 Thread 146 Global Thread 146 running on hwthread 146 - Vector length 62500 Offset 9125000
Group: 0 Thread 147 Global Thread 147 running on hwthread 147 - Vector length 62500 Offset 9187500
Group: 0 Thread 148 Global Thread 148 running on hwthread 148 - Vector length 62500 Offset 9250000
Group: 0 Thread 149 Global Thread 149 running on hwthread 149 - Vector length 62500 Offset 9312500
Group: 0 Thread 150 Global Thread 150 running on hwthread 150 - Vector length 62500 Offset 9375000
Group: 0 Thread 151 Global Thread 151 running on hwthread 151 - Vector length 62500 Offset 9437500
Group: 0 Thread 152 Global Thread 152 running on hwthread 152 - Vector length 62500 Offset 9500000
Group: 0 Thread 153 Global Thread 153 running on hwthread 153 - Vector length 62500 Offset 9562500
Group: 0 Thread 154 Global Thread 154 running on hwthread 154 - Vector length 62500 Offset 9625000
Group: 0 Thread 155 Global Thread 155 running on hwthread 155 - Vector length 62500 Offset 9687500
Group: 0 Thread 156 Global Thread 156 running on hwthread 156 - Vector length 62500 Offset 9750000
Group: 0 Thread 157 Global Thread 157 running on hwthread 157 - Vector length 62500 Offset 9812500
Group: 0 Thread 158 Global Thread 158 running on hwthread 158 - Vector length 62500 Offset 9875000
Group: 0 Thread 159 Global Thread 159 running on hwthread 159 - Vector length 62500 Offset 9937500
Group: 0 Thread 160 Global Thread 160 running on hwthread 160 - Vector length 62500 Offset 10000000
Group: 0 Thread 161 Global Thread 161 running on hwthread 161 - Vector length 62500 Offset 10062500
Group: 0 Thread 162 Global Thread 162 running on hwthread 162 - Vector length 62500 Offset 10125000
Group: 0 Thread 163 Global Thread 163 running on hwthread 163 - Vector length 62500 Offset 10187500
Group: 0 Thread 164 Global Thread 164 running on hwthread 164 - Vector length 62500 Offset 10250000
Group: 0 Thread 165 Global Thread 165 running on hwthread 165 - Vector length 62500 Offset 10312500
Group: 0 Thread 166 Global Thread 166 running on hwthread 166 - Vector length 62500 Offset 10375000
Group: 0 Thread 167 Global Thread 167 running on hwthread 167 - Vector length 62500 Offset 10437500
Group: 0 Thread 168 Global Thread 168 running on hwthread 168 - Vector length 62500 Offset 10500000
Group: 0 Thread 169 Global Thread 169 running on hwthread 169 - Vector length 62500 Offset 10562500
Group: 0 Thread 170 Global Thread 170 running on hwthread 170 - Vector length 62500 Offset 10625000
Group: 0 Thread 171 Global Thread 171 running on hwthread 171 - Vector length 62500 Offset 10687500
Group: 0 Thread 172 Global Thread 172 running on hwthread 172 - Vector length 62500 Offset 10750000
Group: 0 Thread 173 Global Thread 173 running on hwthread 173 - Vector length 62500 Offset 10812500
Group: 0 Thread 174 Global Thread 174 running on hwthread 174 - Vector length 62500 Offset 10875000
Group: 0 Thread 175 Global Thread 175 running on hwthread 175 - Vector length 62500 Offset 10937500
Group: 0 Thread 176 Global Thread 176 running on hwthread 176 - Vector length 62500 Offset 11000000
Group: 0 Thread 177 Global Thread 177 running on hwthread 177 - Vector length 62500 Offset 11062500
Group: 0 Thread 178 Global Thread 178 running on hwthread 178 - Vector length 62500 Offset 11125000
Group: 0 Thread 179 Global Thread 179 running on hwthread 179 - Vector length 62500 Offset 11187500
Group: 0 Thread 180 Global Thread 180 running on hwthread 180 - Vector length 62500 Offset 11250000
Group: 0 Thread 181 Global Thread 181 running on hwthread 181 - Vector length 62500 Offset 11312500
Group: 0 Thread 182 Global Thread 182 running on hwthread 182 - Vector length 62500 Offset 11375000
Group: 0 Thread 183 Global Thread 183 running on hwthread 183 - Vector length 62500 Offset 11437500
Group: 0 Thread 184 Global Thread 184 running on hwthread 184 - Vector length 62500 Offset 11500000
Group: 0 Thread 185 Global Thread 185 running on hwthread 185 - Vector length 62500 Offset 11562500
Group: 0 Thread 186 Global Thread 186 running on hwthread 186 - Vector length 62500 Offset 11625000
Group: 0 Thread 187 Global Thread 187 running on hwthread 187 - Vector length 62500 Offset 11687500
Group: 0 Thread 188 Global Thread 188 running on hwthread 188 - Vector length 62500 Offset 11750000
Group: 0 Thread 189 Global Thread 189 running on hwthread 189 - Vector length 62500 Offset 11812500
Group: 0 Thread 190 Global Thread 190 running on hwthread 190 - Vector length 62500 Offset 11875000
Group: 0 Thread 191 Global Thread 191 running on hwthread 191 - Vector length 62500 Offset 11937500
--------------------------------------------------------------------------------
Cycles:			1231974720
CPU Clock:		2399981330
Cycle Clock:		2399981330
Time:			5.133268e-01 sec
Iterations:		960000
Iterations per thread:	5000
Inner loop executions:	62500
Size (Byte):		96000000
Size per thread:	500000
Number of Flops:	960000000000
MFlops/s:		1870153.70
Data volume (Byte):	480000000000
MByte/s:		935076.85
Cycles per update:	0.020533
Cycles per cacheline:	0.164263
Loads per update:	1
Stores per update:	0
Load bytes per element:	8
Store bytes per elem.:	0
Instructions:		1200000000032
UOPs:			1140000000000
--------------------------------------------------------------------------------
Writing Likwid Marker API results to file /tmp/likwid_812877.txt
--------------------------------------------------------------------------------
Region bench, Group 1: FLOPS_DP
+-------------------+------------+------------+------------+------------+------------+------------+------------+------------+------------+------------+-------------+-------------+-------------+-------------+-------------+-------------+-------------+-------------+-------------+-------------+-------------+-------------+-------------+-------------+-------------+-------------+-------------+-------------+-------------+-------------+-------------+-------------+-------------+-------------+-------------+-------------+-------------+-------------+-------------+-------------+-------------+-------------+-------------+-------------+-------------+-------------+-------------+-------------+-------------+-------------+-------------+-------------+-------------+-------------+-------------+-------------+-------------+-------------+-------------+-------------+-------------+-------------+-------------+-------------+-------------+-------------+-------------+-------------+-------------+-------------+-------------+-------------+-------------+-------------+-------------+-------------+-------------+-------------+-------------+-------------+-------------+-------------+-------------+-------------+-------------+-------------+-------------+-------------+-------------+-------------+-------------+-------------+-------------+-------------+-------------+-------------+-------------+-------------+-------------+-------------+--------------+--------------+--------------+--------------+--------------+--------------+--------------+--------------+--------------+--------------+--------------+--------------+--------------+--------------+--------------+--------------+--------------+--------------+--------------+--------------+--------------+--------------+--------------+--------------+--------------+--------------+--------------+--------------+--------------+--------------+--------------+--------------+--------------+--------------+--------------+--------------+--------------+--------------+--------------+--------------+--------------+--------------+--------------+--------------+--------------+--------------+--------------+--------------+--------------+--------------+--------------+--------------+--------------+--------------+--------------+--------------+--------------+--------------+--------------+--------------+--------------+--------------+--------------+--------------+--------------+--------------+--------------+--------------+--------------+--------------+--------------+--------------+--------------+--------------+--------------+--------------+--------------+--------------+--------------+--------------+--------------+--------------+--------------+--------------+--------------+--------------+--------------+--------------+--------------+--------------+--------------+--------------+
|    Region Info    | HWThread 0 | HWThread 1 | HWThread 2 | HWThread 3 | HWThread 4 | HWThread 5 | HWThread 6 | HWThread 7 | HWThread 8 | HWThread 9 | HWThread 10 | HWThread 11 | HWThread 12 | HWThread 13 | HWThread 14 | HWThread 15 | HWThread 16 | HWThread 17 | HWThread 18 | HWThread 19 | HWThread 20 | HWThread 21 | HWThread 22 | HWThread 23 | HWThread 24 | HWThread 25 | HWThread 26 | HWThread 27 | HWThread 28 | HWThread 29 | HWThread 30 | HWThread 31 | HWThread 32 | HWThread 33 | HWThread 34 | HWThread 35 | HWThread 36 | HWThread 37 | HWThread 38 | HWThread 39 | HWThread 40 | HWThread 41 | HWThread 42 | HWThread 43 | HWThread 44 | HWThread 45 | HWThread 46 | HWThread 47 | HWThread 48 | HWThread 49 | HWThread 50 | HWThread 51 | HWThread 52 | HWThread 53 | HWThread 54 | HWThread 55 | HWThread 56 | HWThread 57 | HWThread 58 | HWThread 59 | HWThread 60 | HWThread 61 | HWThread 62 | HWThread 63 | HWThread 64 | HWThread 65 | HWThread 66 | HWThread 67 | HWThread 68 | HWThread 69 | HWThread 70 | HWThread 71 | HWThread 72 | HWThread 73 | HWThread 74 | HWThread 75 | HWThread 76 | HWThread 77 | HWThread 78 | HWThread 79 | HWThread 80 | HWThread 81 | HWThread 82 | HWThread 83 | HWThread 84 | HWThread 85 | HWThread 86 | HWThread 87 | HWThread 88 | HWThread 89 | HWThread 90 | HWThread 91 | HWThread 92 | HWThread 93 | HWThread 94 | HWThread 95 | HWThread 96 | HWThread 97 | HWThread 98 | HWThread 99 | HWThread 100 | HWThread 101 | HWThread 102 | HWThread 103 | HWThread 104 | HWThread 105 | HWThread 106 | HWThread 107 | HWThread 108 | HWThread 109 | HWThread 110 | HWThread 111 | HWThread 112 | HWThread 113 | HWThread 114 | HWThread 115 | HWThread 116 | HWThread 117 | HWThread 118 | HWThread 119 | HWThread 120 | HWThread 121 | HWThread 122 | HWThread 123 | HWThread 124 | HWThread 125 | HWThread 126 | HWThread 127 | HWThread 128 | HWThread 129 | HWThread 130 | HWThread 131 | HWThread 132 | HWThread 133 | HWThread 134 | HWThread 135 | HWThread 136 | HWThread 137 | HWThread 138 | HWThread 139 | HWThread 140 | HWThread 141 | HWThread 142 | HWThread 143 | HWThread 144 | HWThread 145 | HWThread 146 | HWThread 147 | HWThread 148 | HWThread 149 | HWThread 150 | HWThread 151 | HWThread 152 | HWThread 153 | HWThread 154 | HWThread 155 | HWThread 156 | HWThread 157 | HWThread 158 | HWThread 159 | HWThread 160 | HWThread 161 | HWThread 162 | HWThread 163 | HWThread 164 | HWThread 165 | HWThread 166 | HWThread 167 | HWThread 168 | HWThread 169 | HWThread 170 | HWThread 171 | HWThread 172 | HWThread 173 | HWThread 174 | HWThread 175 | HWThread 176 | HWThread 177 | HWThread 178 | HWThread 179 | HWThread 180 | HWThread 181 | HWThread 182 | HWThread 183 | HWThread 184 | HWThread 185 | HWThread 186 | HWThread 187 | HWThread 188 | HWThread 189 | HWThread 190 | HWThread 191 |
+-------------------+------------+------------+------------+------------+------------+------------+------------+------------+------------+------------+-------------+-------------+-------------+-------------+-------------+-------------+-------------+-------------+-------------+-------------+-------------+-------------+-------------+-------------+-------------+-------------+-------------+-------------+-------------+-------------+-------------+-------------+-------------+-------------+-------------+-------------+-------------+-------------+-------------+-------------+-------------+-------------+-------------+-------------+-------------+-------------+-------------+-------------+-------------+-------------+-------------+-------------+-------------+-------------+-------------+-------------+-------------+-------------+-------------+-------------+-------------+-------------+-------------+-------------+-------------+-------------+-------------+-------------+-------------+-------------+-------------+-------------+-------------+-------------+-------------+-------------+-------------+-------------+-------------+-------------+-------------+-------------+-------------+-------------+-------------+-------------+-------------+-------------+-------------+-------------+-------------+-------------+-------------+-------------+-------------+-------------+-------------+-------------+-------------+-------------+--------------+--------------+--------------+--------------+--------------+--------------+--------------+--------------+--------------+--------------+--------------+--------------+--------------+--------------+--------------+--------------+--------------+--------------+--------------+--------------+--------------+--------------+--------------+--------------+--------------+--------------+--------------+--------------+--------------+--------------+--------------+--------------+--------------+--------------+--------------+--------------+--------------+--------------+--------------+--------------+--------------+--------------+--------------+--------------+--------------+--------------+--------------+--------------+--------------+--------------+--------------+--------------+--------------+--------------+--------------+--------------+--------------+--------------+--------------+--------------+--------------+--------------+--------------+--------------+--------------+--------------+--------------+--------------+--------------+--------------+--------------+--------------+--------------+--------------+--------------+--------------+--------------+--------------+--------------+--------------+--------------+--------------+--------------+--------------+--------------+--------------+--------------+--------------+--------------+--------------+--------------+--------------+
| RDTSC Runtime [s] |   0.513075 |   0.512992 |   0.512946 |   0.513005 |   0.512978 |   0.513004 |   0.513082 |   0.512997 |   0.512824 |   0.512840 |    0.512862 |    0.512818 |    0.512860 |    0.513060 |    0.512844 |    0.512832 |    0.512949 |    0.512947 |    0.512947 |    0.512955 |    0.512979 |    0.512975 |    0.512979 |    0.512975 |    0.512975 |    0.513081 |    0.512968 |    0.513048 |    0.512860 |    0.513077 |    0.513077 |    0.512973 |    0.512946 |    0.513071 |    0.513001 |    0.513059 |    0.512887 |    0.513082 |    0.512970 |    0.512976 |    0.512826 |    0.512855 |    0.513056 |    0.512838 |    0.512825 |    0.512843 |    0.513034 |    0.513059 |    0.512836 |    0.513038 |    0.513033 |    0.513045 |    0.512943 |    0.512951 |    0.513047 |    0.513019 |    0.512954 |    0.513054 |    0.512957 |    0.513060 |    0.513066 |    0.512973 |    0.513059 |    0.513062 |    0.512976 |    0.513067 |    0.513060 |    0.513057 |    0.513066 |    0.512956 |    0.512969 |    0.512969 |    0.512854 |    0.512836 |    0.512951 |    0.512867 |    0.513072 |    0.512845 |    0.512971 |    0.512966 |    0.512838 |    0.512875 |    0.513058 |    0.512835 |    0.512838 |    0.513052 |    0.512833 |    0.512836 |    0.513079 |    0.512968 |    0.512972 |    0.512949 |    0.512961 |    0.513069 |    0.513079 |    0.513076 |    0.513054 |    0.513015 |    0.512991 |    0.513054 |     0.513015 |     0.512976 |     0.513056 |     0.512994 |     0.513077 |     0.513273 |     0.513331 |     0.513305 |     0.513296 |     0.513281 |     0.513028 |     0.513304 |     0.512825 |     0.513077 |     0.513069 |     0.512841 |     0.513073 |     0.512827 |     0.512838 |     0.512820 |     0.512829 |     0.513068 |     0.512799 |     0.512833 |     0.512866 |     0.512840 |     0.512835 |     0.512829 |     0.513015 |     0.513038 |     0.512989 |     0.512989 |     0.513024 |     0.513023 |     0.512982 |     0.512988 |     0.512822 |     0.512826 |     0.512826 |     0.512826 |     0.512950 |     0.512826 |     0.512947 |     0.512822 |     0.512833 |     0.512806 |     0.512830 |     0.512869 |     0.512868 |     0.512868 |     0.512870 |     0.512865 |     0.513048 |     0.512859 |     0.512859 |     0.512832 |     0.512860 |     0.512874 |     0.512869 |     0.512868 |     0.512817 |     0.513064 |     0.512869 |     0.512817 |     0.512861 |     0.512875 |     0.512869 |     0.512872 |     0.512821 |     0.512818 |     0.512826 |     0.512815 |     0.512873 |     0.512826 |     0.512815 |     0.512820 |     0.512870 |     0.512828 |     0.512863 |     0.512858 |     0.512828 |     0.512846 |     0.512873 |     0.512823 |     0.512871 |     0.512864 |     0.512871 |     0.512824 |     0.512821 |     0.512820 |     0.512821 |     0.512864 |
|     call count    |          1 |          1 |          1 |          1 |          1 |          1 |          1 |          1 |          1 |          1 |           1 |           1 |           1 |           1 |           1 |           1 |           1 |           1 |           1 |           1 |           1 |           1 |           1 |           1 |           1 |           1 |           1 |           1 |           1 |           1 |           1 |           1 |           1 |           1 |           1 |           1 |           1 |           1 |           1 |           1 |           1 |           1 |           1 |           1 |           1 |           1 |           1 |           1 |           1 |           1 |           1 |           1 |           1 |           1 |           1 |           1 |           1 |           1 |           1 |           1 |           1 |           1 |           1 |           1 |           1 |           1 |           1 |           1 |           1 |           1 |           1 |           1 |           1 |           1 |           1 |           1 |           1 |           1 |           1 |           1 |           1 |           1 |           1 |           1 |           1 |           1 |           1 |           1 |           1 |           1 |           1 |           1 |           1 |           1 |           1 |           1 |           1 |           1 |           1 |           1 |            1 |            1 |            1 |            1 |            1 |            1 |            1 |            1 |            1 |            1 |            1 |            1 |            1 |            1 |            1 |            1 |            1 |            1 |            1 |            1 |            1 |            1 |            1 |            1 |            1 |            1 |            1 |            1 |            1 |            1 |            1 |            1 |            1 |            1 |            1 |            1 |            1 |            1 |            1 |            1 |            1 |            1 |            1 |            1 |            1 |            1 |            1 |            1 |            1 |            1 |            1 |            1 |            1 |            1 |            1 |            1 |            1 |            1 |            1 |            1 |            1 |            1 |            1 |            1 |            1 |            1 |            1 |            1 |            1 |            1 |            1 |            1 |            1 |            1 |            1 |            1 |            1 |            1 |            1 |            1 |            1 |            1 |            1 |            1 |            1 |            1 |            1 |            1 |            1 |            1 |            1 |            1 |
+-------------------+------------+------------+------------+------------+------------+------------+------------+------------+------------+------------+-------------+-------------+-------------+-------------+-------------+-------------+-------------+-------------+-------------+-------------+-------------+-------------+-------------+-------------+-------------+-------------+-------------+-------------+-------------+-------------+-------------+-------------+-------------+-------------+-------------+-------------+-------------+-------------+-------------+-------------+-------------+-------------+-------------+-------------+-------------+-------------+-------------+-------------+-------------+-------------+-------------+-------------+-------------+-------------+-------------+-------------+-------------+-------------+-------------+-------------+-------------+-------------+-------------+-------------+-------------+-------------+-------------+-------------+-------------+-------------+-------------+-------------+-------------+-------------+-------------+-------------+-------------+-------------+-------------+-------------+-------------+-------------+-------------+-------------+-------------+-------------+-------------+-------------+-------------+-------------+-------------+-------------+-------------+-------------+-------------+-------------+-------------+-------------+-------------+-------------+--------------+--------------+--------------+--------------+--------------+--------------+--------------+--------------+--------------+--------------+--------------+--------------+--------------+--------------+--------------+--------------+--------------+--------------+--------------+--------------+--------------+--------------+--------------+--------------+--------------+--------------+--------------+--------------+--------------+--------------+--------------+--------------+--------------+--------------+--------------+--------------+--------------+--------------+--------------+--------------+--------------+--------------+--------------+--------------+--------------+--------------+--------------+--------------+--------------+--------------+--------------+--------------+--------------+--------------+--------------+--------------+--------------+--------------+--------------+--------------+--------------+--------------+--------------+--------------+--------------+--------------+--------------+--------------+--------------+--------------+--------------+--------------+--------------+--------------+--------------+--------------+--------------+--------------+--------------+--------------+--------------+--------------+--------------+--------------+--------------+--------------+--------------+--------------+--------------+--------------+--------------+--------------+

+---------------------------+---------+------------+------------+------------+------------+------------+------------+------------+------------+------------+------------+-------------+-------------+-------------+-------------+-------------+-------------+-------------+-------------+-------------+-------------+-------------+-------------+-------------+-------------+-------------+-------------+-------------+-------------+-------------+-------------+-------------+-------------+-------------+-------------+-------------+-------------+-------------+-------------+-------------+-------------+-------------+-------------+-------------+-------------+-------------+-------------+-------------+-------------+-------------+-------------+-------------+-------------+-------------+-------------+-------------+-------------+-------------+-------------+-------------+-------------+-------------+-------------+-------------+-------------+-------------+-------------+-------------+-------------+-------------+-------------+-------------+-------------+-------------+-------------+-------------+-------------+-------------+-------------+-------------+-------------+-------------+-------------+-------------+-------------+-------------+-------------+-------------+-------------+-------------+-------------+-------------+-------------+-------------+-------------+-------------+-------------+-------------+-------------+-------------+-------------+--------------+--------------+--------------+--------------+--------------+--------------+--------------+--------------+--------------+--------------+--------------+--------------+--------------+--------------+--------------+--------------+--------------+--------------+--------------+--------------+--------------+--------------+--------------+--------------+--------------+--------------+--------------+--------------+--------------+--------------+--------------+--------------+--------------+--------------+--------------+--------------+--------------+--------------+--------------+--------------+--------------+--------------+--------------+--------------+--------------+--------------+--------------+--------------+--------------+--------------+--------------+--------------+--------------+--------------+--------------+--------------+--------------+--------------+--------------+--------------+--------------+--------------+--------------+--------------+--------------+--------------+--------------+--------------+--------------+--------------+--------------+--------------+--------------+--------------+--------------+--------------+--------------+--------------+--------------+--------------+--------------+--------------+--------------+--------------+--------------+--------------+--------------+--------------+--------------+--------------+--------------+--------------+
|           Event           | Counter | HWThread 0 | HWThread 1 | HWThread 2 | HWThread 3 | HWThread 4 | HWThread 5 | HWThread 6 | HWThread 7 | HWThread 8 | HWThread 9 | HWThread 10 | HWThread 11 | HWThread 12 | HWThread 13 | HWThread 14 | HWThread 15 | HWThread 16 | HWThread 17 | HWThread 18 | HWThread 19 | HWThread 20 | HWThread 21 | HWThread 22 | HWThread 23 | HWThread 24 | HWThread 25 | HWThread 26 | HWThread 27 | HWThread 28 | HWThread 29 | HWThread 30 | HWThread 31 | HWThread 32 | HWThread 33 | HWThread 34 | HWThread 35 | HWThread 36 | HWThread 37 | HWThread 38 | HWThread 39 | HWThread 40 | HWThread 41 | HWThread 42 | HWThread 43 | HWThread 44 | HWThread 45 | HWThread 46 | HWThread 47 | HWThread 48 | HWThread 49 | HWThread 50 | HWThread 51 | HWThread 52 | HWThread 53 | HWThread 54 | HWThread 55 | HWThread 56 | HWThread 57 | HWThread 58 | HWThread 59 | HWThread 60 | HWThread 61 | HWThread 62 | HWThread 63 | HWThread 64 | HWThread 65 | HWThread 66 | HWThread 67 | HWThread 68 | HWThread 69 | HWThread 70 | HWThread 71 | HWThread 72 | HWThread 73 | HWThread 74 | HWThread 75 | HWThread 76 | HWThread 77 | HWThread 78 | HWThread 79 | HWThread 80 | HWThread 81 | HWThread 82 | HWThread 83 | HWThread 84 | HWThread 85 | HWThread 86 | HWThread 87 | HWThread 88 | HWThread 89 | HWThread 90 | HWThread 91 | HWThread 92 | HWThread 93 | HWThread 94 | HWThread 95 | HWThread 96 | HWThread 97 | HWThread 98 | HWThread 99 | HWThread 100 | HWThread 101 | HWThread 102 | HWThread 103 | HWThread 104 | HWThread 105 | HWThread 106 | HWThread 107 | HWThread 108 | HWThread 109 | HWThread 110 | HWThread 111 | HWThread 112 | HWThread 113 | HWThread 114 | HWThread 115 | HWThread 116 | HWThread 117 | HWThread 118 | HWThread 119 | HWThread 120 | HWThread 121 | HWThread 122 | HWThread 123 | HWThread 124 | HWThread 125 | HWThread 126 | HWThread 127 | HWThread 128 | HWThread 129 | HWThread 130 | HWThread 131 | HWThread 132 | HWThread 133 | HWThread 134 | HWThread 135 | HWThread 136 | HWThread 137 | HWThread 138 | HWThread 139 | HWThread 140 | HWThread 141 | HWThread 142 | HWThread 143 | HWThread 144 | HWThread 145 | HWThread 146 | HWThread 147 | HWThread 148 | HWThread 149 | HWThread 150 | HWThread 151 | HWThread 152 | HWThread 153 | HWThread 154 | HWThread 155 | HWThread 156 | HWThread 157 | HWThread 158 | HWThread 159 | HWThread 160 | HWThread 161 | HWThread 162 | HWThread 163 | HWThread 164 | HWThread 165 | HWThread 166 | HWThread 167 | HWThread 168 | HWThread 169 | HWThread 170 | HWThread 171 | HWThread 172 | HWThread 173 | HWThread 174 | HWThread 175 | HWThread 176 | HWThread 177 | HWThread 178 | HWThread 179 | HWThread 180 | HWThread 181 | HWThread 182 | HWThread 183 | HWThread 184 | HWThread 185 | HWThread 186 | HWThread 187 | HWThread 188 | HWThread 189 | HWThread 190 | HWThread 191 |
+---------------------------+---------+------------+------------+------------+------------+------------+------------+------------+------------+------------+------------+-------------+-------------+-------------+-------------+-------------+-------------+-------------+-------------+-------------+-------------+-------------+-------------+-------------+-------------+-------------+-------------+-------------+-------------+-------------+-------------+-------------+-------------+-------------+-------------+-------------+-------------+-------------+-------------+-------------+-------------+-------------+-------------+-------------+-------------+-------------+-------------+-------------+-------------+-------------+-------------+-------------+-------------+-------------+-------------+-------------+-------------+-------------+-------------+-------------+-------------+-------------+-------------+-------------+-------------+-------------+-------------+-------------+-------------+-------------+-------------+-------------+-------------+-------------+-------------+-------------+-------------+-------------+-------------+-------------+-------------+-------------+-------------+-------------+-------------+-------------+-------------+-------------+-------------+-------------+-------------+-------------+-------------+-------------+-------------+-------------+-------------+-------------+-------------+-------------+-------------+--------------+--------------+--------------+--------------+--------------+--------------+--------------+--------------+--------------+--------------+--------------+--------------+--------------+--------------+--------------+--------------+--------------+--------------+--------------+--------------+--------------+--------------+--------------+--------------+--------------+--------------+--------------+--------------+--------------+--------------+--------------+--------------+--------------+--------------+--------------+--------------+--------------+--------------+--------------+--------------+--------------+--------------+--------------+--------------+--------------+--------------+--------------+--------------+--------------+--------------+--------------+--------------+--------------+--------------+--------------+--------------+--------------+--------------+--------------+--------------+--------------+--------------+--------------+--------------+--------------+--------------+--------------+--------------+--------------+--------------+--------------+--------------+--------------+--------------+--------------+--------------+--------------+--------------+--------------+--------------+--------------+--------------+--------------+--------------+--------------+--------------+--------------+--------------+--------------+--------------+--------------+--------------+
|      ACTUAL_CPU_CLOCK     |  FIXC1  | 1904335000 | 1904426000 | 1904781000 | 1904275000 | 1904687000 | 1905146000 | 1904031000 | 1905510000 | 1903803000 | 1904054000 |  1903471000 |  1903779000 |  1903559000 |  1904580000 |  1904027000 |  1903235000 |  1904426000 |  1904561000 |  1904494000 |  1904754000 |  1904675000 |  1904792000 |  1904529000 |  1904684000 |  1904141000 |  1904890000 |  1904242000 |  1903952000 |  1903334000 |  1904006000 |  1904458000 |  1904239000 |  1904629000 |  1904652000 |  1904990000 |  1904613000 |  1904536000 |  1904880000 |  1904592000 |  1904794000 |  1902842000 |  1902858000 |  1903550000 |  1903008000 |  1903361000 |  1902883000 |  1903703000 |  1903788000 |  1903764000 |  1903807000 |  1903767000 |  1903842000 |  1904080000 |  1904036000 |  1903942000 |  1903824000 |  1903860000 |  1903544000 |  1904061000 |  1904009000 |  1903683000 |  1903891000 |  1903579000 |  1903778000 |  1904150000 |  1904010000 |  1904040000 |  1903981000 |  1903988000 |  1904096000 |  1904097000 |  1904577000 |  1902801000 |  1902639000 |  1903754000 |  1902810000 |  1903677000 |  1902660000 |  1903770000 |  1903771000 |  1902520000 |  1902656000 |  1903560000 |  1902504000 |  1902848000 |  1903690000 |  1902519000 |  1902498000 |  1904855000 |  1904674000 |  1904567000 |  1904878000 |  1904567000 |  1904613000 |  1904916000 |  1904515000 |  1905111000 |  1905047000 |  1906096000 |  1905067000 |   1905955000 |   1906032000 |   1905141000 |   1904995000 |   1906270000 |   1905102000 |   1906186000 |   1905341000 |   1905056000 |   1906277000 |   1906160000 |   1905366000 |   1904336000 |   1905727000 |   1905807000 |   1904912000 |   1905853000 |   1905206000 |   1904806000 |   1905283000 |   1903575000 |   1905756000 |   1903565000 |   1905289000 |   1904206000 |   1904113000 |   1904685000 |   1904629000 |   1906132000 |   1906162000 |   1906046000 |   1905999000 |   1905162000 |   1905151000 |   1905071000 |   1905900000 |   1904177000 |   1904210000 |   1904002000 |   1904279000 |   1904885000 |   1904180000 |   1904884000 |   1904100000 |   1905226000 |   1903967000 |   1904604000 |   1903968000 |   1903999000 |   1903880000 |   1904907000 |   1903981000 |   1904678000 |   1903932000 |   1903936000 |   1903707000 |   1904413000 |   1904123000 |   1904893000 |   1903999000 |   1904155000 |   1904504000 |   1903995000 |   1904049000 |   1904831000 |   1905015000 |   1904951000 |   1903999000 |   1905033000 |   1903944000 |   1903389000 |   1905062000 |   1905038000 |   1904624000 |   1904310000 |   1904119000 |   1903858000 |   1903670000 |   1904954000 |   1904910000 |   1904618000 |   1904054000 |   1903857000 |   1905131000 |   1904018000 |   1903817000 |   1905023000 |   1905202000 |   1903980000 |   1904263000 |   1905169000 |   1903711000 |
|       MAX_CPU_CLOCK       |  FIXC2  | 1235735000 | 1235724000 | 1235994000 | 1235722000 | 1235312000 | 1235639000 | 1235599000 | 1236186000 | 1234861000 | 1234733000 |  1235167000 |  1234873000 |  1235172000 |  1235275000 |  1234634000 |  1234950000 |  1235644000 |  1235648000 |  1235639000 |  1235431000 |  1235360000 |  1235451000 |  1235711000 |  1235336000 |  1235677000 |  1235488000 |  1235686000 |  1235535000 |  1235196000 |  1235584000 |  1235634000 |  1235695000 |  1235348000 |  1235375000 |  1235562000 |  1235299000 |  1235206000 |  1235500000 |  1235714000 |  1235457000 |  1234928000 |  1235023000 |  1235400000 |  1235123000 |  1234926000 |  1235104000 |  1235488000 |  1235514000 |  1235087000 |  1235520000 |  1235500000 |  1235513000 |  1235610000 |  1235624000 |  1235543000 |  1235512000 |  1235590000 |  1235434000 |  1235608000 |  1235567000 |  1235469000 |  1235585000 |  1235441000 |  1235510000 |  1235678000 |  1235586000 |  1235567000 |  1235542000 |  1235543000 |  1235644000 |  1235643000 |  1235703000 |  1234421000 |  1234353000 |  1234871000 |  1235008000 |  1234873000 |  1234218000 |  1234793000 |  1234904000 |  1234245000 |  1234385000 |  1234872000 |  1234246000 |  1235063000 |  1235508000 |  1234195000 |  1234166000 |  1235460000 |  1235370000 |  1235710000 |  1235473000 |  1235699000 |  1235306000 |  1235511000 |  1235234000 |  1235785000 |  1235680000 |  1236152000 |  1235742000 |   1236665000 |   1236150000 |   1235771000 |   1235537000 |   1236361000 |   1236271000 |   1237189000 |   1236190000 |   1236034000 |   1236724000 |   1236735000 |   1236219000 |   1234854000 |   1236441000 |   1236024000 |   1235573000 |   1236036000 |   1235844000 |   1235992000 |   1235369000 |   1234823000 |   1235996000 |   1234825000 |   1235402000 |   1235060000 |   1234735000 |   1235405000 |   1235374000 |   1236304000 |   1235958000 |   1236148000 |   1236125000 |   1235741000 |   1235766000 |   1235584000 |   1236527000 |   1234710000 |   1234734000 |   1234635000 |   1234793000 |   1235483000 |   1234718000 |   1235484000 |   1234711000 |   1235378000 |   1234616000 |   1235822000 |   1235087000 |   1235106000 |   1235036000 |   1235151000 |   1235066000 |   1235384000 |   1235008000 |   1235059000 |   1234818000 |   1235703000 |   1234681000 |   1235631000 |   1235098000 |   1234712000 |   1235298000 |   1235086000 |   1234651000 |   1236040000 |   1235226000 |   1235667000 |   1234614000 |   1235696000 |   1234624000 |   1234630000 |   1235256000 |   1235234000 |   1235353000 |   1234699000 |   1234678000 |   1234581000 |   1234798000 |   1235634000 |   1235591000 |   1235354000 |   1234669000 |   1235040000 |   1235752000 |   1234643000 |   1234996000 |   1235237000 |   1235330000 |   1234600000 |   1234778000 |   1235309000 |   1234913000 |
|    RETIRED_INSTRUCTIONS   |   PMC0  | 6251720000 | 6252256000 | 6252210000 | 6251333000 | 6251474000 | 6251508000 | 6251504000 | 6251469000 | 6251343000 | 6251368000 |  6251329000 |  6251257000 |  6251384000 |  6251516000 |  6251716000 |  6252112000 |  6251426000 |  6251424000 |  6252172000 |  6251428000 |  6251462000 |  6251565000 |  6252120000 |  6251774000 |  6251517000 |  6251621000 |  6251412000 |  6251423000 |  6251506000 |  6251601000 |  6251787000 |  6251746000 |  6251414000 |  6252162000 |  6251469000 |  6251078000 |  6251474000 |  6252232000 |  6251255000 |  6251646000 |  6251114000 |  6251534000 |  6251684000 |  6251259000 |  6252240000 |  6251600000 |  6251989000 |  6251719000 |  6252093000 |  6251583000 |  6251571000 |  6251315000 |  6251539000 |  6251509000 |  6250981000 |  6251564000 |  6251472000 |  6252258000 |  6252074000 |  6251381000 |  6251481000 |  6252205000 |  6251486000 |  6251582000 |  6251485000 |  6251926000 |  6251759000 |  6251953000 |  6251680000 |  6251817000 |  6251977000 |  6251624000 |  6251452000 |  6251625000 |  6251457000 |  6251306000 |  6252248000 |  6252118000 |  6251277000 |  6251463000 |  6251392000 |  6251426000 |  6252241000 |  6251184000 |  6252141000 |  6251541000 |  6251233000 |  6252157000 |  6251548000 |  6251482000 |  6251489000 |  6251549000 |  6251488000 |  6251789000 |  6251381000 |  6251560000 |  6251541000 |  6251373000 |  6250658000 |  6250571000 |   6251042000 |   6251267000 |   6250784000 |   6251072000 |   6250796000 |   6250878000 |   6251140000 |   6251556000 |   6251020000 |   6250999000 |   6250711000 |   6251198000 |   6250648000 |   6250867000 |   6250782000 |   6251279000 |   6250816000 |   6251363000 |   6250320000 |   6250769000 |   6250679000 |   6250822000 |   6251286000 |   6250306000 |   6250758000 |   6250673000 |   6250744000 |   6250663000 |   6251439000 |   6250767000 |   6251459000 |   6250381000 |   6250849000 |   6250817000 |   6250582000 |   6250787000 |   6251402000 |   6251107000 |   6250676000 |   6250357000 |   6251523000 |   6250620000 |   6250773000 |   6250644000 |   6250607000 |   6250793000 |   6250579000 |   6250305000 |   6250678000 |   6250969000 |   6250585000 |   6250706000 |   6250762000 |   6251442000 |   6250637000 |   6250490000 |   6250687000 |   6250982000 |   6250966000 |   6250768000 |   6250684000 |   6250981000 |   6250667000 |   6250448000 |   6250702000 |   6250825000 |   6250663000 |   6250687000 |   6251231000 |   6250569000 |   6250562000 |   6250679000 |   6250609000 |   6250530000 |   6250245000 |   6251186000 |   6251526000 |   6250672000 |   6250682000 |   6250829000 |   6251433000 |   6250730000 |   6250996000 |   6250673000 |   6250702000 |   6250680000 |   6250689000 |   6250321000 |   6250678000 |   6250663000 |   6250492000 |   6251453000 |
|    CPU_CLOCKS_UNHALTED    |   PMC1  | 1886642000 | 1888162000 | 1888020000 | 1888341000 | 1888148000 | 1888279000 | 1888527000 | 1888282000 | 1887400000 | 1887464000 |  1887582000 |  1887406000 |  1887580000 |  1888346000 |  1887452000 |  1887492000 |  1887837000 |  1887972000 |  1887856000 |  1888019000 |  1888004000 |  1888170000 |  1888212000 |  1888021000 |  1888439000 |  1888884000 |  1888279000 |  1888640000 |  1888045000 |  1888865000 |  1888889000 |  1888389000 |  1887774000 |  1888092000 |  1887901000 |  1888169000 |  1887671000 |  1888357000 |  1887897000 |  1888009000 |  1885735000 |  1888637000 |  1889258000 |  1888495000 |  1888504000 |  1888630000 |  1889261000 |  1889384000 |  1887940000 |  1888608000 |  1888709000 |  1888848000 |  1888274000 |  1888359000 |  1888671000 |  1888680000 |  1888122000 |  1888534000 |  1888172000 |  1888635000 |  1888591000 |  1888292000 |  1888474000 |  1888652000 |  1888780000 |  1889167000 |  1889034000 |  1889115000 |  1889101000 |  1888728000 |  1888657000 |  1888777000 |  1887740000 |  1887807000 |  1888110000 |  1887912000 |  1888584000 |  1887767000 |  1888199000 |  1888045000 |  1887699000 |  1887898000 |  1888545000 |  1887717000 |  1887699000 |  1888611000 |  1887649000 |  1887800000 |  1888599000 |  1888147000 |  1888156000 |  1888117000 |  1888187000 |  1888693000 |  1888614000 |  1888652000 |  1885331000 |  1885120000 |  1885028000 |  1885435000 |   1885287000 |   1885109000 |   1885134000 |   1885202000 |   1885666000 |   1885708000 |   1886592000 |   1886591000 |   1886452000 |   1886412000 |   1885547000 |   1886465000 |   1884841000 |   1885754000 |   1885630000 |   1884885000 |   1885761000 |   1885060000 |   1884894000 |   1884863000 |   1884407000 |   1885374000 |   1884296000 |   1884608000 |   1884645000 |   1884549000 |   1884594000 |   1884487000 |   1885064000 |   1885155000 |   1885087000 |   1884983000 |   1885167000 |   1885265000 |   1884956000 |   1885070000 |   1884625000 |   1884605000 |   1884601000 |   1884675000 |   1885070000 |   1884620000 |   1884983000 |   1884545000 |   1884669000 |   1884579000 |   1884610000 |   1884751000 |   1884645000 |   1884482000 |   1884692000 |   1884751000 |   1885371000 |   1884664000 |   1884745000 |   1884651000 |   1884727000 |   1884784000 |   1884684000 |   1884721000 |   1884504000 |   1885277000 |   1884647000 |   1884662000 |   1884792000 |   1884748000 |   1884785000 |   1884754000 |   1884361000 |   1884271000 |   1884189000 |   1884268000 |   1884492000 |   1884303000 |   1884209000 |   1884161000 |   1884794000 |   1884645000 |   1884800000 |   1884905000 |   1884615000 |   1884733000 |   1884838000 |   1884702000 |   1884781000 |   1884789000 |   1884801000 |   1884655000 |   1884617000 |   1884604000 |   1884505000 |   1884616000 |
| RETIRED_SSE_AVX_FLOPS_ALL |   PMC2  | 5000000000 | 5000000000 | 5000000000 | 5000000000 | 5000000000 | 5000000000 | 5000000000 | 5000000000 | 5000000000 | 5000000000 |  5000000000 |  5000000000 |  5000000000 |  5000000000 |  5000000000 |  5000000000 |  5000000000 |  5000000000 |  5000000000 |  5000000000 |  5000000000 |  5000000000 |  5000000000 |  5000000000 |  5000000000 |  5000000000 |  5000000000 |  5000000000 |  5000000000 |  5000000000 |  5000000000 |  5000000000 |  5000000000 |  5000000000 |  5000000000 |  5000000000 |  5000000000 |  5000000000 |  5000000000 |  5000000000 |  5000000000 |  5000000000 |  5000000000 |  5000000000 |  5000000000 |  5000000000 |  5000000000 |  5000000000 |  5000000000 |  5000000000 |  5000000000 |  5000000000 |  5000000000 |  5000000000 |  5000000000 |  5000000000 |  5000000000 |  5000000000 |  5000000000 |  5000000000 |  5000000000 |  5000000000 |  5000000000 |  5000000000 |  5000000000 |  5000000000 |  5000000000 |  5000000000 |  5000000000 |  5000000000 |  5000000000 |  5000000000 |  5000000000 |  5000000000 |  5000000000 |  5000000000 |  5000000000 |  5000000000 |  5000000000 |  5000000000 |  5000000000 |  5000000000 |  5000000000 |  5000000000 |  5000000000 |  5000000000 |  5000000000 |  5000000000 |  5000000000 |  5000000000 |  5000000000 |  5000000000 |  5000000000 |  5000000000 |  5000000000 |  5000000000 |  5000000000 |  5000000000 |  5000000000 |  5000000000 |   5000000000 |   5000000000 |   5000000000 |   5000000000 |   5000000000 |   5000000000 |   5000000000 |   5000000000 |   5000000000 |   5000000000 |   5000000000 |   5000000000 |   5000000000 |   5000000000 |   5000000000 |   5000000000 |   5000000000 |   5000000000 |   5000000000 |   5000000000 |   5000000000 |   5000000000 |   5000000000 |   5000000000 |   5000000000 |   5000000000 |   5000000000 |   5000000000 |   5000000000 |   5000000000 |   5000000000 |   5000000000 |   5000000000 |   5000000000 |   5000000000 |   5000000000 |   5000000000 |   5000000000 |   5000000000 |   5000000000 |   5000000000 |   5000000000 |   5000000000 |   5000000000 |   5000000000 |   5000000000 |   5000000000 |   5000000000 |   5000000000 |   5000000000 |   5000000000 |   5000000000 |   5000000000 |   5000000000 |   5000000000 |   5000000000 |   5000000000 |   5000000000 |   5000000000 |   5000000000 |   5000000000 |   5000000000 |   5000000000 |   5000000000 |   5000000000 |   5000000000 |   5000000000 |   5000000000 |   5000000000 |   5000000000 |   5000000000 |   5000000000 |   5000000000 |   5000000000 |   5000000000 |   5000000000 |   5000000000 |   5000000000 |   5000000000 |   5000000000 |   5000000000 |   5000000000 |   5000000000 |   5000000000 |   5000000000 |   5000000000 |   5000000000 |   5000000000 |   5000000000 |   5000000000 |   5000000000 |   5000000000 |
|           MERGE           |   PMC3  |          0 |          0 |          0 |          0 |          0 |          0 |          0 |          0 |          0 |          0 |           0 |           0 |           0 |           0 |           0 |           0 |           0 |           0 |           0 |           0 |           0 |           0 |           0 |           0 |           0 |           0 |           0 |           0 |           0 |           0 |           0 |           0 |           0 |           0 |           0 |           0 |           0 |           0 |           0 |           0 |           0 |           0 |           0 |           0 |           0 |           0 |           0 |           0 |           0 |           0 |           0 |           0 |           0 |           0 |           0 |           0 |           0 |           0 |           0 |           0 |           0 |           0 |           0 |           0 |           0 |           0 |           0 |           0 |           0 |           0 |           0 |           0 |           0 |           0 |           0 |           0 |           0 |           0 |           0 |           0 |           0 |           0 |           0 |           0 |           0 |           0 |           0 |           0 |           0 |           0 |           0 |           0 |           0 |           0 |           0 |           0 |           0 |           0 |           0 |           0 |            0 |            0 |            0 |            0 |            0 |            0 |            0 |            0 |            0 |            0 |            0 |            0 |            0 |            0 |            0 |            0 |            0 |            0 |            0 |            0 |            0 |            0 |            0 |            0 |            0 |            0 |            0 |            0 |            0 |            0 |            0 |            0 |            0 |            0 |            0 |            0 |            0 |            0 |            0 |            0 |            0 |            0 |            0 |            0 |            0 |            0 |            0 |            0 |            0 |            0 |            0 |            0 |            0 |            0 |            0 |            0 |            0 |            0 |            0 |            0 |            0 |            0 |            0 |            0 |            0 |            0 |            0 |            0 |            0 |            0 |            0 |            0 |            0 |            0 |            0 |            0 |            0 |            0 |            0 |            0 |            0 |            0 |            0 |            0 |            0 |            0 |            0 |            0 |            0 |            0 |            0 |            0 |
+---------------------------+---------+------------+------------+------------+------------+------------+------------+------------+------------+------------+------------+-------------+-------------+-------------+-------------+-------------+-------------+-------------+-------------+-------------+-------------+-------------+-------------+-------------+-------------+-------------+-------------+-------------+-------------+-------------+-------------+-------------+-------------+-------------+-------------+-------------+-------------+-------------+-------------+-------------+-------------+-------------+-------------+-------------+-------------+-------------+-------------+-------------+-------------+-------------+-------------+-------------+-------------+-------------+-------------+-------------+-------------+-------------+-------------+-------------+-------------+-------------+-------------+-------------+-------------+-------------+-------------+-------------+-------------+-------------+-------------+-------------+-------------+-------------+-------------+-------------+-------------+-------------+-------------+-------------+-------------+-------------+-------------+-------------+-------------+-------------+-------------+-------------+-------------+-------------+-------------+-------------+-------------+-------------+-------------+-------------+-------------+-------------+-------------+-------------+-------------+--------------+--------------+--------------+--------------+--------------+--------------+--------------+--------------+--------------+--------------+--------------+--------------+--------------+--------------+--------------+--------------+--------------+--------------+--------------+--------------+--------------+--------------+--------------+--------------+--------------+--------------+--------------+--------------+--------------+--------------+--------------+--------------+--------------+--------------+--------------+--------------+--------------+--------------+--------------+--------------+--------------+--------------+--------------+--------------+--------------+--------------+--------------+--------------+--------------+--------------+--------------+--------------+--------------+--------------+--------------+--------------+--------------+--------------+--------------+--------------+--------------+--------------+--------------+--------------+--------------+--------------+--------------+--------------+--------------+--------------+--------------+--------------+--------------+--------------+--------------+--------------+--------------+--------------+--------------+--------------+--------------+--------------+--------------+--------------+--------------+--------------+--------------+--------------+--------------+--------------+--------------+--------------+

+--------------------------------+---------+---------------+------------+------------+--------------+
|              Event             | Counter |      Sum      |     Min    |     Max    |      Avg     |
+--------------------------------+---------+---------------+------------+------------+--------------+
|      ACTUAL_CPU_CLOCK STAT     |  FIXC1  |  365638979000 | 1902498000 | 1906277000 | 1.904370e+09 |
|       MAX_CPU_CLOCK STAT       |  FIXC2  |  237189873000 | 1234166000 | 1237189000 | 1.235364e+09 |
|    RETIRED_INSTRUCTIONS STAT   |   PMC0  | 1200236221000 | 6250245000 | 6252258000 | 6.251230e+09 |
|    CPU_CLOCKS_UNHALTED STAT    |   PMC1  |  362222832000 | 1884161000 | 1889384000 |   1886577250 |
| RETIRED_SSE_AVX_FLOPS_ALL STAT |   PMC2  |  960000000000 | 5000000000 | 5000000000 |   5000000000 |
|           MERGE STAT           |   PMC3  |             0 |          0 |          0 |            0 |
+--------------------------------+---------+---------------+------------+------------+--------------+

+----------------------+------------+------------+------------+------------+------------+------------+------------+------------+------------+------------+-------------+-------------+-------------+-------------+-------------+-------------+-------------+-------------+-------------+-------------+-------------+-------------+-------------+-------------+-------------+-------------+-------------+-------------+-------------+-------------+-------------+-------------+-------------+-------------+-------------+-------------+-------------+-------------+-------------+-------------+-------------+-------------+-------------+-------------+-------------+-------------+-------------+-------------+-------------+-------------+-------------+-------------+-------------+-------------+-------------+-------------+-------------+-------------+-------------+-------------+-------------+-------------+-------------+-------------+-------------+-------------+-------------+-------------+-------------+-------------+-------------+-------------+-------------+-------------+-------------+-------------+-------------+-------------+-------------+-------------+-------------+-------------+-------------+-------------+-------------+-------------+-------------+-------------+-------------+-------------+-------------+-------------+-------------+-------------+-------------+-------------+-------------+-------------+-------------+-------------+--------------+--------------+--------------+--------------+--------------+--------------+--------------+--------------+--------------+--------------+--------------+--------------+--------------+--------------+--------------+--------------+--------------+--------------+--------------+--------------+--------------+--------------+--------------+--------------+--------------+--------------+--------------+--------------+--------------+--------------+--------------+--------------+--------------+--------------+--------------+--------------+--------------+--------------+--------------+--------------+--------------+--------------+--------------+--------------+--------------+--------------+--------------+--------------+--------------+--------------+--------------+--------------+--------------+--------------+--------------+--------------+--------------+--------------+--------------+--------------+--------------+--------------+--------------+--------------+--------------+--------------+--------------+--------------+--------------+--------------+--------------+--------------+--------------+--------------+--------------+--------------+--------------+--------------+--------------+--------------+--------------+--------------+--------------+--------------+--------------+--------------+--------------+--------------+--------------+--------------+--------------+--------------+
|        Metric        | HWThread 0 | HWThread 1 | HWThread 2 | HWThread 3 | HWThread 4 | HWThread 5 | HWThread 6 | HWThread 7 | HWThread 8 | HWThread 9 | HWThread 10 | HWThread 11 | HWThread 12 | HWThread 13 | HWThread 14 | HWThread 15 | HWThread 16 | HWThread 17 | HWThread 18 | HWThread 19 | HWThread 20 | HWThread 21 | HWThread 22 | HWThread 23 | HWThread 24 | HWThread 25 | HWThread 26 | HWThread 27 | HWThread 28 | HWThread 29 | HWThread 30 | HWThread 31 | HWThread 32 | HWThread 33 | HWThread 34 | HWThread 35 | HWThread 36 | HWThread 37 | HWThread 38 | HWThread 39 | HWThread 40 | HWThread 41 | HWThread 42 | HWThread 43 | HWThread 44 | HWThread 45 | HWThread 46 | HWThread 47 | HWThread 48 | HWThread 49 | HWThread 50 | HWThread 51 | HWThread 52 | HWThread 53 | HWThread 54 | HWThread 55 | HWThread 56 | HWThread 57 | HWThread 58 | HWThread 59 | HWThread 60 | HWThread 61 | HWThread 62 | HWThread 63 | HWThread 64 | HWThread 65 | HWThread 66 | HWThread 67 | HWThread 68 | HWThread 69 | HWThread 70 | HWThread 71 | HWThread 72 | HWThread 73 | HWThread 74 | HWThread 75 | HWThread 76 | HWThread 77 | HWThread 78 | HWThread 79 | HWThread 80 | HWThread 81 | HWThread 82 | HWThread 83 | HWThread 84 | HWThread 85 | HWThread 86 | HWThread 87 | HWThread 88 | HWThread 89 | HWThread 90 | HWThread 91 | HWThread 92 | HWThread 93 | HWThread 94 | HWThread 95 | HWThread 96 | HWThread 97 | HWThread 98 | HWThread 99 | HWThread 100 | HWThread 101 | HWThread 102 | HWThread 103 | HWThread 104 | HWThread 105 | HWThread 106 | HWThread 107 | HWThread 108 | HWThread 109 | HWThread 110 | HWThread 111 | HWThread 112 | HWThread 113 | HWThread 114 | HWThread 115 | HWThread 116 | HWThread 117 | HWThread 118 | HWThread 119 | HWThread 120 | HWThread 121 | HWThread 122 | HWThread 123 | HWThread 124 | HWThread 125 | HWThread 126 | HWThread 127 | HWThread 128 | HWThread 129 | HWThread 130 | HWThread 131 | HWThread 132 | HWThread 133 | HWThread 134 | HWThread 135 | HWThread 136 | HWThread 137 | HWThread 138 | HWThread 139 | HWThread 140 | HWThread 141 | HWThread 142 | HWThread 143 | HWThread 144 | HWThread 145 | HWThread 146 | HWThread 147 | HWThread 148 | HWThread 149 | HWThread 150 | HWThread 151 | HWThread 152 | HWThread 153 | HWThread 154 | HWThread 155 | HWThread 156 | HWThread 157 | HWThread 158 | HWThread 159 | HWThread 160 | HWThread 161 | HWThread 162 | HWThread 163 | HWThread 164 | HWThread 165 | HWThread 166 | HWThread 167 | HWThread 168 | HWThread 169 | HWThread 170 | HWThread 171 | HWThread 172 | HWThread 173 | HWThread 174 | HWThread 175 | HWThread 176 | HWThread 177 | HWThread 178 | HWThread 179 | HWThread 180 | HWThread 181 | HWThread 182 | HWThread 183 | HWThread 184 | HWThread 185 | HWThread 186 | HWThread 187 | HWThread 188 | HWThread 189 | HWThread 190 | HWThread 191 |
+----------------------+------------+------------+------------+------------+------------+------------+------------+------------+------------+------------+-------------+-------------+-------------+-------------+-------------+-------------+-------------+-------------+-------------+-------------+-------------+-------------+-------------+-------------+-------------+-------------+-------------+-------------+-------------+-------------+-------------+-------------+-------------+-------------+-------------+-------------+-------------+-------------+-------------+-------------+-------------+-------------+-------------+-------------+-------------+-------------+-------------+-------------+-------------+-------------+-------------+-------------+-------------+-------------+-------------+-------------+-------------+-------------+-------------+-------------+-------------+-------------+-------------+-------------+-------------+-------------+-------------+-------------+-------------+-------------+-------------+-------------+-------------+-------------+-------------+-------------+-------------+-------------+-------------+-------------+-------------+-------------+-------------+-------------+-------------+-------------+-------------+-------------+-------------+-------------+-------------+-------------+-------------+-------------+-------------+-------------+-------------+-------------+-------------+-------------+--------------+--------------+--------------+--------------+--------------+--------------+--------------+--------------+--------------+--------------+--------------+--------------+--------------+--------------+--------------+--------------+--------------+--------------+--------------+--------------+--------------+--------------+--------------+--------------+--------------+--------------+--------------+--------------+--------------+--------------+--------------+--------------+--------------+--------------+--------------+--------------+--------------+--------------+--------------+--------------+--------------+--------------+--------------+--------------+--------------+--------------+--------------+--------------+--------------+--------------+--------------+--------------+--------------+--------------+--------------+--------------+--------------+--------------+--------------+--------------+--------------+--------------+--------------+--------------+--------------+--------------+--------------+--------------+--------------+--------------+--------------+--------------+--------------+--------------+--------------+--------------+--------------+--------------+--------------+--------------+--------------+--------------+--------------+--------------+--------------+--------------+--------------+--------------+--------------+--------------+--------------+--------------+
|  Runtime (RDTSC) [s] |     0.5131 |     0.5130 |     0.5129 |     0.5130 |     0.5130 |     0.5130 |     0.5131 |     0.5130 |     0.5128 |     0.5128 |      0.5129 |      0.5128 |      0.5129 |      0.5131 |      0.5128 |      0.5128 |      0.5129 |      0.5129 |      0.5129 |      0.5130 |      0.5130 |      0.5130 |      0.5130 |      0.5130 |      0.5130 |      0.5131 |      0.5130 |      0.5130 |      0.5129 |      0.5131 |      0.5131 |      0.5130 |      0.5129 |      0.5131 |      0.5130 |      0.5131 |      0.5129 |      0.5131 |      0.5130 |      0.5130 |      0.5128 |      0.5129 |      0.5131 |      0.5128 |      0.5128 |      0.5128 |      0.5130 |      0.5131 |      0.5128 |      0.5130 |      0.5130 |      0.5130 |      0.5129 |      0.5130 |      0.5130 |      0.5130 |      0.5130 |      0.5131 |      0.5130 |      0.5131 |      0.5131 |      0.5130 |      0.5131 |      0.5131 |      0.5130 |      0.5131 |      0.5131 |      0.5131 |      0.5131 |      0.5130 |      0.5130 |      0.5130 |      0.5129 |      0.5128 |      0.5130 |      0.5129 |      0.5131 |      0.5128 |      0.5130 |      0.5130 |      0.5128 |      0.5129 |      0.5131 |      0.5128 |      0.5128 |      0.5131 |      0.5128 |      0.5128 |      0.5131 |      0.5130 |      0.5130 |      0.5129 |      0.5130 |      0.5131 |      0.5131 |      0.5131 |      0.5131 |      0.5130 |      0.5130 |      0.5131 |       0.5130 |       0.5130 |       0.5131 |       0.5130 |       0.5131 |       0.5133 |       0.5133 |       0.5133 |       0.5133 |       0.5133 |       0.5130 |       0.5133 |       0.5128 |       0.5131 |       0.5131 |       0.5128 |       0.5131 |       0.5128 |       0.5128 |       0.5128 |       0.5128 |       0.5131 |       0.5128 |       0.5128 |       0.5129 |       0.5128 |       0.5128 |       0.5128 |       0.5130 |       0.5130 |       0.5130 |       0.5130 |       0.5130 |       0.5130 |       0.5130 |       0.5130 |       0.5128 |       0.5128 |       0.5128 |       0.5128 |       0.5130 |       0.5128 |       0.5129 |       0.5128 |       0.5128 |       0.5128 |       0.5128 |       0.5129 |       0.5129 |       0.5129 |       0.5129 |       0.5129 |       0.5130 |       0.5129 |       0.5129 |       0.5128 |       0.5129 |       0.5129 |       0.5129 |       0.5129 |       0.5128 |       0.5131 |       0.5129 |       0.5128 |       0.5129 |       0.5129 |       0.5129 |       0.5129 |       0.5128 |       0.5128 |       0.5128 |       0.5128 |       0.5129 |       0.5128 |       0.5128 |       0.5128 |       0.5129 |       0.5128 |       0.5129 |       0.5129 |       0.5128 |       0.5128 |       0.5129 |       0.5128 |       0.5129 |       0.5129 |       0.5129 |       0.5128 |       0.5128 |       0.5128 |       0.5128 |       0.5129 |
| Runtime unhalted [s] |     0.7937 |     0.7938 |     0.7939 |     0.7937 |     0.7939 |     0.7941 |     0.7936 |     0.7942 |     0.7935 |     0.7936 |      0.7934 |      0.7935 |      0.7934 |      0.7938 |      0.7936 |      0.7933 |      0.7938 |      0.7938 |      0.7938 |      0.7939 |      0.7939 |      0.7939 |      0.7938 |      0.7939 |      0.7937 |      0.7940 |      0.7937 |      0.7936 |      0.7933 |      0.7936 |      0.7938 |      0.7937 |      0.7939 |      0.7939 |      0.7940 |      0.7939 |      0.7938 |      0.7940 |      0.7938 |      0.7939 |      0.7931 |      0.7931 |      0.7934 |      0.7932 |      0.7933 |      0.7931 |      0.7935 |      0.7935 |      0.7935 |      0.7935 |      0.7935 |      0.7935 |      0.7936 |      0.7936 |      0.7936 |      0.7935 |      0.7935 |      0.7934 |      0.7936 |      0.7936 |      0.7935 |      0.7935 |      0.7934 |      0.7935 |      0.7937 |      0.7936 |      0.7936 |      0.7936 |      0.7936 |      0.7936 |      0.7936 |      0.7938 |      0.7931 |      0.7930 |      0.7935 |      0.7931 |      0.7935 |      0.7930 |      0.7935 |      0.7935 |      0.7930 |      0.7930 |      0.7934 |      0.7930 |      0.7931 |      0.7935 |      0.7930 |      0.7930 |      0.7940 |      0.7939 |      0.7938 |      0.7940 |      0.7938 |      0.7939 |      0.7940 |      0.7938 |      0.7941 |      0.7940 |      0.7945 |      0.7940 |       0.7944 |       0.7944 |       0.7941 |       0.7940 |       0.7945 |       0.7941 |       0.7945 |       0.7942 |       0.7940 |       0.7945 |       0.7945 |       0.7942 |       0.7937 |       0.7943 |       0.7943 |       0.7940 |       0.7944 |       0.7941 |       0.7939 |       0.7941 |       0.7934 |       0.7943 |       0.7934 |       0.7941 |       0.7937 |       0.7936 |       0.7939 |       0.7939 |       0.7945 |       0.7945 |       0.7944 |       0.7944 |       0.7941 |       0.7941 |       0.7940 |       0.7944 |       0.7937 |       0.7937 |       0.7936 |       0.7937 |       0.7940 |       0.7937 |       0.7940 |       0.7936 |       0.7941 |       0.7936 |       0.7938 |       0.7936 |       0.7936 |       0.7935 |       0.7940 |       0.7936 |       0.7939 |       0.7936 |       0.7936 |       0.7935 |       0.7938 |       0.7936 |       0.7940 |       0.7936 |       0.7937 |       0.7938 |       0.7936 |       0.7936 |       0.7939 |       0.7940 |       0.7940 |       0.7936 |       0.7940 |       0.7936 |       0.7933 |       0.7940 |       0.7940 |       0.7939 |       0.7937 |       0.7936 |       0.7935 |       0.7935 |       0.7940 |       0.7940 |       0.7939 |       0.7936 |       0.7935 |       0.7941 |       0.7936 |       0.7935 |       0.7940 |       0.7941 |       0.7936 |       0.7937 |       0.7941 |       0.7935 |
|      Clock [MHz]     |  3697.3096 |  3697.5192 |  3697.4006 |  3697.2320 |  3699.2593 |  3699.1716 |  3697.1263 |  3698.2412 |  3698.8928 |  3699.7640 |   3697.3316 |   3698.8103 |   3697.4876 |   3699.1623 |   3700.0082 |   3697.5228 |   3697.7586 |   3698.0087 |   3697.9056 |   3699.0331 |   3699.0923 |   3699.0470 |   3697.7581 |   3699.1816 |   3697.1065 |   3699.1265 |   3697.2757 |   3697.1644 |   3696.9787 |   3697.1226 |   3697.8507 |   3697.2429 |   3699.0389 |   3699.0027 |   3699.0992 |   3699.1545 |   3699.2835 |   3699.0712 |   3697.8714 |   3699.0329 |   3696.8251 |   3696.5719 |   3696.7877 |   3696.5639 |   3697.8394 |   3696.3780 |   3696.8215 |   3696.9088 |   3698.1402 |   3696.9277 |   3696.9099 |   3697.0166 |   3697.1885 |   3697.0612 |   3697.1210 |   3696.9846 |   3696.8212 |   3696.6743 |   3697.1576 |   3697.1793 |   3696.8395 |   3696.8963 |   3696.7213 |   3696.9013 |   3697.1210 |   3697.1244 |   3697.2395 |   3697.1997 |   3697.2103 |   3697.1178 |   3697.1228 |   3697.8752 |   3698.2638 |   3698.1527 |   3698.7677 |   3696.5235 |   3698.6121 |   3698.5980 |   3699.0324 |   3698.7019 |   3698.2449 |   3698.0898 |   3698.3878 |   3698.2108 |   3696.4327 |   3696.7364 |   3698.3928 |   3698.4389 |   3699.1424 |   3699.0604 |   3697.8349 |   3699.1481 |   3697.8678 |   3699.1335 |   3699.1082 |   3699.1588 |   3698.6666 |   3698.8566 |   3699.4802 |   3698.7099 |    3697.6720 |    3699.3620 |    3698.7667 |    3699.1837 |    3699.1925 |    3697.1951 |    3696.5539 |    3697.9012 |    3697.8147 |    3698.1203 |    3697.8604 |    3697.8630 |    3699.9494 |    3697.8995 |    3699.3024 |    3698.9148 |    3699.3558 |    3698.6744 |    3697.4551 |    3700.2461 |    3698.5637 |    3699.2872 |    3698.5383 |    3700.1589 |    3699.0797 |    3699.8727 |    3698.9769 |    3698.9610 |    3699.0953 |    3700.1890 |    3699.3952 |    3699.3728 |    3698.8973 |    3698.8011 |    3699.1906 |    3697.9780 |    3700.0719 |    3700.0641 |    3699.9566 |    3700.0214 |    3699.1318 |    3700.0538 |    3699.1269 |    3699.9193 |    3700.1085 |    3699.9456 |    3697.5716 |    3698.5365 |    3698.5398 |    3698.5183 |    3700.1688 |    3698.6247 |    3699.0262 |    3698.7032 |    3698.5582 |    3698.8351 |    3697.5568 |    3700.0539 |    3698.7043 |    3698.5638 |    3700.0232 |    3698.9458 |    3698.5920 |    3700.0000 |    3697.3600 |    3700.1539 |    3698.7091 |    3700.0137 |    3698.7815 |    3699.8769 |    3698.7804 |    3700.1554 |    3700.1746 |    3699.0142 |    3700.3633 |    3700.0551 |    3699.8386 |    3698.8231 |    3698.8137 |    3698.8570 |    3698.9995 |    3699.9558 |    3698.4616 |    3698.8042 |    3699.9637 |    3698.5157 |    3700.1365 |    3700.2056 |    3700.0188 |    3700.0353 |    3700.2044 |    3698.5583 |
|          CPI         |     0.3018 |     0.3020 |     0.3020 |     0.3021 |     0.3020 |     0.3021 |     0.3021 |     0.3021 |     0.3019 |     0.3019 |      0.3019 |      0.3019 |      0.3019 |      0.3021 |      0.3019 |      0.3019 |      0.3020 |      0.3020 |      0.3020 |      0.3020 |      0.3020 |      0.3020 |      0.3020 |      0.3020 |      0.3021 |      0.3021 |      0.3021 |      0.3021 |      0.3020 |      0.3021 |      0.3021 |      0.3021 |      0.3020 |      0.3020 |      0.3020 |      0.3021 |      0.3020 |      0.3020 |      0.3020 |      0.3020 |      0.3017 |      0.3021 |      0.3022 |      0.3021 |      0.3021 |      0.3021 |      0.3022 |      0.3022 |      0.3020 |      0.3021 |      0.3021 |      0.3022 |      0.3020 |      0.3021 |      0.3021 |      0.3021 |      0.3020 |      0.3021 |      0.3020 |      0.3021 |      0.3021 |      0.3020 |      0.3021 |      0.3021 |      0.3021 |      0.3022 |      0.3022 |      0.3022 |      0.3022 |      0.3021 |      0.3021 |      0.3021 |      0.3020 |      0.3020 |      0.3020 |      0.3020 |      0.3021 |      0.3019 |      0.3021 |      0.3020 |      0.3020 |      0.3020 |      0.3021 |      0.3020 |      0.3019 |      0.3021 |      0.3020 |      0.3019 |      0.3021 |      0.3020 |      0.3020 |      0.3020 |      0.3020 |      0.3021 |      0.3021 |      0.3021 |      0.3016 |      0.3016 |      0.3016 |      0.3016 |       0.3016 |       0.3016 |       0.3016 |       0.3016 |       0.3017 |       0.3017 |       0.3018 |       0.3018 |       0.3018 |       0.3018 |       0.3017 |       0.3018 |       0.3015 |       0.3017 |       0.3017 |       0.3015 |       0.3017 |       0.3015 |       0.3016 |       0.3015 |       0.3015 |       0.3016 |       0.3014 |       0.3015 |       0.3015 |       0.3015 |       0.3015 |       0.3015 |       0.3015 |       0.3016 |       0.3015 |       0.3016 |       0.3016 |       0.3016 |       0.3016 |       0.3016 |       0.3015 |       0.3015 |       0.3015 |       0.3015 |       0.3015 |       0.3015 |       0.3016 |       0.3015 |       0.3015 |       0.3015 |       0.3015 |       0.3015 |       0.3015 |       0.3015 |       0.3015 |       0.3015 |       0.3016 |       0.3015 |       0.3015 |       0.3015 |       0.3015 |       0.3015 |       0.3015 |       0.3015 |       0.3015 |       0.3016 |       0.3015 |       0.3015 |       0.3015 |       0.3015 |       0.3015 |       0.3015 |       0.3014 |       0.3015 |       0.3014 |       0.3015 |       0.3015 |       0.3015 |       0.3015 |       0.3014 |       0.3015 |       0.3015 |       0.3015 |       0.3015 |       0.3015 |       0.3015 |       0.3015 |       0.3015 |       0.3015 |       0.3015 |       0.3015 |       0.3015 |       0.3015 |       0.3015 |       0.3015 |       0.3015 |
|     DP [MFLOP/s]     |  9745.1621 |  9746.7350 |  9747.6110 |  9746.4861 |  9746.9991 |  9746.5127 |  9745.0234 |  9746.6381 |  9749.9299 |  9749.6371 |   9749.2075 |   9750.0383 |   9749.2474 |   9745.4470 |   9749.5630 |   9749.7759 |   9747.5673 |   9747.5920 |   9747.5996 |   9747.4513 |   9746.9896 |   9747.0713 |   9746.9953 |   9747.0580 |   9747.0599 |   9745.0595 |   9747.1967 |   9745.6787 |   9749.2474 |   9745.1222 |   9745.1165 |   9747.1112 |   9747.6053 |   9745.2323 |   9746.5754 |   9745.4717 |   9748.7361 |   9745.0291 |   9747.1644 |   9747.0542 |   9749.8862 |   9749.3444 |   9745.5287 |   9749.6580 |   9749.9147 |   9749.5725 |   9745.9409 |   9745.4641 |   9749.7113 |   9745.8725 |   9745.9599 |   9745.7376 |   9747.6623 |   9747.5197 |   9745.6939 |   9746.2353 |   9747.4665 |   9745.5552 |   9747.4076 |   9745.4565 |   9745.3349 |   9747.1036 |   9745.4622 |   9745.4071 |   9747.0352 |   9745.3121 |   9745.4546 |   9745.4983 |   9745.3330 |   9747.4171 |   9747.1720 |   9747.1872 |   9749.3539 |   9749.7094 |   9747.5197 |   9749.1238 |   9745.2228 |   9749.5326 |   9747.1397 |   9747.2309 |   9749.6675 |   9748.9718 |   9745.4850 |   9749.7246 |   9749.6675 |   9745.5932 |   9749.7664 |   9749.6980 |   9745.0823 |   9747.1986 |   9747.1264 |   9747.5558 |   9747.3392 |   9745.2684 |   9745.0956 |   9745.1545 |   9745.5704 |   9746.3075 |   9746.7692 |   9745.5685 |    9746.3113 |    9747.0542 |    9745.5268 |    9746.6970 |    9745.1317 |    9741.3990 |    9740.3078 |    9740.7898 |    9740.9758 |    9741.2585 |    9746.0510 |    9740.8145 |    9749.9090 |    9745.1260 |    9745.2798 |    9749.6086 |    9745.1982 |    9749.8710 |    9749.6751 |    9750.0059 |    9749.8443 |    9745.2969 |    9750.4109 |    9749.7702 |    9749.1372 |    9749.6314 |    9749.7303 |    9749.8367 |    9746.3132 |    9745.8573 |    9746.8034 |    9746.7939 |    9746.1308 |    9746.1441 |    9746.9250 |    9746.8186 |    9749.9641 |    9749.8881 |    9749.8881 |    9749.8900 |    9747.5292 |    9749.8881 |    9747.6034 |    9749.9622 |    9749.7683 |    9750.2683 |    9749.8215 |    9749.0687 |    9749.0972 |    9749.0953 |    9749.0516 |    9749.1524 |    9745.6806 |    9749.2759 |    9749.2702 |    9749.7835 |    9749.2436 |    9748.9851 |    9749.0706 |    9749.1067 |    9750.0649 |    9745.3824 |    9749.0744 |    9750.0668 |    9749.2360 |    9748.9585 |    9749.0725 |    9749.0231 |    9749.9888 |    9750.0478 |    9749.8862 |    9750.1029 |    9748.9965 |    9749.8919 |    9750.1048 |    9750.0136 |    9749.0573 |    9749.8519 |    9749.1961 |    9749.2797 |    9749.8558 |    9749.5193 |    9748.9927 |    9749.9432 |    9749.0421 |    9749.1638 |    9749.0497 |    9749.9413 |    9749.9850 |    9750.0098 |    9749.9850 |    9749.1695 |
+----------------------+------------+------------+------------+------------+------------+------------+------------+------------+------------+------------+-------------+-------------+-------------+-------------+-------------+-------------+-------------+-------------+-------------+-------------+-------------+-------------+-------------+-------------+-------------+-------------+-------------+-------------+-------------+-------------+-------------+-------------+-------------+-------------+-------------+-------------+-------------+-------------+-------------+-------------+-------------+-------------+-------------+-------------+-------------+-------------+-------------+-------------+-------------+-------------+-------------+-------------+-------------+-------------+-------------+-------------+-------------+-------------+-------------+-------------+-------------+-------------+-------------+-------------+-------------+-------------+-------------+-------------+-------------+-------------+-------------+-------------+-------------+-------------+-------------+-------------+-------------+-------------+-------------+-------------+-------------+-------------+-------------+-------------+-------------+-------------+-------------+-------------+-------------+-------------+-------------+-------------+-------------+-------------+-------------+-------------+-------------+-------------+-------------+-------------+--------------+--------------+--------------+--------------+--------------+--------------+--------------+--------------+--------------+--------------+--------------+--------------+--------------+--------------+--------------+--------------+--------------+--------------+--------------+--------------+--------------+--------------+--------------+--------------+--------------+--------------+--------------+--------------+--------------+--------------+--------------+--------------+--------------+--------------+--------------+--------------+--------------+--------------+--------------+--------------+--------------+--------------+--------------+--------------+--------------+--------------+--------------+--------------+--------------+--------------+--------------+--------------+--------------+--------------+--------------+--------------+--------------+--------------+--------------+--------------+--------------+--------------+--------------+--------------+--------------+--------------+--------------+--------------+--------------+--------------+--------------+--------------+--------------+--------------+--------------+--------------+--------------+--------------+--------------+--------------+--------------+--------------+--------------+--------------+--------------+--------------+--------------+--------------+--------------+--------------+--------------+--------------+

+---------------------------+--------------+-----------+-----------+-----------+
|           Metric          |      Sum     |    Min    |    Max    |    Avg    |
+---------------------------+--------------+-----------+-----------+-----------+
|  Runtime (RDTSC) [s] STAT |      98.4862 |    0.5128 |    0.5133 |    0.5129 |
| Runtime unhalted [s] STAT |     152.3998 |    0.7930 |    0.7945 |    0.7937 |
|      Clock [MHz] STAT     |  710109.6405 | 3696.3780 | 3700.3633 | 3698.4877 |
|          CPI STAT         |      57.9442 |    0.3014 |    0.3022 |    0.3018 |
|     DP [MFLOP/s] STAT     | 1.871548e+06 | 9740.3078 | 9750.4109 | 9747.6473 |
+---------------------------+--------------+-----------+-----------+-----------+

