INFO: You are running LIKWID in a cpuset with 24 CPUs. Taking given IDs as logical ID in cpuset
--------------------------------------------------------------------------------
CPU name:	AMD EPYC 9654 96-Core Processor                
CPU type:	AMD K19 (Zen4) architecture
CPU clock:	2.40 GHz
--------------------------------------------------------------------------------
Allocate: Process running on hwthread 0 (Domain S0) - Vector length 3145728/25165824 Offset 0 Alignment 512
Initialization: Each thread in domain initializes its own stream chunks
--------------------------------------------------------------------------------
LIKWID MICRO BENCHMARK
Test: load
--------------------------------------------------------------------------------
Using 1 work groups
Using 24 threads
--------------------------------------------------------------------------------
Using Likwid Marker API
--------------------------------------------------------------------------------
Group: 0 Thread 0 Global Thread 0 running on hwthread 0 - Vector length 131072 Offset 0
Group: 0 Thread 1 Global Thread 1 running on hwthread 1 - Vector length 131072 Offset 131072
Group: 0 Thread 2 Global Thread 2 running on hwthread 2 - Vector length 131072 Offset 262144
Group: 0 Thread 3 Global Thread 3 running on hwthread 3 - Vector length 131072 Offset 393216
Group: 0 Thread 4 Global Thread 4 running on hwthread 4 - Vector length 131072 Offset 524288
Group: 0 Thread 5 Global Thread 5 running on hwthread 5 - Vector length 131072 Offset 655360
Group: 0 Thread 6 Global Thread 6 running on hwthread 6 - Vector length 131072 Offset 786432
Group: 0 Thread 7 Global Thread 7 running on hwthread 7 - Vector length 131072 Offset 917504
Group: 0 Thread 8 Global Thread 8 running on hwthread 8 - Vector length 131072 Offset 1048576
Group: 0 Thread 9 Global Thread 9 running on hwthread 9 - Vector length 131072 Offset 1179648
Group: 0 Thread 10 Global Thread 10 running on hwthread 10 - Vector length 131072 Offset 1310720
Group: 0 Thread 11 Global Thread 11 running on hwthread 11 - Vector length 131072 Offset 1441792
Group: 0 Thread 12 Global Thread 12 running on hwthread 12 - Vector length 131072 Offset 1572864
Group: 0 Thread 13 Global Thread 13 running on hwthread 13 - Vector length 131072 Offset 1703936
Group: 0 Thread 14 Global Thread 14 running on hwthread 14 - Vector length 131072 Offset 1835008
Group: 0 Thread 15 Global Thread 15 running on hwthread 15 - Vector length 131072 Offset 1966080
Group: 0 Thread 16 Global Thread 16 running on hwthread 16 - Vector length 131072 Offset 2097152
Group: 0 Thread 17 Global Thread 17 running on hwthread 17 - Vector length 131072 Offset 2228224
Group: 0 Thread 18 Global Thread 18 running on hwthread 18 - Vector length 131072 Offset 2359296
Group: 0 Thread 19 Global Thread 19 running on hwthread 19 - Vector length 131072 Offset 2490368
Group: 0 Thread 20 Global Thread 20 running on hwthread 20 - Vector length 131072 Offset 2621440
Group: 0 Thread 21 Global Thread 21 running on hwthread 21 - Vector length 131072 Offset 2752512
Group: 0 Thread 22 Global Thread 22 running on hwthread 22 - Vector length 131072 Offset 2883584
Group: 0 Thread 23 Global Thread 23 running on hwthread 23 - Vector length 131072 Offset 3014656
--------------------------------------------------------------------------------
Cycles:			2260904784
CPU Clock:		2399253379
Cycle Clock:		2399253379
Time:			9.423368e-01 sec
Iterations:		1200000
Iterations per thread:	50000
Inner loop executions:	16384
Size (Byte):		25165824
Size per thread:	1048576
Number of Flops:	0
MFlops/s:		0.00
Data volume (Byte):	1258291200000
MByte/s:		1335288.17
Cycles per update:	0.014374
Cycles per cacheline:	0.114996
Loads per update:	1
Stores per update:	0
Load bytes per element:	8
Store bytes per elem.:	0
Instructions:		216268800016
UOPs:			196608000000
--------------------------------------------------------------------------------
Writing Likwid Marker API results to file /tmp/likwid_760090.txt
--------------------------------------------------------------------------------
Region bench, Group 1: L2
+-------------------+------------+------------+------------+------------+------------+------------+------------+------------+------------+------------+-------------+-------------+-------------+-------------+-------------+-------------+-------------+-------------+-------------+-------------+-------------+-------------+-------------+-------------+
|    Region Info    | HWThread 0 | HWThread 1 | HWThread 2 | HWThread 3 | HWThread 4 | HWThread 5 | HWThread 6 | HWThread 7 | HWThread 8 | HWThread 9 | HWThread 10 | HWThread 11 | HWThread 12 | HWThread 13 | HWThread 14 | HWThread 15 | HWThread 16 | HWThread 17 | HWThread 18 | HWThread 19 | HWThread 20 | HWThread 21 | HWThread 22 | HWThread 23 |
+-------------------+------------+------------+------------+------------+------------+------------+------------+------------+------------+------------+-------------+-------------+-------------+-------------+-------------+-------------+-------------+-------------+-------------+-------------+-------------+-------------+-------------+-------------+
| RDTSC Runtime [s] |   0.942287 |   0.942299 |   0.942255 |   0.942284 |   0.942256 |   0.942284 |   0.942258 |   0.942252 |   0.942339 |   0.942305 |    0.942298 |    0.942319 |    0.942305 |    0.942262 |    0.942272 |    0.942308 |    0.942262 |    0.942302 |    0.942314 |    0.942313 |    0.942295 |    0.942254 |    0.942307 |    0.942322 |
|     call count    |          1 |          1 |          1 |          1 |          1 |          1 |          1 |          1 |          1 |          1 |           1 |           1 |           1 |           1 |           1 |           1 |           1 |           1 |           1 |           1 |           1 |           1 |           1 |           1 |
+-------------------+------------+------------+------------+------------+------------+------------+------------+------------+------------+------------+-------------+-------------+-------------+-------------+-------------+-------------+-------------+-------------+-------------+-------------+-------------+-------------+-------------+-------------+

+-------------------------------+---------+------------+------------+------------+------------+------------+------------+------------+------------+------------+------------+-------------+-------------+-------------+-------------+-------------+-------------+-------------+-------------+-------------+-------------+-------------+-------------+-------------+-------------+
|             Event             | Counter | HWThread 0 | HWThread 1 | HWThread 2 | HWThread 3 | HWThread 4 | HWThread 5 | HWThread 6 | HWThread 7 | HWThread 8 | HWThread 9 | HWThread 10 | HWThread 11 | HWThread 12 | HWThread 13 | HWThread 14 | HWThread 15 | HWThread 16 | HWThread 17 | HWThread 18 | HWThread 19 | HWThread 20 | HWThread 21 | HWThread 22 | HWThread 23 |
+-------------------------------+---------+------------+------------+------------+------------+------------+------------+------------+------------+------------+------------+-------------+-------------+-------------+-------------+-------------+-------------+-------------+-------------+-------------+-------------+-------------+-------------+-------------+-------------+
|        ACTUAL_CPU_CLOCK       |  FIXC1  | 3486155000 | 3486142000 | 3486123000 | 3486124000 | 3486145000 | 3486137000 | 3486111000 | 3486142000 | 3486245000 | 3486152000 |  3486170000 |  3486194000 |  3486166000 |  3486147000 |  3486146000 |  3486221000 |  3486178000 |  3486243000 |  3486236000 |  3486245000 |  3486269000 |  3486176000 |  3486261000 |  3486288000 |
|         MAX_CPU_CLOCK         |  FIXC2  | 2261282000 | 2261296000 | 2261223000 | 2261237000 | 2261288000 | 2261300000 | 2261230000 | 2261291000 | 2261354000 | 2261314000 |  2261328000 |  2261356000 |  2261315000 |  2261298000 |  2261290000 |  2261354000 |  2261323000 |  2261348000 |  2261360000 |  2261361000 |  2261345000 |  2261291000 |  2261351000 |  2261374000 |
|      RETIRED_INSTRUCTIONS     |   PMC0  | 9022805000 | 9039741000 | 9043844000 | 9039612000 | 9032517000 | 9039649000 | 9043584000 | 9039657000 | 9031149000 | 9039301000 |  9026876000 |  9025927000 |  9031674000 |  9039407000 |  9043693000 |  9039936000 |  9030598000 |  9039631000 |  9043883000 |  9039612000 |  9032179000 |  9039778000 |  9027020000 |  9012660000 |
|      CPU_CLOCKS_UNHALTED      |   PMC1  | 3469165000 | 3471531000 | 3471154000 | 3470920000 | 3471190000 | 3471023000 | 3471071000 | 3470750000 | 3471665000 | 3471420000 |  3471451000 |  3469438000 |  3470897000 |  3470920000 |  3470896000 |  3471002000 |  3471196000 |  3471078000 |  3471151000 |  3471055000 |  3470981000 |  3470707000 |  3471684000 |  3471362000 |
| REQUESTS_TO_L2_GRP1_ALL_NO_PF |   PMC2  |  819729400 |  819756000 |  819775100 |  819705900 |  819588400 |  819767200 |  819728100 |  819766600 |  819735000 |  819775900 |   819585400 |   819985600 |   819783500 |   819781000 |   819714700 |   819758600 |   819735000 |   819755500 |   819778300 |   819711000 |   819582500 |   819754500 |   819620900 |   819708900 |
|        L2_PF_HIT_IN_L2        |   PMC3  | 1552491000 | 1613468000 | 1634076000 | 1613376000 | 1681152000 | 1618407000 | 1638951000 | 1615955000 | 1677044000 | 1602047000 |  1656300000 |  1590486000 |  1619406000 |  1626647000 |  1643993000 |  1619954000 |  1686611000 |  1613541000 |  1633734000 |  1607762000 |  1688711000 |  1612958000 |  1314666000 |  1144666000 |
+-------------------------------+---------+------------+------------+------------+------------+------------+------------+------------+------------+------------+------------+-------------+-------------+-------------+-------------+-------------+-------------+-------------+-------------+-------------+-------------+-------------+-------------+-------------+-------------+

+------------------------------------+---------+--------------+------------+------------+--------------+
|                Event               | Counter |      Sum     |     Min    |     Max    |      Avg     |
+------------------------------------+---------+--------------+------------+------------+--------------+
|        ACTUAL_CPU_CLOCK STAT       |  FIXC1  |  83668416000 | 3486111000 | 3486288000 |   3486184000 |
|         MAX_CPU_CLOCK STAT         |  FIXC2  |  54271509000 | 2261223000 | 2261374000 |   2261312875 |
|      RETIRED_INSTRUCTIONS STAT     |   PMC0  | 216844733000 | 9012660000 | 9043883000 | 9.035197e+09 |
|      CPU_CLOCKS_UNHALTED STAT      |   PMC1  |  83303707000 | 3469165000 | 3471684000 | 3.470988e+09 |
| REQUESTS_TO_L2_GRP1_ALL_NO_PF STAT |   PMC2  |  19673583000 |  819582500 |  819985600 |    819732625 |
|        L2_PF_HIT_IN_L2 STAT        |   PMC3  |  38306402000 | 1144666000 | 1688711000 | 1.596100e+09 |
+------------------------------------+---------+--------------+------------+------------+--------------+

+-------------------------------+-------------+-------------+-------------+-------------+-------------+-------------+-------------+-------------+-------------+-------------+-------------+-------------+-------------+-------------+-------------+-------------+-------------+-------------+-------------+-------------+-------------+-------------+-------------+-------------+
|             Metric            |  HWThread 0 |  HWThread 1 |  HWThread 2 |  HWThread 3 |  HWThread 4 |  HWThread 5 |  HWThread 6 |  HWThread 7 |  HWThread 8 |  HWThread 9 | HWThread 10 | HWThread 11 | HWThread 12 | HWThread 13 | HWThread 14 | HWThread 15 | HWThread 16 | HWThread 17 | HWThread 18 | HWThread 19 | HWThread 20 | HWThread 21 | HWThread 22 | HWThread 23 |
+-------------------------------+-------------+-------------+-------------+-------------+-------------+-------------+-------------+-------------+-------------+-------------+-------------+-------------+-------------+-------------+-------------+-------------+-------------+-------------+-------------+-------------+-------------+-------------+-------------+-------------+
|      Runtime (RDTSC) [s]      |      0.9423 |      0.9423 |      0.9423 |      0.9423 |      0.9423 |      0.9423 |      0.9423 |      0.9423 |      0.9423 |      0.9423 |      0.9423 |      0.9423 |      0.9423 |      0.9423 |      0.9423 |      0.9423 |      0.9423 |      0.9423 |      0.9423 |      0.9423 |      0.9423 |      0.9423 |      0.9423 |      0.9423 |
|      Runtime unhalted [s]     |      1.4526 |      1.4526 |      1.4526 |      1.4526 |      1.4526 |      1.4526 |      1.4526 |      1.4526 |      1.4526 |      1.4526 |      1.4526 |      1.4526 |      1.4526 |      1.4526 |      1.4526 |      1.4526 |      1.4526 |      1.4526 |      1.4526 |      1.4526 |      1.4527 |      1.4526 |      1.4526 |      1.4527 |
|          Clock [MHz]          |   3699.9144 |   3699.8776 |   3699.9769 |   3699.9551 |   3699.8939 |   3699.8658 |   3699.9527 |   3699.8858 |   3699.8921 |   3699.8588 |   3699.8550 |   3699.8347 |   3699.8720 |   3699.8797 |   3699.8917 |   3699.8666 |   3699.8717 |   3699.8998 |   3699.8727 |   3699.8806 |   3699.9323 |   3699.9219 |   3699.9140 |   3699.9050 |
|              CPI              |      0.3845 |      0.3840 |      0.3838 |      0.3840 |      0.3843 |      0.3840 |      0.3838 |      0.3839 |      0.3844 |      0.3840 |      0.3846 |      0.3844 |      0.3843 |      0.3840 |      0.3838 |      0.3840 |      0.3844 |      0.3840 |      0.3838 |      0.3840 |      0.3843 |      0.3839 |      0.3846 |      0.3852 |
|    L2 bandwidth [MBytes/s]    |  55675.8815 |  55677.0205 |  55680.8882 |  55674.4981 |  55668.1775 |  55678.6557 |  55677.5363 |  55680.4881 |  55673.2191 |  55677.9998 |  55665.4866 |  55691.3972 |  55678.5396 |  55680.8989 |  55675.8107 |  55676.6712 |  55677.7390 |  55676.7797 |  55677.6074 |  55673.1429 |  55665.4374 |  55679.5362 |  55667.3838 |  55672.4685 |
|    L2 data volume [GBytes]    |     52.4627 |     52.4644 |     52.4656 |     52.4612 |     52.4537 |     52.4651 |     52.4626 |     52.4651 |     52.4630 |     52.4657 |     52.4535 |     52.4791 |     52.4661 |     52.4660 |     52.4617 |     52.4646 |     52.4630 |     52.4644 |     52.4658 |     52.4615 |     52.4533 |     52.4643 |     52.4557 |     52.4614 |
| Prefetch bandwidth [MBytes/s] | 105444.9248 | 109585.1581 | 110989.9569 | 109580.6423 | 114187.3995 | 109922.3366 | 111320.7584 | 109759.4890 | 113898.3183 | 108808.7275 | 112494.3728 | 108021.8818 | 109987.7725 | 110484.5893 | 111661.5855 | 110024.6416 | 114557.3717 | 109589.7091 | 110959.7561 | 109196.0014 | 114696.0024 | 109555.6699 |  89290.0813 |  77742.6985 |
| Prefetch data volume [GBytes] |     99.3594 |    103.2620 |    104.5809 |    103.2561 |    107.5937 |    103.5780 |    104.8929 |    103.4211 |    107.3308 |    102.5310 |    106.0032 |    101.7911 |    103.6420 |    104.1054 |    105.2156 |    103.6771 |    107.9431 |    103.2666 |    104.5590 |    102.8968 |    108.0775 |    103.2293 |     84.1386 |     73.2586 |
+-------------------------------+-------------+-------------+-------------+-------------+-------------+-------------+-------------+-------------+-------------+-------------+-------------+-------------+-------------+-------------+-------------+-------------+-------------+-------------+-------------+-------------+-------------+-------------+-------------+-------------+

+------------------------------------+--------------+------------+-------------+-------------+
|               Metric               |      Sum     |     Min    |     Max     |     Avg     |
+------------------------------------+--------------+------------+-------------+-------------+
|      Runtime (RDTSC) [s] STAT      |      22.6152 |     0.9423 |      0.9423 |      0.9423 |
|      Runtime unhalted [s] STAT     |      34.8626 |     1.4526 |      1.4527 |      1.4526 |
|          Clock [MHz] STAT          |   88797.4708 |  3699.8347 |   3699.9769 |   3699.8946 |
|              CPI STAT              |       9.2200 |     0.3838 |      0.3852 |      0.3842 |
|    L2 bandwidth [MBytes/s] STAT    | 1.336223e+06 | 55665.4374 |  55691.3972 |  55675.9693 |
|    L2 data volume [GBytes] STAT    |    1259.1095 |    52.4533 |     52.4791 |     52.4629 |
| Prefetch bandwidth [MBytes/s] STAT | 2.601760e+06 | 77742.6985 | 114696.0024 | 108406.6602 |
| Prefetch data volume [GBytes] STAT |    2451.6098 |    73.2586 |    108.0775 |    102.1504 |
+------------------------------------+--------------+------------+-------------+-------------+

INFO: You are running LIKWID in a cpuset with 48 CPUs. Taking given IDs as logical ID in cpuset
