INFO: You are running LIKWID in a cpuset with 192 CPUs. Taking given IDs as logical ID in cpuset
--------------------------------------------------------------------------------
CPU name:	AMD EPYC 9654 96-Core Processor                
CPU type:	AMD K19 (Zen4) architecture
CPU clock:	2.40 GHz
--------------------------------------------------------------------------------
Allocate: Process running on hwthread 0 (Domain N) - Vector length 6000000/48000000 Offset 0 Alignment 512
Initialization: Each thread in domain initializes its own stream chunks
--------------------------------------------------------------------------------
LIKWID MICRO BENCHMARK
Test: peakflops
--------------------------------------------------------------------------------
Using 1 work groups
Using 96 threads
--------------------------------------------------------------------------------
Using Likwid Marker API
--------------------------------------------------------------------------------
Group: 0 Thread 0 Global Thread 0 running on hwthread 0 - Vector length 62500 Offset 0
Group: 0 Thread 1 Global Thread 1 running on hwthread 1 - Vector length 62500 Offset 62500
Group: 0 Thread 2 Global Thread 2 running on hwthread 2 - Vector length 62500 Offset 125000
Group: 0 Thread 3 Global Thread 3 running on hwthread 3 - Vector length 62500 Offset 187500
Group: 0 Thread 4 Global Thread 4 running on hwthread 4 - Vector length 62500 Offset 250000
Group: 0 Thread 5 Global Thread 5 running on hwthread 5 - Vector length 62500 Offset 312500
Group: 0 Thread 6 Global Thread 6 running on hwthread 6 - Vector length 62500 Offset 375000
Group: 0 Thread 7 Global Thread 7 running on hwthread 7 - Vector length 62500 Offset 437500
Group: 0 Thread 8 Global Thread 8 running on hwthread 8 - Vector length 62500 Offset 500000
Group: 0 Thread 9 Global Thread 9 running on hwthread 9 - Vector length 62500 Offset 562500
Group: 0 Thread 10 Global Thread 10 running on hwthread 10 - Vector length 62500 Offset 625000
Group: 0 Thread 11 Global Thread 11 running on hwthread 11 - Vector length 62500 Offset 687500
Group: 0 Thread 12 Global Thread 12 running on hwthread 12 - Vector length 62500 Offset 750000
Group: 0 Thread 13 Global Thread 13 running on hwthread 13 - Vector length 62500 Offset 812500
Group: 0 Thread 14 Global Thread 14 running on hwthread 14 - Vector length 62500 Offset 875000
Group: 0 Thread 15 Global Thread 15 running on hwthread 15 - Vector length 62500 Offset 937500
Group: 0 Thread 16 Global Thread 16 running on hwthread 16 - Vector length 62500 Offset 1000000
Group: 0 Thread 17 Global Thread 17 running on hwthread 17 - Vector length 62500 Offset 1062500
Group: 0 Thread 18 Global Thread 18 running on hwthread 18 - Vector length 62500 Offset 1125000
Group: 0 Thread 19 Global Thread 19 running on hwthread 19 - Vector length 62500 Offset 1187500
Group: 0 Thread 20 Global Thread 20 running on hwthread 20 - Vector length 62500 Offset 1250000
Group: 0 Thread 21 Global Thread 21 running on hwthread 21 - Vector length 62500 Offset 1312500
Group: 0 Thread 22 Global Thread 22 running on hwthread 22 - Vector length 62500 Offset 1375000
Group: 0 Thread 23 Global Thread 23 running on hwthread 23 - Vector length 62500 Offset 1437500
Group: 0 Thread 24 Global Thread 24 running on hwthread 24 - Vector length 62500 Offset 1500000
Group: 0 Thread 25 Global Thread 25 running on hwthread 25 - Vector length 62500 Offset 1562500
Group: 0 Thread 26 Global Thread 26 running on hwthread 26 - Vector length 62500 Offset 1625000
Group: 0 Thread 27 Global Thread 27 running on hwthread 27 - Vector length 62500 Offset 1687500
Group: 0 Thread 28 Global Thread 28 running on hwthread 28 - Vector length 62500 Offset 1750000
Group: 0 Thread 29 Global Thread 29 running on hwthread 29 - Vector length 62500 Offset 1812500
Group: 0 Thread 30 Global Thread 30 running on hwthread 30 - Vector length 62500 Offset 1875000
Group: 0 Thread 31 Global Thread 31 running on hwthread 31 - Vector length 62500 Offset 1937500
Group: 0 Thread 32 Global Thread 32 running on hwthread 32 - Vector length 62500 Offset 2000000
Group: 0 Thread 33 Global Thread 33 running on hwthread 33 - Vector length 62500 Offset 2062500
Group: 0 Thread 34 Global Thread 34 running on hwthread 34 - Vector length 62500 Offset 2125000
Group: 0 Thread 35 Global Thread 35 running on hwthread 35 - Vector length 62500 Offset 2187500
Group: 0 Thread 36 Global Thread 36 running on hwthread 36 - Vector length 62500 Offset 2250000
Group: 0 Thread 37 Global Thread 37 running on hwthread 37 - Vector length 62500 Offset 2312500
Group: 0 Thread 38 Global Thread 38 running on hwthread 38 - Vector length 62500 Offset 2375000
Group: 0 Thread 39 Global Thread 39 running on hwthread 39 - Vector length 62500 Offset 2437500
Group: 0 Thread 40 Global Thread 40 running on hwthread 40 - Vector length 62500 Offset 2500000
Group: 0 Thread 41 Global Thread 41 running on hwthread 41 - Vector length 62500 Offset 2562500
Group: 0 Thread 42 Global Thread 42 running on hwthread 42 - Vector length 62500 Offset 2625000
Group: 0 Thread 43 Global Thread 43 running on hwthread 43 - Vector length 62500 Offset 2687500
Group: 0 Thread 44 Global Thread 44 running on hwthread 44 - Vector length 62500 Offset 2750000
Group: 0 Thread 45 Global Thread 45 running on hwthread 45 - Vector length 62500 Offset 2812500
Group: 0 Thread 46 Global Thread 46 running on hwthread 46 - Vector length 62500 Offset 2875000
Group: 0 Thread 47 Global Thread 47 running on hwthread 47 - Vector length 62500 Offset 2937500
Group: 0 Thread 48 Global Thread 48 running on hwthread 48 - Vector length 62500 Offset 3000000
Group: 0 Thread 49 Global Thread 49 running on hwthread 49 - Vector length 62500 Offset 3062500
Group: 0 Thread 50 Global Thread 50 running on hwthread 50 - Vector length 62500 Offset 3125000
Group: 0 Thread 51 Global Thread 51 running on hwthread 51 - Vector length 62500 Offset 3187500
Group: 0 Thread 52 Global Thread 52 running on hwthread 52 - Vector length 62500 Offset 3250000
Group: 0 Thread 53 Global Thread 53 running on hwthread 53 - Vector length 62500 Offset 3312500
Group: 0 Thread 54 Global Thread 54 running on hwthread 54 - Vector length 62500 Offset 3375000
Group: 0 Thread 55 Global Thread 55 running on hwthread 55 - Vector length 62500 Offset 3437500
Group: 0 Thread 56 Global Thread 56 running on hwthread 56 - Vector length 62500 Offset 3500000
Group: 0 Thread 57 Global Thread 57 running on hwthread 57 - Vector length 62500 Offset 3562500
Group: 0 Thread 58 Global Thread 58 running on hwthread 58 - Vector length 62500 Offset 3625000
Group: 0 Thread 59 Global Thread 59 running on hwthread 59 - Vector length 62500 Offset 3687500
Group: 0 Thread 60 Global Thread 60 running on hwthread 60 - Vector length 62500 Offset 3750000
Group: 0 Thread 61 Global Thread 61 running on hwthread 61 - Vector length 62500 Offset 3812500
Group: 0 Thread 62 Global Thread 62 running on hwthread 62 - Vector length 62500 Offset 3875000
Group: 0 Thread 63 Global Thread 63 running on hwthread 63 - Vector length 62500 Offset 3937500
Group: 0 Thread 64 Global Thread 64 running on hwthread 64 - Vector length 62500 Offset 4000000
Group: 0 Thread 65 Global Thread 65 running on hwthread 65 - Vector length 62500 Offset 4062500
Group: 0 Thread 66 Global Thread 66 running on hwthread 66 - Vector length 62500 Offset 4125000
Group: 0 Thread 67 Global Thread 67 running on hwthread 67 - Vector length 62500 Offset 4187500
Group: 0 Thread 68 Global Thread 68 running on hwthread 68 - Vector length 62500 Offset 4250000
Group: 0 Thread 69 Global Thread 69 running on hwthread 69 - Vector length 62500 Offset 4312500
Group: 0 Thread 70 Global Thread 70 running on hwthread 70 - Vector length 62500 Offset 4375000
Group: 0 Thread 71 Global Thread 71 running on hwthread 71 - Vector length 62500 Offset 4437500
Group: 0 Thread 72 Global Thread 72 running on hwthread 72 - Vector length 62500 Offset 4500000
Group: 0 Thread 73 Global Thread 73 running on hwthread 73 - Vector length 62500 Offset 4562500
Group: 0 Thread 74 Global Thread 74 running on hwthread 74 - Vector length 62500 Offset 4625000
Group: 0 Thread 75 Global Thread 75 running on hwthread 75 - Vector length 62500 Offset 4687500
Group: 0 Thread 76 Global Thread 76 running on hwthread 76 - Vector length 62500 Offset 4750000
Group: 0 Thread 77 Global Thread 77 running on hwthread 77 - Vector length 62500 Offset 4812500
Group: 0 Thread 78 Global Thread 78 running on hwthread 78 - Vector length 62500 Offset 4875000
Group: 0 Thread 79 Global Thread 79 running on hwthread 79 - Vector length 62500 Offset 4937500
Group: 0 Thread 80 Global Thread 80 running on hwthread 80 - Vector length 62500 Offset 5000000
Group: 0 Thread 81 Global Thread 81 running on hwthread 81 - Vector length 62500 Offset 5062500
Group: 0 Thread 82 Global Thread 82 running on hwthread 82 - Vector length 62500 Offset 5125000
Group: 0 Thread 83 Global Thread 83 running on hwthread 83 - Vector length 62500 Offset 5187500
Group: 0 Thread 84 Global Thread 84 running on hwthread 84 - Vector length 62500 Offset 5250000
Group: 0 Thread 85 Global Thread 85 running on hwthread 85 - Vector length 62500 Offset 5312500
Group: 0 Thread 86 Global Thread 86 running on hwthread 86 - Vector length 62500 Offset 5375000
Group: 0 Thread 87 Global Thread 87 running on hwthread 87 - Vector length 62500 Offset 5437500
Group: 0 Thread 88 Global Thread 88 running on hwthread 88 - Vector length 62500 Offset 5500000
Group: 0 Thread 89 Global Thread 89 running on hwthread 89 - Vector length 62500 Offset 5562500
Group: 0 Thread 90 Global Thread 90 running on hwthread 90 - Vector length 62500 Offset 5625000
Group: 0 Thread 91 Global Thread 91 running on hwthread 91 - Vector length 62500 Offset 5687500
Group: 0 Thread 92 Global Thread 92 running on hwthread 92 - Vector length 62500 Offset 5750000
Group: 0 Thread 93 Global Thread 93 running on hwthread 93 - Vector length 62500 Offset 5812500
Group: 0 Thread 94 Global Thread 94 running on hwthread 94 - Vector length 62500 Offset 5875000
Group: 0 Thread 95 Global Thread 95 running on hwthread 95 - Vector length 62500 Offset 5937500
--------------------------------------------------------------------------------
Cycles:			1226950824
CPU Clock:		2399982674
Cycle Clock:		2399982674
Time:			5.112332e-01 sec
Iterations:		480000
Iterations per thread:	5000
Inner loop executions:	62500
Size (Byte):		48000000
Size per thread:	500000
Number of Flops:	480000000000
MFlops/s:		938906.16
Data volume (Byte):	240000000000
MByte/s:		469453.08
Cycles per update:	0.040898
Cycles per cacheline:	0.327187
Loads per update:	1
Stores per update:	0
Load bytes per element:	8
Store bytes per elem.:	0
Instructions:		600000000032
UOPs:			570000000000
--------------------------------------------------------------------------------
Writing Likwid Marker API results to file /tmp/likwid_811101.txt
--------------------------------------------------------------------------------
Region bench, Group 1: FLOPS_DP
+-------------------+------------+------------+------------+------------+------------+------------+------------+------------+------------+------------+-------------+-------------+-------------+-------------+-------------+-------------+-------------+-------------+-------------+-------------+-------------+-------------+-------------+-------------+-------------+-------------+-------------+-------------+-------------+-------------+-------------+-------------+-------------+-------------+-------------+-------------+-------------+-------------+-------------+-------------+-------------+-------------+-------------+-------------+-------------+-------------+-------------+-------------+-------------+-------------+-------------+-------------+-------------+-------------+-------------+-------------+-------------+-------------+-------------+-------------+-------------+-------------+-------------+-------------+-------------+-------------+-------------+-------------+-------------+-------------+-------------+-------------+-------------+-------------+-------------+-------------+-------------+-------------+-------------+-------------+-------------+-------------+-------------+-------------+-------------+-------------+-------------+-------------+-------------+-------------+-------------+-------------+-------------+-------------+-------------+-------------+
|    Region Info    | HWThread 0 | HWThread 1 | HWThread 2 | HWThread 3 | HWThread 4 | HWThread 5 | HWThread 6 | HWThread 7 | HWThread 8 | HWThread 9 | HWThread 10 | HWThread 11 | HWThread 12 | HWThread 13 | HWThread 14 | HWThread 15 | HWThread 16 | HWThread 17 | HWThread 18 | HWThread 19 | HWThread 20 | HWThread 21 | HWThread 22 | HWThread 23 | HWThread 24 | HWThread 25 | HWThread 26 | HWThread 27 | HWThread 28 | HWThread 29 | HWThread 30 | HWThread 31 | HWThread 32 | HWThread 33 | HWThread 34 | HWThread 35 | HWThread 36 | HWThread 37 | HWThread 38 | HWThread 39 | HWThread 40 | HWThread 41 | HWThread 42 | HWThread 43 | HWThread 44 | HWThread 45 | HWThread 46 | HWThread 47 | HWThread 48 | HWThread 49 | HWThread 50 | HWThread 51 | HWThread 52 | HWThread 53 | HWThread 54 | HWThread 55 | HWThread 56 | HWThread 57 | HWThread 58 | HWThread 59 | HWThread 60 | HWThread 61 | HWThread 62 | HWThread 63 | HWThread 64 | HWThread 65 | HWThread 66 | HWThread 67 | HWThread 68 | HWThread 69 | HWThread 70 | HWThread 71 | HWThread 72 | HWThread 73 | HWThread 74 | HWThread 75 | HWThread 76 | HWThread 77 | HWThread 78 | HWThread 79 | HWThread 80 | HWThread 81 | HWThread 82 | HWThread 83 | HWThread 84 | HWThread 85 | HWThread 86 | HWThread 87 | HWThread 88 | HWThread 89 | HWThread 90 | HWThread 91 | HWThread 92 | HWThread 93 | HWThread 94 | HWThread 95 |
+-------------------+------------+------------+------------+------------+------------+------------+------------+------------+------------+------------+-------------+-------------+-------------+-------------+-------------+-------------+-------------+-------------+-------------+-------------+-------------+-------------+-------------+-------------+-------------+-------------+-------------+-------------+-------------+-------------+-------------+-------------+-------------+-------------+-------------+-------------+-------------+-------------+-------------+-------------+-------------+-------------+-------------+-------------+-------------+-------------+-------------+-------------+-------------+-------------+-------------+-------------+-------------+-------------+-------------+-------------+-------------+-------------+-------------+-------------+-------------+-------------+-------------+-------------+-------------+-------------+-------------+-------------+-------------+-------------+-------------+-------------+-------------+-------------+-------------+-------------+-------------+-------------+-------------+-------------+-------------+-------------+-------------+-------------+-------------+-------------+-------------+-------------+-------------+-------------+-------------+-------------+-------------+-------------+-------------+-------------+
| RDTSC Runtime [s] |   0.511084 |   0.511093 |   0.511085 |   0.511083 |   0.511095 |   0.511095 |   0.511084 |   0.511088 |   0.511044 |   0.511049 |    0.511058 |    0.511051 |    0.511041 |    0.511049 |    0.511051 |    0.511039 |    0.511111 |    0.511154 |    0.511168 |    0.511153 |    0.511091 |    0.511091 |    0.511170 |    0.511041 |    0.511082 |    0.511083 |    0.511167 |    0.511237 |    0.511122 |    0.511122 |    0.511237 |    0.511226 |    0.511096 |    0.511177 |    0.511083 |    0.511166 |    0.511095 |    0.511054 |    0.511097 |    0.511145 |    0.511075 |    0.511087 |    0.511039 |    0.511040 |    0.511054 |    0.511050 |    0.511053 |    0.511051 |    0.511220 |    0.511046 |    0.511048 |    0.511051 |    0.511037 |    0.511051 |    0.511091 |    0.511091 |    0.511150 |    0.511056 |    0.511079 |    0.511097 |    0.511096 |    0.511078 |    0.511098 |    0.511124 |    0.511049 |    0.511081 |    0.511116 |    0.511071 |    0.511058 |    0.511051 |    0.511068 |    0.511089 |    0.511085 |    0.511096 |    0.511085 |    0.511086 |    0.511085 |    0.511089 |    0.511088 |    0.511123 |    0.511165 |    0.511121 |    0.511159 |    0.511166 |    0.511091 |    0.511166 |    0.511162 |    0.511157 |    0.511094 |    0.511048 |    0.511089 |    0.511104 |    0.511103 |    0.511051 |    0.511053 |    0.511170 |
|     call count    |          1 |          1 |          1 |          1 |          1 |          1 |          1 |          1 |          1 |          1 |           1 |           1 |           1 |           1 |           1 |           1 |           1 |           1 |           1 |           1 |           1 |           1 |           1 |           1 |           1 |           1 |           1 |           1 |           1 |           1 |           1 |           1 |           1 |           1 |           1 |           1 |           1 |           1 |           1 |           1 |           1 |           1 |           1 |           1 |           1 |           1 |           1 |           1 |           1 |           1 |           1 |           1 |           1 |           1 |           1 |           1 |           1 |           1 |           1 |           1 |           1 |           1 |           1 |           1 |           1 |           1 |           1 |           1 |           1 |           1 |           1 |           1 |           1 |           1 |           1 |           1 |           1 |           1 |           1 |           1 |           1 |           1 |           1 |           1 |           1 |           1 |           1 |           1 |           1 |           1 |           1 |           1 |           1 |           1 |           1 |           1 |
+-------------------+------------+------------+------------+------------+------------+------------+------------+------------+------------+------------+-------------+-------------+-------------+-------------+-------------+-------------+-------------+-------------+-------------+-------------+-------------+-------------+-------------+-------------+-------------+-------------+-------------+-------------+-------------+-------------+-------------+-------------+-------------+-------------+-------------+-------------+-------------+-------------+-------------+-------------+-------------+-------------+-------------+-------------+-------------+-------------+-------------+-------------+-------------+-------------+-------------+-------------+-------------+-------------+-------------+-------------+-------------+-------------+-------------+-------------+-------------+-------------+-------------+-------------+-------------+-------------+-------------+-------------+-------------+-------------+-------------+-------------+-------------+-------------+-------------+-------------+-------------+-------------+-------------+-------------+-------------+-------------+-------------+-------------+-------------+-------------+-------------+-------------+-------------+-------------+-------------+-------------+-------------+-------------+-------------+-------------+

+---------------------------+---------+------------+------------+------------+------------+------------+------------+------------+------------+------------+------------+-------------+-------------+-------------+-------------+-------------+-------------+-------------+-------------+-------------+-------------+-------------+-------------+-------------+-------------+-------------+-------------+-------------+-------------+-------------+-------------+-------------+-------------+-------------+-------------+-------------+-------------+-------------+-------------+-------------+-------------+-------------+-------------+-------------+-------------+-------------+-------------+-------------+-------------+-------------+-------------+-------------+-------------+-------------+-------------+-------------+-------------+-------------+-------------+-------------+-------------+-------------+-------------+-------------+-------------+-------------+-------------+-------------+-------------+-------------+-------------+-------------+-------------+-------------+-------------+-------------+-------------+-------------+-------------+-------------+-------------+-------------+-------------+-------------+-------------+-------------+-------------+-------------+-------------+-------------+-------------+-------------+-------------+-------------+-------------+-------------+-------------+
|           Event           | Counter | HWThread 0 | HWThread 1 | HWThread 2 | HWThread 3 | HWThread 4 | HWThread 5 | HWThread 6 | HWThread 7 | HWThread 8 | HWThread 9 | HWThread 10 | HWThread 11 | HWThread 12 | HWThread 13 | HWThread 14 | HWThread 15 | HWThread 16 | HWThread 17 | HWThread 18 | HWThread 19 | HWThread 20 | HWThread 21 | HWThread 22 | HWThread 23 | HWThread 24 | HWThread 25 | HWThread 26 | HWThread 27 | HWThread 28 | HWThread 29 | HWThread 30 | HWThread 31 | HWThread 32 | HWThread 33 | HWThread 34 | HWThread 35 | HWThread 36 | HWThread 37 | HWThread 38 | HWThread 39 | HWThread 40 | HWThread 41 | HWThread 42 | HWThread 43 | HWThread 44 | HWThread 45 | HWThread 46 | HWThread 47 | HWThread 48 | HWThread 49 | HWThread 50 | HWThread 51 | HWThread 52 | HWThread 53 | HWThread 54 | HWThread 55 | HWThread 56 | HWThread 57 | HWThread 58 | HWThread 59 | HWThread 60 | HWThread 61 | HWThread 62 | HWThread 63 | HWThread 64 | HWThread 65 | HWThread 66 | HWThread 67 | HWThread 68 | HWThread 69 | HWThread 70 | HWThread 71 | HWThread 72 | HWThread 73 | HWThread 74 | HWThread 75 | HWThread 76 | HWThread 77 | HWThread 78 | HWThread 79 | HWThread 80 | HWThread 81 | HWThread 82 | HWThread 83 | HWThread 84 | HWThread 85 | HWThread 86 | HWThread 87 | HWThread 88 | HWThread 89 | HWThread 90 | HWThread 91 | HWThread 92 | HWThread 93 | HWThread 94 | HWThread 95 |
+---------------------------+---------+------------+------------+------------+------------+------------+------------+------------+------------+------------+------------+-------------+-------------+-------------+-------------+-------------+-------------+-------------+-------------+-------------+-------------+-------------+-------------+-------------+-------------+-------------+-------------+-------------+-------------+-------------+-------------+-------------+-------------+-------------+-------------+-------------+-------------+-------------+-------------+-------------+-------------+-------------+-------------+-------------+-------------+-------------+-------------+-------------+-------------+-------------+-------------+-------------+-------------+-------------+-------------+-------------+-------------+-------------+-------------+-------------+-------------+-------------+-------------+-------------+-------------+-------------+-------------+-------------+-------------+-------------+-------------+-------------+-------------+-------------+-------------+-------------+-------------+-------------+-------------+-------------+-------------+-------------+-------------+-------------+-------------+-------------+-------------+-------------+-------------+-------------+-------------+-------------+-------------+-------------+-------------+-------------+-------------+
|      ACTUAL_CPU_CLOCK     |  FIXC1  | 1892708000 | 1892696000 | 1892755000 | 1892698000 | 1892755000 | 1892714000 | 1892679000 | 1892700000 | 1892964000 | 1892754000 |  1892953000 |  1892688000 |  1892778000 |  1892994000 |  1892920000 |  1892961000 |  1893150000 |  1893047000 |  1893080000 |  1893068000 |  1893006000 |  1893105000 |  1893174000 |  1893088000 |  1893118000 |  1893157000 |  1893195000 |  1893529000 |  1893086000 |  1893157000 |  1893218000 |  1893214000 |  1893232000 |  1893135000 |  1893382000 |  1892880000 |  1893080000 |  1892964000 |  1893157000 |  1893120000 |  1893123000 |  1893046000 |  1893103000 |  1893102000 |  1893347000 |  1893135000 |  1893077000 |  1893094000 |  1893784000 |  1893575000 |  1893347000 |  1893639000 |  1893347000 |  1893343000 |  1893729000 |  1893687000 |  1893364000 |  1893638000 |  1893642000 |  1893666000 |  1893685000 |  1893375000 |  1893308000 |  1893442000 |  1892764000 |  1892750000 |  1892734000 |  1893026000 |  1892778000 |  1892800000 |  1892799000 |  1892823000 |  1893371000 |  1893352000 |  1893292000 |  1893522000 |  1893306000 |  1893326000 |  1893364000 |  1893316000 |  1893062000 |  1893261000 |  1893478000 |  1893137000 |  1893057000 |  1893056000 |  1893141000 |  1893050000 |  1893102000 |  1893060000 |  1893082000 |  1892840000 |  1893080000 |  1893067000 |  1893065000 |  1893306000 |
|       MAX_CPU_CLOCK       |  FIXC2  | 1228037000 | 1228034000 | 1228062000 | 1228029000 | 1228071000 | 1228037000 | 1228026000 | 1228031000 | 1228063000 | 1228047000 |  1228054000 |  1227962000 |  1228052000 |  1227952000 |  1228040000 |  1228048000 |  1228074000 |  1227996000 |  1228019000 |  1228032000 |  1227974000 |  1228056000 |  1228102000 |  1228031000 |  1228088000 |  1228089000 |  1228238000 |  1228259000 |  1228077000 |  1228083000 |  1228269000 |  1228271000 |  1228143000 |  1228082000 |  1228151000 |  1228123000 |  1228038000 |  1228057000 |  1228094000 |  1228077000 |  1228060000 |  1228011000 |  1228047000 |  1228035000 |  1228203000 |  1228067000 |  1228041000 |  1228035000 |  1228405000 |  1228170000 |  1228049000 |  1228174000 |  1228050000 |  1228044000 |  1228222000 |  1228209000 |  1228275000 |  1228182000 |  1228183000 |  1228209000 |  1228220000 |  1228060000 |  1228031000 |  1228292000 |  1227970000 |  1227838000 |  1228008000 |  1227944000 |  1227963000 |  1227982000 |  1227981000 |  1227984000 |  1228057000 |  1228047000 |  1228014000 |  1228157000 |  1228019000 |  1228026000 |  1228056000 |  1228024000 |  1228038000 |  1228043000 |  1228262000 |  1228089000 |  1228037000 |  1228033000 |  1228075000 |  1228022000 |  1228056000 |  1228027000 |  1228037000 |  1228082000 |  1228039000 |  1228024000 |  1228023000 |  1228171000 |
|    RETIRED_INSTRUCTIONS   |   PMC0  | 6250754000 | 6251293000 | 6251241000 | 6251026000 | 6250486000 | 6250493000 | 6250480000 | 6250406000 | 6250582000 | 6250495000 |  6250574000 |  6250864000 |  6250530000 |  6250531000 |  6250534000 |  6251228000 |  6250708000 |  6250748000 |  6251228000 |  6250998000 |  6250425000 |  6251450000 |  6251496000 |  6250491000 |  6250642000 |  6250627000 |  6250610000 |  6251207000 |  6250651000 |  6250672000 |  6250620000 |  6250451000 |  6250616000 |  6250594000 |  6250561000 |  6250619000 |  6250587000 |  6250583000 |  6251295000 |  6251281000 |  6250628000 |  6250756000 |  6250361000 |  6251081000 |  6251279000 |  6250583000 |  6250541000 |  6251090000 |  6250749000 |  6250960000 |  6250520000 |  6250643000 |  6250616000 |  6250932000 |  6250758000 |  6250389000 |  6250658000 |  6250890000 |  6250974000 |  6250641000 |  6250625000 |  6250673000 |  6250726000 |  6250255000 |  6250638000 |  6250950000 |  6250616000 |  6251159000 |  6250650000 |  6250615000 |  6250694000 |  6250303000 |  6251326000 |  6250641000 |  6250517000 |  6250613000 |  6250594000 |  6250581000 |  6251329000 |  6250242000 |  6251459000 |  6250566000 |  6251280000 |  6250845000 |  6251297000 |  6250623000 |  6251274000 |  6250304000 |  6250671000 |  6250587000 |  6250983000 |  6250986000 |  6250640000 |  6250797000 |  6250594000 |  6251432000 |
|    CPU_CLOCKS_UNHALTED    |   PMC1  | 1881750000 | 1882448000 | 1882380000 | 1882623000 | 1882516000 | 1882548000 | 1882489000 | 1882465000 | 1882712000 | 1882534000 |  1882750000 |  1882733000 |  1882666000 |  1882770000 |  1882829000 |  1882786000 |  1883686000 |  1883830000 |  1883992000 |  1883906000 |  1882385000 |  1883725000 |  1884016000 |  1883511000 |  1883254000 |  1883247000 |  1883373000 |  1883251000 |  1883435000 |  1883515000 |  1883184000 |  1883526000 |  1882980000 |  1883259000 |  1882922000 |  1883253000 |  1882953000 |  1882883000 |  1883028000 |  1883178000 |  1883102000 |  1883065000 |  1882900000 |  1882887000 |  1882986000 |  1883014000 |  1882938000 |  1882995000 |  1883592000 |  1883252000 |  1883324000 |  1883398000 |  1883230000 |  1883353000 |  1883465000 |  1883471000 |  1883391000 |  1883264000 |  1883320000 |  1883448000 |  1883373000 |  1883352000 |  1883440000 |  1883263000 |  1883272000 |  1883378000 |  1883560000 |  1883388000 |  1883321000 |  1883312000 |  1883437000 |  1883440000 |  1882928000 |  1883234000 |  1883100000 |  1883098000 |  1883155000 |  1883147000 |  1883166000 |  1883028000 |  1883266000 |  1882935000 |  1883189000 |  1883298000 |  1882938000 |  1883307000 |  1883252000 |  1883182000 |  1883307000 |  1883174000 |  1883312000 |  1883414000 |  1883377000 |  1883195000 |  1883153000 |  1883624000 |
| RETIRED_SSE_AVX_FLOPS_ALL |   PMC2  | 5000000000 | 5000000000 | 5000000000 | 5000000000 | 5000000000 | 5000000000 | 5000000000 | 5000000000 | 5000000000 | 5000000000 |  5000000000 |  5000000000 |  5000000000 |  5000000000 |  5000000000 |  5000000000 |  5000000000 |  5000000000 |  5000000000 |  5000000000 |  5000000000 |  5000000000 |  5000000000 |  5000000000 |  5000000000 |  5000000000 |  5000000000 |  5000000000 |  5000000000 |  5000000000 |  5000000000 |  5000000000 |  5000000000 |  5000000000 |  5000000000 |  5000000000 |  5000000000 |  5000000000 |  5000000000 |  5000000000 |  5000000000 |  5000000000 |  5000000000 |  5000000000 |  5000000000 |  5000000000 |  5000000000 |  5000000000 |  5000000000 |  5000000000 |  5000000000 |  5000000000 |  5000000000 |  5000000000 |  5000000000 |  5000000000 |  5000000000 |  5000000000 |  5000000000 |  5000000000 |  5000000000 |  5000000000 |  5000000000 |  5000000000 |  5000000000 |  5000000000 |  5000000000 |  5000000000 |  5000000000 |  5000000000 |  5000000000 |  5000000000 |  5000000000 |  5000000000 |  5000000000 |  5000000000 |  5000000000 |  5000000000 |  5000000000 |  5000000000 |  5000000000 |  5000000000 |  5000000000 |  5000000000 |  5000000000 |  5000000000 |  5000000000 |  5000000000 |  5000000000 |  5000000000 |  5000000000 |  5000000000 |  5000000000 |  5000000000 |  5000000000 |  5000000000 |
|           MERGE           |   PMC3  |          0 |          0 |          0 |          0 |          0 |          0 |          0 |          0 |          0 |          0 |           0 |           0 |           0 |           0 |           0 |           0 |           0 |           0 |           0 |           0 |           0 |           0 |           0 |           0 |           0 |           0 |           0 |           0 |           0 |           0 |           0 |           0 |           0 |           0 |           0 |           0 |           0 |           0 |           0 |           0 |           0 |           0 |           0 |           0 |           0 |           0 |           0 |           0 |           0 |           0 |           0 |           0 |           0 |           0 |           0 |           0 |           0 |           0 |           0 |           0 |           0 |           0 |           0 |           0 |           0 |           0 |           0 |           0 |           0 |           0 |           0 |           0 |           0 |           0 |           0 |           0 |           0 |           0 |           0 |           0 |           0 |           0 |           0 |           0 |           0 |           0 |           0 |           0 |           0 |           0 |           0 |           0 |           0 |           0 |           0 |           0 |
+---------------------------+---------+------------+------------+------------+------------+------------+------------+------------+------------+------------+------------+-------------+-------------+-------------+-------------+-------------+-------------+-------------+-------------+-------------+-------------+-------------+-------------+-------------+-------------+-------------+-------------+-------------+-------------+-------------+-------------+-------------+-------------+-------------+-------------+-------------+-------------+-------------+-------------+-------------+-------------+-------------+-------------+-------------+-------------+-------------+-------------+-------------+-------------+-------------+-------------+-------------+-------------+-------------+-------------+-------------+-------------+-------------+-------------+-------------+-------------+-------------+-------------+-------------+-------------+-------------+-------------+-------------+-------------+-------------+-------------+-------------+-------------+-------------+-------------+-------------+-------------+-------------+-------------+-------------+-------------+-------------+-------------+-------------+-------------+-------------+-------------+-------------+-------------+-------------+-------------+-------------+-------------+-------------+-------------+-------------+-------------+

+--------------------------------+---------+--------------+------------+------------+--------------+
|              Event             | Counter |      Sum     |     Min    |     Max    |      Avg     |
+--------------------------------+---------+--------------+------------+------------+--------------+
|      ACTUAL_CPU_CLOCK STAT     |  FIXC1  | 181740824000 | 1892679000 | 1893784000 | 1.893134e+09 |
|       MAX_CPU_CLOCK STAT       |  FIXC2  | 117895370000 | 1227838000 | 1228405000 | 1.228077e+09 |
|    RETIRED_INSTRUCTIONS STAT   |   PMC0  | 600073811000 | 6250242000 | 6251496000 | 6.250769e+09 |
|    CPU_CLOCKS_UNHALTED STAT    |   PMC1  | 180783001000 | 1881750000 | 1884016000 | 1.883156e+09 |
| RETIRED_SSE_AVX_FLOPS_ALL STAT |   PMC2  | 480000000000 | 5000000000 | 5000000000 |   5000000000 |
|           MERGE STAT           |   PMC3  |            0 |          0 |          0 |            0 |
+--------------------------------+---------+--------------+------------+------------+--------------+

+----------------------+------------+------------+------------+------------+------------+------------+------------+------------+------------+------------+-------------+-------------+-------------+-------------+-------------+-------------+-------------+-------------+-------------+-------------+-------------+-------------+-------------+-------------+-------------+-------------+-------------+-------------+-------------+-------------+-------------+-------------+-------------+-------------+-------------+-------------+-------------+-------------+-------------+-------------+-------------+-------------+-------------+-------------+-------------+-------------+-------------+-------------+-------------+-------------+-------------+-------------+-------------+-------------+-------------+-------------+-------------+-------------+-------------+-------------+-------------+-------------+-------------+-------------+-------------+-------------+-------------+-------------+-------------+-------------+-------------+-------------+-------------+-------------+-------------+-------------+-------------+-------------+-------------+-------------+-------------+-------------+-------------+-------------+-------------+-------------+-------------+-------------+-------------+-------------+-------------+-------------+-------------+-------------+-------------+-------------+
|        Metric        | HWThread 0 | HWThread 1 | HWThread 2 | HWThread 3 | HWThread 4 | HWThread 5 | HWThread 6 | HWThread 7 | HWThread 8 | HWThread 9 | HWThread 10 | HWThread 11 | HWThread 12 | HWThread 13 | HWThread 14 | HWThread 15 | HWThread 16 | HWThread 17 | HWThread 18 | HWThread 19 | HWThread 20 | HWThread 21 | HWThread 22 | HWThread 23 | HWThread 24 | HWThread 25 | HWThread 26 | HWThread 27 | HWThread 28 | HWThread 29 | HWThread 30 | HWThread 31 | HWThread 32 | HWThread 33 | HWThread 34 | HWThread 35 | HWThread 36 | HWThread 37 | HWThread 38 | HWThread 39 | HWThread 40 | HWThread 41 | HWThread 42 | HWThread 43 | HWThread 44 | HWThread 45 | HWThread 46 | HWThread 47 | HWThread 48 | HWThread 49 | HWThread 50 | HWThread 51 | HWThread 52 | HWThread 53 | HWThread 54 | HWThread 55 | HWThread 56 | HWThread 57 | HWThread 58 | HWThread 59 | HWThread 60 | HWThread 61 | HWThread 62 | HWThread 63 | HWThread 64 | HWThread 65 | HWThread 66 | HWThread 67 | HWThread 68 | HWThread 69 | HWThread 70 | HWThread 71 | HWThread 72 | HWThread 73 | HWThread 74 | HWThread 75 | HWThread 76 | HWThread 77 | HWThread 78 | HWThread 79 | HWThread 80 | HWThread 81 | HWThread 82 | HWThread 83 | HWThread 84 | HWThread 85 | HWThread 86 | HWThread 87 | HWThread 88 | HWThread 89 | HWThread 90 | HWThread 91 | HWThread 92 | HWThread 93 | HWThread 94 | HWThread 95 |
+----------------------+------------+------------+------------+------------+------------+------------+------------+------------+------------+------------+-------------+-------------+-------------+-------------+-------------+-------------+-------------+-------------+-------------+-------------+-------------+-------------+-------------+-------------+-------------+-------------+-------------+-------------+-------------+-------------+-------------+-------------+-------------+-------------+-------------+-------------+-------------+-------------+-------------+-------------+-------------+-------------+-------------+-------------+-------------+-------------+-------------+-------------+-------------+-------------+-------------+-------------+-------------+-------------+-------------+-------------+-------------+-------------+-------------+-------------+-------------+-------------+-------------+-------------+-------------+-------------+-------------+-------------+-------------+-------------+-------------+-------------+-------------+-------------+-------------+-------------+-------------+-------------+-------------+-------------+-------------+-------------+-------------+-------------+-------------+-------------+-------------+-------------+-------------+-------------+-------------+-------------+-------------+-------------+-------------+-------------+
|  Runtime (RDTSC) [s] |     0.5111 |     0.5111 |     0.5111 |     0.5111 |     0.5111 |     0.5111 |     0.5111 |     0.5111 |     0.5110 |     0.5110 |      0.5111 |      0.5111 |      0.5110 |      0.5110 |      0.5111 |      0.5110 |      0.5111 |      0.5112 |      0.5112 |      0.5112 |      0.5111 |      0.5111 |      0.5112 |      0.5110 |      0.5111 |      0.5111 |      0.5112 |      0.5112 |      0.5111 |      0.5111 |      0.5112 |      0.5112 |      0.5111 |      0.5112 |      0.5111 |      0.5112 |      0.5111 |      0.5111 |      0.5111 |      0.5111 |      0.5111 |      0.5111 |      0.5110 |      0.5110 |      0.5111 |      0.5110 |      0.5111 |      0.5111 |      0.5112 |      0.5110 |      0.5110 |      0.5111 |      0.5110 |      0.5111 |      0.5111 |      0.5111 |      0.5111 |      0.5111 |      0.5111 |      0.5111 |      0.5111 |      0.5111 |      0.5111 |      0.5111 |      0.5110 |      0.5111 |      0.5111 |      0.5111 |      0.5111 |      0.5111 |      0.5111 |      0.5111 |      0.5111 |      0.5111 |      0.5111 |      0.5111 |      0.5111 |      0.5111 |      0.5111 |      0.5111 |      0.5112 |      0.5111 |      0.5112 |      0.5112 |      0.5111 |      0.5112 |      0.5112 |      0.5112 |      0.5111 |      0.5110 |      0.5111 |      0.5111 |      0.5111 |      0.5111 |      0.5111 |      0.5112 |
| Runtime unhalted [s] |     0.7887 |     0.7887 |     0.7887 |     0.7887 |     0.7887 |     0.7887 |     0.7887 |     0.7887 |     0.7888 |     0.7887 |      0.7888 |      0.7887 |      0.7887 |      0.7888 |      0.7888 |      0.7888 |      0.7889 |      0.7888 |      0.7889 |      0.7889 |      0.7888 |      0.7889 |      0.7889 |      0.7889 |      0.7889 |      0.7889 |      0.7889 |      0.7890 |      0.7889 |      0.7889 |      0.7889 |      0.7889 |      0.7889 |      0.7889 |      0.7890 |      0.7888 |      0.7889 |      0.7888 |      0.7889 |      0.7889 |      0.7889 |      0.7888 |      0.7889 |      0.7889 |      0.7890 |      0.7889 |      0.7889 |      0.7889 |      0.7892 |      0.7891 |      0.7890 |      0.7891 |      0.7890 |      0.7890 |      0.7891 |      0.7891 |      0.7890 |      0.7891 |      0.7891 |      0.7891 |      0.7891 |      0.7890 |      0.7890 |      0.7890 |      0.7887 |      0.7887 |      0.7887 |      0.7888 |      0.7887 |      0.7887 |      0.7887 |      0.7888 |      0.7890 |      0.7890 |      0.7889 |      0.7890 |      0.7890 |      0.7890 |      0.7890 |      0.7890 |      0.7889 |      0.7889 |      0.7890 |      0.7889 |      0.7888 |      0.7888 |      0.7889 |      0.7888 |      0.7889 |      0.7888 |      0.7889 |      0.7888 |      0.7889 |      0.7889 |      0.7889 |      0.7890 |
|      Clock [MHz]     |  3698.6438 |  3698.6294 |  3698.6604 |  3698.6484 |  3698.6333 |  3698.6555 |  3698.6203 |  3698.6463 |  3699.0658 |  3698.7036 |   3699.0714 |   3698.8306 |   3698.7354 |   3699.4588 |   3699.0491 |   3699.1051 |   3699.3961 |   3699.4298 |   3699.4250 |   3699.3624 |   3699.4159 |   3699.3624 |   3699.3586 |   3699.4045 |   3699.2914 |   3699.3646 |   3698.9901 |   3699.5794 |   3699.2620 |   3699.3827 |   3698.9416 |   3698.9278 |   3699.3485 |   3699.3427 |   3699.6175 |   3698.7209 |   3699.3677 |   3699.0838 |   3699.3495 |   3699.3284 |   3699.3855 |   3699.3826 |   3699.3856 |   3699.4198 |   3699.3925 |   3699.3879 |   3699.3528 |   3699.4041 |   3699.6378 |   3699.9374 |   3699.8564 |   3700.0504 |   3699.8534 |   3699.8636 |   3700.0816 |   3700.0387 |   3699.2088 |   3700.0243 |   3700.0291 |   3699.9977 |   3700.0017 |   3699.8779 |   3699.8344 |   3699.3100 |   3698.9551 |   3699.3254 |   3698.7820 |   3699.5454 |   3699.0035 |   3698.9893 |   3698.9903 |   3699.0282 |   3699.8792 |   3699.8722 |   3699.8543 |   3699.8730 |   3699.8666 |   3699.8846 |   3699.8685 |   3699.8711 |   3699.3326 |   3699.7064 |   3699.4707 |   3699.3255 |   3699.3258 |   3699.3359 |   3699.3755 |   3699.3573 |   3699.3565 |   3699.3618 |   3699.3747 |   3698.7662 |   3699.3647 |   3699.3845 |   3699.3836 |   3699.4087 |
|          CPI         |     0.3010 |     0.3011 |     0.3011 |     0.3012 |     0.3012 |     0.3012 |     0.3012 |     0.3012 |     0.3012 |     0.3012 |      0.3012 |      0.3012 |      0.3012 |      0.3012 |      0.3012 |      0.3012 |      0.3014 |      0.3014 |      0.3014 |      0.3014 |      0.3012 |      0.3013 |      0.3014 |      0.3013 |      0.3013 |      0.3013 |      0.3013 |      0.3013 |      0.3013 |      0.3013 |      0.3013 |      0.3013 |      0.3012 |      0.3013 |      0.3012 |      0.3013 |      0.3012 |      0.3012 |      0.3012 |      0.3012 |      0.3013 |      0.3013 |      0.3012 |      0.3012 |      0.3012 |      0.3013 |      0.3012 |      0.3012 |      0.3013 |      0.3013 |      0.3013 |      0.3013 |      0.3013 |      0.3013 |      0.3013 |      0.3013 |      0.3013 |      0.3013 |      0.3013 |      0.3013 |      0.3013 |      0.3013 |      0.3013 |      0.3013 |      0.3013 |      0.3013 |      0.3013 |      0.3013 |      0.3013 |      0.3013 |      0.3013 |      0.3013 |      0.3012 |      0.3013 |      0.3013 |      0.3013 |      0.3013 |      0.3013 |      0.3012 |      0.3013 |      0.3013 |      0.3012 |      0.3012 |      0.3013 |      0.3012 |      0.3013 |      0.3013 |      0.3013 |      0.3013 |      0.3013 |      0.3013 |      0.3013 |      0.3013 |      0.3013 |      0.3013 |      0.3013 |
|     DP [MFLOP/s]     |  9783.1315 |  9782.9611 |  9783.1066 |  9783.1506 |  9782.9247 |  9782.9266 |  9783.1219 |  9783.0434 |  9783.9010 |  9783.7957 |   9783.6234 |   9783.7555 |   9783.9546 |   9783.7900 |   9783.7517 |   9783.9853 |   9782.6108 |   9781.7917 |   9781.5257 |   9781.8147 |   9782.9860 |   9782.9917 |   9781.4740 |   9783.9431 |   9783.1640 |   9783.1410 |   9781.5315 |   9780.2017 |   9782.3965 |   9782.3965 |   9780.2036 |   9780.4179 |   9782.8998 |   9781.3382 |   9783.1449 |   9781.5487 |   9782.9228 |   9783.7057 |   9782.8769 |   9781.9659 |   9783.2923 |   9783.0625 |   9783.9948 |   9783.9757 |   9783.7096 |   9783.7862 |   9783.7153 |   9783.7517 |   9780.5327 |   9783.8551 |   9783.8091 |   9783.7651 |   9784.0312 |   9783.7536 |   9782.9975 |   9782.9975 |   9781.8740 |   9783.6713 |   9783.2214 |   9782.8769 |   9782.8941 |   9783.2406 |   9782.8577 |   9782.3544 |   9783.7957 |   9783.1889 |   9782.5056 |   9783.3688 |   9783.6349 |   9783.7651 |   9783.4396 |   9783.0319 |   9783.1181 |   9782.9018 |   9783.1104 |   9783.0874 |   9783.1066 |   9783.0319 |   9783.0530 |   9782.3907 |   9781.5850 |   9782.4175 |   9781.6884 |   9781.5678 |   9782.9955 |   9781.5659 |   9781.6271 |   9781.7400 |   9782.9286 |   9783.8110 |   9783.0243 |   9782.7371 |   9782.7601 |   9783.7498 |   9783.7191 |   9781.4817 |
+----------------------+------------+------------+------------+------------+------------+------------+------------+------------+------------+------------+-------------+-------------+-------------+-------------+-------------+-------------+-------------+-------------+-------------+-------------+-------------+-------------+-------------+-------------+-------------+-------------+-------------+-------------+-------------+-------------+-------------+-------------+-------------+-------------+-------------+-------------+-------------+-------------+-------------+-------------+-------------+-------------+-------------+-------------+-------------+-------------+-------------+-------------+-------------+-------------+-------------+-------------+-------------+-------------+-------------+-------------+-------------+-------------+-------------+-------------+-------------+-------------+-------------+-------------+-------------+-------------+-------------+-------------+-------------+-------------+-------------+-------------+-------------+-------------+-------------+-------------+-------------+-------------+-------------+-------------+-------------+-------------+-------------+-------------+-------------+-------------+-------------+-------------+-------------+-------------+-------------+-------------+-------------+-------------+-------------+-------------+

+---------------------------+-------------+-----------+-----------+-----------+
|           Metric          |     Sum     |    Min    |    Max    |    Avg    |
+---------------------------+-------------+-----------+-----------+-----------+
|  Runtime (RDTSC) [s] STAT |     49.0660 |    0.5110 |    0.5112 |    0.5111 |
| Runtime unhalted [s] STAT |     75.7331 |    0.7887 |    0.7892 |    0.7889 |
|      Clock [MHz] STAT     | 355138.1436 | 3698.6203 | 3700.0816 | 3699.3557 |
|          CPI STAT         |     28.9216 |    0.3010 |    0.3014 |    0.3013 |
|     DP [MFLOP/s] STAT     | 939155.8665 | 9780.2017 | 9784.0312 | 9782.8736 |
+---------------------------+-------------+-----------+-----------+-----------+

