--------------------------------------------------------------------------------
CPU name:	AMD EPYC 9654 96-Core Processor                
CPU type:	AMD K19 (Zen4) architecture
CPU clock:	2.40 GHz
--------------------------------------------------------------------------------
Warning: Sanitizing vector length to a multiple of the loop stride 16 and thread count 192 from 24000000 elements (96000000 bytes) to 23998464 elements (95993856 bytes)
Allocate: Process running on hwthread 0 (Domain N) - Vector length 23998464/95993856 Offset 0 Alignment 1024
Initialization: Each thread in domain initializes its own stream chunks
--------------------------------------------------------------------------------
LIKWID MICRO BENCHMARK
Test: peakflops_sp_avx512_fma
--------------------------------------------------------------------------------
Using 1 work groups
Using 192 threads
--------------------------------------------------------------------------------
Using Likwid Marker API
--------------------------------------------------------------------------------
Group: 0 Thread 0 Global Thread 0 running on hwthread 0 - Vector length 124992 Offset 0
Group: 0 Thread 1 Global Thread 1 running on hwthread 1 - Vector length 124992 Offset 124992
Group: 0 Thread 2 Global Thread 2 running on hwthread 2 - Vector length 124992 Offset 249984
Group: 0 Thread 3 Global Thread 3 running on hwthread 3 - Vector length 124992 Offset 374976
Group: 0 Thread 4 Global Thread 4 running on hwthread 4 - Vector length 124992 Offset 499968
Group: 0 Thread 5 Global Thread 5 running on hwthread 5 - Vector length 124992 Offset 624960
Group: 0 Thread 6 Global Thread 6 running on hwthread 6 - Vector length 124992 Offset 749952
Group: 0 Thread 7 Global Thread 7 running on hwthread 7 - Vector length 124992 Offset 874944
Group: 0 Thread 8 Global Thread 8 running on hwthread 8 - Vector length 124992 Offset 999936
Group: 0 Thread 9 Global Thread 9 running on hwthread 9 - Vector length 124992 Offset 1124928
Group: 0 Thread 10 Global Thread 10 running on hwthread 10 - Vector length 124992 Offset 1249920
Group: 0 Thread 11 Global Thread 11 running on hwthread 11 - Vector length 124992 Offset 1374912
Group: 0 Thread 12 Global Thread 12 running on hwthread 12 - Vector length 124992 Offset 1499904
Group: 0 Thread 13 Global Thread 13 running on hwthread 13 - Vector length 124992 Offset 1624896
Group: 0 Thread 14 Global Thread 14 running on hwthread 14 - Vector length 124992 Offset 1749888
Group: 0 Thread 15 Global Thread 15 running on hwthread 15 - Vector length 124992 Offset 1874880
Group: 0 Thread 16 Global Thread 16 running on hwthread 16 - Vector length 124992 Offset 1999872
Group: 0 Thread 17 Global Thread 17 running on hwthread 17 - Vector length 124992 Offset 2124864
Group: 0 Thread 18 Global Thread 18 running on hwthread 18 - Vector length 124992 Offset 2249856
Group: 0 Thread 19 Global Thread 19 running on hwthread 19 - Vector length 124992 Offset 2374848
Group: 0 Thread 20 Global Thread 20 running on hwthread 20 - Vector length 124992 Offset 2499840
Group: 0 Thread 21 Global Thread 21 running on hwthread 21 - Vector length 124992 Offset 2624832
Group: 0 Thread 22 Global Thread 22 running on hwthread 22 - Vector length 124992 Offset 2749824
Group: 0 Thread 23 Global Thread 23 running on hwthread 23 - Vector length 124992 Offset 2874816
Group: 0 Thread 24 Global Thread 24 running on hwthread 24 - Vector length 124992 Offset 2999808
Group: 0 Thread 25 Global Thread 25 running on hwthread 25 - Vector length 124992 Offset 3124800
Group: 0 Thread 26 Global Thread 26 running on hwthread 26 - Vector length 124992 Offset 3249792
Group: 0 Thread 27 Global Thread 27 running on hwthread 27 - Vector length 124992 Offset 3374784
Group: 0 Thread 28 Global Thread 28 running on hwthread 28 - Vector length 124992 Offset 3499776
Group: 0 Thread 29 Global Thread 29 running on hwthread 29 - Vector length 124992 Offset 3624768
Group: 0 Thread 30 Global Thread 30 running on hwthread 30 - Vector length 124992 Offset 3749760
Group: 0 Thread 31 Global Thread 31 running on hwthread 31 - Vector length 124992 Offset 3874752
Group: 0 Thread 32 Global Thread 32 running on hwthread 32 - Vector length 124992 Offset 3999744
Group: 0 Thread 33 Global Thread 33 running on hwthread 33 - Vector length 124992 Offset 4124736
Group: 0 Thread 34 Global Thread 34 running on hwthread 34 - Vector length 124992 Offset 4249728
Group: 0 Thread 35 Global Thread 35 running on hwthread 35 - Vector length 124992 Offset 4374720
Group: 0 Thread 36 Global Thread 36 running on hwthread 36 - Vector length 124992 Offset 4499712
Group: 0 Thread 37 Global Thread 37 running on hwthread 37 - Vector length 124992 Offset 4624704
Group: 0 Thread 38 Global Thread 38 running on hwthread 38 - Vector length 124992 Offset 4749696
Group: 0 Thread 39 Global Thread 39 running on hwthread 39 - Vector length 124992 Offset 4874688
Group: 0 Thread 40 Global Thread 40 running on hwthread 40 - Vector length 124992 Offset 4999680
Group: 0 Thread 41 Global Thread 41 running on hwthread 41 - Vector length 124992 Offset 5124672
Group: 0 Thread 42 Global Thread 42 running on hwthread 42 - Vector length 124992 Offset 5249664
Group: 0 Thread 43 Global Thread 43 running on hwthread 43 - Vector length 124992 Offset 5374656
Group: 0 Thread 44 Global Thread 44 running on hwthread 44 - Vector length 124992 Offset 5499648
Group: 0 Thread 45 Global Thread 45 running on hwthread 45 - Vector length 124992 Offset 5624640
Group: 0 Thread 46 Global Thread 46 running on hwthread 46 - Vector length 124992 Offset 5749632
Group: 0 Thread 47 Global Thread 47 running on hwthread 47 - Vector length 124992 Offset 5874624
Group: 0 Thread 48 Global Thread 48 running on hwthread 48 - Vector length 124992 Offset 5999616
Group: 0 Thread 49 Global Thread 49 running on hwthread 49 - Vector length 124992 Offset 6124608
Group: 0 Thread 50 Global Thread 50 running on hwthread 50 - Vector length 124992 Offset 6249600
Group: 0 Thread 51 Global Thread 51 running on hwthread 51 - Vector length 124992 Offset 6374592
Group: 0 Thread 52 Global Thread 52 running on hwthread 52 - Vector length 124992 Offset 6499584
Group: 0 Thread 53 Global Thread 53 running on hwthread 53 - Vector length 124992 Offset 6624576
Group: 0 Thread 54 Global Thread 54 running on hwthread 54 - Vector length 124992 Offset 6749568
Group: 0 Thread 55 Global Thread 55 running on hwthread 55 - Vector length 124992 Offset 6874560
Group: 0 Thread 56 Global Thread 56 running on hwthread 56 - Vector length 124992 Offset 6999552
Group: 0 Thread 57 Global Thread 57 running on hwthread 57 - Vector length 124992 Offset 7124544
Group: 0 Thread 58 Global Thread 58 running on hwthread 58 - Vector length 124992 Offset 7249536
Group: 0 Thread 59 Global Thread 59 running on hwthread 59 - Vector length 124992 Offset 7374528
Group: 0 Thread 60 Global Thread 60 running on hwthread 60 - Vector length 124992 Offset 7499520
Group: 0 Thread 61 Global Thread 61 running on hwthread 61 - Vector length 124992 Offset 7624512
Group: 0 Thread 62 Global Thread 62 running on hwthread 62 - Vector length 124992 Offset 7749504
Group: 0 Thread 63 Global Thread 63 running on hwthread 63 - Vector length 124992 Offset 7874496
Group: 0 Thread 64 Global Thread 64 running on hwthread 64 - Vector length 124992 Offset 7999488
Group: 0 Thread 65 Global Thread 65 running on hwthread 65 - Vector length 124992 Offset 8124480
Group: 0 Thread 66 Global Thread 66 running on hwthread 66 - Vector length 124992 Offset 8249472
Group: 0 Thread 67 Global Thread 67 running on hwthread 67 - Vector length 124992 Offset 8374464
Group: 0 Thread 68 Global Thread 68 running on hwthread 68 - Vector length 124992 Offset 8499456
Group: 0 Thread 69 Global Thread 69 running on hwthread 69 - Vector length 124992 Offset 8624448
Group: 0 Thread 70 Global Thread 70 running on hwthread 70 - Vector length 124992 Offset 8749440
Group: 0 Thread 71 Global Thread 71 running on hwthread 71 - Vector length 124992 Offset 8874432
Group: 0 Thread 72 Global Thread 72 running on hwthread 72 - Vector length 124992 Offset 8999424
Group: 0 Thread 73 Global Thread 73 running on hwthread 73 - Vector length 124992 Offset 9124416
Group: 0 Thread 74 Global Thread 74 running on hwthread 74 - Vector length 124992 Offset 9249408
Group: 0 Thread 75 Global Thread 75 running on hwthread 75 - Vector length 124992 Offset 9374400
Group: 0 Thread 76 Global Thread 76 running on hwthread 76 - Vector length 124992 Offset 9499392
Group: 0 Thread 77 Global Thread 77 running on hwthread 77 - Vector length 124992 Offset 9624384
Group: 0 Thread 78 Global Thread 78 running on hwthread 78 - Vector length 124992 Offset 9749376
Group: 0 Thread 79 Global Thread 79 running on hwthread 79 - Vector length 124992 Offset 9874368
Group: 0 Thread 80 Global Thread 80 running on hwthread 80 - Vector length 124992 Offset 9999360
Group: 0 Thread 81 Global Thread 81 running on hwthread 81 - Vector length 124992 Offset 10124352
Group: 0 Thread 82 Global Thread 82 running on hwthread 82 - Vector length 124992 Offset 10249344
Group: 0 Thread 83 Global Thread 83 running on hwthread 83 - Vector length 124992 Offset 10374336
Group: 0 Thread 84 Global Thread 84 running on hwthread 84 - Vector length 124992 Offset 10499328
Group: 0 Thread 85 Global Thread 85 running on hwthread 85 - Vector length 124992 Offset 10624320
Group: 0 Thread 86 Global Thread 86 running on hwthread 86 - Vector length 124992 Offset 10749312
Group: 0 Thread 87 Global Thread 87 running on hwthread 87 - Vector length 124992 Offset 10874304
Group: 0 Thread 88 Global Thread 88 running on hwthread 88 - Vector length 124992 Offset 10999296
Group: 0 Thread 89 Global Thread 89 running on hwthread 89 - Vector length 124992 Offset 11124288
Group: 0 Thread 90 Global Thread 90 running on hwthread 90 - Vector length 124992 Offset 11249280
Group: 0 Thread 91 Global Thread 91 running on hwthread 91 - Vector length 124992 Offset 11374272
Group: 0 Thread 92 Global Thread 92 running on hwthread 92 - Vector length 124992 Offset 11499264
Group: 0 Thread 93 Global Thread 93 running on hwthread 93 - Vector length 124992 Offset 11624256
Group: 0 Thread 94 Global Thread 94 running on hwthread 94 - Vector length 124992 Offset 11749248
Group: 0 Thread 95 Global Thread 95 running on hwthread 95 - Vector length 124992 Offset 11874240
Group: 0 Thread 96 Global Thread 96 running on hwthread 96 - Vector length 124992 Offset 11999232
Group: 0 Thread 97 Global Thread 97 running on hwthread 97 - Vector length 124992 Offset 12124224
Group: 0 Thread 98 Global Thread 98 running on hwthread 98 - Vector length 124992 Offset 12249216
Group: 0 Thread 99 Global Thread 99 running on hwthread 99 - Vector length 124992 Offset 12374208
Group: 0 Thread 100 Global Thread 100 running on hwthread 100 - Vector length 124992 Offset 12499200
Group: 0 Thread 101 Global Thread 101 running on hwthread 101 - Vector length 124992 Offset 12624192
Group: 0 Thread 102 Global Thread 102 running on hwthread 102 - Vector length 124992 Offset 12749184
Group: 0 Thread 103 Global Thread 103 running on hwthread 103 - Vector length 124992 Offset 12874176
Group: 0 Thread 104 Global Thread 104 running on hwthread 104 - Vector length 124992 Offset 12999168
Group: 0 Thread 105 Global Thread 105 running on hwthread 105 - Vector length 124992 Offset 13124160
Group: 0 Thread 106 Global Thread 106 running on hwthread 106 - Vector length 124992 Offset 13249152
Group: 0 Thread 107 Global Thread 107 running on hwthread 107 - Vector length 124992 Offset 13374144
Group: 0 Thread 108 Global Thread 108 running on hwthread 108 - Vector length 124992 Offset 13499136
Group: 0 Thread 109 Global Thread 109 running on hwthread 109 - Vector length 124992 Offset 13624128
Group: 0 Thread 110 Global Thread 110 running on hwthread 110 - Vector length 124992 Offset 13749120
Group: 0 Thread 111 Global Thread 111 running on hwthread 111 - Vector length 124992 Offset 13874112
Group: 0 Thread 112 Global Thread 112 running on hwthread 112 - Vector length 124992 Offset 13999104
Group: 0 Thread 113 Global Thread 113 running on hwthread 113 - Vector length 124992 Offset 14124096
Group: 0 Thread 114 Global Thread 114 running on hwthread 114 - Vector length 124992 Offset 14249088
Group: 0 Thread 115 Global Thread 115 running on hwthread 115 - Vector length 124992 Offset 14374080
Group: 0 Thread 116 Global Thread 116 running on hwthread 116 - Vector length 124992 Offset 14499072
Group: 0 Thread 117 Global Thread 117 running on hwthread 117 - Vector length 124992 Offset 14624064
Group: 0 Thread 118 Global Thread 118 running on hwthread 118 - Vector length 124992 Offset 14749056
Group: 0 Thread 119 Global Thread 119 running on hwthread 119 - Vector length 124992 Offset 14874048
Group: 0 Thread 120 Global Thread 120 running on hwthread 120 - Vector length 124992 Offset 14999040
Group: 0 Thread 121 Global Thread 121 running on hwthread 121 - Vector length 124992 Offset 15124032
Group: 0 Thread 122 Global Thread 122 running on hwthread 122 - Vector length 124992 Offset 15249024
Group: 0 Thread 123 Global Thread 123 running on hwthread 123 - Vector length 124992 Offset 15374016
Group: 0 Thread 124 Global Thread 124 running on hwthread 124 - Vector length 124992 Offset 15499008
Group: 0 Thread 125 Global Thread 125 running on hwthread 125 - Vector length 124992 Offset 15624000
Group: 0 Thread 126 Global Thread 126 running on hwthread 126 - Vector length 124992 Offset 15748992
Group: 0 Thread 127 Global Thread 127 running on hwthread 127 - Vector length 124992 Offset 15873984
Group: 0 Thread 128 Global Thread 128 running on hwthread 128 - Vector length 124992 Offset 15998976
Group: 0 Thread 129 Global Thread 129 running on hwthread 129 - Vector length 124992 Offset 16123968
Group: 0 Thread 130 Global Thread 130 running on hwthread 130 - Vector length 124992 Offset 16248960
Group: 0 Thread 131 Global Thread 131 running on hwthread 131 - Vector length 124992 Offset 16373952
Group: 0 Thread 132 Global Thread 132 running on hwthread 132 - Vector length 124992 Offset 16498944
Group: 0 Thread 133 Global Thread 133 running on hwthread 133 - Vector length 124992 Offset 16623936
Group: 0 Thread 134 Global Thread 134 running on hwthread 134 - Vector length 124992 Offset 16748928
Group: 0 Thread 135 Global Thread 135 running on hwthread 135 - Vector length 124992 Offset 16873920
Group: 0 Thread 136 Global Thread 136 running on hwthread 136 - Vector length 124992 Offset 16998912
Group: 0 Thread 137 Global Thread 137 running on hwthread 137 - Vector length 124992 Offset 17123904
Group: 0 Thread 138 Global Thread 138 running on hwthread 138 - Vector length 124992 Offset 17248896
Group: 0 Thread 139 Global Thread 139 running on hwthread 139 - Vector length 124992 Offset 17373888
Group: 0 Thread 140 Global Thread 140 running on hwthread 140 - Vector length 124992 Offset 17498880
Group: 0 Thread 141 Global Thread 141 running on hwthread 141 - Vector length 124992 Offset 17623872
Group: 0 Thread 142 Global Thread 142 running on hwthread 142 - Vector length 124992 Offset 17748864
Group: 0 Thread 143 Global Thread 143 running on hwthread 143 - Vector length 124992 Offset 17873856
Group: 0 Thread 144 Global Thread 144 running on hwthread 144 - Vector length 124992 Offset 17998848
Group: 0 Thread 145 Global Thread 145 running on hwthread 145 - Vector length 124992 Offset 18123840
Group: 0 Thread 146 Global Thread 146 running on hwthread 146 - Vector length 124992 Offset 18248832
Group: 0 Thread 147 Global Thread 147 running on hwthread 147 - Vector length 124992 Offset 18373824
Group: 0 Thread 148 Global Thread 148 running on hwthread 148 - Vector length 124992 Offset 18498816
Group: 0 Thread 149 Global Thread 149 running on hwthread 149 - Vector length 124992 Offset 18623808
Group: 0 Thread 150 Global Thread 150 running on hwthread 150 - Vector length 124992 Offset 18748800
Group: 0 Thread 151 Global Thread 151 running on hwthread 151 - Vector length 124992 Offset 18873792
Group: 0 Thread 152 Global Thread 152 running on hwthread 152 - Vector length 124992 Offset 18998784
Group: 0 Thread 153 Global Thread 153 running on hwthread 153 - Vector length 124992 Offset 19123776
Group: 0 Thread 154 Global Thread 154 running on hwthread 154 - Vector length 124992 Offset 19248768
Group: 0 Thread 155 Global Thread 155 running on hwthread 155 - Vector length 124992 Offset 19373760
Group: 0 Thread 156 Global Thread 156 running on hwthread 156 - Vector length 124992 Offset 19498752
Group: 0 Thread 157 Global Thread 157 running on hwthread 157 - Vector length 124992 Offset 19623744
Group: 0 Thread 158 Global Thread 158 running on hwthread 158 - Vector length 124992 Offset 19748736
Group: 0 Thread 159 Global Thread 159 running on hwthread 159 - Vector length 124992 Offset 19873728
Group: 0 Thread 160 Global Thread 160 running on hwthread 160 - Vector length 124992 Offset 19998720
Group: 0 Thread 161 Global Thread 161 running on hwthread 161 - Vector length 124992 Offset 20123712
Group: 0 Thread 162 Global Thread 162 running on hwthread 162 - Vector length 124992 Offset 20248704
Group: 0 Thread 163 Global Thread 163 running on hwthread 163 - Vector length 124992 Offset 20373696
Group: 0 Thread 164 Global Thread 164 running on hwthread 164 - Vector length 124992 Offset 20498688
Group: 0 Thread 165 Global Thread 165 running on hwthread 165 - Vector length 124992 Offset 20623680
Group: 0 Thread 166 Global Thread 166 running on hwthread 166 - Vector length 124992 Offset 20748672
Group: 0 Thread 167 Global Thread 167 running on hwthread 167 - Vector length 124992 Offset 20873664
Group: 0 Thread 168 Global Thread 168 running on hwthread 168 - Vector length 124992 Offset 20998656
Group: 0 Thread 169 Global Thread 169 running on hwthread 169 - Vector length 124992 Offset 21123648
Group: 0 Thread 170 Global Thread 170 running on hwthread 170 - Vector length 124992 Offset 21248640
Group: 0 Thread 171 Global Thread 171 running on hwthread 171 - Vector length 124992 Offset 21373632
Group: 0 Thread 172 Global Thread 172 running on hwthread 172 - Vector length 124992 Offset 21498624
Group: 0 Thread 173 Global Thread 173 running on hwthread 173 - Vector length 124992 Offset 21623616
Group: 0 Thread 174 Global Thread 174 running on hwthread 174 - Vector length 124992 Offset 21748608
Group: 0 Thread 175 Global Thread 175 running on hwthread 175 - Vector length 124992 Offset 21873600
Group: 0 Thread 176 Global Thread 176 running on hwthread 176 - Vector length 124992 Offset 21998592
Group: 0 Thread 177 Global Thread 177 running on hwthread 177 - Vector length 124992 Offset 22123584
Group: 0 Thread 178 Global Thread 178 running on hwthread 178 - Vector length 124992 Offset 22248576
Group: 0 Thread 179 Global Thread 179 running on hwthread 179 - Vector length 124992 Offset 22373568
Group: 0 Thread 180 Global Thread 180 running on hwthread 180 - Vector length 124992 Offset 22498560
Group: 0 Thread 181 Global Thread 181 running on hwthread 181 - Vector length 124992 Offset 22623552
Group: 0 Thread 182 Global Thread 182 running on hwthread 182 - Vector length 124992 Offset 22748544
Group: 0 Thread 183 Global Thread 183 running on hwthread 183 - Vector length 124992 Offset 22873536
Group: 0 Thread 184 Global Thread 184 running on hwthread 184 - Vector length 124992 Offset 22998528
Group: 0 Thread 185 Global Thread 185 running on hwthread 185 - Vector length 124992 Offset 23123520
Group: 0 Thread 186 Global Thread 186 running on hwthread 186 - Vector length 124992 Offset 23248512
Group: 0 Thread 187 Global Thread 187 running on hwthread 187 - Vector length 124992 Offset 23373504
Group: 0 Thread 188 Global Thread 188 running on hwthread 188 - Vector length 124992 Offset 23498496
Group: 0 Thread 189 Global Thread 189 running on hwthread 189 - Vector length 124992 Offset 23623488
Group: 0 Thread 190 Global Thread 190 running on hwthread 190 - Vector length 124992 Offset 23748480
Group: 0 Thread 191 Global Thread 191 running on hwthread 191 - Vector length 124992 Offset 23873472
--------------------------------------------------------------------------------
Cycles:			390417984
CPU Clock:		2399975004
Cycle Clock:		2399975004
Time:			1.626759e-01 sec
Iterations:		960000
Iterations per thread:	5000
Inner loop executions:	7812
Size (Byte):		95993856
Size per thread:	499968
Number of Flops:	3599769600000
MFlops/s:		22128481.31
Data volume (Byte):	479969280000
MByte/s:		2950464.17
Cycles per update:	0.003254
Cycles per cacheline:	0.052059
Loads per update:	1
Stores per update:	0
Load bytes per element:	4
Store bytes per elem.:	0
Instructions:		142490880032
UOPs:			134991360000
--------------------------------------------------------------------------------
Writing Likwid Marker API results to file /tmp/likwid_750679.txt
--------------------------------------------------------------------------------
Region bench, Group 1: FLOPS_SP
+-------------------+------------+------------+------------+------------+------------+------------+------------+------------+------------+------------+-------------+-------------+-------------+-------------+-------------+-------------+-------------+-------------+-------------+-------------+-------------+-------------+-------------+-------------+-------------+-------------+-------------+-------------+-------------+-------------+-------------+-------------+-------------+-------------+-------------+-------------+-------------+-------------+-------------+-------------+-------------+-------------+-------------+-------------+-------------+-------------+-------------+-------------+-------------+-------------+-------------+-------------+-------------+-------------+-------------+-------------+-------------+-------------+-------------+-------------+-------------+-------------+-------------+-------------+-------------+-------------+-------------+-------------+-------------+-------------+-------------+-------------+-------------+-------------+-------------+-------------+-------------+-------------+-------------+-------------+-------------+-------------+-------------+-------------+-------------+-------------+-------------+-------------+-------------+-------------+-------------+-------------+-------------+-------------+-------------+-------------+-------------+-------------+-------------+-------------+--------------+--------------+--------------+--------------+--------------+--------------+--------------+--------------+--------------+--------------+--------------+--------------+--------------+--------------+--------------+--------------+--------------+--------------+--------------+--------------+--------------+--------------+--------------+--------------+--------------+--------------+--------------+--------------+--------------+--------------+--------------+--------------+--------------+--------------+--------------+--------------+--------------+--------------+--------------+--------------+--------------+--------------+--------------+--------------+--------------+--------------+--------------+--------------+--------------+--------------+--------------+--------------+--------------+--------------+--------------+--------------+--------------+--------------+--------------+--------------+--------------+--------------+--------------+--------------+--------------+--------------+--------------+--------------+--------------+--------------+--------------+--------------+--------------+--------------+--------------+--------------+--------------+--------------+--------------+--------------+--------------+--------------+--------------+--------------+--------------+--------------+--------------+--------------+--------------+--------------+--------------+--------------+
|    Region Info    | HWThread 0 | HWThread 1 | HWThread 2 | HWThread 3 | HWThread 4 | HWThread 5 | HWThread 6 | HWThread 7 | HWThread 8 | HWThread 9 | HWThread 10 | HWThread 11 | HWThread 12 | HWThread 13 | HWThread 14 | HWThread 15 | HWThread 16 | HWThread 17 | HWThread 18 | HWThread 19 | HWThread 20 | HWThread 21 | HWThread 22 | HWThread 23 | HWThread 24 | HWThread 25 | HWThread 26 | HWThread 27 | HWThread 28 | HWThread 29 | HWThread 30 | HWThread 31 | HWThread 32 | HWThread 33 | HWThread 34 | HWThread 35 | HWThread 36 | HWThread 37 | HWThread 38 | HWThread 39 | HWThread 40 | HWThread 41 | HWThread 42 | HWThread 43 | HWThread 44 | HWThread 45 | HWThread 46 | HWThread 47 | HWThread 48 | HWThread 49 | HWThread 50 | HWThread 51 | HWThread 52 | HWThread 53 | HWThread 54 | HWThread 55 | HWThread 56 | HWThread 57 | HWThread 58 | HWThread 59 | HWThread 60 | HWThread 61 | HWThread 62 | HWThread 63 | HWThread 64 | HWThread 65 | HWThread 66 | HWThread 67 | HWThread 68 | HWThread 69 | HWThread 70 | HWThread 71 | HWThread 72 | HWThread 73 | HWThread 74 | HWThread 75 | HWThread 76 | HWThread 77 | HWThread 78 | HWThread 79 | HWThread 80 | HWThread 81 | HWThread 82 | HWThread 83 | HWThread 84 | HWThread 85 | HWThread 86 | HWThread 87 | HWThread 88 | HWThread 89 | HWThread 90 | HWThread 91 | HWThread 92 | HWThread 93 | HWThread 94 | HWThread 95 | HWThread 96 | HWThread 97 | HWThread 98 | HWThread 99 | HWThread 100 | HWThread 101 | HWThread 102 | HWThread 103 | HWThread 104 | HWThread 105 | HWThread 106 | HWThread 107 | HWThread 108 | HWThread 109 | HWThread 110 | HWThread 111 | HWThread 112 | HWThread 113 | HWThread 114 | HWThread 115 | HWThread 116 | HWThread 117 | HWThread 118 | HWThread 119 | HWThread 120 | HWThread 121 | HWThread 122 | HWThread 123 | HWThread 124 | HWThread 125 | HWThread 126 | HWThread 127 | HWThread 128 | HWThread 129 | HWThread 130 | HWThread 131 | HWThread 132 | HWThread 133 | HWThread 134 | HWThread 135 | HWThread 136 | HWThread 137 | HWThread 138 | HWThread 139 | HWThread 140 | HWThread 141 | HWThread 142 | HWThread 143 | HWThread 144 | HWThread 145 | HWThread 146 | HWThread 147 | HWThread 148 | HWThread 149 | HWThread 150 | HWThread 151 | HWThread 152 | HWThread 153 | HWThread 154 | HWThread 155 | HWThread 156 | HWThread 157 | HWThread 158 | HWThread 159 | HWThread 160 | HWThread 161 | HWThread 162 | HWThread 163 | HWThread 164 | HWThread 165 | HWThread 166 | HWThread 167 | HWThread 168 | HWThread 169 | HWThread 170 | HWThread 171 | HWThread 172 | HWThread 173 | HWThread 174 | HWThread 175 | HWThread 176 | HWThread 177 | HWThread 178 | HWThread 179 | HWThread 180 | HWThread 181 | HWThread 182 | HWThread 183 | HWThread 184 | HWThread 185 | HWThread 186 | HWThread 187 | HWThread 188 | HWThread 189 | HWThread 190 | HWThread 191 |
+-------------------+------------+------------+------------+------------+------------+------------+------------+------------+------------+------------+-------------+-------------+-------------+-------------+-------------+-------------+-------------+-------------+-------------+-------------+-------------+-------------+-------------+-------------+-------------+-------------+-------------+-------------+-------------+-------------+-------------+-------------+-------------+-------------+-------------+-------------+-------------+-------------+-------------+-------------+-------------+-------------+-------------+-------------+-------------+-------------+-------------+-------------+-------------+-------------+-------------+-------------+-------------+-------------+-------------+-------------+-------------+-------------+-------------+-------------+-------------+-------------+-------------+-------------+-------------+-------------+-------------+-------------+-------------+-------------+-------------+-------------+-------------+-------------+-------------+-------------+-------------+-------------+-------------+-------------+-------------+-------------+-------------+-------------+-------------+-------------+-------------+-------------+-------------+-------------+-------------+-------------+-------------+-------------+-------------+-------------+-------------+-------------+-------------+-------------+--------------+--------------+--------------+--------------+--------------+--------------+--------------+--------------+--------------+--------------+--------------+--------------+--------------+--------------+--------------+--------------+--------------+--------------+--------------+--------------+--------------+--------------+--------------+--------------+--------------+--------------+--------------+--------------+--------------+--------------+--------------+--------------+--------------+--------------+--------------+--------------+--------------+--------------+--------------+--------------+--------------+--------------+--------------+--------------+--------------+--------------+--------------+--------------+--------------+--------------+--------------+--------------+--------------+--------------+--------------+--------------+--------------+--------------+--------------+--------------+--------------+--------------+--------------+--------------+--------------+--------------+--------------+--------------+--------------+--------------+--------------+--------------+--------------+--------------+--------------+--------------+--------------+--------------+--------------+--------------+--------------+--------------+--------------+--------------+--------------+--------------+--------------+--------------+--------------+--------------+--------------+--------------+
| RDTSC Runtime [s] |   0.161917 |   0.161011 |   0.161052 |   0.161061 |   0.161044 |   0.161016 |   0.161019 |   0.161057 |   0.160911 |   0.161124 |    0.160948 |    0.160940 |    0.160948 |    0.160953 |    0.160950 |    0.160913 |    0.160908 |    0.160908 |    0.160958 |    0.160915 |    0.160909 |    0.160915 |    0.160914 |    0.160913 |    0.161115 |    0.161060 |    0.161054 |    0.161064 |    0.161080 |    0.161053 |    0.161066 |    0.161066 |    0.160945 |    0.160945 |    0.161020 |    0.160943 |    0.161026 |    0.161020 |    0.160927 |    0.160903 |    0.160927 |    0.160924 |    0.160923 |    0.160914 |    0.160912 |    0.160939 |    0.160927 |    0.160909 |    0.160907 |    0.161051 |    0.161046 |    0.160963 |    0.161038 |    0.161046 |    0.161044 |    0.161046 |    0.160932 |    0.161038 |    0.161048 |    0.160931 |    0.160924 |    0.160945 |    0.161127 |    0.161121 |    0.160907 |    0.160929 |    0.160952 |    0.160934 |    0.160899 |    0.160924 |    0.160916 |    0.160926 |    0.160910 |    0.160910 |    0.160924 |    0.160916 |    0.161024 |    0.160939 |    0.160936 |    0.161026 |    0.160923 |    0.160922 |    0.160922 |    0.160930 |    0.161024 |    0.160896 |    0.160895 |    0.160901 |    0.161040 |    0.161020 |    0.160894 |    0.160942 |    0.160904 |    0.160940 |    0.160915 |    0.160942 |    0.160929 |    0.160944 |    0.160907 |    0.160944 |     0.160911 |     0.160924 |     0.160970 |     0.160915 |     0.160922 |     0.160921 |     0.160918 |     0.160928 |     0.161070 |     0.160918 |     0.161129 |     0.161106 |     0.161122 |     0.161123 |     0.161081 |     0.161124 |     0.161065 |     0.161071 |     0.161072 |     0.161069 |     0.161081 |     0.161069 |     0.161079 |     0.161072 |     0.161021 |     0.161020 |     0.161067 |     0.161069 |     0.161067 |     0.161148 |     0.161396 |     0.161017 |     0.161160 |     0.161142 |     0.161338 |     0.161392 |     0.161167 |     0.161274 |     0.161254 |     0.161439 |     0.161016 |     0.161128 |     0.161260 |     0.161386 |     0.160956 |     0.160925 |     0.160920 |     0.160898 |     0.160931 |     0.160936 |     0.160934 |     0.161032 |     0.161105 |     0.161122 |     0.161131 |     0.161076 |     0.161126 |     0.161120 |     0.161133 |     0.161157 |     0.161094 |     0.161057 |     0.161056 |     0.161034 |     0.161051 |     0.161057 |     0.161057 |     0.161097 |     0.161071 |     0.161059 |     0.161149 |     0.161020 |     0.161062 |     0.161036 |     0.161072 |     0.161068 |     0.162643 |     0.162649 |     0.162679 |     0.162676 |     0.162674 |     0.162667 |     0.162666 |     0.162672 |     0.161341 |     0.161671 |     0.161302 |     0.161679 |     0.161262 |     0.161341 |     0.161275 |     0.161337 |
|     call count    |          1 |          1 |          1 |          1 |          1 |          1 |          1 |          1 |          1 |          1 |           1 |           1 |           1 |           1 |           1 |           1 |           1 |           1 |           1 |           1 |           1 |           1 |           1 |           1 |           1 |           1 |           1 |           1 |           1 |           1 |           1 |           1 |           1 |           1 |           1 |           1 |           1 |           1 |           1 |           1 |           1 |           1 |           1 |           1 |           1 |           1 |           1 |           1 |           1 |           1 |           1 |           1 |           1 |           1 |           1 |           1 |           1 |           1 |           1 |           1 |           1 |           1 |           1 |           1 |           1 |           1 |           1 |           1 |           1 |           1 |           1 |           1 |           1 |           1 |           1 |           1 |           1 |           1 |           1 |           1 |           1 |           1 |           1 |           1 |           1 |           1 |           1 |           1 |           1 |           1 |           1 |           1 |           1 |           1 |           1 |           1 |           1 |           1 |           1 |           1 |            1 |            1 |            1 |            1 |            1 |            1 |            1 |            1 |            1 |            1 |            1 |            1 |            1 |            1 |            1 |            1 |            1 |            1 |            1 |            1 |            1 |            1 |            1 |            1 |            1 |            1 |            1 |            1 |            1 |            1 |            1 |            1 |            1 |            1 |            1 |            1 |            1 |            1 |            1 |            1 |            1 |            1 |            1 |            1 |            1 |            1 |            1 |            1 |            1 |            1 |            1 |            1 |            1 |            1 |            1 |            1 |            1 |            1 |            1 |            1 |            1 |            1 |            1 |            1 |            1 |            1 |            1 |            1 |            1 |            1 |            1 |            1 |            1 |            1 |            1 |            1 |            1 |            1 |            1 |            1 |            1 |            1 |            1 |            1 |            1 |            1 |            1 |            1 |            1 |            1 |            1 |            1 |
+-------------------+------------+------------+------------+------------+------------+------------+------------+------------+------------+------------+-------------+-------------+-------------+-------------+-------------+-------------+-------------+-------------+-------------+-------------+-------------+-------------+-------------+-------------+-------------+-------------+-------------+-------------+-------------+-------------+-------------+-------------+-------------+-------------+-------------+-------------+-------------+-------------+-------------+-------------+-------------+-------------+-------------+-------------+-------------+-------------+-------------+-------------+-------------+-------------+-------------+-------------+-------------+-------------+-------------+-------------+-------------+-------------+-------------+-------------+-------------+-------------+-------------+-------------+-------------+-------------+-------------+-------------+-------------+-------------+-------------+-------------+-------------+-------------+-------------+-------------+-------------+-------------+-------------+-------------+-------------+-------------+-------------+-------------+-------------+-------------+-------------+-------------+-------------+-------------+-------------+-------------+-------------+-------------+-------------+-------------+-------------+-------------+-------------+-------------+--------------+--------------+--------------+--------------+--------------+--------------+--------------+--------------+--------------+--------------+--------------+--------------+--------------+--------------+--------------+--------------+--------------+--------------+--------------+--------------+--------------+--------------+--------------+--------------+--------------+--------------+--------------+--------------+--------------+--------------+--------------+--------------+--------------+--------------+--------------+--------------+--------------+--------------+--------------+--------------+--------------+--------------+--------------+--------------+--------------+--------------+--------------+--------------+--------------+--------------+--------------+--------------+--------------+--------------+--------------+--------------+--------------+--------------+--------------+--------------+--------------+--------------+--------------+--------------+--------------+--------------+--------------+--------------+--------------+--------------+--------------+--------------+--------------+--------------+--------------+--------------+--------------+--------------+--------------+--------------+--------------+--------------+--------------+--------------+--------------+--------------+--------------+--------------+--------------+--------------+--------------+--------------+

+---------------------------+---------+-------------+-------------+-------------+-------------+-------------+-------------+-------------+-------------+-------------+-------------+-------------+-------------+-------------+-------------+-------------+-------------+-------------+-------------+-------------+-------------+-------------+-------------+-------------+-------------+-------------+-------------+-------------+-------------+-------------+-------------+-------------+-------------+-------------+-------------+-------------+-------------+-------------+-------------+-------------+-------------+-------------+-------------+-------------+-------------+-------------+-------------+-------------+-------------+-------------+-------------+-------------+-------------+-------------+-------------+-------------+-------------+-------------+-------------+-------------+-------------+-------------+-------------+-------------+-------------+-------------+-------------+-------------+-------------+-------------+-------------+-------------+-------------+-------------+-------------+-------------+-------------+-------------+-------------+-------------+-------------+-------------+-------------+-------------+-------------+-------------+-------------+-------------+-------------+-------------+-------------+-------------+-------------+-------------+-------------+-------------+-------------+-------------+-------------+-------------+-------------+--------------+--------------+--------------+--------------+--------------+--------------+--------------+--------------+--------------+--------------+--------------+--------------+--------------+--------------+--------------+--------------+--------------+--------------+--------------+--------------+--------------+--------------+--------------+--------------+--------------+--------------+--------------+--------------+--------------+--------------+--------------+--------------+--------------+--------------+--------------+--------------+--------------+--------------+--------------+--------------+--------------+--------------+--------------+--------------+--------------+--------------+--------------+--------------+--------------+--------------+--------------+--------------+--------------+--------------+--------------+--------------+--------------+--------------+--------------+--------------+--------------+--------------+--------------+--------------+--------------+--------------+--------------+--------------+--------------+--------------+--------------+--------------+--------------+--------------+--------------+--------------+--------------+--------------+--------------+--------------+--------------+--------------+--------------+--------------+--------------+--------------+--------------+--------------+--------------+--------------+--------------+--------------+
|           Event           | Counter |  HWThread 0 |  HWThread 1 |  HWThread 2 |  HWThread 3 |  HWThread 4 |  HWThread 5 |  HWThread 6 |  HWThread 7 |  HWThread 8 |  HWThread 9 | HWThread 10 | HWThread 11 | HWThread 12 | HWThread 13 | HWThread 14 | HWThread 15 | HWThread 16 | HWThread 17 | HWThread 18 | HWThread 19 | HWThread 20 | HWThread 21 | HWThread 22 | HWThread 23 | HWThread 24 | HWThread 25 | HWThread 26 | HWThread 27 | HWThread 28 | HWThread 29 | HWThread 30 | HWThread 31 | HWThread 32 | HWThread 33 | HWThread 34 | HWThread 35 | HWThread 36 | HWThread 37 | HWThread 38 | HWThread 39 | HWThread 40 | HWThread 41 | HWThread 42 | HWThread 43 | HWThread 44 | HWThread 45 | HWThread 46 | HWThread 47 | HWThread 48 | HWThread 49 | HWThread 50 | HWThread 51 | HWThread 52 | HWThread 53 | HWThread 54 | HWThread 55 | HWThread 56 | HWThread 57 | HWThread 58 | HWThread 59 | HWThread 60 | HWThread 61 | HWThread 62 | HWThread 63 | HWThread 64 | HWThread 65 | HWThread 66 | HWThread 67 | HWThread 68 | HWThread 69 | HWThread 70 | HWThread 71 | HWThread 72 | HWThread 73 | HWThread 74 | HWThread 75 | HWThread 76 | HWThread 77 | HWThread 78 | HWThread 79 | HWThread 80 | HWThread 81 | HWThread 82 | HWThread 83 | HWThread 84 | HWThread 85 | HWThread 86 | HWThread 87 | HWThread 88 | HWThread 89 | HWThread 90 | HWThread 91 | HWThread 92 | HWThread 93 | HWThread 94 | HWThread 95 | HWThread 96 | HWThread 97 | HWThread 98 | HWThread 99 | HWThread 100 | HWThread 101 | HWThread 102 | HWThread 103 | HWThread 104 | HWThread 105 | HWThread 106 | HWThread 107 | HWThread 108 | HWThread 109 | HWThread 110 | HWThread 111 | HWThread 112 | HWThread 113 | HWThread 114 | HWThread 115 | HWThread 116 | HWThread 117 | HWThread 118 | HWThread 119 | HWThread 120 | HWThread 121 | HWThread 122 | HWThread 123 | HWThread 124 | HWThread 125 | HWThread 126 | HWThread 127 | HWThread 128 | HWThread 129 | HWThread 130 | HWThread 131 | HWThread 132 | HWThread 133 | HWThread 134 | HWThread 135 | HWThread 136 | HWThread 137 | HWThread 138 | HWThread 139 | HWThread 140 | HWThread 141 | HWThread 142 | HWThread 143 | HWThread 144 | HWThread 145 | HWThread 146 | HWThread 147 | HWThread 148 | HWThread 149 | HWThread 150 | HWThread 151 | HWThread 152 | HWThread 153 | HWThread 154 | HWThread 155 | HWThread 156 | HWThread 157 | HWThread 158 | HWThread 159 | HWThread 160 | HWThread 161 | HWThread 162 | HWThread 163 | HWThread 164 | HWThread 165 | HWThread 166 | HWThread 167 | HWThread 168 | HWThread 169 | HWThread 170 | HWThread 171 | HWThread 172 | HWThread 173 | HWThread 174 | HWThread 175 | HWThread 176 | HWThread 177 | HWThread 178 | HWThread 179 | HWThread 180 | HWThread 181 | HWThread 182 | HWThread 183 | HWThread 184 | HWThread 185 | HWThread 186 | HWThread 187 | HWThread 188 | HWThread 189 | HWThread 190 | HWThread 191 |
+---------------------------+---------+-------------+-------------+-------------+-------------+-------------+-------------+-------------+-------------+-------------+-------------+-------------+-------------+-------------+-------------+-------------+-------------+-------------+-------------+-------------+-------------+-------------+-------------+-------------+-------------+-------------+-------------+-------------+-------------+-------------+-------------+-------------+-------------+-------------+-------------+-------------+-------------+-------------+-------------+-------------+-------------+-------------+-------------+-------------+-------------+-------------+-------------+-------------+-------------+-------------+-------------+-------------+-------------+-------------+-------------+-------------+-------------+-------------+-------------+-------------+-------------+-------------+-------------+-------------+-------------+-------------+-------------+-------------+-------------+-------------+-------------+-------------+-------------+-------------+-------------+-------------+-------------+-------------+-------------+-------------+-------------+-------------+-------------+-------------+-------------+-------------+-------------+-------------+-------------+-------------+-------------+-------------+-------------+-------------+-------------+-------------+-------------+-------------+-------------+-------------+-------------+--------------+--------------+--------------+--------------+--------------+--------------+--------------+--------------+--------------+--------------+--------------+--------------+--------------+--------------+--------------+--------------+--------------+--------------+--------------+--------------+--------------+--------------+--------------+--------------+--------------+--------------+--------------+--------------+--------------+--------------+--------------+--------------+--------------+--------------+--------------+--------------+--------------+--------------+--------------+--------------+--------------+--------------+--------------+--------------+--------------+--------------+--------------+--------------+--------------+--------------+--------------+--------------+--------------+--------------+--------------+--------------+--------------+--------------+--------------+--------------+--------------+--------------+--------------+--------------+--------------+--------------+--------------+--------------+--------------+--------------+--------------+--------------+--------------+--------------+--------------+--------------+--------------+--------------+--------------+--------------+--------------+--------------+--------------+--------------+--------------+--------------+--------------+--------------+--------------+--------------+--------------+--------------+
|      ACTUAL_CPU_CLOCK     |  FIXC1  |   601943100 |   600796800 |   601170600 |   601167900 |   601155000 |   601114300 |   601106600 |   601215700 |   600844300 |   600915000 |   600847800 |   600861000 |   600864600 |   600876800 |   601058400 |   600882000 |   600246600 |   600875300 |   600871000 |   600123800 |   600180400 |   600307300 |   602222900 |   600134300 |   601774100 |   601628200 |   601683100 |   601654500 |   601727900 |   601687500 |   601669300 |   601722700 |   600219200 |   600215800 |   601270200 |   600225200 |   601269800 |   601270200 |   600206500 |   600197500 |   599974100 |   600029300 |   600431600 |   600055500 |   600266900 |   600238800 |   600063600 |   600048800 |   600885300 |   602057300 |   602001000 |   600795100 |   602027700 |   602056600 |   602047300 |   602024200 |   600684200 |   601908100 |   601948400 |   600838600 |   600842600 |   600846700 |   600669500 |   600646100 |   601135200 |   600660500 |   600691000 |   600645600 |   600474700 |   600583500 |   600585500 |   600584000 |   602071100 |   601745500 |   600505500 |   600532400 |   601565600 |   600504900 |   600511300 |   601576700 |   602488900 |   602457700 |   600870000 |   602500300 |   603649100 |   600745100 |   602305800 |   600803500 |   601713500 |   601661000 |   600492000 |   600610600 |   600572200 |   600625800 |   600521300 |   600644700 |   603319800 |   603331600 |   602968500 |   602604100 |    603019000 |    603252400 |    602953600 |    603026600 |    603474100 |    603204700 |    602530400 |    603388500 |    604836200 |    603336900 |    604990600 |    605083400 |    603737000 |    604136200 |    603679000 |    603964300 |    603897700 |    603981800 |    603827600 |    603839900 |    600901000 |    600708000 |    601155700 |    601078400 |    600734700 |    600985900 |    601107100 |    600839000 |    601791100 |    602543000 |    602967500 |    602699200 |    602795000 |    602643300 |    602924800 |    602825900 |    603402500 |    603420900 |    602670300 |    602676100 |    602473900 |    603096900 |    602976300 |    603315900 |    603121000 |    603389300 |    603334200 |    602714200 |    603454300 |    603514400 |    602810500 |    604773000 |    604449700 |    604465700 |    604450800 |    604491100 |    604473100 |    604465500 |    604242100 |    604455300 |    604135900 |    604028600 |    603972100 |    603954400 |    603596900 |    604030900 |    603625000 |    603725500 |    599948600 |    599944300 |    599849000 |    599844300 |    599526000 |    600283900 |    599526200 |    599572900 |    604243700 |    604261000 |    604274200 |    604273400 |    604273900 |    604294400 |    604266700 |    604278100 |    602186200 |    602503200 |    603145800 |    602443300 |    602392000 |    602445800 |    602414300 |    603180300 |
|       MAX_CPU_CLOCK       |  FIXC2  |   392185600 |   391010700 |   391158500 |   391144900 |   391133200 |   391105300 |   391107000 |   391159500 |   390284400 |   390456100 |   390359400 |   390337900 |   390342200 |   390507800 |   391076900 |   390906500 |   390805300 |   390803700 |   390816000 |   390726200 |   390798200 |   390840600 |   390881800 |   390757000 |   391258300 |   391099700 |   391172500 |   391176400 |   391221400 |   391197800 |   391140600 |   391220700 |   390413200 |   390432100 |   391065400 |   390438900 |   391058000 |   391070400 |   390389900 |   390372500 |   390312600 |   390325500 |   391004800 |   390364800 |   390888500 |   390202900 |   390384100 |   390359700 |   390965300 |   391752000 |   391712600 |   390904100 |   391729700 |   391742100 |   391740000 |   391738700 |   390914400 |   391712700 |   391724800 |   391000900 |   390987100 |   391068200 |   390897000 |   390867900 |   390829800 |   390969600 |   391065000 |   390931700 |   390833900 |   390932600 |   390882100 |   390924900 |   390813200 |   391013600 |   391030200 |   391053300 |   391727100 |   391040100 |   391066700 |   391725500 |   390713100 |   390679500 |   390903200 |   390708100 |   391472200 |   390857700 |   390598800 |   390880400 |   391101200 |   391594600 |   390341600 |   390407100 |   390315800 |   390502500 |   390847000 |   390985600 |   391470900 |   391528800 |   391236600 |   391149900 |    391328400 |    391422400 |    391236000 |    391269400 |    391303000 |    390754700 |    390720200 |    391757000 |    392222300 |    391248500 |    392307400 |    391862400 |    391899600 |    391737400 |    391867900 |    391644200 |    391622000 |    391659900 |    391570100 |    391587400 |    391494700 |    391831100 |    391684300 |    391650100 |    391394800 |    391573800 |    391669000 |    391479300 |    391562400 |    392748100 |    392845100 |    392484400 |    392051200 |    392361100 |    393000800 |    392796900 |    392788800 |    392831200 |    392310800 |    392301200 |    391533800 |    392794700 |    392903100 |    393207200 |    390683600 |    391702700 |    391667000 |    390810400 |    391292300 |    391823100 |    390880400 |    392152200 |    391351000 |    391355100 |    391443200 |    391359400 |    391387600 |    391373600 |    391807900 |    391513700 |    391765500 |    391694600 |    391657000 |    391634300 |    391782600 |    391693200 |    391984500 |    391888900 |    391642900 |    391643700 |    391586200 |    391573400 |    391801900 |    392232500 |    391814800 |    391802200 |    392812200 |    392812700 |    392828800 |    392825500 |    392825900 |    392840700 |    392825400 |    392829000 |    392363100 |    392578700 |    393441800 |    392528400 |    392392100 |    392508700 |    392332100 |    393512000 |
|    RETIRED_INSTRUCTIONS   |   PMC0  |   743485500 |   743176100 |   743398300 |   743214800 |   743236000 |   743401700 |   743217500 |   743420300 |   743395600 |   743551100 |   743419100 |   743422800 |   743413200 |   743420600 |   743415200 |   743367000 |   743307100 |   743150800 |   743333100 |   743289900 |   743299200 |   743306900 |   743300700 |   743305200 |   743525900 |   743471500 |   743447700 |   743443800 |   743493100 |   743471700 |   743482400 |   743487800 |   743321100 |   743321900 |   743382800 |   743138900 |   743389900 |   743385400 |   743310900 |   743271500 |   743291800 |   743294700 |   743105100 |   743282500 |   743285200 |   743316200 |   743110200 |   743286000 |   743379300 |   743473700 |   743459000 |   743440000 |   743466200 |   743471200 |   743487000 |   743482800 |   743394700 |   743314700 |   743491400 |   743399400 |   743203900 |   743439500 |   743361000 |   743367500 |   743363500 |   743376300 |   743410600 |   743389100 |   743375000 |   743359100 |   743387500 |   743386900 |   743299700 |   743107300 |   743110400 |   743105300 |   743393400 |   743105300 |   743320800 |   743392400 |   743366500 |   743363800 |   743365600 |   743189400 |   743468100 |   743356600 |   743359700 |   743355500 |   743485300 |   743466800 |   743340400 |   743395300 |   743378800 |   743407200 |   743372600 |   743220900 |   742948900 |   742991700 |   742933300 |   743003700 |    743138900 |    742969000 |    743019400 |    743137600 |    743056700 |    743064800 |    743055200 |    743075100 |    743347200 |    743057800 |    743399900 |    743188100 |    743207700 |    743203600 |    743179300 |    743214400 |    743330800 |    743172100 |    743173200 |    743151600 |    742615600 |    742617600 |    742625500 |    742790600 |    742772100 |    742591800 |    742778500 |    742613500 |    742695000 |    742772400 |    742917000 |    742681100 |    742766800 |    742748000 |    742881000 |    742916600 |    743070400 |    743136500 |    742937800 |    743227300 |    742964300 |    742855500 |    742954500 |    743032000 |    743072200 |    743058200 |    743036200 |    743025400 |    743042700 |    743057300 |    743034300 |    743099700 |    743176600 |    743178000 |    743184700 |    743161500 |    743186100 |    743182000 |    743187800 |    743203500 |    743157800 |    743131900 |    743116400 |    743100000 |    743302900 |    743117500 |    743304400 |    743343700 |    742436300 |    742397100 |    742483300 |    742398600 |    742407100 |    742394400 |    742421700 |    742431300 |    744251200 |    744241300 |    743957000 |    744217100 |    744247700 |    744194800 |    744267300 |    744254100 |    742935900 |    743327300 |    742912100 |    743343900 |    743040300 |    742913000 |    743046500 |    743085500 |
|    CPU_CLOCKS_UNHALTED    |   PMC1  |   592857700 |   590862100 |   592055900 |   591056200 |   591018000 |   591916200 |   590945700 |   592041100 |   591940600 |   592733100 |   592107200 |   592108800 |   592082200 |   592104800 |   592052900 |   591945000 |   591509200 |   591492700 |   591529500 |   591473000 |   591479900 |   591514600 |   591489900 |   591524500 |   592652900 |   592426200 |   592306900 |   592304000 |   592498000 |   592438500 |   592462000 |   592470500 |   591511400 |   591514500 |   591816900 |   590495400 |   591872000 |   591842500 |   591447500 |   591389900 |   591499800 |   591511800 |   590426000 |   591425100 |   591432200 |   591576900 |   590466900 |   591439000 |   591892300 |   592435600 |   592364800 |   592156100 |   592389800 |   592443900 |   592520600 |   592490200 |   591999600 |   591414400 |   592437000 |   592028900 |   590949900 |   592124000 |   591702300 |   591715000 |   591823400 |   591945000 |   591994500 |   591949600 |   591863400 |   591853100 |   591954600 |   591950000 |   591508500 |   590430000 |   590436300 |   590417700 |   591854700 |   590384400 |   591554500 |   591877900 |   591928900 |   591916600 |   591945300 |   590971600 |   592296700 |   591857200 |   591863500 |   591859200 |   592360200 |   592274300 |   591841200 |   591950700 |   591837200 |   591984200 |   591931300 |   590945900 |   589584600 |   589711000 |   589490300 |   589782000 |    590635800 |    589647800 |    589840300 |    590611800 |    590136100 |    590164200 |    590096900 |    590182500 |    591676200 |    590104800 |    591963700 |    590797700 |    590901300 |    590864800 |    590758000 |    590923200 |    591642400 |    590761400 |    590770800 |    590627600 |    587653600 |    587718900 |    587701800 |    588653200 |    588492400 |    587500500 |    588605400 |    587689600 |    588018400 |    588424300 |    589254600 |    587923900 |    588390000 |    588302800 |    589034500 |    589231000 |    590093200 |    590489600 |    589350700 |    591045700 |    589515700 |    588904400 |    589457200 |    589890900 |    590108900 |    590085800 |    589964800 |    589953200 |    590012700 |    590062600 |    589944300 |    590378900 |    590783300 |    590815800 |    590850700 |    590657000 |    590841700 |    590823500 |    590848600 |    590919500 |    590598600 |    591499500 |    590413900 |    590366100 |    591481300 |    590410000 |    591487900 |    591660500 |    586576100 |    586372500 |    586789700 |    586316600 |    586443300 |    586321000 |    586482800 |    586541700 |    596774600 |    596725000 |    595131300 |    596601900 |    596786100 |    596494000 |    596900700 |    596813800 |    589342600 |    591554300 |    589193000 |    591663400 |    590009000 |    589362000 |    590105900 |    590327800 |
| RETIRED_SSE_AVX_FLOPS_ALL |   PMC2  | 18748800000 | 18748800000 | 18748800000 | 18748800000 | 18748800000 | 18748800000 | 18748800000 | 18748800000 | 18748800000 | 18748800000 | 18748800000 | 18748800000 | 18748800000 | 18748800000 | 18748800000 | 18748800000 | 18748800000 | 18748800000 | 18748800000 | 18748800000 | 18748800000 | 18748800000 | 18748800000 | 18748800000 | 18748800000 | 18748800000 | 18748800000 | 18748800000 | 18748800000 | 18748800000 | 18748800000 | 18748800000 | 18748800000 | 18748800000 | 18748800000 | 18748800000 | 18748800000 | 18748800000 | 18748800000 | 18748800000 | 18748800000 | 18748800000 | 18748800000 | 18748800000 | 18748800000 | 18748800000 | 18748800000 | 18748800000 | 18748800000 | 18748800000 | 18748800000 | 18748800000 | 18748800000 | 18748800000 | 18748800000 | 18748800000 | 18748800000 | 18748800000 | 18748800000 | 18748800000 | 18748800000 | 18748800000 | 18748800000 | 18748800000 | 18748800000 | 18748800000 | 18748800000 | 18748800000 | 18748800000 | 18748800000 | 18748800000 | 18748800000 | 18748800000 | 18748800000 | 18748800000 | 18748800000 | 18748800000 | 18748800000 | 18748800000 | 18748800000 | 18748800000 | 18748800000 | 18748800000 | 18748800000 | 18748800000 | 18748800000 | 18748800000 | 18748800000 | 18748800000 | 18748800000 | 18748800000 | 18748800000 | 18748800000 | 18748800000 | 18748800000 | 18748800000 | 18748800000 | 18748800000 | 18748800000 | 18748800000 |  18748800000 |  18748800000 |  18748800000 |  18748800000 |  18748800000 |  18748800000 |  18748800000 |  18748800000 |  18748800000 |  18748800000 |  18748800000 |  18748800000 |  18748800000 |  18748800000 |  18748800000 |  18748800000 |  18748800000 |  18748800000 |  18748800000 |  18748800000 |  18748800000 |  18748800000 |  18748800000 |  18748800000 |  18748800000 |  18748800000 |  18748800000 |  18748800000 |  18748800000 |  18748800000 |  18748800000 |  18748800000 |  18748800000 |  18748800000 |  18748800000 |  18748800000 |  18748800000 |  18748800000 |  18748800000 |  18748800000 |  18748800000 |  18748800000 |  18748800000 |  18748800000 |  18748800000 |  18748800000 |  18748800000 |  18748800000 |  18748800000 |  18748800000 |  18748800000 |  18748800000 |  18748800000 |  18748800000 |  18748800000 |  18748800000 |  18748800000 |  18748800000 |  18748800000 |  18748800000 |  18748800000 |  18748800000 |  18748800000 |  18748800000 |  18748800000 |  18748800000 |  18748800000 |  18748800000 |  18748800000 |  18748800000 |  18748800000 |  18748800000 |  18748800000 |  18748800000 |  18748800000 |  18748800000 |  18748800000 |  18748800000 |  18748800000 |  18748800000 |  18748800000 |  18748800000 |  18748800000 |  18748800000 |  18748800000 |  18748800000 |  18748800000 |  18748800000 |  18748800000 |  18748800000 |  18748800000 |  18748800000 |
|           MERGE           |   PMC3  |           0 |           0 |           0 |           0 |           0 |           0 |           0 |           0 |           0 |           0 |           0 |           0 |           0 |           0 |           0 |           0 |           0 |           0 |           0 |           0 |           0 |           0 |           0 |           0 |           0 |           0 |           0 |           0 |           0 |           0 |           0 |           0 |           0 |           0 |           0 |           0 |           0 |           0 |           0 |           0 |           0 |           0 |           0 |           0 |           0 |           0 |           0 |           0 |           0 |           0 |           0 |           0 |           0 |           0 |           0 |           0 |           0 |           0 |           0 |           0 |           0 |           0 |           0 |           0 |           0 |           0 |           0 |           0 |           0 |           0 |           0 |           0 |           0 |           0 |           0 |           0 |           0 |           0 |           0 |           0 |           0 |           0 |           0 |           0 |           0 |           0 |           0 |           0 |           0 |           0 |           0 |           0 |           0 |           0 |           0 |           0 |           0 |           0 |           0 |           0 |            0 |            0 |            0 |            0 |            0 |            0 |            0 |            0 |            0 |            0 |            0 |            0 |            0 |            0 |            0 |            0 |            0 |            0 |            0 |            0 |            0 |            0 |            0 |            0 |            0 |            0 |            0 |            0 |            0 |            0 |            0 |            0 |            0 |            0 |            0 |            0 |            0 |            0 |            0 |            0 |            0 |            0 |            0 |            0 |            0 |            0 |            0 |            0 |            0 |            0 |            0 |            0 |            0 |            0 |            0 |            0 |            0 |            0 |            0 |            0 |            0 |            0 |            0 |            0 |            0 |            0 |            0 |            0 |            0 |            0 |            0 |            0 |            0 |            0 |            0 |            0 |            0 |            0 |            0 |            0 |            0 |            0 |            0 |            0 |            0 |            0 |            0 |            0 |            0 |            0 |            0 |            0 |
+---------------------------+---------+-------------+-------------+-------------+-------------+-------------+-------------+-------------+-------------+-------------+-------------+-------------+-------------+-------------+-------------+-------------+-------------+-------------+-------------+-------------+-------------+-------------+-------------+-------------+-------------+-------------+-------------+-------------+-------------+-------------+-------------+-------------+-------------+-------------+-------------+-------------+-------------+-------------+-------------+-------------+-------------+-------------+-------------+-------------+-------------+-------------+-------------+-------------+-------------+-------------+-------------+-------------+-------------+-------------+-------------+-------------+-------------+-------------+-------------+-------------+-------------+-------------+-------------+-------------+-------------+-------------+-------------+-------------+-------------+-------------+-------------+-------------+-------------+-------------+-------------+-------------+-------------+-------------+-------------+-------------+-------------+-------------+-------------+-------------+-------------+-------------+-------------+-------------+-------------+-------------+-------------+-------------+-------------+-------------+-------------+-------------+-------------+-------------+-------------+-------------+-------------+--------------+--------------+--------------+--------------+--------------+--------------+--------------+--------------+--------------+--------------+--------------+--------------+--------------+--------------+--------------+--------------+--------------+--------------+--------------+--------------+--------------+--------------+--------------+--------------+--------------+--------------+--------------+--------------+--------------+--------------+--------------+--------------+--------------+--------------+--------------+--------------+--------------+--------------+--------------+--------------+--------------+--------------+--------------+--------------+--------------+--------------+--------------+--------------+--------------+--------------+--------------+--------------+--------------+--------------+--------------+--------------+--------------+--------------+--------------+--------------+--------------+--------------+--------------+--------------+--------------+--------------+--------------+--------------+--------------+--------------+--------------+--------------+--------------+--------------+--------------+--------------+--------------+--------------+--------------+--------------+--------------+--------------+--------------+--------------+--------------+--------------+--------------+--------------+--------------+--------------+--------------+--------------+

+--------------------------------+---------+---------------+-------------+-------------+--------------+
|              Event             | Counter |      Sum      |     Min     |     Max     |      Avg     |
+--------------------------------+---------+---------------+-------------+-------------+--------------+
|      ACTUAL_CPU_CLOCK STAT     |  FIXC1  |  115586786300 |   599526000 |   605083400 | 6.020145e+08 |
|       MAX_CPU_CLOCK STAT       |  FIXC2  |   75155243400 |   390202900 |   393512000 | 3.914336e+08 |
|    RETIRED_INSTRUCTIONS STAT   |   PMC0  |  142698019100 |   742394400 |   744267300 | 7.432188e+08 |
|    CPU_CLOCKS_UNHALTED STAT    |   PMC1  |  113473309300 |   586316600 |   596900700 | 5.910068e+08 |
| RETIRED_SSE_AVX_FLOPS_ALL STAT |   PMC2  | 3599769600000 | 18748800000 | 18748800000 |  18748800000 |
|           MERGE STAT           |   PMC3  |             0 |           0 |           0 |            0 |
+--------------------------------+---------+---------------+-------------+-------------+--------------+

+----------------------+-------------+-------------+-------------+-------------+-------------+-------------+-------------+-------------+-------------+-------------+-------------+-------------+-------------+-------------+-------------+-------------+-------------+-------------+-------------+-------------+-------------+-------------+-------------+-------------+-------------+-------------+-------------+-------------+-------------+-------------+-------------+-------------+-------------+-------------+-------------+-------------+-------------+-------------+-------------+-------------+-------------+-------------+-------------+-------------+-------------+-------------+-------------+-------------+-------------+-------------+-------------+-------------+-------------+-------------+-------------+-------------+-------------+-------------+-------------+-------------+-------------+-------------+-------------+-------------+-------------+-------------+-------------+-------------+-------------+-------------+-------------+-------------+-------------+-------------+-------------+-------------+-------------+-------------+-------------+-------------+-------------+-------------+-------------+-------------+-------------+-------------+-------------+-------------+-------------+-------------+-------------+-------------+-------------+-------------+-------------+-------------+-------------+-------------+-------------+-------------+--------------+--------------+--------------+--------------+--------------+--------------+--------------+--------------+--------------+--------------+--------------+--------------+--------------+--------------+--------------+--------------+--------------+--------------+--------------+--------------+--------------+--------------+--------------+--------------+--------------+--------------+--------------+--------------+--------------+--------------+--------------+--------------+--------------+--------------+--------------+--------------+--------------+--------------+--------------+--------------+--------------+--------------+--------------+--------------+--------------+--------------+--------------+--------------+--------------+--------------+--------------+--------------+--------------+--------------+--------------+--------------+--------------+--------------+--------------+--------------+--------------+--------------+--------------+--------------+--------------+--------------+--------------+--------------+--------------+--------------+--------------+--------------+--------------+--------------+--------------+--------------+--------------+--------------+--------------+--------------+--------------+--------------+--------------+--------------+--------------+--------------+--------------+--------------+--------------+--------------+--------------+--------------+
|        Metric        |  HWThread 0 |  HWThread 1 |  HWThread 2 |  HWThread 3 |  HWThread 4 |  HWThread 5 |  HWThread 6 |  HWThread 7 |  HWThread 8 |  HWThread 9 | HWThread 10 | HWThread 11 | HWThread 12 | HWThread 13 | HWThread 14 | HWThread 15 | HWThread 16 | HWThread 17 | HWThread 18 | HWThread 19 | HWThread 20 | HWThread 21 | HWThread 22 | HWThread 23 | HWThread 24 | HWThread 25 | HWThread 26 | HWThread 27 | HWThread 28 | HWThread 29 | HWThread 30 | HWThread 31 | HWThread 32 | HWThread 33 | HWThread 34 | HWThread 35 | HWThread 36 | HWThread 37 | HWThread 38 | HWThread 39 | HWThread 40 | HWThread 41 | HWThread 42 | HWThread 43 | HWThread 44 | HWThread 45 | HWThread 46 | HWThread 47 | HWThread 48 | HWThread 49 | HWThread 50 | HWThread 51 | HWThread 52 | HWThread 53 | HWThread 54 | HWThread 55 | HWThread 56 | HWThread 57 | HWThread 58 | HWThread 59 | HWThread 60 | HWThread 61 | HWThread 62 | HWThread 63 | HWThread 64 | HWThread 65 | HWThread 66 | HWThread 67 | HWThread 68 | HWThread 69 | HWThread 70 | HWThread 71 | HWThread 72 | HWThread 73 | HWThread 74 | HWThread 75 | HWThread 76 | HWThread 77 | HWThread 78 | HWThread 79 | HWThread 80 | HWThread 81 | HWThread 82 | HWThread 83 | HWThread 84 | HWThread 85 | HWThread 86 | HWThread 87 | HWThread 88 | HWThread 89 | HWThread 90 | HWThread 91 | HWThread 92 | HWThread 93 | HWThread 94 | HWThread 95 | HWThread 96 | HWThread 97 | HWThread 98 | HWThread 99 | HWThread 100 | HWThread 101 | HWThread 102 | HWThread 103 | HWThread 104 | HWThread 105 | HWThread 106 | HWThread 107 | HWThread 108 | HWThread 109 | HWThread 110 | HWThread 111 | HWThread 112 | HWThread 113 | HWThread 114 | HWThread 115 | HWThread 116 | HWThread 117 | HWThread 118 | HWThread 119 | HWThread 120 | HWThread 121 | HWThread 122 | HWThread 123 | HWThread 124 | HWThread 125 | HWThread 126 | HWThread 127 | HWThread 128 | HWThread 129 | HWThread 130 | HWThread 131 | HWThread 132 | HWThread 133 | HWThread 134 | HWThread 135 | HWThread 136 | HWThread 137 | HWThread 138 | HWThread 139 | HWThread 140 | HWThread 141 | HWThread 142 | HWThread 143 | HWThread 144 | HWThread 145 | HWThread 146 | HWThread 147 | HWThread 148 | HWThread 149 | HWThread 150 | HWThread 151 | HWThread 152 | HWThread 153 | HWThread 154 | HWThread 155 | HWThread 156 | HWThread 157 | HWThread 158 | HWThread 159 | HWThread 160 | HWThread 161 | HWThread 162 | HWThread 163 | HWThread 164 | HWThread 165 | HWThread 166 | HWThread 167 | HWThread 168 | HWThread 169 | HWThread 170 | HWThread 171 | HWThread 172 | HWThread 173 | HWThread 174 | HWThread 175 | HWThread 176 | HWThread 177 | HWThread 178 | HWThread 179 | HWThread 180 | HWThread 181 | HWThread 182 | HWThread 183 | HWThread 184 | HWThread 185 | HWThread 186 | HWThread 187 | HWThread 188 | HWThread 189 | HWThread 190 | HWThread 191 |
+----------------------+-------------+-------------+-------------+-------------+-------------+-------------+-------------+-------------+-------------+-------------+-------------+-------------+-------------+-------------+-------------+-------------+-------------+-------------+-------------+-------------+-------------+-------------+-------------+-------------+-------------+-------------+-------------+-------------+-------------+-------------+-------------+-------------+-------------+-------------+-------------+-------------+-------------+-------------+-------------+-------------+-------------+-------------+-------------+-------------+-------------+-------------+-------------+-------------+-------------+-------------+-------------+-------------+-------------+-------------+-------------+-------------+-------------+-------------+-------------+-------------+-------------+-------------+-------------+-------------+-------------+-------------+-------------+-------------+-------------+-------------+-------------+-------------+-------------+-------------+-------------+-------------+-------------+-------------+-------------+-------------+-------------+-------------+-------------+-------------+-------------+-------------+-------------+-------------+-------------+-------------+-------------+-------------+-------------+-------------+-------------+-------------+-------------+-------------+-------------+-------------+--------------+--------------+--------------+--------------+--------------+--------------+--------------+--------------+--------------+--------------+--------------+--------------+--------------+--------------+--------------+--------------+--------------+--------------+--------------+--------------+--------------+--------------+--------------+--------------+--------------+--------------+--------------+--------------+--------------+--------------+--------------+--------------+--------------+--------------+--------------+--------------+--------------+--------------+--------------+--------------+--------------+--------------+--------------+--------------+--------------+--------------+--------------+--------------+--------------+--------------+--------------+--------------+--------------+--------------+--------------+--------------+--------------+--------------+--------------+--------------+--------------+--------------+--------------+--------------+--------------+--------------+--------------+--------------+--------------+--------------+--------------+--------------+--------------+--------------+--------------+--------------+--------------+--------------+--------------+--------------+--------------+--------------+--------------+--------------+--------------+--------------+--------------+--------------+--------------+--------------+--------------+--------------+
|  Runtime (RDTSC) [s] |      0.1619 |      0.1610 |      0.1611 |      0.1611 |      0.1610 |      0.1610 |      0.1610 |      0.1611 |      0.1609 |      0.1611 |      0.1609 |      0.1609 |      0.1609 |      0.1610 |      0.1610 |      0.1609 |      0.1609 |      0.1609 |      0.1610 |      0.1609 |      0.1609 |      0.1609 |      0.1609 |      0.1609 |      0.1611 |      0.1611 |      0.1611 |      0.1611 |      0.1611 |      0.1611 |      0.1611 |      0.1611 |      0.1609 |      0.1609 |      0.1610 |      0.1609 |      0.1610 |      0.1610 |      0.1609 |      0.1609 |      0.1609 |      0.1609 |      0.1609 |      0.1609 |      0.1609 |      0.1609 |      0.1609 |      0.1609 |      0.1609 |      0.1611 |      0.1610 |      0.1610 |      0.1610 |      0.1610 |      0.1610 |      0.1610 |      0.1609 |      0.1610 |      0.1610 |      0.1609 |      0.1609 |      0.1609 |      0.1611 |      0.1611 |      0.1609 |      0.1609 |      0.1610 |      0.1609 |      0.1609 |      0.1609 |      0.1609 |      0.1609 |      0.1609 |      0.1609 |      0.1609 |      0.1609 |      0.1610 |      0.1609 |      0.1609 |      0.1610 |      0.1609 |      0.1609 |      0.1609 |      0.1609 |      0.1610 |      0.1609 |      0.1609 |      0.1609 |      0.1610 |      0.1610 |      0.1609 |      0.1609 |      0.1609 |      0.1609 |      0.1609 |      0.1609 |      0.1609 |      0.1609 |      0.1609 |      0.1609 |       0.1609 |       0.1609 |       0.1610 |       0.1609 |       0.1609 |       0.1609 |       0.1609 |       0.1609 |       0.1611 |       0.1609 |       0.1611 |       0.1611 |       0.1611 |       0.1611 |       0.1611 |       0.1611 |       0.1611 |       0.1611 |       0.1611 |       0.1611 |       0.1611 |       0.1611 |       0.1611 |       0.1611 |       0.1610 |       0.1610 |       0.1611 |       0.1611 |       0.1611 |       0.1611 |       0.1614 |       0.1610 |       0.1612 |       0.1611 |       0.1613 |       0.1614 |       0.1612 |       0.1613 |       0.1613 |       0.1614 |       0.1610 |       0.1611 |       0.1613 |       0.1614 |       0.1610 |       0.1609 |       0.1609 |       0.1609 |       0.1609 |       0.1609 |       0.1609 |       0.1610 |       0.1611 |       0.1611 |       0.1611 |       0.1611 |       0.1611 |       0.1611 |       0.1611 |       0.1612 |       0.1611 |       0.1611 |       0.1611 |       0.1610 |       0.1611 |       0.1611 |       0.1611 |       0.1611 |       0.1611 |       0.1611 |       0.1611 |       0.1610 |       0.1611 |       0.1610 |       0.1611 |       0.1611 |       0.1626 |       0.1626 |       0.1627 |       0.1627 |       0.1627 |       0.1627 |       0.1627 |       0.1627 |       0.1613 |       0.1617 |       0.1613 |       0.1617 |       0.1613 |       0.1613 |       0.1613 |       0.1613 |
| Runtime unhalted [s] |      0.2508 |      0.2503 |      0.2505 |      0.2505 |      0.2505 |      0.2505 |      0.2505 |      0.2505 |      0.2504 |      0.2504 |      0.2504 |      0.2504 |      0.2504 |      0.2504 |      0.2504 |      0.2504 |      0.2501 |      0.2504 |      0.2504 |      0.2501 |      0.2501 |      0.2501 |      0.2509 |      0.2501 |      0.2507 |      0.2507 |      0.2507 |      0.2507 |      0.2507 |      0.2507 |      0.2507 |      0.2507 |      0.2501 |      0.2501 |      0.2505 |      0.2501 |      0.2505 |      0.2505 |      0.2501 |      0.2501 |      0.2500 |      0.2500 |      0.2502 |      0.2500 |      0.2501 |      0.2501 |      0.2500 |      0.2500 |      0.2504 |      0.2509 |      0.2508 |      0.2503 |      0.2508 |      0.2509 |      0.2509 |      0.2508 |      0.2503 |      0.2508 |      0.2508 |      0.2504 |      0.2504 |      0.2504 |      0.2503 |      0.2503 |      0.2505 |      0.2503 |      0.2503 |      0.2503 |      0.2502 |      0.2502 |      0.2502 |      0.2502 |      0.2509 |      0.2507 |      0.2502 |      0.2502 |      0.2507 |      0.2502 |      0.2502 |      0.2507 |      0.2510 |      0.2510 |      0.2504 |      0.2510 |      0.2515 |      0.2503 |      0.2510 |      0.2503 |      0.2507 |      0.2507 |      0.2502 |      0.2503 |      0.2502 |      0.2503 |      0.2502 |      0.2503 |      0.2514 |      0.2514 |      0.2512 |      0.2511 |       0.2513 |       0.2514 |       0.2512 |       0.2513 |       0.2514 |       0.2513 |       0.2511 |       0.2514 |       0.2520 |       0.2514 |       0.2521 |       0.2521 |       0.2516 |       0.2517 |       0.2515 |       0.2517 |       0.2516 |       0.2517 |       0.2516 |       0.2516 |       0.2504 |       0.2503 |       0.2505 |       0.2505 |       0.2503 |       0.2504 |       0.2505 |       0.2504 |       0.2507 |       0.2511 |       0.2512 |       0.2511 |       0.2512 |       0.2511 |       0.2512 |       0.2512 |       0.2514 |       0.2514 |       0.2511 |       0.2511 |       0.2510 |       0.2513 |       0.2512 |       0.2514 |       0.2513 |       0.2514 |       0.2514 |       0.2511 |       0.2514 |       0.2515 |       0.2512 |       0.2520 |       0.2519 |       0.2519 |       0.2519 |       0.2519 |       0.2519 |       0.2519 |       0.2518 |       0.2519 |       0.2517 |       0.2517 |       0.2517 |       0.2516 |       0.2515 |       0.2517 |       0.2515 |       0.2516 |       0.2500 |       0.2500 |       0.2499 |       0.2499 |       0.2498 |       0.2501 |       0.2498 |       0.2498 |       0.2518 |       0.2518 |       0.2518 |       0.2518 |       0.2518 |       0.2518 |       0.2518 |       0.2518 |       0.2509 |       0.2510 |       0.2513 |       0.2510 |       0.2510 |       0.2510 |       0.2510 |       0.2513 |
|      Clock [MHz]     |   3683.5922 |   3687.6247 |   3688.5248 |   3688.6365 |   3688.6677 |   3688.6811 |   3688.6178 |   3688.7921 |   3694.7793 |   3693.5891 |   3694.0910 |   3694.3756 |   3694.3570 |   3692.8654 |   3688.6059 |   3689.1308 |   3686.1840 |   3690.0601 |   3689.9175 |   3686.1760 |   3685.8445 |   3686.2239 |   3697.5969 |   3685.9500 |   3691.2859 |   3691.8875 |   3691.5372 |   3691.3249 |   3691.3506 |   3691.3254 |   3691.7536 |   3691.3253 |   3689.7177 |   3689.5182 |   3690.0142 |   3689.5117 |   3690.0816 |   3689.9670 |   3689.8599 |   3689.9690 |   3689.1616 |   3689.3791 |   3685.4388 |   3689.1688 |   3685.5241 |   3691.8268 |   3689.0362 |   3689.1758 |   3688.5962 |   3688.3689 |   3688.3950 |   3688.6199 |   3688.3976 |   3688.4579 |   3688.4207 |   3688.2914 |   3687.8419 |   3687.8249 |   3687.9578 |   3687.9737 |   3688.1285 |   3687.3888 |   3687.9158 |   3688.0467 |   3691.4096 |   3687.1757 |   3686.4634 |   3687.4417 |   3687.3150 |   3687.0520 |   3687.5406 |   3687.1277 |   3697.3138 |   3693.4204 |   3685.6530 |   3685.6003 |   3685.5909 |   3685.5560 |   3685.3446 |   3685.6740 |   3700.8274 |   3700.9540 |   3689.0883 |   3700.9448 |   3700.7639 |   3688.7508 |   3700.7853 |   3688.8951 |   3692.3967 |   3687.4226 |   3692.0718 |   3692.1815 |   3692.8090 |   3691.3729 |   3687.4775 |   3686.9278 |   3698.7574 |   3698.2827 |   3698.8175 |   3697.4015 |    3698.2595 |    3698.8024 |    3698.7317 |    3698.8638 |    3701.2908 |    3704.8298 |    3701.0150 |    3696.4771 |    3700.9502 |    3700.9648 |    3701.0920 |    3705.8633 |    3697.2662 |    3701.2428 |    3697.2101 |    3701.0702 |    3700.8718 |    3701.0291 |    3700.9327 |    3700.8446 |    3683.7046 |    3679.3598 |    3683.4820 |    3683.3300 |    3683.6251 |    3683.4808 |    3683.3281 |    3683.4694 |    3688.5233 |    3681.9824 |    3683.6666 |    3685.4113 |    3690.0700 |    3686.2275 |    3681.9464 |    3683.2534 |    3686.8525 |    3686.5670 |    3686.8654 |    3686.9911 |    3692.9781 |    3684.9299 |    3683.1766 |    3682.4008 |    3704.9898 |    3696.9944 |    3696.9937 |    3701.2896 |    3701.2706 |    3696.6246 |    3701.2180 |    3701.2250 |    3706.8198 |    3706.8790 |    3705.9534 |    3706.9941 |    3706.6166 |    3706.7026 |    3701.2255 |    3705.3137 |    3700.9755 |    3700.9879 |    3700.9970 |    3701.1031 |    3697.5121 |    3701.0153 |    3695.7797 |    3697.2967 |    3676.4743 |    3676.4405 |    3676.3962 |    3676.4876 |    3672.3937 |    3672.9995 |    3672.2740 |    3672.6782 |    3691.7724 |    3691.8734 |    3691.8027 |    3691.8288 |    3691.8281 |    3691.8143 |    3691.7888 |    3691.8246 |    3683.4128 |    3683.3278 |    3679.1675 |    3683.4336 |    3684.3993 |    3683.6338 |    3685.0992 |    3678.7216 |
|          CPI         |      0.7974 |      0.7950 |      0.7964 |      0.7953 |      0.7952 |      0.7962 |      0.7951 |      0.7964 |      0.7963 |      0.7972 |      0.7965 |      0.7965 |      0.7964 |      0.7965 |      0.7964 |      0.7963 |      0.7958 |      0.7959 |      0.7958 |      0.7958 |      0.7957 |      0.7958 |      0.7958 |      0.7958 |      0.7971 |      0.7968 |      0.7967 |      0.7967 |      0.7969 |      0.7969 |      0.7969 |      0.7969 |      0.7958 |      0.7958 |      0.7961 |      0.7946 |      0.7962 |      0.7961 |      0.7957 |      0.7957 |      0.7958 |      0.7958 |      0.7945 |      0.7957 |      0.7957 |      0.7959 |      0.7946 |      0.7957 |      0.7962 |      0.7968 |      0.7968 |      0.7965 |      0.7968 |      0.7969 |      0.7969 |      0.7969 |      0.7963 |      0.7956 |      0.7968 |      0.7964 |      0.7951 |      0.7965 |      0.7960 |      0.7960 |      0.7961 |      0.7963 |      0.7963 |      0.7963 |      0.7962 |      0.7962 |      0.7963 |      0.7963 |      0.7958 |      0.7945 |      0.7945 |      0.7945 |      0.7962 |      0.7945 |      0.7958 |      0.7962 |      0.7963 |      0.7963 |      0.7963 |      0.7952 |      0.7967 |      0.7962 |      0.7962 |      0.7962 |      0.7967 |      0.7966 |      0.7962 |      0.7963 |      0.7961 |      0.7963 |      0.7963 |      0.7951 |      0.7936 |      0.7937 |      0.7935 |      0.7938 |       0.7948 |       0.7936 |       0.7938 |       0.7948 |       0.7942 |       0.7942 |       0.7941 |       0.7942 |       0.7960 |       0.7942 |       0.7963 |       0.7950 |       0.7951 |       0.7950 |       0.7949 |       0.7951 |       0.7959 |       0.7949 |       0.7949 |       0.7948 |       0.7913 |       0.7914 |       0.7914 |       0.7925 |       0.7923 |       0.7911 |       0.7924 |       0.7914 |       0.7917 |       0.7922 |       0.7932 |       0.7916 |       0.7922 |       0.7921 |       0.7929 |       0.7931 |       0.7941 |       0.7946 |       0.7933 |       0.7952 |       0.7935 |       0.7928 |       0.7934 |       0.7939 |       0.7941 |       0.7941 |       0.7940 |       0.7940 |       0.7940 |       0.7941 |       0.7940 |       0.7945 |       0.7949 |       0.7950 |       0.7950 |       0.7948 |       0.7950 |       0.7950 |       0.7950 |       0.7951 |       0.7947 |       0.7960 |       0.7945 |       0.7945 |       0.7957 |       0.7945 |       0.7958 |       0.7959 |       0.7901 |       0.7898 |       0.7903 |       0.7898 |       0.7899 |       0.7898 |       0.7900 |       0.7900 |       0.8018 |       0.8018 |       0.8000 |       0.8017 |       0.8019 |       0.8015 |       0.8020 |       0.8019 |       0.7933 |       0.7958 |       0.7931 |       0.7959 |       0.7940 |       0.7933 |       0.7942 |       0.7944 |
|     SP [MFLOP/s]     | 115792.3731 | 116444.5797 | 116414.2128 | 116407.7076 | 116420.5740 | 116440.3129 | 116438.7943 | 116410.9601 | 116516.4389 | 116362.7697 | 116489.6532 | 116495.8780 | 116490.0875 | 116486.3239 | 116488.1333 | 116515.2803 | 116518.9009 | 116519.1181 | 116482.5607 | 116513.6149 | 116518.0319 | 116513.3253 | 116514.1942 | 116515.4976 | 116369.1254 | 116409.0086 | 116413.1285 | 116406.1176 | 116394.1937 | 116413.7068 | 116404.4553 | 116404.6721 | 116491.6798 | 116492.0417 | 116437.8542 | 116493.6341 | 116433.4433 | 116437.7819 | 116505.0716 | 116522.2320 | 116505.1440 | 116507.2435 | 116507.8951 | 116514.4838 | 116516.2216 | 116496.0951 | 116505.1440 | 116518.3216 | 116519.4802 | 116415.1524 | 116418.9837 | 116478.8700 | 116424.5502 | 116418.6222 | 116420.6463 | 116419.2728 | 116501.7414 | 116424.4056 | 116417.4656 | 116502.1034 | 116507.2435 | 116491.9693 | 116360.6754 | 116364.9363 | 116519.2630 | 116503.9132 | 116486.6858 | 116499.7869 | 116525.4185 | 116507.4607 | 116513.2529 | 116505.5783 | 116517.1630 | 116517.1630 | 116507.0263 | 116513.0357 | 116434.9618 | 116496.3123 | 116498.1943 | 116433.0095 | 116507.7503 | 116508.8363 | 116508.8363 | 116502.6825 | 116435.1064 | 116527.5187 | 116527.8808 | 116523.6080 | 116423.5381 | 116437.9989 | 116528.9672 | 116493.9960 | 116521.9423 | 116495.8056 | 116513.3977 | 116494.2131 | 116503.4065 | 116492.4036 | 116519.2630 | 116492.3312 |  116516.9458 |  116507.3159 |  116473.8048 |  116513.4701 |  116508.9087 |  116508.9811 |  116511.5152 |  116504.4200 |  116401.7091 |  116511.7324 |  116359.2311 |  116375.4817 |  116364.2864 |  116363.0586 |  116393.4711 |  116362.8419 |  116404.9612 |  116401.1309 |  116399.9024 |  116402.1427 |  116393.9047 |  116401.9981 |  116395.4221 |  116400.1192 |  116436.7695 |  116437.4927 |  116403.5881 |  116402.0704 |  116404.0217 |  116345.5118 |  116166.7356 |  116439.8790 |  116336.4156 |  116349.1940 |  116208.1368 |  116169.5428 |  116331.1462 |  116254.3249 |  116268.8879 |  116135.2185 |  116440.5299 |  116359.5199 |  116264.4177 |  116173.5018 |  116483.9357 |  116506.7367 |  116510.2119 |  116525.8530 |  116502.3930 |  116498.6286 |  116500.0040 |  116428.8158 |  116376.5653 |  116364.1419 |  116357.3535 |  116397.5177 |  116361.1809 |  116365.6586 |  116356.3425 |  116338.4368 |  116383.9339 |  116410.7433 |  116411.5383 |  116427.8036 |  116415.2247 |  116411.1769 |  116410.5987 |  116382.1278 |  116400.8419 |  116409.2254 |  116344.7176 |  116437.7096 |  116406.9849 |  116426.0684 |  116400.3360 |  116402.8654 |  115275.4337 |  115271.3230 |  115250.5615 |  115252.6869 |  115254.1039 |  115258.9219 |  115259.3471 |  115255.0250 |  116206.1921 |  115968.9938 |  116234.4329 |  115963.3273 |  116263.1921 |  116206.0481 |  116253.4599 |  116208.5690 |
+----------------------+-------------+-------------+-------------+-------------+-------------+-------------+-------------+-------------+-------------+-------------+-------------+-------------+-------------+-------------+-------------+-------------+-------------+-------------+-------------+-------------+-------------+-------------+-------------+-------------+-------------+-------------+-------------+-------------+-------------+-------------+-------------+-------------+-------------+-------------+-------------+-------------+-------------+-------------+-------------+-------------+-------------+-------------+-------------+-------------+-------------+-------------+-------------+-------------+-------------+-------------+-------------+-------------+-------------+-------------+-------------+-------------+-------------+-------------+-------------+-------------+-------------+-------------+-------------+-------------+-------------+-------------+-------------+-------------+-------------+-------------+-------------+-------------+-------------+-------------+-------------+-------------+-------------+-------------+-------------+-------------+-------------+-------------+-------------+-------------+-------------+-------------+-------------+-------------+-------------+-------------+-------------+-------------+-------------+-------------+-------------+-------------+-------------+-------------+-------------+-------------+--------------+--------------+--------------+--------------+--------------+--------------+--------------+--------------+--------------+--------------+--------------+--------------+--------------+--------------+--------------+--------------+--------------+--------------+--------------+--------------+--------------+--------------+--------------+--------------+--------------+--------------+--------------+--------------+--------------+--------------+--------------+--------------+--------------+--------------+--------------+--------------+--------------+--------------+--------------+--------------+--------------+--------------+--------------+--------------+--------------+--------------+--------------+--------------+--------------+--------------+--------------+--------------+--------------+--------------+--------------+--------------+--------------+--------------+--------------+--------------+--------------+--------------+--------------+--------------+--------------+--------------+--------------+--------------+--------------+--------------+--------------+--------------+--------------+--------------+--------------+--------------+--------------+--------------+--------------+--------------+--------------+--------------+--------------+--------------+--------------+--------------+--------------+--------------+--------------+--------------+--------------+--------------+

+---------------------------+--------------+-------------+-------------+-------------+
|           Metric          |      Sum     |     Min     |     Max     |     Avg     |
+---------------------------+--------------+-------------+-------------+-------------+
|  Runtime (RDTSC) [s] STAT |      30.9311 |      0.1609 |      0.1627 |      0.1611 |
| Runtime unhalted [s] STAT |      48.1621 |      0.2498 |      0.2521 |      0.2508 |
|      Clock [MHz] STAT     |  708693.1381 |   3672.2740 |   3706.9941 |   3691.1101 |
|          CPI STAT         |     152.6781 |      0.7898 |      0.8020 |      0.7952 |
|     SP [MFLOP/s] STAT     | 2.234427e+07 | 115250.5615 | 116528.9672 | 116376.4208 |
+---------------------------+--------------+-------------+-------------+-------------+

