INFO: You are running LIKWID in a cpuset with 48 CPUs. Taking given IDs as logical ID in cpuset
--------------------------------------------------------------------------------
CPU name:	AMD EPYC 9654 96-Core Processor                
CPU type:	AMD K19 (Zen4) architecture
CPU clock:	2.40 GHz
--------------------------------------------------------------------------------
Allocate: Process running on hwthread 0 (Domain N) - Vector length 1500000/12000000 Offset 0 Alignment 512
Initialization: Each thread in domain initializes its own stream chunks
--------------------------------------------------------------------------------
LIKWID MICRO BENCHMARK
Test: peakflops
--------------------------------------------------------------------------------
Using 1 work groups
Using 24 threads
--------------------------------------------------------------------------------
Using Likwid Marker API
--------------------------------------------------------------------------------
Group: 0 Thread 0 Global Thread 0 running on hwthread 0 - Vector length 62500 Offset 0
Group: 0 Thread 1 Global Thread 1 running on hwthread 1 - Vector length 62500 Offset 62500
Group: 0 Thread 2 Global Thread 2 running on hwthread 2 - Vector length 62500 Offset 125000
Group: 0 Thread 3 Global Thread 3 running on hwthread 3 - Vector length 62500 Offset 187500
Group: 0 Thread 4 Global Thread 4 running on hwthread 4 - Vector length 62500 Offset 250000
Group: 0 Thread 5 Global Thread 5 running on hwthread 5 - Vector length 62500 Offset 312500
Group: 0 Thread 6 Global Thread 6 running on hwthread 6 - Vector length 62500 Offset 375000
Group: 0 Thread 7 Global Thread 7 running on hwthread 7 - Vector length 62500 Offset 437500
Group: 0 Thread 8 Global Thread 8 running on hwthread 8 - Vector length 62500 Offset 500000
Group: 0 Thread 9 Global Thread 9 running on hwthread 9 - Vector length 62500 Offset 562500
Group: 0 Thread 10 Global Thread 10 running on hwthread 10 - Vector length 62500 Offset 625000
Group: 0 Thread 11 Global Thread 11 running on hwthread 11 - Vector length 62500 Offset 687500
Group: 0 Thread 12 Global Thread 12 running on hwthread 12 - Vector length 62500 Offset 750000
Group: 0 Thread 13 Global Thread 13 running on hwthread 13 - Vector length 62500 Offset 812500
Group: 0 Thread 14 Global Thread 14 running on hwthread 14 - Vector length 62500 Offset 875000
Group: 0 Thread 15 Global Thread 15 running on hwthread 15 - Vector length 62500 Offset 937500
Group: 0 Thread 16 Global Thread 16 running on hwthread 16 - Vector length 62500 Offset 1000000
Group: 0 Thread 17 Global Thread 17 running on hwthread 17 - Vector length 62500 Offset 1062500
Group: 0 Thread 18 Global Thread 18 running on hwthread 18 - Vector length 62500 Offset 1125000
Group: 0 Thread 19 Global Thread 19 running on hwthread 19 - Vector length 62500 Offset 1187500
Group: 0 Thread 20 Global Thread 20 running on hwthread 20 - Vector length 62500 Offset 1250000
Group: 0 Thread 21 Global Thread 21 running on hwthread 21 - Vector length 62500 Offset 1312500
Group: 0 Thread 22 Global Thread 22 running on hwthread 22 - Vector length 62500 Offset 1375000
Group: 0 Thread 23 Global Thread 23 running on hwthread 23 - Vector length 62500 Offset 1437500
--------------------------------------------------------------------------------
Cycles:			1225903200
CPU Clock:		2399966610
Cycle Clock:		2399966610
Time:			5.108001e-01 sec
Iterations:		120000
Iterations per thread:	5000
Inner loop executions:	62500
Size (Byte):		12000000
Size per thread:	500000
Number of Flops:	120000000000
MFlops/s:		234925.56
Data volume (Byte):	60000000000
MByte/s:		117462.78
Cycles per update:	0.163454
Cycles per cacheline:	1.307630
Loads per update:	1
Stores per update:	0
Load bytes per element:	8
Store bytes per elem.:	0
Instructions:		150000000032
UOPs:			142500000000
--------------------------------------------------------------------------------
Writing Likwid Marker API results to file /tmp/likwid_810622.txt
--------------------------------------------------------------------------------
Region bench, Group 1: FLOPS_DP
+-------------------+------------+------------+------------+------------+------------+------------+------------+------------+------------+------------+-------------+-------------+-------------+-------------+-------------+-------------+-------------+-------------+-------------+-------------+-------------+-------------+-------------+-------------+
|    Region Info    | HWThread 0 | HWThread 1 | HWThread 2 | HWThread 3 | HWThread 4 | HWThread 5 | HWThread 6 | HWThread 7 | HWThread 8 | HWThread 9 | HWThread 10 | HWThread 11 | HWThread 12 | HWThread 13 | HWThread 14 | HWThread 15 | HWThread 16 | HWThread 17 | HWThread 18 | HWThread 19 | HWThread 20 | HWThread 21 | HWThread 22 | HWThread 23 |
+-------------------+------------+------------+------------+------------+------------+------------+------------+------------+------------+------------+-------------+-------------+-------------+-------------+-------------+-------------+-------------+-------------+-------------+-------------+-------------+-------------+-------------+-------------+
| RDTSC Runtime [s] |   0.510764 |   0.510771 |   0.510771 |   0.510771 |   0.510780 |   0.510769 |   0.510769 |   0.510763 |   0.510790 |   0.510796 |    0.510776 |    0.510798 |    0.510780 |    0.510771 |    0.510771 |    0.510752 |    0.510801 |    0.510769 |    0.510781 |    0.510769 |    0.510782 |    0.510802 |    0.510755 |    0.510775 |
|     call count    |          1 |          1 |          1 |          1 |          1 |          1 |          1 |          1 |          1 |          1 |           1 |           1 |           1 |           1 |           1 |           1 |           1 |           1 |           1 |           1 |           1 |           1 |           1 |           1 |
+-------------------+------------+------------+------------+------------+------------+------------+------------+------------+------------+------------+-------------+-------------+-------------+-------------+-------------+-------------+-------------+-------------+-------------+-------------+-------------+-------------+-------------+-------------+

+---------------------------+---------+------------+------------+------------+------------+------------+------------+------------+------------+------------+------------+-------------+-------------+-------------+-------------+-------------+-------------+-------------+-------------+-------------+-------------+-------------+-------------+-------------+-------------+
|           Event           | Counter | HWThread 0 | HWThread 1 | HWThread 2 | HWThread 3 | HWThread 4 | HWThread 5 | HWThread 6 | HWThread 7 | HWThread 8 | HWThread 9 | HWThread 10 | HWThread 11 | HWThread 12 | HWThread 13 | HWThread 14 | HWThread 15 | HWThread 16 | HWThread 17 | HWThread 18 | HWThread 19 | HWThread 20 | HWThread 21 | HWThread 22 | HWThread 23 |
+---------------------------+---------+------------+------------+------------+------------+------------+------------+------------+------------+------------+------------+-------------+-------------+-------------+-------------+-------------+-------------+-------------+-------------+-------------+-------------+-------------+-------------+-------------+-------------+
|      ACTUAL_CPU_CLOCK     |  FIXC1  | 1890533000 | 1890528000 | 1890538000 | 1890541000 | 1890546000 | 1890532000 | 1890536000 | 1890534000 | 1890602000 | 1890603000 |  1890582000 |  1890591000 |  1890567000 |  1890595000 |  1890595000 |  1890592000 |  1890650000 |  1890580000 |  1890609000 |  1890589000 |  1890655000 |  1890639000 |  1890580000 |  1890594000 |
|       MAX_CPU_CLOCK       |  FIXC2  | 1226263000 | 1226264000 | 1226265000 | 1226267000 | 1226277000 | 1226270000 | 1226258000 | 1226265000 | 1226363000 | 1226363000 |  1226294000 |  1226333000 |  1226292000 |  1226338000 |  1226328000 |  1226321000 |  1226395000 |  1226326000 |  1226362000 |  1226328000 |  1226400000 |  1226406000 |  1226334000 |  1226333000 |
|    RETIRED_INSTRUCTIONS   |   PMC0  | 6251169000 | 6251419000 | 6251364000 | 6251367000 | 6250630000 | 6250606000 | 6250423000 | 6250823000 | 6250632000 | 6250570000 |  6250544000 |  6250239000 |  6251398000 |  6250526000 |  6250905000 |  6250571000 |  6251320000 |  6251317000 |  6250550000 |  6250419000 |  6251362000 |  6251439000 |  6251432000 |  6251485000 |
|    CPU_CLOCKS_UNHALTED    |   PMC1  | 1881889000 | 1883124000 | 1883046000 | 1883236000 | 1883234000 | 1883273000 | 1883168000 | 1883083000 | 1882915000 | 1882817000 |  1882776000 |  1882799000 |  1882961000 |  1882757000 |  1882719000 |  1882873000 |  1883015000 |  1883176000 |  1883232000 |  1883479000 |  1883228000 |  1883395000 |  1883293000 |  1883440000 |
| RETIRED_SSE_AVX_FLOPS_ALL |   PMC2  | 5000000000 | 5000000000 | 5000000000 | 5000000000 | 5000000000 | 5000000000 | 5000000000 | 5000000000 | 5000000000 | 5000000000 |  5000000000 |  5000000000 |  5000000000 |  5000000000 |  5000000000 |  5000000000 |  5000000000 |  5000000000 |  5000000000 |  5000000000 |  5000000000 |  5000000000 |  5000000000 |  5000000000 |
|           MERGE           |   PMC3  |          0 |          0 |          0 |          0 |          0 |          0 |          0 |          0 |          0 |          0 |           0 |           0 |           0 |           0 |           0 |           0 |           0 |           0 |           0 |           0 |           0 |           0 |           0 |           0 |
+---------------------------+---------+------------+------------+------------+------------+------------+------------+------------+------------+------------+------------+-------------+-------------+-------------+-------------+-------------+-------------+-------------+-------------+-------------+-------------+-------------+-------------+-------------+-------------+

+--------------------------------+---------+--------------+------------+------------+--------------+
|              Event             | Counter |      Sum     |     Min    |     Max    |      Avg     |
+--------------------------------+---------+--------------+------------+------------+--------------+
|      ACTUAL_CPU_CLOCK STAT     |  FIXC1  |  45373911000 | 1890528000 | 1890655000 |   1890579625 |
|       MAX_CPU_CLOCK STAT       |  FIXC2  |  29431645000 | 1226258000 | 1226406000 | 1.226319e+09 |
|    RETIRED_INSTRUCTIONS STAT   |   PMC0  | 150022510000 | 6250239000 | 6251485000 | 6.250938e+09 |
|    CPU_CLOCKS_UNHALTED STAT    |   PMC1  |  45192928000 | 1881889000 | 1883479000 | 1.883039e+09 |
| RETIRED_SSE_AVX_FLOPS_ALL STAT |   PMC2  | 120000000000 | 5000000000 | 5000000000 |   5000000000 |
|           MERGE STAT           |   PMC3  |            0 |          0 |          0 |            0 |
+--------------------------------+---------+--------------+------------+------------+--------------+

+----------------------+------------+------------+------------+------------+------------+------------+------------+------------+------------+------------+-------------+-------------+-------------+-------------+-------------+-------------+-------------+-------------+-------------+-------------+-------------+-------------+-------------+-------------+
|        Metric        | HWThread 0 | HWThread 1 | HWThread 2 | HWThread 3 | HWThread 4 | HWThread 5 | HWThread 6 | HWThread 7 | HWThread 8 | HWThread 9 | HWThread 10 | HWThread 11 | HWThread 12 | HWThread 13 | HWThread 14 | HWThread 15 | HWThread 16 | HWThread 17 | HWThread 18 | HWThread 19 | HWThread 20 | HWThread 21 | HWThread 22 | HWThread 23 |
+----------------------+------------+------------+------------+------------+------------+------------+------------+------------+------------+------------+-------------+-------------+-------------+-------------+-------------+-------------+-------------+-------------+-------------+-------------+-------------+-------------+-------------+-------------+
|  Runtime (RDTSC) [s] |     0.5108 |     0.5108 |     0.5108 |     0.5108 |     0.5108 |     0.5108 |     0.5108 |     0.5108 |     0.5108 |     0.5108 |      0.5108 |      0.5108 |      0.5108 |      0.5108 |      0.5108 |      0.5108 |      0.5108 |      0.5108 |      0.5108 |      0.5108 |      0.5108 |      0.5108 |      0.5108 |      0.5108 |
| Runtime unhalted [s] |     0.7877 |     0.7877 |     0.7877 |     0.7877 |     0.7877 |     0.7877 |     0.7877 |     0.7877 |     0.7878 |     0.7878 |      0.7877 |      0.7878 |      0.7877 |      0.7878 |      0.7878 |      0.7878 |      0.7878 |      0.7877 |      0.7878 |      0.7878 |      0.7878 |      0.7878 |      0.7877 |      0.7878 |
|      Clock [MHz]     |  3700.0524 |  3700.0396 |  3700.0562 |  3700.0560 |  3700.0356 |  3700.0293 |  3700.0734 |  3700.0483 |  3699.8857 |  3699.8877 |   3700.0548 |   3699.9547 |   3700.0315 |   3699.9475 |   3699.9776 |   3699.9929 |   3699.8831 |   3699.9543 |   3699.9025 |   3699.9659 |   3699.8778 |   3699.8284 |   3699.9302 |   3699.9606 |
|          CPI         |     0.3010 |     0.3012 |     0.3012 |     0.3013 |     0.3013 |     0.3013 |     0.3013 |     0.3013 |     0.3012 |     0.3012 |      0.3012 |      0.3012 |      0.3012 |      0.3012 |      0.3012 |      0.3012 |      0.3012 |      0.3012 |      0.3013 |      0.3013 |      0.3013 |      0.3013 |      0.3013 |      0.3013 |
|     DP [MFLOP/s]     |  9789.2550 |  9789.1285 |  9789.1208 |  9789.1266 |  9788.9521 |  9789.1687 |  9789.1572 |  9789.2722 |  9788.7682 |  9788.6474 |   9789.0211 |   9788.6129 |   9788.9426 |   9789.1266 |   9789.1246 |   9789.4811 |   9788.5516 |   9789.1553 |   9788.9234 |   9789.1610 |   9788.9062 |   9788.5267 |   9789.4370 |   9789.0499 |
+----------------------+------------+------------+------------+------------+------------+------------+------------+------------+------------+------------+-------------+-------------+-------------+-------------+-------------+-------------+-------------+-------------+-------------+-------------+-------------+-------------+-------------+-------------+

+---------------------------+-------------+-----------+-----------+-----------+
|           Metric          |     Sum     |    Min    |    Max    |    Avg    |
+---------------------------+-------------+-----------+-----------+-----------+
|  Runtime (RDTSC) [s] STAT |     12.2592 |    0.5108 |    0.5108 |    0.5108 |
| Runtime unhalted [s] STAT |     18.9060 |    0.7877 |    0.7878 |    0.7878 |
|      Clock [MHz] STAT     |  88799.4260 | 3699.8284 | 3700.0734 | 3699.9761 |
|          CPI STAT         |      7.2297 |    0.3010 |    0.3013 |    0.3012 |
|     DP [MFLOP/s] STAT     | 234936.6167 | 9788.5267 | 9789.4811 | 9789.0257 |
+---------------------------+-------------+-----------+-----------+-----------+

