INFO: You are running LIKWID in a cpuset with 32 CPUs. Taking given IDs as logical ID in cpuset
--------------------------------------------------------------------------------
CPU name:	AMD EPYC 7763 64-Core Processor                
CPU type:	AMD K19 (Zen3) architecture
CPU clock:	2.45 GHz
--------------------------------------------------------------------------------
Allocate: Process running on hwthread 0 (Domain N) - Vector length 2000000/8000000 Offset 0 Alignment 1024
Initialization: Each thread in domain initializes its own stream chunks
--------------------------------------------------------------------------------
LIKWID MICRO BENCHMARK
Test: peakflops_sp
--------------------------------------------------------------------------------
Using 1 work groups
Using 16 threads
--------------------------------------------------------------------------------
Using Likwid Marker API
--------------------------------------------------------------------------------
Group: 0 Thread 0 Global Thread 0 running on hwthread 0 - Vector length 125000 Offset 0
Group: 0 Thread 1 Global Thread 1 running on hwthread 1 - Vector length 125000 Offset 125000
Group: 0 Thread 2 Global Thread 2 running on hwthread 2 - Vector length 125000 Offset 250000
Group: 0 Thread 3 Global Thread 3 running on hwthread 3 - Vector length 125000 Offset 375000
Group: 0 Thread 4 Global Thread 4 running on hwthread 4 - Vector length 125000 Offset 500000
Group: 0 Thread 5 Global Thread 5 running on hwthread 5 - Vector length 125000 Offset 625000
Group: 0 Thread 6 Global Thread 6 running on hwthread 6 - Vector length 125000 Offset 750000
Group: 0 Thread 7 Global Thread 7 running on hwthread 7 - Vector length 125000 Offset 875000
Group: 0 Thread 8 Global Thread 8 running on hwthread 8 - Vector length 125000 Offset 1000000
Group: 0 Thread 9 Global Thread 9 running on hwthread 9 - Vector length 125000 Offset 1125000
Group: 0 Thread 10 Global Thread 10 running on hwthread 10 - Vector length 125000 Offset 1250000
Group: 0 Thread 11 Global Thread 11 running on hwthread 11 - Vector length 125000 Offset 1375000
Group: 0 Thread 12 Global Thread 12 running on hwthread 12 - Vector length 125000 Offset 1500000
Group: 0 Thread 13 Global Thread 13 running on hwthread 13 - Vector length 125000 Offset 1625000
Group: 0 Thread 14 Global Thread 14 running on hwthread 14 - Vector length 125000 Offset 1750000
Group: 0 Thread 15 Global Thread 15 running on hwthread 15 - Vector length 125000 Offset 1875000
--------------------------------------------------------------------------------
Cycles:			2919533999
CPU Clock:		2445386687
Cycle Clock:		2445386687
Time:			1.193895e+00 sec
Iterations:		80000
Iterations per thread:	5000
Inner loop executions:	125000
Size (Byte):		8000000
Size per thread:	500000
Number of Flops:	160000000000
MFlops/s:		134015.18
Data volume (Byte):	40000000000
MByte/s:		33503.79
Cycles per update:	0.291953
Cycles per cacheline:	4.671254
Loads per update:	1
Stores per update:	0
Load bytes per element:	4
Store bytes per elem.:	0
Instructions:		200000000032
UOPs:			190000000000
--------------------------------------------------------------------------------
Writing Likwid Marker API results to file /tmp/likwid_1593161.txt
--------------------------------------------------------------------------------
Region bench, Group 1: FLOPS_SP
+-------------------+------------+------------+------------+------------+------------+------------+------------+------------+------------+------------+-------------+-------------+-------------+-------------+-------------+-------------+
|    Region Info    | HWThread 0 | HWThread 1 | HWThread 2 | HWThread 3 | HWThread 4 | HWThread 5 | HWThread 6 | HWThread 7 | HWThread 8 | HWThread 9 | HWThread 10 | HWThread 11 | HWThread 12 | HWThread 13 | HWThread 14 | HWThread 15 |
+-------------------+------------+------------+------------+------------+------------+------------+------------+------------+------------+------------+-------------+-------------+-------------+-------------+-------------+-------------+
| RDTSC Runtime [s] |   1.193857 |   1.193881 |   1.193892 |   1.193872 |   1.193897 |   1.193881 |   1.193881 |   1.193897 |   1.193874 |   1.193812 |    1.193869 |    1.193875 |    1.193870 |    1.193886 |    1.193875 |    1.193891 |
|     call count    |          1 |          1 |          1 |          1 |          1 |          1 |          1 |          1 |          1 |          1 |           1 |           1 |           1 |           1 |           1 |           1 |
+-------------------+------------+------------+------------+------------+------------+------------+------------+------------+------------+------------+-------------+-------------+-------------+-------------+-------------+-------------+

+---------------------------+---------+-------------+-------------+-------------+-------------+-------------+-------------+-------------+-------------+-------------+-------------+-------------+-------------+-------------+-------------+-------------+-------------+
|           Event           | Counter |  HWThread 0 |  HWThread 1 |  HWThread 2 |  HWThread 3 |  HWThread 4 |  HWThread 5 |  HWThread 6 |  HWThread 7 |  HWThread 8 |  HWThread 9 | HWThread 10 | HWThread 11 | HWThread 12 | HWThread 13 | HWThread 14 | HWThread 15 |
+---------------------------+---------+-------------+-------------+-------------+-------------+-------------+-------------+-------------+-------------+-------------+-------------+-------------+-------------+-------------+-------------+-------------+-------------+
|      ACTUAL_CPU_CLOCK     |  FIXC1  |  3872402000 |  3872638000 |  3873046000 |  3872796000 |  3872984000 |  3872827000 |  3872394000 |  3872190000 |  3873015000 |  3872356000 |  3872619000 |  3872538000 |  3872581000 |  3873061000 |  3872824000 |  3872676000 |
|       MAX_CPU_CLOCK       |  FIXC2  |  2919989000 |  2919981000 |  2920034000 |  2919986000 |  2920015000 |  2920031000 |  2919988000 |  2920022000 |  2920020000 |  2919837000 |  2920018000 |  2920067000 |  2920017000 |  2920047000 |  2920035000 |  2920024000 |
|    RETIRED_INSTRUCTIONS   |   PMC0  | 12502830000 | 12508010000 | 12505580000 | 12508570000 | 12505770000 | 12505540000 | 12509350000 | 12505230000 | 12508420000 | 12506380000 | 12506470000 | 12500240000 | 12506480000 | 12507560000 | 12504330000 | 12505820000 |
|    CPU_CLOCKS_UNHALTED    |   PMC1  |  3846012000 |  3848998000 |  3848274000 |  3846964000 |  3848727000 |  3847401000 |  3846737000 |  3847234000 |  3847173000 |  3846740000 |  3847864000 |  3846574000 |  3847504000 |  3847413000 |  3849494000 |  3848021000 |
| RETIRED_SSE_AVX_FLOPS_ALL |   PMC2  | 10000000000 | 10000000000 | 10000000000 | 10000000000 | 10000000000 | 10000000000 | 10000000000 | 10000000000 | 10000000000 | 10000000000 | 10000000000 | 10000000000 | 10000000000 | 10000000000 | 10000000000 | 10000000000 |
|           MERGE           |   PMC3  |           0 |           0 |           0 |           0 |           0 |           0 |           0 |           0 |           0 |           0 |           0 |           0 |           0 |           0 |           0 |           0 |
+---------------------------+---------+-------------+-------------+-------------+-------------+-------------+-------------+-------------+-------------+-------------+-------------+-------------+-------------+-------------+-------------+-------------+-------------+

+--------------------------------+---------+--------------+-------------+-------------+--------------+
|              Event             | Counter |      Sum     |     Min     |     Max     |      Avg     |
+--------------------------------+---------+--------------+-------------+-------------+--------------+
|      ACTUAL_CPU_CLOCK STAT     |  FIXC1  |  61962947000 |  3872190000 |  3873061000 | 3.872684e+09 |
|       MAX_CPU_CLOCK STAT       |  FIXC2  |  46720111000 |  2919837000 |  2920067000 | 2.920007e+09 |
|    RETIRED_INSTRUCTIONS STAT   |   PMC0  | 200096580000 | 12500240000 | 12509350000 |  12506036250 |
|    CPU_CLOCKS_UNHALTED STAT    |   PMC1  |  61561130000 |  3846012000 |  3849494000 |   3847570625 |
| RETIRED_SSE_AVX_FLOPS_ALL STAT |   PMC2  | 160000000000 | 10000000000 | 10000000000 |  10000000000 |
|           MERGE STAT           |   PMC3  |            0 |           0 |           0 |            0 |
+--------------------------------+---------+--------------+-------------+-------------+--------------+

+----------------------+------------+------------+------------+------------+------------+------------+------------+------------+------------+------------+-------------+-------------+-------------+-------------+-------------+-------------+
|        Metric        | HWThread 0 | HWThread 1 | HWThread 2 | HWThread 3 | HWThread 4 | HWThread 5 | HWThread 6 | HWThread 7 | HWThread 8 | HWThread 9 | HWThread 10 | HWThread 11 | HWThread 12 | HWThread 13 | HWThread 14 | HWThread 15 |
+----------------------+------------+------------+------------+------------+------------+------------+------------+------------+------------+------------+-------------+-------------+-------------+-------------+-------------+-------------+
|  Runtime (RDTSC) [s] |     1.1939 |     1.1939 |     1.1939 |     1.1939 |     1.1939 |     1.1939 |     1.1939 |     1.1939 |     1.1939 |     1.1938 |      1.1939 |      1.1939 |      1.1939 |      1.1939 |      1.1939 |      1.1939 |
| Runtime unhalted [s] |     1.5836 |     1.5836 |     1.5838 |     1.5837 |     1.5838 |     1.5837 |     1.5835 |     1.5835 |     1.5838 |     1.5835 |      1.5836 |      1.5836 |      1.5836 |      1.5838 |      1.5837 |      1.5837 |
|      Clock [MHz]     |  3243.0034 |  3243.2099 |  3243.4927 |  3243.3367 |  3243.4619 |  3243.3127 |  3242.9978 |  3242.7892 |  3243.4823 |  3243.1337 |   3243.1529 |   3243.0307 |   3243.1222 |   3243.4909 |   3243.3057 |   3243.1940 |
|          CPI         |     0.3076 |     0.3077 |     0.3077 |     0.3075 |     0.3078 |     0.3077 |     0.3075 |     0.3076 |     0.3076 |     0.3076 |      0.3077 |      0.3077 |      0.3076 |      0.3076 |      0.3079 |      0.3077 |
|     SP [MFLOP/s]     |  8376.2126 |  8376.0442 |  8375.9670 |  8376.1073 |  8375.9319 |  8376.0442 |  8376.0442 |  8375.9319 |  8376.0933 |  8376.5283 |   8376.1284 |   8376.0863 |   8376.1214 |   8376.0091 |   8376.0863 |   8375.9740 |
+----------------------+------------+------------+------------+------------+------------+------------+------------+------------+------------+------------+-------------+-------------+-------------+-------------+-------------+-------------+

+---------------------------+-------------+-----------+-----------+-----------+
|           Metric          |     Sum     |    Min    |    Max    |    Avg    |
+---------------------------+-------------+-----------+-----------+-----------+
|  Runtime (RDTSC) [s] STAT |     19.1023 |    1.1938 |    1.1939 |    1.1939 |
| Runtime unhalted [s] STAT |     25.3385 |    1.5835 |    1.5838 |    1.5837 |
|      Clock [MHz] STAT     |  51891.5167 | 3242.7892 | 3243.4927 | 3243.2198 |
|          CPI STAT         |      4.9225 |    0.3075 |    0.3079 |    0.3077 |
|     SP [MFLOP/s] STAT     | 134017.3104 | 8375.9319 | 8376.5283 | 8376.0819 |
+---------------------------+-------------+-----------+-----------+-----------+

