--------------------------------------------------------------------------------
CPU name:	AMD EPYC 7763 64-Core Processor                
CPU type:	AMD K19 (Zen3) architecture
CPU clock:	2.45 GHz
--------------------------------------------------------------------------------
Allocate: Process running on hwthread 0 (Domain N) - Vector length 16000000/64000000 Offset 0 Alignment 1024
Initialization: Each thread in domain initializes its own stream chunks
--------------------------------------------------------------------------------
LIKWID MICRO BENCHMARK
Test: peakflops_sp
--------------------------------------------------------------------------------
Using 1 work groups
Using 128 threads
--------------------------------------------------------------------------------
Using Likwid Marker API
--------------------------------------------------------------------------------
Group: 0 Thread 0 Global Thread 0 running on hwthread 0 - Vector length 125000 Offset 0
Group: 0 Thread 1 Global Thread 1 running on hwthread 1 - Vector length 125000 Offset 125000
Group: 0 Thread 2 Global Thread 2 running on hwthread 2 - Vector length 125000 Offset 250000
Group: 0 Thread 3 Global Thread 3 running on hwthread 3 - Vector length 125000 Offset 375000
Group: 0 Thread 4 Global Thread 4 running on hwthread 4 - Vector length 125000 Offset 500000
Group: 0 Thread 5 Global Thread 5 running on hwthread 5 - Vector length 125000 Offset 625000
Group: 0 Thread 6 Global Thread 6 running on hwthread 6 - Vector length 125000 Offset 750000
Group: 0 Thread 7 Global Thread 7 running on hwthread 7 - Vector length 125000 Offset 875000
Group: 0 Thread 8 Global Thread 8 running on hwthread 8 - Vector length 125000 Offset 1000000
Group: 0 Thread 9 Global Thread 9 running on hwthread 9 - Vector length 125000 Offset 1125000
Group: 0 Thread 10 Global Thread 10 running on hwthread 10 - Vector length 125000 Offset 1250000
Group: 0 Thread 11 Global Thread 11 running on hwthread 11 - Vector length 125000 Offset 1375000
Group: 0 Thread 12 Global Thread 12 running on hwthread 12 - Vector length 125000 Offset 1500000
Group: 0 Thread 13 Global Thread 13 running on hwthread 13 - Vector length 125000 Offset 1625000
Group: 0 Thread 14 Global Thread 14 running on hwthread 14 - Vector length 125000 Offset 1750000
Group: 0 Thread 15 Global Thread 15 running on hwthread 15 - Vector length 125000 Offset 1875000
Group: 0 Thread 16 Global Thread 16 running on hwthread 16 - Vector length 125000 Offset 2000000
Group: 0 Thread 17 Global Thread 17 running on hwthread 17 - Vector length 125000 Offset 2125000
Group: 0 Thread 18 Global Thread 18 running on hwthread 18 - Vector length 125000 Offset 2250000
Group: 0 Thread 19 Global Thread 19 running on hwthread 19 - Vector length 125000 Offset 2375000
Group: 0 Thread 20 Global Thread 20 running on hwthread 20 - Vector length 125000 Offset 2500000
Group: 0 Thread 21 Global Thread 21 running on hwthread 21 - Vector length 125000 Offset 2625000
Group: 0 Thread 22 Global Thread 22 running on hwthread 22 - Vector length 125000 Offset 2750000
Group: 0 Thread 23 Global Thread 23 running on hwthread 23 - Vector length 125000 Offset 2875000
Group: 0 Thread 24 Global Thread 24 running on hwthread 24 - Vector length 125000 Offset 3000000
Group: 0 Thread 25 Global Thread 25 running on hwthread 25 - Vector length 125000 Offset 3125000
Group: 0 Thread 26 Global Thread 26 running on hwthread 26 - Vector length 125000 Offset 3250000
Group: 0 Thread 27 Global Thread 27 running on hwthread 27 - Vector length 125000 Offset 3375000
Group: 0 Thread 28 Global Thread 28 running on hwthread 28 - Vector length 125000 Offset 3500000
Group: 0 Thread 29 Global Thread 29 running on hwthread 29 - Vector length 125000 Offset 3625000
Group: 0 Thread 30 Global Thread 30 running on hwthread 30 - Vector length 125000 Offset 3750000
Group: 0 Thread 31 Global Thread 31 running on hwthread 31 - Vector length 125000 Offset 3875000
Group: 0 Thread 32 Global Thread 32 running on hwthread 32 - Vector length 125000 Offset 4000000
Group: 0 Thread 33 Global Thread 33 running on hwthread 33 - Vector length 125000 Offset 4125000
Group: 0 Thread 34 Global Thread 34 running on hwthread 34 - Vector length 125000 Offset 4250000
Group: 0 Thread 35 Global Thread 35 running on hwthread 35 - Vector length 125000 Offset 4375000
Group: 0 Thread 36 Global Thread 36 running on hwthread 36 - Vector length 125000 Offset 4500000
Group: 0 Thread 37 Global Thread 37 running on hwthread 37 - Vector length 125000 Offset 4625000
Group: 0 Thread 38 Global Thread 38 running on hwthread 38 - Vector length 125000 Offset 4750000
Group: 0 Thread 39 Global Thread 39 running on hwthread 39 - Vector length 125000 Offset 4875000
Group: 0 Thread 40 Global Thread 40 running on hwthread 40 - Vector length 125000 Offset 5000000
Group: 0 Thread 41 Global Thread 41 running on hwthread 41 - Vector length 125000 Offset 5125000
Group: 0 Thread 42 Global Thread 42 running on hwthread 42 - Vector length 125000 Offset 5250000
Group: 0 Thread 43 Global Thread 43 running on hwthread 43 - Vector length 125000 Offset 5375000
Group: 0 Thread 44 Global Thread 44 running on hwthread 44 - Vector length 125000 Offset 5500000
Group: 0 Thread 45 Global Thread 45 running on hwthread 45 - Vector length 125000 Offset 5625000
Group: 0 Thread 46 Global Thread 46 running on hwthread 46 - Vector length 125000 Offset 5750000
Group: 0 Thread 47 Global Thread 47 running on hwthread 47 - Vector length 125000 Offset 5875000
Group: 0 Thread 48 Global Thread 48 running on hwthread 48 - Vector length 125000 Offset 6000000
Group: 0 Thread 49 Global Thread 49 running on hwthread 49 - Vector length 125000 Offset 6125000
Group: 0 Thread 50 Global Thread 50 running on hwthread 50 - Vector length 125000 Offset 6250000
Group: 0 Thread 51 Global Thread 51 running on hwthread 51 - Vector length 125000 Offset 6375000
Group: 0 Thread 52 Global Thread 52 running on hwthread 52 - Vector length 125000 Offset 6500000
Group: 0 Thread 53 Global Thread 53 running on hwthread 53 - Vector length 125000 Offset 6625000
Group: 0 Thread 54 Global Thread 54 running on hwthread 54 - Vector length 125000 Offset 6750000
Group: 0 Thread 55 Global Thread 55 running on hwthread 55 - Vector length 125000 Offset 6875000
Group: 0 Thread 56 Global Thread 56 running on hwthread 56 - Vector length 125000 Offset 7000000
Group: 0 Thread 57 Global Thread 57 running on hwthread 57 - Vector length 125000 Offset 7125000
Group: 0 Thread 58 Global Thread 58 running on hwthread 58 - Vector length 125000 Offset 7250000
Group: 0 Thread 59 Global Thread 59 running on hwthread 59 - Vector length 125000 Offset 7375000
Group: 0 Thread 60 Global Thread 60 running on hwthread 60 - Vector length 125000 Offset 7500000
Group: 0 Thread 61 Global Thread 61 running on hwthread 61 - Vector length 125000 Offset 7625000
Group: 0 Thread 62 Global Thread 62 running on hwthread 62 - Vector length 125000 Offset 7750000
Group: 0 Thread 63 Global Thread 63 running on hwthread 63 - Vector length 125000 Offset 7875000
Group: 0 Thread 64 Global Thread 64 running on hwthread 64 - Vector length 125000 Offset 8000000
Group: 0 Thread 65 Global Thread 65 running on hwthread 65 - Vector length 125000 Offset 8125000
Group: 0 Thread 66 Global Thread 66 running on hwthread 66 - Vector length 125000 Offset 8250000
Group: 0 Thread 67 Global Thread 67 running on hwthread 67 - Vector length 125000 Offset 8375000
Group: 0 Thread 68 Global Thread 68 running on hwthread 68 - Vector length 125000 Offset 8500000
Group: 0 Thread 69 Global Thread 69 running on hwthread 69 - Vector length 125000 Offset 8625000
Group: 0 Thread 70 Global Thread 70 running on hwthread 70 - Vector length 125000 Offset 8750000
Group: 0 Thread 71 Global Thread 71 running on hwthread 71 - Vector length 125000 Offset 8875000
Group: 0 Thread 72 Global Thread 72 running on hwthread 72 - Vector length 125000 Offset 9000000
Group: 0 Thread 73 Global Thread 73 running on hwthread 73 - Vector length 125000 Offset 9125000
Group: 0 Thread 74 Global Thread 74 running on hwthread 74 - Vector length 125000 Offset 9250000
Group: 0 Thread 75 Global Thread 75 running on hwthread 75 - Vector length 125000 Offset 9375000
Group: 0 Thread 76 Global Thread 76 running on hwthread 76 - Vector length 125000 Offset 9500000
Group: 0 Thread 77 Global Thread 77 running on hwthread 77 - Vector length 125000 Offset 9625000
Group: 0 Thread 78 Global Thread 78 running on hwthread 78 - Vector length 125000 Offset 9750000
Group: 0 Thread 79 Global Thread 79 running on hwthread 79 - Vector length 125000 Offset 9875000
Group: 0 Thread 80 Global Thread 80 running on hwthread 80 - Vector length 125000 Offset 10000000
Group: 0 Thread 81 Global Thread 81 running on hwthread 81 - Vector length 125000 Offset 10125000
Group: 0 Thread 82 Global Thread 82 running on hwthread 82 - Vector length 125000 Offset 10250000
Group: 0 Thread 83 Global Thread 83 running on hwthread 83 - Vector length 125000 Offset 10375000
Group: 0 Thread 84 Global Thread 84 running on hwthread 84 - Vector length 125000 Offset 10500000
Group: 0 Thread 85 Global Thread 85 running on hwthread 85 - Vector length 125000 Offset 10625000
Group: 0 Thread 86 Global Thread 86 running on hwthread 86 - Vector length 125000 Offset 10750000
Group: 0 Thread 87 Global Thread 87 running on hwthread 87 - Vector length 125000 Offset 10875000
Group: 0 Thread 88 Global Thread 88 running on hwthread 88 - Vector length 125000 Offset 11000000
Group: 0 Thread 89 Global Thread 89 running on hwthread 89 - Vector length 125000 Offset 11125000
Group: 0 Thread 90 Global Thread 90 running on hwthread 90 - Vector length 125000 Offset 11250000
Group: 0 Thread 91 Global Thread 91 running on hwthread 91 - Vector length 125000 Offset 11375000
Group: 0 Thread 92 Global Thread 92 running on hwthread 92 - Vector length 125000 Offset 11500000
Group: 0 Thread 93 Global Thread 93 running on hwthread 93 - Vector length 125000 Offset 11625000
Group: 0 Thread 94 Global Thread 94 running on hwthread 94 - Vector length 125000 Offset 11750000
Group: 0 Thread 95 Global Thread 95 running on hwthread 95 - Vector length 125000 Offset 11875000
Group: 0 Thread 96 Global Thread 96 running on hwthread 96 - Vector length 125000 Offset 12000000
Group: 0 Thread 97 Global Thread 97 running on hwthread 97 - Vector length 125000 Offset 12125000
Group: 0 Thread 98 Global Thread 98 running on hwthread 98 - Vector length 125000 Offset 12250000
Group: 0 Thread 99 Global Thread 99 running on hwthread 99 - Vector length 125000 Offset 12375000
Group: 0 Thread 100 Global Thread 100 running on hwthread 100 - Vector length 125000 Offset 12500000
Group: 0 Thread 101 Global Thread 101 running on hwthread 101 - Vector length 125000 Offset 12625000
Group: 0 Thread 102 Global Thread 102 running on hwthread 102 - Vector length 125000 Offset 12750000
Group: 0 Thread 103 Global Thread 103 running on hwthread 103 - Vector length 125000 Offset 12875000
Group: 0 Thread 104 Global Thread 104 running on hwthread 104 - Vector length 125000 Offset 13000000
Group: 0 Thread 105 Global Thread 105 running on hwthread 105 - Vector length 125000 Offset 13125000
Group: 0 Thread 106 Global Thread 106 running on hwthread 106 - Vector length 125000 Offset 13250000
Group: 0 Thread 107 Global Thread 107 running on hwthread 107 - Vector length 125000 Offset 13375000
Group: 0 Thread 108 Global Thread 108 running on hwthread 108 - Vector length 125000 Offset 13500000
Group: 0 Thread 109 Global Thread 109 running on hwthread 109 - Vector length 125000 Offset 13625000
Group: 0 Thread 110 Global Thread 110 running on hwthread 110 - Vector length 125000 Offset 13750000
Group: 0 Thread 111 Global Thread 111 running on hwthread 111 - Vector length 125000 Offset 13875000
Group: 0 Thread 112 Global Thread 112 running on hwthread 112 - Vector length 125000 Offset 14000000
Group: 0 Thread 113 Global Thread 113 running on hwthread 113 - Vector length 125000 Offset 14125000
Group: 0 Thread 114 Global Thread 114 running on hwthread 114 - Vector length 125000 Offset 14250000
Group: 0 Thread 115 Global Thread 115 running on hwthread 115 - Vector length 125000 Offset 14375000
Group: 0 Thread 116 Global Thread 116 running on hwthread 116 - Vector length 125000 Offset 14500000
Group: 0 Thread 117 Global Thread 117 running on hwthread 117 - Vector length 125000 Offset 14625000
Group: 0 Thread 118 Global Thread 118 running on hwthread 118 - Vector length 125000 Offset 14750000
Group: 0 Thread 119 Global Thread 119 running on hwthread 119 - Vector length 125000 Offset 14875000
Group: 0 Thread 120 Global Thread 120 running on hwthread 120 - Vector length 125000 Offset 15000000
Group: 0 Thread 121 Global Thread 121 running on hwthread 121 - Vector length 125000 Offset 15125000
Group: 0 Thread 122 Global Thread 122 running on hwthread 122 - Vector length 125000 Offset 15250000
Group: 0 Thread 123 Global Thread 123 running on hwthread 123 - Vector length 125000 Offset 15375000
Group: 0 Thread 124 Global Thread 124 running on hwthread 124 - Vector length 125000 Offset 15500000
Group: 0 Thread 125 Global Thread 125 running on hwthread 125 - Vector length 125000 Offset 15625000
Group: 0 Thread 126 Global Thread 126 running on hwthread 126 - Vector length 125000 Offset 15750000
Group: 0 Thread 127 Global Thread 127 running on hwthread 127 - Vector length 125000 Offset 15875000
--------------------------------------------------------------------------------
Cycles:			2959432273
CPU Clock:		2445388602
Cycle Clock:		2445388602
Time:			1.210209e+00 sec
Iterations:		640000
Iterations per thread:	5000
Inner loop executions:	125000
Size (Byte):		64000000
Size per thread:	500000
Number of Flops:	1280000000000
MFlops/s:		1057668.20
Data volume (Byte):	320000000000
MByte/s:		264417.05
Cycles per update:	0.036993
Cycles per cacheline:	0.591886
Loads per update:	1
Stores per update:	0
Load bytes per element:	4
Store bytes per elem.:	0
Instructions:		1600000000032
UOPs:			1520000000000
--------------------------------------------------------------------------------
Writing Likwid Marker API results to file /tmp/likwid_1594668.txt
--------------------------------------------------------------------------------
Region bench, Group 1: FLOPS_SP
+-------------------+------------+------------+------------+------------+------------+------------+------------+------------+------------+------------+-------------+-------------+-------------+-------------+-------------+-------------+-------------+-------------+-------------+-------------+-------------+-------------+-------------+-------------+-------------+-------------+-------------+-------------+-------------+-------------+-------------+-------------+-------------+-------------+-------------+-------------+-------------+-------------+-------------+-------------+-------------+-------------+-------------+-------------+-------------+-------------+-------------+-------------+-------------+-------------+-------------+-------------+-------------+-------------+-------------+-------------+-------------+-------------+-------------+-------------+-------------+-------------+-------------+-------------+-------------+-------------+-------------+-------------+-------------+-------------+-------------+-------------+-------------+-------------+-------------+-------------+-------------+-------------+-------------+-------------+-------------+-------------+-------------+-------------+-------------+-------------+-------------+-------------+-------------+-------------+-------------+-------------+-------------+-------------+-------------+-------------+-------------+-------------+-------------+-------------+--------------+--------------+--------------+--------------+--------------+--------------+--------------+--------------+--------------+--------------+--------------+--------------+--------------+--------------+--------------+--------------+--------------+--------------+--------------+--------------+--------------+--------------+--------------+--------------+--------------+--------------+--------------+--------------+
|    Region Info    | HWThread 0 | HWThread 1 | HWThread 2 | HWThread 3 | HWThread 4 | HWThread 5 | HWThread 6 | HWThread 7 | HWThread 8 | HWThread 9 | HWThread 10 | HWThread 11 | HWThread 12 | HWThread 13 | HWThread 14 | HWThread 15 | HWThread 16 | HWThread 17 | HWThread 18 | HWThread 19 | HWThread 20 | HWThread 21 | HWThread 22 | HWThread 23 | HWThread 24 | HWThread 25 | HWThread 26 | HWThread 27 | HWThread 28 | HWThread 29 | HWThread 30 | HWThread 31 | HWThread 32 | HWThread 33 | HWThread 34 | HWThread 35 | HWThread 36 | HWThread 37 | HWThread 38 | HWThread 39 | HWThread 40 | HWThread 41 | HWThread 42 | HWThread 43 | HWThread 44 | HWThread 45 | HWThread 46 | HWThread 47 | HWThread 48 | HWThread 49 | HWThread 50 | HWThread 51 | HWThread 52 | HWThread 53 | HWThread 54 | HWThread 55 | HWThread 56 | HWThread 57 | HWThread 58 | HWThread 59 | HWThread 60 | HWThread 61 | HWThread 62 | HWThread 63 | HWThread 64 | HWThread 65 | HWThread 66 | HWThread 67 | HWThread 68 | HWThread 69 | HWThread 70 | HWThread 71 | HWThread 72 | HWThread 73 | HWThread 74 | HWThread 75 | HWThread 76 | HWThread 77 | HWThread 78 | HWThread 79 | HWThread 80 | HWThread 81 | HWThread 82 | HWThread 83 | HWThread 84 | HWThread 85 | HWThread 86 | HWThread 87 | HWThread 88 | HWThread 89 | HWThread 90 | HWThread 91 | HWThread 92 | HWThread 93 | HWThread 94 | HWThread 95 | HWThread 96 | HWThread 97 | HWThread 98 | HWThread 99 | HWThread 100 | HWThread 101 | HWThread 102 | HWThread 103 | HWThread 104 | HWThread 105 | HWThread 106 | HWThread 107 | HWThread 108 | HWThread 109 | HWThread 110 | HWThread 111 | HWThread 112 | HWThread 113 | HWThread 114 | HWThread 115 | HWThread 116 | HWThread 117 | HWThread 118 | HWThread 119 | HWThread 120 | HWThread 121 | HWThread 122 | HWThread 123 | HWThread 124 | HWThread 125 | HWThread 126 | HWThread 127 |
+-------------------+------------+------------+------------+------------+------------+------------+------------+------------+------------+------------+-------------+-------------+-------------+-------------+-------------+-------------+-------------+-------------+-------------+-------------+-------------+-------------+-------------+-------------+-------------+-------------+-------------+-------------+-------------+-------------+-------------+-------------+-------------+-------------+-------------+-------------+-------------+-------------+-------------+-------------+-------------+-------------+-------------+-------------+-------------+-------------+-------------+-------------+-------------+-------------+-------------+-------------+-------------+-------------+-------------+-------------+-------------+-------------+-------------+-------------+-------------+-------------+-------------+-------------+-------------+-------------+-------------+-------------+-------------+-------------+-------------+-------------+-------------+-------------+-------------+-------------+-------------+-------------+-------------+-------------+-------------+-------------+-------------+-------------+-------------+-------------+-------------+-------------+-------------+-------------+-------------+-------------+-------------+-------------+-------------+-------------+-------------+-------------+-------------+-------------+--------------+--------------+--------------+--------------+--------------+--------------+--------------+--------------+--------------+--------------+--------------+--------------+--------------+--------------+--------------+--------------+--------------+--------------+--------------+--------------+--------------+--------------+--------------+--------------+--------------+--------------+--------------+--------------+
| RDTSC Runtime [s] |   1.209898 |   1.209905 |   1.209915 |   1.209920 |   1.209918 |   1.209905 |   1.209915 |   1.209920 |   1.209991 |   1.209911 |    1.209993 |    1.209961 |    1.209916 |    1.209992 |    1.210109 |    1.209889 |    1.209998 |    1.209908 |    1.209976 |    1.209927 |    1.209909 |    1.209966 |    1.209858 |    1.209855 |    1.209960 |    1.209958 |    1.209896 |    1.209923 |    1.209951 |    1.209951 |    1.209926 |    1.209926 |    1.209946 |    1.209927 |    1.209900 |    1.209835 |    1.209954 |    1.209949 |    1.209926 |    1.209986 |    1.209924 |    1.209930 |    1.209954 |    1.209913 |    1.209961 |    1.209907 |    1.209932 |    1.210003 |    1.209908 |    1.209909 |    1.209868 |    1.209870 |    1.209934 |    1.209928 |    1.209997 |    1.209928 |    1.210123 |    1.210204 |    1.210102 |    1.210213 |    1.210190 |    1.209891 |    1.210209 |    1.210210 |    1.209835 |    1.209838 |    1.209841 |    1.209835 |    1.209833 |    1.209862 |    1.209840 |    1.209835 |    1.209837 |    1.209845 |    1.209845 |    1.209840 |    1.209864 |    1.209815 |    1.209838 |    1.209838 |    1.209954 |    1.209962 |    1.209837 |    1.209834 |    1.209837 |    1.209838 |    1.209844 |    1.209930 |    1.209931 |    1.209922 |    1.209845 |    1.209845 |    1.209882 |    1.209845 |    1.209845 |    1.209905 |    1.209969 |    1.209969 |    1.209893 |    1.209843 |     1.209934 |     1.209970 |     1.209843 |     1.210000 |     1.209901 |     1.209841 |     1.209929 |     1.209865 |     1.209840 |     1.209841 |     1.209928 |     1.209931 |     1.209982 |     1.209926 |     1.209944 |     1.209972 |     1.209966 |     1.209933 |     1.209961 |     1.210014 |     1.209869 |     1.209927 |     1.209843 |     1.209900 |     1.209852 |     1.209905 |     1.209853 |     1.209852 |
|     call count    |          1 |          1 |          1 |          1 |          1 |          1 |          1 |          1 |          1 |          1 |           1 |           1 |           1 |           1 |           1 |           1 |           1 |           1 |           1 |           1 |           1 |           1 |           1 |           1 |           1 |           1 |           1 |           1 |           1 |           1 |           1 |           1 |           1 |           1 |           1 |           1 |           1 |           1 |           1 |           1 |           1 |           1 |           1 |           1 |           1 |           1 |           1 |           1 |           1 |           1 |           1 |           1 |           1 |           1 |           1 |           1 |           1 |           1 |           1 |           1 |           1 |           1 |           1 |           1 |           1 |           1 |           1 |           1 |           1 |           1 |           1 |           1 |           1 |           1 |           1 |           1 |           1 |           1 |           1 |           1 |           1 |           1 |           1 |           1 |           1 |           1 |           1 |           1 |           1 |           1 |           1 |           1 |           1 |           1 |           1 |           1 |           1 |           1 |           1 |           1 |            1 |            1 |            1 |            1 |            1 |            1 |            1 |            1 |            1 |            1 |            1 |            1 |            1 |            1 |            1 |            1 |            1 |            1 |            1 |            1 |            1 |            1 |            1 |            1 |            1 |            1 |            1 |            1 |
+-------------------+------------+------------+------------+------------+------------+------------+------------+------------+------------+------------+-------------+-------------+-------------+-------------+-------------+-------------+-------------+-------------+-------------+-------------+-------------+-------------+-------------+-------------+-------------+-------------+-------------+-------------+-------------+-------------+-------------+-------------+-------------+-------------+-------------+-------------+-------------+-------------+-------------+-------------+-------------+-------------+-------------+-------------+-------------+-------------+-------------+-------------+-------------+-------------+-------------+-------------+-------------+-------------+-------------+-------------+-------------+-------------+-------------+-------------+-------------+-------------+-------------+-------------+-------------+-------------+-------------+-------------+-------------+-------------+-------------+-------------+-------------+-------------+-------------+-------------+-------------+-------------+-------------+-------------+-------------+-------------+-------------+-------------+-------------+-------------+-------------+-------------+-------------+-------------+-------------+-------------+-------------+-------------+-------------+-------------+-------------+-------------+-------------+-------------+--------------+--------------+--------------+--------------+--------------+--------------+--------------+--------------+--------------+--------------+--------------+--------------+--------------+--------------+--------------+--------------+--------------+--------------+--------------+--------------+--------------+--------------+--------------+--------------+--------------+--------------+--------------+--------------+

+---------------------------+---------+-------------+-------------+-------------+-------------+-------------+-------------+-------------+-------------+-------------+-------------+-------------+-------------+-------------+-------------+-------------+-------------+-------------+-------------+-------------+-------------+-------------+-------------+-------------+-------------+-------------+-------------+-------------+-------------+-------------+-------------+-------------+-------------+-------------+-------------+-------------+-------------+-------------+-------------+-------------+-------------+-------------+-------------+-------------+-------------+-------------+-------------+-------------+-------------+-------------+-------------+-------------+-------------+-------------+-------------+-------------+-------------+-------------+-------------+-------------+-------------+-------------+-------------+-------------+-------------+-------------+-------------+-------------+-------------+-------------+-------------+-------------+-------------+-------------+-------------+-------------+-------------+-------------+-------------+-------------+-------------+-------------+-------------+-------------+-------------+-------------+-------------+-------------+-------------+-------------+-------------+-------------+-------------+-------------+-------------+-------------+-------------+-------------+-------------+-------------+-------------+--------------+--------------+--------------+--------------+--------------+--------------+--------------+--------------+--------------+--------------+--------------+--------------+--------------+--------------+--------------+--------------+--------------+--------------+--------------+--------------+--------------+--------------+--------------+--------------+--------------+--------------+--------------+--------------+
|           Event           | Counter |  HWThread 0 |  HWThread 1 |  HWThread 2 |  HWThread 3 |  HWThread 4 |  HWThread 5 |  HWThread 6 |  HWThread 7 |  HWThread 8 |  HWThread 9 | HWThread 10 | HWThread 11 | HWThread 12 | HWThread 13 | HWThread 14 | HWThread 15 | HWThread 16 | HWThread 17 | HWThread 18 | HWThread 19 | HWThread 20 | HWThread 21 | HWThread 22 | HWThread 23 | HWThread 24 | HWThread 25 | HWThread 26 | HWThread 27 | HWThread 28 | HWThread 29 | HWThread 30 | HWThread 31 | HWThread 32 | HWThread 33 | HWThread 34 | HWThread 35 | HWThread 36 | HWThread 37 | HWThread 38 | HWThread 39 | HWThread 40 | HWThread 41 | HWThread 42 | HWThread 43 | HWThread 44 | HWThread 45 | HWThread 46 | HWThread 47 | HWThread 48 | HWThread 49 | HWThread 50 | HWThread 51 | HWThread 52 | HWThread 53 | HWThread 54 | HWThread 55 | HWThread 56 | HWThread 57 | HWThread 58 | HWThread 59 | HWThread 60 | HWThread 61 | HWThread 62 | HWThread 63 | HWThread 64 | HWThread 65 | HWThread 66 | HWThread 67 | HWThread 68 | HWThread 69 | HWThread 70 | HWThread 71 | HWThread 72 | HWThread 73 | HWThread 74 | HWThread 75 | HWThread 76 | HWThread 77 | HWThread 78 | HWThread 79 | HWThread 80 | HWThread 81 | HWThread 82 | HWThread 83 | HWThread 84 | HWThread 85 | HWThread 86 | HWThread 87 | HWThread 88 | HWThread 89 | HWThread 90 | HWThread 91 | HWThread 92 | HWThread 93 | HWThread 94 | HWThread 95 | HWThread 96 | HWThread 97 | HWThread 98 | HWThread 99 | HWThread 100 | HWThread 101 | HWThread 102 | HWThread 103 | HWThread 104 | HWThread 105 | HWThread 106 | HWThread 107 | HWThread 108 | HWThread 109 | HWThread 110 | HWThread 111 | HWThread 112 | HWThread 113 | HWThread 114 | HWThread 115 | HWThread 116 | HWThread 117 | HWThread 118 | HWThread 119 | HWThread 120 | HWThread 121 | HWThread 122 | HWThread 123 | HWThread 124 | HWThread 125 | HWThread 126 | HWThread 127 |
+---------------------------+---------+-------------+-------------+-------------+-------------+-------------+-------------+-------------+-------------+-------------+-------------+-------------+-------------+-------------+-------------+-------------+-------------+-------------+-------------+-------------+-------------+-------------+-------------+-------------+-------------+-------------+-------------+-------------+-------------+-------------+-------------+-------------+-------------+-------------+-------------+-------------+-------------+-------------+-------------+-------------+-------------+-------------+-------------+-------------+-------------+-------------+-------------+-------------+-------------+-------------+-------------+-------------+-------------+-------------+-------------+-------------+-------------+-------------+-------------+-------------+-------------+-------------+-------------+-------------+-------------+-------------+-------------+-------------+-------------+-------------+-------------+-------------+-------------+-------------+-------------+-------------+-------------+-------------+-------------+-------------+-------------+-------------+-------------+-------------+-------------+-------------+-------------+-------------+-------------+-------------+-------------+-------------+-------------+-------------+-------------+-------------+-------------+-------------+-------------+-------------+-------------+--------------+--------------+--------------+--------------+--------------+--------------+--------------+--------------+--------------+--------------+--------------+--------------+--------------+--------------+--------------+--------------+--------------+--------------+--------------+--------------+--------------+--------------+--------------+--------------+--------------+--------------+--------------+--------------+
|      ACTUAL_CPU_CLOCK     |  FIXC1  |  3868920000 |  3868771000 |  3869099000 |  3869281000 |  3869192000 |  3868581000 |  3868616000 |  3869086000 |  3868584000 |  3868925000 |  3868929000 |  3868509000 |  3868978000 |  3869026000 |  3868669000 |  3868724000 |  3869509000 |  3868693000 |  3868895000 |  3869433000 |  3867928000 |  3869538000 |  3868271000 |  3869118000 |  3869717000 |  3868682000 |  3869250000 |  3868862000 |  3869078000 |  3869293000 |  3869426000 |  3869094000 |  3868233000 |  3868375000 |  3868897000 |  3868827000 |  3868704000 |  3868366000 |  3868595000 |  3868594000 |  3867904000 |  3868599000 |  3868370000 |  3868281000 |  3868643000 |  3867667000 |  3868084000 |  3868003000 |  3869269000 |  3868949000 |  3868278000 |  3867928000 |  3869101000 |  3868795000 |  3868918000 |  3868765000 |  3868377000 |  3868576000 |  3868509000 |  3868644000 |  3868585000 |  3868870000 |  3868708000 |  3868666000 |  3928182000 |  3928519000 |  3928710000 |  3928071000 |  3927782000 |  3928238000 |  3928578000 |  3928011000 |  3928116000 |  3927910000 |  3927887000 |  3927525000 |  3927582000 |  3927169000 |  3927730000 |  3927935000 |  3929769000 |  3929352000 |  3927943000 |  3928292000 |  3928701000 |  3928321000 |  3928427000 |  3928573000 |  3929407000 |  3929515000 |  3928058000 |  3928537000 |  3929701000 |  3928379000 |  3928149000 |  3929202000 |  3929722000 |  3929946000 |  3929072000 |  3927757000 |   3929927000 |   3929902000 |   3928567000 |   3929685000 |   3929363000 |   3928120000 |   3929977000 |   3928525000 |   3927996000 |   3928640000 |   3929669000 |   3929621000 |   3929963000 |   3929430000 |   3929385000 |   3929221000 |   3929026000 |   3929368000 |   3929925000 |   3929971000 |   3928461000 |   3930074000 |   3928170000 |   3928810000 |   3928858000 |   3929275000 |   3928627000 |   3928822000 |
|       MAX_CPU_CLOCK       |  FIXC2  |  2962487000 |  2962616000 |  2962914000 |  2962469000 |  2962839000 |  2962210000 |  2962396000 |  2962635000 |  2962029000 |  2962164000 |  2962052000 |  2962432000 |  2962203000 |  2962021000 |  2962446000 |  2962064000 |  2963050000 |  2962708000 |  2962784000 |  2962991000 |  2962247000 |  2963027000 |  2961984000 |  2962900000 |  2963007000 |  2962456000 |  2962805000 |  2962792000 |  2962518000 |  2962872000 |  2962780000 |  2962811000 |  2961791000 |  2962473000 |  2962142000 |  2961607000 |  2961871000 |  2961792000 |  2962411000 |  2962137000 |  2962165000 |  2962366000 |  2961979000 |  2962295000 |  2962041000 |  2962155000 |  2962260000 |  2962173000 |  2962766000 |  2962704000 |  2962263000 |  2962089000 |  2962883000 |  2962613000 |  2962798000 |  2962720000 |  2962540000 |  2962668000 |  2963046000 |  2962757000 |  2962646000 |  2962057000 |  2962748000 |  2962667000 |  2962040000 |  2962139000 |  2962211000 |  2962060000 |  2961668000 |  2962034000 |  2962193000 |  2962065000 |  2961902000 |  2961634000 |  2961509000 |  2961542000 |  2961566000 |  2961551000 |  2961521000 |  2961593000 |  2962502000 |  2962079000 |  2961673000 |  2962219000 |  2962174000 |  2962192000 |  2962070000 |  2962250000 |  2962914000 |  2962584000 |  2961918000 |  2962257000 |  2962539000 |  2961979000 |  2962021000 |  2962767000 |  2963089000 |  2962554000 |  2962758000 |  2961689000 |   2962646000 |   2963118000 |   2962228000 |   2962703000 |   2962580000 |   2961943000 |   2963079000 |   2961976000 |   2961693000 |   2961940000 |   2963070000 |   2962939000 |   2962926000 |   2962899000 |   2962485000 |   2962510000 |   2962513000 |   2962927000 |   2963066000 |   2962628000 |   2962166000 |   2962933000 |   2962499000 |   2962723000 |   2962257000 |   2962822000 |   2962001000 |   2961937000 |
|    RETIRED_INSTRUCTIONS   |   PMC0  | 12500240000 | 12503070000 | 12505960000 | 12502890000 | 12502510000 | 12507230000 | 12503820000 | 12503200000 | 12504760000 | 12504510000 | 12503810000 | 12506430000 | 12502750000 | 12503800000 | 12505790000 | 12503440000 | 12504260000 | 12505590000 | 12503730000 | 12503850000 | 12504110000 | 12504400000 | 12503830000 | 12504390000 | 12505830000 | 12501800000 | 12505410000 | 12504080000 | 12504090000 | 12505370000 | 12504410000 | 12503860000 | 12506380000 | 12502690000 | 12504690000 | 12505100000 | 12503740000 | 12502810000 | 12502060000 | 12503740000 | 12505620000 | 12503950000 | 12502880000 | 12503820000 | 12505620000 | 12503740000 | 12502200000 | 12504350000 | 12505240000 | 12503750000 | 12505610000 | 12503480000 | 12506700000 | 12503810000 | 12504090000 | 12504740000 | 12503160000 | 12505180000 | 12502920000 | 12504030000 | 12505700000 | 12502700000 | 12504950000 | 12502880000 | 12514220000 | 12515680000 | 12514130000 | 12513830000 | 12514750000 | 12517230000 | 12514270000 | 12513880000 | 12515860000 | 12514710000 | 12514390000 | 12517280000 | 12515750000 | 12513340000 | 12516600000 | 12514650000 | 12513160000 | 12514870000 | 12513500000 | 12513620000 | 12513490000 | 12513550000 | 12513460000 | 12514620000 | 12512820000 | 12516060000 | 12514560000 | 12512710000 | 12515280000 | 12513640000 | 12512510000 | 12514360000 | 12513970000 | 12513790000 | 12515390000 | 12514360000 |  12514320000 |  12512860000 |  12513450000 |  12516030000 |  12513780000 |  12511940000 |  12514260000 |  12515630000 |  12513530000 |  12514190000 |  12517090000 |  12514020000 |  12513750000 |  12515070000 |  12514310000 |  12513740000 |  12515860000 |  12513980000 |  12512490000 |  12513100000 |  12515640000 |  12514440000 |  12514110000 |  12514380000 |  12514220000 |  12515340000 |  12511960000 |  12514710000 |
|    CPU_CLOCKS_UNHALTED    |   PMC1  |  3827678000 |  3834933000 |  3834701000 |  3834794000 |  3835156000 |  3835495000 |  3834772000 |  3834975000 |  3833411000 |  3833695000 |  3833971000 |  3833218000 |  3833659000 |  3834181000 |  3834264000 |  3833952000 |  3834041000 |  3833339000 |  3833089000 |  3833530000 |  3833157000 |  3833952000 |  3833262000 |  3833418000 |  3834393000 |  3834689000 |  3833978000 |  3834228000 |  3833730000 |  3834276000 |  3835256000 |  3834125000 |  3833266000 |  3833502000 |  3834172000 |  3833775000 |  3833841000 |  3833918000 |  3834245000 |  3834092000 |  3834255000 |  3833544000 |  3834181000 |  3834376000 |  3834536000 |  3834056000 |  3834345000 |  3834639000 |  3833736000 |  3833852000 |  3834144000 |  3833551000 |  3834117000 |  3833985000 |  3833785000 |  3833854000 |  3834024000 |  3834546000 |  3834023000 |  3834503000 |  3834146000 |  3834187000 |  3834803000 |  3834977000 |  3892594000 |  3892635000 |  3892681000 |  3892015000 |  3892333000 |  3892611000 |  3892800000 |  3891373000 |  3892000000 |  3892506000 |  3892457000 |  3892371000 |  3892744000 |  3892417000 |  3892568000 |  3892701000 |  3888095000 |  3887975000 |  3887583000 |  3887540000 |  3888415000 |  3888057000 |  3888109000 |  3888276000 |  3888150000 |  3888181000 |  3887804000 |  3888444000 |  3888222000 |  3888443000 |  3887489000 |  3888360000 |  3889896000 |  3889760000 |  3890019000 |  3889322000 |   3890299000 |   3890588000 |   3889577000 |   3889842000 |   3889841000 |   3888927000 |   3890023000 |   3890058000 |   3889869000 |   3890210000 |   3890251000 |   3890454000 |   3890447000 |   3890152000 |   3890136000 |   3890217000 |   3889853000 |   3889673000 |   3890386000 |   3890594000 |   3890816000 |   3891127000 |   3890854000 |   3890629000 |   3891068000 |   3891511000 |   3891444000 |   3892123000 |
| RETIRED_SSE_AVX_FLOPS_ALL |   PMC2  | 10000000000 | 10000000000 | 10000000000 | 10000000000 | 10000000000 | 10000000000 | 10000000000 | 10000000000 | 10000000000 | 10000000000 | 10000000000 | 10000000000 | 10000000000 | 10000000000 | 10000000000 | 10000000000 | 10000000000 | 10000000000 | 10000000000 | 10000000000 | 10000000000 | 10000000000 | 10000000000 | 10000000000 | 10000000000 | 10000000000 | 10000000000 | 10000000000 | 10000000000 | 10000000000 | 10000000000 | 10000000000 | 10000000000 | 10000000000 | 10000000000 | 10000000000 | 10000000000 | 10000000000 | 10000000000 | 10000000000 | 10000000000 | 10000000000 | 10000000000 | 10000000000 | 10000000000 | 10000000000 | 10000000000 | 10000000000 | 10000000000 | 10000000000 | 10000000000 | 10000000000 | 10000000000 | 10000000000 | 10000000000 | 10000000000 | 10000000000 | 10000000000 | 10000000000 | 10000000000 | 10000000000 | 10000000000 | 10000000000 | 10000000000 | 10000000000 | 10000000000 | 10000000000 | 10000000000 | 10000000000 | 10000000000 | 10000000000 | 10000000000 | 10000000000 | 10000000000 | 10000000000 | 10000000000 | 10000000000 | 10000000000 | 10000000000 | 10000000000 | 10000000000 | 10000000000 | 10000000000 | 10000000000 | 10000000000 | 10000000000 | 10000000000 | 10000000000 | 10000000000 | 10000000000 | 10000000000 | 10000000000 | 10000000000 | 10000000000 | 10000000000 | 10000000000 | 10000000000 | 10000000000 | 10000000000 | 10000000000 |  10000000000 |  10000000000 |  10000000000 |  10000000000 |  10000000000 |  10000000000 |  10000000000 |  10000000000 |  10000000000 |  10000000000 |  10000000000 |  10000000000 |  10000000000 |  10000000000 |  10000000000 |  10000000000 |  10000000000 |  10000000000 |  10000000000 |  10000000000 |  10000000000 |  10000000000 |  10000000000 |  10000000000 |  10000000000 |  10000000000 |  10000000000 |  10000000000 |
|           MERGE           |   PMC3  |           0 |           0 |           0 |           0 |           0 |           0 |           0 |           0 |           0 |           0 |           0 |           0 |           0 |           0 |           0 |           0 |           0 |           0 |           0 |           0 |           0 |           0 |           0 |           0 |           0 |           0 |           0 |           0 |           0 |           0 |           0 |           0 |           0 |           0 |           0 |           0 |           0 |           0 |           0 |           0 |           0 |           0 |           0 |           0 |           0 |           0 |           0 |           0 |           0 |           0 |           0 |           0 |           0 |           0 |           0 |           0 |           0 |           0 |           0 |           0 |           0 |           0 |           0 |           0 |           0 |           0 |           0 |           0 |           0 |           0 |           0 |           0 |           0 |           0 |           0 |           0 |           0 |           0 |           0 |           0 |           0 |           0 |           0 |           0 |           0 |           0 |           0 |           0 |           0 |           0 |           0 |           0 |           0 |           0 |           0 |           0 |           0 |           0 |           0 |           0 |            0 |            0 |            0 |            0 |            0 |            0 |            0 |            0 |            0 |            0 |            0 |            0 |            0 |            0 |            0 |            0 |            0 |            0 |            0 |            0 |            0 |            0 |            0 |            0 |            0 |            0 |            0 |            0 |
+---------------------------+---------+-------------+-------------+-------------+-------------+-------------+-------------+-------------+-------------+-------------+-------------+-------------+-------------+-------------+-------------+-------------+-------------+-------------+-------------+-------------+-------------+-------------+-------------+-------------+-------------+-------------+-------------+-------------+-------------+-------------+-------------+-------------+-------------+-------------+-------------+-------------+-------------+-------------+-------------+-------------+-------------+-------------+-------------+-------------+-------------+-------------+-------------+-------------+-------------+-------------+-------------+-------------+-------------+-------------+-------------+-------------+-------------+-------------+-------------+-------------+-------------+-------------+-------------+-------------+-------------+-------------+-------------+-------------+-------------+-------------+-------------+-------------+-------------+-------------+-------------+-------------+-------------+-------------+-------------+-------------+-------------+-------------+-------------+-------------+-------------+-------------+-------------+-------------+-------------+-------------+-------------+-------------+-------------+-------------+-------------+-------------+-------------+-------------+-------------+-------------+-------------+--------------+--------------+--------------+--------------+--------------+--------------+--------------+--------------+--------------+--------------+--------------+--------------+--------------+--------------+--------------+--------------+--------------+--------------+--------------+--------------+--------------+--------------+--------------+--------------+--------------+--------------+--------------+--------------+

+--------------------------------+---------+---------------+-------------+-------------+--------------+
|              Event             | Counter |      Sum      |     Min     |     Max     |      Avg     |
+--------------------------------+---------+---------------+-------------+-------------+--------------+
|      ACTUAL_CPU_CLOCK STAT     |  FIXC1  |  499041903000 |  3867667000 |  3930074000 | 3.898765e+09 |
|       MAX_CPU_CLOCK STAT       |  FIXC2  |  379183995000 |  2961509000 |  2963118000 | 2.962375e+09 |
|    RETIRED_INSTRUCTIONS STAT   |   PMC0  | 1601184040000 | 12500240000 | 12517280000 | 1.250925e+10 |
|    CPU_CLOCKS_UNHALTED STAT    |   PMC1  |  494354209000 |  3827678000 |  3892800000 | 3.862142e+09 |
| RETIRED_SSE_AVX_FLOPS_ALL STAT |   PMC2  | 1280000000000 | 10000000000 | 10000000000 |  10000000000 |
|           MERGE STAT           |   PMC3  |             0 |           0 |           0 |            0 |
+--------------------------------+---------+---------------+-------------+-------------+--------------+

+----------------------+------------+------------+------------+------------+------------+------------+------------+------------+------------+------------+-------------+-------------+-------------+-------------+-------------+-------------+-------------+-------------+-------------+-------------+-------------+-------------+-------------+-------------+-------------+-------------+-------------+-------------+-------------+-------------+-------------+-------------+-------------+-------------+-------------+-------------+-------------+-------------+-------------+-------------+-------------+-------------+-------------+-------------+-------------+-------------+-------------+-------------+-------------+-------------+-------------+-------------+-------------+-------------+-------------+-------------+-------------+-------------+-------------+-------------+-------------+-------------+-------------+-------------+-------------+-------------+-------------+-------------+-------------+-------------+-------------+-------------+-------------+-------------+-------------+-------------+-------------+-------------+-------------+-------------+-------------+-------------+-------------+-------------+-------------+-------------+-------------+-------------+-------------+-------------+-------------+-------------+-------------+-------------+-------------+-------------+-------------+-------------+-------------+-------------+--------------+--------------+--------------+--------------+--------------+--------------+--------------+--------------+--------------+--------------+--------------+--------------+--------------+--------------+--------------+--------------+--------------+--------------+--------------+--------------+--------------+--------------+--------------+--------------+--------------+--------------+--------------+--------------+
|        Metric        | HWThread 0 | HWThread 1 | HWThread 2 | HWThread 3 | HWThread 4 | HWThread 5 | HWThread 6 | HWThread 7 | HWThread 8 | HWThread 9 | HWThread 10 | HWThread 11 | HWThread 12 | HWThread 13 | HWThread 14 | HWThread 15 | HWThread 16 | HWThread 17 | HWThread 18 | HWThread 19 | HWThread 20 | HWThread 21 | HWThread 22 | HWThread 23 | HWThread 24 | HWThread 25 | HWThread 26 | HWThread 27 | HWThread 28 | HWThread 29 | HWThread 30 | HWThread 31 | HWThread 32 | HWThread 33 | HWThread 34 | HWThread 35 | HWThread 36 | HWThread 37 | HWThread 38 | HWThread 39 | HWThread 40 | HWThread 41 | HWThread 42 | HWThread 43 | HWThread 44 | HWThread 45 | HWThread 46 | HWThread 47 | HWThread 48 | HWThread 49 | HWThread 50 | HWThread 51 | HWThread 52 | HWThread 53 | HWThread 54 | HWThread 55 | HWThread 56 | HWThread 57 | HWThread 58 | HWThread 59 | HWThread 60 | HWThread 61 | HWThread 62 | HWThread 63 | HWThread 64 | HWThread 65 | HWThread 66 | HWThread 67 | HWThread 68 | HWThread 69 | HWThread 70 | HWThread 71 | HWThread 72 | HWThread 73 | HWThread 74 | HWThread 75 | HWThread 76 | HWThread 77 | HWThread 78 | HWThread 79 | HWThread 80 | HWThread 81 | HWThread 82 | HWThread 83 | HWThread 84 | HWThread 85 | HWThread 86 | HWThread 87 | HWThread 88 | HWThread 89 | HWThread 90 | HWThread 91 | HWThread 92 | HWThread 93 | HWThread 94 | HWThread 95 | HWThread 96 | HWThread 97 | HWThread 98 | HWThread 99 | HWThread 100 | HWThread 101 | HWThread 102 | HWThread 103 | HWThread 104 | HWThread 105 | HWThread 106 | HWThread 107 | HWThread 108 | HWThread 109 | HWThread 110 | HWThread 111 | HWThread 112 | HWThread 113 | HWThread 114 | HWThread 115 | HWThread 116 | HWThread 117 | HWThread 118 | HWThread 119 | HWThread 120 | HWThread 121 | HWThread 122 | HWThread 123 | HWThread 124 | HWThread 125 | HWThread 126 | HWThread 127 |
+----------------------+------------+------------+------------+------------+------------+------------+------------+------------+------------+------------+-------------+-------------+-------------+-------------+-------------+-------------+-------------+-------------+-------------+-------------+-------------+-------------+-------------+-------------+-------------+-------------+-------------+-------------+-------------+-------------+-------------+-------------+-------------+-------------+-------------+-------------+-------------+-------------+-------------+-------------+-------------+-------------+-------------+-------------+-------------+-------------+-------------+-------------+-------------+-------------+-------------+-------------+-------------+-------------+-------------+-------------+-------------+-------------+-------------+-------------+-------------+-------------+-------------+-------------+-------------+-------------+-------------+-------------+-------------+-------------+-------------+-------------+-------------+-------------+-------------+-------------+-------------+-------------+-------------+-------------+-------------+-------------+-------------+-------------+-------------+-------------+-------------+-------------+-------------+-------------+-------------+-------------+-------------+-------------+-------------+-------------+-------------+-------------+-------------+-------------+--------------+--------------+--------------+--------------+--------------+--------------+--------------+--------------+--------------+--------------+--------------+--------------+--------------+--------------+--------------+--------------+--------------+--------------+--------------+--------------+--------------+--------------+--------------+--------------+--------------+--------------+--------------+--------------+
|  Runtime (RDTSC) [s] |     1.2099 |     1.2099 |     1.2099 |     1.2099 |     1.2099 |     1.2099 |     1.2099 |     1.2099 |     1.2100 |     1.2099 |      1.2100 |      1.2100 |      1.2099 |      1.2100 |      1.2101 |      1.2099 |      1.2100 |      1.2099 |      1.2100 |      1.2099 |      1.2099 |      1.2100 |      1.2099 |      1.2099 |      1.2100 |      1.2100 |      1.2099 |      1.2099 |      1.2100 |      1.2100 |      1.2099 |      1.2099 |      1.2099 |      1.2099 |      1.2099 |      1.2098 |      1.2100 |      1.2099 |      1.2099 |      1.2100 |      1.2099 |      1.2099 |      1.2100 |      1.2099 |      1.2100 |      1.2099 |      1.2099 |      1.2100 |      1.2099 |      1.2099 |      1.2099 |      1.2099 |      1.2099 |      1.2099 |      1.2100 |      1.2099 |      1.2101 |      1.2102 |      1.2101 |      1.2102 |      1.2102 |      1.2099 |      1.2102 |      1.2102 |      1.2098 |      1.2098 |      1.2098 |      1.2098 |      1.2098 |      1.2099 |      1.2098 |      1.2098 |      1.2098 |      1.2098 |      1.2098 |      1.2098 |      1.2099 |      1.2098 |      1.2098 |      1.2098 |      1.2100 |      1.2100 |      1.2098 |      1.2098 |      1.2098 |      1.2098 |      1.2098 |      1.2099 |      1.2099 |      1.2099 |      1.2098 |      1.2098 |      1.2099 |      1.2098 |      1.2098 |      1.2099 |      1.2100 |      1.2100 |      1.2099 |      1.2098 |       1.2099 |       1.2100 |       1.2098 |       1.2100 |       1.2099 |       1.2098 |       1.2099 |       1.2099 |       1.2098 |       1.2098 |       1.2099 |       1.2099 |       1.2100 |       1.2099 |       1.2099 |       1.2100 |       1.2100 |       1.2099 |       1.2100 |       1.2100 |       1.2099 |       1.2099 |       1.2098 |       1.2099 |       1.2099 |       1.2099 |       1.2099 |       1.2099 |
| Runtime unhalted [s] |     1.5821 |     1.5821 |     1.5822 |     1.5823 |     1.5822 |     1.5820 |     1.5820 |     1.5822 |     1.5820 |     1.5821 |      1.5821 |      1.5820 |      1.5822 |      1.5822 |      1.5820 |      1.5821 |      1.5824 |      1.5820 |      1.5821 |      1.5823 |      1.5817 |      1.5824 |      1.5819 |      1.5822 |      1.5825 |      1.5820 |      1.5823 |      1.5821 |      1.5822 |      1.5823 |      1.5823 |      1.5822 |      1.5818 |      1.5819 |      1.5821 |      1.5821 |      1.5820 |      1.5819 |      1.5820 |      1.5820 |      1.5817 |      1.5820 |      1.5819 |      1.5819 |      1.5820 |      1.5816 |      1.5818 |      1.5818 |      1.5823 |      1.5821 |      1.5819 |      1.5817 |      1.5822 |      1.5821 |      1.5821 |      1.5821 |      1.5819 |      1.5820 |      1.5820 |      1.5820 |      1.5820 |      1.5821 |      1.5820 |      1.5820 |      1.6064 |      1.6065 |      1.6066 |      1.6063 |      1.6062 |      1.6064 |      1.6065 |      1.6063 |      1.6063 |      1.6063 |      1.6062 |      1.6061 |      1.6061 |      1.6060 |      1.6062 |      1.6063 |      1.6070 |      1.6068 |      1.6063 |      1.6064 |      1.6066 |      1.6064 |      1.6065 |      1.6065 |      1.6069 |      1.6069 |      1.6063 |      1.6065 |      1.6070 |      1.6064 |      1.6064 |      1.6068 |      1.6070 |      1.6071 |      1.6067 |      1.6062 |       1.6071 |       1.6071 |       1.6065 |       1.6070 |       1.6068 |       1.6063 |       1.6071 |       1.6065 |       1.6063 |       1.6066 |       1.6070 |       1.6070 |       1.6071 |       1.6069 |       1.6069 |       1.6068 |       1.6067 |       1.6068 |       1.6071 |       1.6071 |       1.6065 |       1.6071 |       1.6064 |       1.6066 |       1.6066 |       1.6068 |       1.6065 |       1.6066 |
|      Clock [MHz]     |  3193.6013 |  3193.3393 |  3193.2888 |  3193.9187 |  3193.4464 |  3193.6201 |  3193.4485 |  3193.5788 |  3193.8178 |  3193.9537 |   3194.0778 |   3193.3214 |   3193.9554 |   3194.1913 |   3193.4384 |   3193.8956 |   3193.4806 |   3193.1758 |   3193.2606 |   3193.4815 |   3193.0412 |   3193.5294 |   3193.6079 |   3193.3196 |   3193.6986 |   3193.4383 |   3193.5309 |   3193.2247 |   3193.6983 |   3193.4942 |   3193.7032 |   3193.3957 |   3193.7846 |   3193.1666 |   3193.9543 |   3194.4735 |   3194.0872 |   3193.8933 |   3193.4150 |   3193.7096 |   3193.1098 |   3193.4668 |   3193.6950 |   3193.2808 |   3193.8535 |   3192.9249 |   3193.1559 |   3193.1829 |   3193.5887 |   3193.3914 |   3193.3129 |   3193.2115 |   3193.3239 |   3193.3623 |   3193.2645 |   3193.2223 |   3193.0960 |   3193.1223 |   3192.6597 |   3193.0825 |   3193.1534 |   3194.0237 |   3193.1450 |   3193.1977 |   3243.0085 |   3243.1783 |   3243.2572 |   3242.8950 |   3243.0856 |   3243.0613 |   3243.1679 |   3242.8400 |   3243.1051 |   3243.2285 |   3243.3464 |   3243.0113 |   3243.0321 |   3242.7075 |   3243.2036 |   3243.2940 |   3243.8127 |   3243.9317 |   3243.2130 |   3242.9033 |   3243.2903 |   3242.9568 |   3243.1779 |   3243.1014 |   3243.0629 |   3243.5133 |   3243.0397 |   3243.0640 |   3243.7161 |   3243.2379 |   3243.0021 |   3243.0546 |   3243.1313 |   3243.9019 |   3242.9572 |   3243.0419 |    3243.7855 |    3243.2482 |    3243.1205 |    3243.5233 |    3243.3922 |    3243.0635 |    3243.3527 |    3243.3618 |    3243.2349 |    3243.4961 |    3243.1084 |    3243.2122 |    3243.5087 |    3243.0983 |    3243.5144 |    3243.3516 |    3243.1874 |    3243.0165 |    3243.3241 |    3243.8415 |    3243.1009 |    3243.5926 |    3242.4961 |    3242.7792 |    3243.3290 |    3243.0547 |    3243.4186 |    3243.6497 |
|          CPI         |     0.3062 |     0.3067 |     0.3066 |     0.3067 |     0.3068 |     0.3067 |     0.3067 |     0.3067 |     0.3066 |     0.3066 |      0.3066 |      0.3065 |      0.3066 |      0.3066 |      0.3066 |      0.3066 |      0.3066 |      0.3065 |      0.3066 |      0.3066 |      0.3066 |      0.3066 |      0.3066 |      0.3066 |      0.3066 |      0.3067 |      0.3066 |      0.3066 |      0.3066 |      0.3066 |      0.3067 |      0.3066 |      0.3065 |      0.3066 |      0.3066 |      0.3066 |      0.3066 |      0.3066 |      0.3067 |      0.3066 |      0.3066 |      0.3066 |      0.3067 |      0.3067 |      0.3066 |      0.3066 |      0.3067 |      0.3067 |      0.3066 |      0.3066 |      0.3066 |      0.3066 |      0.3066 |      0.3066 |      0.3066 |      0.3066 |      0.3066 |      0.3066 |      0.3067 |      0.3067 |      0.3066 |      0.3067 |      0.3067 |      0.3067 |      0.3111 |      0.3110 |      0.3111 |      0.3110 |      0.3110 |      0.3110 |      0.3111 |      0.3110 |      0.3110 |      0.3110 |      0.3110 |      0.3110 |      0.3110 |      0.3111 |      0.3110 |      0.3111 |      0.3107 |      0.3107 |      0.3107 |      0.3107 |      0.3107 |      0.3107 |      0.3107 |      0.3107 |      0.3107 |      0.3107 |      0.3107 |      0.3108 |      0.3107 |      0.3107 |      0.3107 |      0.3107 |      0.3108 |      0.3108 |      0.3108 |      0.3108 |       0.3109 |       0.3109 |       0.3108 |       0.3108 |       0.3108 |       0.3108 |       0.3108 |       0.3108 |       0.3109 |       0.3109 |       0.3108 |       0.3109 |       0.3109 |       0.3108 |       0.3109 |       0.3109 |       0.3108 |       0.3108 |       0.3109 |       0.3109 |       0.3109 |       0.3109 |       0.3109 |       0.3109 |       0.3109 |       0.3109 |       0.3110 |       0.3110 |
|     SP [MFLOP/s]     |  8265.1595 |  8265.1117 |  8265.0434 |  8265.0093 |  8265.0229 |  8265.1117 |  8265.0434 |  8265.0093 |  8264.5243 |  8265.0707 |   8264.5106 |   8264.7292 |   8265.0366 |   8264.5175 |   8263.7184 |   8265.2210 |   8264.4765 |   8265.0912 |   8264.6267 |   8264.9614 |   8265.0844 |   8264.6950 |   8265.4328 |   8265.4533 |   8264.7360 |   8264.7497 |   8265.1732 |   8264.9888 |   8264.7975 |   8264.7975 |   8264.9683 |   8264.9683 |   8264.8317 |   8264.9614 |   8265.1459 |   8265.5899 |   8264.7770 |   8264.8112 |   8264.9683 |   8264.5584 |   8264.9819 |   8264.9409 |   8264.7770 |   8265.0571 |   8264.7292 |   8265.0981 |   8264.9273 |   8264.4423 |   8265.0912 |   8265.0844 |   8265.3645 |   8265.3508 |   8264.9136 |   8264.9546 |   8264.4833 |   8264.9546 |   8263.6228 |   8263.0697 |   8263.7662 |   8263.0082 |   8263.1653 |   8265.2074 |   8263.0356 |   8263.0287 |   8265.5899 |   8265.5694 |   8265.5489 |   8265.5899 |   8265.6036 |   8265.4055 |   8265.5558 |   8265.5899 |   8265.5763 |   8265.5216 |   8265.5216 |   8265.5558 |   8265.3918 |   8265.7266 |   8265.5694 |   8265.5694 |   8264.7770 |   8264.7224 |   8265.5763 |   8265.5968 |   8265.5763 |   8265.5694 |   8265.5284 |   8264.9409 |   8264.9341 |   8264.9956 |   8265.5216 |   8265.5216 |   8265.2688 |   8265.5216 |   8265.5216 |   8265.1117 |   8264.6745 |   8264.6745 |   8265.1937 |   8265.5353 |    8264.9136 |    8264.6677 |    8265.5353 |    8264.4628 |    8265.1390 |    8265.5489 |    8264.9478 |    8265.3850 |    8265.5558 |    8265.5489 |    8264.9546 |    8264.9341 |    8264.5858 |    8264.9683 |    8264.8453 |    8264.6541 |    8264.6950 |    8264.9205 |    8264.7292 |    8264.3672 |    8265.3577 |    8264.9614 |    8265.5353 |    8265.1459 |    8265.4738 |    8265.1117 |    8265.4670 |    8265.4738 |
+----------------------+------------+------------+------------+------------+------------+------------+------------+------------+------------+------------+-------------+-------------+-------------+-------------+-------------+-------------+-------------+-------------+-------------+-------------+-------------+-------------+-------------+-------------+-------------+-------------+-------------+-------------+-------------+-------------+-------------+-------------+-------------+-------------+-------------+-------------+-------------+-------------+-------------+-------------+-------------+-------------+-------------+-------------+-------------+-------------+-------------+-------------+-------------+-------------+-------------+-------------+-------------+-------------+-------------+-------------+-------------+-------------+-------------+-------------+-------------+-------------+-------------+-------------+-------------+-------------+-------------+-------------+-------------+-------------+-------------+-------------+-------------+-------------+-------------+-------------+-------------+-------------+-------------+-------------+-------------+-------------+-------------+-------------+-------------+-------------+-------------+-------------+-------------+-------------+-------------+-------------+-------------+-------------+-------------+-------------+-------------+-------------+-------------+-------------+--------------+--------------+--------------+--------------+--------------+--------------+--------------+--------------+--------------+--------------+--------------+--------------+--------------+--------------+--------------+--------------+--------------+--------------+--------------+--------------+--------------+--------------+--------------+--------------+--------------+--------------+--------------+--------------+

+---------------------------+--------------+-----------+-----------+-----------+
|           Metric          |      Sum     |    Min    |    Max    |    Avg    |
+---------------------------+--------------+-----------+-----------+-----------+
|  Runtime (RDTSC) [s] STAT |     154.8691 |    1.2098 |    1.2102 |    1.2099 |
| Runtime unhalted [s] STAT |     204.0749 |    1.5816 |    1.6071 |    1.5943 |
|      Clock [MHz] STAT     |  411949.9802 | 3192.6597 | 3243.9317 | 3218.3592 |
|          CPI STAT         |      39.5190 |    0.3062 |    0.3111 |    0.3087 |
|     SP [MFLOP/s] STAT     | 1.057919e+06 | 8263.0082 | 8265.7266 | 8264.9927 |
+---------------------------+--------------+-----------+-----------+-----------+

