INFO: You are running LIKWID in a cpuset with 32 CPUs. Taking given IDs as logical ID in cpuset
--------------------------------------------------------------------------------
CPU name:	AMD EPYC 7763 64-Core Processor                
CPU type:	AMD K19 (Zen3) architecture
CPU clock:	2.45 GHz
--------------------------------------------------------------------------------
Allocate: Process running on hwthread 0 (Domain N) - Vector length 1000000/8000000 Offset 0 Alignment 512
Initialization: Each thread in domain initializes its own stream chunks
--------------------------------------------------------------------------------
LIKWID MICRO BENCHMARK
Test: peakflops_avx_fma
--------------------------------------------------------------------------------
Using 1 work groups
Using 16 threads
--------------------------------------------------------------------------------
Using Likwid Marker API
--------------------------------------------------------------------------------
Group: 0 Thread 0 Global Thread 0 running on hwthread 0 - Vector length 62500 Offset 0
Group: 0 Thread 1 Global Thread 1 running on hwthread 1 - Vector length 62500 Offset 62500
Group: 0 Thread 2 Global Thread 2 running on hwthread 2 - Vector length 62500 Offset 125000
Group: 0 Thread 3 Global Thread 3 running on hwthread 3 - Vector length 62500 Offset 187500
Group: 0 Thread 4 Global Thread 4 running on hwthread 4 - Vector length 62500 Offset 250000
Group: 0 Thread 5 Global Thread 5 running on hwthread 5 - Vector length 62500 Offset 312500
Group: 0 Thread 6 Global Thread 6 running on hwthread 6 - Vector length 62500 Offset 375000
Group: 0 Thread 7 Global Thread 7 running on hwthread 7 - Vector length 62500 Offset 437500
Group: 0 Thread 8 Global Thread 8 running on hwthread 8 - Vector length 62500 Offset 500000
Group: 0 Thread 9 Global Thread 9 running on hwthread 9 - Vector length 62500 Offset 562500
Group: 0 Thread 10 Global Thread 10 running on hwthread 10 - Vector length 62500 Offset 625000
Group: 0 Thread 11 Global Thread 11 running on hwthread 11 - Vector length 62500 Offset 687500
Group: 0 Thread 12 Global Thread 12 running on hwthread 12 - Vector length 62500 Offset 750000
Group: 0 Thread 13 Global Thread 13 running on hwthread 13 - Vector length 62500 Offset 812500
Group: 0 Thread 14 Global Thread 14 running on hwthread 14 - Vector length 62500 Offset 875000
Group: 0 Thread 15 Global Thread 15 running on hwthread 15 - Vector length 62500 Offset 937500
--------------------------------------------------------------------------------
Cycles:			447315145
CPU Clock:		2445389055
Cycle Clock:		2445389055
Time:			1.829219e-01 sec
Iterations:		80000
Iterations per thread:	5000
Inner loop executions:	15625
Size (Byte):		8000000
Size per thread:	500000
Number of Flops:	150000000000
MFlops/s:		820022.22
Data volume (Byte):	40000000000
MByte/s:		218672.59
Cycles per update:	0.089463
Cycles per cacheline:	0.715704
Loads per update:	1
Stores per update:	0
Load bytes per element:	8
Store bytes per elem.:	0
Instructions:		23750000032
UOPs:			22500000000
--------------------------------------------------------------------------------
Writing Likwid Marker API results to file /tmp/likwid_1608884.txt
--------------------------------------------------------------------------------
Region bench, Group 1: FLOPS_DP
+-------------------+------------+------------+------------+------------+------------+------------+------------+------------+------------+------------+-------------+-------------+-------------+-------------+-------------+-------------+
|    Region Info    | HWThread 0 | HWThread 1 | HWThread 2 | HWThread 3 | HWThread 4 | HWThread 5 | HWThread 6 | HWThread 7 | HWThread 8 | HWThread 9 | HWThread 10 | HWThread 11 | HWThread 12 | HWThread 13 | HWThread 14 | HWThread 15 |
+-------------------+------------+------------+------------+------------+------------+------------+------------+------------+------------+------------+-------------+-------------+-------------+-------------+-------------+-------------+
| RDTSC Runtime [s] |   0.182885 |   0.182922 |   0.182923 |   0.182922 |   0.182889 |   0.182922 |   0.182923 |   0.182922 |   0.182907 |   0.182903 |    0.182916 |    0.182906 |    0.182905 |    0.182912 |    0.182910 |    0.182916 |
|     call count    |          1 |          1 |          1 |          1 |          1 |          1 |          1 |          1 |          1 |          1 |           1 |           1 |           1 |           1 |           1 |           1 |
+-------------------+------------+------------+------------+------------+------------+------------+------------+------------+------------+------------+-------------+-------------+-------------+-------------+-------------+-------------+

+---------------------------+---------+------------+------------+------------+------------+------------+------------+------------+------------+------------+------------+-------------+-------------+-------------+-------------+-------------+-------------+
|           Event           | Counter | HWThread 0 | HWThread 1 | HWThread 2 | HWThread 3 | HWThread 4 | HWThread 5 | HWThread 6 | HWThread 7 | HWThread 8 | HWThread 9 | HWThread 10 | HWThread 11 | HWThread 12 | HWThread 13 | HWThread 14 | HWThread 15 |
+---------------------------+---------+------------+------------+------------+------------+------------+------------+------------+------------+------------+------------+-------------+-------------+-------------+-------------+-------------+-------------+
|      ACTUAL_CPU_CLOCK     |  FIXC1  |  593790000 |  593851000 |  593884300 |  593851500 |  593822600 |  593850000 |  593841000 |  593847900 |  593830100 |  593757100 |   593777600 |   593710700 |   593778400 |   593784700 |   593639500 |   593764100 |
|       MAX_CPU_CLOCK       |  FIXC2  |  447745400 |  447780500 |  447806100 |  447749600 |  447753800 |  447770000 |  447780400 |  447780200 |  447717900 |  447741600 |   447731800 |   447749600 |   447688700 |   447678900 |   447681800 |   447674800 |
|    RETIRED_INSTRUCTIONS   |   PMC0  | 1484617000 | 1484609000 | 1484635000 | 1484797000 | 1484610000 | 1484734000 | 1484639000 | 1484770000 | 1484788000 | 1484723000 |  1484667000 |  1484835000 |  1484643000 |  1484701000 |  1484619000 |  1484658000 |
|    CPU_CLOCKS_UNHALTED    |   PMC1  |  589184800 |  588895600 |  589044200 |  588933000 |  589123400 |  588694100 |  588866200 |  588952600 |  589039800 |  589340700 |   589105200 |   588998700 |   589266400 |   589627000 |   589152100 |   589585200 |
| RETIRED_SSE_AVX_FLOPS_ALL |   PMC2  | 9375000000 | 9375000000 | 9375000000 | 9375000000 | 9375000000 | 9375000000 | 9375000000 | 9375000000 | 9375000000 | 9375000000 |  9375000000 |  9375000000 |  9375000000 |  9375000000 |  9375000000 |  9375000000 |
|           MERGE           |   PMC3  |          0 |          0 |          0 |          0 |          0 |          0 |          0 |          0 |          0 |          0 |           0 |           0 |           0 |           0 |           0 |           0 |
+---------------------------+---------+------------+------------+------------+------------+------------+------------+------------+------------+------------+------------+-------------+-------------+-------------+-------------+-------------+-------------+

+--------------------------------+---------+--------------+------------+------------+--------------+
|              Event             | Counter |      Sum     |     Min    |     Max    |      Avg     |
+--------------------------------+---------+--------------+------------+------------+--------------+
|      ACTUAL_CPU_CLOCK STAT     |  FIXC1  |   9500780500 |  593639500 |  593884300 | 5.937988e+08 |
|       MAX_CPU_CLOCK STAT       |  FIXC2  |   7163831100 |  447674800 |  447806100 | 4.477394e+08 |
|    RETIRED_INSTRUCTIONS STAT   |   PMC0  |  23755045000 | 1484609000 | 1484835000 | 1.484690e+09 |
|    CPU_CLOCKS_UNHALTED STAT    |   PMC1  |   9425809000 |  588694100 |  589627000 | 5.891131e+08 |
| RETIRED_SSE_AVX_FLOPS_ALL STAT |   PMC2  | 150000000000 | 9375000000 | 9375000000 |   9375000000 |
|           MERGE STAT           |   PMC3  |            0 |          0 |          0 |            0 |
+--------------------------------+---------+--------------+------------+------------+--------------+

+----------------------+------------+------------+------------+------------+------------+------------+------------+------------+------------+------------+-------------+-------------+-------------+-------------+-------------+-------------+
|        Metric        | HWThread 0 | HWThread 1 | HWThread 2 | HWThread 3 | HWThread 4 | HWThread 5 | HWThread 6 | HWThread 7 | HWThread 8 | HWThread 9 | HWThread 10 | HWThread 11 | HWThread 12 | HWThread 13 | HWThread 14 | HWThread 15 |
+----------------------+------------+------------+------------+------------+------------+------------+------------+------------+------------+------------+-------------+-------------+-------------+-------------+-------------+-------------+
|  Runtime (RDTSC) [s] |     0.1829 |     0.1829 |     0.1829 |     0.1829 |     0.1829 |     0.1829 |     0.1829 |     0.1829 |     0.1829 |     0.1829 |      0.1829 |      0.1829 |      0.1829 |      0.1829 |      0.1829 |      0.1829 |
| Runtime unhalted [s] |     0.2428 |     0.2428 |     0.2429 |     0.2428 |     0.2428 |     0.2428 |     0.2428 |     0.2428 |     0.2428 |     0.2428 |      0.2428 |      0.2428 |      0.2428 |      0.2428 |      0.2428 |      0.2428 |
|      Clock [MHz]     |  3243.0021 |  3243.0810 |  3243.0775 |  3243.3076 |  3243.1193 |  3243.1516 |  3243.0271 |  3243.0663 |  3243.4203 |  3242.8499 |   3243.0329 |   3242.5386 |   3243.3495 |   3243.4549 |   3242.6407 |   3243.3721 |
|          CPI         |     0.3969 |     0.3967 |     0.3968 |     0.3966 |     0.3968 |     0.3965 |     0.3966 |     0.3967 |     0.3967 |     0.3969 |      0.3968 |      0.3967 |      0.3969 |      0.3971 |      0.3968 |      0.3971 |
|     DP [MFLOP/s]     | 51261.6097 | 51251.2129 | 51251.1289 | 51251.2129 | 51260.5446 | 51251.2129 | 51251.0729 | 51251.3250 | 51255.5281 | 51256.6770 |  51253.1743 |  51255.7803 |  51256.1446 |  51254.0709 |  51254.7715 |  51253.1463 |
+----------------------+------------+------------+------------+------------+------------+------------+------------+------------+------------+------------+-------------+-------------+-------------+-------------+-------------+-------------+

+---------------------------+-------------+------------+------------+------------+
|           Metric          |     Sum     |     Min    |     Max    |     Avg    |
+---------------------------+-------------+------------+------------+------------+
|  Runtime (RDTSC) [s] STAT |      2.9264 |     0.1829 |     0.1829 |     0.1829 |
| Runtime unhalted [s] STAT |      3.8849 |     0.2428 |     0.2429 |     0.2428 |
|      Clock [MHz] STAT     |  51889.4914 |  3242.5386 |  3243.4549 |  3243.0932 |
|          CPI STAT         |      6.3486 |     0.3965 |     0.3971 |     0.3968 |
|     DP [MFLOP/s] STAT     | 820068.6128 | 51251.0729 | 51261.6097 | 51254.2883 |
+---------------------------+-------------+------------+------------+------------+

