INFO: You are running LIKWID in a cpuset with 32 CPUs. Taking given IDs as logical ID in cpuset
--------------------------------------------------------------------------------
CPU name:	AMD EPYC 7763 64-Core Processor                
CPU type:	AMD K19 (Zen3) architecture
CPU clock:	2.45 GHz
--------------------------------------------------------------------------------
Warning: Sanitizing vector length to a multiple of the loop stride 16 and thread count 16 from 333333333 elements (2666666664 bytes) to 333333248 elements (2666665984 bytes)
Allocate: Process running on hwthread 0 (Domain N) - Vector length 333333248/2666665984 Offset 0 Alignment 512
Allocate: Process running on hwthread 0 (Domain N) - Vector length 333333248/2666665984 Offset 0 Alignment 512
Allocate: Process running on hwthread 0 (Domain N) - Vector length 333333248/2666665984 Offset 0 Alignment 512
Initialization: Each thread in domain initializes its own stream chunks
--------------------------------------------------------------------------------
LIKWID MICRO BENCHMARK
Test: stream_mem_avx_fma
--------------------------------------------------------------------------------
Using 1 work groups
Using 16 threads
--------------------------------------------------------------------------------
Using Likwid Marker API
--------------------------------------------------------------------------------
Group: 0 Thread 0 Global Thread 0 running on hwthread 0 - Vector length 20833328 Offset 0
Group: 0 Thread 1 Global Thread 1 running on hwthread 1 - Vector length 20833328 Offset 20833328
Group: 0 Thread 2 Global Thread 2 running on hwthread 2 - Vector length 20833328 Offset 41666656
Group: 0 Thread 3 Global Thread 3 running on hwthread 3 - Vector length 20833328 Offset 62499984
Group: 0 Thread 4 Global Thread 4 running on hwthread 4 - Vector length 20833328 Offset 83333312
Group: 0 Thread 5 Global Thread 5 running on hwthread 5 - Vector length 20833328 Offset 104166640
Group: 0 Thread 6 Global Thread 6 running on hwthread 6 - Vector length 20833328 Offset 124999968
Group: 0 Thread 7 Global Thread 7 running on hwthread 7 - Vector length 20833328 Offset 145833296
Group: 0 Thread 8 Global Thread 8 running on hwthread 8 - Vector length 20833328 Offset 166666624
Group: 0 Thread 9 Global Thread 9 running on hwthread 9 - Vector length 20833328 Offset 187499952
Group: 0 Thread 10 Global Thread 10 running on hwthread 10 - Vector length 20833328 Offset 208333280
Group: 0 Thread 11 Global Thread 11 running on hwthread 11 - Vector length 20833328 Offset 229166608
Group: 0 Thread 12 Global Thread 12 running on hwthread 12 - Vector length 20833328 Offset 249999936
Group: 0 Thread 13 Global Thread 13 running on hwthread 13 - Vector length 20833328 Offset 270833264
Group: 0 Thread 14 Global Thread 14 running on hwthread 14 - Vector length 20833328 Offset 291666592
Group: 0 Thread 15 Global Thread 15 running on hwthread 15 - Vector length 20833328 Offset 312499920
--------------------------------------------------------------------------------
Cycles:			23699828824
CPU Clock:		2445388567
Cycle Clock:		2445388567
Time:			9.691641e+00 sec
Iterations:		800
Iterations per thread:	50
Inner loop executions:	1302083
Size (Byte):		7999997952
Size per thread:	499999872
Number of Flops:	33333324800
MFlops/s:		3439.39
Data volume (Byte):	399999897600
MByte/s:		41272.67
Cycles per update:	1.421990
Cycles per cacheline:	11.375921
Loads per update:	2
Stores per update:	1
Load bytes per element:	16
Store bytes per elem.:	8
Load/store ratio:	2.00
Instructions:		15624996017
UOPs:			22916660800
--------------------------------------------------------------------------------
Writing Likwid Marker API results to file /tmp/likwid_1608357.txt
--------------------------------------------------------------------------------
Region bench, Group 1: MEM1
+-------------------+------------+------------+------------+------------+------------+------------+------------+------------+------------+------------+-------------+-------------+-------------+-------------+-------------+-------------+
|    Region Info    | HWThread 0 | HWThread 1 | HWThread 2 | HWThread 3 | HWThread 4 | HWThread 5 | HWThread 6 | HWThread 7 | HWThread 8 | HWThread 9 | HWThread 10 | HWThread 11 | HWThread 12 | HWThread 13 | HWThread 14 | HWThread 15 |
+-------------------+------------+------------+------------+------------+------------+------------+------------+------------+------------+------------+-------------+-------------+-------------+-------------+-------------+-------------+
| RDTSC Runtime [s] |   9.691495 |   9.691578 |   9.691644 |   9.691629 |   9.691577 |   9.691594 |   9.691611 |   9.691578 |   9.691639 |   9.691574 |    9.691577 |    9.691636 |    9.691570 |    9.691621 |    9.691577 |    9.691622 |
|     call count    |          1 |          1 |          1 |          1 |          1 |          1 |          1 |          1 |          1 |          1 |           1 |           1 |           1 |           1 |           1 |           1 |
+-------------------+------------+------------+------------+------------+------------+------------+------------+------------+------------+------------+-------------+-------------+-------------+-------------+-------------+-------------+

+----------------------+---------+-------------+-------------+-------------+-------------+-------------+-------------+-------------+-------------+-------------+-------------+-------------+-------------+-------------+-------------+-------------+-------------+
|         Event        | Counter |  HWThread 0 |  HWThread 1 |  HWThread 2 |  HWThread 3 |  HWThread 4 |  HWThread 5 |  HWThread 6 |  HWThread 7 |  HWThread 8 |  HWThread 9 | HWThread 10 | HWThread 11 | HWThread 12 | HWThread 13 | HWThread 14 | HWThread 15 |
+----------------------+---------+-------------+-------------+-------------+-------------+-------------+-------------+-------------+-------------+-------------+-------------+-------------+-------------+-------------+-------------+-------------+-------------+
|   ACTUAL_CPU_CLOCK   |  FIXC1  | 31430020000 | 31436480000 | 31436360000 | 31427020000 | 31429260000 | 31426950000 | 31426410000 | 31429710000 | 31435810000 | 31432270000 | 31430970000 | 31434700000 | 31431500000 | 31429300000 | 31432660000 | 31434840000 |
|     MAX_CPU_CLOCK    |  FIXC2  | 23700220000 | 23700200000 | 23700280000 | 23700240000 | 23700220000 | 23700220000 | 23700220000 | 23700210000 | 23700220000 | 23700220000 | 23700210000 | 23700230000 | 23700200000 | 23700220000 | 23700220000 | 23700240000 |
| RETIRED_INSTRUCTIONS |   PMC0  |  1013905000 |  1030161000 |  1016199000 |  1016815000 |  1006344000 |  1009724000 |  1005806000 |  1006348000 |   984041600 |   987980100 |   982547100 |   982987800 |   978225500 |   979436100 |   976912700 |   976582000 |
|  CPU_CLOCKS_UNHALTED |   PMC1  | 31139700000 | 31190880000 | 31190800000 | 31181530000 | 31183640000 | 31179410000 | 31177810000 | 31182250000 | 31179860000 | 31178240000 | 31179290000 | 31185970000 | 31177270000 | 31175390000 | 31181760000 | 31182020000 |
|    DRAM_CHANNEL_0    |   DFC0  |  3130236000 |           0 |           0 |           0 |           0 |           0 |           0 |           0 |           0 |           0 |           0 |           0 |           0 |           0 |           0 |           0 |
|    DRAM_CHANNEL_1    |   DFC1  |  3130140000 |           0 |           0 |           0 |           0 |           0 |           0 |           0 |           0 |           0 |           0 |           0 |           0 |           0 |           0 |           0 |
|    DRAM_CHANNEL_2    |   DFC2  |     3994571 |           0 |           0 |           0 |           0 |           0 |           0 |           0 |           0 |           0 |           0 |           0 |           0 |           0 |           0 |           0 |
|    DRAM_CHANNEL_3    |   DFC3  |     3946633 |           0 |           0 |           0 |           0 |           0 |           0 |           0 |           0 |           0 |           0 |           0 |           0 |           0 |           0 |           0 |
+----------------------+---------+-------------+-------------+-------------+-------------+-------------+-------------+-------------+-------------+-------------+-------------+-------------+-------------+-------------+-------------+-------------+-------------+

+---------------------------+---------+--------------+-------------+-------------+--------------+
|           Event           | Counter |      Sum     |     Min     |     Max     |      Avg     |
+---------------------------+---------+--------------+-------------+-------------+--------------+
|   ACTUAL_CPU_CLOCK STAT   |  FIXC1  | 502904260000 | 31426410000 | 31436480000 |  31431516250 |
|     MAX_CPU_CLOCK STAT    |  FIXC2  | 379203570000 | 23700200000 | 23700280000 |  23700223125 |
| RETIRED_INSTRUCTIONS STAT |   PMC0  |  15954014900 |   976582000 |  1030161000 | 9.971259e+08 |
|  CPU_CLOCKS_UNHALTED STAT |   PMC1  | 498865820000 | 31139700000 | 31190880000 |  31179113750 |
|    DRAM_CHANNEL_0 STAT    |   DFC0  |   3130236000 |           0 |  3130236000 |    195639750 |
|    DRAM_CHANNEL_1 STAT    |   DFC1  |   3130140000 |           0 |  3130140000 |    195633750 |
|    DRAM_CHANNEL_2 STAT    |   DFC2  |      3994571 |           0 |     3994571 |  249660.6875 |
|    DRAM_CHANNEL_3 STAT    |   DFC3  |      3946633 |           0 |     3946633 |  246664.5625 |
+---------------------------+---------+--------------+-------------+-------------+--------------+

+--------------------------------------------+------------+------------+------------+------------+------------+------------+------------+------------+------------+------------+-------------+-------------+-------------+-------------+-------------+-------------+
|                   Metric                   | HWThread 0 | HWThread 1 | HWThread 2 | HWThread 3 | HWThread 4 | HWThread 5 | HWThread 6 | HWThread 7 | HWThread 8 | HWThread 9 | HWThread 10 | HWThread 11 | HWThread 12 | HWThread 13 | HWThread 14 | HWThread 15 |
+--------------------------------------------+------------+------------+------------+------------+------------+------------+------------+------------+------------+------------+-------------+-------------+-------------+-------------+-------------+-------------+
|             Runtime (RDTSC) [s]            |     9.6915 |     9.6916 |     9.6916 |     9.6916 |     9.6916 |     9.6916 |     9.6916 |     9.6916 |     9.6916 |     9.6916 |      9.6916 |      9.6916 |      9.6916 |      9.6916 |      9.6916 |      9.6916 |
|            Runtime unhalted [s]            |    12.8528 |    12.8554 |    12.8554 |    12.8516 |    12.8525 |    12.8515 |    12.8513 |    12.8527 |    12.8551 |    12.8537 |     12.8532 |     12.8547 |     12.8534 |     12.8525 |     12.8539 |     12.8547 |
|                 Clock [MHz]                |  3242.9474 |  3243.6167 |  3243.5934 |  3242.6351 |  3242.8690 |  3242.6307 |  3242.5749 |  3242.9168 |  3243.5448 |  3243.1796 |   3243.0468 |   3243.4289 |   3243.1029 |   3242.8731 |   3243.2198 |   3243.4420 |
|                     CPI                    |    30.7126 |    30.2777 |    30.6936 |    30.6659 |    30.9871 |    30.8791 |    30.9978 |    30.9856 |    31.6855 |    31.5576 |     31.7331 |     31.7257 |     31.8713 |     31.8299 |     31.9187 |     31.9298 |
| Memory bandwidth (channels 0-3) [MBytes/s] | 41394.2638 |          0 |          0 |          0 |          0 |          0 |          0 |          0 |          0 |          0 |           0 |           0 |           0 |           0 |           0 |           0 |
| Memory data volume (channels 0-3) [GBytes] |   401.1723 |          0 |          0 |          0 |          0 |          0 |          0 |          0 |          0 |          0 |           0 |           0 |           0 |           0 |           0 |           0 |
+--------------------------------------------+------------+------------+------------+------------+------------+------------+------------+------------+------------+------------+-------------+-------------+-------------+-------------+-------------+-------------+

+-------------------------------------------------+------------+-----------+------------+-----------+
|                      Metric                     |     Sum    |    Min    |     Max    |    Avg    |
+-------------------------------------------------+------------+-----------+------------+-----------+
|             Runtime (RDTSC) [s] STAT            |   155.0655 |    9.6915 |     9.6916 |    9.6916 |
|            Runtime unhalted [s] STAT            |   205.6544 |   12.8513 |    12.8554 |   12.8534 |
|                 Clock [MHz] STAT                | 51889.6219 | 3242.5749 |  3243.6167 | 3243.1014 |
|                     CPI STAT                    |   500.4510 |   30.2777 |    31.9298 |   31.2782 |
| Memory bandwidth (channels 0-3) [MBytes/s] STAT | 41394.2638 |         0 | 41394.2638 | 2587.1415 |
| Memory data volume (channels 0-3) [GBytes] STAT |   401.1723 |         0 |   401.1723 |   25.0733 |
+-------------------------------------------------+------------+-----------+------------+-----------+

