INFO: You are running LIKWID in a cpuset with 128 CPUs. Taking given IDs as logical ID in cpuset
--------------------------------------------------------------------------------
CPU name:	AMD EPYC 7763 64-Core Processor                
CPU type:	AMD K19 (Zen3) architecture
CPU clock:	2.45 GHz
--------------------------------------------------------------------------------
Allocate: Process running on hwthread 0 (Domain N) - Vector length 4000000/32000000 Offset 0 Alignment 512
Initialization: Each thread in domain initializes its own stream chunks
--------------------------------------------------------------------------------
LIKWID MICRO BENCHMARK
Test: peakflops_avx_fma
--------------------------------------------------------------------------------
Using 1 work groups
Using 64 threads
--------------------------------------------------------------------------------
Using Likwid Marker API
--------------------------------------------------------------------------------
Group: 0 Thread 0 Global Thread 0 running on hwthread 0 - Vector length 62500 Offset 0
Group: 0 Thread 1 Global Thread 1 running on hwthread 1 - Vector length 62500 Offset 62500
Group: 0 Thread 2 Global Thread 2 running on hwthread 2 - Vector length 62500 Offset 125000
Group: 0 Thread 3 Global Thread 3 running on hwthread 3 - Vector length 62500 Offset 187500
Group: 0 Thread 4 Global Thread 4 running on hwthread 4 - Vector length 62500 Offset 250000
Group: 0 Thread 5 Global Thread 5 running on hwthread 5 - Vector length 62500 Offset 312500
Group: 0 Thread 6 Global Thread 6 running on hwthread 6 - Vector length 62500 Offset 375000
Group: 0 Thread 7 Global Thread 7 running on hwthread 7 - Vector length 62500 Offset 437500
Group: 0 Thread 8 Global Thread 8 running on hwthread 8 - Vector length 62500 Offset 500000
Group: 0 Thread 9 Global Thread 9 running on hwthread 9 - Vector length 62500 Offset 562500
Group: 0 Thread 10 Global Thread 10 running on hwthread 10 - Vector length 62500 Offset 625000
Group: 0 Thread 11 Global Thread 11 running on hwthread 11 - Vector length 62500 Offset 687500
Group: 0 Thread 12 Global Thread 12 running on hwthread 12 - Vector length 62500 Offset 750000
Group: 0 Thread 13 Global Thread 13 running on hwthread 13 - Vector length 62500 Offset 812500
Group: 0 Thread 14 Global Thread 14 running on hwthread 14 - Vector length 62500 Offset 875000
Group: 0 Thread 15 Global Thread 15 running on hwthread 15 - Vector length 62500 Offset 937500
Group: 0 Thread 16 Global Thread 16 running on hwthread 16 - Vector length 62500 Offset 1000000
Group: 0 Thread 17 Global Thread 17 running on hwthread 17 - Vector length 62500 Offset 1062500
Group: 0 Thread 18 Global Thread 18 running on hwthread 18 - Vector length 62500 Offset 1125000
Group: 0 Thread 19 Global Thread 19 running on hwthread 19 - Vector length 62500 Offset 1187500
Group: 0 Thread 20 Global Thread 20 running on hwthread 20 - Vector length 62500 Offset 1250000
Group: 0 Thread 21 Global Thread 21 running on hwthread 21 - Vector length 62500 Offset 1312500
Group: 0 Thread 22 Global Thread 22 running on hwthread 22 - Vector length 62500 Offset 1375000
Group: 0 Thread 23 Global Thread 23 running on hwthread 23 - Vector length 62500 Offset 1437500
Group: 0 Thread 24 Global Thread 24 running on hwthread 24 - Vector length 62500 Offset 1500000
Group: 0 Thread 25 Global Thread 25 running on hwthread 25 - Vector length 62500 Offset 1562500
Group: 0 Thread 26 Global Thread 26 running on hwthread 26 - Vector length 62500 Offset 1625000
Group: 0 Thread 27 Global Thread 27 running on hwthread 27 - Vector length 62500 Offset 1687500
Group: 0 Thread 28 Global Thread 28 running on hwthread 28 - Vector length 62500 Offset 1750000
Group: 0 Thread 29 Global Thread 29 running on hwthread 29 - Vector length 62500 Offset 1812500
Group: 0 Thread 30 Global Thread 30 running on hwthread 30 - Vector length 62500 Offset 1875000
Group: 0 Thread 31 Global Thread 31 running on hwthread 31 - Vector length 62500 Offset 1937500
Group: 0 Thread 32 Global Thread 32 running on hwthread 32 - Vector length 62500 Offset 2000000
Group: 0 Thread 33 Global Thread 33 running on hwthread 33 - Vector length 62500 Offset 2062500
Group: 0 Thread 34 Global Thread 34 running on hwthread 34 - Vector length 62500 Offset 2125000
Group: 0 Thread 35 Global Thread 35 running on hwthread 35 - Vector length 62500 Offset 2187500
Group: 0 Thread 36 Global Thread 36 running on hwthread 36 - Vector length 62500 Offset 2250000
Group: 0 Thread 37 Global Thread 37 running on hwthread 37 - Vector length 62500 Offset 2312500
Group: 0 Thread 38 Global Thread 38 running on hwthread 38 - Vector length 62500 Offset 2375000
Group: 0 Thread 39 Global Thread 39 running on hwthread 39 - Vector length 62500 Offset 2437500
Group: 0 Thread 40 Global Thread 40 running on hwthread 40 - Vector length 62500 Offset 2500000
Group: 0 Thread 41 Global Thread 41 running on hwthread 41 - Vector length 62500 Offset 2562500
Group: 0 Thread 42 Global Thread 42 running on hwthread 42 - Vector length 62500 Offset 2625000
Group: 0 Thread 43 Global Thread 43 running on hwthread 43 - Vector length 62500 Offset 2687500
Group: 0 Thread 44 Global Thread 44 running on hwthread 44 - Vector length 62500 Offset 2750000
Group: 0 Thread 45 Global Thread 45 running on hwthread 45 - Vector length 62500 Offset 2812500
Group: 0 Thread 46 Global Thread 46 running on hwthread 46 - Vector length 62500 Offset 2875000
Group: 0 Thread 47 Global Thread 47 running on hwthread 47 - Vector length 62500 Offset 2937500
Group: 0 Thread 48 Global Thread 48 running on hwthread 48 - Vector length 62500 Offset 3000000
Group: 0 Thread 49 Global Thread 49 running on hwthread 49 - Vector length 62500 Offset 3062500
Group: 0 Thread 50 Global Thread 50 running on hwthread 50 - Vector length 62500 Offset 3125000
Group: 0 Thread 51 Global Thread 51 running on hwthread 51 - Vector length 62500 Offset 3187500
Group: 0 Thread 52 Global Thread 52 running on hwthread 52 - Vector length 62500 Offset 3250000
Group: 0 Thread 53 Global Thread 53 running on hwthread 53 - Vector length 62500 Offset 3312500
Group: 0 Thread 54 Global Thread 54 running on hwthread 54 - Vector length 62500 Offset 3375000
Group: 0 Thread 55 Global Thread 55 running on hwthread 55 - Vector length 62500 Offset 3437500
Group: 0 Thread 56 Global Thread 56 running on hwthread 56 - Vector length 62500 Offset 3500000
Group: 0 Thread 57 Global Thread 57 running on hwthread 57 - Vector length 62500 Offset 3562500
Group: 0 Thread 58 Global Thread 58 running on hwthread 58 - Vector length 62500 Offset 3625000
Group: 0 Thread 59 Global Thread 59 running on hwthread 59 - Vector length 62500 Offset 3687500
Group: 0 Thread 60 Global Thread 60 running on hwthread 60 - Vector length 62500 Offset 3750000
Group: 0 Thread 61 Global Thread 61 running on hwthread 61 - Vector length 62500 Offset 3812500
Group: 0 Thread 62 Global Thread 62 running on hwthread 62 - Vector length 62500 Offset 3875000
Group: 0 Thread 63 Global Thread 63 running on hwthread 63 - Vector length 62500 Offset 3937500
--------------------------------------------------------------------------------
Cycles:			546582848
CPU Clock:		2445388558
Cycle Clock:		2445388558
Time:			2.235157e-01 sec
Iterations:		320000
Iterations per thread:	5000
Inner loop executions:	15625
Size (Byte):		32000000
Size per thread:	500000
Number of Flops:	600000000000
MFlops/s:		2684374.64
Data volume (Byte):	160000000000
MByte/s:		715833.24
Cycles per update:	0.027329
Cycles per cacheline:	0.218633
Loads per update:	1
Stores per update:	0
Load bytes per element:	8
Store bytes per elem.:	0
Instructions:		95000000032
UOPs:			90000000000
--------------------------------------------------------------------------------
Writing Likwid Marker API results to file /tmp/likwid_1601231.txt
--------------------------------------------------------------------------------
Region bench, Group 1: FLOPS_DP
+-------------------+------------+------------+------------+------------+------------+------------+------------+------------+------------+------------+-------------+-------------+-------------+-------------+-------------+-------------+-------------+-------------+-------------+-------------+-------------+-------------+-------------+-------------+-------------+-------------+-------------+-------------+-------------+-------------+-------------+-------------+-------------+-------------+-------------+-------------+-------------+-------------+-------------+-------------+-------------+-------------+-------------+-------------+-------------+-------------+-------------+-------------+-------------+-------------+-------------+-------------+-------------+-------------+-------------+-------------+-------------+-------------+-------------+-------------+-------------+-------------+-------------+-------------+
|    Region Info    | HWThread 0 | HWThread 1 | HWThread 2 | HWThread 3 | HWThread 4 | HWThread 5 | HWThread 6 | HWThread 7 | HWThread 8 | HWThread 9 | HWThread 10 | HWThread 11 | HWThread 12 | HWThread 13 | HWThread 14 | HWThread 15 | HWThread 16 | HWThread 17 | HWThread 18 | HWThread 19 | HWThread 20 | HWThread 21 | HWThread 22 | HWThread 23 | HWThread 24 | HWThread 25 | HWThread 26 | HWThread 27 | HWThread 28 | HWThread 29 | HWThread 30 | HWThread 31 | HWThread 32 | HWThread 33 | HWThread 34 | HWThread 35 | HWThread 36 | HWThread 37 | HWThread 38 | HWThread 39 | HWThread 40 | HWThread 41 | HWThread 42 | HWThread 43 | HWThread 44 | HWThread 45 | HWThread 46 | HWThread 47 | HWThread 48 | HWThread 49 | HWThread 50 | HWThread 51 | HWThread 52 | HWThread 53 | HWThread 54 | HWThread 55 | HWThread 56 | HWThread 57 | HWThread 58 | HWThread 59 | HWThread 60 | HWThread 61 | HWThread 62 | HWThread 63 |
+-------------------+------------+------------+------------+------------+------------+------------+------------+------------+------------+------------+-------------+-------------+-------------+-------------+-------------+-------------+-------------+-------------+-------------+-------------+-------------+-------------+-------------+-------------+-------------+-------------+-------------+-------------+-------------+-------------+-------------+-------------+-------------+-------------+-------------+-------------+-------------+-------------+-------------+-------------+-------------+-------------+-------------+-------------+-------------+-------------+-------------+-------------+-------------+-------------+-------------+-------------+-------------+-------------+-------------+-------------+-------------+-------------+-------------+-------------+-------------+-------------+-------------+-------------+
| RDTSC Runtime [s] |   0.223367 |   0.223417 |   0.223341 |   0.223330 |   0.223365 |   0.223363 |   0.223373 |   0.223364 |   0.223496 |   0.223367 |    0.223485 |    0.223368 |    0.223517 |    0.223489 |    0.223370 |    0.223375 |    0.223438 |    0.223408 |    0.223510 |    0.223438 |    0.223390 |    0.223361 |    0.223487 |    0.223483 |    0.223360 |    0.223364 |    0.223369 |    0.223360 |    0.223469 |    0.223360 |    0.223417 |    0.223417 |    0.223368 |    0.223361 |    0.223337 |    0.223485 |    0.223488 |    0.223425 |    0.223476 |    0.223486 |    0.223336 |    0.223340 |    0.223408 |    0.223468 |    0.223511 |    0.223512 |    0.223406 |    0.223511 |    0.223378 |    0.223357 |    0.223360 |    0.223425 |    0.223378 |    0.223424 |    0.223470 |    0.223441 |    0.223412 |    0.223389 |    0.223366 |    0.223411 |    0.223356 |    0.223365 |    0.223419 |    0.223499 |
|     call count    |          1 |          1 |          1 |          1 |          1 |          1 |          1 |          1 |          1 |          1 |           1 |           1 |           1 |           1 |           1 |           1 |           1 |           1 |           1 |           1 |           1 |           1 |           1 |           1 |           1 |           1 |           1 |           1 |           1 |           1 |           1 |           1 |           1 |           1 |           1 |           1 |           1 |           1 |           1 |           1 |           1 |           1 |           1 |           1 |           1 |           1 |           1 |           1 |           1 |           1 |           1 |           1 |           1 |           1 |           1 |           1 |           1 |           1 |           1 |           1 |           1 |           1 |           1 |           1 |
+-------------------+------------+------------+------------+------------+------------+------------+------------+------------+------------+------------+-------------+-------------+-------------+-------------+-------------+-------------+-------------+-------------+-------------+-------------+-------------+-------------+-------------+-------------+-------------+-------------+-------------+-------------+-------------+-------------+-------------+-------------+-------------+-------------+-------------+-------------+-------------+-------------+-------------+-------------+-------------+-------------+-------------+-------------+-------------+-------------+-------------+-------------+-------------+-------------+-------------+-------------+-------------+-------------+-------------+-------------+-------------+-------------+-------------+-------------+-------------+-------------+-------------+-------------+

+---------------------------+---------+------------+------------+------------+------------+------------+------------+------------+------------+------------+------------+-------------+-------------+-------------+-------------+-------------+-------------+-------------+-------------+-------------+-------------+-------------+-------------+-------------+-------------+-------------+-------------+-------------+-------------+-------------+-------------+-------------+-------------+-------------+-------------+-------------+-------------+-------------+-------------+-------------+-------------+-------------+-------------+-------------+-------------+-------------+-------------+-------------+-------------+-------------+-------------+-------------+-------------+-------------+-------------+-------------+-------------+-------------+-------------+-------------+-------------+-------------+-------------+-------------+-------------+
|           Event           | Counter | HWThread 0 | HWThread 1 | HWThread 2 | HWThread 3 | HWThread 4 | HWThread 5 | HWThread 6 | HWThread 7 | HWThread 8 | HWThread 9 | HWThread 10 | HWThread 11 | HWThread 12 | HWThread 13 | HWThread 14 | HWThread 15 | HWThread 16 | HWThread 17 | HWThread 18 | HWThread 19 | HWThread 20 | HWThread 21 | HWThread 22 | HWThread 23 | HWThread 24 | HWThread 25 | HWThread 26 | HWThread 27 | HWThread 28 | HWThread 29 | HWThread 30 | HWThread 31 | HWThread 32 | HWThread 33 | HWThread 34 | HWThread 35 | HWThread 36 | HWThread 37 | HWThread 38 | HWThread 39 | HWThread 40 | HWThread 41 | HWThread 42 | HWThread 43 | HWThread 44 | HWThread 45 | HWThread 46 | HWThread 47 | HWThread 48 | HWThread 49 | HWThread 50 | HWThread 51 | HWThread 52 | HWThread 53 | HWThread 54 | HWThread 55 | HWThread 56 | HWThread 57 | HWThread 58 | HWThread 59 | HWThread 60 | HWThread 61 | HWThread 62 | HWThread 63 |
+---------------------------+---------+------------+------------+------------+------------+------------+------------+------------+------------+------------+------------+-------------+-------------+-------------+-------------+-------------+-------------+-------------+-------------+-------------+-------------+-------------+-------------+-------------+-------------+-------------+-------------+-------------+-------------+-------------+-------------+-------------+-------------+-------------+-------------+-------------+-------------+-------------+-------------+-------------+-------------+-------------+-------------+-------------+-------------+-------------+-------------+-------------+-------------+-------------+-------------+-------------+-------------+-------------+-------------+-------------+-------------+-------------+-------------+-------------+-------------+-------------+-------------+-------------+-------------+
|      ACTUAL_CPU_CLOCK     |  FIXC1  |  598843700 |  598931200 |  598743200 |  598686100 |  598933700 |  598805500 |  598566000 |  598670800 |  598964300 |  598920600 |   598982100 |   598855400 |   598927000 |   598882700 |   598786100 |   598557600 |   599083900 |   598800700 |   598951300 |   598549500 |   598551600 |   598519700 |   598992300 |   598993900 |   599057600 |   598850100 |   599084900 |   598907900 |   598941300 |   599044500 |   599191600 |   599047300 |   599071900 |   598863200 |   599013600 |   599084300 |   599118300 |   599141900 |   599166300 |   599248500 |   598686800 |   598468800 |   598601300 |   598906400 |   598887900 |   598837000 |   598590200 |   598853100 |   598834400 |   599003700 |   599016300 |   598981100 |   599094100 |   598918900 |   598891800 |   598809200 |   598904200 |   598665500 |   598831000 |   598870600 |   598326300 |   598591500 |   598610900 |   598972500 |
|       MAX_CPU_CLOCK       |  FIXC2  |  547881300 |  548037700 |  547876000 |  547740300 |  548045600 |  547896000 |  547727100 |  547836400 |  548045700 |  548043800 |   548072700 |   547983700 |   547986000 |   547966900 |   548008200 |   547530700 |   547983000 |   547916800 |   548004300 |   547756300 |   547761000 |   547580600 |   548075900 |   548078400 |   547920200 |   548010500 |   548005400 |   548009400 |   548069900 |   547899900 |   548125000 |   548007900 |   547914500 |   547948300 |   547903600 |   547963600 |   547925300 |   547985300 |   547940500 |   548017600 |   547874400 |   547457300 |   547815100 |   547977100 |   548008900 |   547936200 |   547778100 |   547995200 |   548011300 |   547899400 |   548020300 |   548086700 |   547990100 |   548025000 |   548047300 |   548096500 |   547950700 |   547778000 |   547990900 |   548042600 |   547530200 |   547725400 |   547748100 |   548027400 |
|    RETIRED_INSTRUCTIONS   |   PMC0  | 1485023000 | 1485047000 | 1484736000 | 1485121000 | 1484693000 | 1484838000 | 1484977000 | 1484689000 | 1485124000 | 1484774000 |  1485128000 |  1484752000 |  1485132000 |  1485159000 |  1484614000 |  1484950000 |  1485261000 |  1484863000 |  1485140000 |  1485094000 |  1484910000 |  1485042000 |  1485069000 |  1485180000 |  1484610000 |  1484845000 |  1484930000 |  1484702000 |  1485122000 |  1484901000 |  1485048000 |  1485144000 |  1484774000 |  1484757000 |  1484937000 |  1485181000 |  1485119000 |  1485096000 |  1485142000 |  1485151000 |  1484757000 |  1484964000 |  1484892000 |  1485112000 |  1485150000 |  1485055000 |  1484711000 |  1485200000 |  1484644000 |  1484733000 |  1484802000 |  1484963000 |  1484848000 |  1484907000 |  1485062000 |  1484974000 |  1485089000 |  1484874000 |  1484949000 |  1484931000 |  1485072000 |  1484918000 |  1484994000 |  1485305000 |
|    CPU_CLOCKS_UNHALTED    |   PMC1  |  591173900 |  591817400 |  591506300 |  591518300 |  591545000 |  591718600 |  591702100 |  591585000 |  591552200 |  591104100 |   591465400 |   590767400 |   591664700 |   591391400 |   591049800 |   591062600 |   590793500 |   591137100 |   590940600 |   591244300 |   591232300 |   591012300 |   590861000 |   591050300 |   591057800 |   591563400 |   591507200 |   590905200 |   591602500 |   591372200 |   591571500 |   591458300 |   591255200 |   590895000 |   590798500 |   591470100 |   591417100 |   591282400 |   591495100 |   591433900 |   590840700 |   590786100 |   591250200 |   591365400 |   591411700 |   591498800 |   591094900 |   591386600 |   591191600 |   591027400 |   591078600 |   591157000 |   591023900 |   591202600 |   591346600 |   591164600 |   591725000 |   591763100 |   591608500 |   591869700 |   591576500 |   591700200 |   591916100 |   592251500 |
| RETIRED_SSE_AVX_FLOPS_ALL |   PMC2  | 9375000000 | 9375000000 | 9375000000 | 9375000000 | 9375000000 | 9375000000 | 9375000000 | 9375000000 | 9375000000 | 9375000000 |  9375000000 |  9375000000 |  9375000000 |  9375000000 |  9375000000 |  9375000000 |  9375000000 |  9375000000 |  9375000000 |  9375000000 |  9375000000 |  9375000000 |  9375000000 |  9375000000 |  9375000000 |  9375000000 |  9375000000 |  9375000000 |  9375000000 |  9375000000 |  9375000000 |  9375000000 |  9375000000 |  9375000000 |  9375000000 |  9375000000 |  9375000000 |  9375000000 |  9375000000 |  9375000000 |  9375000000 |  9375000000 |  9375000000 |  9375000000 |  9375000000 |  9375000000 |  9375000000 |  9375000000 |  9375000000 |  9375000000 |  9375000000 |  9375000000 |  9375000000 |  9375000000 |  9375000000 |  9375000000 |  9375000000 |  9375000000 |  9375000000 |  9375000000 |  9375000000 |  9375000000 |  9375000000 |  9375000000 |
|           MERGE           |   PMC3  |          0 |          0 |          0 |          0 |          0 |          0 |          0 |          0 |          0 |          0 |           0 |           0 |           0 |           0 |           0 |           0 |           0 |           0 |           0 |           0 |           0 |           0 |           0 |           0 |           0 |           0 |           0 |           0 |           0 |           0 |           0 |           0 |           0 |           0 |           0 |           0 |           0 |           0 |           0 |           0 |           0 |           0 |           0 |           0 |           0 |           0 |           0 |           0 |           0 |           0 |           0 |           0 |           0 |           0 |           0 |           0 |           0 |           0 |           0 |           0 |           0 |           0 |           0 |           0 |
+---------------------------+---------+------------+------------+------------+------------+------------+------------+------------+------------+------------+------------+-------------+-------------+-------------+-------------+-------------+-------------+-------------+-------------+-------------+-------------+-------------+-------------+-------------+-------------+-------------+-------------+-------------+-------------+-------------+-------------+-------------+-------------+-------------+-------------+-------------+-------------+-------------+-------------+-------------+-------------+-------------+-------------+-------------+-------------+-------------+-------------+-------------+-------------+-------------+-------------+-------------+-------------+-------------+-------------+-------------+-------------+-------------+-------------+-------------+-------------+-------------+-------------+-------------+-------------+

+--------------------------------+---------+--------------+------------+------------+--------------+
|              Event             | Counter |      Sum     |     Min    |     Max    |      Avg     |
+--------------------------------+---------+--------------+------------+------------+--------------+
|      ACTUAL_CPU_CLOCK STAT     |  FIXC1  |  38327485600 |  598326300 |  599248500 | 5.988670e+08 |
|       MAX_CPU_CLOCK STAT       |  FIXC2  |  35067293500 |  547457300 |  548125000 | 5.479265e+08 |
|    RETIRED_INSTRUCTIONS STAT   |   PMC0  |  95037681000 | 1484610000 | 1485305000 | 1.484964e+09 |
|    CPU_CLOCKS_UNHALTED STAT    |   PMC1  |  37845218300 |  590767400 |  592251500 | 5.913315e+08 |
| RETIRED_SSE_AVX_FLOPS_ALL STAT |   PMC2  | 600000000000 | 9375000000 | 9375000000 |   9375000000 |
|           MERGE STAT           |   PMC3  |            0 |          0 |          0 |            0 |
+--------------------------------+---------+--------------+------------+------------+--------------+

+----------------------+------------+------------+------------+------------+------------+------------+------------+------------+------------+------------+-------------+-------------+-------------+-------------+-------------+-------------+-------------+-------------+-------------+-------------+-------------+-------------+-------------+-------------+-------------+-------------+-------------+-------------+-------------+-------------+-------------+-------------+-------------+-------------+-------------+-------------+-------------+-------------+-------------+-------------+-------------+-------------+-------------+-------------+-------------+-------------+-------------+-------------+-------------+-------------+-------------+-------------+-------------+-------------+-------------+-------------+-------------+-------------+-------------+-------------+-------------+-------------+-------------+-------------+
|        Metric        | HWThread 0 | HWThread 1 | HWThread 2 | HWThread 3 | HWThread 4 | HWThread 5 | HWThread 6 | HWThread 7 | HWThread 8 | HWThread 9 | HWThread 10 | HWThread 11 | HWThread 12 | HWThread 13 | HWThread 14 | HWThread 15 | HWThread 16 | HWThread 17 | HWThread 18 | HWThread 19 | HWThread 20 | HWThread 21 | HWThread 22 | HWThread 23 | HWThread 24 | HWThread 25 | HWThread 26 | HWThread 27 | HWThread 28 | HWThread 29 | HWThread 30 | HWThread 31 | HWThread 32 | HWThread 33 | HWThread 34 | HWThread 35 | HWThread 36 | HWThread 37 | HWThread 38 | HWThread 39 | HWThread 40 | HWThread 41 | HWThread 42 | HWThread 43 | HWThread 44 | HWThread 45 | HWThread 46 | HWThread 47 | HWThread 48 | HWThread 49 | HWThread 50 | HWThread 51 | HWThread 52 | HWThread 53 | HWThread 54 | HWThread 55 | HWThread 56 | HWThread 57 | HWThread 58 | HWThread 59 | HWThread 60 | HWThread 61 | HWThread 62 | HWThread 63 |
+----------------------+------------+------------+------------+------------+------------+------------+------------+------------+------------+------------+-------------+-------------+-------------+-------------+-------------+-------------+-------------+-------------+-------------+-------------+-------------+-------------+-------------+-------------+-------------+-------------+-------------+-------------+-------------+-------------+-------------+-------------+-------------+-------------+-------------+-------------+-------------+-------------+-------------+-------------+-------------+-------------+-------------+-------------+-------------+-------------+-------------+-------------+-------------+-------------+-------------+-------------+-------------+-------------+-------------+-------------+-------------+-------------+-------------+-------------+-------------+-------------+-------------+-------------+
|  Runtime (RDTSC) [s] |     0.2234 |     0.2234 |     0.2233 |     0.2233 |     0.2234 |     0.2234 |     0.2234 |     0.2234 |     0.2235 |     0.2234 |      0.2235 |      0.2234 |      0.2235 |      0.2235 |      0.2234 |      0.2234 |      0.2234 |      0.2234 |      0.2235 |      0.2234 |      0.2234 |      0.2234 |      0.2235 |      0.2235 |      0.2234 |      0.2234 |      0.2234 |      0.2234 |      0.2235 |      0.2234 |      0.2234 |      0.2234 |      0.2234 |      0.2234 |      0.2233 |      0.2235 |      0.2235 |      0.2234 |      0.2235 |      0.2235 |      0.2233 |      0.2233 |      0.2234 |      0.2235 |      0.2235 |      0.2235 |      0.2234 |      0.2235 |      0.2234 |      0.2234 |      0.2234 |      0.2234 |      0.2234 |      0.2234 |      0.2235 |      0.2234 |      0.2234 |      0.2234 |      0.2234 |      0.2234 |      0.2234 |      0.2234 |      0.2234 |      0.2235 |
| Runtime unhalted [s] |     0.2449 |     0.2449 |     0.2448 |     0.2448 |     0.2449 |     0.2449 |     0.2448 |     0.2448 |     0.2449 |     0.2449 |      0.2449 |      0.2449 |      0.2449 |      0.2449 |      0.2449 |      0.2448 |      0.2450 |      0.2449 |      0.2449 |      0.2448 |      0.2448 |      0.2448 |      0.2449 |      0.2449 |      0.2450 |      0.2449 |      0.2450 |      0.2449 |      0.2449 |      0.2450 |      0.2450 |      0.2450 |      0.2450 |      0.2449 |      0.2450 |      0.2450 |      0.2450 |      0.2450 |      0.2450 |      0.2451 |      0.2448 |      0.2447 |      0.2448 |      0.2449 |      0.2449 |      0.2449 |      0.2448 |      0.2449 |      0.2449 |      0.2450 |      0.2450 |      0.2449 |      0.2450 |      0.2449 |      0.2449 |      0.2449 |      0.2449 |      0.2448 |      0.2449 |      0.2449 |      0.2447 |      0.2448 |      0.2448 |      0.2449 |
|      Clock [MHz]     |  2672.8561 |  2672.4838 |  2672.4334 |  2672.8406 |  2672.4564 |  2672.6139 |  2672.3688 |  2672.3034 |  2672.5925 |  2672.4067 |   2672.5402 |   2672.4089 |   2672.7172 |   2672.6126 |   2671.9802 |   2673.2899 |   2673.4320 |   2672.4911 |   2672.7364 |   2672.1527 |   2672.1391 |   2672.8770 |   2672.5701 |   2672.5651 |   2673.6210 |   2672.2545 |   2673.3272 |   2672.5178 |   2672.3718 |   2673.6616 |   2673.2199 |   2673.1472 |   2673.7127 |   2672.6163 |   2673.5056 |   2673.5284 |   2673.8670 |   2673.6796 |   2674.0071 |   2673.9977 |   2672.1895 |   2673.2516 |   2672.0971 |   2672.6687 |   2672.4310 |   2672.5584 |   2672.2280 |   2672.3425 |   2672.1806 |   2673.4820 |   2672.9484 |   2672.4675 |   2673.4429 |   2672.4908 |   2672.2612 |   2671.6528 |   2672.7876 |   2672.5647 |   2672.2649 |   2672.1895 |   2672.2593 |   2672.4909 |   2672.4668 |   2672.7183 |
|          CPI         |     0.3981 |     0.3985 |     0.3984 |     0.3983 |     0.3984 |     0.3985 |     0.3985 |     0.3985 |     0.3983 |     0.3981 |      0.3983 |      0.3979 |      0.3984 |      0.3982 |      0.3981 |      0.3980 |      0.3978 |      0.3981 |      0.3979 |      0.3981 |      0.3982 |      0.3980 |      0.3979 |      0.3980 |      0.3981 |      0.3984 |      0.3983 |      0.3980 |      0.3984 |      0.3983 |      0.3984 |      0.3982 |      0.3982 |      0.3980 |      0.3979 |      0.3982 |      0.3982 |      0.3981 |      0.3983 |      0.3982 |      0.3979 |      0.3978 |      0.3982 |      0.3982 |      0.3982 |      0.3983 |      0.3981 |      0.3982 |      0.3982 |      0.3981 |      0.3981 |      0.3981 |      0.3980 |      0.3981 |      0.3982 |      0.3981 |      0.3984 |      0.3985 |      0.3984 |      0.3986 |      0.3983 |      0.3985 |      0.3986 |      0.3987 |
|     DP [MFLOP/s]     | 41971.2473 | 41961.8919 | 41976.2086 | 41978.1445 | 41971.7359 | 41971.9426 | 41970.2515 | 41971.7547 | 41946.9844 | 41971.3413 |  41949.0490 |  41971.0219 |  41943.0809 |  41948.2982 |  41970.7964 |  41969.8381 |  41957.9105 |  41963.6575 |  41944.4508 |  41958.0420 |  41966.9448 |  41972.4500 |  41948.6736 |  41949.5558 |  41972.6567 |  41971.9050 |  41970.9655 |  41972.6567 |  41952.1276 |  41972.6755 |  41961.8168 |  41961.8168 |  41971.0594 |  41972.3372 |  41976.8476 |  41949.1616 |  41948.6548 |  41960.2955 |  41950.7197 |  41948.9927 |  41977.1671 |  41976.3965 |  41963.6199 |  41952.2590 |  41944.2631 |  41944.1318 |  41963.9016 |  41944.2068 |  41969.2933 |  41973.1265 |  41972.6191 |  41960.3706 |  41969.2745 |  41960.6148 |  41951.8648 |  41957.3472 |  41962.8498 |  41967.1327 |  41971.5292 |  41963.0000 |  41973.3332 |  41971.6795 |  41961.4411 |  41946.4776 |
+----------------------+------------+------------+------------+------------+------------+------------+------------+------------+------------+------------+-------------+-------------+-------------+-------------+-------------+-------------+-------------+-------------+-------------+-------------+-------------+-------------+-------------+-------------+-------------+-------------+-------------+-------------+-------------+-------------+-------------+-------------+-------------+-------------+-------------+-------------+-------------+-------------+-------------+-------------+-------------+-------------+-------------+-------------+-------------+-------------+-------------+-------------+-------------+-------------+-------------+-------------+-------------+-------------+-------------+-------------+-------------+-------------+-------------+-------------+-------------+-------------+-------------+-------------+

+---------------------------+--------------+------------+------------+------------+
|           Metric          |      Sum     |     Min    |     Max    |     Avg    |
+---------------------------+--------------+------------+------------+------------+
|  Runtime (RDTSC) [s] STAT |      14.2989 |     0.2233 |     0.2235 |     0.2234 |
| Runtime unhalted [s] STAT |      15.6735 |     0.2447 |     0.2451 |     0.2449 |
|      Clock [MHz] STAT     |  171055.3385 |  2671.6528 |  2674.0071 |  2672.7397 |
|          CPI STAT         |      25.4855 |     0.3978 |     0.3987 |     0.3982 |
|     DP [MFLOP/s] STAT     | 2.685618e+06 | 41943.0809 | 41978.1445 | 41962.7791 |
+---------------------------+--------------+------------+------------+------------+

