--------------------------------------------------------------------------------
CPU name:	AMD EPYC 7763 64-Core Processor                
CPU type:	AMD K19 (Zen3) architecture
CPU clock:	2.45 GHz
--------------------------------------------------------------------------------
Allocate: Process running on hwthread 0 (Domain N) - Vector length 8000000/64000000 Offset 0 Alignment 512
Initialization: Each thread in domain initializes its own stream chunks
--------------------------------------------------------------------------------
LIKWID MICRO BENCHMARK
Test: peakflops_avx_fma
--------------------------------------------------------------------------------
Using 1 work groups
Using 128 threads
--------------------------------------------------------------------------------
Using Likwid Marker API
--------------------------------------------------------------------------------
Group: 0 Thread 0 Global Thread 0 running on hwthread 0 - Vector length 62500 Offset 0
Group: 0 Thread 1 Global Thread 1 running on hwthread 1 - Vector length 62500 Offset 62500
Group: 0 Thread 2 Global Thread 2 running on hwthread 2 - Vector length 62500 Offset 125000
Group: 0 Thread 3 Global Thread 3 running on hwthread 3 - Vector length 62500 Offset 187500
Group: 0 Thread 4 Global Thread 4 running on hwthread 4 - Vector length 62500 Offset 250000
Group: 0 Thread 5 Global Thread 5 running on hwthread 5 - Vector length 62500 Offset 312500
Group: 0 Thread 6 Global Thread 6 running on hwthread 6 - Vector length 62500 Offset 375000
Group: 0 Thread 7 Global Thread 7 running on hwthread 7 - Vector length 62500 Offset 437500
Group: 0 Thread 8 Global Thread 8 running on hwthread 8 - Vector length 62500 Offset 500000
Group: 0 Thread 9 Global Thread 9 running on hwthread 9 - Vector length 62500 Offset 562500
Group: 0 Thread 10 Global Thread 10 running on hwthread 10 - Vector length 62500 Offset 625000
Group: 0 Thread 11 Global Thread 11 running on hwthread 11 - Vector length 62500 Offset 687500
Group: 0 Thread 12 Global Thread 12 running on hwthread 12 - Vector length 62500 Offset 750000
Group: 0 Thread 13 Global Thread 13 running on hwthread 13 - Vector length 62500 Offset 812500
Group: 0 Thread 14 Global Thread 14 running on hwthread 14 - Vector length 62500 Offset 875000
Group: 0 Thread 15 Global Thread 15 running on hwthread 15 - Vector length 62500 Offset 937500
Group: 0 Thread 16 Global Thread 16 running on hwthread 16 - Vector length 62500 Offset 1000000
Group: 0 Thread 17 Global Thread 17 running on hwthread 17 - Vector length 62500 Offset 1062500
Group: 0 Thread 18 Global Thread 18 running on hwthread 18 - Vector length 62500 Offset 1125000
Group: 0 Thread 19 Global Thread 19 running on hwthread 19 - Vector length 62500 Offset 1187500
Group: 0 Thread 20 Global Thread 20 running on hwthread 20 - Vector length 62500 Offset 1250000
Group: 0 Thread 21 Global Thread 21 running on hwthread 21 - Vector length 62500 Offset 1312500
Group: 0 Thread 22 Global Thread 22 running on hwthread 22 - Vector length 62500 Offset 1375000
Group: 0 Thread 23 Global Thread 23 running on hwthread 23 - Vector length 62500 Offset 1437500
Group: 0 Thread 24 Global Thread 24 running on hwthread 24 - Vector length 62500 Offset 1500000
Group: 0 Thread 25 Global Thread 25 running on hwthread 25 - Vector length 62500 Offset 1562500
Group: 0 Thread 26 Global Thread 26 running on hwthread 26 - Vector length 62500 Offset 1625000
Group: 0 Thread 27 Global Thread 27 running on hwthread 27 - Vector length 62500 Offset 1687500
Group: 0 Thread 28 Global Thread 28 running on hwthread 28 - Vector length 62500 Offset 1750000
Group: 0 Thread 29 Global Thread 29 running on hwthread 29 - Vector length 62500 Offset 1812500
Group: 0 Thread 30 Global Thread 30 running on hwthread 30 - Vector length 62500 Offset 1875000
Group: 0 Thread 31 Global Thread 31 running on hwthread 31 - Vector length 62500 Offset 1937500
Group: 0 Thread 32 Global Thread 32 running on hwthread 32 - Vector length 62500 Offset 2000000
Group: 0 Thread 33 Global Thread 33 running on hwthread 33 - Vector length 62500 Offset 2062500
Group: 0 Thread 34 Global Thread 34 running on hwthread 34 - Vector length 62500 Offset 2125000
Group: 0 Thread 35 Global Thread 35 running on hwthread 35 - Vector length 62500 Offset 2187500
Group: 0 Thread 36 Global Thread 36 running on hwthread 36 - Vector length 62500 Offset 2250000
Group: 0 Thread 37 Global Thread 37 running on hwthread 37 - Vector length 62500 Offset 2312500
Group: 0 Thread 38 Global Thread 38 running on hwthread 38 - Vector length 62500 Offset 2375000
Group: 0 Thread 39 Global Thread 39 running on hwthread 39 - Vector length 62500 Offset 2437500
Group: 0 Thread 40 Global Thread 40 running on hwthread 40 - Vector length 62500 Offset 2500000
Group: 0 Thread 41 Global Thread 41 running on hwthread 41 - Vector length 62500 Offset 2562500
Group: 0 Thread 42 Global Thread 42 running on hwthread 42 - Vector length 62500 Offset 2625000
Group: 0 Thread 43 Global Thread 43 running on hwthread 43 - Vector length 62500 Offset 2687500
Group: 0 Thread 44 Global Thread 44 running on hwthread 44 - Vector length 62500 Offset 2750000
Group: 0 Thread 45 Global Thread 45 running on hwthread 45 - Vector length 62500 Offset 2812500
Group: 0 Thread 46 Global Thread 46 running on hwthread 46 - Vector length 62500 Offset 2875000
Group: 0 Thread 47 Global Thread 47 running on hwthread 47 - Vector length 62500 Offset 2937500
Group: 0 Thread 48 Global Thread 48 running on hwthread 48 - Vector length 62500 Offset 3000000
Group: 0 Thread 49 Global Thread 49 running on hwthread 49 - Vector length 62500 Offset 3062500
Group: 0 Thread 50 Global Thread 50 running on hwthread 50 - Vector length 62500 Offset 3125000
Group: 0 Thread 51 Global Thread 51 running on hwthread 51 - Vector length 62500 Offset 3187500
Group: 0 Thread 52 Global Thread 52 running on hwthread 52 - Vector length 62500 Offset 3250000
Group: 0 Thread 53 Global Thread 53 running on hwthread 53 - Vector length 62500 Offset 3312500
Group: 0 Thread 54 Global Thread 54 running on hwthread 54 - Vector length 62500 Offset 3375000
Group: 0 Thread 55 Global Thread 55 running on hwthread 55 - Vector length 62500 Offset 3437500
Group: 0 Thread 56 Global Thread 56 running on hwthread 56 - Vector length 62500 Offset 3500000
Group: 0 Thread 57 Global Thread 57 running on hwthread 57 - Vector length 62500 Offset 3562500
Group: 0 Thread 58 Global Thread 58 running on hwthread 58 - Vector length 62500 Offset 3625000
Group: 0 Thread 59 Global Thread 59 running on hwthread 59 - Vector length 62500 Offset 3687500
Group: 0 Thread 60 Global Thread 60 running on hwthread 60 - Vector length 62500 Offset 3750000
Group: 0 Thread 61 Global Thread 61 running on hwthread 61 - Vector length 62500 Offset 3812500
Group: 0 Thread 62 Global Thread 62 running on hwthread 62 - Vector length 62500 Offset 3875000
Group: 0 Thread 63 Global Thread 63 running on hwthread 63 - Vector length 62500 Offset 3937500
Group: 0 Thread 64 Global Thread 64 running on hwthread 64 - Vector length 62500 Offset 4000000
Group: 0 Thread 65 Global Thread 65 running on hwthread 65 - Vector length 62500 Offset 4062500
Group: 0 Thread 66 Global Thread 66 running on hwthread 66 - Vector length 62500 Offset 4125000
Group: 0 Thread 67 Global Thread 67 running on hwthread 67 - Vector length 62500 Offset 4187500
Group: 0 Thread 68 Global Thread 68 running on hwthread 68 - Vector length 62500 Offset 4250000
Group: 0 Thread 69 Global Thread 69 running on hwthread 69 - Vector length 62500 Offset 4312500
Group: 0 Thread 70 Global Thread 70 running on hwthread 70 - Vector length 62500 Offset 4375000
Group: 0 Thread 71 Global Thread 71 running on hwthread 71 - Vector length 62500 Offset 4437500
Group: 0 Thread 72 Global Thread 72 running on hwthread 72 - Vector length 62500 Offset 4500000
Group: 0 Thread 73 Global Thread 73 running on hwthread 73 - Vector length 62500 Offset 4562500
Group: 0 Thread 74 Global Thread 74 running on hwthread 74 - Vector length 62500 Offset 4625000
Group: 0 Thread 75 Global Thread 75 running on hwthread 75 - Vector length 62500 Offset 4687500
Group: 0 Thread 76 Global Thread 76 running on hwthread 76 - Vector length 62500 Offset 4750000
Group: 0 Thread 77 Global Thread 77 running on hwthread 77 - Vector length 62500 Offset 4812500
Group: 0 Thread 78 Global Thread 78 running on hwthread 78 - Vector length 62500 Offset 4875000
Group: 0 Thread 79 Global Thread 79 running on hwthread 79 - Vector length 62500 Offset 4937500
Group: 0 Thread 80 Global Thread 80 running on hwthread 80 - Vector length 62500 Offset 5000000
Group: 0 Thread 81 Global Thread 81 running on hwthread 81 - Vector length 62500 Offset 5062500
Group: 0 Thread 82 Global Thread 82 running on hwthread 82 - Vector length 62500 Offset 5125000
Group: 0 Thread 83 Global Thread 83 running on hwthread 83 - Vector length 62500 Offset 5187500
Group: 0 Thread 84 Global Thread 84 running on hwthread 84 - Vector length 62500 Offset 5250000
Group: 0 Thread 85 Global Thread 85 running on hwthread 85 - Vector length 62500 Offset 5312500
Group: 0 Thread 86 Global Thread 86 running on hwthread 86 - Vector length 62500 Offset 5375000
Group: 0 Thread 87 Global Thread 87 running on hwthread 87 - Vector length 62500 Offset 5437500
Group: 0 Thread 88 Global Thread 88 running on hwthread 88 - Vector length 62500 Offset 5500000
Group: 0 Thread 89 Global Thread 89 running on hwthread 89 - Vector length 62500 Offset 5562500
Group: 0 Thread 90 Global Thread 90 running on hwthread 90 - Vector length 62500 Offset 5625000
Group: 0 Thread 91 Global Thread 91 running on hwthread 91 - Vector length 62500 Offset 5687500
Group: 0 Thread 92 Global Thread 92 running on hwthread 92 - Vector length 62500 Offset 5750000
Group: 0 Thread 93 Global Thread 93 running on hwthread 93 - Vector length 62500 Offset 5812500
Group: 0 Thread 94 Global Thread 94 running on hwthread 94 - Vector length 62500 Offset 5875000
Group: 0 Thread 95 Global Thread 95 running on hwthread 95 - Vector length 62500 Offset 5937500
Group: 0 Thread 96 Global Thread 96 running on hwthread 96 - Vector length 62500 Offset 6000000
Group: 0 Thread 97 Global Thread 97 running on hwthread 97 - Vector length 62500 Offset 6062500
Group: 0 Thread 98 Global Thread 98 running on hwthread 98 - Vector length 62500 Offset 6125000
Group: 0 Thread 99 Global Thread 99 running on hwthread 99 - Vector length 62500 Offset 6187500
Group: 0 Thread 100 Global Thread 100 running on hwthread 100 - Vector length 62500 Offset 6250000
Group: 0 Thread 101 Global Thread 101 running on hwthread 101 - Vector length 62500 Offset 6312500
Group: 0 Thread 102 Global Thread 102 running on hwthread 102 - Vector length 62500 Offset 6375000
Group: 0 Thread 103 Global Thread 103 running on hwthread 103 - Vector length 62500 Offset 6437500
Group: 0 Thread 104 Global Thread 104 running on hwthread 104 - Vector length 62500 Offset 6500000
Group: 0 Thread 105 Global Thread 105 running on hwthread 105 - Vector length 62500 Offset 6562500
Group: 0 Thread 106 Global Thread 106 running on hwthread 106 - Vector length 62500 Offset 6625000
Group: 0 Thread 107 Global Thread 107 running on hwthread 107 - Vector length 62500 Offset 6687500
Group: 0 Thread 108 Global Thread 108 running on hwthread 108 - Vector length 62500 Offset 6750000
Group: 0 Thread 109 Global Thread 109 running on hwthread 109 - Vector length 62500 Offset 6812500
Group: 0 Thread 110 Global Thread 110 running on hwthread 110 - Vector length 62500 Offset 6875000
Group: 0 Thread 111 Global Thread 111 running on hwthread 111 - Vector length 62500 Offset 6937500
Group: 0 Thread 112 Global Thread 112 running on hwthread 112 - Vector length 62500 Offset 7000000
Group: 0 Thread 113 Global Thread 113 running on hwthread 113 - Vector length 62500 Offset 7062500
Group: 0 Thread 114 Global Thread 114 running on hwthread 114 - Vector length 62500 Offset 7125000
Group: 0 Thread 115 Global Thread 115 running on hwthread 115 - Vector length 62500 Offset 7187500
Group: 0 Thread 116 Global Thread 116 running on hwthread 116 - Vector length 62500 Offset 7250000
Group: 0 Thread 117 Global Thread 117 running on hwthread 117 - Vector length 62500 Offset 7312500
Group: 0 Thread 118 Global Thread 118 running on hwthread 118 - Vector length 62500 Offset 7375000
Group: 0 Thread 119 Global Thread 119 running on hwthread 119 - Vector length 62500 Offset 7437500
Group: 0 Thread 120 Global Thread 120 running on hwthread 120 - Vector length 62500 Offset 7500000
Group: 0 Thread 121 Global Thread 121 running on hwthread 121 - Vector length 62500 Offset 7562500
Group: 0 Thread 122 Global Thread 122 running on hwthread 122 - Vector length 62500 Offset 7625000
Group: 0 Thread 123 Global Thread 123 running on hwthread 123 - Vector length 62500 Offset 7687500
Group: 0 Thread 124 Global Thread 124 running on hwthread 124 - Vector length 62500 Offset 7750000
Group: 0 Thread 125 Global Thread 125 running on hwthread 125 - Vector length 62500 Offset 7812500
Group: 0 Thread 126 Global Thread 126 running on hwthread 126 - Vector length 62500 Offset 7875000
Group: 0 Thread 127 Global Thread 127 running on hwthread 127 - Vector length 62500 Offset 7937500
--------------------------------------------------------------------------------
Cycles:			546857248
CPU Clock:		2445390126
Cycle Clock:		2445390126
Time:			2.236278e-01 sec
Iterations:		640000
Iterations per thread:	5000
Inner loop executions:	15625
Size (Byte):		64000000
Size per thread:	500000
Number of Flops:	1200000000000
MFlops/s:		5366058.81
Data volume (Byte):	320000000000
MByte/s:		1430949.01
Cycles per update:	0.013671
Cycles per cacheline:	0.109371
Loads per update:	1
Stores per update:	0
Load bytes per element:	8
Store bytes per elem.:	0
Instructions:		190000000032
UOPs:			180000000000
--------------------------------------------------------------------------------
Writing Likwid Marker API results to file /tmp/likwid_1606287.txt
--------------------------------------------------------------------------------
Region bench, Group 1: FLOPS_DP
+-------------------+------------+------------+------------+------------+------------+------------+------------+------------+------------+------------+-------------+-------------+-------------+-------------+-------------+-------------+-------------+-------------+-------------+-------------+-------------+-------------+-------------+-------------+-------------+-------------+-------------+-------------+-------------+-------------+-------------+-------------+-------------+-------------+-------------+-------------+-------------+-------------+-------------+-------------+-------------+-------------+-------------+-------------+-------------+-------------+-------------+-------------+-------------+-------------+-------------+-------------+-------------+-------------+-------------+-------------+-------------+-------------+-------------+-------------+-------------+-------------+-------------+-------------+-------------+-------------+-------------+-------------+-------------+-------------+-------------+-------------+-------------+-------------+-------------+-------------+-------------+-------------+-------------+-------------+-------------+-------------+-------------+-------------+-------------+-------------+-------------+-------------+-------------+-------------+-------------+-------------+-------------+-------------+-------------+-------------+-------------+-------------+-------------+-------------+--------------+--------------+--------------+--------------+--------------+--------------+--------------+--------------+--------------+--------------+--------------+--------------+--------------+--------------+--------------+--------------+--------------+--------------+--------------+--------------+--------------+--------------+--------------+--------------+--------------+--------------+--------------+--------------+
|    Region Info    | HWThread 0 | HWThread 1 | HWThread 2 | HWThread 3 | HWThread 4 | HWThread 5 | HWThread 6 | HWThread 7 | HWThread 8 | HWThread 9 | HWThread 10 | HWThread 11 | HWThread 12 | HWThread 13 | HWThread 14 | HWThread 15 | HWThread 16 | HWThread 17 | HWThread 18 | HWThread 19 | HWThread 20 | HWThread 21 | HWThread 22 | HWThread 23 | HWThread 24 | HWThread 25 | HWThread 26 | HWThread 27 | HWThread 28 | HWThread 29 | HWThread 30 | HWThread 31 | HWThread 32 | HWThread 33 | HWThread 34 | HWThread 35 | HWThread 36 | HWThread 37 | HWThread 38 | HWThread 39 | HWThread 40 | HWThread 41 | HWThread 42 | HWThread 43 | HWThread 44 | HWThread 45 | HWThread 46 | HWThread 47 | HWThread 48 | HWThread 49 | HWThread 50 | HWThread 51 | HWThread 52 | HWThread 53 | HWThread 54 | HWThread 55 | HWThread 56 | HWThread 57 | HWThread 58 | HWThread 59 | HWThread 60 | HWThread 61 | HWThread 62 | HWThread 63 | HWThread 64 | HWThread 65 | HWThread 66 | HWThread 67 | HWThread 68 | HWThread 69 | HWThread 70 | HWThread 71 | HWThread 72 | HWThread 73 | HWThread 74 | HWThread 75 | HWThread 76 | HWThread 77 | HWThread 78 | HWThread 79 | HWThread 80 | HWThread 81 | HWThread 82 | HWThread 83 | HWThread 84 | HWThread 85 | HWThread 86 | HWThread 87 | HWThread 88 | HWThread 89 | HWThread 90 | HWThread 91 | HWThread 92 | HWThread 93 | HWThread 94 | HWThread 95 | HWThread 96 | HWThread 97 | HWThread 98 | HWThread 99 | HWThread 100 | HWThread 101 | HWThread 102 | HWThread 103 | HWThread 104 | HWThread 105 | HWThread 106 | HWThread 107 | HWThread 108 | HWThread 109 | HWThread 110 | HWThread 111 | HWThread 112 | HWThread 113 | HWThread 114 | HWThread 115 | HWThread 116 | HWThread 117 | HWThread 118 | HWThread 119 | HWThread 120 | HWThread 121 | HWThread 122 | HWThread 123 | HWThread 124 | HWThread 125 | HWThread 126 | HWThread 127 |
+-------------------+------------+------------+------------+------------+------------+------------+------------+------------+------------+------------+-------------+-------------+-------------+-------------+-------------+-------------+-------------+-------------+-------------+-------------+-------------+-------------+-------------+-------------+-------------+-------------+-------------+-------------+-------------+-------------+-------------+-------------+-------------+-------------+-------------+-------------+-------------+-------------+-------------+-------------+-------------+-------------+-------------+-------------+-------------+-------------+-------------+-------------+-------------+-------------+-------------+-------------+-------------+-------------+-------------+-------------+-------------+-------------+-------------+-------------+-------------+-------------+-------------+-------------+-------------+-------------+-------------+-------------+-------------+-------------+-------------+-------------+-------------+-------------+-------------+-------------+-------------+-------------+-------------+-------------+-------------+-------------+-------------+-------------+-------------+-------------+-------------+-------------+-------------+-------------+-------------+-------------+-------------+-------------+-------------+-------------+-------------+-------------+-------------+-------------+--------------+--------------+--------------+--------------+--------------+--------------+--------------+--------------+--------------+--------------+--------------+--------------+--------------+--------------+--------------+--------------+--------------+--------------+--------------+--------------+--------------+--------------+--------------+--------------+--------------+--------------+--------------+--------------+
| RDTSC Runtime [s] |   0.223386 |   0.223517 |   0.223328 |   0.223520 |   0.223397 |   0.223519 |   0.223330 |   0.223398 |   0.223328 |   0.223394 |    0.223393 |    0.223341 |    0.223364 |    0.223396 |    0.223382 |    0.223391 |    0.223538 |    0.223373 |    0.223388 |    0.223307 |    0.223373 |    0.223285 |    0.223369 |    0.223386 |    0.223386 |    0.223314 |    0.223365 |    0.223380 |    0.223380 |    0.223307 |    0.223372 |    0.223309 |    0.223303 |    0.223303 |    0.223346 |    0.223354 |    0.223425 |    0.223307 |    0.223317 |    0.223522 |    0.223417 |    0.223329 |    0.223366 |    0.223307 |    0.223301 |    0.223306 |    0.223417 |    0.223366 |    0.223504 |    0.223302 |    0.223359 |    0.223353 |    0.223361 |    0.223410 |    0.223358 |    0.223301 |    0.223336 |    0.223332 |    0.223399 |    0.223317 |    0.223366 |    0.223334 |    0.223441 |    0.223328 |    0.223331 |    0.223300 |    0.223321 |    0.223602 |    0.223321 |    0.223321 |    0.223583 |    0.223321 |    0.223606 |    0.223606 |    0.223551 |    0.223636 |    0.223548 |    0.223594 |    0.223504 |    0.223588 |    0.223295 |    0.223531 |    0.223397 |    0.223357 |    0.223378 |    0.223343 |    0.223378 |    0.223357 |    0.223369 |    0.223365 |    0.223385 |    0.223291 |    0.223389 |    0.223389 |    0.223356 |    0.223296 |    0.223370 |    0.223309 |    0.223294 |    0.223377 |     0.223296 |     0.223371 |     0.223364 |     0.223294 |     0.223393 |     0.223337 |     0.223381 |     0.223356 |     0.223408 |     0.223310 |     0.223310 |     0.223373 |     0.223356 |     0.223382 |     0.223381 |     0.223382 |     0.223500 |     0.223328 |     0.223298 |     0.223518 |     0.223325 |     0.223326 |     0.223603 |     0.223319 |     0.223326 |     0.223326 |     0.223517 |     0.223540 |
|     call count    |          1 |          1 |          1 |          1 |          1 |          1 |          1 |          1 |          1 |          1 |           1 |           1 |           1 |           1 |           1 |           1 |           1 |           1 |           1 |           1 |           1 |           1 |           1 |           1 |           1 |           1 |           1 |           1 |           1 |           1 |           1 |           1 |           1 |           1 |           1 |           1 |           1 |           1 |           1 |           1 |           1 |           1 |           1 |           1 |           1 |           1 |           1 |           1 |           1 |           1 |           1 |           1 |           1 |           1 |           1 |           1 |           1 |           1 |           1 |           1 |           1 |           1 |           1 |           1 |           1 |           1 |           1 |           1 |           1 |           1 |           1 |           1 |           1 |           1 |           1 |           1 |           1 |           1 |           1 |           1 |           1 |           1 |           1 |           1 |           1 |           1 |           1 |           1 |           1 |           1 |           1 |           1 |           1 |           1 |           1 |           1 |           1 |           1 |           1 |           1 |            1 |            1 |            1 |            1 |            1 |            1 |            1 |            1 |            1 |            1 |            1 |            1 |            1 |            1 |            1 |            1 |            1 |            1 |            1 |            1 |            1 |            1 |            1 |            1 |            1 |            1 |            1 |            1 |
+-------------------+------------+------------+------------+------------+------------+------------+------------+------------+------------+------------+-------------+-------------+-------------+-------------+-------------+-------------+-------------+-------------+-------------+-------------+-------------+-------------+-------------+-------------+-------------+-------------+-------------+-------------+-------------+-------------+-------------+-------------+-------------+-------------+-------------+-------------+-------------+-------------+-------------+-------------+-------------+-------------+-------------+-------------+-------------+-------------+-------------+-------------+-------------+-------------+-------------+-------------+-------------+-------------+-------------+-------------+-------------+-------------+-------------+-------------+-------------+-------------+-------------+-------------+-------------+-------------+-------------+-------------+-------------+-------------+-------------+-------------+-------------+-------------+-------------+-------------+-------------+-------------+-------------+-------------+-------------+-------------+-------------+-------------+-------------+-------------+-------------+-------------+-------------+-------------+-------------+-------------+-------------+-------------+-------------+-------------+-------------+-------------+-------------+-------------+--------------+--------------+--------------+--------------+--------------+--------------+--------------+--------------+--------------+--------------+--------------+--------------+--------------+--------------+--------------+--------------+--------------+--------------+--------------+--------------+--------------+--------------+--------------+--------------+--------------+--------------+--------------+--------------+

+---------------------------+---------+------------+------------+------------+------------+------------+------------+------------+------------+------------+------------+-------------+-------------+-------------+-------------+-------------+-------------+-------------+-------------+-------------+-------------+-------------+-------------+-------------+-------------+-------------+-------------+-------------+-------------+-------------+-------------+-------------+-------------+-------------+-------------+-------------+-------------+-------------+-------------+-------------+-------------+-------------+-------------+-------------+-------------+-------------+-------------+-------------+-------------+-------------+-------------+-------------+-------------+-------------+-------------+-------------+-------------+-------------+-------------+-------------+-------------+-------------+-------------+-------------+-------------+-------------+-------------+-------------+-------------+-------------+-------------+-------------+-------------+-------------+-------------+-------------+-------------+-------------+-------------+-------------+-------------+-------------+-------------+-------------+-------------+-------------+-------------+-------------+-------------+-------------+-------------+-------------+-------------+-------------+-------------+-------------+-------------+-------------+-------------+-------------+-------------+--------------+--------------+--------------+--------------+--------------+--------------+--------------+--------------+--------------+--------------+--------------+--------------+--------------+--------------+--------------+--------------+--------------+--------------+--------------+--------------+--------------+--------------+--------------+--------------+--------------+--------------+--------------+--------------+
|           Event           | Counter | HWThread 0 | HWThread 1 | HWThread 2 | HWThread 3 | HWThread 4 | HWThread 5 | HWThread 6 | HWThread 7 | HWThread 8 | HWThread 9 | HWThread 10 | HWThread 11 | HWThread 12 | HWThread 13 | HWThread 14 | HWThread 15 | HWThread 16 | HWThread 17 | HWThread 18 | HWThread 19 | HWThread 20 | HWThread 21 | HWThread 22 | HWThread 23 | HWThread 24 | HWThread 25 | HWThread 26 | HWThread 27 | HWThread 28 | HWThread 29 | HWThread 30 | HWThread 31 | HWThread 32 | HWThread 33 | HWThread 34 | HWThread 35 | HWThread 36 | HWThread 37 | HWThread 38 | HWThread 39 | HWThread 40 | HWThread 41 | HWThread 42 | HWThread 43 | HWThread 44 | HWThread 45 | HWThread 46 | HWThread 47 | HWThread 48 | HWThread 49 | HWThread 50 | HWThread 51 | HWThread 52 | HWThread 53 | HWThread 54 | HWThread 55 | HWThread 56 | HWThread 57 | HWThread 58 | HWThread 59 | HWThread 60 | HWThread 61 | HWThread 62 | HWThread 63 | HWThread 64 | HWThread 65 | HWThread 66 | HWThread 67 | HWThread 68 | HWThread 69 | HWThread 70 | HWThread 71 | HWThread 72 | HWThread 73 | HWThread 74 | HWThread 75 | HWThread 76 | HWThread 77 | HWThread 78 | HWThread 79 | HWThread 80 | HWThread 81 | HWThread 82 | HWThread 83 | HWThread 84 | HWThread 85 | HWThread 86 | HWThread 87 | HWThread 88 | HWThread 89 | HWThread 90 | HWThread 91 | HWThread 92 | HWThread 93 | HWThread 94 | HWThread 95 | HWThread 96 | HWThread 97 | HWThread 98 | HWThread 99 | HWThread 100 | HWThread 101 | HWThread 102 | HWThread 103 | HWThread 104 | HWThread 105 | HWThread 106 | HWThread 107 | HWThread 108 | HWThread 109 | HWThread 110 | HWThread 111 | HWThread 112 | HWThread 113 | HWThread 114 | HWThread 115 | HWThread 116 | HWThread 117 | HWThread 118 | HWThread 119 | HWThread 120 | HWThread 121 | HWThread 122 | HWThread 123 | HWThread 124 | HWThread 125 | HWThread 126 | HWThread 127 |
+---------------------------+---------+------------+------------+------------+------------+------------+------------+------------+------------+------------+------------+-------------+-------------+-------------+-------------+-------------+-------------+-------------+-------------+-------------+-------------+-------------+-------------+-------------+-------------+-------------+-------------+-------------+-------------+-------------+-------------+-------------+-------------+-------------+-------------+-------------+-------------+-------------+-------------+-------------+-------------+-------------+-------------+-------------+-------------+-------------+-------------+-------------+-------------+-------------+-------------+-------------+-------------+-------------+-------------+-------------+-------------+-------------+-------------+-------------+-------------+-------------+-------------+-------------+-------------+-------------+-------------+-------------+-------------+-------------+-------------+-------------+-------------+-------------+-------------+-------------+-------------+-------------+-------------+-------------+-------------+-------------+-------------+-------------+-------------+-------------+-------------+-------------+-------------+-------------+-------------+-------------+-------------+-------------+-------------+-------------+-------------+-------------+-------------+-------------+-------------+--------------+--------------+--------------+--------------+--------------+--------------+--------------+--------------+--------------+--------------+--------------+--------------+--------------+--------------+--------------+--------------+--------------+--------------+--------------+--------------+--------------+--------------+--------------+--------------+--------------+--------------+--------------+--------------+
|      ACTUAL_CPU_CLOCK     |  FIXC1  |  602298900 |  603238400 |  602323500 |  603178300 |  602861100 |  602749800 |  602096200 |  602860400 |  603194300 |  602679000 |   601676200 |   602270700 |   602047400 |   602665000 |   602853100 |   602240600 |   602804100 |   602129300 |   602243700 |   602548000 |   602434800 |   601425100 |   601897700 |   602845300 |   602348000 |   602043500 |   602267800 |   602335200 |   601975000 |   602155500 |   602821900 |   602182300 |   602325200 |   601787100 |   601658900 |   602234700 |   602270100 |   602805400 |   602805800 |   602925500 |   602594000 |   602388700 |   602439400 |   601614700 |   602646700 |   601680800 |   602802000 |   602262500 |   602931700 |   603331500 |   602880100 |   602396000 |   602953200 |   602773300 |   602406800 |   602115900 |   602904000 |   602893100 |   602474100 |   602212500 |   602114600 |   602812100 |   602951800 |   601816800 |   612749100 |   612919200 |   613074100 |   612811600 |   612430900 |   613525400 |   612883000 |   612935600 |   613179300 |   613129300 |   612999900 |   613169400 |   613122900 |   613011500 |   613901500 |   613098900 |   611748800 |   612454900 |   613367500 |   612653400 |   612763600 |   613162400 |   612896200 |   612640500 |   612850500 |   612882300 |   612887600 |   611737000 |   613569500 |   612247700 |   613521800 |   613045600 |   612328700 |   612399900 |   611686800 |   612181600 |    612171600 |    612293700 |    611634100 |    611852800 |    613012600 |    613622600 |    612996500 |    613107800 |    613264100 |    612176100 |    613098000 |    612290000 |    613447700 |    612879100 |    613582700 |    612066700 |    613449400 |    613531000 |    612466200 |    612969800 |    613919200 |    613890100 |    613861600 |    613790300 |    612867400 |    613879600 |    613877800 |    613713100 |
|       MAX_CPU_CLOCK       |  FIXC2  |  549800900 |  550005000 |  549824500 |  549978500 |  550280600 |  549646400 |  549610600 |  550307400 |  550024300 |  550244600 |   549837700 |   549780800 |   549578300 |   550111300 |   549722500 |   549727400 |   549977100 |   550048100 |   549727400 |   549443600 |   549919900 |   549252000 |   550015000 |   549706500 |   549867400 |   549934300 |   549777400 |   549845500 |   550050100 |   549653600 |   549693900 |   549655500 |   549470200 |   549582600 |   549834300 |   549733800 |   549744700 |   550222300 |   550140200 |   550297100 |   550298900 |   549831200 |   549826400 |   549846100 |   550076900 |   549832700 |   550231600 |   549778800 |   550392700 |   550103400 |   550240400 |   549855000 |   550523300 |   549693700 |   549900400 |   549683800 |   550386400 |   550395300 |   549939000 |   549738400 |   550090800 |   550184400 |   550303700 |   549917200 |   549610900 |   549622500 |   549703600 |   549981400 |   549861500 |   550124000 |   550120100 |   549703500 |   550110500 |   550300500 |   550067500 |   550122300 |   550023300 |   549953800 |   551143000 |   550048300 |   549245300 |   549759200 |   549929000 |   549443100 |   549541900 |   550098600 |   549660100 |   549447200 |   550210000 |   550383300 |   550350100 |   549197100 |   550158000 |   549678600 |   550188200 |   550322100 |   549814400 |   549824600 |   548929000 |   549575900 |    549304700 |    549809500 |    549745400 |    549888300 |    550431700 |    550297000 |    550302900 |    550460100 |    550522300 |    549648100 |    550422100 |    549716900 |    550280600 |    550065500 |    550309400 |    549488400 |    550179000 |    550285900 |    549862400 |    550374500 |    550410400 |    550543100 |    551161200 |    550325900 |    549580400 |    550323900 |    550745800 |    550698600 |
|    RETIRED_INSTRUCTIONS   |   PMC0  | 1484683000 | 1485411000 | 1485258000 | 1485531000 | 1485150000 | 1485334000 | 1485273000 | 1485026000 | 1485088000 | 1485273000 |  1485064000 |  1485143000 |  1484957000 |  1484999000 |  1485123000 |  1485082000 |  1485242000 |  1485195000 |  1485051000 |  1485012000 |  1485062000 |  1485174000 |  1484981000 |  1485075000 |  1485170000 |  1484979000 |  1485180000 |  1484978000 |  1485035000 |  1485138000 |  1485051000 |  1485018000 |  1485157000 |  1484997000 |  1485107000 |  1485164000 |  1485110000 |  1485035000 |  1485247000 |  1485187000 |  1485015000 |  1485239000 |  1485045000 |  1484982000 |  1485197000 |  1484980000 |  1485274000 |  1485015000 |  1485506000 |  1484980000 |  1485179000 |  1485159000 |  1484989000 |  1485050000 |  1485213000 |  1485084000 |  1484978000 |  1485121000 |  1485067000 |  1485155000 |  1485015000 |  1484612000 |  1484982000 |  1484905000 |  1486670000 |  1486770000 |  1486828000 |  1486932000 |  1486582000 |  1486757000 |  1486829000 |  1486515000 |  1487168000 |  1486920000 |  1486770000 |  1486745000 |  1487091000 |  1486870000 |  1487000000 |  1486914000 |  1486921000 |  1487047000 |  1486861000 |  1486752000 |  1486972000 |  1486791000 |  1486925000 |  1486741000 |  1486686000 |  1486900000 |  1486717000 |  1486718000 |  1486978000 |  1486731000 |  1486688000 |  1486902000 |  1486721000 |  1486804000 |  1486896000 |  1486764000 |   1486905000 |   1486800000 |   1486926000 |   1486646000 |   1486743000 |   1486938000 |   1486831000 |   1486695000 |   1487019000 |   1486662000 |   1486726000 |   1486816000 |   1486825000 |   1486820000 |   1486910000 |   1486757000 |   1486975000 |   1486650000 |   1486862000 |   1487012000 |   1486786000 |   1486843000 |   1487390000 |   1486919000 |   1486959000 |   1486785000 |   1487061000 |   1487101000 |
|    CPU_CLOCKS_UNHALTED    |   PMC1  |  591271200 |  593549900 |  592822600 |  592767200 |  592729500 |  593158600 |  592205600 |  592460000 |  591750200 |  592210900 |   592105400 |   591742700 |   592094900 |   592031400 |   592108900 |   592256600 |   592576700 |   591990300 |   592048500 |   591924200 |   592093800 |   591693000 |   592067600 |   592008300 |   591982000 |   591889300 |   591781400 |   592065000 |   591993600 |   591697800 |   592145200 |   591929500 |   591814200 |   591713200 |   592046800 |   591996300 |   592132900 |   591980300 |   591963100 |   592656000 |   592107100 |   591843100 |   591974700 |   591753100 |   591843400 |   591748600 |   592103700 |   591968300 |   592526300 |   591860600 |   592077900 |   592181900 |   592008300 |   592212700 |   592050000 |   591955600 |   591754200 |   591814600 |   592066200 |   591695500 |   592142700 |   591912800 |   592244100 |   591929000 |   601469500 |   601494500 |   601703500 |   602239100 |   601513500 |   601395200 |   602151100 |   601209300 |   601792600 |   601999800 |   601881200 |   601812600 |   602015600 |   602046200 |   601947200 |   602215800 |   601583300 |   602209900 |   601973300 |   601752200 |   601895400 |   601850500 |   601840400 |   601792500 |   601734400 |   601641800 |   601792300 |   601637600 |   601983700 |   602014100 |   601782400 |   601647700 |   601705700 |   601645400 |   601429000 |   601852700 |    601639200 |    601766700 |    601755400 |    601555300 |    601810900 |    601870200 |    601898500 |    601780000 |    601961400 |    601635500 |    601800100 |    602008000 |    601268900 |    601504800 |    601414900 |    601527000 |    601860100 |    601195900 |    601250700 |    601953000 |    602032400 |    601972600 |    603007500 |    602041600 |    602232600 |    602455200 |    602945600 |    602956600 |
| RETIRED_SSE_AVX_FLOPS_ALL |   PMC2  | 9375000000 | 9375000000 | 9375000000 | 9375000000 | 9375000000 | 9375000000 | 9375000000 | 9375000000 | 9375000000 | 9375000000 |  9375000000 |  9375000000 |  9375000000 |  9375000000 |  9375000000 |  9375000000 |  9375000000 |  9375000000 |  9375000000 |  9375000000 |  9375000000 |  9375000000 |  9375000000 |  9375000000 |  9375000000 |  9375000000 |  9375000000 |  9375000000 |  9375000000 |  9375000000 |  9375000000 |  9375000000 |  9375000000 |  9375000000 |  9375000000 |  9375000000 |  9375000000 |  9375000000 |  9375000000 |  9375000000 |  9375000000 |  9375000000 |  9375000000 |  9375000000 |  9375000000 |  9375000000 |  9375000000 |  9375000000 |  9375000000 |  9375000000 |  9375000000 |  9375000000 |  9375000000 |  9375000000 |  9375000000 |  9375000000 |  9375000000 |  9375000000 |  9375000000 |  9375000000 |  9375000000 |  9375000000 |  9375000000 |  9375000000 |  9375000000 |  9375000000 |  9375000000 |  9375000000 |  9375000000 |  9375000000 |  9375000000 |  9375000000 |  9375000000 |  9375000000 |  9375000000 |  9375000000 |  9375000000 |  9375000000 |  9375000000 |  9375000000 |  9375000000 |  9375000000 |  9375000000 |  9375000000 |  9375000000 |  9375000000 |  9375000000 |  9375000000 |  9375000000 |  9375000000 |  9375000000 |  9375000000 |  9375000000 |  9375000000 |  9375000000 |  9375000000 |  9375000000 |  9375000000 |  9375000000 |  9375000000 |   9375000000 |   9375000000 |   9375000000 |   9375000000 |   9375000000 |   9375000000 |   9375000000 |   9375000000 |   9375000000 |   9375000000 |   9375000000 |   9375000000 |   9375000000 |   9375000000 |   9375000000 |   9375000000 |   9375000000 |   9375000000 |   9375000000 |   9375000000 |   9375000000 |   9375000000 |   9375000000 |   9375000000 |   9375000000 |   9375000000 |   9375000000 |   9375000000 |
|           MERGE           |   PMC3  |          0 |          0 |          0 |          0 |          0 |          0 |          0 |          0 |          0 |          0 |           0 |           0 |           0 |           0 |           0 |           0 |           0 |           0 |           0 |           0 |           0 |           0 |           0 |           0 |           0 |           0 |           0 |           0 |           0 |           0 |           0 |           0 |           0 |           0 |           0 |           0 |           0 |           0 |           0 |           0 |           0 |           0 |           0 |           0 |           0 |           0 |           0 |           0 |           0 |           0 |           0 |           0 |           0 |           0 |           0 |           0 |           0 |           0 |           0 |           0 |           0 |           0 |           0 |           0 |           0 |           0 |           0 |           0 |           0 |           0 |           0 |           0 |           0 |           0 |           0 |           0 |           0 |           0 |           0 |           0 |           0 |           0 |           0 |           0 |           0 |           0 |           0 |           0 |           0 |           0 |           0 |           0 |           0 |           0 |           0 |           0 |           0 |           0 |           0 |           0 |            0 |            0 |            0 |            0 |            0 |            0 |            0 |            0 |            0 |            0 |            0 |            0 |            0 |            0 |            0 |            0 |            0 |            0 |            0 |            0 |            0 |            0 |            0 |            0 |            0 |            0 |            0 |            0 |
+---------------------------+---------+------------+------------+------------+------------+------------+------------+------------+------------+------------+------------+-------------+-------------+-------------+-------------+-------------+-------------+-------------+-------------+-------------+-------------+-------------+-------------+-------------+-------------+-------------+-------------+-------------+-------------+-------------+-------------+-------------+-------------+-------------+-------------+-------------+-------------+-------------+-------------+-------------+-------------+-------------+-------------+-------------+-------------+-------------+-------------+-------------+-------------+-------------+-------------+-------------+-------------+-------------+-------------+-------------+-------------+-------------+-------------+-------------+-------------+-------------+-------------+-------------+-------------+-------------+-------------+-------------+-------------+-------------+-------------+-------------+-------------+-------------+-------------+-------------+-------------+-------------+-------------+-------------+-------------+-------------+-------------+-------------+-------------+-------------+-------------+-------------+-------------+-------------+-------------+-------------+-------------+-------------+-------------+-------------+-------------+-------------+-------------+-------------+-------------+--------------+--------------+--------------+--------------+--------------+--------------+--------------+--------------+--------------+--------------+--------------+--------------+--------------+--------------+--------------+--------------+--------------+--------------+--------------+--------------+--------------+--------------+--------------+--------------+--------------+--------------+--------------+--------------+

+--------------------------------+---------+---------------+------------+------------+--------------+
|              Event             | Counter |      Sum      |     Min    |     Max    |      Avg     |
+--------------------------------+---------+---------------+------------+------------+--------------+
|      ACTUAL_CPU_CLOCK STAT     |  FIXC1  |   77784578600 |  601425100 |  613919200 | 6.076920e+08 |
|       MAX_CPU_CLOCK STAT       |  FIXC2  |   70396580200 |  548929000 |  551161200 | 5.499733e+08 |
|    RETIRED_INSTRUCTIONS STAT   |   PMC0  |  190204720000 | 1484612000 | 1487390000 |   1485974375 |
|    CPU_CLOCKS_UNHALTED STAT    |   PMC1  |   76410980600 |  591271200 |  603007500 | 5.969608e+08 |
| RETIRED_SSE_AVX_FLOPS_ALL STAT |   PMC2  | 1200000000000 | 9375000000 | 9375000000 |   9375000000 |
|           MERGE STAT           |   PMC3  |             0 |          0 |          0 |            0 |
+--------------------------------+---------+---------------+------------+------------+--------------+

+----------------------+------------+------------+------------+------------+------------+------------+------------+------------+------------+------------+-------------+-------------+-------------+-------------+-------------+-------------+-------------+-------------+-------------+-------------+-------------+-------------+-------------+-------------+-------------+-------------+-------------+-------------+-------------+-------------+-------------+-------------+-------------+-------------+-------------+-------------+-------------+-------------+-------------+-------------+-------------+-------------+-------------+-------------+-------------+-------------+-------------+-------------+-------------+-------------+-------------+-------------+-------------+-------------+-------------+-------------+-------------+-------------+-------------+-------------+-------------+-------------+-------------+-------------+-------------+-------------+-------------+-------------+-------------+-------------+-------------+-------------+-------------+-------------+-------------+-------------+-------------+-------------+-------------+-------------+-------------+-------------+-------------+-------------+-------------+-------------+-------------+-------------+-------------+-------------+-------------+-------------+-------------+-------------+-------------+-------------+-------------+-------------+-------------+-------------+--------------+--------------+--------------+--------------+--------------+--------------+--------------+--------------+--------------+--------------+--------------+--------------+--------------+--------------+--------------+--------------+--------------+--------------+--------------+--------------+--------------+--------------+--------------+--------------+--------------+--------------+--------------+--------------+
|        Metric        | HWThread 0 | HWThread 1 | HWThread 2 | HWThread 3 | HWThread 4 | HWThread 5 | HWThread 6 | HWThread 7 | HWThread 8 | HWThread 9 | HWThread 10 | HWThread 11 | HWThread 12 | HWThread 13 | HWThread 14 | HWThread 15 | HWThread 16 | HWThread 17 | HWThread 18 | HWThread 19 | HWThread 20 | HWThread 21 | HWThread 22 | HWThread 23 | HWThread 24 | HWThread 25 | HWThread 26 | HWThread 27 | HWThread 28 | HWThread 29 | HWThread 30 | HWThread 31 | HWThread 32 | HWThread 33 | HWThread 34 | HWThread 35 | HWThread 36 | HWThread 37 | HWThread 38 | HWThread 39 | HWThread 40 | HWThread 41 | HWThread 42 | HWThread 43 | HWThread 44 | HWThread 45 | HWThread 46 | HWThread 47 | HWThread 48 | HWThread 49 | HWThread 50 | HWThread 51 | HWThread 52 | HWThread 53 | HWThread 54 | HWThread 55 | HWThread 56 | HWThread 57 | HWThread 58 | HWThread 59 | HWThread 60 | HWThread 61 | HWThread 62 | HWThread 63 | HWThread 64 | HWThread 65 | HWThread 66 | HWThread 67 | HWThread 68 | HWThread 69 | HWThread 70 | HWThread 71 | HWThread 72 | HWThread 73 | HWThread 74 | HWThread 75 | HWThread 76 | HWThread 77 | HWThread 78 | HWThread 79 | HWThread 80 | HWThread 81 | HWThread 82 | HWThread 83 | HWThread 84 | HWThread 85 | HWThread 86 | HWThread 87 | HWThread 88 | HWThread 89 | HWThread 90 | HWThread 91 | HWThread 92 | HWThread 93 | HWThread 94 | HWThread 95 | HWThread 96 | HWThread 97 | HWThread 98 | HWThread 99 | HWThread 100 | HWThread 101 | HWThread 102 | HWThread 103 | HWThread 104 | HWThread 105 | HWThread 106 | HWThread 107 | HWThread 108 | HWThread 109 | HWThread 110 | HWThread 111 | HWThread 112 | HWThread 113 | HWThread 114 | HWThread 115 | HWThread 116 | HWThread 117 | HWThread 118 | HWThread 119 | HWThread 120 | HWThread 121 | HWThread 122 | HWThread 123 | HWThread 124 | HWThread 125 | HWThread 126 | HWThread 127 |
+----------------------+------------+------------+------------+------------+------------+------------+------------+------------+------------+------------+-------------+-------------+-------------+-------------+-------------+-------------+-------------+-------------+-------------+-------------+-------------+-------------+-------------+-------------+-------------+-------------+-------------+-------------+-------------+-------------+-------------+-------------+-------------+-------------+-------------+-------------+-------------+-------------+-------------+-------------+-------------+-------------+-------------+-------------+-------------+-------------+-------------+-------------+-------------+-------------+-------------+-------------+-------------+-------------+-------------+-------------+-------------+-------------+-------------+-------------+-------------+-------------+-------------+-------------+-------------+-------------+-------------+-------------+-------------+-------------+-------------+-------------+-------------+-------------+-------------+-------------+-------------+-------------+-------------+-------------+-------------+-------------+-------------+-------------+-------------+-------------+-------------+-------------+-------------+-------------+-------------+-------------+-------------+-------------+-------------+-------------+-------------+-------------+-------------+-------------+--------------+--------------+--------------+--------------+--------------+--------------+--------------+--------------+--------------+--------------+--------------+--------------+--------------+--------------+--------------+--------------+--------------+--------------+--------------+--------------+--------------+--------------+--------------+--------------+--------------+--------------+--------------+--------------+
|  Runtime (RDTSC) [s] |     0.2234 |     0.2235 |     0.2233 |     0.2235 |     0.2234 |     0.2235 |     0.2233 |     0.2234 |     0.2233 |     0.2234 |      0.2234 |      0.2233 |      0.2234 |      0.2234 |      0.2234 |      0.2234 |      0.2235 |      0.2234 |      0.2234 |      0.2233 |      0.2234 |      0.2233 |      0.2234 |      0.2234 |      0.2234 |      0.2233 |      0.2234 |      0.2234 |      0.2234 |      0.2233 |      0.2234 |      0.2233 |      0.2233 |      0.2233 |      0.2233 |      0.2234 |      0.2234 |      0.2233 |      0.2233 |      0.2235 |      0.2234 |      0.2233 |      0.2234 |      0.2233 |      0.2233 |      0.2233 |      0.2234 |      0.2234 |      0.2235 |      0.2233 |      0.2234 |      0.2234 |      0.2234 |      0.2234 |      0.2234 |      0.2233 |      0.2233 |      0.2233 |      0.2234 |      0.2233 |      0.2234 |      0.2233 |      0.2234 |      0.2233 |      0.2233 |      0.2233 |      0.2233 |      0.2236 |      0.2233 |      0.2233 |      0.2236 |      0.2233 |      0.2236 |      0.2236 |      0.2236 |      0.2236 |      0.2235 |      0.2236 |      0.2235 |      0.2236 |      0.2233 |      0.2235 |      0.2234 |      0.2234 |      0.2234 |      0.2233 |      0.2234 |      0.2234 |      0.2234 |      0.2234 |      0.2234 |      0.2233 |      0.2234 |      0.2234 |      0.2234 |      0.2233 |      0.2234 |      0.2233 |      0.2233 |      0.2234 |       0.2233 |       0.2234 |       0.2234 |       0.2233 |       0.2234 |       0.2233 |       0.2234 |       0.2234 |       0.2234 |       0.2233 |       0.2233 |       0.2234 |       0.2234 |       0.2234 |       0.2234 |       0.2234 |       0.2235 |       0.2233 |       0.2233 |       0.2235 |       0.2233 |       0.2233 |       0.2236 |       0.2233 |       0.2233 |       0.2233 |       0.2235 |       0.2235 |
| Runtime unhalted [s] |     0.2463 |     0.2467 |     0.2463 |     0.2467 |     0.2465 |     0.2465 |     0.2462 |     0.2465 |     0.2467 |     0.2465 |      0.2460 |      0.2463 |      0.2462 |      0.2464 |      0.2465 |      0.2463 |      0.2465 |      0.2462 |      0.2463 |      0.2464 |      0.2464 |      0.2459 |      0.2461 |      0.2465 |      0.2463 |      0.2462 |      0.2463 |      0.2463 |      0.2462 |      0.2462 |      0.2465 |      0.2463 |      0.2463 |      0.2461 |      0.2460 |      0.2463 |      0.2463 |      0.2465 |      0.2465 |      0.2466 |      0.2464 |      0.2463 |      0.2464 |      0.2460 |      0.2464 |      0.2460 |      0.2465 |      0.2463 |      0.2466 |      0.2467 |      0.2465 |      0.2463 |      0.2466 |      0.2465 |      0.2463 |      0.2462 |      0.2465 |      0.2465 |      0.2464 |      0.2463 |      0.2462 |      0.2465 |      0.2466 |      0.2461 |      0.2506 |      0.2506 |      0.2507 |      0.2506 |      0.2504 |      0.2509 |      0.2506 |      0.2506 |      0.2507 |      0.2507 |      0.2507 |      0.2507 |      0.2507 |      0.2507 |      0.2510 |      0.2507 |      0.2502 |      0.2505 |      0.2508 |      0.2505 |      0.2506 |      0.2507 |      0.2506 |      0.2505 |      0.2506 |      0.2506 |      0.2506 |      0.2502 |      0.2509 |      0.2504 |      0.2509 |      0.2507 |      0.2504 |      0.2504 |      0.2501 |      0.2503 |       0.2503 |       0.2504 |       0.2501 |       0.2502 |       0.2507 |       0.2509 |       0.2507 |       0.2507 |       0.2508 |       0.2503 |       0.2507 |       0.2504 |       0.2509 |       0.2506 |       0.2509 |       0.2503 |       0.2509 |       0.2509 |       0.2505 |       0.2507 |       0.2511 |       0.2510 |       0.2510 |       0.2510 |       0.2506 |       0.2510 |       0.2510 |       0.2510 |
|      Clock [MHz]     |  2678.8878 |  2682.0708 |  2678.8822 |  2681.9328 |  2679.0508 |  2681.6468 |  2678.9134 |  2678.9173 |  2681.7806 |  2678.4168 |   2675.9390 |   2678.8603 |   2678.8537 |   2679.0036 |   2681.7351 |   2678.9866 |   2680.2758 |   2676.9298 |   2679.0004 |   2681.7385 |   2678.9124 |   2677.6746 |   2676.0612 |   2681.7785 |   2678.7821 |   2677.1022 |   2678.8639 |   2678.8319 |   2676.2341 |   2678.9677 |   2681.7359 |   2679.0777 |   2680.6171 |   2677.6746 |   2675.8786 |   2678.9292 |   2679.0335 |   2679.0871 |   2679.4887 |   2679.2567 |   2677.7748 |   2679.1395 |   2679.3884 |   2675.6246 |   2679.0898 |   2675.9838 |   2679.0268 |   2678.8335 |   2678.8189 |   2682.0049 |   2679.3310 |   2679.0560 |   2678.2789 |   2681.5206 |   2678.8829 |   2678.6443 |   2678.7264 |   2678.6347 |   2678.9941 |   2678.8080 |   2676.6567 |   2679.3015 |   2679.3414 |   2676.1774 |   2726.3100 |   2727.0093 |   2727.2960 |   2724.7513 |   2723.6524 |   2727.2180 |   2724.3817 |   2726.6804 |   2725.7464 |   2724.5831 |   2725.1619 |   2725.6439 |   2725.9278 |   2725.7769 |   2723.8444 |   2725.6972 |   2723.6712 |   2724.2659 |   2727.4829 |   2726.7167 |   2726.7169 |   2725.7302 |   2726.7204 |   2726.6389 |   2723.7921 |   2723.0758 |   2723.2636 |   2723.8577 |   2727.2454 |   2723.7436 |   2726.8837 |   2724.1042 |   2723.4311 |   2723.6973 |   2724.9644 |   2723.9585 |    2725.2588 |    2723.2997 |    2720.6832 |    2720.9488 |    2723.4152 |    2726.7925 |    2723.9811 |    2723.6976 |    2724.0842 |    2723.5762 |    2723.8421 |    2723.7420 |    2726.0966 |    2724.6348 |    2726.5538 |    2723.8809 |    2726.6075 |    2726.4405 |    2723.8049 |    2723.5081 |    2727.5485 |    2726.7618 |    2723.5774 |    2727.3945 |    2726.9877 |    2727.8012 |    2725.7036 |    2725.2059 |
|          CPI         |     0.3982 |     0.3996 |     0.3991 |     0.3990 |     0.3991 |     0.3993 |     0.3987 |     0.3990 |     0.3985 |     0.3987 |      0.3987 |      0.3984 |      0.3987 |      0.3987 |      0.3987 |      0.3988 |      0.3990 |      0.3986 |      0.3987 |      0.3986 |      0.3987 |      0.3984 |      0.3987 |      0.3986 |      0.3986 |      0.3986 |      0.3985 |      0.3987 |      0.3986 |      0.3984 |      0.3987 |      0.3986 |      0.3985 |      0.3985 |      0.3987 |      0.3986 |      0.3987 |      0.3986 |      0.3986 |      0.3990 |      0.3987 |      0.3985 |      0.3986 |      0.3985 |      0.3985 |      0.3985 |      0.3986 |      0.3986 |      0.3989 |      0.3986 |      0.3987 |      0.3987 |      0.3987 |      0.3988 |      0.3986 |      0.3986 |      0.3985 |      0.3985 |      0.3987 |      0.3984 |      0.3987 |      0.3987 |      0.3988 |      0.3986 |      0.4046 |      0.4046 |      0.4047 |      0.4050 |      0.4046 |      0.4045 |      0.4050 |      0.4044 |      0.4047 |      0.4049 |      0.4048 |      0.4048 |      0.4048 |      0.4049 |      0.4048 |      0.4050 |      0.4046 |      0.4050 |      0.4049 |      0.4047 |      0.4048 |      0.4048 |      0.4048 |      0.4048 |      0.4047 |      0.4046 |      0.4048 |      0.4047 |      0.4048 |      0.4049 |      0.4048 |      0.4046 |      0.4047 |      0.4047 |      0.4045 |      0.4048 |       0.4046 |       0.4047 |       0.4047 |       0.4046 |       0.4048 |       0.4048 |       0.4048 |       0.4048 |       0.4048 |       0.4047 |       0.4048 |       0.4049 |       0.4044 |       0.4046 |       0.4045 |       0.4046 |       0.4048 |       0.4044 |       0.4044 |       0.4048 |       0.4049 |       0.4049 |       0.4054 |       0.4049 |       0.4050 |       0.4052 |       0.4055 |       0.4055 |
|     DP [MFLOP/s]     | 41967.7714 | 41943.0809 | 41978.5768 | 41942.6305 | 41965.6862 | 41942.6681 | 41978.2949 | 41965.4795 | 41978.6896 | 41966.2685 |  41966.3812 |  41976.1146 |  41971.7735 |  41965.9116 |  41968.5041 |  41966.8321 |  41939.2156 |  41970.1387 |  41967.3957 |  41982.5809 |  41970.1951 |  41986.6234 |  41970.9091 |  41967.6963 |  41967.7151 |  41981.2649 |  41971.6795 |  41968.8799 |  41968.8611 |  41982.5621 |  41970.3079 |  41982.1485 |  41983.2389 |  41983.2577 |  41975.2688 |  41973.7654 |  41960.4457 |  41982.5057 |  41980.7010 |  41942.2365 |  41961.9295 |  41978.4640 |  41971.4916 |  41982.5997 |  41983.6338 |  41982.6749 |  41961.8168 |  41971.3977 |  41945.5768 |  41983.4458 |  41972.8446 |  41973.8969 |  41972.4500 |  41963.1315 |  41972.9385 |  41983.6150 |  41977.0731 |  41977.7686 |  41965.2165 |  41980.7574 |  41971.5104 |  41977.4866 |  41957.2908 |  41978.5768 |  41978.0317 |  41983.8594 |  41979.8926 |  41927.1929 |  41979.9866 |  41979.8738 |  41930.6996 |  41979.8550 |  41926.4617 |  41926.4992 |  41936.8331 |  41920.7061 |  41937.2833 |  41928.7493 |  41945.4830 |  41929.8745 |  41984.8747 |  41940.4727 |  41965.6862 |  41973.1640 |  41969.2181 |  41975.8327 |  41969.1429 |  41973.1452 |  41970.9655 |  41971.6795 |  41967.8278 |  41985.6644 |  41967.1890 |  41967.1703 |  41973.3144 |  41984.7243 |  41970.6836 |  41982.1673 |  41984.9875 |  41969.4999 |   41984.5927 |   41970.4582 |   41971.7547 |   41985.1003 |   41966.4752 |   41976.8476 |   41968.5981 |   41973.4459 |   41963.6199 |   41981.9417 |   41981.9229 |   41970.1951 |   41973.3144 |   41968.5041 |   41968.5793 |   41968.5605 |   41946.3650 |   41978.6332 |   41984.3294 |   41943.0246 |   41979.2723 |   41978.9152 |   41927.0804 |   41980.2498 |   41978.9528 |   41978.9340 |   41943.0997 |   41938.8029 |
+----------------------+------------+------------+------------+------------+------------+------------+------------+------------+------------+------------+-------------+-------------+-------------+-------------+-------------+-------------+-------------+-------------+-------------+-------------+-------------+-------------+-------------+-------------+-------------+-------------+-------------+-------------+-------------+-------------+-------------+-------------+-------------+-------------+-------------+-------------+-------------+-------------+-------------+-------------+-------------+-------------+-------------+-------------+-------------+-------------+-------------+-------------+-------------+-------------+-------------+-------------+-------------+-------------+-------------+-------------+-------------+-------------+-------------+-------------+-------------+-------------+-------------+-------------+-------------+-------------+-------------+-------------+-------------+-------------+-------------+-------------+-------------+-------------+-------------+-------------+-------------+-------------+-------------+-------------+-------------+-------------+-------------+-------------+-------------+-------------+-------------+-------------+-------------+-------------+-------------+-------------+-------------+-------------+-------------+-------------+-------------+-------------+-------------+-------------+--------------+--------------+--------------+--------------+--------------+--------------+--------------+--------------+--------------+--------------+--------------+--------------+--------------+--------------+--------------+--------------+--------------+--------------+--------------+--------------+--------------+--------------+--------------+--------------+--------------+--------------+--------------+--------------+

+---------------------------+--------------+------------+------------+------------+
|           Metric          |      Sum     |     Min    |     Max    |     Avg    |
+---------------------------+--------------+------------+------------+------------+
|  Runtime (RDTSC) [s] STAT |      28.5934 |     0.2233 |     0.2236 |     0.2234 |
| Runtime unhalted [s] STAT |      31.8079 |     0.2459 |     0.2511 |     0.2485 |
|      Clock [MHz] STAT     |  345859.3190 |  2675.6246 |  2727.8012 |  2702.0259 |
|          CPI STAT         |      51.4213 |     0.3982 |     0.4055 |     0.4017 |
|     DP [MFLOP/s] STAT     | 5.371892e+06 | 41920.7061 | 41986.6234 | 41967.9071 |
+---------------------------+--------------+------------+------------+------------+

