INFO: You are running LIKWID in a cpuset with 128 CPUs. Taking given IDs as logical ID in cpuset
--------------------------------------------------------------------------------
CPU name:	AMD EPYC 7763 64-Core Processor                
CPU type:	AMD K19 (Zen3) architecture
CPU clock:	2.45 GHz
--------------------------------------------------------------------------------
Allocate: Process running on hwthread 0 (Domain N) - Vector length 4000000/32000000 Offset 0 Alignment 512
Initialization: Each thread in domain initializes its own stream chunks
--------------------------------------------------------------------------------
LIKWID MICRO BENCHMARK
Test: peakflops_avx_fma
--------------------------------------------------------------------------------
Using 1 work groups
Using 64 threads
--------------------------------------------------------------------------------
Using Likwid Marker API
--------------------------------------------------------------------------------
Group: 0 Thread 0 Global Thread 0 running on hwthread 0 - Vector length 62500 Offset 0
Group: 0 Thread 1 Global Thread 1 running on hwthread 1 - Vector length 62500 Offset 62500
Group: 0 Thread 2 Global Thread 2 running on hwthread 2 - Vector length 62500 Offset 125000
Group: 0 Thread 3 Global Thread 3 running on hwthread 3 - Vector length 62500 Offset 187500
Group: 0 Thread 4 Global Thread 4 running on hwthread 4 - Vector length 62500 Offset 250000
Group: 0 Thread 5 Global Thread 5 running on hwthread 5 - Vector length 62500 Offset 312500
Group: 0 Thread 6 Global Thread 6 running on hwthread 6 - Vector length 62500 Offset 375000
Group: 0 Thread 7 Global Thread 7 running on hwthread 7 - Vector length 62500 Offset 437500
Group: 0 Thread 8 Global Thread 8 running on hwthread 8 - Vector length 62500 Offset 500000
Group: 0 Thread 9 Global Thread 9 running on hwthread 9 - Vector length 62500 Offset 562500
Group: 0 Thread 10 Global Thread 10 running on hwthread 10 - Vector length 62500 Offset 625000
Group: 0 Thread 11 Global Thread 11 running on hwthread 11 - Vector length 62500 Offset 687500
Group: 0 Thread 12 Global Thread 12 running on hwthread 12 - Vector length 62500 Offset 750000
Group: 0 Thread 13 Global Thread 13 running on hwthread 13 - Vector length 62500 Offset 812500
Group: 0 Thread 14 Global Thread 14 running on hwthread 14 - Vector length 62500 Offset 875000
Group: 0 Thread 15 Global Thread 15 running on hwthread 15 - Vector length 62500 Offset 937500
Group: 0 Thread 16 Global Thread 16 running on hwthread 16 - Vector length 62500 Offset 1000000
Group: 0 Thread 17 Global Thread 17 running on hwthread 17 - Vector length 62500 Offset 1062500
Group: 0 Thread 18 Global Thread 18 running on hwthread 18 - Vector length 62500 Offset 1125000
Group: 0 Thread 19 Global Thread 19 running on hwthread 19 - Vector length 62500 Offset 1187500
Group: 0 Thread 20 Global Thread 20 running on hwthread 20 - Vector length 62500 Offset 1250000
Group: 0 Thread 21 Global Thread 21 running on hwthread 21 - Vector length 62500 Offset 1312500
Group: 0 Thread 22 Global Thread 22 running on hwthread 22 - Vector length 62500 Offset 1375000
Group: 0 Thread 23 Global Thread 23 running on hwthread 23 - Vector length 62500 Offset 1437500
Group: 0 Thread 24 Global Thread 24 running on hwthread 24 - Vector length 62500 Offset 1500000
Group: 0 Thread 25 Global Thread 25 running on hwthread 25 - Vector length 62500 Offset 1562500
Group: 0 Thread 26 Global Thread 26 running on hwthread 26 - Vector length 62500 Offset 1625000
Group: 0 Thread 27 Global Thread 27 running on hwthread 27 - Vector length 62500 Offset 1687500
Group: 0 Thread 28 Global Thread 28 running on hwthread 28 - Vector length 62500 Offset 1750000
Group: 0 Thread 29 Global Thread 29 running on hwthread 29 - Vector length 62500 Offset 1812500
Group: 0 Thread 30 Global Thread 30 running on hwthread 30 - Vector length 62500 Offset 1875000
Group: 0 Thread 31 Global Thread 31 running on hwthread 31 - Vector length 62500 Offset 1937500
Group: 0 Thread 32 Global Thread 32 running on hwthread 32 - Vector length 62500 Offset 2000000
Group: 0 Thread 33 Global Thread 33 running on hwthread 33 - Vector length 62500 Offset 2062500
Group: 0 Thread 34 Global Thread 34 running on hwthread 34 - Vector length 62500 Offset 2125000
Group: 0 Thread 35 Global Thread 35 running on hwthread 35 - Vector length 62500 Offset 2187500
Group: 0 Thread 36 Global Thread 36 running on hwthread 36 - Vector length 62500 Offset 2250000
Group: 0 Thread 37 Global Thread 37 running on hwthread 37 - Vector length 62500 Offset 2312500
Group: 0 Thread 38 Global Thread 38 running on hwthread 38 - Vector length 62500 Offset 2375000
Group: 0 Thread 39 Global Thread 39 running on hwthread 39 - Vector length 62500 Offset 2437500
Group: 0 Thread 40 Global Thread 40 running on hwthread 40 - Vector length 62500 Offset 2500000
Group: 0 Thread 41 Global Thread 41 running on hwthread 41 - Vector length 62500 Offset 2562500
Group: 0 Thread 42 Global Thread 42 running on hwthread 42 - Vector length 62500 Offset 2625000
Group: 0 Thread 43 Global Thread 43 running on hwthread 43 - Vector length 62500 Offset 2687500
Group: 0 Thread 44 Global Thread 44 running on hwthread 44 - Vector length 62500 Offset 2750000
Group: 0 Thread 45 Global Thread 45 running on hwthread 45 - Vector length 62500 Offset 2812500
Group: 0 Thread 46 Global Thread 46 running on hwthread 46 - Vector length 62500 Offset 2875000
Group: 0 Thread 47 Global Thread 47 running on hwthread 47 - Vector length 62500 Offset 2937500
Group: 0 Thread 48 Global Thread 48 running on hwthread 48 - Vector length 62500 Offset 3000000
Group: 0 Thread 49 Global Thread 49 running on hwthread 49 - Vector length 62500 Offset 3062500
Group: 0 Thread 50 Global Thread 50 running on hwthread 50 - Vector length 62500 Offset 3125000
Group: 0 Thread 51 Global Thread 51 running on hwthread 51 - Vector length 62500 Offset 3187500
Group: 0 Thread 52 Global Thread 52 running on hwthread 52 - Vector length 62500 Offset 3250000
Group: 0 Thread 53 Global Thread 53 running on hwthread 53 - Vector length 62500 Offset 3312500
Group: 0 Thread 54 Global Thread 54 running on hwthread 54 - Vector length 62500 Offset 3375000
Group: 0 Thread 55 Global Thread 55 running on hwthread 55 - Vector length 62500 Offset 3437500
Group: 0 Thread 56 Global Thread 56 running on hwthread 56 - Vector length 62500 Offset 3500000
Group: 0 Thread 57 Global Thread 57 running on hwthread 57 - Vector length 62500 Offset 3562500
Group: 0 Thread 58 Global Thread 58 running on hwthread 58 - Vector length 62500 Offset 3625000
Group: 0 Thread 59 Global Thread 59 running on hwthread 59 - Vector length 62500 Offset 3687500
Group: 0 Thread 60 Global Thread 60 running on hwthread 60 - Vector length 62500 Offset 3750000
Group: 0 Thread 61 Global Thread 61 running on hwthread 61 - Vector length 62500 Offset 3812500
Group: 0 Thread 62 Global Thread 62 running on hwthread 62 - Vector length 62500 Offset 3875000
Group: 0 Thread 63 Global Thread 63 running on hwthread 63 - Vector length 62500 Offset 3937500
--------------------------------------------------------------------------------
Cycles:			546464096
CPU Clock:		2445388732
Cycle Clock:		2445388732
Time:			2.234672e-01 sec
Iterations:		320000
Iterations per thread:	5000
Inner loop executions:	15625
Size (Byte):		32000000
Size per thread:	500000
Number of Flops:	600000000000
MFlops/s:		2684958.17
Data volume (Byte):	160000000000
MByte/s:		715988.85
Cycles per update:	0.027323
Cycles per cacheline:	0.218586
Loads per update:	1
Stores per update:	0
Load bytes per element:	8
Store bytes per elem.:	0
Instructions:		95000000032
UOPs:			90000000000
--------------------------------------------------------------------------------
Writing Likwid Marker API results to file /tmp/likwid_1611708.txt
--------------------------------------------------------------------------------
Region bench, Group 1: FLOPS_DP
+-------------------+------------+------------+------------+------------+------------+------------+------------+------------+------------+------------+-------------+-------------+-------------+-------------+-------------+-------------+-------------+-------------+-------------+-------------+-------------+-------------+-------------+-------------+-------------+-------------+-------------+-------------+-------------+-------------+-------------+-------------+-------------+-------------+-------------+-------------+-------------+-------------+-------------+-------------+-------------+-------------+-------------+-------------+-------------+-------------+-------------+-------------+-------------+-------------+-------------+-------------+-------------+-------------+-------------+-------------+-------------+-------------+-------------+-------------+-------------+-------------+-------------+-------------+
|    Region Info    | HWThread 0 | HWThread 1 | HWThread 2 | HWThread 3 | HWThread 4 | HWThread 5 | HWThread 6 | HWThread 7 | HWThread 8 | HWThread 9 | HWThread 10 | HWThread 11 | HWThread 12 | HWThread 13 | HWThread 14 | HWThread 15 | HWThread 16 | HWThread 17 | HWThread 18 | HWThread 19 | HWThread 20 | HWThread 21 | HWThread 22 | HWThread 23 | HWThread 24 | HWThread 25 | HWThread 26 | HWThread 27 | HWThread 28 | HWThread 29 | HWThread 30 | HWThread 31 | HWThread 32 | HWThread 33 | HWThread 34 | HWThread 35 | HWThread 36 | HWThread 37 | HWThread 38 | HWThread 39 | HWThread 40 | HWThread 41 | HWThread 42 | HWThread 43 | HWThread 44 | HWThread 45 | HWThread 46 | HWThread 47 | HWThread 48 | HWThread 49 | HWThread 50 | HWThread 51 | HWThread 52 | HWThread 53 | HWThread 54 | HWThread 55 | HWThread 56 | HWThread 57 | HWThread 58 | HWThread 59 | HWThread 60 | HWThread 61 | HWThread 62 | HWThread 63 |
+-------------------+------------+------------+------------+------------+------------+------------+------------+------------+------------+------------+-------------+-------------+-------------+-------------+-------------+-------------+-------------+-------------+-------------+-------------+-------------+-------------+-------------+-------------+-------------+-------------+-------------+-------------+-------------+-------------+-------------+-------------+-------------+-------------+-------------+-------------+-------------+-------------+-------------+-------------+-------------+-------------+-------------+-------------+-------------+-------------+-------------+-------------+-------------+-------------+-------------+-------------+-------------+-------------+-------------+-------------+-------------+-------------+-------------+-------------+-------------+-------------+-------------+-------------+
| RDTSC Runtime [s] |   0.223299 |   0.223308 |   0.223304 |   0.223280 |   0.223284 |   0.223285 |   0.223299 |   0.223308 |   0.223391 |   0.223389 |    0.223391 |    0.223366 |    0.223372 |    0.223348 |    0.223379 |    0.223354 |    0.223287 |    0.223379 |    0.223285 |    0.223355 |    0.223362 |    0.223296 |    0.223352 |    0.223284 |    0.223281 |    0.223280 |    0.223291 |    0.223291 |    0.223313 |    0.223292 |    0.223349 |    0.223382 |    0.223289 |    0.223290 |    0.223291 |    0.223289 |    0.223290 |    0.223291 |    0.223277 |    0.223291 |    0.223306 |    0.223362 |    0.223360 |    0.223300 |    0.223289 |    0.223321 |    0.223300 |    0.223299 |    0.223294 |    0.223470 |    0.223302 |    0.223282 |    0.223392 |    0.223361 |    0.223298 |    0.223362 |    0.223358 |    0.223289 |    0.223291 |    0.223364 |    0.223362 |    0.223388 |    0.223284 |    0.223291 |
|     call count    |          1 |          1 |          1 |          1 |          1 |          1 |          1 |          1 |          1 |          1 |           1 |           1 |           1 |           1 |           1 |           1 |           1 |           1 |           1 |           1 |           1 |           1 |           1 |           1 |           1 |           1 |           1 |           1 |           1 |           1 |           1 |           1 |           1 |           1 |           1 |           1 |           1 |           1 |           1 |           1 |           1 |           1 |           1 |           1 |           1 |           1 |           1 |           1 |           1 |           1 |           1 |           1 |           1 |           1 |           1 |           1 |           1 |           1 |           1 |           1 |           1 |           1 |           1 |           1 |
+-------------------+------------+------------+------------+------------+------------+------------+------------+------------+------------+------------+-------------+-------------+-------------+-------------+-------------+-------------+-------------+-------------+-------------+-------------+-------------+-------------+-------------+-------------+-------------+-------------+-------------+-------------+-------------+-------------+-------------+-------------+-------------+-------------+-------------+-------------+-------------+-------------+-------------+-------------+-------------+-------------+-------------+-------------+-------------+-------------+-------------+-------------+-------------+-------------+-------------+-------------+-------------+-------------+-------------+-------------+-------------+-------------+-------------+-------------+-------------+-------------+-------------+-------------+

+---------------------------+---------+------------+------------+------------+------------+------------+------------+------------+------------+------------+------------+-------------+-------------+-------------+-------------+-------------+-------------+-------------+-------------+-------------+-------------+-------------+-------------+-------------+-------------+-------------+-------------+-------------+-------------+-------------+-------------+-------------+-------------+-------------+-------------+-------------+-------------+-------------+-------------+-------------+-------------+-------------+-------------+-------------+-------------+-------------+-------------+-------------+-------------+-------------+-------------+-------------+-------------+-------------+-------------+-------------+-------------+-------------+-------------+-------------+-------------+-------------+-------------+-------------+-------------+
|           Event           | Counter | HWThread 0 | HWThread 1 | HWThread 2 | HWThread 3 | HWThread 4 | HWThread 5 | HWThread 6 | HWThread 7 | HWThread 8 | HWThread 9 | HWThread 10 | HWThread 11 | HWThread 12 | HWThread 13 | HWThread 14 | HWThread 15 | HWThread 16 | HWThread 17 | HWThread 18 | HWThread 19 | HWThread 20 | HWThread 21 | HWThread 22 | HWThread 23 | HWThread 24 | HWThread 25 | HWThread 26 | HWThread 27 | HWThread 28 | HWThread 29 | HWThread 30 | HWThread 31 | HWThread 32 | HWThread 33 | HWThread 34 | HWThread 35 | HWThread 36 | HWThread 37 | HWThread 38 | HWThread 39 | HWThread 40 | HWThread 41 | HWThread 42 | HWThread 43 | HWThread 44 | HWThread 45 | HWThread 46 | HWThread 47 | HWThread 48 | HWThread 49 | HWThread 50 | HWThread 51 | HWThread 52 | HWThread 53 | HWThread 54 | HWThread 55 | HWThread 56 | HWThread 57 | HWThread 58 | HWThread 59 | HWThread 60 | HWThread 61 | HWThread 62 | HWThread 63 |
+---------------------------+---------+------------+------------+------------+------------+------------+------------+------------+------------+------------+------------+-------------+-------------+-------------+-------------+-------------+-------------+-------------+-------------+-------------+-------------+-------------+-------------+-------------+-------------+-------------+-------------+-------------+-------------+-------------+-------------+-------------+-------------+-------------+-------------+-------------+-------------+-------------+-------------+-------------+-------------+-------------+-------------+-------------+-------------+-------------+-------------+-------------+-------------+-------------+-------------+-------------+-------------+-------------+-------------+-------------+-------------+-------------+-------------+-------------+-------------+-------------+-------------+-------------+-------------+
|      ACTUAL_CPU_CLOCK     |  FIXC1  |  598389300 |  598407600 |  598216700 |  598248400 |  598319500 |  598415700 |  598375400 |  598179600 |  598677800 |  598550000 |   598561900 |   598523400 |   598589300 |   598589200 |   598562200 |   598514800 |   598213900 |   598625700 |   598369900 |   598593100 |   598553800 |   598019000 |   598677800 |   598436200 |   598218600 |   598418700 |   598299400 |   598423600 |   598405200 |   598365700 |   598391500 |   598562100 |   598054400 |   598290000 |   598398200 |   598100700 |   598219100 |   598057600 |   598206900 |   598090900 |   598234000 |   598532500 |   598628300 |   598420900 |   598233100 |   598347000 |   598309400 |   598195900 |   598287000 |   598606100 |   598371700 |   598367200 |   598598200 |   598482100 |   598420300 |   598382200 |   598432200 |   598293200 |   598427600 |   598680600 |   598603500 |   598598400 |   598441800 |   598358500 |
|       MAX_CPU_CLOCK       |  FIXC2  |  547646100 |  547691900 |  547469200 |  547502300 |  547448400 |  547677700 |  547645000 |  547466200 |  547956400 |  547823000 |   547885300 |   547806900 |   547808200 |   547925500 |   547914200 |   547885100 |   547458100 |   547858900 |   547701900 |   547921900 |   547890200 |   547473600 |   547943600 |   547641300 |   547472800 |   547702300 |   547486900 |   547690800 |   547674800 |   547614700 |   547626600 |   547827700 |   547416100 |   547467400 |   547593400 |   547506900 |   547429700 |   547457400 |   547555100 |   547460600 |   547653300 |   547724600 |   547930500 |   547655300 |   547467100 |   547467500 |   547492300 |   547557200 |   547504500 |   547762900 |   547513300 |   547511700 |   547754900 |   547667200 |   547511000 |   547645600 |   547645700 |   547410300 |   547646900 |   547954900 |   547931800 |   547940100 |   547617500 |   547687200 |
|    RETIRED_INSTRUCTIONS   |   PMC0  | 1484692000 | 1484926000 | 1485063000 | 1484910000 | 1484692000 | 1484704000 | 1485076000 | 1484816000 | 1485102000 | 1484994000 |  1485083000 |  1485087000 |  1485006000 |  1485283000 |  1484935000 |  1485098000 |  1484832000 |  1485175000 |  1484876000 |  1484878000 |  1485142000 |  1484668000 |  1485148000 |  1484757000 |  1484782000 |  1484623000 |  1484803000 |  1484740000 |  1484668000 |  1484849000 |  1485022000 |  1485054000 |  1484646000 |  1484831000 |  1484798000 |  1484751000 |  1484831000 |  1484708000 |  1484928000 |  1484664000 |  1484980000 |  1484893000 |  1485151000 |  1484975000 |  1484611000 |  1484845000 |  1484838000 |  1484906000 |  1484857000 |  1485214000 |  1484879000 |  1484689000 |  1485128000 |  1485135000 |  1484933000 |  1484954000 |  1485177000 |  1485102000 |  1484945000 |  1485134000 |  1485150000 |  1485308000 |  1484959000 |  1485108000 |
|    CPU_CLOCKS_UNHALTED    |   PMC1  |  590755600 |  591299100 |  591310000 |  591178100 |  591214300 |  591245900 |  591180100 |  591190800 |  591283400 |  591424100 |   591400100 |   591220400 |   591383200 |   591433100 |   591525600 |   591298500 |   590932400 |   591112900 |   591122300 |   591347000 |   591469400 |   591189300 |   591495600 |   591384300 |   590860400 |   590999700 |   591354800 |   591193600 |   591234700 |   591268000 |   591637500 |   591560600 |   591395800 |   591225300 |   591394800 |   591427200 |   591413900 |   591344000 |   591506300 |   591394300 |   590856000 |   590985300 |   591121700 |   590985800 |   591017700 |   591023300 |   590938900 |   591402600 |   591082900 |   591438500 |   590937900 |   590923900 |   591408300 |   591092300 |   590974400 |   591127600 |   591670900 |   591321900 |   591403600 |   591651100 |   591925300 |   592045000 |   591654300 |   591708700 |
| RETIRED_SSE_AVX_FLOPS_ALL |   PMC2  | 9375000000 | 9375000000 | 9375000000 | 9375000000 | 9375000000 | 9375000000 | 9375000000 | 9375000000 | 9375000000 | 9375000000 |  9375000000 |  9375000000 |  9375000000 |  9375000000 |  9375000000 |  9375000000 |  9375000000 |  9375000000 |  9375000000 |  9375000000 |  9375000000 |  9375000000 |  9375000000 |  9375000000 |  9375000000 |  9375000000 |  9375000000 |  9375000000 |  9375000000 |  9375000000 |  9375000000 |  9375000000 |  9375000000 |  9375000000 |  9375000000 |  9375000000 |  9375000000 |  9375000000 |  9375000000 |  9375000000 |  9375000000 |  9375000000 |  9375000000 |  9375000000 |  9375000000 |  9375000000 |  9375000000 |  9375000000 |  9375000000 |  9375000000 |  9375000000 |  9375000000 |  9375000000 |  9375000000 |  9375000000 |  9375000000 |  9375000000 |  9375000000 |  9375000000 |  9375000000 |  9375000000 |  9375000000 |  9375000000 |  9375000000 |
|           MERGE           |   PMC3  |          0 |          0 |          0 |          0 |          0 |          0 |          0 |          0 |          0 |          0 |           0 |           0 |           0 |           0 |           0 |           0 |           0 |           0 |           0 |           0 |           0 |           0 |           0 |           0 |           0 |           0 |           0 |           0 |           0 |           0 |           0 |           0 |           0 |           0 |           0 |           0 |           0 |           0 |           0 |           0 |           0 |           0 |           0 |           0 |           0 |           0 |           0 |           0 |           0 |           0 |           0 |           0 |           0 |           0 |           0 |           0 |           0 |           0 |           0 |           0 |           0 |           0 |           0 |           0 |
+---------------------------+---------+------------+------------+------------+------------+------------+------------+------------+------------+------------+------------+-------------+-------------+-------------+-------------+-------------+-------------+-------------+-------------+-------------+-------------+-------------+-------------+-------------+-------------+-------------+-------------+-------------+-------------+-------------+-------------+-------------+-------------+-------------+-------------+-------------+-------------+-------------+-------------+-------------+-------------+-------------+-------------+-------------+-------------+-------------+-------------+-------------+-------------+-------------+-------------+-------------+-------------+-------------+-------------+-------------+-------------+-------------+-------------+-------------+-------------+-------------+-------------+-------------+-------------+

+--------------------------------+---------+--------------+------------+------------+--------------+
|              Event             | Counter |      Sum     |     Min    |     Max    |      Avg     |
+--------------------------------+---------+--------------+------------+------------+--------------+
|      ACTUAL_CPU_CLOCK STAT     |  FIXC1  |  38297364500 |  598019000 |  598680600 | 5.983963e+08 |
|       MAX_CPU_CLOCK STAT       |  FIXC2  |  35050077400 |  547410300 |  547956400 | 5.476575e+08 |
|    RETIRED_INSTRUCTIONS STAT   |   PMC0  |  95035512000 | 1484611000 | 1485308000 |   1484929875 |
|    CPU_CLOCKS_UNHALTED STAT    |   PMC1  |  37842304300 |  590755600 |  592045000 | 5.912860e+08 |
| RETIRED_SSE_AVX_FLOPS_ALL STAT |   PMC2  | 600000000000 | 9375000000 | 9375000000 |   9375000000 |
|           MERGE STAT           |   PMC3  |            0 |          0 |          0 |            0 |
+--------------------------------+---------+--------------+------------+------------+--------------+

+----------------------+------------+------------+------------+------------+------------+------------+------------+------------+------------+------------+-------------+-------------+-------------+-------------+-------------+-------------+-------------+-------------+-------------+-------------+-------------+-------------+-------------+-------------+-------------+-------------+-------------+-------------+-------------+-------------+-------------+-------------+-------------+-------------+-------------+-------------+-------------+-------------+-------------+-------------+-------------+-------------+-------------+-------------+-------------+-------------+-------------+-------------+-------------+-------------+-------------+-------------+-------------+-------------+-------------+-------------+-------------+-------------+-------------+-------------+-------------+-------------+-------------+-------------+
|        Metric        | HWThread 0 | HWThread 1 | HWThread 2 | HWThread 3 | HWThread 4 | HWThread 5 | HWThread 6 | HWThread 7 | HWThread 8 | HWThread 9 | HWThread 10 | HWThread 11 | HWThread 12 | HWThread 13 | HWThread 14 | HWThread 15 | HWThread 16 | HWThread 17 | HWThread 18 | HWThread 19 | HWThread 20 | HWThread 21 | HWThread 22 | HWThread 23 | HWThread 24 | HWThread 25 | HWThread 26 | HWThread 27 | HWThread 28 | HWThread 29 | HWThread 30 | HWThread 31 | HWThread 32 | HWThread 33 | HWThread 34 | HWThread 35 | HWThread 36 | HWThread 37 | HWThread 38 | HWThread 39 | HWThread 40 | HWThread 41 | HWThread 42 | HWThread 43 | HWThread 44 | HWThread 45 | HWThread 46 | HWThread 47 | HWThread 48 | HWThread 49 | HWThread 50 | HWThread 51 | HWThread 52 | HWThread 53 | HWThread 54 | HWThread 55 | HWThread 56 | HWThread 57 | HWThread 58 | HWThread 59 | HWThread 60 | HWThread 61 | HWThread 62 | HWThread 63 |
+----------------------+------------+------------+------------+------------+------------+------------+------------+------------+------------+------------+-------------+-------------+-------------+-------------+-------------+-------------+-------------+-------------+-------------+-------------+-------------+-------------+-------------+-------------+-------------+-------------+-------------+-------------+-------------+-------------+-------------+-------------+-------------+-------------+-------------+-------------+-------------+-------------+-------------+-------------+-------------+-------------+-------------+-------------+-------------+-------------+-------------+-------------+-------------+-------------+-------------+-------------+-------------+-------------+-------------+-------------+-------------+-------------+-------------+-------------+-------------+-------------+-------------+-------------+
|  Runtime (RDTSC) [s] |     0.2233 |     0.2233 |     0.2233 |     0.2233 |     0.2233 |     0.2233 |     0.2233 |     0.2233 |     0.2234 |     0.2234 |      0.2234 |      0.2234 |      0.2234 |      0.2233 |      0.2234 |      0.2234 |      0.2233 |      0.2234 |      0.2233 |      0.2234 |      0.2234 |      0.2233 |      0.2234 |      0.2233 |      0.2233 |      0.2233 |      0.2233 |      0.2233 |      0.2233 |      0.2233 |      0.2233 |      0.2234 |      0.2233 |      0.2233 |      0.2233 |      0.2233 |      0.2233 |      0.2233 |      0.2233 |      0.2233 |      0.2233 |      0.2234 |      0.2234 |      0.2233 |      0.2233 |      0.2233 |      0.2233 |      0.2233 |      0.2233 |      0.2235 |      0.2233 |      0.2233 |      0.2234 |      0.2234 |      0.2233 |      0.2234 |      0.2234 |      0.2233 |      0.2233 |      0.2234 |      0.2234 |      0.2234 |      0.2233 |      0.2233 |
| Runtime unhalted [s] |     0.2447 |     0.2447 |     0.2446 |     0.2446 |     0.2447 |     0.2447 |     0.2447 |     0.2446 |     0.2448 |     0.2448 |      0.2448 |      0.2448 |      0.2448 |      0.2448 |      0.2448 |      0.2448 |      0.2446 |      0.2448 |      0.2447 |      0.2448 |      0.2448 |      0.2445 |      0.2448 |      0.2447 |      0.2446 |      0.2447 |      0.2447 |      0.2447 |      0.2447 |      0.2447 |      0.2447 |      0.2448 |      0.2446 |      0.2447 |      0.2447 |      0.2446 |      0.2446 |      0.2446 |      0.2446 |      0.2446 |      0.2446 |      0.2448 |      0.2448 |      0.2447 |      0.2446 |      0.2447 |      0.2447 |      0.2446 |      0.2447 |      0.2448 |      0.2447 |      0.2447 |      0.2448 |      0.2447 |      0.2447 |      0.2447 |      0.2447 |      0.2447 |      0.2447 |      0.2448 |      0.2448 |      0.2448 |      0.2447 |      0.2447 |
|      Clock [MHz]     |  2671.9681 |  2671.8264 |  2672.0606 |  2672.0406 |  2672.6213 |  2671.9318 |  2671.9114 |  2671.9095 |  2671.7425 |  2671.8227 |   2671.5720 |   2671.7824 |   2672.0703 |   2671.4978 |   2671.4324 |   2671.3627 |   2672.1022 |   2671.9855 |   2671.6093 |   2671.5327 |   2671.5119 |   2671.1560 |   2671.8050 |   2672.2010 |   2672.0515 |   2671.8252 |   2672.3436 |   2671.9032 |   2671.8991 |   2672.0160 |   2672.0731 |   2671.8537 |   2671.5947 |   2672.3968 |   2672.2650 |   2671.3585 |   2672.2641 |   2671.4075 |   2671.5976 |   2671.5406 |   2671.2396 |   2672.2245 |   2671.6479 |   2672.0644 |   2672.1441 |   2672.6509 |   2672.3619 |   2671.5382 |   2672.2023 |   2672.3663 |   2672.5376 |   2672.5253 |   2672.3700 |   2672.2796 |   2672.7659 |   2671.9389 |   2672.1616 |   2672.6898 |   2672.1353 |   2671.7623 |   2671.5309 |   2671.4677 |   2672.3421 |   2671.6301 |
|          CPI         |     0.3979 |     0.3982 |     0.3982 |     0.3981 |     0.3982 |     0.3982 |     0.3981 |     0.3982 |     0.3981 |     0.3983 |      0.3982 |      0.3981 |      0.3982 |      0.3982 |      0.3984 |      0.3982 |      0.3980 |      0.3980 |      0.3981 |      0.3982 |      0.3983 |      0.3982 |      0.3983 |      0.3983 |      0.3979 |      0.3981 |      0.3983 |      0.3982 |      0.3982 |      0.3982 |      0.3984 |      0.3983 |      0.3983 |      0.3982 |      0.3983 |      0.3983 |      0.3983 |      0.3983 |      0.3983 |      0.3983 |      0.3979 |      0.3980 |      0.3980 |      0.3980 |      0.3981 |      0.3980 |      0.3980 |      0.3983 |      0.3981 |      0.3982 |      0.3980 |      0.3980 |      0.3982 |      0.3980 |      0.3980 |      0.3981 |      0.3984 |      0.3982 |      0.3983 |      0.3984 |      0.3986 |      0.3986 |      0.3984 |      0.3984 |
|     DP [MFLOP/s]     | 41984.1226 | 41982.3365 | 41983.0509 | 41987.6764 | 41986.9619 | 41986.7738 | 41983.9910 | 41982.3365 | 41966.7570 | 41967.2266 |  41966.7570 |  41971.3977 |  41970.3830 |  41974.9306 |  41969.0490 |  41973.7090 |  41986.3978 |  41969.1242 |  41986.7174 |  41973.5775 |  41972.1305 |  41984.7055 |  41974.1788 |  41986.8490 |  41987.5072 |  41987.7141 |  41985.4952 |  41985.6268 |  41981.3589 |  41985.3824 |  41974.7050 |  41968.4854 |  41985.9089 |  41985.6832 |  41985.5328 |  41985.8713 |  41985.8524 |  41985.5140 |  41988.2218 |  41985.6268 |  41982.7313 |  41972.1681 |  41972.6379 |  41983.9158 |  41985.9653 |  41979.9866 |  41983.9722 |  41984.1414 |  41984.9687 |  41951.9962 |  41983.4458 |  41987.3004 |  41966.6442 |  41972.4124 |  41984.2542 |  41972.1493 |  41972.9385 |  41985.9089 |  41985.6644 |  41971.8111 |  41972.1681 |  41967.4145 |  41986.8679 |  41985.6268 |
+----------------------+------------+------------+------------+------------+------------+------------+------------+------------+------------+------------+-------------+-------------+-------------+-------------+-------------+-------------+-------------+-------------+-------------+-------------+-------------+-------------+-------------+-------------+-------------+-------------+-------------+-------------+-------------+-------------+-------------+-------------+-------------+-------------+-------------+-------------+-------------+-------------+-------------+-------------+-------------+-------------+-------------+-------------+-------------+-------------+-------------+-------------+-------------+-------------+-------------+-------------+-------------+-------------+-------------+-------------+-------------+-------------+-------------+-------------+-------------+-------------+-------------+-------------+

+---------------------------+--------------+------------+------------+------------+
|           Metric          |      Sum     |     Min    |     Max    |     Avg    |
+---------------------------+--------------+------------+------------+------------+
|  Runtime (RDTSC) [s] STAT |      14.2935 |     0.2233 |     0.2235 |     0.2233 |
| Runtime unhalted [s] STAT |      15.6612 |     0.2445 |     0.2448 |     0.2447 |
|      Clock [MHz] STAT     |  171004.4235 |  2671.1560 |  2672.7659 |  2671.9441 |
|          CPI STAT         |      25.4843 |     0.3979 |     0.3986 |     0.3982 |
|     DP [MFLOP/s] STAT     | 2.686693e+06 | 41951.9962 | 41988.2218 | 41979.5737 |
+---------------------------+--------------+------------+------------+------------+

