INFO: You are running LIKWID in a cpuset with 128 CPUs. Taking given IDs as logical ID in cpuset
--------------------------------------------------------------------------------
CPU name:	AMD EPYC 7763 64-Core Processor                
CPU type:	AMD K19 (Zen3) architecture
CPU clock:	2.45 GHz
--------------------------------------------------------------------------------
Allocate: Process running on hwthread 0 (Domain N) - Vector length 8000000/32000000 Offset 0 Alignment 1024
Initialization: Each thread in domain initializes its own stream chunks
--------------------------------------------------------------------------------
LIKWID MICRO BENCHMARK
Test: peakflops_sp_avx_fma
--------------------------------------------------------------------------------
Using 1 work groups
Using 64 threads
--------------------------------------------------------------------------------
Using Likwid Marker API
--------------------------------------------------------------------------------
Group: 0 Thread 0 Global Thread 0 running on hwthread 0 - Vector length 125000 Offset 0
Group: 0 Thread 1 Global Thread 1 running on hwthread 1 - Vector length 125000 Offset 125000
Group: 0 Thread 2 Global Thread 2 running on hwthread 2 - Vector length 125000 Offset 250000
Group: 0 Thread 3 Global Thread 3 running on hwthread 3 - Vector length 125000 Offset 375000
Group: 0 Thread 4 Global Thread 4 running on hwthread 4 - Vector length 125000 Offset 500000
Group: 0 Thread 5 Global Thread 5 running on hwthread 5 - Vector length 125000 Offset 625000
Group: 0 Thread 6 Global Thread 6 running on hwthread 6 - Vector length 125000 Offset 750000
Group: 0 Thread 7 Global Thread 7 running on hwthread 7 - Vector length 125000 Offset 875000
Group: 0 Thread 8 Global Thread 8 running on hwthread 8 - Vector length 125000 Offset 1000000
Group: 0 Thread 9 Global Thread 9 running on hwthread 9 - Vector length 125000 Offset 1125000
Group: 0 Thread 10 Global Thread 10 running on hwthread 10 - Vector length 125000 Offset 1250000
Group: 0 Thread 11 Global Thread 11 running on hwthread 11 - Vector length 125000 Offset 1375000
Group: 0 Thread 12 Global Thread 12 running on hwthread 12 - Vector length 125000 Offset 1500000
Group: 0 Thread 13 Global Thread 13 running on hwthread 13 - Vector length 125000 Offset 1625000
Group: 0 Thread 14 Global Thread 14 running on hwthread 14 - Vector length 125000 Offset 1750000
Group: 0 Thread 15 Global Thread 15 running on hwthread 15 - Vector length 125000 Offset 1875000
Group: 0 Thread 16 Global Thread 16 running on hwthread 16 - Vector length 125000 Offset 2000000
Group: 0 Thread 17 Global Thread 17 running on hwthread 17 - Vector length 125000 Offset 2125000
Group: 0 Thread 18 Global Thread 18 running on hwthread 18 - Vector length 125000 Offset 2250000
Group: 0 Thread 19 Global Thread 19 running on hwthread 19 - Vector length 125000 Offset 2375000
Group: 0 Thread 20 Global Thread 20 running on hwthread 20 - Vector length 125000 Offset 2500000
Group: 0 Thread 21 Global Thread 21 running on hwthread 21 - Vector length 125000 Offset 2625000
Group: 0 Thread 22 Global Thread 22 running on hwthread 22 - Vector length 125000 Offset 2750000
Group: 0 Thread 23 Global Thread 23 running on hwthread 23 - Vector length 125000 Offset 2875000
Group: 0 Thread 24 Global Thread 24 running on hwthread 24 - Vector length 125000 Offset 3000000
Group: 0 Thread 25 Global Thread 25 running on hwthread 25 - Vector length 125000 Offset 3125000
Group: 0 Thread 26 Global Thread 26 running on hwthread 26 - Vector length 125000 Offset 3250000
Group: 0 Thread 27 Global Thread 27 running on hwthread 27 - Vector length 125000 Offset 3375000
Group: 0 Thread 28 Global Thread 28 running on hwthread 28 - Vector length 125000 Offset 3500000
Group: 0 Thread 29 Global Thread 29 running on hwthread 29 - Vector length 125000 Offset 3625000
Group: 0 Thread 30 Global Thread 30 running on hwthread 30 - Vector length 125000 Offset 3750000
Group: 0 Thread 31 Global Thread 31 running on hwthread 31 - Vector length 125000 Offset 3875000
Group: 0 Thread 32 Global Thread 32 running on hwthread 32 - Vector length 125000 Offset 4000000
Group: 0 Thread 33 Global Thread 33 running on hwthread 33 - Vector length 125000 Offset 4125000
Group: 0 Thread 34 Global Thread 34 running on hwthread 34 - Vector length 125000 Offset 4250000
Group: 0 Thread 35 Global Thread 35 running on hwthread 35 - Vector length 125000 Offset 4375000
Group: 0 Thread 36 Global Thread 36 running on hwthread 36 - Vector length 125000 Offset 4500000
Group: 0 Thread 37 Global Thread 37 running on hwthread 37 - Vector length 125000 Offset 4625000
Group: 0 Thread 38 Global Thread 38 running on hwthread 38 - Vector length 125000 Offset 4750000
Group: 0 Thread 39 Global Thread 39 running on hwthread 39 - Vector length 125000 Offset 4875000
Group: 0 Thread 40 Global Thread 40 running on hwthread 40 - Vector length 125000 Offset 5000000
Group: 0 Thread 41 Global Thread 41 running on hwthread 41 - Vector length 125000 Offset 5125000
Group: 0 Thread 42 Global Thread 42 running on hwthread 42 - Vector length 125000 Offset 5250000
Group: 0 Thread 43 Global Thread 43 running on hwthread 43 - Vector length 125000 Offset 5375000
Group: 0 Thread 44 Global Thread 44 running on hwthread 44 - Vector length 125000 Offset 5500000
Group: 0 Thread 45 Global Thread 45 running on hwthread 45 - Vector length 125000 Offset 5625000
Group: 0 Thread 46 Global Thread 46 running on hwthread 46 - Vector length 125000 Offset 5750000
Group: 0 Thread 47 Global Thread 47 running on hwthread 47 - Vector length 125000 Offset 5875000
Group: 0 Thread 48 Global Thread 48 running on hwthread 48 - Vector length 125000 Offset 6000000
Group: 0 Thread 49 Global Thread 49 running on hwthread 49 - Vector length 125000 Offset 6125000
Group: 0 Thread 50 Global Thread 50 running on hwthread 50 - Vector length 125000 Offset 6250000
Group: 0 Thread 51 Global Thread 51 running on hwthread 51 - Vector length 125000 Offset 6375000
Group: 0 Thread 52 Global Thread 52 running on hwthread 52 - Vector length 125000 Offset 6500000
Group: 0 Thread 53 Global Thread 53 running on hwthread 53 - Vector length 125000 Offset 6625000
Group: 0 Thread 54 Global Thread 54 running on hwthread 54 - Vector length 125000 Offset 6750000
Group: 0 Thread 55 Global Thread 55 running on hwthread 55 - Vector length 125000 Offset 6875000
Group: 0 Thread 56 Global Thread 56 running on hwthread 56 - Vector length 125000 Offset 7000000
Group: 0 Thread 57 Global Thread 57 running on hwthread 57 - Vector length 125000 Offset 7125000
Group: 0 Thread 58 Global Thread 58 running on hwthread 58 - Vector length 125000 Offset 7250000
Group: 0 Thread 59 Global Thread 59 running on hwthread 59 - Vector length 125000 Offset 7375000
Group: 0 Thread 60 Global Thread 60 running on hwthread 60 - Vector length 125000 Offset 7500000
Group: 0 Thread 61 Global Thread 61 running on hwthread 61 - Vector length 125000 Offset 7625000
Group: 0 Thread 62 Global Thread 62 running on hwthread 62 - Vector length 125000 Offset 7750000
Group: 0 Thread 63 Global Thread 63 running on hwthread 63 - Vector length 125000 Offset 7875000
--------------------------------------------------------------------------------
Cycles:			547571595
CPU Clock:		2445392464
Cycle Clock:		2445392464
Time:			2.239197e-01 sec
Iterations:		320000
Iterations per thread:	5000
Inner loop executions:	15625
Size (Byte):		32000000
Size per thread:	500000
Number of Flops:	1200000000000
MFlops/s:		5359063.52
Data volume (Byte):	160000000000
MByte/s:		714541.80
Cycles per update:	0.013689
Cycles per cacheline:	0.219029
Loads per update:	1
Stores per update:	0
Load bytes per element:	4
Store bytes per elem.:	0
Instructions:		95000000032
UOPs:			90000000000
--------------------------------------------------------------------------------
Writing Likwid Marker API results to file /tmp/likwid_1614202.txt
--------------------------------------------------------------------------------
Region bench, Group 1: FLOPS_SP
+-------------------+------------+------------+------------+------------+------------+------------+------------+------------+------------+------------+-------------+-------------+-------------+-------------+-------------+-------------+-------------+-------------+-------------+-------------+-------------+-------------+-------------+-------------+-------------+-------------+-------------+-------------+-------------+-------------+-------------+-------------+-------------+-------------+-------------+-------------+-------------+-------------+-------------+-------------+-------------+-------------+-------------+-------------+-------------+-------------+-------------+-------------+-------------+-------------+-------------+-------------+-------------+-------------+-------------+-------------+-------------+-------------+-------------+-------------+-------------+-------------+-------------+-------------+
|    Region Info    | HWThread 0 | HWThread 1 | HWThread 2 | HWThread 3 | HWThread 4 | HWThread 5 | HWThread 6 | HWThread 7 | HWThread 8 | HWThread 9 | HWThread 10 | HWThread 11 | HWThread 12 | HWThread 13 | HWThread 14 | HWThread 15 | HWThread 16 | HWThread 17 | HWThread 18 | HWThread 19 | HWThread 20 | HWThread 21 | HWThread 22 | HWThread 23 | HWThread 24 | HWThread 25 | HWThread 26 | HWThread 27 | HWThread 28 | HWThread 29 | HWThread 30 | HWThread 31 | HWThread 32 | HWThread 33 | HWThread 34 | HWThread 35 | HWThread 36 | HWThread 37 | HWThread 38 | HWThread 39 | HWThread 40 | HWThread 41 | HWThread 42 | HWThread 43 | HWThread 44 | HWThread 45 | HWThread 46 | HWThread 47 | HWThread 48 | HWThread 49 | HWThread 50 | HWThread 51 | HWThread 52 | HWThread 53 | HWThread 54 | HWThread 55 | HWThread 56 | HWThread 57 | HWThread 58 | HWThread 59 | HWThread 60 | HWThread 61 | HWThread 62 | HWThread 63 |
+-------------------+------------+------------+------------+------------+------------+------------+------------+------------+------------+------------+-------------+-------------+-------------+-------------+-------------+-------------+-------------+-------------+-------------+-------------+-------------+-------------+-------------+-------------+-------------+-------------+-------------+-------------+-------------+-------------+-------------+-------------+-------------+-------------+-------------+-------------+-------------+-------------+-------------+-------------+-------------+-------------+-------------+-------------+-------------+-------------+-------------+-------------+-------------+-------------+-------------+-------------+-------------+-------------+-------------+-------------+-------------+-------------+-------------+-------------+-------------+-------------+-------------+-------------+
| RDTSC Runtime [s] |   0.223819 |   0.223810 |   0.223760 |   0.223760 |   0.223812 |   0.223833 |   0.223787 |   0.223807 |   0.223762 |   0.223781 |    0.223803 |    0.223766 |    0.223801 |    0.223801 |    0.223767 |    0.223756 |    0.223763 |    0.223816 |    0.223761 |    0.223818 |    0.223840 |    0.223761 |    0.223865 |    0.223762 |    0.223861 |    0.223830 |    0.223827 |    0.223909 |    0.223829 |    0.223759 |    0.223831 |    0.223800 |    0.223855 |    0.223833 |    0.223805 |    0.223861 |    0.223855 |    0.223803 |    0.223855 |    0.223753 |    0.223923 |    0.223760 |    0.223921 |    0.223840 |    0.223762 |    0.223763 |    0.223921 |    0.223854 |    0.223804 |    0.223831 |    0.223756 |    0.223866 |    0.223845 |    0.223797 |    0.223805 |    0.223830 |    0.223914 |    0.223914 |    0.223915 |    0.223820 |    0.223835 |    0.223915 |    0.223835 |    0.223860 |
|     call count    |          1 |          1 |          1 |          1 |          1 |          1 |          1 |          1 |          1 |          1 |           1 |           1 |           1 |           1 |           1 |           1 |           1 |           1 |           1 |           1 |           1 |           1 |           1 |           1 |           1 |           1 |           1 |           1 |           1 |           1 |           1 |           1 |           1 |           1 |           1 |           1 |           1 |           1 |           1 |           1 |           1 |           1 |           1 |           1 |           1 |           1 |           1 |           1 |           1 |           1 |           1 |           1 |           1 |           1 |           1 |           1 |           1 |           1 |           1 |           1 |           1 |           1 |           1 |           1 |
+-------------------+------------+------------+------------+------------+------------+------------+------------+------------+------------+------------+-------------+-------------+-------------+-------------+-------------+-------------+-------------+-------------+-------------+-------------+-------------+-------------+-------------+-------------+-------------+-------------+-------------+-------------+-------------+-------------+-------------+-------------+-------------+-------------+-------------+-------------+-------------+-------------+-------------+-------------+-------------+-------------+-------------+-------------+-------------+-------------+-------------+-------------+-------------+-------------+-------------+-------------+-------------+-------------+-------------+-------------+-------------+-------------+-------------+-------------+-------------+-------------+-------------+-------------+

+---------------------------+---------+-------------+-------------+-------------+-------------+-------------+-------------+-------------+-------------+-------------+-------------+-------------+-------------+-------------+-------------+-------------+-------------+-------------+-------------+-------------+-------------+-------------+-------------+-------------+-------------+-------------+-------------+-------------+-------------+-------------+-------------+-------------+-------------+-------------+-------------+-------------+-------------+-------------+-------------+-------------+-------------+-------------+-------------+-------------+-------------+-------------+-------------+-------------+-------------+-------------+-------------+-------------+-------------+-------------+-------------+-------------+-------------+-------------+-------------+-------------+-------------+-------------+-------------+-------------+-------------+
|           Event           | Counter |  HWThread 0 |  HWThread 1 |  HWThread 2 |  HWThread 3 |  HWThread 4 |  HWThread 5 |  HWThread 6 |  HWThread 7 |  HWThread 8 |  HWThread 9 | HWThread 10 | HWThread 11 | HWThread 12 | HWThread 13 | HWThread 14 | HWThread 15 | HWThread 16 | HWThread 17 | HWThread 18 | HWThread 19 | HWThread 20 | HWThread 21 | HWThread 22 | HWThread 23 | HWThread 24 | HWThread 25 | HWThread 26 | HWThread 27 | HWThread 28 | HWThread 29 | HWThread 30 | HWThread 31 | HWThread 32 | HWThread 33 | HWThread 34 | HWThread 35 | HWThread 36 | HWThread 37 | HWThread 38 | HWThread 39 | HWThread 40 | HWThread 41 | HWThread 42 | HWThread 43 | HWThread 44 | HWThread 45 | HWThread 46 | HWThread 47 | HWThread 48 | HWThread 49 | HWThread 50 | HWThread 51 | HWThread 52 | HWThread 53 | HWThread 54 | HWThread 55 | HWThread 56 | HWThread 57 | HWThread 58 | HWThread 59 | HWThread 60 | HWThread 61 | HWThread 62 | HWThread 63 |
+---------------------------+---------+-------------+-------------+-------------+-------------+-------------+-------------+-------------+-------------+-------------+-------------+-------------+-------------+-------------+-------------+-------------+-------------+-------------+-------------+-------------+-------------+-------------+-------------+-------------+-------------+-------------+-------------+-------------+-------------+-------------+-------------+-------------+-------------+-------------+-------------+-------------+-------------+-------------+-------------+-------------+-------------+-------------+-------------+-------------+-------------+-------------+-------------+-------------+-------------+-------------+-------------+-------------+-------------+-------------+-------------+-------------+-------------+-------------+-------------+-------------+-------------+-------------+-------------+-------------+-------------+
|      ACTUAL_CPU_CLOCK     |  FIXC1  |   599009500 |   599065100 |   599024300 |   598741400 |   599006900 |   599176400 |   599043400 |   598717200 |   599007300 |   598930600 |   598985100 |   598967500 |   599019200 |   598973400 |   598964300 |   598915300 |   599030600 |   598792800 |   599024100 |   599017700 |   599239800 |   598734000 |   599310000 |   599095600 |   599433000 |   599494000 |   599551100 |   599421100 |   599236500 |   599058800 |   599558100 |   599075200 |   599367600 |   599126400 |   599334100 |   598989000 |   599224800 |   599223500 |   598979300 |   599043000 |   599365500 |   598995100 |   599360000 |   599345900 |   599044300 |   599033900 |   599428500 |   599038600 |   599013200 |   599218300 |   598992800 |   599264300 |   599201400 |   598953300 |   598819300 |   599263200 |   599443100 |   599339900 |   599456500 |   599269400 |   599485200 |   599361500 |   598966400 |   599507900 |
|       MAX_CPU_CLOCK       |  FIXC2  |   548514600 |   548725500 |   548689400 |   548542500 |   548729600 |   548829600 |   548700800 |   548537100 |   548729000 |   548810100 |   548769500 |   548812900 |   548782000 |   548715100 |   548779600 |   548812600 |   548664400 |   548441700 |   548533400 |   548804900 |   548836800 |   548442200 |   548931800 |   548648700 |   548929400 |   549035000 |   549029300 |   549024200 |   549047800 |   548731800 |   548965600 |   548708700 |   549065100 |   548942600 |   549043400 |   548964400 |   548863300 |   548850200 |   548775900 |   548629900 |   549141000 |   548741300 |   549045600 |   549052900 |   548797500 |   548707400 |   549079000 |   548776500 |   548719200 |   548916300 |   548650900 |   548949300 |   548972700 |   548615200 |   548551400 |   549046200 |   549073200 |   549056900 |   549073600 |   549021400 |   548988000 |   549001900 |   548809800 |   548984400 |
|    RETIRED_INSTRUCTIONS   |   PMC0  |  1484868000 |  1485259000 |  1484831000 |  1485072000 |  1485171000 |  1485215000 |  1485048000 |  1485124000 |  1484610000 |  1484751000 |  1484732000 |  1484637000 |  1484776000 |  1484679000 |  1484756000 |  1484656000 |  1484755000 |  1484979000 |  1484788000 |  1485033000 |  1485013000 |  1484733000 |  1485112000 |  1484837000 |  1485046000 |  1484843000 |  1484695000 |  1485168000 |  1484869000 |  1484767000 |  1484887000 |  1484896000 |  1485068000 |  1485060000 |  1484843000 |  1485106000 |  1485125000 |  1485074000 |  1485121000 |  1484968000 |  1485062000 |  1484720000 |  1485108000 |  1485058000 |  1484787000 |  1485027000 |  1485122000 |  1485197000 |  1484921000 |  1485039000 |  1484780000 |  1484968000 |  1485029000 |  1484779000 |  1484975000 |  1484916000 |  1485325000 |  1485230000 |  1485305000 |  1484918000 |  1484927000 |  1485304000 |  1485294000 |  1485275000 |
|    CPU_CLOCKS_UNHALTED    |   PMC1  |   592089200 |   592425200 |   592275500 |   592377800 |   592386600 |   592527300 |   592210100 |   592300900 |   591407400 |   591526300 |   591731600 |   591491100 |   591716900 |   591620300 |   591508000 |   591687700 |   591625200 |   591711900 |   591570000 |   591727700 |   591837500 |   591505000 |   591998100 |   591621000 |   591482400 |   591336200 |   591680200 |   592115200 |   591916700 |   591645400 |   591492800 |   591763300 |   592105000 |   592191000 |   592357700 |   592088700 |   592248700 |   592284200 |   592433500 |   592202700 |   592087500 |   591567600 |   592075200 |   591961400 |   591679400 |   591717400 |   592054500 |   591960100 |   591619600 |   591655700 |   591476700 |   591903500 |   591804800 |   591784800 |   591660000 |   591674800 |   592403900 |   592393600 |   592310300 |   592166900 |   592150300 |   592430500 |   592404900 |   591895600 |
| RETIRED_SSE_AVX_FLOPS_ALL |   PMC2  | 18750000000 | 18750000000 | 18750000000 | 18750000000 | 18749990000 | 18750000000 | 18749920000 | 18749990000 | 18750000000 | 18750000000 | 18750000000 | 18750000000 | 18750000000 | 18749990000 | 18749990000 | 18750000000 | 18749980000 | 18750000000 | 18750000000 | 18750000000 | 18749910000 | 18749990000 | 18749860000 | 18750000000 | 18750000000 | 18749920000 | 18749990000 | 18750000000 | 18750000000 | 18749980000 | 18749990000 | 18750000000 | 18749990000 | 18750000000 | 18750000000 | 18749990000 | 18750000000 | 18749990000 | 18750000000 | 18750000000 | 18750000000 | 18749950000 | 18750000000 | 18749990000 | 18749930000 | 18749990000 | 18750000000 | 18750000000 | 18749810000 | 18750000000 | 18749930000 | 18750000000 | 18750000000 | 18749960000 | 18749860000 | 18749990000 | 18750000000 | 18749910000 | 18750000000 | 18749990000 | 18749990000 | 18750000000 | 18750000000 | 18750000000 |
|           MERGE           |   PMC3  |           0 |           0 |           0 |           0 |           0 |           0 |           0 |           0 |           0 |           0 |           0 |           0 |           0 |           0 |           0 |           0 |           0 |           0 |           0 |           0 |           0 |           0 |           0 |           0 |           0 |           0 |           0 |           0 |           0 |           0 |           0 |           0 |           0 |           0 |           0 |           0 |           0 |           0 |           0 |           0 |           0 |           0 |           0 |           0 |           0 |           0 |           0 |           0 |           0 |           0 |           0 |           0 |           0 |           0 |           0 |           0 |           0 |           0 |           0 |           0 |           0 |           0 |           0 |           0 |
+---------------------------+---------+-------------+-------------+-------------+-------------+-------------+-------------+-------------+-------------+-------------+-------------+-------------+-------------+-------------+-------------+-------------+-------------+-------------+-------------+-------------+-------------+-------------+-------------+-------------+-------------+-------------+-------------+-------------+-------------+-------------+-------------+-------------+-------------+-------------+-------------+-------------+-------------+-------------+-------------+-------------+-------------+-------------+-------------+-------------+-------------+-------------+-------------+-------------+-------------+-------------+-------------+-------------+-------------+-------------+-------------+-------------+-------------+-------------+-------------+-------------+-------------+-------------+-------------+-------------+-------------+

+--------------------------------+---------+---------------+-------------+-------------+--------------+
|              Event             | Counter |      Sum      |     Min     |     Max     |      Avg     |
+--------------------------------+---------+---------------+-------------+-------------+--------------+
|      ACTUAL_CPU_CLOCK STAT     |  FIXC1  |   38345074500 |   598717200 |   599558100 | 5.991418e+08 |
|       MAX_CPU_CLOCK STAT       |  FIXC2  |   35125162000 |   548441700 |   549141000 | 5.488307e+08 |
|    RETIRED_INSTRUCTIONS STAT   |   PMC0  |   95038037000 |  1484610000 |  1485325000 | 1.484969e+09 |
|    CPU_CLOCKS_UNHALTED STAT    |   PMC1  |   37883061000 |   591336200 |   592527300 | 5.919228e+08 |
| RETIRED_SSE_AVX_FLOPS_ALL STAT |   PMC2  | 1199998770000 | 18749810000 | 18750000000 | 1.874998e+10 |
|           MERGE STAT           |   PMC3  |             0 |           0 |           0 |            0 |
+--------------------------------+---------+---------------+-------------+-------------+--------------+

+----------------------+------------+------------+------------+------------+------------+------------+------------+------------+------------+------------+-------------+-------------+-------------+-------------+-------------+-------------+-------------+-------------+-------------+-------------+-------------+-------------+-------------+-------------+-------------+-------------+-------------+-------------+-------------+-------------+-------------+-------------+-------------+-------------+-------------+-------------+-------------+-------------+-------------+-------------+-------------+-------------+-------------+-------------+-------------+-------------+-------------+-------------+-------------+-------------+-------------+-------------+-------------+-------------+-------------+-------------+-------------+-------------+-------------+-------------+-------------+-------------+-------------+-------------+
|        Metric        | HWThread 0 | HWThread 1 | HWThread 2 | HWThread 3 | HWThread 4 | HWThread 5 | HWThread 6 | HWThread 7 | HWThread 8 | HWThread 9 | HWThread 10 | HWThread 11 | HWThread 12 | HWThread 13 | HWThread 14 | HWThread 15 | HWThread 16 | HWThread 17 | HWThread 18 | HWThread 19 | HWThread 20 | HWThread 21 | HWThread 22 | HWThread 23 | HWThread 24 | HWThread 25 | HWThread 26 | HWThread 27 | HWThread 28 | HWThread 29 | HWThread 30 | HWThread 31 | HWThread 32 | HWThread 33 | HWThread 34 | HWThread 35 | HWThread 36 | HWThread 37 | HWThread 38 | HWThread 39 | HWThread 40 | HWThread 41 | HWThread 42 | HWThread 43 | HWThread 44 | HWThread 45 | HWThread 46 | HWThread 47 | HWThread 48 | HWThread 49 | HWThread 50 | HWThread 51 | HWThread 52 | HWThread 53 | HWThread 54 | HWThread 55 | HWThread 56 | HWThread 57 | HWThread 58 | HWThread 59 | HWThread 60 | HWThread 61 | HWThread 62 | HWThread 63 |
+----------------------+------------+------------+------------+------------+------------+------------+------------+------------+------------+------------+-------------+-------------+-------------+-------------+-------------+-------------+-------------+-------------+-------------+-------------+-------------+-------------+-------------+-------------+-------------+-------------+-------------+-------------+-------------+-------------+-------------+-------------+-------------+-------------+-------------+-------------+-------------+-------------+-------------+-------------+-------------+-------------+-------------+-------------+-------------+-------------+-------------+-------------+-------------+-------------+-------------+-------------+-------------+-------------+-------------+-------------+-------------+-------------+-------------+-------------+-------------+-------------+-------------+-------------+
|  Runtime (RDTSC) [s] |     0.2238 |     0.2238 |     0.2238 |     0.2238 |     0.2238 |     0.2238 |     0.2238 |     0.2238 |     0.2238 |     0.2238 |      0.2238 |      0.2238 |      0.2238 |      0.2238 |      0.2238 |      0.2238 |      0.2238 |      0.2238 |      0.2238 |      0.2238 |      0.2238 |      0.2238 |      0.2239 |      0.2238 |      0.2239 |      0.2238 |      0.2238 |      0.2239 |      0.2238 |      0.2238 |      0.2238 |      0.2238 |      0.2239 |      0.2238 |      0.2238 |      0.2239 |      0.2239 |      0.2238 |      0.2239 |      0.2238 |      0.2239 |      0.2238 |      0.2239 |      0.2238 |      0.2238 |      0.2238 |      0.2239 |      0.2239 |      0.2238 |      0.2238 |      0.2238 |      0.2239 |      0.2238 |      0.2238 |      0.2238 |      0.2238 |      0.2239 |      0.2239 |      0.2239 |      0.2238 |      0.2238 |      0.2239 |      0.2238 |      0.2239 |
| Runtime unhalted [s] |     0.2450 |     0.2450 |     0.2450 |     0.2448 |     0.2450 |     0.2450 |     0.2450 |     0.2448 |     0.2450 |     0.2449 |      0.2449 |      0.2449 |      0.2450 |      0.2449 |      0.2449 |      0.2449 |      0.2450 |      0.2449 |      0.2450 |      0.2450 |      0.2450 |      0.2448 |      0.2451 |      0.2450 |      0.2451 |      0.2452 |      0.2452 |      0.2451 |      0.2450 |      0.2450 |      0.2452 |      0.2450 |      0.2451 |      0.2450 |      0.2451 |      0.2449 |      0.2450 |      0.2450 |      0.2449 |      0.2450 |      0.2451 |      0.2449 |      0.2451 |      0.2451 |      0.2450 |      0.2450 |      0.2451 |      0.2450 |      0.2450 |      0.2450 |      0.2449 |      0.2451 |      0.2450 |      0.2449 |      0.2449 |      0.2451 |      0.2451 |      0.2451 |      0.2451 |      0.2451 |      0.2451 |      0.2451 |      0.2449 |      0.2452 |
|      Clock [MHz]     |  2670.5066 |  2669.7280 |  2669.7218 |  2669.1756 |  2669.4487 |  2669.7175 |  2669.7515 |  2669.0940 |  2669.4534 |  2668.7172 |   2669.1575 |   2668.8680 |   2669.2486 |   2669.3699 |   2669.0156 |   2668.6368 |   2669.8715 |   2669.8954 |   2670.4802 |   2669.1305 |   2669.9650 |   2669.6308 |   2669.8157 |   2670.2377 |   2670.3753 |   2670.1334 |   2670.4154 |   2669.8612 |   2668.9242 |   2669.6693 |   2670.7564 |   2669.8548 |   2669.4240 |   2668.9452 |   2669.3803 |   2668.2272 |   2669.7693 |   2669.8272 |   2669.1005 |   2670.0947 |   2669.0457 |   2669.3392 |   2669.4850 |   2669.3867 |   2669.2851 |   2669.6770 |   2669.6277 |   2669.3618 |   2669.5274 |   2669.4825 |   2669.7688 |   2669.5270 |   2669.1330 |   2669.7664 |   2669.4796 |   2669.0509 |   2669.7209 |   2669.3405 |   2669.7786 |   2669.1991 |   2670.3227 |   2669.7041 |   2668.8781 |   2670.4414 |
|          CPI         |     0.3987 |     0.3989 |     0.3989 |     0.3989 |     0.3989 |     0.3990 |     0.3988 |     0.3988 |     0.3984 |     0.3984 |      0.3985 |      0.3984 |      0.3985 |      0.3985 |      0.3984 |      0.3985 |      0.3985 |      0.3985 |      0.3984 |      0.3985 |      0.3985 |      0.3984 |      0.3986 |      0.3984 |      0.3983 |      0.3982 |      0.3985 |      0.3987 |      0.3986 |      0.3985 |      0.3983 |      0.3985 |      0.3987 |      0.3988 |      0.3989 |      0.3987 |      0.3988 |      0.3988 |      0.3989 |      0.3988 |      0.3987 |      0.3984 |      0.3987 |      0.3986 |      0.3985 |      0.3985 |      0.3987 |      0.3986 |      0.3984 |      0.3984 |      0.3984 |      0.3986 |      0.3985 |      0.3986 |      0.3984 |      0.3985 |      0.3988 |      0.3989 |      0.3988 |      0.3988 |      0.3988 |      0.3989 |      0.3988 |      0.3985 |
|     SP [MFLOP/s]     | 83772.9365 | 83776.5298 | 83795.2874 | 83795.2125 | 83775.5868 | 83767.7342 | 83784.7451 | 83777.4584 | 83794.5010 | 83787.4239 |  83779.0752 |  83793.0780 |  83779.5993 |  83779.6295 |  83792.5465 |  83796.7480 |  83793.8499 |  83774.0219 |  83794.7257 |  83773.4979 |  83764.8248 |  83794.7559 |  83755.3593 |  83794.2763 |  83757.1445 |  83768.6492 |  83769.9724 |  83739.3763 |  83769.4932 |  83795.5726 |  83768.3257 |  83780.2732 |  83759.6067 |  83767.7342 |  83778.1020 |  83757.2495 |  83759.4643 |  83778.9931 |  83759.5391 |  83797.5719 |  83734.1781 |  83794.9516 |  83735.0008 |  83765.0325 |  83794.1133 |  83793.8197 |  83734.8886 |  83760.1378 |  83777.6273 |  83768.7072 |  83796.2104 |  83755.5731 |  83763.3558 |  83781.2175 |  83777.5139 |  83768.8871 |  83737.3942 |  83737.1044 |  83737.2446 |  83772.6298 |  83766.9410 |  83737.0202 |  83766.9109 |  83757.7431 |
+----------------------+------------+------------+------------+------------+------------+------------+------------+------------+------------+------------+-------------+-------------+-------------+-------------+-------------+-------------+-------------+-------------+-------------+-------------+-------------+-------------+-------------+-------------+-------------+-------------+-------------+-------------+-------------+-------------+-------------+-------------+-------------+-------------+-------------+-------------+-------------+-------------+-------------+-------------+-------------+-------------+-------------+-------------+-------------+-------------+-------------+-------------+-------------+-------------+-------------+-------------+-------------+-------------+-------------+-------------+-------------+-------------+-------------+-------------+-------------+-------------+-------------+-------------+

+---------------------------+--------------+------------+------------+------------+
|           Metric          |      Sum     |     Min    |     Max    |     Avg    |
+---------------------------+--------------+------------+------------+------------+
|  Runtime (RDTSC) [s] STAT |      14.3249 |     0.2238 |     0.2239 |     0.2238 |
| Runtime unhalted [s] STAT |      15.6805 |     0.2448 |     0.2452 |     0.2450 |
|      Clock [MHz] STAT     |  170851.7251 |  2668.2272 |  2670.7564 |  2669.5582 |
|          CPI STAT         |      25.5111 |     0.3982 |     0.3990 |     0.3986 |
|     SP [MFLOP/s] STAT     | 5.361415e+06 | 83734.1781 | 83797.5719 | 83772.1043 |
+---------------------------+--------------+------------+------------+------------+

