INFO: You are running LIKWID in a cpuset with 32 CPUs. Taking given IDs as logical ID in cpuset
--------------------------------------------------------------------------------
CPU name:	AMD EPYC 7763 64-Core Processor                
CPU type:	AMD K19 (Zen3) architecture
CPU clock:	2.45 GHz
--------------------------------------------------------------------------------
Allocate: Process running on hwthread 0 (Domain N) - Vector length 1000000/8000000 Offset 0 Alignment 512
Initialization: Each thread in domain initializes its own stream chunks
--------------------------------------------------------------------------------
LIKWID MICRO BENCHMARK
Test: peakflops_avx_fma
--------------------------------------------------------------------------------
Using 1 work groups
Using 16 threads
--------------------------------------------------------------------------------
Using Likwid Marker API
--------------------------------------------------------------------------------
Group: 0 Thread 0 Global Thread 0 running on hwthread 0 - Vector length 62500 Offset 0
Group: 0 Thread 1 Global Thread 1 running on hwthread 1 - Vector length 62500 Offset 62500
Group: 0 Thread 2 Global Thread 2 running on hwthread 2 - Vector length 62500 Offset 125000
Group: 0 Thread 3 Global Thread 3 running on hwthread 3 - Vector length 62500 Offset 187500
Group: 0 Thread 4 Global Thread 4 running on hwthread 4 - Vector length 62500 Offset 250000
Group: 0 Thread 5 Global Thread 5 running on hwthread 5 - Vector length 62500 Offset 312500
Group: 0 Thread 6 Global Thread 6 running on hwthread 6 - Vector length 62500 Offset 375000
Group: 0 Thread 7 Global Thread 7 running on hwthread 7 - Vector length 62500 Offset 437500
Group: 0 Thread 8 Global Thread 8 running on hwthread 8 - Vector length 62500 Offset 500000
Group: 0 Thread 9 Global Thread 9 running on hwthread 9 - Vector length 62500 Offset 562500
Group: 0 Thread 10 Global Thread 10 running on hwthread 10 - Vector length 62500 Offset 625000
Group: 0 Thread 11 Global Thread 11 running on hwthread 11 - Vector length 62500 Offset 687500
Group: 0 Thread 12 Global Thread 12 running on hwthread 12 - Vector length 62500 Offset 750000
Group: 0 Thread 13 Global Thread 13 running on hwthread 13 - Vector length 62500 Offset 812500
Group: 0 Thread 14 Global Thread 14 running on hwthread 14 - Vector length 62500 Offset 875000
Group: 0 Thread 15 Global Thread 15 running on hwthread 15 - Vector length 62500 Offset 937500
--------------------------------------------------------------------------------
Cycles:			448178059
CPU Clock:		2445390784
Cycle Clock:		2445390784
Time:			1.832746e-01 sec
Iterations:		80000
Iterations per thread:	5000
Inner loop executions:	15625
Size (Byte):		8000000
Size per thread:	500000
Number of Flops:	150000000000
MFlops/s:		818443.94
Data volume (Byte):	40000000000
MByte/s:		218251.72
Cycles per update:	0.089636
Cycles per cacheline:	0.717085
Loads per update:	1
Stores per update:	0
Load bytes per element:	8
Store bytes per elem.:	0
Instructions:		23750000032
UOPs:			22500000000
--------------------------------------------------------------------------------
Writing Likwid Marker API results to file /tmp/likwid_1600905.txt
--------------------------------------------------------------------------------
Region bench, Group 1: FLOPS_DP
+-------------------+------------+------------+------------+------------+------------+------------+------------+------------+------------+------------+-------------+-------------+-------------+-------------+-------------+-------------+
|    Region Info    | HWThread 0 | HWThread 1 | HWThread 2 | HWThread 3 | HWThread 4 | HWThread 5 | HWThread 6 | HWThread 7 | HWThread 8 | HWThread 9 | HWThread 10 | HWThread 11 | HWThread 12 | HWThread 13 | HWThread 14 | HWThread 15 |
+-------------------+------------+------------+------------+------------+------------+------------+------------+------------+------------+------------+-------------+-------------+-------------+-------------+-------------+-------------+
| RDTSC Runtime [s] |   0.183251 |   0.183251 |   0.183254 |   0.183217 |   0.183251 |   0.183219 |   0.183215 |   0.183241 |   0.183244 |   0.183242 |    0.183240 |    0.183242 |    0.183241 |    0.183225 |    0.183276 |    0.183226 |
|     call count    |          1 |          1 |          1 |          1 |          1 |          1 |          1 |          1 |          1 |          1 |           1 |           1 |           1 |           1 |           1 |           1 |
+-------------------+------------+------------+------------+------------+------------+------------+------------+------------+------------+------------+-------------+-------------+-------------+-------------+-------------+-------------+

+---------------------------+---------+------------+------------+------------+------------+------------+------------+------------+------------+------------+------------+-------------+-------------+-------------+-------------+-------------+-------------+
|           Event           | Counter | HWThread 0 | HWThread 1 | HWThread 2 | HWThread 3 | HWThread 4 | HWThread 5 | HWThread 6 | HWThread 7 | HWThread 8 | HWThread 9 | HWThread 10 | HWThread 11 | HWThread 12 | HWThread 13 | HWThread 14 | HWThread 15 |
+---------------------------+---------+------------+------------+------------+------------+------------+------------+------------+------------+------------+------------+-------------+-------------+-------------+-------------+-------------+-------------+
|      ACTUAL_CPU_CLOCK     |  FIXC1  |  594980600 |  594930100 |  594961500 |  594953000 |  594997600 |  594931000 |  594924800 |  594865000 |  594954600 |  594957500 |   594848700 |   594910400 |   594876000 |   594962500 |   594966600 |   594859400 |
|       MAX_CPU_CLOCK       |  FIXC2  |  448617500 |  448571300 |  448593100 |  448547900 |  448619800 |  448546200 |  448520400 |  448561200 |  448553900 |  448587500 |   448564300 |   448571300 |   448563200 |   448548900 |   448600500 |   448550400 |
|    RETIRED_INSTRUCTIONS   |   PMC0  | 1485080000 | 1485025000 | 1484893000 | 1484871000 | 1484858000 | 1484994000 | 1484870000 | 1485054000 | 1484957000 | 1485100000 |  1485071000 |  1484965000 |  1484860000 |  1484864000 |  1484609000 |  1485066000 |
|    CPU_CLOCKS_UNHALTED    |   PMC1  |  590544100 |  590053100 |  590311800 |  590207800 |  590100300 |  590111100 |  590212300 |  590148200 |  590496000 |  590605500 |   590476200 |   590588800 |   590501700 |   590667500 |   590472400 |   590569900 |
| RETIRED_SSE_AVX_FLOPS_ALL |   PMC2  | 9375000000 | 9375000000 | 9375000000 | 9375000000 | 9375000000 | 9375000000 | 9375000000 | 9375000000 | 9375000000 | 9375000000 |  9375000000 |  9375000000 |  9375000000 |  9375000000 |  9375000000 |  9375000000 |
|           MERGE           |   PMC3  |          0 |          0 |          0 |          0 |          0 |          0 |          0 |          0 |          0 |          0 |           0 |           0 |           0 |           0 |           0 |           0 |
+---------------------------+---------+------------+------------+------------+------------+------------+------------+------------+------------+------------+------------+-------------+-------------+-------------+-------------+-------------+-------------+

+--------------------------------+---------+--------------+------------+------------+--------------+
|              Event             | Counter |      Sum     |     Min    |     Max    |      Avg     |
+--------------------------------+---------+--------------+------------+------------+--------------+
|      ACTUAL_CPU_CLOCK STAT     |  FIXC1  |   9518879300 |  594848700 |  594997600 | 5.949300e+08 |
|       MAX_CPU_CLOCK STAT       |  FIXC2  |   7177117400 |  448520400 |  448619800 | 4.485698e+08 |
|    RETIRED_INSTRUCTIONS STAT   |   PMC0  |  23759137000 | 1484609000 | 1485100000 | 1.484946e+09 |
|    CPU_CLOCKS_UNHALTED STAT    |   PMC1  |   9446066700 |  590053100 |  590667500 | 5.903792e+08 |
| RETIRED_SSE_AVX_FLOPS_ALL STAT |   PMC2  | 150000000000 | 9375000000 | 9375000000 |   9375000000 |
|           MERGE STAT           |   PMC3  |            0 |          0 |          0 |            0 |
+--------------------------------+---------+--------------+------------+------------+--------------+

+----------------------+------------+------------+------------+------------+------------+------------+------------+------------+------------+------------+-------------+-------------+-------------+-------------+-------------+-------------+
|        Metric        | HWThread 0 | HWThread 1 | HWThread 2 | HWThread 3 | HWThread 4 | HWThread 5 | HWThread 6 | HWThread 7 | HWThread 8 | HWThread 9 | HWThread 10 | HWThread 11 | HWThread 12 | HWThread 13 | HWThread 14 | HWThread 15 |
+----------------------+------------+------------+------------+------------+------------+------------+------------+------------+------------+------------+-------------+-------------+-------------+-------------+-------------+-------------+
|  Runtime (RDTSC) [s] |     0.1833 |     0.1833 |     0.1833 |     0.1832 |     0.1833 |     0.1832 |     0.1832 |     0.1832 |     0.1832 |     0.1832 |      0.1832 |      0.1832 |      0.1832 |      0.1832 |      0.1833 |      0.1832 |
| Runtime unhalted [s] |     0.2433 |     0.2433 |     0.2433 |     0.2433 |     0.2433 |     0.2433 |     0.2433 |     0.2433 |     0.2433 |     0.2433 |      0.2433 |      0.2433 |      0.2433 |      0.2433 |      0.2433 |      0.2433 |
|      Clock [MHz]     |  3243.2062 |  3243.2649 |  3243.2784 |  3243.5589 |  3243.2822 |  3243.4513 |  3243.6040 |  3242.9830 |  3243.5243 |  3243.2971 |   3242.8717 |   3243.1575 |   3243.0285 |   3243.6035 |   3243.2527 |   3243.0306 |
|          CPI         |     0.3977 |     0.3973 |     0.3975 |     0.3975 |     0.3974 |     0.3974 |     0.3975 |     0.3974 |     0.3977 |     0.3977 |      0.3976 |      0.3977 |      0.3977 |      0.3978 |      0.3977 |      0.3977 |
|     DP [MFLOP/s]     | 51159.3947 | 51159.2551 | 51158.3617 | 51168.8326 | 51159.3109 | 51168.3020 | 51169.4470 | 51162.0470 | 51161.3211 | 51161.8236 |  51162.4379 |  51161.8236 |  51162.2424 |  51166.6543 |  51152.3046 |  51166.3471 |
+----------------------+------------+------------+------------+------------+------------+------------+------------+------------+------------+------------+-------------+-------------+-------------+-------------+-------------+-------------+

+---------------------------+-------------+------------+------------+------------+
|           Metric          |     Sum     |     Min    |     Max    |     Avg    |
+---------------------------+-------------+------------+------------+------------+
|  Runtime (RDTSC) [s] STAT |      2.9317 |     0.1832 |     0.1833 |     0.1832 |
| Runtime unhalted [s] STAT |      3.8928 |     0.2433 |     0.2433 |     0.2433 |
|      Clock [MHz] STAT     |  51892.3948 |  3242.8717 |  3243.6040 |  3243.2747 |
|          CPI STAT         |      6.3613 |     0.3973 |     0.3978 |     0.3976 |
|     DP [MFLOP/s] STAT     | 818599.9056 | 51152.3046 | 51169.4470 | 51162.4941 |
+---------------------------+-------------+------------+------------+------------+

