INFO: You are running LIKWID in a cpuset with 32 CPUs. Taking given IDs as logical ID in cpuset
--------------------------------------------------------------------------------
CPU name:	AMD EPYC 7763 64-Core Processor                
CPU type:	AMD K19 (Zen3) architecture
CPU clock:	2.45 GHz
--------------------------------------------------------------------------------
Allocate: Process running on hwthread 0 (Domain S0) - Vector length 1048576/8388608 Offset 0 Alignment 512
Initialization: Each thread in domain initializes its own stream chunks
--------------------------------------------------------------------------------
LIKWID MICRO BENCHMARK
Test: load
--------------------------------------------------------------------------------
Using 1 work groups
Using 16 threads
--------------------------------------------------------------------------------
Using Likwid Marker API
--------------------------------------------------------------------------------
Group: 0 Thread 0 Global Thread 0 running on hwthread 0 - Vector length 65536 Offset 0
Group: 0 Thread 1 Global Thread 1 running on hwthread 1 - Vector length 65536 Offset 65536
Group: 0 Thread 2 Global Thread 2 running on hwthread 2 - Vector length 65536 Offset 131072
Group: 0 Thread 3 Global Thread 3 running on hwthread 3 - Vector length 65536 Offset 196608
Group: 0 Thread 4 Global Thread 4 running on hwthread 4 - Vector length 65536 Offset 262144
Group: 0 Thread 5 Global Thread 5 running on hwthread 5 - Vector length 65536 Offset 327680
Group: 0 Thread 6 Global Thread 6 running on hwthread 6 - Vector length 65536 Offset 393216
Group: 0 Thread 7 Global Thread 7 running on hwthread 7 - Vector length 65536 Offset 458752
Group: 0 Thread 8 Global Thread 8 running on hwthread 8 - Vector length 65536 Offset 524288
Group: 0 Thread 9 Global Thread 9 running on hwthread 9 - Vector length 65536 Offset 589824
Group: 0 Thread 10 Global Thread 10 running on hwthread 10 - Vector length 65536 Offset 655360
Group: 0 Thread 11 Global Thread 11 running on hwthread 11 - Vector length 65536 Offset 720896
Group: 0 Thread 12 Global Thread 12 running on hwthread 12 - Vector length 65536 Offset 786432
Group: 0 Thread 13 Global Thread 13 running on hwthread 13 - Vector length 65536 Offset 851968
Group: 0 Thread 14 Global Thread 14 running on hwthread 14 - Vector length 65536 Offset 917504
Group: 0 Thread 15 Global Thread 15 running on hwthread 15 - Vector length 65536 Offset 983040
--------------------------------------------------------------------------------
Cycles:			1329029915
CPU Clock:		2445384030
Cycle Clock:		2445384030
Time:			5.434852e-01 sec
Iterations:		800000
Iterations per thread:	50000
Inner loop executions:	8192
Size (Byte):		8388608
Size per thread:	524288
Number of Flops:	0
MFlops/s:		0.00
Data volume (Byte):	419430400000
MByte/s:		771742.15
Cycles per update:	0.025349
Cycles per cacheline:	0.202794
Loads per update:	1
Stores per update:	0
Load bytes per element:	8
Store bytes per elem.:	0
Instructions:		72089600016
UOPs:			65536000000
--------------------------------------------------------------------------------
Writing Likwid Marker API results to file /tmp/likwid_1616119.txt
--------------------------------------------------------------------------------
Region bench, Group 1: L2
+-------------------+------------+------------+------------+------------+------------+------------+------------+------------+------------+------------+-------------+-------------+-------------+-------------+-------------+-------------+
|    Region Info    | HWThread 0 | HWThread 1 | HWThread 2 | HWThread 3 | HWThread 4 | HWThread 5 | HWThread 6 | HWThread 7 | HWThread 8 | HWThread 9 | HWThread 10 | HWThread 11 | HWThread 12 | HWThread 13 | HWThread 14 | HWThread 15 |
+-------------------+------------+------------+------------+------------+------------+------------+------------+------------+------------+------------+-------------+-------------+-------------+-------------+-------------+-------------+
| RDTSC Runtime [s] |   0.543403 |   0.543458 |   0.543413 |   0.543487 |   0.543461 |   0.543476 |   0.543485 |   0.543323 |   0.543463 |   0.543461 |    0.543445 |    0.543458 |    0.543398 |    0.543459 |    0.543455 |    0.543439 |
|     call count    |          1 |          1 |          1 |          1 |          1 |          1 |          1 |          1 |          1 |          1 |           1 |           1 |           1 |           1 |           1 |           1 |
+-------------------+------------+------------+------------+------------+------------+------------+------------+------------+------------+------------+-------------+-------------+-------------+-------------+-------------+-------------+

+-------------------------------+---------+------------+------------+------------+------------+------------+------------+------------+------------+------------+------------+-------------+-------------+-------------+-------------+-------------+-------------+
|             Event             | Counter | HWThread 0 | HWThread 1 | HWThread 2 | HWThread 3 | HWThread 4 | HWThread 5 | HWThread 6 | HWThread 7 | HWThread 8 | HWThread 9 | HWThread 10 | HWThread 11 | HWThread 12 | HWThread 13 | HWThread 14 | HWThread 15 |
+-------------------------------+---------+------------+------------+------------+------------+------------+------------+------------+------------+------------+------------+-------------+-------------+-------------+-------------+-------------+-------------+
|        ACTUAL_CPU_CLOCK       |  FIXC1  | 1762922000 | 1762990000 | 1762922000 | 1763087000 | 1762802000 | 1762863000 | 1762910000 | 1762959000 | 1762998000 | 1762971000 |  1762872000 |  1762820000 |  1763015000 |  1762765000 |  1762959000 |  1762749000 |
|         MAX_CPU_CLOCK         |  FIXC2  | 1329370000 | 1329413000 | 1329384000 | 1329409000 | 1329404000 | 1329411000 | 1329411000 | 1329386000 | 1329390000 | 1329373000 |  1329372000 |  1329378000 |  1329378000 |  1329390000 |  1329389000 |  1329366000 |
|      RETIRED_INSTRUCTIONS     |   PMC0  | 4515170000 | 4518981000 | 4521379000 | 4521443000 | 4521593000 | 4521351000 | 4521499000 | 4521330000 | 4523042000 | 4522644000 |  4522789000 |  4522753000 |  4522840000 |  4518318000 |  4507059000 |  4517058000 |
|      CPU_CLOCKS_UNHALTED      |   PMC1  | 1751399000 | 1753028000 | 1751973000 | 1752317000 | 1751868000 | 1751923000 | 1751527000 | 1752086000 | 1753653000 | 1753528000 |  1753918000 |  1753782000 |  1753301000 |  1753868000 |  1754578000 |  1753917000 |
| REQUESTS_TO_L2_GRP1_ALL_NO_PF |   PMC2  |  410096600 |  410006700 |  410056800 |  410053200 |  410007600 |  410062900 |  410055700 |  410056600 |  410058300 |  410014700 |   410057600 |   410052000 |   410006700 |   409921000 |   410142500 |   410115100 |
|        L2_PF_HIT_IN_L2        |   PMC3  |  492962500 |  633464500 |  814155400 |  811248600 |  814011000 |  811215400 |  814135300 |  812129200 |  815176600 |  814400200 |   815424200 |   807978300 |   815570600 |   557763500 |   447381700 |   454417200 |
+-------------------------------+---------+------------+------------+------------+------------+------------+------------+------------+------------+------------+------------+-------------+-------------+-------------+-------------+-------------+-------------+

+------------------------------------+---------+-------------+------------+------------+--------------+
|                Event               | Counter |     Sum     |     Min    |     Max    |      Avg     |
+------------------------------------+---------+-------------+------------+------------+--------------+
|        ACTUAL_CPU_CLOCK STAT       |  FIXC1  | 28206604000 | 1762749000 | 1763087000 |   1762912750 |
|         MAX_CPU_CLOCK STAT         |  FIXC2  | 21270224000 | 1329366000 | 1329413000 |   1329389000 |
|      RETIRED_INSTRUCTIONS STAT     |   PMC0  | 72319249000 | 4507059000 | 4523042000 | 4.519953e+09 |
|      CPU_CLOCKS_UNHALTED STAT      |   PMC1  | 28046666000 | 1751399000 | 1754578000 |   1752916625 |
| REQUESTS_TO_L2_GRP1_ALL_NO_PF STAT |   PMC2  |  6560764000 |  409921000 |  410142500 |    410047750 |
|        L2_PF_HIT_IN_L2 STAT        |   PMC3  | 11531434200 |  447381700 |  815570600 | 7.207146e+08 |
+------------------------------------+---------+-------------+------------+------------+--------------+

+-------------------------------+------------+------------+------------+------------+------------+------------+------------+------------+------------+------------+-------------+-------------+-------------+-------------+-------------+-------------+
|             Metric            | HWThread 0 | HWThread 1 | HWThread 2 | HWThread 3 | HWThread 4 | HWThread 5 | HWThread 6 | HWThread 7 | HWThread 8 | HWThread 9 | HWThread 10 | HWThread 11 | HWThread 12 | HWThread 13 | HWThread 14 | HWThread 15 |
+-------------------------------+------------+------------+------------+------------+------------+------------+------------+------------+------------+------------+-------------+-------------+-------------+-------------+-------------+-------------+
|      Runtime (RDTSC) [s]      |     0.5434 |     0.5435 |     0.5434 |     0.5435 |     0.5435 |     0.5435 |     0.5435 |     0.5433 |     0.5435 |     0.5435 |      0.5434 |      0.5435 |      0.5434 |      0.5435 |      0.5435 |      0.5434 |
|      Runtime unhalted [s]     |     0.7209 |     0.7209 |     0.7209 |     0.7210 |     0.7209 |     0.7209 |     0.7209 |     0.7209 |     0.7209 |     0.7209 |      0.7209 |      0.7209 |      0.7210 |      0.7209 |      0.7209 |      0.7208 |
|          Clock [MHz]          |  3242.9102 |  3242.9304 |  3242.8761 |  3243.1186 |  3242.6066 |  3242.7017 |  3242.7882 |  3242.9393 |  3243.0013 |  3242.9931 |   3242.8134 |   3242.7031 |   3243.0618 |   3242.5727 |   3242.9320 |   3242.6018 |
|              CPI              |     0.3879 |     0.3879 |     0.3875 |     0.3876 |     0.3874 |     0.3875 |     0.3874 |     0.3875 |     0.3877 |     0.3877 |      0.3878 |      0.3878 |      0.3877 |      0.3882 |      0.3893 |      0.3883 |
|    L2 bandwidth [MBytes/s]    | 48299.6464 | 48284.1979 | 48294.0879 | 48287.1239 | 48284.0551 | 48289.1724 | 48287.5249 | 48302.0464 | 48289.8569 | 48284.8468 |  48291.3029 |  48289.5504 |  48289.5382 |  48273.9634 |  48300.4658 |  48298.6610 |
|    L2 data volume [GBytes]    |    26.2462 |    26.2404 |    26.2436 |    26.2434 |    26.2405 |    26.2440 |    26.2436 |    26.2436 |    26.2437 |    26.2409 |     26.2437 |     26.2433 |     26.2404 |     26.2349 |     26.2491 |     26.2474 |
| Prefetch bandwidth [MBytes/s] | 58059.2827 | 74599.5743 | 95886.4539 | 95531.1693 | 95861.0328 | 95529.0526 | 95871.3136 | 95663.6286 | 95997.9627 | 95906.7783 |  96030.1602 |  95151.1244 |  96055.8147 |  65684.4972 |  52685.9433 |  53516.0552 |
| Prefetch data volume [GBytes] |    31.5496 |    40.5417 |    52.1059 |    51.9199 |    52.0967 |    51.9178 |    52.1047 |    51.9763 |    52.1713 |    52.1216 |     52.1871 |     51.7106 |     52.1965 |     35.6969 |     28.6324 |     29.0827 |
+-------------------------------+------------+------------+------------+------------+------------+------------+------------+------------+------------+------------+-------------+-------------+-------------+-------------+-------------+-------------+

+------------------------------------+--------------+------------+------------+------------+
|               Metric               |      Sum     |     Min    |     Max    |     Avg    |
+------------------------------------+--------------+------------+------------+------------+
|      Runtime (RDTSC) [s] STAT      |       8.6953 |     0.5433 |     0.5435 |     0.5435 |
|      Runtime unhalted [s] STAT     |      11.5345 |     0.7208 |     0.7210 |     0.7209 |
|          Clock [MHz] STAT          |   51885.5503 |  3242.5727 |  3243.1186 |  3242.8469 |
|              CPI STAT              |       6.2052 |     0.3874 |     0.3893 |     0.3878 |
|    L2 bandwidth [MBytes/s] STAT    |  772646.0403 | 48273.9634 | 48302.0464 | 48290.3775 |
|    L2 data volume [GBytes] STAT    |     419.8887 |    26.2349 |    26.2491 |    26.2430 |
| Prefetch bandwidth [MBytes/s] STAT | 1.358030e+06 | 52685.9433 | 96055.8147 | 84876.8652 |
| Prefetch data volume [GBytes] STAT |     738.0117 |    28.6324 |    52.1965 |    46.1257 |
+------------------------------------+--------------+------------+------------+------------+

