INFO: You are running LIKWID in a cpuset with 128 CPUs. Taking given IDs as logical ID in cpuset
--------------------------------------------------------------------------------
CPU name:	AMD EPYC 7763 64-Core Processor                
CPU type:	AMD K19 (Zen3) architecture
CPU clock:	2.45 GHz
--------------------------------------------------------------------------------
Warning: Sanitizing vector length to a multiple of the loop stride 16 and thread count 64 from 1333333333 elements (10666666664 bytes) to 1333332992 elements (10666663936 bytes)
Allocate: Process running on hwthread 0 (Domain N) - Vector length 1333332992/10666663936 Offset 0 Alignment 512
Allocate: Process running on hwthread 0 (Domain N) - Vector length 1333332992/10666663936 Offset 0 Alignment 512
Allocate: Process running on hwthread 0 (Domain N) - Vector length 1333332992/10666663936 Offset 0 Alignment 512
Initialization: Each thread in domain initializes its own stream chunks
--------------------------------------------------------------------------------
LIKWID MICRO BENCHMARK
Test: stream_mem_avx_fma
--------------------------------------------------------------------------------
Using 1 work groups
Using 64 threads
--------------------------------------------------------------------------------
Using Likwid Marker API
--------------------------------------------------------------------------------
Group: 0 Thread 0 Global Thread 0 running on hwthread 0 - Vector length 20833328 Offset 0
Group: 0 Thread 1 Global Thread 1 running on hwthread 1 - Vector length 20833328 Offset 20833328
Group: 0 Thread 2 Global Thread 2 running on hwthread 2 - Vector length 20833328 Offset 41666656
Group: 0 Thread 3 Global Thread 3 running on hwthread 3 - Vector length 20833328 Offset 62499984
Group: 0 Thread 4 Global Thread 4 running on hwthread 4 - Vector length 20833328 Offset 83333312
Group: 0 Thread 5 Global Thread 5 running on hwthread 5 - Vector length 20833328 Offset 104166640
Group: 0 Thread 6 Global Thread 6 running on hwthread 6 - Vector length 20833328 Offset 124999968
Group: 0 Thread 7 Global Thread 7 running on hwthread 7 - Vector length 20833328 Offset 145833296
Group: 0 Thread 8 Global Thread 8 running on hwthread 8 - Vector length 20833328 Offset 166666624
Group: 0 Thread 9 Global Thread 9 running on hwthread 9 - Vector length 20833328 Offset 187499952
Group: 0 Thread 10 Global Thread 10 running on hwthread 10 - Vector length 20833328 Offset 208333280
Group: 0 Thread 11 Global Thread 11 running on hwthread 11 - Vector length 20833328 Offset 229166608
Group: 0 Thread 12 Global Thread 12 running on hwthread 12 - Vector length 20833328 Offset 249999936
Group: 0 Thread 13 Global Thread 13 running on hwthread 13 - Vector length 20833328 Offset 270833264
Group: 0 Thread 14 Global Thread 14 running on hwthread 14 - Vector length 20833328 Offset 291666592
Group: 0 Thread 15 Global Thread 15 running on hwthread 15 - Vector length 20833328 Offset 312499920
Group: 0 Thread 16 Global Thread 16 running on hwthread 16 - Vector length 20833328 Offset 333333248
Group: 0 Thread 17 Global Thread 17 running on hwthread 17 - Vector length 20833328 Offset 354166576
Group: 0 Thread 18 Global Thread 18 running on hwthread 18 - Vector length 20833328 Offset 374999904
Group: 0 Thread 19 Global Thread 19 running on hwthread 19 - Vector length 20833328 Offset 395833232
Group: 0 Thread 20 Global Thread 20 running on hwthread 20 - Vector length 20833328 Offset 416666560
Group: 0 Thread 21 Global Thread 21 running on hwthread 21 - Vector length 20833328 Offset 437499888
Group: 0 Thread 22 Global Thread 22 running on hwthread 22 - Vector length 20833328 Offset 458333216
Group: 0 Thread 23 Global Thread 23 running on hwthread 23 - Vector length 20833328 Offset 479166544
Group: 0 Thread 24 Global Thread 24 running on hwthread 24 - Vector length 20833328 Offset 499999872
Group: 0 Thread 25 Global Thread 25 running on hwthread 25 - Vector length 20833328 Offset 520833200
Group: 0 Thread 26 Global Thread 26 running on hwthread 26 - Vector length 20833328 Offset 541666528
Group: 0 Thread 27 Global Thread 27 running on hwthread 27 - Vector length 20833328 Offset 562499856
Group: 0 Thread 28 Global Thread 28 running on hwthread 28 - Vector length 20833328 Offset 583333184
Group: 0 Thread 29 Global Thread 29 running on hwthread 29 - Vector length 20833328 Offset 604166512
Group: 0 Thread 30 Global Thread 30 running on hwthread 30 - Vector length 20833328 Offset 624999840
Group: 0 Thread 31 Global Thread 31 running on hwthread 31 - Vector length 20833328 Offset 645833168
Group: 0 Thread 32 Global Thread 32 running on hwthread 32 - Vector length 20833328 Offset 666666496
Group: 0 Thread 33 Global Thread 33 running on hwthread 33 - Vector length 20833328 Offset 687499824
Group: 0 Thread 34 Global Thread 34 running on hwthread 34 - Vector length 20833328 Offset 708333152
Group: 0 Thread 35 Global Thread 35 running on hwthread 35 - Vector length 20833328 Offset 729166480
Group: 0 Thread 36 Global Thread 36 running on hwthread 36 - Vector length 20833328 Offset 749999808
Group: 0 Thread 37 Global Thread 37 running on hwthread 37 - Vector length 20833328 Offset 770833136
Group: 0 Thread 38 Global Thread 38 running on hwthread 38 - Vector length 20833328 Offset 791666464
Group: 0 Thread 39 Global Thread 39 running on hwthread 39 - Vector length 20833328 Offset 812499792
Group: 0 Thread 40 Global Thread 40 running on hwthread 40 - Vector length 20833328 Offset 833333120
Group: 0 Thread 41 Global Thread 41 running on hwthread 41 - Vector length 20833328 Offset 854166448
Group: 0 Thread 42 Global Thread 42 running on hwthread 42 - Vector length 20833328 Offset 874999776
Group: 0 Thread 43 Global Thread 43 running on hwthread 43 - Vector length 20833328 Offset 895833104
Group: 0 Thread 44 Global Thread 44 running on hwthread 44 - Vector length 20833328 Offset 916666432
Group: 0 Thread 45 Global Thread 45 running on hwthread 45 - Vector length 20833328 Offset 937499760
Group: 0 Thread 46 Global Thread 46 running on hwthread 46 - Vector length 20833328 Offset 958333088
Group: 0 Thread 47 Global Thread 47 running on hwthread 47 - Vector length 20833328 Offset 979166416
Group: 0 Thread 48 Global Thread 48 running on hwthread 48 - Vector length 20833328 Offset 999999744
Group: 0 Thread 49 Global Thread 49 running on hwthread 49 - Vector length 20833328 Offset 1020833072
Group: 0 Thread 50 Global Thread 50 running on hwthread 50 - Vector length 20833328 Offset 1041666400
Group: 0 Thread 51 Global Thread 51 running on hwthread 51 - Vector length 20833328 Offset 1062499728
Group: 0 Thread 52 Global Thread 52 running on hwthread 52 - Vector length 20833328 Offset 1083333056
Group: 0 Thread 53 Global Thread 53 running on hwthread 53 - Vector length 20833328 Offset 1104166384
Group: 0 Thread 54 Global Thread 54 running on hwthread 54 - Vector length 20833328 Offset 1124999712
Group: 0 Thread 55 Global Thread 55 running on hwthread 55 - Vector length 20833328 Offset 1145833040
Group: 0 Thread 56 Global Thread 56 running on hwthread 56 - Vector length 20833328 Offset 1166666368
Group: 0 Thread 57 Global Thread 57 running on hwthread 57 - Vector length 20833328 Offset 1187499696
Group: 0 Thread 58 Global Thread 58 running on hwthread 58 - Vector length 20833328 Offset 1208333024
Group: 0 Thread 59 Global Thread 59 running on hwthread 59 - Vector length 20833328 Offset 1229166352
Group: 0 Thread 60 Global Thread 60 running on hwthread 60 - Vector length 20833328 Offset 1249999680
Group: 0 Thread 61 Global Thread 61 running on hwthread 61 - Vector length 20833328 Offset 1270833008
Group: 0 Thread 62 Global Thread 62 running on hwthread 62 - Vector length 20833328 Offset 1291666336
Group: 0 Thread 63 Global Thread 63 running on hwthread 63 - Vector length 20833328 Offset 1312499664
--------------------------------------------------------------------------------
Cycles:			23705500942
CPU Clock:		2445385796
Cycle Clock:		2445385796
Time:			9.693972e+00 sec
Iterations:		3200
Iterations per thread:	50
Inner loop executions:	1302083
Size (Byte):		31999991808
Size per thread:	499999872
Number of Flops:	133333299200
MFlops/s:		13754.25
Data volume (Byte):	1599999590400
MByte/s:		165050.98
Cycles per update:	0.355583
Cycles per cacheline:	2.844661
Loads per update:	2
Stores per update:	1
Load bytes per element:	16
Store bytes per elem.:	8
Load/store ratio:	2.00
Instructions:		62499984017
UOPs:			91666643200
--------------------------------------------------------------------------------
Writing Likwid Marker API results to file /tmp/likwid_1612575.txt
--------------------------------------------------------------------------------
Region bench, Group 1: MEM2
+-------------------+------------+------------+------------+------------+------------+------------+------------+------------+------------+------------+-------------+-------------+-------------+-------------+-------------+-------------+-------------+-------------+-------------+-------------+-------------+-------------+-------------+-------------+-------------+-------------+-------------+-------------+-------------+-------------+-------------+-------------+-------------+-------------+-------------+-------------+-------------+-------------+-------------+-------------+-------------+-------------+-------------+-------------+-------------+-------------+-------------+-------------+-------------+-------------+-------------+-------------+-------------+-------------+-------------+-------------+-------------+-------------+-------------+-------------+-------------+-------------+-------------+-------------+
|    Region Info    | HWThread 0 | HWThread 1 | HWThread 2 | HWThread 3 | HWThread 4 | HWThread 5 | HWThread 6 | HWThread 7 | HWThread 8 | HWThread 9 | HWThread 10 | HWThread 11 | HWThread 12 | HWThread 13 | HWThread 14 | HWThread 15 | HWThread 16 | HWThread 17 | HWThread 18 | HWThread 19 | HWThread 20 | HWThread 21 | HWThread 22 | HWThread 23 | HWThread 24 | HWThread 25 | HWThread 26 | HWThread 27 | HWThread 28 | HWThread 29 | HWThread 30 | HWThread 31 | HWThread 32 | HWThread 33 | HWThread 34 | HWThread 35 | HWThread 36 | HWThread 37 | HWThread 38 | HWThread 39 | HWThread 40 | HWThread 41 | HWThread 42 | HWThread 43 | HWThread 44 | HWThread 45 | HWThread 46 | HWThread 47 | HWThread 48 | HWThread 49 | HWThread 50 | HWThread 51 | HWThread 52 | HWThread 53 | HWThread 54 | HWThread 55 | HWThread 56 | HWThread 57 | HWThread 58 | HWThread 59 | HWThread 60 | HWThread 61 | HWThread 62 | HWThread 63 |
+-------------------+------------+------------+------------+------------+------------+------------+------------+------------+------------+------------+-------------+-------------+-------------+-------------+-------------+-------------+-------------+-------------+-------------+-------------+-------------+-------------+-------------+-------------+-------------+-------------+-------------+-------------+-------------+-------------+-------------+-------------+-------------+-------------+-------------+-------------+-------------+-------------+-------------+-------------+-------------+-------------+-------------+-------------+-------------+-------------+-------------+-------------+-------------+-------------+-------------+-------------+-------------+-------------+-------------+-------------+-------------+-------------+-------------+-------------+-------------+-------------+-------------+-------------+
| RDTSC Runtime [s] |   9.693627 |   9.693896 |   9.693769 |   9.693885 |   9.693772 |   9.693886 |   9.693792 |   9.693788 |   9.693965 |   9.693886 |    9.693893 |    9.693892 |    9.693876 |    9.693754 |    9.693973 |    9.693901 |    9.693881 |    9.693752 |    9.693800 |    9.693908 |    9.693783 |    9.693884 |    9.693755 |    9.693919 |    9.693843 |    9.693905 |    9.693905 |    9.693918 |    9.693804 |    9.693918 |    9.693760 |    9.693898 |    9.693890 |    9.693897 |    9.693876 |    9.693778 |    9.693749 |    9.693888 |    9.693763 |    9.693897 |    9.693775 |    9.693796 |    9.693920 |    9.693818 |    9.693921 |    9.693754 |    9.693774 |    9.693817 |    9.693917 |    9.693922 |    9.693764 |    9.693730 |    9.693781 |    9.693785 |    9.693763 |    9.693875 |    9.693735 |    9.693760 |    9.693869 |    9.693756 |    9.693775 |    9.693897 |    9.693922 |    9.693920 |
|     call count    |          1 |          1 |          1 |          1 |          1 |          1 |          1 |          1 |          1 |          1 |           1 |           1 |           1 |           1 |           1 |           1 |           1 |           1 |           1 |           1 |           1 |           1 |           1 |           1 |           1 |           1 |           1 |           1 |           1 |           1 |           1 |           1 |           1 |           1 |           1 |           1 |           1 |           1 |           1 |           1 |           1 |           1 |           1 |           1 |           1 |           1 |           1 |           1 |           1 |           1 |           1 |           1 |           1 |           1 |           1 |           1 |           1 |           1 |           1 |           1 |           1 |           1 |           1 |           1 |
+-------------------+------------+------------+------------+------------+------------+------------+------------+------------+------------+------------+-------------+-------------+-------------+-------------+-------------+-------------+-------------+-------------+-------------+-------------+-------------+-------------+-------------+-------------+-------------+-------------+-------------+-------------+-------------+-------------+-------------+-------------+-------------+-------------+-------------+-------------+-------------+-------------+-------------+-------------+-------------+-------------+-------------+-------------+-------------+-------------+-------------+-------------+-------------+-------------+-------------+-------------+-------------+-------------+-------------+-------------+-------------+-------------+-------------+-------------+-------------+-------------+-------------+-------------+

+----------------------+---------+-------------+-------------+-------------+-------------+-------------+-------------+-------------+-------------+-------------+-------------+-------------+-------------+-------------+-------------+-------------+-------------+-------------+-------------+-------------+-------------+-------------+-------------+-------------+-------------+-------------+-------------+-------------+-------------+-------------+-------------+-------------+-------------+-------------+-------------+-------------+-------------+-------------+-------------+-------------+-------------+-------------+-------------+-------------+-------------+-------------+-------------+-------------+-------------+-------------+-------------+-------------+-------------+-------------+-------------+-------------+-------------+-------------+-------------+-------------+-------------+-------------+-------------+-------------+-------------+
|         Event        | Counter |  HWThread 0 |  HWThread 1 |  HWThread 2 |  HWThread 3 |  HWThread 4 |  HWThread 5 |  HWThread 6 |  HWThread 7 |  HWThread 8 |  HWThread 9 | HWThread 10 | HWThread 11 | HWThread 12 | HWThread 13 | HWThread 14 | HWThread 15 | HWThread 16 | HWThread 17 | HWThread 18 | HWThread 19 | HWThread 20 | HWThread 21 | HWThread 22 | HWThread 23 | HWThread 24 | HWThread 25 | HWThread 26 | HWThread 27 | HWThread 28 | HWThread 29 | HWThread 30 | HWThread 31 | HWThread 32 | HWThread 33 | HWThread 34 | HWThread 35 | HWThread 36 | HWThread 37 | HWThread 38 | HWThread 39 | HWThread 40 | HWThread 41 | HWThread 42 | HWThread 43 | HWThread 44 | HWThread 45 | HWThread 46 | HWThread 47 | HWThread 48 | HWThread 49 | HWThread 50 | HWThread 51 | HWThread 52 | HWThread 53 | HWThread 54 | HWThread 55 | HWThread 56 | HWThread 57 | HWThread 58 | HWThread 59 | HWThread 60 | HWThread 61 | HWThread 62 | HWThread 63 |
+----------------------+---------+-------------+-------------+-------------+-------------+-------------+-------------+-------------+-------------+-------------+-------------+-------------+-------------+-------------+-------------+-------------+-------------+-------------+-------------+-------------+-------------+-------------+-------------+-------------+-------------+-------------+-------------+-------------+-------------+-------------+-------------+-------------+-------------+-------------+-------------+-------------+-------------+-------------+-------------+-------------+-------------+-------------+-------------+-------------+-------------+-------------+-------------+-------------+-------------+-------------+-------------+-------------+-------------+-------------+-------------+-------------+-------------+-------------+-------------+-------------+-------------+-------------+-------------+-------------+-------------+
|   ACTUAL_CPU_CLOCK   |  FIXC1  | 31438710000 | 31443100000 | 31442700000 | 31439110000 | 31439790000 | 31438710000 | 31438650000 | 31439720000 | 31440130000 | 31439840000 | 31438570000 | 31437250000 | 31439690000 | 31439520000 | 31439640000 | 31440470000 | 31441070000 | 31439290000 | 31437890000 | 31438860000 | 31442280000 | 31441310000 | 31437830000 | 31440250000 | 31439040000 | 31437870000 | 31436800000 | 31438590000 | 31441890000 | 31439760000 | 31438910000 | 31438190000 | 31434550000 | 31440340000 | 31441400000 | 31441960000 | 31438250000 | 31440330000 | 31441670000 | 31438230000 | 31436250000 | 31441810000 | 31438700000 | 31440860000 | 31440610000 | 31439750000 | 31440800000 | 31440200000 | 31439470000 | 31440870000 | 31436040000 | 31438180000 | 31439270000 | 31438490000 | 31439810000 | 31436140000 | 31441050000 | 31439400000 | 31440160000 | 31440540000 | 31439530000 | 31442930000 | 31439330000 | 31442670000 |
|     MAX_CPU_CLOCK    |  FIXC2  | 23706550000 | 23706730000 | 23706340000 | 23706560000 | 23706350000 | 23706570000 | 23706570000 | 23706550000 | 23706780000 | 23706770000 | 23706570000 | 23706260000 | 23706760000 | 23706400000 | 23706610000 | 23706740000 | 23706350000 | 23705940000 | 23706390000 | 23706610000 | 23706250000 | 23706610000 | 23705980000 | 23706220000 | 23706280000 | 23706570000 | 23706440000 | 23706430000 | 23706410000 | 23706320000 | 23706060000 | 23706460000 | 23706760000 | 23706760000 | 23706710000 | 23706400000 | 23706370000 | 23706370000 | 23706570000 | 23706770000 | 23706220000 | 23706120000 | 23706310000 | 23706070000 | 23706340000 | 23706130000 | 23706300000 | 23706080000 | 23706410000 | 23706300000 | 23706240000 | 23706360000 | 23706100000 | 23706230000 | 23706380000 | 23706260000 | 23706350000 | 23706520000 | 23706420000 | 23706410000 | 23706250000 | 23706440000 | 23706570000 | 23706630000 |
| RETIRED_INSTRUCTIONS |   PMC0  |  1013307000 |  1023308000 |  1020266000 |  1016220000 |  1008693000 |  1008458000 |  1006164000 |  1005987000 |   988124200 |   985594400 |   983524700 |   982247800 |   978889500 |   980023100 |   979230100 |   978307900 |  1023108000 |  1017584000 |  1019500000 |  1016137000 |  1006422000 |  1008764000 |  1004183000 |  1005756000 |   987853400 |   987560800 |   982549500 |   980941500 |   977397800 |   979355600 |   976968600 |   977086400 |  1019757000 |  1026331000 |  1010240000 |  1011417000 |  1008787000 |  1011543000 |  1005636000 |  1004999000 |   982908100 |   986926300 |   980712800 |   983696300 |   977377500 |   978599600 |   977830900 |   976582900 |  1024401000 |  1027761000 |  1018768000 |  1021261000 |  1012970000 |  1023659000 |  1010992000 |  1012783000 |   988437300 |   989654200 |   984955400 |   985253000 |   982392700 |   980121900 |   980475100 |   980095200 |
|  CPU_CLOCKS_UNHALTED |   PMC1  | 31151590000 | 31176080000 | 31175880000 | 31173660000 | 31166720000 | 31167570000 | 31163600000 | 31166460000 | 31166730000 | 31161860000 | 31162750000 | 31169590000 | 31160130000 | 31170520000 | 31165930000 | 31172870000 | 31168010000 | 31167660000 | 31168860000 | 31167510000 | 31172650000 | 31170340000 | 31161260000 | 31168420000 | 31170920000 | 31166650000 | 31165100000 | 31169850000 | 31172850000 | 31172050000 | 31141670000 | 31168140000 | 31160010000 | 31173250000 | 31174030000 | 31166240000 | 31162180000 | 31173160000 | 31170240000 | 31161360000 | 31163890000 | 31177090000 | 31169320000 | 31173270000 | 31168480000 | 31171980000 | 31170180000 | 31169390000 | 31171860000 | 31178250000 | 31173320000 | 31170970000 | 31175720000 | 31172660000 | 31166970000 | 31171840000 | 31162990000 | 31172510000 | 31171620000 | 31165540000 | 31167720000 | 31170580000 | 31170460000 | 31176090000 |
|    DRAM_CHANNEL_4    |   DFC0  |  3129936000 |           0 |           0 |           0 |           0 |           0 |           0 |           0 |           0 |           0 |           0 |           0 |           0 |           0 |           0 |           0 |           0 |           0 |           0 |           0 |           0 |           0 |           0 |           0 |           0 |           0 |           0 |           0 |           0 |           0 |           0 |           0 |           0 |           0 |           0 |           0 |           0 |           0 |           0 |           0 |           0 |           0 |           0 |           0 |           0 |           0 |           0 |           0 |           0 |           0 |           0 |           0 |           0 |           0 |           0 |           0 |           0 |           0 |           0 |           0 |           0 |           0 |           0 |           0 |
|    DRAM_CHANNEL_5    |   DFC1  |  3130359000 |           0 |           0 |           0 |           0 |           0 |           0 |           0 |           0 |           0 |           0 |           0 |           0 |           0 |           0 |           0 |           0 |           0 |           0 |           0 |           0 |           0 |           0 |           0 |           0 |           0 |           0 |           0 |           0 |           0 |           0 |           0 |           0 |           0 |           0 |           0 |           0 |           0 |           0 |           0 |           0 |           0 |           0 |           0 |           0 |           0 |           0 |           0 |           0 |           0 |           0 |           0 |           0 |           0 |           0 |           0 |           0 |           0 |           0 |           0 |           0 |           0 |           0 |           0 |
|    DRAM_CHANNEL_6    |   DFC2  |  3130565000 |           0 |           0 |           0 |           0 |           0 |           0 |           0 |           0 |           0 |           0 |           0 |           0 |           0 |           0 |           0 |           0 |           0 |           0 |           0 |           0 |           0 |           0 |           0 |           0 |           0 |           0 |           0 |           0 |           0 |           0 |           0 |           0 |           0 |           0 |           0 |           0 |           0 |           0 |           0 |           0 |           0 |           0 |           0 |           0 |           0 |           0 |           0 |           0 |           0 |           0 |           0 |           0 |           0 |           0 |           0 |           0 |           0 |           0 |           0 |           0 |           0 |           0 |           0 |
|    DRAM_CHANNEL_7    |   DFC3  |  3130533000 |           0 |           0 |           0 |           0 |           0 |           0 |           0 |           0 |           0 |           0 |           0 |           0 |           0 |           0 |           0 |           0 |           0 |           0 |           0 |           0 |           0 |           0 |           0 |           0 |           0 |           0 |           0 |           0 |           0 |           0 |           0 |           0 |           0 |           0 |           0 |           0 |           0 |           0 |           0 |           0 |           0 |           0 |           0 |           0 |           0 |           0 |           0 |           0 |           0 |           0 |           0 |           0 |           0 |           0 |           0 |           0 |           0 |           0 |           0 |           0 |           0 |           0 |           0 |
+----------------------+---------+-------------+-------------+-------------+-------------+-------------+-------------+-------------+-------------+-------------+-------------+-------------+-------------+-------------+-------------+-------------+-------------+-------------+-------------+-------------+-------------+-------------+-------------+-------------+-------------+-------------+-------------+-------------+-------------+-------------+-------------+-------------+-------------+-------------+-------------+-------------+-------------+-------------+-------------+-------------+-------------+-------------+-------------+-------------+-------------+-------------+-------------+-------------+-------------+-------------+-------------+-------------+-------------+-------------+-------------+-------------+-------------+-------------+-------------+-------------+-------------+-------------+-------------+-------------+-------------+

+---------------------------+---------+---------------+-------------+-------------+--------------+
|           Event           | Counter |      Sum      |     Min     |     Max     |      Avg     |
+---------------------------+---------+---------------+-------------+-------------+--------------+
|   ACTUAL_CPU_CLOCK STAT   |  FIXC1  | 2012135020000 | 31434550000 | 31443100000 | 3.143961e+10 |
|     MAX_CPU_CLOCK STAT    |  FIXC2  | 1517210580000 | 23705940000 | 23706780000 | 2.370642e+10 |
| RETIRED_INSTRUCTIONS STAT |   PMC0  |   63876836500 |   976582900 |  1027761000 | 9.980756e+08 |
|  CPU_CLOCKS_UNHALTED STAT |   PMC1  | 1994787050000 | 31141670000 | 31178250000 | 3.116855e+10 |
|    DRAM_CHANNEL_4 STAT    |   DFC0  |    3129936000 |           0 |  3129936000 |     48905250 |
|    DRAM_CHANNEL_5 STAT    |   DFC1  |    3130359000 |           0 |  3130359000 | 4.891186e+07 |
|    DRAM_CHANNEL_6 STAT    |   DFC2  |    3130565000 |           0 |  3130565000 | 4.891508e+07 |
|    DRAM_CHANNEL_7 STAT    |   DFC3  |    3130533000 |           0 |  3130533000 | 4.891458e+07 |
+---------------------------+---------+---------------+-------------+-------------+--------------+

+--------------------------------------------+------------+------------+------------+------------+------------+------------+------------+------------+------------+------------+-------------+-------------+-------------+-------------+-------------+-------------+-------------+-------------+-------------+-------------+-------------+-------------+-------------+-------------+-------------+-------------+-------------+-------------+-------------+-------------+-------------+-------------+-------------+-------------+-------------+-------------+-------------+-------------+-------------+-------------+-------------+-------------+-------------+-------------+-------------+-------------+-------------+-------------+-------------+-------------+-------------+-------------+-------------+-------------+-------------+-------------+-------------+-------------+-------------+-------------+-------------+-------------+-------------+-------------+
|                   Metric                   | HWThread 0 | HWThread 1 | HWThread 2 | HWThread 3 | HWThread 4 | HWThread 5 | HWThread 6 | HWThread 7 | HWThread 8 | HWThread 9 | HWThread 10 | HWThread 11 | HWThread 12 | HWThread 13 | HWThread 14 | HWThread 15 | HWThread 16 | HWThread 17 | HWThread 18 | HWThread 19 | HWThread 20 | HWThread 21 | HWThread 22 | HWThread 23 | HWThread 24 | HWThread 25 | HWThread 26 | HWThread 27 | HWThread 28 | HWThread 29 | HWThread 30 | HWThread 31 | HWThread 32 | HWThread 33 | HWThread 34 | HWThread 35 | HWThread 36 | HWThread 37 | HWThread 38 | HWThread 39 | HWThread 40 | HWThread 41 | HWThread 42 | HWThread 43 | HWThread 44 | HWThread 45 | HWThread 46 | HWThread 47 | HWThread 48 | HWThread 49 | HWThread 50 | HWThread 51 | HWThread 52 | HWThread 53 | HWThread 54 | HWThread 55 | HWThread 56 | HWThread 57 | HWThread 58 | HWThread 59 | HWThread 60 | HWThread 61 | HWThread 62 | HWThread 63 |
+--------------------------------------------+------------+------------+------------+------------+------------+------------+------------+------------+------------+------------+-------------+-------------+-------------+-------------+-------------+-------------+-------------+-------------+-------------+-------------+-------------+-------------+-------------+-------------+-------------+-------------+-------------+-------------+-------------+-------------+-------------+-------------+-------------+-------------+-------------+-------------+-------------+-------------+-------------+-------------+-------------+-------------+-------------+-------------+-------------+-------------+-------------+-------------+-------------+-------------+-------------+-------------+-------------+-------------+-------------+-------------+-------------+-------------+-------------+-------------+-------------+-------------+-------------+-------------+
|             Runtime (RDTSC) [s]            |     9.6936 |     9.6939 |     9.6938 |     9.6939 |     9.6938 |     9.6939 |     9.6938 |     9.6938 |     9.6940 |     9.6939 |      9.6939 |      9.6939 |      9.6939 |      9.6938 |      9.6940 |      9.6939 |      9.6939 |      9.6938 |      9.6938 |      9.6939 |      9.6938 |      9.6939 |      9.6938 |      9.6939 |      9.6938 |      9.6939 |      9.6939 |      9.6939 |      9.6938 |      9.6939 |      9.6938 |      9.6939 |      9.6939 |      9.6939 |      9.6939 |      9.6938 |      9.6937 |      9.6939 |      9.6938 |      9.6939 |      9.6938 |      9.6938 |      9.6939 |      9.6938 |      9.6939 |      9.6938 |      9.6938 |      9.6938 |      9.6939 |      9.6939 |      9.6938 |      9.6937 |      9.6938 |      9.6938 |      9.6938 |      9.6939 |      9.6937 |      9.6938 |      9.6939 |      9.6938 |      9.6938 |      9.6939 |      9.6939 |      9.6939 |
|            Runtime unhalted [s]            |    12.8563 |    12.8581 |    12.8580 |    12.8565 |    12.8568 |    12.8563 |    12.8563 |    12.8567 |    12.8569 |    12.8568 |     12.8563 |     12.8557 |     12.8567 |     12.8567 |     12.8567 |     12.8570 |     12.8573 |     12.8566 |     12.8560 |     12.8564 |     12.8578 |     12.8574 |     12.8560 |     12.8570 |     12.8565 |     12.8560 |     12.8555 |     12.8563 |     12.8576 |     12.8568 |     12.8564 |     12.8561 |     12.8546 |     12.8570 |     12.8574 |     12.8577 |     12.8561 |     12.8570 |     12.8575 |     12.8561 |     12.8553 |     12.8576 |     12.8563 |     12.8572 |     12.8571 |     12.8568 |     12.8572 |     12.8569 |     12.8566 |     12.8572 |     12.8552 |     12.8561 |     12.8566 |     12.8562 |     12.8568 |     12.8553 |     12.8573 |     12.8566 |     12.8569 |     12.8571 |     12.8567 |     12.8581 |     12.8566 |     12.8579 |
|                 Clock [MHz]                |  3242.9787 |  3243.4069 |  3243.4190 |  3243.0186 |  3243.1175 |  3242.9760 |  3242.9698 |  3243.0829 |  3243.0937 |  3243.0652 |   3242.9615 |   3242.8678 |   3243.0510 |   3243.0828 |   3243.0664 |   3243.1342 |   3243.2495 |   3243.1220 |   3242.9160 |   3242.9860 |   3243.3880 |   3243.2387 |   3242.9659 |   3243.1827 |   3243.0497 |   3242.8893 |   3242.7967 |   3242.9827 |   3243.3259 |   3243.1185 |   3243.0663 |   3242.9374 |   3242.5208 |   3243.1181 |   3243.2343 |   3243.3345 |   3242.9559 |   3243.1704 |   3243.2813 |   3242.8991 |   3242.7701 |   3243.3573 |   3243.0105 |   3243.2661 |   3243.2034 |   3243.1434 |   3243.2285 |   3243.1967 |   3243.0762 |   3243.2357 |   3242.7457 |   3242.9500 |   3243.0980 |   3242.9998 |   3243.1154 |   3242.7533 |   3243.2474 |   3243.0540 |   3243.1460 |   3243.1866 |   3243.1043 |   3243.4290 |   3243.0399 |   3243.3762 |
|                     CPI                    |    30.7425 |    30.4660 |    30.5566 |    30.6761 |    30.8981 |    30.9062 |    30.9727 |    30.9810 |    31.5413 |    31.6173 |     31.6848 |     31.7329 |     31.8321 |     31.8059 |     31.8270 |     31.8641 |     30.4640 |     30.6291 |     30.5727 |     30.6725 |     30.9737 |     30.8995 |     31.0315 |     30.9900 |     31.5542 |     31.5592 |     31.7186 |     31.7754 |     31.8937 |     31.8291 |     31.8758 |     31.8991 |     30.5563 |     30.3735 |     30.8580 |     30.8144 |     30.8907 |     30.8174 |     30.9955 |     31.0064 |     31.7058 |     31.5901 |     31.7823 |     31.6899 |     31.8899 |     31.8537 |     31.8769 |     31.9168 |     30.4294 |     30.3361 |     30.5990 |     30.5220 |     30.7765 |     30.4522 |     30.8281 |     30.7784 |     31.5275 |     31.4984 |     31.6477 |     31.6320 |     31.7263 |     31.8028 |     31.7912 |     31.8092 |
| Memory bandwidth (channels 4-7) [MBytes/s] | 82669.6913 |          0 |          0 |          0 |          0 |          0 |          0 |          0 |          0 |          0 |           0 |           0 |           0 |           0 |           0 |           0 |           0 |           0 |           0 |           0 |           0 |           0 |           0 |           0 |           0 |           0 |           0 |           0 |           0 |           0 |           0 |           0 |           0 |           0 |           0 |           0 |           0 |           0 |           0 |           0 |           0 |           0 |           0 |           0 |           0 |           0 |           0 |           0 |           0 |           0 |           0 |           0 |           0 |           0 |           0 |           0 |           0 |           0 |           0 |           0 |           0 |           0 |           0 |           0 |
| Memory data volume (channels 4-7) [GBytes] |   801.3692 |          0 |          0 |          0 |          0 |          0 |          0 |          0 |          0 |          0 |           0 |           0 |           0 |           0 |           0 |           0 |           0 |           0 |           0 |           0 |           0 |           0 |           0 |           0 |           0 |           0 |           0 |           0 |           0 |           0 |           0 |           0 |           0 |           0 |           0 |           0 |           0 |           0 |           0 |           0 |           0 |           0 |           0 |           0 |           0 |           0 |           0 |           0 |           0 |           0 |           0 |           0 |           0 |           0 |           0 |           0 |           0 |           0 |           0 |           0 |           0 |           0 |           0 |           0 |
+--------------------------------------------+------------+------------+------------+------------+------------+------------+------------+------------+------------+------------+-------------+-------------+-------------+-------------+-------------+-------------+-------------+-------------+-------------+-------------+-------------+-------------+-------------+-------------+-------------+-------------+-------------+-------------+-------------+-------------+-------------+-------------+-------------+-------------+-------------+-------------+-------------+-------------+-------------+-------------+-------------+-------------+-------------+-------------+-------------+-------------+-------------+-------------+-------------+-------------+-------------+-------------+-------------+-------------+-------------+-------------+-------------+-------------+-------------+-------------+-------------+-------------+-------------+-------------+

+-------------------------------------------------+-------------+-----------+------------+-----------+
|                      Metric                     |     Sum     |    Min    |     Max    |    Avg    |
+-------------------------------------------------+-------------+-----------+------------+-----------+
|             Runtime (RDTSC) [s] STAT            |    620.4062 |    9.6936 |     9.6940 |    9.6938 |
|            Runtime unhalted [s] STAT            |    822.8285 |   12.8546 |    12.8581 |   12.8567 |
|                 Clock [MHz] STAT                | 207557.7552 | 3242.5208 |  3243.4290 | 3243.0899 |
|                     CPI STAT                    |   1999.2171 |   30.3361 |    31.9168 |   31.2378 |
| Memory bandwidth (channels 4-7) [MBytes/s] STAT |  82669.6913 |         0 | 82669.6913 | 1291.7139 |
| Memory data volume (channels 4-7) [GBytes] STAT |    801.3692 |         0 |   801.3692 |   12.5214 |
+-------------------------------------------------+-------------+-----------+------------+-----------+

