INFO: You are running LIKWID in a cpuset with 128 CPUs. Taking given IDs as logical ID in cpuset
--------------------------------------------------------------------------------
CPU name:	AMD EPYC 7763 64-Core Processor                
CPU type:	AMD K19 (Zen3) architecture
CPU clock:	2.45 GHz
--------------------------------------------------------------------------------
Allocate: Process running on hwthread 0 (Domain N) - Vector length 8000000/32000000 Offset 0 Alignment 1024
Initialization: Each thread in domain initializes its own stream chunks
--------------------------------------------------------------------------------
LIKWID MICRO BENCHMARK
Test: peakflops_sp
--------------------------------------------------------------------------------
Using 1 work groups
Using 64 threads
--------------------------------------------------------------------------------
Using Likwid Marker API
--------------------------------------------------------------------------------
Group: 0 Thread 0 Global Thread 0 running on hwthread 0 - Vector length 125000 Offset 0
Group: 0 Thread 1 Global Thread 1 running on hwthread 1 - Vector length 125000 Offset 125000
Group: 0 Thread 2 Global Thread 2 running on hwthread 2 - Vector length 125000 Offset 250000
Group: 0 Thread 3 Global Thread 3 running on hwthread 3 - Vector length 125000 Offset 375000
Group: 0 Thread 4 Global Thread 4 running on hwthread 4 - Vector length 125000 Offset 500000
Group: 0 Thread 5 Global Thread 5 running on hwthread 5 - Vector length 125000 Offset 625000
Group: 0 Thread 6 Global Thread 6 running on hwthread 6 - Vector length 125000 Offset 750000
Group: 0 Thread 7 Global Thread 7 running on hwthread 7 - Vector length 125000 Offset 875000
Group: 0 Thread 8 Global Thread 8 running on hwthread 8 - Vector length 125000 Offset 1000000
Group: 0 Thread 9 Global Thread 9 running on hwthread 9 - Vector length 125000 Offset 1125000
Group: 0 Thread 10 Global Thread 10 running on hwthread 10 - Vector length 125000 Offset 1250000
Group: 0 Thread 11 Global Thread 11 running on hwthread 11 - Vector length 125000 Offset 1375000
Group: 0 Thread 12 Global Thread 12 running on hwthread 12 - Vector length 125000 Offset 1500000
Group: 0 Thread 13 Global Thread 13 running on hwthread 13 - Vector length 125000 Offset 1625000
Group: 0 Thread 14 Global Thread 14 running on hwthread 14 - Vector length 125000 Offset 1750000
Group: 0 Thread 15 Global Thread 15 running on hwthread 15 - Vector length 125000 Offset 1875000
Group: 0 Thread 16 Global Thread 16 running on hwthread 16 - Vector length 125000 Offset 2000000
Group: 0 Thread 17 Global Thread 17 running on hwthread 17 - Vector length 125000 Offset 2125000
Group: 0 Thread 18 Global Thread 18 running on hwthread 18 - Vector length 125000 Offset 2250000
Group: 0 Thread 19 Global Thread 19 running on hwthread 19 - Vector length 125000 Offset 2375000
Group: 0 Thread 20 Global Thread 20 running on hwthread 20 - Vector length 125000 Offset 2500000
Group: 0 Thread 21 Global Thread 21 running on hwthread 21 - Vector length 125000 Offset 2625000
Group: 0 Thread 22 Global Thread 22 running on hwthread 22 - Vector length 125000 Offset 2750000
Group: 0 Thread 23 Global Thread 23 running on hwthread 23 - Vector length 125000 Offset 2875000
Group: 0 Thread 24 Global Thread 24 running on hwthread 24 - Vector length 125000 Offset 3000000
Group: 0 Thread 25 Global Thread 25 running on hwthread 25 - Vector length 125000 Offset 3125000
Group: 0 Thread 26 Global Thread 26 running on hwthread 26 - Vector length 125000 Offset 3250000
Group: 0 Thread 27 Global Thread 27 running on hwthread 27 - Vector length 125000 Offset 3375000
Group: 0 Thread 28 Global Thread 28 running on hwthread 28 - Vector length 125000 Offset 3500000
Group: 0 Thread 29 Global Thread 29 running on hwthread 29 - Vector length 125000 Offset 3625000
Group: 0 Thread 30 Global Thread 30 running on hwthread 30 - Vector length 125000 Offset 3750000
Group: 0 Thread 31 Global Thread 31 running on hwthread 31 - Vector length 125000 Offset 3875000
Group: 0 Thread 32 Global Thread 32 running on hwthread 32 - Vector length 125000 Offset 4000000
Group: 0 Thread 33 Global Thread 33 running on hwthread 33 - Vector length 125000 Offset 4125000
Group: 0 Thread 34 Global Thread 34 running on hwthread 34 - Vector length 125000 Offset 4250000
Group: 0 Thread 35 Global Thread 35 running on hwthread 35 - Vector length 125000 Offset 4375000
Group: 0 Thread 36 Global Thread 36 running on hwthread 36 - Vector length 125000 Offset 4500000
Group: 0 Thread 37 Global Thread 37 running on hwthread 37 - Vector length 125000 Offset 4625000
Group: 0 Thread 38 Global Thread 38 running on hwthread 38 - Vector length 125000 Offset 4750000
Group: 0 Thread 39 Global Thread 39 running on hwthread 39 - Vector length 125000 Offset 4875000
Group: 0 Thread 40 Global Thread 40 running on hwthread 40 - Vector length 125000 Offset 5000000
Group: 0 Thread 41 Global Thread 41 running on hwthread 41 - Vector length 125000 Offset 5125000
Group: 0 Thread 42 Global Thread 42 running on hwthread 42 - Vector length 125000 Offset 5250000
Group: 0 Thread 43 Global Thread 43 running on hwthread 43 - Vector length 125000 Offset 5375000
Group: 0 Thread 44 Global Thread 44 running on hwthread 44 - Vector length 125000 Offset 5500000
Group: 0 Thread 45 Global Thread 45 running on hwthread 45 - Vector length 125000 Offset 5625000
Group: 0 Thread 46 Global Thread 46 running on hwthread 46 - Vector length 125000 Offset 5750000
Group: 0 Thread 47 Global Thread 47 running on hwthread 47 - Vector length 125000 Offset 5875000
Group: 0 Thread 48 Global Thread 48 running on hwthread 48 - Vector length 125000 Offset 6000000
Group: 0 Thread 49 Global Thread 49 running on hwthread 49 - Vector length 125000 Offset 6125000
Group: 0 Thread 50 Global Thread 50 running on hwthread 50 - Vector length 125000 Offset 6250000
Group: 0 Thread 51 Global Thread 51 running on hwthread 51 - Vector length 125000 Offset 6375000
Group: 0 Thread 52 Global Thread 52 running on hwthread 52 - Vector length 125000 Offset 6500000
Group: 0 Thread 53 Global Thread 53 running on hwthread 53 - Vector length 125000 Offset 6625000
Group: 0 Thread 54 Global Thread 54 running on hwthread 54 - Vector length 125000 Offset 6750000
Group: 0 Thread 55 Global Thread 55 running on hwthread 55 - Vector length 125000 Offset 6875000
Group: 0 Thread 56 Global Thread 56 running on hwthread 56 - Vector length 125000 Offset 7000000
Group: 0 Thread 57 Global Thread 57 running on hwthread 57 - Vector length 125000 Offset 7125000
Group: 0 Thread 58 Global Thread 58 running on hwthread 58 - Vector length 125000 Offset 7250000
Group: 0 Thread 59 Global Thread 59 running on hwthread 59 - Vector length 125000 Offset 7375000
Group: 0 Thread 60 Global Thread 60 running on hwthread 60 - Vector length 125000 Offset 7500000
Group: 0 Thread 61 Global Thread 61 running on hwthread 61 - Vector length 125000 Offset 7625000
Group: 0 Thread 62 Global Thread 62 running on hwthread 62 - Vector length 125000 Offset 7750000
Group: 0 Thread 63 Global Thread 63 running on hwthread 63 - Vector length 125000 Offset 7875000
--------------------------------------------------------------------------------
Cycles:			2953781373
CPU Clock:		2445386931
Cycle Clock:		2445386931
Time:			1.207899e+00 sec
Iterations:		320000
Iterations per thread:	5000
Inner loop executions:	125000
Size (Byte):		32000000
Size per thread:	500000
Number of Flops:	640000000000
MFlops/s:		529845.46
Data volume (Byte):	160000000000
MByte/s:		132461.36
Cycles per update:	0.073845
Cycles per cacheline:	1.181513
Loads per update:	1
Stores per update:	0
Load bytes per element:	4
Store bytes per elem.:	0
Instructions:		800000000032
UOPs:			760000000000
--------------------------------------------------------------------------------
Writing Likwid Marker API results to file /tmp/likwid_1593483.txt
--------------------------------------------------------------------------------
Region bench, Group 1: FLOPS_SP
+-------------------+------------+------------+------------+------------+------------+------------+------------+------------+------------+------------+-------------+-------------+-------------+-------------+-------------+-------------+-------------+-------------+-------------+-------------+-------------+-------------+-------------+-------------+-------------+-------------+-------------+-------------+-------------+-------------+-------------+-------------+-------------+-------------+-------------+-------------+-------------+-------------+-------------+-------------+-------------+-------------+-------------+-------------+-------------+-------------+-------------+-------------+-------------+-------------+-------------+-------------+-------------+-------------+-------------+-------------+-------------+-------------+-------------+-------------+-------------+-------------+-------------+-------------+
|    Region Info    | HWThread 0 | HWThread 1 | HWThread 2 | HWThread 3 | HWThread 4 | HWThread 5 | HWThread 6 | HWThread 7 | HWThread 8 | HWThread 9 | HWThread 10 | HWThread 11 | HWThread 12 | HWThread 13 | HWThread 14 | HWThread 15 | HWThread 16 | HWThread 17 | HWThread 18 | HWThread 19 | HWThread 20 | HWThread 21 | HWThread 22 | HWThread 23 | HWThread 24 | HWThread 25 | HWThread 26 | HWThread 27 | HWThread 28 | HWThread 29 | HWThread 30 | HWThread 31 | HWThread 32 | HWThread 33 | HWThread 34 | HWThread 35 | HWThread 36 | HWThread 37 | HWThread 38 | HWThread 39 | HWThread 40 | HWThread 41 | HWThread 42 | HWThread 43 | HWThread 44 | HWThread 45 | HWThread 46 | HWThread 47 | HWThread 48 | HWThread 49 | HWThread 50 | HWThread 51 | HWThread 52 | HWThread 53 | HWThread 54 | HWThread 55 | HWThread 56 | HWThread 57 | HWThread 58 | HWThread 59 | HWThread 60 | HWThread 61 | HWThread 62 | HWThread 63 |
+-------------------+------------+------------+------------+------------+------------+------------+------------+------------+------------+------------+-------------+-------------+-------------+-------------+-------------+-------------+-------------+-------------+-------------+-------------+-------------+-------------+-------------+-------------+-------------+-------------+-------------+-------------+-------------+-------------+-------------+-------------+-------------+-------------+-------------+-------------+-------------+-------------+-------------+-------------+-------------+-------------+-------------+-------------+-------------+-------------+-------------+-------------+-------------+-------------+-------------+-------------+-------------+-------------+-------------+-------------+-------------+-------------+-------------+-------------+-------------+-------------+-------------+-------------+
| RDTSC Runtime [s] |   1.207766 |   1.207736 |   1.207736 |   1.207736 |   1.207739 |   1.207750 |   1.207766 |   1.207756 |   1.207757 |   1.207843 |    1.207759 |    1.207759 |    1.207828 |    1.207762 |    1.207812 |    1.207763 |    1.207871 |    1.207870 |    1.207817 |    1.207894 |    1.207734 |    1.207870 |    1.207808 |    1.207777 |    1.207756 |    1.207756 |    1.207733 |    1.207759 |    1.207855 |    1.207758 |    1.207733 |    1.207900 |    1.207869 |    1.207852 |    1.207820 |    1.207726 |    1.207767 |    1.207842 |    1.207819 |    1.207834 |    1.207759 |    1.207873 |    1.207874 |    1.207869 |    1.207822 |    1.207774 |    1.207760 |    1.207873 |    1.207868 |    1.207763 |    1.207759 |    1.207807 |    1.207760 |    1.207822 |    1.207762 |    1.207763 |    1.207754 |    1.207817 |    1.207821 |    1.207767 |    1.207747 |    1.207817 |    1.207818 |    1.207746 |
|     call count    |          1 |          1 |          1 |          1 |          1 |          1 |          1 |          1 |          1 |          1 |           1 |           1 |           1 |           1 |           1 |           1 |           1 |           1 |           1 |           1 |           1 |           1 |           1 |           1 |           1 |           1 |           1 |           1 |           1 |           1 |           1 |           1 |           1 |           1 |           1 |           1 |           1 |           1 |           1 |           1 |           1 |           1 |           1 |           1 |           1 |           1 |           1 |           1 |           1 |           1 |           1 |           1 |           1 |           1 |           1 |           1 |           1 |           1 |           1 |           1 |           1 |           1 |           1 |           1 |
+-------------------+------------+------------+------------+------------+------------+------------+------------+------------+------------+------------+-------------+-------------+-------------+-------------+-------------+-------------+-------------+-------------+-------------+-------------+-------------+-------------+-------------+-------------+-------------+-------------+-------------+-------------+-------------+-------------+-------------+-------------+-------------+-------------+-------------+-------------+-------------+-------------+-------------+-------------+-------------+-------------+-------------+-------------+-------------+-------------+-------------+-------------+-------------+-------------+-------------+-------------+-------------+-------------+-------------+-------------+-------------+-------------+-------------+-------------+-------------+-------------+-------------+-------------+

+---------------------------+---------+-------------+-------------+-------------+-------------+-------------+-------------+-------------+-------------+-------------+-------------+-------------+-------------+-------------+-------------+-------------+-------------+-------------+-------------+-------------+-------------+-------------+-------------+-------------+-------------+-------------+-------------+-------------+-------------+-------------+-------------+-------------+-------------+-------------+-------------+-------------+-------------+-------------+-------------+-------------+-------------+-------------+-------------+-------------+-------------+-------------+-------------+-------------+-------------+-------------+-------------+-------------+-------------+-------------+-------------+-------------+-------------+-------------+-------------+-------------+-------------+-------------+-------------+-------------+-------------+
|           Event           | Counter |  HWThread 0 |  HWThread 1 |  HWThread 2 |  HWThread 3 |  HWThread 4 |  HWThread 5 |  HWThread 6 |  HWThread 7 |  HWThread 8 |  HWThread 9 | HWThread 10 | HWThread 11 | HWThread 12 | HWThread 13 | HWThread 14 | HWThread 15 | HWThread 16 | HWThread 17 | HWThread 18 | HWThread 19 | HWThread 20 | HWThread 21 | HWThread 22 | HWThread 23 | HWThread 24 | HWThread 25 | HWThread 26 | HWThread 27 | HWThread 28 | HWThread 29 | HWThread 30 | HWThread 31 | HWThread 32 | HWThread 33 | HWThread 34 | HWThread 35 | HWThread 36 | HWThread 37 | HWThread 38 | HWThread 39 | HWThread 40 | HWThread 41 | HWThread 42 | HWThread 43 | HWThread 44 | HWThread 45 | HWThread 46 | HWThread 47 | HWThread 48 | HWThread 49 | HWThread 50 | HWThread 51 | HWThread 52 | HWThread 53 | HWThread 54 | HWThread 55 | HWThread 56 | HWThread 57 | HWThread 58 | HWThread 59 | HWThread 60 | HWThread 61 | HWThread 62 | HWThread 63 |
+---------------------------+---------+-------------+-------------+-------------+-------------+-------------+-------------+-------------+-------------+-------------+-------------+-------------+-------------+-------------+-------------+-------------+-------------+-------------+-------------+-------------+-------------+-------------+-------------+-------------+-------------+-------------+-------------+-------------+-------------+-------------+-------------+-------------+-------------+-------------+-------------+-------------+-------------+-------------+-------------+-------------+-------------+-------------+-------------+-------------+-------------+-------------+-------------+-------------+-------------+-------------+-------------+-------------+-------------+-------------+-------------+-------------+-------------+-------------+-------------+-------------+-------------+-------------+-------------+-------------+-------------+
|      ACTUAL_CPU_CLOCK     |  FIXC1  |  3852306000 |  3852754000 |  3852347000 |  3852715000 |  3852333000 |  3852509000 |  3852677000 |  3852612000 |  3852371000 |  3853153000 |  3852549000 |  3852457000 |  3852702000 |  3852547000 |  3852926000 |  3852375000 |  3852817000 |  3853236000 |  3852937000 |  3852998000 |  3853058000 |  3853148000 |  3852940000 |  3853043000 |  3853177000 |  3853211000 |  3852643000 |  3852756000 |  3852948000 |  3852937000 |  3852637000 |  3853137000 |  3852836000 |  3852965000 |  3852190000 |  3852795000 |  3852310000 |  3852853000 |  3852412000 |  3852712000 |  3852517000 |  3853142000 |  3852724000 |  3852521000 |  3852729000 |  3852642000 |  3852880000 |  3853076000 |  3852902000 |  3853074000 |  3852651000 |  3852449000 |  3852755000 |  3852613000 |  3852870000 |  3852463000 |  3852410000 |  3852520000 |  3852686000 |  3852538000 |  3852611000 |  3852519000 |  3852374000 |  3852400000 |
|       MAX_CPU_CLOCK       |  FIXC2  |  2954786000 |  2954923000 |  2954775000 |  2954928000 |  2954814000 |  2954936000 |  2954944000 |  2954916000 |  2955124000 |  2955370000 |  2955124000 |  2955007000 |  2955316000 |  2955088000 |  2955261000 |  2954880000 |  2955364000 |  2955248000 |  2954934000 |  2955268000 |  2955002000 |  2954961000 |  2954982000 |  2954932000 |  2955378000 |  2955212000 |  2955057000 |  2955067000 |  2955085000 |  2955064000 |  2954801000 |  2955124000 |  2955398000 |  2955270000 |  2954771000 |  2955080000 |  2954709000 |  2954965000 |  2954793000 |  2954932000 |  2955267000 |  2955139000 |  2955391000 |  2954996000 |  2955291000 |  2954997000 |  2955281000 |  2955179000 |  2955381000 |  2955193000 |  2955305000 |  2954972000 |  2955315000 |  2955277000 |  2954977000 |  2954914000 |  2955003000 |  2955029000 |  2955029000 |  2954922000 |  2955044000 |  2955041000 |  2954793000 |  2955024000 |
|    RETIRED_INSTRUCTIONS   |   PMC0  | 12501000000 | 12504500000 | 12500940000 | 12505010000 | 12500730000 | 12502470000 | 12501000000 | 12503240000 | 12501390000 | 12500760000 | 12504070000 | 12501930000 | 12500610000 | 12503190000 | 12500940000 | 12502330000 | 12504670000 | 12502100000 | 12501800000 | 12501590000 | 12503590000 | 12500240000 | 12500570000 | 12502670000 | 12504050000 | 12501530000 | 12500580000 | 12501750000 | 12502910000 | 12501780000 | 12503470000 | 12502330000 | 12501890000 | 12500980000 | 12503740000 | 12502320000 | 12502940000 | 12500670000 | 12502630000 | 12501690000 | 12500440000 | 12504040000 | 12501410000 | 12502980000 | 12501650000 | 12502000000 | 12500470000 | 12501950000 | 12501500000 | 12501920000 | 12503770000 | 12501920000 | 12502120000 | 12503920000 | 12501340000 | 12501170000 | 12504430000 | 12501840000 | 12503830000 | 12501980000 | 12501500000 | 12501960000 | 12504350000 | 12501030000 |
|    CPU_CLOCKS_UNHALTED    |   PMC1  |  3820001000 |  3823055000 |  3822823000 |  3822893000 |  3822356000 |  3823105000 |  3823265000 |  3822803000 |  3821162000 |  3822385000 |  3821326000 |  3821173000 |  3821843000 |  3821843000 |  3822397000 |  3821845000 |  3821018000 |  3821903000 |  3821445000 |  3821448000 |  3821321000 |  3821887000 |  3821204000 |  3821974000 |  3820909000 |  3821532000 |  3821327000 |  3821392000 |  3821650000 |  3821647000 |  3821526000 |  3822257000 |  3821903000 |  3821732000 |  3822149000 |  3822305000 |  3821521000 |  3822466000 |  3822364000 |  3822392000 |  3820965000 |  3821905000 |  3822276000 |  3821662000 |  3821830000 |  3821442000 |  3821875000 |  3822352000 |  3821740000 |  3821877000 |  3821684000 |  3821987000 |  3821664000 |  3821528000 |  3821968000 |  3821491000 |  3822074000 |  3822289000 |  3821925000 |  3821993000 |  3821736000 |  3822239000 |  3821947000 |  3822197000 |
| RETIRED_SSE_AVX_FLOPS_ALL |   PMC2  | 10000000000 | 10000000000 | 10000000000 | 10000000000 | 10000000000 | 10000000000 | 10000000000 | 10000000000 | 10000000000 | 10000000000 | 10000000000 | 10000000000 | 10000000000 | 10000000000 | 10000000000 | 10000000000 | 10000000000 | 10000000000 | 10000000000 | 10000000000 | 10000000000 | 10000000000 | 10000000000 | 10000000000 | 10000000000 | 10000000000 | 10000000000 | 10000000000 | 10000000000 | 10000000000 | 10000000000 | 10000000000 | 10000000000 | 10000000000 | 10000000000 | 10000000000 | 10000000000 | 10000000000 | 10000000000 | 10000000000 | 10000000000 | 10000000000 | 10000000000 | 10000000000 | 10000000000 | 10000000000 | 10000000000 | 10000000000 | 10000000000 | 10000000000 | 10000000000 | 10000000000 | 10000000000 | 10000000000 | 10000000000 | 10000000000 | 10000000000 | 10000000000 | 10000000000 | 10000000000 | 10000000000 | 10000000000 | 10000000000 | 10000000000 |
|           MERGE           |   PMC3  |           0 |           0 |           0 |           0 |           0 |           0 |           0 |           0 |           0 |           0 |           0 |           0 |           0 |           0 |           0 |           0 |           0 |           0 |           0 |           0 |           0 |           0 |           0 |           0 |           0 |           0 |           0 |           0 |           0 |           0 |           0 |           0 |           0 |           0 |           0 |           0 |           0 |           0 |           0 |           0 |           0 |           0 |           0 |           0 |           0 |           0 |           0 |           0 |           0 |           0 |           0 |           0 |           0 |           0 |           0 |           0 |           0 |           0 |           0 |           0 |           0 |           0 |           0 |           0 |
+---------------------------+---------+-------------+-------------+-------------+-------------+-------------+-------------+-------------+-------------+-------------+-------------+-------------+-------------+-------------+-------------+-------------+-------------+-------------+-------------+-------------+-------------+-------------+-------------+-------------+-------------+-------------+-------------+-------------+-------------+-------------+-------------+-------------+-------------+-------------+-------------+-------------+-------------+-------------+-------------+-------------+-------------+-------------+-------------+-------------+-------------+-------------+-------------+-------------+-------------+-------------+-------------+-------------+-------------+-------------+-------------+-------------+-------------+-------------+-------------+-------------+-------------+-------------+-------------+-------------+-------------+

+--------------------------------+---------+--------------+-------------+-------------+--------------+
|              Event             | Counter |      Sum     |     Min     |     Max     |      Avg     |
+--------------------------------+---------+--------------+-------------+-------------+--------------+
|      ACTUAL_CPU_CLOCK STAT     |  FIXC1  | 246574095000 |  3852190000 |  3853236000 | 3.852720e+09 |
|       MAX_CPU_CLOCK STAT       |  FIXC2  | 189124349000 |  2954709000 |  2955398000 | 2.955068e+09 |
|    RETIRED_INSTRUCTIONS STAT   |   PMC0  | 800140120000 | 12500240000 | 12505010000 |  12502189375 |
|    CPU_CLOCKS_UNHALTED STAT    |   PMC1  | 244600193000 |  3820001000 |  3823265000 | 3.821878e+09 |
| RETIRED_SSE_AVX_FLOPS_ALL STAT |   PMC2  | 640000000000 | 10000000000 | 10000000000 |  10000000000 |
|           MERGE STAT           |   PMC3  |            0 |           0 |           0 |            0 |
+--------------------------------+---------+--------------+-------------+-------------+--------------+

+----------------------+------------+------------+------------+------------+------------+------------+------------+------------+------------+------------+-------------+-------------+-------------+-------------+-------------+-------------+-------------+-------------+-------------+-------------+-------------+-------------+-------------+-------------+-------------+-------------+-------------+-------------+-------------+-------------+-------------+-------------+-------------+-------------+-------------+-------------+-------------+-------------+-------------+-------------+-------------+-------------+-------------+-------------+-------------+-------------+-------------+-------------+-------------+-------------+-------------+-------------+-------------+-------------+-------------+-------------+-------------+-------------+-------------+-------------+-------------+-------------+-------------+-------------+
|        Metric        | HWThread 0 | HWThread 1 | HWThread 2 | HWThread 3 | HWThread 4 | HWThread 5 | HWThread 6 | HWThread 7 | HWThread 8 | HWThread 9 | HWThread 10 | HWThread 11 | HWThread 12 | HWThread 13 | HWThread 14 | HWThread 15 | HWThread 16 | HWThread 17 | HWThread 18 | HWThread 19 | HWThread 20 | HWThread 21 | HWThread 22 | HWThread 23 | HWThread 24 | HWThread 25 | HWThread 26 | HWThread 27 | HWThread 28 | HWThread 29 | HWThread 30 | HWThread 31 | HWThread 32 | HWThread 33 | HWThread 34 | HWThread 35 | HWThread 36 | HWThread 37 | HWThread 38 | HWThread 39 | HWThread 40 | HWThread 41 | HWThread 42 | HWThread 43 | HWThread 44 | HWThread 45 | HWThread 46 | HWThread 47 | HWThread 48 | HWThread 49 | HWThread 50 | HWThread 51 | HWThread 52 | HWThread 53 | HWThread 54 | HWThread 55 | HWThread 56 | HWThread 57 | HWThread 58 | HWThread 59 | HWThread 60 | HWThread 61 | HWThread 62 | HWThread 63 |
+----------------------+------------+------------+------------+------------+------------+------------+------------+------------+------------+------------+-------------+-------------+-------------+-------------+-------------+-------------+-------------+-------------+-------------+-------------+-------------+-------------+-------------+-------------+-------------+-------------+-------------+-------------+-------------+-------------+-------------+-------------+-------------+-------------+-------------+-------------+-------------+-------------+-------------+-------------+-------------+-------------+-------------+-------------+-------------+-------------+-------------+-------------+-------------+-------------+-------------+-------------+-------------+-------------+-------------+-------------+-------------+-------------+-------------+-------------+-------------+-------------+-------------+-------------+
|  Runtime (RDTSC) [s] |     1.2078 |     1.2077 |     1.2077 |     1.2077 |     1.2077 |     1.2078 |     1.2078 |     1.2078 |     1.2078 |     1.2078 |      1.2078 |      1.2078 |      1.2078 |      1.2078 |      1.2078 |      1.2078 |      1.2079 |      1.2079 |      1.2078 |      1.2079 |      1.2077 |      1.2079 |      1.2078 |      1.2078 |      1.2078 |      1.2078 |      1.2077 |      1.2078 |      1.2079 |      1.2078 |      1.2077 |      1.2079 |      1.2079 |      1.2079 |      1.2078 |      1.2077 |      1.2078 |      1.2078 |      1.2078 |      1.2078 |      1.2078 |      1.2079 |      1.2079 |      1.2079 |      1.2078 |      1.2078 |      1.2078 |      1.2079 |      1.2079 |      1.2078 |      1.2078 |      1.2078 |      1.2078 |      1.2078 |      1.2078 |      1.2078 |      1.2078 |      1.2078 |      1.2078 |      1.2078 |      1.2077 |      1.2078 |      1.2078 |      1.2077 |
| Runtime unhalted [s] |     1.5753 |     1.5755 |     1.5754 |     1.5755 |     1.5753 |     1.5754 |     1.5755 |     1.5755 |     1.5754 |     1.5757 |      1.5754 |      1.5754 |      1.5755 |      1.5754 |      1.5756 |      1.5754 |      1.5755 |      1.5757 |      1.5756 |      1.5756 |      1.5756 |      1.5757 |      1.5756 |      1.5756 |      1.5757 |      1.5757 |      1.5755 |      1.5755 |      1.5756 |      1.5756 |      1.5755 |      1.5757 |      1.5756 |      1.5756 |      1.5753 |      1.5755 |      1.5753 |      1.5756 |      1.5754 |      1.5755 |      1.5754 |      1.5757 |      1.5755 |      1.5754 |      1.5755 |      1.5755 |      1.5756 |      1.5756 |      1.5756 |      1.5756 |      1.5755 |      1.5754 |      1.5755 |      1.5755 |      1.5756 |      1.5754 |      1.5754 |      1.5754 |      1.5755 |      1.5754 |      1.5755 |      1.5754 |      1.5754 |      1.5754 |
|      Clock [MHz]     |  3188.1798 |  3188.4028 |  3188.2256 |  3188.3651 |  3188.1720 |  3188.1860 |  3188.3164 |  3188.2928 |  3187.8690 |  3188.2507 |   3188.0163 |   3188.0663 |   3187.9357 |   3188.0534 |   3188.1804 |   3188.1355 |   3187.9791 |   3188.4510 |   3188.5423 |   3188.2324 |   3188.5691 |   3188.6878 |   3188.4930 |   3188.6322 |   3188.2619 |   3188.4691 |   3188.1663 |   3188.2490 |   3188.3885 |   3188.4021 |   3188.4376 |   3188.5028 |   3187.9582 |   3188.2030 |   3188.1000 |   3188.2673 |   3188.2662 |   3188.4394 |   3188.2600 |   3188.3583 |   3187.8355 |   3188.4908 |   3187.8730 |   3188.1312 |   3187.9850 |   3188.2302 |   3188.1208 |   3188.3930 |   3188.0311 |   3188.3763 |   3187.9054 |   3188.0975 |   3187.9807 |   3187.9042 |   3188.4405 |   3188.1717 |   3188.0318 |   3188.0947 |   3188.2321 |   3188.2251 |   3188.1539 |   3188.0810 |   3188.2286 |   3188.0008 |
|          CPI         |     0.3056 |     0.3057 |     0.3058 |     0.3057 |     0.3058 |     0.3058 |     0.3058 |     0.3057 |     0.3057 |     0.3058 |      0.3056 |      0.3056 |      0.3057 |      0.3057 |      0.3058 |      0.3057 |      0.3056 |      0.3057 |      0.3057 |      0.3057 |      0.3056 |      0.3057 |      0.3057 |      0.3057 |      0.3056 |      0.3057 |      0.3057 |      0.3057 |      0.3057 |      0.3057 |      0.3056 |      0.3057 |      0.3057 |      0.3057 |      0.3057 |      0.3057 |      0.3056 |      0.3058 |      0.3057 |      0.3058 |      0.3057 |      0.3057 |      0.3057 |      0.3057 |      0.3057 |      0.3057 |      0.3057 |      0.3057 |      0.3057 |      0.3057 |      0.3056 |      0.3057 |      0.3057 |      0.3056 |      0.3057 |      0.3057 |      0.3057 |      0.3057 |      0.3057 |      0.3057 |      0.3057 |      0.3057 |      0.3056 |      0.3058 |
|     SP [MFLOP/s]     |  8279.7496 |  8279.9552 |  8279.9552 |  8279.9552 |  8279.9347 |  8279.8592 |  8279.7496 |  8279.8181 |  8279.8113 |  8279.2217 |   8279.7975 |   8279.7975 |   8279.3245 |   8279.7770 |   8279.4342 |   8279.7701 |   8279.0298 |   8279.0367 |   8279.3999 |   8278.8722 |   8279.9689 |   8279.0367 |   8279.4616 |   8279.6741 |   8279.8181 |   8279.8181 |   8279.9758 |   8279.7975 |   8279.1395 |   8279.8044 |   8279.9758 |   8278.8310 |   8279.0435 |   8279.1600 |   8279.3794 |   8280.0238 |   8279.7427 |   8279.2286 |   8279.3862 |   8279.2834 |   8279.7975 |   8279.0161 |   8279.0092 |   8279.0435 |   8279.3657 |   8279.6947 |   8279.7907 |   8279.0161 |   8279.0504 |   8279.7701 |   8279.7975 |   8279.4685 |   8279.7907 |   8279.3657 |   8279.7770 |   8279.7701 |   8279.8318 |   8279.3999 |   8279.3725 |   8279.7427 |   8279.8798 |   8279.3999 |   8279.3931 |   8279.8867 |
+----------------------+------------+------------+------------+------------+------------+------------+------------+------------+------------+------------+-------------+-------------+-------------+-------------+-------------+-------------+-------------+-------------+-------------+-------------+-------------+-------------+-------------+-------------+-------------+-------------+-------------+-------------+-------------+-------------+-------------+-------------+-------------+-------------+-------------+-------------+-------------+-------------+-------------+-------------+-------------+-------------+-------------+-------------+-------------+-------------+-------------+-------------+-------------+-------------+-------------+-------------+-------------+-------------+-------------+-------------+-------------+-------------+-------------+-------------+-------------+-------------+-------------+-------------+

+---------------------------+-------------+-----------+-----------+-----------+
|           Metric          |     Sum     |    Min    |    Max    |    Avg    |
+---------------------------+-------------+-----------+-----------+-----------+
|  Runtime (RDTSC) [s] STAT |     77.2995 |    1.2077 |    1.2079 |    1.2078 |
| Runtime unhalted [s] STAT |    100.8324 |    1.5753 |    1.5757 |    1.5755 |
|      Clock [MHz] STAT     | 204045.9793 | 3187.8355 | 3188.6878 | 3188.2184 |
|          CPI STAT         |     19.5646 |    0.3056 |    0.3058 |    0.3057 |
|     SP [MFLOP/s] STAT     | 529891.2282 | 8278.8310 | 8280.0238 | 8279.5504 |
+---------------------------+-------------+-----------+-----------+-----------+

