--------------------------------------------------------------------------------
CPU name:	AMD EPYC 7763 64-Core Processor                
CPU type:	AMD K19 (Zen3) architecture
CPU clock:	2.45 GHz
--------------------------------------------------------------------------------
Allocate: Process running on hwthread 0 (Domain N) - Vector length 16000000/64000000 Offset 0 Alignment 1024
Initialization: Each thread in domain initializes its own stream chunks
--------------------------------------------------------------------------------
LIKWID MICRO BENCHMARK
Test: peakflops_sp_avx_fma
--------------------------------------------------------------------------------
Using 1 work groups
Using 128 threads
--------------------------------------------------------------------------------
Using Likwid Marker API
--------------------------------------------------------------------------------
Group: 0 Thread 0 Global Thread 0 running on hwthread 0 - Vector length 125000 Offset 0
Group: 0 Thread 1 Global Thread 1 running on hwthread 1 - Vector length 125000 Offset 125000
Group: 0 Thread 2 Global Thread 2 running on hwthread 2 - Vector length 125000 Offset 250000
Group: 0 Thread 3 Global Thread 3 running on hwthread 3 - Vector length 125000 Offset 375000
Group: 0 Thread 4 Global Thread 4 running on hwthread 4 - Vector length 125000 Offset 500000
Group: 0 Thread 5 Global Thread 5 running on hwthread 5 - Vector length 125000 Offset 625000
Group: 0 Thread 6 Global Thread 6 running on hwthread 6 - Vector length 125000 Offset 750000
Group: 0 Thread 7 Global Thread 7 running on hwthread 7 - Vector length 125000 Offset 875000
Group: 0 Thread 8 Global Thread 8 running on hwthread 8 - Vector length 125000 Offset 1000000
Group: 0 Thread 9 Global Thread 9 running on hwthread 9 - Vector length 125000 Offset 1125000
Group: 0 Thread 10 Global Thread 10 running on hwthread 10 - Vector length 125000 Offset 1250000
Group: 0 Thread 11 Global Thread 11 running on hwthread 11 - Vector length 125000 Offset 1375000
Group: 0 Thread 12 Global Thread 12 running on hwthread 12 - Vector length 125000 Offset 1500000
Group: 0 Thread 13 Global Thread 13 running on hwthread 13 - Vector length 125000 Offset 1625000
Group: 0 Thread 14 Global Thread 14 running on hwthread 14 - Vector length 125000 Offset 1750000
Group: 0 Thread 15 Global Thread 15 running on hwthread 15 - Vector length 125000 Offset 1875000
Group: 0 Thread 16 Global Thread 16 running on hwthread 16 - Vector length 125000 Offset 2000000
Group: 0 Thread 17 Global Thread 17 running on hwthread 17 - Vector length 125000 Offset 2125000
Group: 0 Thread 18 Global Thread 18 running on hwthread 18 - Vector length 125000 Offset 2250000
Group: 0 Thread 19 Global Thread 19 running on hwthread 19 - Vector length 125000 Offset 2375000
Group: 0 Thread 20 Global Thread 20 running on hwthread 20 - Vector length 125000 Offset 2500000
Group: 0 Thread 21 Global Thread 21 running on hwthread 21 - Vector length 125000 Offset 2625000
Group: 0 Thread 22 Global Thread 22 running on hwthread 22 - Vector length 125000 Offset 2750000
Group: 0 Thread 23 Global Thread 23 running on hwthread 23 - Vector length 125000 Offset 2875000
Group: 0 Thread 24 Global Thread 24 running on hwthread 24 - Vector length 125000 Offset 3000000
Group: 0 Thread 25 Global Thread 25 running on hwthread 25 - Vector length 125000 Offset 3125000
Group: 0 Thread 26 Global Thread 26 running on hwthread 26 - Vector length 125000 Offset 3250000
Group: 0 Thread 27 Global Thread 27 running on hwthread 27 - Vector length 125000 Offset 3375000
Group: 0 Thread 28 Global Thread 28 running on hwthread 28 - Vector length 125000 Offset 3500000
Group: 0 Thread 29 Global Thread 29 running on hwthread 29 - Vector length 125000 Offset 3625000
Group: 0 Thread 30 Global Thread 30 running on hwthread 30 - Vector length 125000 Offset 3750000
Group: 0 Thread 31 Global Thread 31 running on hwthread 31 - Vector length 125000 Offset 3875000
Group: 0 Thread 32 Global Thread 32 running on hwthread 32 - Vector length 125000 Offset 4000000
Group: 0 Thread 33 Global Thread 33 running on hwthread 33 - Vector length 125000 Offset 4125000
Group: 0 Thread 34 Global Thread 34 running on hwthread 34 - Vector length 125000 Offset 4250000
Group: 0 Thread 35 Global Thread 35 running on hwthread 35 - Vector length 125000 Offset 4375000
Group: 0 Thread 36 Global Thread 36 running on hwthread 36 - Vector length 125000 Offset 4500000
Group: 0 Thread 37 Global Thread 37 running on hwthread 37 - Vector length 125000 Offset 4625000
Group: 0 Thread 38 Global Thread 38 running on hwthread 38 - Vector length 125000 Offset 4750000
Group: 0 Thread 39 Global Thread 39 running on hwthread 39 - Vector length 125000 Offset 4875000
Group: 0 Thread 40 Global Thread 40 running on hwthread 40 - Vector length 125000 Offset 5000000
Group: 0 Thread 41 Global Thread 41 running on hwthread 41 - Vector length 125000 Offset 5125000
Group: 0 Thread 42 Global Thread 42 running on hwthread 42 - Vector length 125000 Offset 5250000
Group: 0 Thread 43 Global Thread 43 running on hwthread 43 - Vector length 125000 Offset 5375000
Group: 0 Thread 44 Global Thread 44 running on hwthread 44 - Vector length 125000 Offset 5500000
Group: 0 Thread 45 Global Thread 45 running on hwthread 45 - Vector length 125000 Offset 5625000
Group: 0 Thread 46 Global Thread 46 running on hwthread 46 - Vector length 125000 Offset 5750000
Group: 0 Thread 47 Global Thread 47 running on hwthread 47 - Vector length 125000 Offset 5875000
Group: 0 Thread 48 Global Thread 48 running on hwthread 48 - Vector length 125000 Offset 6000000
Group: 0 Thread 49 Global Thread 49 running on hwthread 49 - Vector length 125000 Offset 6125000
Group: 0 Thread 50 Global Thread 50 running on hwthread 50 - Vector length 125000 Offset 6250000
Group: 0 Thread 51 Global Thread 51 running on hwthread 51 - Vector length 125000 Offset 6375000
Group: 0 Thread 52 Global Thread 52 running on hwthread 52 - Vector length 125000 Offset 6500000
Group: 0 Thread 53 Global Thread 53 running on hwthread 53 - Vector length 125000 Offset 6625000
Group: 0 Thread 54 Global Thread 54 running on hwthread 54 - Vector length 125000 Offset 6750000
Group: 0 Thread 55 Global Thread 55 running on hwthread 55 - Vector length 125000 Offset 6875000
Group: 0 Thread 56 Global Thread 56 running on hwthread 56 - Vector length 125000 Offset 7000000
Group: 0 Thread 57 Global Thread 57 running on hwthread 57 - Vector length 125000 Offset 7125000
Group: 0 Thread 58 Global Thread 58 running on hwthread 58 - Vector length 125000 Offset 7250000
Group: 0 Thread 59 Global Thread 59 running on hwthread 59 - Vector length 125000 Offset 7375000
Group: 0 Thread 60 Global Thread 60 running on hwthread 60 - Vector length 125000 Offset 7500000
Group: 0 Thread 61 Global Thread 61 running on hwthread 61 - Vector length 125000 Offset 7625000
Group: 0 Thread 62 Global Thread 62 running on hwthread 62 - Vector length 125000 Offset 7750000
Group: 0 Thread 63 Global Thread 63 running on hwthread 63 - Vector length 125000 Offset 7875000
Group: 0 Thread 64 Global Thread 64 running on hwthread 64 - Vector length 125000 Offset 8000000
Group: 0 Thread 65 Global Thread 65 running on hwthread 65 - Vector length 125000 Offset 8125000
Group: 0 Thread 66 Global Thread 66 running on hwthread 66 - Vector length 125000 Offset 8250000
Group: 0 Thread 67 Global Thread 67 running on hwthread 67 - Vector length 125000 Offset 8375000
Group: 0 Thread 68 Global Thread 68 running on hwthread 68 - Vector length 125000 Offset 8500000
Group: 0 Thread 69 Global Thread 69 running on hwthread 69 - Vector length 125000 Offset 8625000
Group: 0 Thread 70 Global Thread 70 running on hwthread 70 - Vector length 125000 Offset 8750000
Group: 0 Thread 71 Global Thread 71 running on hwthread 71 - Vector length 125000 Offset 8875000
Group: 0 Thread 72 Global Thread 72 running on hwthread 72 - Vector length 125000 Offset 9000000
Group: 0 Thread 73 Global Thread 73 running on hwthread 73 - Vector length 125000 Offset 9125000
Group: 0 Thread 74 Global Thread 74 running on hwthread 74 - Vector length 125000 Offset 9250000
Group: 0 Thread 75 Global Thread 75 running on hwthread 75 - Vector length 125000 Offset 9375000
Group: 0 Thread 76 Global Thread 76 running on hwthread 76 - Vector length 125000 Offset 9500000
Group: 0 Thread 77 Global Thread 77 running on hwthread 77 - Vector length 125000 Offset 9625000
Group: 0 Thread 78 Global Thread 78 running on hwthread 78 - Vector length 125000 Offset 9750000
Group: 0 Thread 79 Global Thread 79 running on hwthread 79 - Vector length 125000 Offset 9875000
Group: 0 Thread 80 Global Thread 80 running on hwthread 80 - Vector length 125000 Offset 10000000
Group: 0 Thread 81 Global Thread 81 running on hwthread 81 - Vector length 125000 Offset 10125000
Group: 0 Thread 82 Global Thread 82 running on hwthread 82 - Vector length 125000 Offset 10250000
Group: 0 Thread 83 Global Thread 83 running on hwthread 83 - Vector length 125000 Offset 10375000
Group: 0 Thread 84 Global Thread 84 running on hwthread 84 - Vector length 125000 Offset 10500000
Group: 0 Thread 85 Global Thread 85 running on hwthread 85 - Vector length 125000 Offset 10625000
Group: 0 Thread 86 Global Thread 86 running on hwthread 86 - Vector length 125000 Offset 10750000
Group: 0 Thread 87 Global Thread 87 running on hwthread 87 - Vector length 125000 Offset 10875000
Group: 0 Thread 88 Global Thread 88 running on hwthread 88 - Vector length 125000 Offset 11000000
Group: 0 Thread 89 Global Thread 89 running on hwthread 89 - Vector length 125000 Offset 11125000
Group: 0 Thread 90 Global Thread 90 running on hwthread 90 - Vector length 125000 Offset 11250000
Group: 0 Thread 91 Global Thread 91 running on hwthread 91 - Vector length 125000 Offset 11375000
Group: 0 Thread 92 Global Thread 92 running on hwthread 92 - Vector length 125000 Offset 11500000
Group: 0 Thread 93 Global Thread 93 running on hwthread 93 - Vector length 125000 Offset 11625000
Group: 0 Thread 94 Global Thread 94 running on hwthread 94 - Vector length 125000 Offset 11750000
Group: 0 Thread 95 Global Thread 95 running on hwthread 95 - Vector length 125000 Offset 11875000
Group: 0 Thread 96 Global Thread 96 running on hwthread 96 - Vector length 125000 Offset 12000000
Group: 0 Thread 97 Global Thread 97 running on hwthread 97 - Vector length 125000 Offset 12125000
Group: 0 Thread 98 Global Thread 98 running on hwthread 98 - Vector length 125000 Offset 12250000
Group: 0 Thread 99 Global Thread 99 running on hwthread 99 - Vector length 125000 Offset 12375000
Group: 0 Thread 100 Global Thread 100 running on hwthread 100 - Vector length 125000 Offset 12500000
Group: 0 Thread 101 Global Thread 101 running on hwthread 101 - Vector length 125000 Offset 12625000
Group: 0 Thread 102 Global Thread 102 running on hwthread 102 - Vector length 125000 Offset 12750000
Group: 0 Thread 103 Global Thread 103 running on hwthread 103 - Vector length 125000 Offset 12875000
Group: 0 Thread 104 Global Thread 104 running on hwthread 104 - Vector length 125000 Offset 13000000
Group: 0 Thread 105 Global Thread 105 running on hwthread 105 - Vector length 125000 Offset 13125000
Group: 0 Thread 106 Global Thread 106 running on hwthread 106 - Vector length 125000 Offset 13250000
Group: 0 Thread 107 Global Thread 107 running on hwthread 107 - Vector length 125000 Offset 13375000
Group: 0 Thread 108 Global Thread 108 running on hwthread 108 - Vector length 125000 Offset 13500000
Group: 0 Thread 109 Global Thread 109 running on hwthread 109 - Vector length 125000 Offset 13625000
Group: 0 Thread 110 Global Thread 110 running on hwthread 110 - Vector length 125000 Offset 13750000
Group: 0 Thread 111 Global Thread 111 running on hwthread 111 - Vector length 125000 Offset 13875000
Group: 0 Thread 112 Global Thread 112 running on hwthread 112 - Vector length 125000 Offset 14000000
Group: 0 Thread 113 Global Thread 113 running on hwthread 113 - Vector length 125000 Offset 14125000
Group: 0 Thread 114 Global Thread 114 running on hwthread 114 - Vector length 125000 Offset 14250000
Group: 0 Thread 115 Global Thread 115 running on hwthread 115 - Vector length 125000 Offset 14375000
Group: 0 Thread 116 Global Thread 116 running on hwthread 116 - Vector length 125000 Offset 14500000
Group: 0 Thread 117 Global Thread 117 running on hwthread 117 - Vector length 125000 Offset 14625000
Group: 0 Thread 118 Global Thread 118 running on hwthread 118 - Vector length 125000 Offset 14750000
Group: 0 Thread 119 Global Thread 119 running on hwthread 119 - Vector length 125000 Offset 14875000
Group: 0 Thread 120 Global Thread 120 running on hwthread 120 - Vector length 125000 Offset 15000000
Group: 0 Thread 121 Global Thread 121 running on hwthread 121 - Vector length 125000 Offset 15125000
Group: 0 Thread 122 Global Thread 122 running on hwthread 122 - Vector length 125000 Offset 15250000
Group: 0 Thread 123 Global Thread 123 running on hwthread 123 - Vector length 125000 Offset 15375000
Group: 0 Thread 124 Global Thread 124 running on hwthread 124 - Vector length 125000 Offset 15500000
Group: 0 Thread 125 Global Thread 125 running on hwthread 125 - Vector length 125000 Offset 15625000
Group: 0 Thread 126 Global Thread 126 running on hwthread 126 - Vector length 125000 Offset 15750000
Group: 0 Thread 127 Global Thread 127 running on hwthread 127 - Vector length 125000 Offset 15875000
--------------------------------------------------------------------------------
Cycles:			548795786
CPU Clock:		2445388038
Cycle Clock:		2445388038
Time:			2.244207e-01 sec
Iterations:		640000
Iterations per thread:	5000
Inner loop executions:	15625
Size (Byte):		64000000
Size per thread:	500000
Number of Flops:	2400000000000
MFlops/s:		10694198.90
Data volume (Byte):	320000000000
MByte/s:		1425893.19
Cycles per update:	0.006860
Cycles per cacheline:	0.109759
Loads per update:	1
Stores per update:	0
Load bytes per element:	4
Store bytes per elem.:	0
Instructions:		190000000032
UOPs:			180000000000
--------------------------------------------------------------------------------
Writing Likwid Marker API results to file /tmp/likwid_1598547.txt
--------------------------------------------------------------------------------
Region bench, Group 1: FLOPS_SP
+-------------------+------------+------------+------------+------------+------------+------------+------------+------------+------------+------------+-------------+-------------+-------------+-------------+-------------+-------------+-------------+-------------+-------------+-------------+-------------+-------------+-------------+-------------+-------------+-------------+-------------+-------------+-------------+-------------+-------------+-------------+-------------+-------------+-------------+-------------+-------------+-------------+-------------+-------------+-------------+-------------+-------------+-------------+-------------+-------------+-------------+-------------+-------------+-------------+-------------+-------------+-------------+-------------+-------------+-------------+-------------+-------------+-------------+-------------+-------------+-------------+-------------+-------------+-------------+-------------+-------------+-------------+-------------+-------------+-------------+-------------+-------------+-------------+-------------+-------------+-------------+-------------+-------------+-------------+-------------+-------------+-------------+-------------+-------------+-------------+-------------+-------------+-------------+-------------+-------------+-------------+-------------+-------------+-------------+-------------+-------------+-------------+-------------+-------------+--------------+--------------+--------------+--------------+--------------+--------------+--------------+--------------+--------------+--------------+--------------+--------------+--------------+--------------+--------------+--------------+--------------+--------------+--------------+--------------+--------------+--------------+--------------+--------------+--------------+--------------+--------------+--------------+
|    Region Info    | HWThread 0 | HWThread 1 | HWThread 2 | HWThread 3 | HWThread 4 | HWThread 5 | HWThread 6 | HWThread 7 | HWThread 8 | HWThread 9 | HWThread 10 | HWThread 11 | HWThread 12 | HWThread 13 | HWThread 14 | HWThread 15 | HWThread 16 | HWThread 17 | HWThread 18 | HWThread 19 | HWThread 20 | HWThread 21 | HWThread 22 | HWThread 23 | HWThread 24 | HWThread 25 | HWThread 26 | HWThread 27 | HWThread 28 | HWThread 29 | HWThread 30 | HWThread 31 | HWThread 32 | HWThread 33 | HWThread 34 | HWThread 35 | HWThread 36 | HWThread 37 | HWThread 38 | HWThread 39 | HWThread 40 | HWThread 41 | HWThread 42 | HWThread 43 | HWThread 44 | HWThread 45 | HWThread 46 | HWThread 47 | HWThread 48 | HWThread 49 | HWThread 50 | HWThread 51 | HWThread 52 | HWThread 53 | HWThread 54 | HWThread 55 | HWThread 56 | HWThread 57 | HWThread 58 | HWThread 59 | HWThread 60 | HWThread 61 | HWThread 62 | HWThread 63 | HWThread 64 | HWThread 65 | HWThread 66 | HWThread 67 | HWThread 68 | HWThread 69 | HWThread 70 | HWThread 71 | HWThread 72 | HWThread 73 | HWThread 74 | HWThread 75 | HWThread 76 | HWThread 77 | HWThread 78 | HWThread 79 | HWThread 80 | HWThread 81 | HWThread 82 | HWThread 83 | HWThread 84 | HWThread 85 | HWThread 86 | HWThread 87 | HWThread 88 | HWThread 89 | HWThread 90 | HWThread 91 | HWThread 92 | HWThread 93 | HWThread 94 | HWThread 95 | HWThread 96 | HWThread 97 | HWThread 98 | HWThread 99 | HWThread 100 | HWThread 101 | HWThread 102 | HWThread 103 | HWThread 104 | HWThread 105 | HWThread 106 | HWThread 107 | HWThread 108 | HWThread 109 | HWThread 110 | HWThread 111 | HWThread 112 | HWThread 113 | HWThread 114 | HWThread 115 | HWThread 116 | HWThread 117 | HWThread 118 | HWThread 119 | HWThread 120 | HWThread 121 | HWThread 122 | HWThread 123 | HWThread 124 | HWThread 125 | HWThread 126 | HWThread 127 |
+-------------------+------------+------------+------------+------------+------------+------------+------------+------------+------------+------------+-------------+-------------+-------------+-------------+-------------+-------------+-------------+-------------+-------------+-------------+-------------+-------------+-------------+-------------+-------------+-------------+-------------+-------------+-------------+-------------+-------------+-------------+-------------+-------------+-------------+-------------+-------------+-------------+-------------+-------------+-------------+-------------+-------------+-------------+-------------+-------------+-------------+-------------+-------------+-------------+-------------+-------------+-------------+-------------+-------------+-------------+-------------+-------------+-------------+-------------+-------------+-------------+-------------+-------------+-------------+-------------+-------------+-------------+-------------+-------------+-------------+-------------+-------------+-------------+-------------+-------------+-------------+-------------+-------------+-------------+-------------+-------------+-------------+-------------+-------------+-------------+-------------+-------------+-------------+-------------+-------------+-------------+-------------+-------------+-------------+-------------+-------------+-------------+-------------+-------------+--------------+--------------+--------------+--------------+--------------+--------------+--------------+--------------+--------------+--------------+--------------+--------------+--------------+--------------+--------------+--------------+--------------+--------------+--------------+--------------+--------------+--------------+--------------+--------------+--------------+--------------+--------------+--------------+
| RDTSC Runtime [s] |   0.224027 |   0.224101 |   0.224076 |   0.224120 |   0.224023 |   0.224149 |   0.224107 |   0.224098 |   0.224001 |   0.223999 |    0.224118 |    0.223997 |    0.224001 |    0.224278 |    0.223994 |    0.223986 |    0.224044 |    0.224068 |    0.224002 |    0.224338 |    0.224318 |    0.224337 |    0.224097 |    0.224422 |    0.223991 |    0.224048 |    0.224109 |    0.224099 |    0.224022 |    0.224003 |    0.224072 |    0.224024 |    0.224066 |    0.224165 |    0.224122 |    0.224165 |    0.224008 |    0.224023 |    0.224275 |    0.224078 |    0.224038 |    0.224050 |    0.224031 |    0.224025 |    0.224023 |    0.224110 |    0.224116 |    0.224151 |    0.224089 |    0.224053 |    0.224056 |    0.224131 |    0.224092 |    0.224100 |    0.224007 |    0.223978 |    0.224076 |    0.224072 |    0.224009 |    0.224060 |    0.224075 |    0.224027 |    0.223987 |    0.224177 |    0.224046 |    0.224126 |    0.224061 |    0.224268 |    0.223978 |    0.224126 |    0.224142 |    0.224121 |    0.224039 |    0.223992 |    0.223967 |    0.223974 |    0.223986 |    0.223970 |    0.224039 |    0.224089 |    0.224099 |    0.224080 |    0.224115 |    0.223980 |    0.223977 |    0.224136 |    0.223979 |    0.223980 |    0.224034 |    0.224033 |    0.224160 |    0.224082 |    0.224033 |    0.224091 |    0.224134 |    0.224085 |    0.224113 |    0.223979 |    0.223978 |    0.223981 |     0.224001 |     0.224005 |     0.223968 |     0.223977 |     0.224111 |     0.223979 |     0.223970 |     0.224114 |     0.223981 |     0.224010 |     0.223998 |     0.224046 |     0.224077 |     0.224020 |     0.223980 |     0.224070 |     0.224101 |     0.223991 |     0.224078 |     0.224070 |     0.224112 |     0.224037 |     0.224114 |     0.223968 |     0.224028 |     0.224086 |     0.224081 |     0.224081 |
|     call count    |          1 |          1 |          1 |          1 |          1 |          1 |          1 |          1 |          1 |          1 |           1 |           1 |           1 |           1 |           1 |           1 |           1 |           1 |           1 |           1 |           1 |           1 |           1 |           1 |           1 |           1 |           1 |           1 |           1 |           1 |           1 |           1 |           1 |           1 |           1 |           1 |           1 |           1 |           1 |           1 |           1 |           1 |           1 |           1 |           1 |           1 |           1 |           1 |           1 |           1 |           1 |           1 |           1 |           1 |           1 |           1 |           1 |           1 |           1 |           1 |           1 |           1 |           1 |           1 |           1 |           1 |           1 |           1 |           1 |           1 |           1 |           1 |           1 |           1 |           1 |           1 |           1 |           1 |           1 |           1 |           1 |           1 |           1 |           1 |           1 |           1 |           1 |           1 |           1 |           1 |           1 |           1 |           1 |           1 |           1 |           1 |           1 |           1 |           1 |           1 |            1 |            1 |            1 |            1 |            1 |            1 |            1 |            1 |            1 |            1 |            1 |            1 |            1 |            1 |            1 |            1 |            1 |            1 |            1 |            1 |            1 |            1 |            1 |            1 |            1 |            1 |            1 |            1 |
+-------------------+------------+------------+------------+------------+------------+------------+------------+------------+------------+------------+-------------+-------------+-------------+-------------+-------------+-------------+-------------+-------------+-------------+-------------+-------------+-------------+-------------+-------------+-------------+-------------+-------------+-------------+-------------+-------------+-------------+-------------+-------------+-------------+-------------+-------------+-------------+-------------+-------------+-------------+-------------+-------------+-------------+-------------+-------------+-------------+-------------+-------------+-------------+-------------+-------------+-------------+-------------+-------------+-------------+-------------+-------------+-------------+-------------+-------------+-------------+-------------+-------------+-------------+-------------+-------------+-------------+-------------+-------------+-------------+-------------+-------------+-------------+-------------+-------------+-------------+-------------+-------------+-------------+-------------+-------------+-------------+-------------+-------------+-------------+-------------+-------------+-------------+-------------+-------------+-------------+-------------+-------------+-------------+-------------+-------------+-------------+-------------+-------------+-------------+--------------+--------------+--------------+--------------+--------------+--------------+--------------+--------------+--------------+--------------+--------------+--------------+--------------+--------------+--------------+--------------+--------------+--------------+--------------+--------------+--------------+--------------+--------------+--------------+--------------+--------------+--------------+--------------+

+---------------------------+---------+-------------+-------------+-------------+-------------+-------------+-------------+-------------+-------------+-------------+-------------+-------------+-------------+-------------+-------------+-------------+-------------+-------------+-------------+-------------+-------------+-------------+-------------+-------------+-------------+-------------+-------------+-------------+-------------+-------------+-------------+-------------+-------------+-------------+-------------+-------------+-------------+-------------+-------------+-------------+-------------+-------------+-------------+-------------+-------------+-------------+-------------+-------------+-------------+-------------+-------------+-------------+-------------+-------------+-------------+-------------+-------------+-------------+-------------+-------------+-------------+-------------+-------------+-------------+-------------+-------------+-------------+-------------+-------------+-------------+-------------+-------------+-------------+-------------+-------------+-------------+-------------+-------------+-------------+-------------+-------------+-------------+-------------+-------------+-------------+-------------+-------------+-------------+-------------+-------------+-------------+-------------+-------------+-------------+-------------+-------------+-------------+-------------+-------------+-------------+-------------+--------------+--------------+--------------+--------------+--------------+--------------+--------------+--------------+--------------+--------------+--------------+--------------+--------------+--------------+--------------+--------------+--------------+--------------+--------------+--------------+--------------+--------------+--------------+--------------+--------------+--------------+--------------+--------------+
|           Event           | Counter |  HWThread 0 |  HWThread 1 |  HWThread 2 |  HWThread 3 |  HWThread 4 |  HWThread 5 |  HWThread 6 |  HWThread 7 |  HWThread 8 |  HWThread 9 | HWThread 10 | HWThread 11 | HWThread 12 | HWThread 13 | HWThread 14 | HWThread 15 | HWThread 16 | HWThread 17 | HWThread 18 | HWThread 19 | HWThread 20 | HWThread 21 | HWThread 22 | HWThread 23 | HWThread 24 | HWThread 25 | HWThread 26 | HWThread 27 | HWThread 28 | HWThread 29 | HWThread 30 | HWThread 31 | HWThread 32 | HWThread 33 | HWThread 34 | HWThread 35 | HWThread 36 | HWThread 37 | HWThread 38 | HWThread 39 | HWThread 40 | HWThread 41 | HWThread 42 | HWThread 43 | HWThread 44 | HWThread 45 | HWThread 46 | HWThread 47 | HWThread 48 | HWThread 49 | HWThread 50 | HWThread 51 | HWThread 52 | HWThread 53 | HWThread 54 | HWThread 55 | HWThread 56 | HWThread 57 | HWThread 58 | HWThread 59 | HWThread 60 | HWThread 61 | HWThread 62 | HWThread 63 | HWThread 64 | HWThread 65 | HWThread 66 | HWThread 67 | HWThread 68 | HWThread 69 | HWThread 70 | HWThread 71 | HWThread 72 | HWThread 73 | HWThread 74 | HWThread 75 | HWThread 76 | HWThread 77 | HWThread 78 | HWThread 79 | HWThread 80 | HWThread 81 | HWThread 82 | HWThread 83 | HWThread 84 | HWThread 85 | HWThread 86 | HWThread 87 | HWThread 88 | HWThread 89 | HWThread 90 | HWThread 91 | HWThread 92 | HWThread 93 | HWThread 94 | HWThread 95 | HWThread 96 | HWThread 97 | HWThread 98 | HWThread 99 | HWThread 100 | HWThread 101 | HWThread 102 | HWThread 103 | HWThread 104 | HWThread 105 | HWThread 106 | HWThread 107 | HWThread 108 | HWThread 109 | HWThread 110 | HWThread 111 | HWThread 112 | HWThread 113 | HWThread 114 | HWThread 115 | HWThread 116 | HWThread 117 | HWThread 118 | HWThread 119 | HWThread 120 | HWThread 121 | HWThread 122 | HWThread 123 | HWThread 124 | HWThread 125 | HWThread 126 | HWThread 127 |
+---------------------------+---------+-------------+-------------+-------------+-------------+-------------+-------------+-------------+-------------+-------------+-------------+-------------+-------------+-------------+-------------+-------------+-------------+-------------+-------------+-------------+-------------+-------------+-------------+-------------+-------------+-------------+-------------+-------------+-------------+-------------+-------------+-------------+-------------+-------------+-------------+-------------+-------------+-------------+-------------+-------------+-------------+-------------+-------------+-------------+-------------+-------------+-------------+-------------+-------------+-------------+-------------+-------------+-------------+-------------+-------------+-------------+-------------+-------------+-------------+-------------+-------------+-------------+-------------+-------------+-------------+-------------+-------------+-------------+-------------+-------------+-------------+-------------+-------------+-------------+-------------+-------------+-------------+-------------+-------------+-------------+-------------+-------------+-------------+-------------+-------------+-------------+-------------+-------------+-------------+-------------+-------------+-------------+-------------+-------------+-------------+-------------+-------------+-------------+-------------+-------------+-------------+--------------+--------------+--------------+--------------+--------------+--------------+--------------+--------------+--------------+--------------+--------------+--------------+--------------+--------------+--------------+--------------+--------------+--------------+--------------+--------------+--------------+--------------+--------------+--------------+--------------+--------------+--------------+--------------+
|      ACTUAL_CPU_CLOCK     |  FIXC1  |   604255800 |   603733500 |   603809600 |   604128400 |   604300300 |   604156800 |   603649200 |   604087800 |   603609700 |   603497100 |   604190700 |   603202800 |   603488600 |   604845800 |   603371300 |   603403800 |   604082700 |   605499800 |   603673800 |   605232600 |   605054800 |   605207800 |   605167700 |   605228500 |   603019000 |   604286100 |   603705000 |   603739000 |   604377000 |   603075800 |   604378500 |   603730800 |   603598600 |   604696400 |   604600900 |   604262200 |   604140600 |   604156000 |   603824200 |   604782400 |   603855400 |   604094200 |   603673100 |   604521200 |   604004400 |   604023800 |   604514300 |   604723300 |   604136500 |   604214000 |   604183400 |   604654800 |   604273300 |   604666300 |   603068300 |   603652600 |   603841300 |   603772300 |   604123700 |   604167700 |   603809900 |   604081900 |   604248700 |   604144700 |   614619000 |   614982900 |   615102500 |   615002200 |   615062100 |   614422900 |   614544200 |   614946500 |   613099200 |   612971100 |   612643500 |   612724000 |   612988200 |   612979700 |   613805900 |   613941800 |   614429700 |   614869800 |   614343000 |   613787500 |   613683700 |   613683900 |   613527800 |   612987000 |   614104500 |   613605800 |   614126100 |   614404800 |   613589400 |   614520700 |   614946400 |   614614600 |   613888000 |   613449800 |   612924900 |   613475100 |    613496000 |    613074700 |    613702200 |    613486300 |    614436200 |    613625100 |    613804300 |    614457800 |    613528200 |    613762200 |    613766300 |    613746600 |    614469900 |    613736000 |    613257700 |    614396000 |    614155700 |    612959500 |    613645000 |    614331200 |    613790800 |    613370400 |    613746400 |    613234300 |    613294900 |    613850700 |    613617600 |    613667300 |
|       MAX_CPU_CLOCK       |  FIXC2  |   551988800 |   552154300 |   552253900 |   551931700 |   552026700 |   551572700 |   551787800 |   551541200 |   551167000 |   551361000 |   552360400 |   551211700 |   550998400 |   551894400 |   551232300 |   551263400 |   551904900 |   552571000 |   551207400 |   552658800 |   552413500 |   552686900 |   552147300 |   552635400 |   551150300 |   551647600 |   551824600 |   552025100 |   552112700 |   551261500 |   552115600 |   552142700 |   552118000 |   552280500 |   552106500 |   552011400 |   551547000 |   551970700 |   552239400 |   552266700 |   552147600 |   552283300 |   552119000 |   552325800 |   552218800 |   552274300 |   552315400 |   551857300 |   552320800 |   552080500 |   552028300 |   552104300 |   552097100 |   551927700 |   551265800 |   551190300 |   551467800 |   551153200 |   551535500 |   551562100 |   551340600 |   551335800 |   551615500 |   551531800 |   552338100 |   551935200 |   552007700 |   552012500 |   552024900 |   552210800 |   552334500 |   551946100 |   551550000 |   550720200 |   550149500 |   550804000 |   550733500 |   550718600 |   551183300 |   551522900 |   552123800 |   551869800 |   552369500 |   551078800 |   551409100 |   552090000 |   551330600 |   551461700 |   551567400 |   551793900 |   551579600 |   552116500 |   551701900 |   552279600 |   551962700 |   551779400 |   552281400 |   551621300 |   551487100 |   551642700 |    551635100 |    551591900 |    551049000 |    551667000 |    552218900 |    551438400 |    551140000 |    552200600 |    551359000 |    551245100 |    551160000 |    551131900 |    552200000 |    551819900 |    551021200 |    552098500 |    551945600 |    550817900 |    551743600 |    552056600 |    551890100 |    551596300 |    551858100 |    551075100 |    551535900 |    551881700 |    551732900 |    551838000 |
|    RETIRED_INSTRUCTIONS   |   PMC0  |  1484976000 |  1485506000 |  1485458000 |  1485210000 |  1485259000 |  1485281000 |  1485240000 |  1485151000 |  1485000000 |  1485065000 |  1485217000 |  1485086000 |  1485047000 |  1485319000 |  1485223000 |  1485036000 |  1485242000 |  1485258000 |  1485100000 |  1485619000 |  1485400000 |  1485599000 |  1485222000 |  1485542000 |  1485140000 |  1485234000 |  1485240000 |  1485250000 |  1485182000 |  1485225000 |  1485300000 |  1485255000 |  1485279000 |  1485214000 |  1485233000 |  1485328000 |  1485219000 |  1485199000 |  1485379000 |  1485231000 |  1485005000 |  1485264000 |  1485119000 |  1485205000 |  1485179000 |  1485162000 |  1485256000 |  1485300000 |  1485322000 |  1485140000 |  1485308000 |  1485200000 |  1485195000 |  1485129000 |  1485077000 |  1484937000 |  1485206000 |  1485346000 |  1485334000 |  1485225000 |  1485194000 |  1485017000 |  1484611000 |  1485275000 |  1487098000 |  1486991000 |  1486972000 |  1487067000 |  1486899000 |  1486988000 |  1487023000 |  1487039000 |  1486899000 |  1486684000 |  1486763000 |  1486826000 |  1486597000 |  1486605000 |  1486576000 |  1486806000 |  1487090000 |  1487018000 |  1486962000 |  1486808000 |  1486900000 |  1486983000 |  1486793000 |  1486861000 |  1486926000 |  1486906000 |  1487034000 |  1487062000 |  1486948000 |  1486998000 |  1487060000 |  1487158000 |  1487012000 |  1486807000 |  1486873000 |  1486877000 |   1486816000 |   1486943000 |   1486817000 |   1486847000 |   1487074000 |   1486666000 |   1486718000 |   1486983000 |   1486750000 |   1486893000 |   1486863000 |   1487092000 |   1487014000 |   1486937000 |   1486919000 |   1487075000 |   1486995000 |   1487025000 |   1486899000 |   1487065000 |   1487119000 |   1486937000 |   1487193000 |   1486846000 |   1486706000 |   1487359000 |   1487226000 |   1486907000 |
|    CPU_CLOCKS_UNHALTED    |   PMC1  |   592865400 |   594138200 |   593970000 |   593452700 |   593017500 |   593664200 |   593430800 |   593307000 |   592710200 |   592998200 |   593261300 |   592077100 |   593093600 |   593722200 |   593093600 |   593076100 |   592780800 |   592858800 |   592586100 |   593942800 |   593976100 |   593749500 |   593054200 |   594006900 |   592688000 |   592921000 |   593172900 |   593122900 |   592796800 |   592713000 |   593006800 |   592910000 |   592874600 |   593025100 |   593092600 |   593097700 |   592610900 |   592678800 |   593626000 |   592822300 |   592781400 |   592860100 |   592808000 |   592750500 |   592771800 |   593032800 |   593035900 |   593219100 |   593275700 |   593007700 |   593017200 |   593257500 |   593206900 |   593145000 |   592914300 |   592831400 |   593299300 |   593357000 |   593109200 |   593417400 |   593317000 |   593234500 |   593105900 |   593672200 |   602205600 |   602631400 |   602422700 |   602895500 |   602002000 |   602407600 |   602403100 |   602312500 |   602049900 |   602030600 |   601680500 |   601847300 |   601950200 |   601888500 |   602075400 |   602262300 |   602191400 |   602131000 |   602322100 |   601813200 |   601955500 |   602475100 |   601880100 |   601931000 |   601769200 |   601964200 |   602822900 |   602742400 |   602360000 |   602552300 |   602534300 |   602388300 |   602780800 |   602399600 |   602446500 |   602479400 |    602568400 |    602471200 |    602294300 |    602535200 |    602345800 |    602005700 |    601973500 |    602564200 |    602048100 |    602129900 |    602207100 |    602363400 |    602821500 |    602668300 |    602702500 |    602909900 |    603036200 |    602551300 |    602851700 |    602944500 |    603047700 |    602763300 |    603162500 |    602406600 |    602994900 |    603522700 |    603375400 |    603365700 |
| RETIRED_SSE_AVX_FLOPS_ALL |   PMC2  | 18749580000 | 18750000000 | 18749710000 | 18749990000 | 18748970000 | 18749990000 | 18750000000 | 18749980000 | 18749990000 | 18749990000 | 18750000000 | 18749990000 | 18749990000 | 18750000000 | 18749950000 | 18749980000 | 18749990000 | 18750000000 | 18750000000 | 18749980000 | 18750000000 | 18750000000 | 18750000000 | 18749980000 | 18749900000 | 18750000000 | 18749920000 | 18750000000 | 18749930000 | 18750000000 | 18749950000 | 18750000000 | 18749990000 | 18750000000 | 18749880000 | 18750000000 | 18750000000 | 18750000000 | 18749890000 | 18750000000 | 18749990000 | 18750000000 | 18749990000 | 18749990000 | 18749850000 | 18750000000 | 18749860000 | 18750000000 | 18749970000 | 18750000000 | 18750000000 | 18749960000 | 18749990000 | 18749980000 | 18749980000 | 18749980000 | 18749990000 | 18749920000 | 18749950000 | 18750000000 | 18750000000 | 18749980000 | 18749960000 | 18749970000 | 18750000000 | 18750000000 | 18750000000 | 18750000000 | 18749990000 | 18750000000 | 18749960000 | 18749980000 | 18749850000 | 18749910000 | 18750000000 | 18750000000 | 18749780000 | 18749370000 | 18749460000 | 18748270000 | 18750000000 | 18749930000 | 18750000000 | 18750000000 | 18749980000 | 18750000000 | 18749990000 | 18749990000 | 18750000000 | 18749990000 | 18750000000 | 18750000000 | 18750000000 | 18750000000 | 18749990000 | 18750000000 | 18750000000 | 18750000000 | 18749990000 | 18750000000 |  18750000000 |  18750000000 |  18749980000 |  18750000000 |  18750000000 |  18750000000 |  18750000000 |  18750000000 |  18749940000 |  18750000000 |  18749930000 |  18750000000 |  18749970000 |  18750000000 |  18750000000 |  18749970000 |  18749990000 |  18749940000 |  18749290000 |  18750000000 |  18750000000 |  18750000000 |  18749870000 |  18748370000 |  18749990000 |  18750000000 |  18750000000 |  18749990000 |
|           MERGE           |   PMC3  |           0 |           0 |           0 |           0 |           0 |           0 |           0 |           0 |           0 |           0 |           0 |           0 |           0 |           0 |           0 |           0 |           0 |           0 |           0 |           0 |           0 |           0 |           0 |           0 |           0 |           0 |           0 |           0 |           0 |           0 |           0 |           0 |           0 |           0 |           0 |           0 |           0 |           0 |           0 |           0 |           0 |           0 |           0 |           0 |           0 |           0 |           0 |           0 |           0 |           0 |           0 |           0 |           0 |           0 |           0 |           0 |           0 |           0 |           0 |           0 |           0 |           0 |           0 |           0 |           0 |           0 |           0 |           0 |           0 |           0 |           0 |           0 |           0 |           0 |           0 |           0 |           0 |           0 |           0 |           0 |           0 |           0 |           0 |           0 |           0 |           0 |           0 |           0 |           0 |           0 |           0 |           0 |           0 |           0 |           0 |           0 |           0 |           0 |           0 |           0 |            0 |            0 |            0 |            0 |            0 |            0 |            0 |            0 |            0 |            0 |            0 |            0 |            0 |            0 |            0 |            0 |            0 |            0 |            0 |            0 |            0 |            0 |            0 |            0 |            0 |            0 |            0 |            0 |
+---------------------------+---------+-------------+-------------+-------------+-------------+-------------+-------------+-------------+-------------+-------------+-------------+-------------+-------------+-------------+-------------+-------------+-------------+-------------+-------------+-------------+-------------+-------------+-------------+-------------+-------------+-------------+-------------+-------------+-------------+-------------+-------------+-------------+-------------+-------------+-------------+-------------+-------------+-------------+-------------+-------------+-------------+-------------+-------------+-------------+-------------+-------------+-------------+-------------+-------------+-------------+-------------+-------------+-------------+-------------+-------------+-------------+-------------+-------------+-------------+-------------+-------------+-------------+-------------+-------------+-------------+-------------+-------------+-------------+-------------+-------------+-------------+-------------+-------------+-------------+-------------+-------------+-------------+-------------+-------------+-------------+-------------+-------------+-------------+-------------+-------------+-------------+-------------+-------------+-------------+-------------+-------------+-------------+-------------+-------------+-------------+-------------+-------------+-------------+-------------+-------------+-------------+--------------+--------------+--------------+--------------+--------------+--------------+--------------+--------------+--------------+--------------+--------------+--------------+--------------+--------------+--------------+--------------+--------------+--------------+--------------+--------------+--------------+--------------+--------------+--------------+--------------+--------------+--------------+--------------+

+--------------------------------+---------+---------------+-------------+-------------+--------------+
|              Event             | Counter |      Sum      |     Min     |     Max     |      Avg     |
+--------------------------------+---------+---------------+-------------+-------------+--------------+
|      ACTUAL_CPU_CLOCK STAT     |  FIXC1  |   77950908000 |   603019000 |   615102500 | 6.089915e+08 |
|       MAX_CPU_CLOCK STAT       |  FIXC2  |   70624576700 |   550149500 |   552686900 | 5.517545e+08 |
|    RETIRED_INSTRUCTIONS STAT   |   PMC0  |  190217563000 |  1484611000 |  1487359000 | 1.486075e+09 |
|    CPU_CLOCKS_UNHALTED STAT    |   PMC1  |   76516056400 |   592077100 |   603522700 | 5.977817e+08 |
| RETIRED_SSE_AVX_FLOPS_ALL STAT |   PMC2  | 2399990490000 | 18748270000 | 18750000000 | 1.874993e+10 |
|           MERGE STAT           |   PMC3  |             0 |           0 |           0 |            0 |
+--------------------------------+---------+---------------+-------------+-------------+--------------+

+----------------------+------------+------------+------------+------------+------------+------------+------------+------------+------------+------------+-------------+-------------+-------------+-------------+-------------+-------------+-------------+-------------+-------------+-------------+-------------+-------------+-------------+-------------+-------------+-------------+-------------+-------------+-------------+-------------+-------------+-------------+-------------+-------------+-------------+-------------+-------------+-------------+-------------+-------------+-------------+-------------+-------------+-------------+-------------+-------------+-------------+-------------+-------------+-------------+-------------+-------------+-------------+-------------+-------------+-------------+-------------+-------------+-------------+-------------+-------------+-------------+-------------+-------------+-------------+-------------+-------------+-------------+-------------+-------------+-------------+-------------+-------------+-------------+-------------+-------------+-------------+-------------+-------------+-------------+-------------+-------------+-------------+-------------+-------------+-------------+-------------+-------------+-------------+-------------+-------------+-------------+-------------+-------------+-------------+-------------+-------------+-------------+-------------+-------------+--------------+--------------+--------------+--------------+--------------+--------------+--------------+--------------+--------------+--------------+--------------+--------------+--------------+--------------+--------------+--------------+--------------+--------------+--------------+--------------+--------------+--------------+--------------+--------------+--------------+--------------+--------------+--------------+
|        Metric        | HWThread 0 | HWThread 1 | HWThread 2 | HWThread 3 | HWThread 4 | HWThread 5 | HWThread 6 | HWThread 7 | HWThread 8 | HWThread 9 | HWThread 10 | HWThread 11 | HWThread 12 | HWThread 13 | HWThread 14 | HWThread 15 | HWThread 16 | HWThread 17 | HWThread 18 | HWThread 19 | HWThread 20 | HWThread 21 | HWThread 22 | HWThread 23 | HWThread 24 | HWThread 25 | HWThread 26 | HWThread 27 | HWThread 28 | HWThread 29 | HWThread 30 | HWThread 31 | HWThread 32 | HWThread 33 | HWThread 34 | HWThread 35 | HWThread 36 | HWThread 37 | HWThread 38 | HWThread 39 | HWThread 40 | HWThread 41 | HWThread 42 | HWThread 43 | HWThread 44 | HWThread 45 | HWThread 46 | HWThread 47 | HWThread 48 | HWThread 49 | HWThread 50 | HWThread 51 | HWThread 52 | HWThread 53 | HWThread 54 | HWThread 55 | HWThread 56 | HWThread 57 | HWThread 58 | HWThread 59 | HWThread 60 | HWThread 61 | HWThread 62 | HWThread 63 | HWThread 64 | HWThread 65 | HWThread 66 | HWThread 67 | HWThread 68 | HWThread 69 | HWThread 70 | HWThread 71 | HWThread 72 | HWThread 73 | HWThread 74 | HWThread 75 | HWThread 76 | HWThread 77 | HWThread 78 | HWThread 79 | HWThread 80 | HWThread 81 | HWThread 82 | HWThread 83 | HWThread 84 | HWThread 85 | HWThread 86 | HWThread 87 | HWThread 88 | HWThread 89 | HWThread 90 | HWThread 91 | HWThread 92 | HWThread 93 | HWThread 94 | HWThread 95 | HWThread 96 | HWThread 97 | HWThread 98 | HWThread 99 | HWThread 100 | HWThread 101 | HWThread 102 | HWThread 103 | HWThread 104 | HWThread 105 | HWThread 106 | HWThread 107 | HWThread 108 | HWThread 109 | HWThread 110 | HWThread 111 | HWThread 112 | HWThread 113 | HWThread 114 | HWThread 115 | HWThread 116 | HWThread 117 | HWThread 118 | HWThread 119 | HWThread 120 | HWThread 121 | HWThread 122 | HWThread 123 | HWThread 124 | HWThread 125 | HWThread 126 | HWThread 127 |
+----------------------+------------+------------+------------+------------+------------+------------+------------+------------+------------+------------+-------------+-------------+-------------+-------------+-------------+-------------+-------------+-------------+-------------+-------------+-------------+-------------+-------------+-------------+-------------+-------------+-------------+-------------+-------------+-------------+-------------+-------------+-------------+-------------+-------------+-------------+-------------+-------------+-------------+-------------+-------------+-------------+-------------+-------------+-------------+-------------+-------------+-------------+-------------+-------------+-------------+-------------+-------------+-------------+-------------+-------------+-------------+-------------+-------------+-------------+-------------+-------------+-------------+-------------+-------------+-------------+-------------+-------------+-------------+-------------+-------------+-------------+-------------+-------------+-------------+-------------+-------------+-------------+-------------+-------------+-------------+-------------+-------------+-------------+-------------+-------------+-------------+-------------+-------------+-------------+-------------+-------------+-------------+-------------+-------------+-------------+-------------+-------------+-------------+-------------+--------------+--------------+--------------+--------------+--------------+--------------+--------------+--------------+--------------+--------------+--------------+--------------+--------------+--------------+--------------+--------------+--------------+--------------+--------------+--------------+--------------+--------------+--------------+--------------+--------------+--------------+--------------+--------------+
|  Runtime (RDTSC) [s] |     0.2240 |     0.2241 |     0.2241 |     0.2241 |     0.2240 |     0.2241 |     0.2241 |     0.2241 |     0.2240 |     0.2240 |      0.2241 |      0.2240 |      0.2240 |      0.2243 |      0.2240 |      0.2240 |      0.2240 |      0.2241 |      0.2240 |      0.2243 |      0.2243 |      0.2243 |      0.2241 |      0.2244 |      0.2240 |      0.2240 |      0.2241 |      0.2241 |      0.2240 |      0.2240 |      0.2241 |      0.2240 |      0.2241 |      0.2242 |      0.2241 |      0.2242 |      0.2240 |      0.2240 |      0.2243 |      0.2241 |      0.2240 |      0.2240 |      0.2240 |      0.2240 |      0.2240 |      0.2241 |      0.2241 |      0.2242 |      0.2241 |      0.2241 |      0.2241 |      0.2241 |      0.2241 |      0.2241 |      0.2240 |      0.2240 |      0.2241 |      0.2241 |      0.2240 |      0.2241 |      0.2241 |      0.2240 |      0.2240 |      0.2242 |      0.2240 |      0.2241 |      0.2241 |      0.2243 |      0.2240 |      0.2241 |      0.2241 |      0.2241 |      0.2240 |      0.2240 |      0.2240 |      0.2240 |      0.2240 |      0.2240 |      0.2240 |      0.2241 |      0.2241 |      0.2241 |      0.2241 |      0.2240 |      0.2240 |      0.2241 |      0.2240 |      0.2240 |      0.2240 |      0.2240 |      0.2242 |      0.2241 |      0.2240 |      0.2241 |      0.2241 |      0.2241 |      0.2241 |      0.2240 |      0.2240 |      0.2240 |       0.2240 |       0.2240 |       0.2240 |       0.2240 |       0.2241 |       0.2240 |       0.2240 |       0.2241 |       0.2240 |       0.2240 |       0.2240 |       0.2240 |       0.2241 |       0.2240 |       0.2240 |       0.2241 |       0.2241 |       0.2240 |       0.2241 |       0.2241 |       0.2241 |       0.2240 |       0.2241 |       0.2240 |       0.2240 |       0.2241 |       0.2241 |       0.2241 |
| Runtime unhalted [s] |     0.2471 |     0.2469 |     0.2469 |     0.2470 |     0.2471 |     0.2471 |     0.2469 |     0.2470 |     0.2468 |     0.2468 |      0.2471 |      0.2467 |      0.2468 |      0.2473 |      0.2467 |      0.2468 |      0.2470 |      0.2476 |      0.2469 |      0.2475 |      0.2474 |      0.2475 |      0.2475 |      0.2475 |      0.2466 |      0.2471 |      0.2469 |      0.2469 |      0.2472 |      0.2466 |      0.2472 |      0.2469 |      0.2468 |      0.2473 |      0.2472 |      0.2471 |      0.2471 |      0.2471 |      0.2469 |      0.2473 |      0.2469 |      0.2470 |      0.2469 |      0.2472 |      0.2470 |      0.2470 |      0.2472 |      0.2473 |      0.2471 |      0.2471 |      0.2471 |      0.2473 |      0.2471 |      0.2473 |      0.2466 |      0.2469 |      0.2469 |      0.2469 |      0.2470 |      0.2471 |      0.2469 |      0.2470 |      0.2471 |      0.2471 |      0.2513 |      0.2515 |      0.2515 |      0.2515 |      0.2515 |      0.2513 |      0.2513 |      0.2515 |      0.2507 |      0.2507 |      0.2505 |      0.2506 |      0.2507 |      0.2507 |      0.2510 |      0.2511 |      0.2513 |      0.2514 |      0.2512 |      0.2510 |      0.2510 |      0.2510 |      0.2509 |      0.2507 |      0.2511 |      0.2509 |      0.2511 |      0.2513 |      0.2509 |      0.2513 |      0.2515 |      0.2513 |      0.2510 |      0.2509 |      0.2506 |      0.2509 |       0.2509 |       0.2507 |       0.2510 |       0.2509 |       0.2513 |       0.2509 |       0.2510 |       0.2513 |       0.2509 |       0.2510 |       0.2510 |       0.2510 |       0.2513 |       0.2510 |       0.2508 |       0.2512 |       0.2511 |       0.2507 |       0.2509 |       0.2512 |       0.2510 |       0.2508 |       0.2510 |       0.2508 |       0.2508 |       0.2510 |       0.2509 |       0.2509 |
|      Clock [MHz]     |  2676.9345 |  2673.8189 |  2673.6737 |  2676.6470 |  2676.9478 |  2678.5150 |  2675.2213 |  2678.3621 |  2678.0592 |  2676.6176 |   2674.8454 |   2676.0369 |   2678.3413 |   2680.0066 |   2676.6844 |   2676.6776 |   2676.5744 |   2679.6193 |   2678.1473 |   2678.0113 |   2678.4134 |   2677.7654 |   2680.2047 |   2678.1065 |   2675.5195 |   2678.7245 |   2675.2902 |   2674.4691 |   2676.8705 |   2675.2318 |   2676.8631 |   2673.8631 |   2673.3972 |   2677.4715 |   2677.8923 |   2676.8532 |   2678.5680 |   2676.5801 |   2673.8085 |   2677.9192 |   2674.3913 |   2674.7915 |   2673.7224 |   2676.4762 |   2674.7062 |   2674.5234 |   2676.4960 |   2679.6439 |   2674.7972 |   2676.3047 |   2676.4222 |   2678.1417 |   2676.4869 |   2679.0496 |   2675.1777 |   2678.1364 |   2677.6255 |   2678.8477 |   2678.5489 |   2678.6148 |   2678.1040 |   2679.3337 |   2678.7146 |   2678.6600 |   2721.1229 |   2724.7215 |   2724.8935 |   2724.4255 |   2724.6296 |   2720.8818 |   2720.8095 |   2724.5065 |   2718.2728 |   2721.7998 |   2723.1671 |   2720.2886 |   2721.8100 |   2721.8459 |   2723.2166 |   2722.1423 |   2721.3407 |   2724.5433 |   2719.7463 |   2723.6514 |   2721.5595 |   2718.2039 |   2721.2555 |   2718.2105 |   2722.6441 |   2719.3164 |   2722.6796 |   2721.2664 |   2719.6972 |   2720.9759 |   2724.4241 |   2723.8587 |   2718.1656 |   2719.4757 |   2717.8100 |   2719.4823 |    2719.6125 |    2717.9577 |    2723.4201 |    2719.4122 |    2720.9008 |    2721.1551 |    2723.4235 |    2721.0866 |    2721.1171 |    2722.7174 |    2723.1560 |    2723.2075 |    2721.1432 |    2719.7652 |    2721.5849 |    2721.3161 |    2721.0053 |    2721.2655 |    2719.7380 |    2721.2356 |    2719.6621 |    2719.2469 |    2719.6231 |    2721.2148 |    2719.2100 |    2719.9689 |    2719.6693 |    2719.3716 |
|          CPI         |     0.3992 |     0.4000 |     0.3999 |     0.3996 |     0.3993 |     0.3997 |     0.3996 |     0.3995 |     0.3991 |     0.3993 |      0.3994 |      0.3987 |      0.3994 |      0.3997 |      0.3993 |      0.3994 |      0.3991 |      0.3992 |      0.3990 |      0.3998 |      0.3999 |      0.3997 |      0.3993 |      0.3999 |      0.3991 |      0.3992 |      0.3994 |      0.3993 |      0.3991 |      0.3991 |      0.3993 |      0.3992 |      0.3992 |      0.3993 |      0.3993 |      0.3993 |      0.3990 |      0.3991 |      0.3996 |      0.3991 |      0.3992 |      0.3992 |      0.3992 |      0.3991 |      0.3991 |      0.3993 |      0.3993 |      0.3994 |      0.3994 |      0.3993 |      0.3993 |      0.3994 |      0.3994 |      0.3994 |      0.3992 |      0.3992 |      0.3995 |      0.3995 |      0.3993 |      0.3995 |      0.3995 |      0.3995 |      0.3995 |      0.3997 |      0.4050 |      0.4053 |      0.4051 |      0.4054 |      0.4049 |      0.4051 |      0.4051 |      0.4050 |      0.4049 |      0.4049 |      0.4047 |      0.4048 |      0.4049 |      0.4049 |      0.4050 |      0.4051 |      0.4049 |      0.4049 |      0.4051 |      0.4048 |      0.4048 |      0.4052 |      0.4048 |      0.4048 |      0.4047 |      0.4048 |      0.4054 |      0.4053 |      0.4051 |      0.4052 |      0.4052 |      0.4051 |      0.4054 |      0.4052 |      0.4052 |      0.4052 |       0.4053 |       0.4052 |       0.4051 |       0.4052 |       0.4051 |       0.4049 |       0.4049 |       0.4052 |       0.4049 |       0.4050 |       0.4050 |       0.4051 |       0.4054 |       0.4053 |       0.4053 |       0.4054 |       0.4055 |       0.4052 |       0.4054 |       0.4055 |       0.4055 |       0.4054 |       0.4056 |       0.4052 |       0.4056 |       0.4058 |       0.4057 |       0.4058 |
|     SP [MFLOP/s]     | 83693.3194 | 83667.5573 | 83675.7846 | 83660.4570 | 83692.2029 | 83649.8198 | 83665.5413 | 83668.8495 | 83705.0136 | 83705.6862 |  83661.3229 |  83706.5083 |  83704.9014 |  83601.4525 |  83707.2266 |  83710.6119 |  83688.7989 |  83679.9916 |  83704.7219 |  83579.1156 |  83586.6194 |  83579.5401 |  83669.2374 |  83547.9069 |  83708.1245 |  83687.5735 |  83664.2884 |  83668.4534 |  83696.8618 |  83704.3482 |  83678.4241 |  83696.3897 |  83680.7313 |  83643.7819 |  83659.4063 |  83643.7446 |  83702.2930 |  83696.9127 |  83602.2294 |  83676.2199 |  83691.1523 |  83686.6771 |  83693.5805 |  83695.9341 |  83695.9443 |  83664.1973 |  83661.2582 |  83648.9315 |  83671.8665 |  83685.5192 |  83684.5481 |  83656.3666 |  83670.8730 |  83668.1028 |  83702.7642 |  83713.3776 |  83677.1088 |  83678.0661 |  83701.6214 |  83682.9421 |  83677.2655 |  83695.1796 |  83709.9994 |  83639.1334 |  83688.0591 |  83658.3367 |  83682.3818 |  83605.1802 |  83713.3849 |  83658.2993 |  83652.2610 |  83660.0018 |  83690.0791 |  83708.0944 |  83717.6532 |  83714.8872 |  83709.7190 |  83713.7937 |  83688.4130 |  83664.5043 |  83668.5654 |  83675.3100 |  83662.4801 |  83712.8689 |  83713.9382 |  83654.4549 |  83713.1606 |  83712.8242 |  83692.4670 |  83692.8333 |  83645.6476 |  83674.8382 |  83693.1768 |  83671.3283 |  83655.4180 |  83673.6807 |  83663.2641 |  83713.0184 |  83713.4596 |  83712.4951 |   83704.9087 |   83703.3393 |   83717.3770 |   83713.7659 |   83663.9734 |   83713.3174 |   83716.3823 |   83662.7414 |   83712.1899 |   83701.6952 |   83705.6425 |   83688.2085 |   83676.3101 |   83697.8094 |   83712.6820 |   83678.9988 |   83667.7741 |   83708.4899 |   83672.9020 |   83679.3568 |   83663.5627 |   83691.4210 |   83662.0494 |   83710.1884 |   83694.9627 |   83673.1206 |   83675.1743 |   83675.0550 |
+----------------------+------------+------------+------------+------------+------------+------------+------------+------------+------------+------------+-------------+-------------+-------------+-------------+-------------+-------------+-------------+-------------+-------------+-------------+-------------+-------------+-------------+-------------+-------------+-------------+-------------+-------------+-------------+-------------+-------------+-------------+-------------+-------------+-------------+-------------+-------------+-------------+-------------+-------------+-------------+-------------+-------------+-------------+-------------+-------------+-------------+-------------+-------------+-------------+-------------+-------------+-------------+-------------+-------------+-------------+-------------+-------------+-------------+-------------+-------------+-------------+-------------+-------------+-------------+-------------+-------------+-------------+-------------+-------------+-------------+-------------+-------------+-------------+-------------+-------------+-------------+-------------+-------------+-------------+-------------+-------------+-------------+-------------+-------------+-------------+-------------+-------------+-------------+-------------+-------------+-------------+-------------+-------------+-------------+-------------+-------------+-------------+-------------+-------------+--------------+--------------+--------------+--------------+--------------+--------------+--------------+--------------+--------------+--------------+--------------+--------------+--------------+--------------+--------------+--------------+--------------+--------------+--------------+--------------+--------------+--------------+--------------+--------------+--------------+--------------+--------------+--------------+

+---------------------------+--------------+------------+------------+------------+
|           Metric          |      Sum     |     Min    |     Max    |     Avg    |
+---------------------------+--------------+------------+------------+------------+
|  Runtime (RDTSC) [s] STAT |      28.6806 |     0.2240 |     0.2244 |     0.2241 |
| Runtime unhalted [s] STAT |      31.8771 |     0.2466 |     0.2515 |     0.2490 |
|      Clock [MHz] STAT     |  345480.2979 |  2673.3972 |  2724.8935 |  2699.0648 |
|          CPI STAT         |      51.4887 |     0.3987 |     0.4058 |     0.4023 |
|     SP [MFLOP/s] STAT     | 1.071106e+07 | 83547.9069 | 83717.6532 | 83680.1411 |
+---------------------------+--------------+------------+------------+------------+

