--------------------------------------------------------------------------------
CPU name:	AMD EPYC 7763 64-Core Processor                
CPU type:	AMD K19 (Zen3) architecture
CPU clock:	2.45 GHz
--------------------------------------------------------------------------------
Allocate: Process running on hwthread 0 (Domain N) - Vector length 8000000/64000000 Offset 0 Alignment 512
Initialization: Each thread in domain initializes its own stream chunks
--------------------------------------------------------------------------------
LIKWID MICRO BENCHMARK
Test: peakflops_avx_fma
--------------------------------------------------------------------------------
Using 1 work groups
Using 128 threads
--------------------------------------------------------------------------------
Using Likwid Marker API
--------------------------------------------------------------------------------
Group: 0 Thread 0 Global Thread 0 running on hwthread 0 - Vector length 62500 Offset 0
Group: 0 Thread 1 Global Thread 1 running on hwthread 1 - Vector length 62500 Offset 62500
Group: 0 Thread 2 Global Thread 2 running on hwthread 2 - Vector length 62500 Offset 125000
Group: 0 Thread 3 Global Thread 3 running on hwthread 3 - Vector length 62500 Offset 187500
Group: 0 Thread 4 Global Thread 4 running on hwthread 4 - Vector length 62500 Offset 250000
Group: 0 Thread 5 Global Thread 5 running on hwthread 5 - Vector length 62500 Offset 312500
Group: 0 Thread 6 Global Thread 6 running on hwthread 6 - Vector length 62500 Offset 375000
Group: 0 Thread 7 Global Thread 7 running on hwthread 7 - Vector length 62500 Offset 437500
Group: 0 Thread 8 Global Thread 8 running on hwthread 8 - Vector length 62500 Offset 500000
Group: 0 Thread 9 Global Thread 9 running on hwthread 9 - Vector length 62500 Offset 562500
Group: 0 Thread 10 Global Thread 10 running on hwthread 10 - Vector length 62500 Offset 625000
Group: 0 Thread 11 Global Thread 11 running on hwthread 11 - Vector length 62500 Offset 687500
Group: 0 Thread 12 Global Thread 12 running on hwthread 12 - Vector length 62500 Offset 750000
Group: 0 Thread 13 Global Thread 13 running on hwthread 13 - Vector length 62500 Offset 812500
Group: 0 Thread 14 Global Thread 14 running on hwthread 14 - Vector length 62500 Offset 875000
Group: 0 Thread 15 Global Thread 15 running on hwthread 15 - Vector length 62500 Offset 937500
Group: 0 Thread 16 Global Thread 16 running on hwthread 16 - Vector length 62500 Offset 1000000
Group: 0 Thread 17 Global Thread 17 running on hwthread 17 - Vector length 62500 Offset 1062500
Group: 0 Thread 18 Global Thread 18 running on hwthread 18 - Vector length 62500 Offset 1125000
Group: 0 Thread 19 Global Thread 19 running on hwthread 19 - Vector length 62500 Offset 1187500
Group: 0 Thread 20 Global Thread 20 running on hwthread 20 - Vector length 62500 Offset 1250000
Group: 0 Thread 21 Global Thread 21 running on hwthread 21 - Vector length 62500 Offset 1312500
Group: 0 Thread 22 Global Thread 22 running on hwthread 22 - Vector length 62500 Offset 1375000
Group: 0 Thread 23 Global Thread 23 running on hwthread 23 - Vector length 62500 Offset 1437500
Group: 0 Thread 24 Global Thread 24 running on hwthread 24 - Vector length 62500 Offset 1500000
Group: 0 Thread 25 Global Thread 25 running on hwthread 25 - Vector length 62500 Offset 1562500
Group: 0 Thread 26 Global Thread 26 running on hwthread 26 - Vector length 62500 Offset 1625000
Group: 0 Thread 27 Global Thread 27 running on hwthread 27 - Vector length 62500 Offset 1687500
Group: 0 Thread 28 Global Thread 28 running on hwthread 28 - Vector length 62500 Offset 1750000
Group: 0 Thread 29 Global Thread 29 running on hwthread 29 - Vector length 62500 Offset 1812500
Group: 0 Thread 30 Global Thread 30 running on hwthread 30 - Vector length 62500 Offset 1875000
Group: 0 Thread 31 Global Thread 31 running on hwthread 31 - Vector length 62500 Offset 1937500
Group: 0 Thread 32 Global Thread 32 running on hwthread 32 - Vector length 62500 Offset 2000000
Group: 0 Thread 33 Global Thread 33 running on hwthread 33 - Vector length 62500 Offset 2062500
Group: 0 Thread 34 Global Thread 34 running on hwthread 34 - Vector length 62500 Offset 2125000
Group: 0 Thread 35 Global Thread 35 running on hwthread 35 - Vector length 62500 Offset 2187500
Group: 0 Thread 36 Global Thread 36 running on hwthread 36 - Vector length 62500 Offset 2250000
Group: 0 Thread 37 Global Thread 37 running on hwthread 37 - Vector length 62500 Offset 2312500
Group: 0 Thread 38 Global Thread 38 running on hwthread 38 - Vector length 62500 Offset 2375000
Group: 0 Thread 39 Global Thread 39 running on hwthread 39 - Vector length 62500 Offset 2437500
Group: 0 Thread 40 Global Thread 40 running on hwthread 40 - Vector length 62500 Offset 2500000
Group: 0 Thread 41 Global Thread 41 running on hwthread 41 - Vector length 62500 Offset 2562500
Group: 0 Thread 42 Global Thread 42 running on hwthread 42 - Vector length 62500 Offset 2625000
Group: 0 Thread 43 Global Thread 43 running on hwthread 43 - Vector length 62500 Offset 2687500
Group: 0 Thread 44 Global Thread 44 running on hwthread 44 - Vector length 62500 Offset 2750000
Group: 0 Thread 45 Global Thread 45 running on hwthread 45 - Vector length 62500 Offset 2812500
Group: 0 Thread 46 Global Thread 46 running on hwthread 46 - Vector length 62500 Offset 2875000
Group: 0 Thread 47 Global Thread 47 running on hwthread 47 - Vector length 62500 Offset 2937500
Group: 0 Thread 48 Global Thread 48 running on hwthread 48 - Vector length 62500 Offset 3000000
Group: 0 Thread 49 Global Thread 49 running on hwthread 49 - Vector length 62500 Offset 3062500
Group: 0 Thread 50 Global Thread 50 running on hwthread 50 - Vector length 62500 Offset 3125000
Group: 0 Thread 51 Global Thread 51 running on hwthread 51 - Vector length 62500 Offset 3187500
Group: 0 Thread 52 Global Thread 52 running on hwthread 52 - Vector length 62500 Offset 3250000
Group: 0 Thread 53 Global Thread 53 running on hwthread 53 - Vector length 62500 Offset 3312500
Group: 0 Thread 54 Global Thread 54 running on hwthread 54 - Vector length 62500 Offset 3375000
Group: 0 Thread 55 Global Thread 55 running on hwthread 55 - Vector length 62500 Offset 3437500
Group: 0 Thread 56 Global Thread 56 running on hwthread 56 - Vector length 62500 Offset 3500000
Group: 0 Thread 57 Global Thread 57 running on hwthread 57 - Vector length 62500 Offset 3562500
Group: 0 Thread 58 Global Thread 58 running on hwthread 58 - Vector length 62500 Offset 3625000
Group: 0 Thread 59 Global Thread 59 running on hwthread 59 - Vector length 62500 Offset 3687500
Group: 0 Thread 60 Global Thread 60 running on hwthread 60 - Vector length 62500 Offset 3750000
Group: 0 Thread 61 Global Thread 61 running on hwthread 61 - Vector length 62500 Offset 3812500
Group: 0 Thread 62 Global Thread 62 running on hwthread 62 - Vector length 62500 Offset 3875000
Group: 0 Thread 63 Global Thread 63 running on hwthread 63 - Vector length 62500 Offset 3937500
Group: 0 Thread 64 Global Thread 64 running on hwthread 64 - Vector length 62500 Offset 4000000
Group: 0 Thread 65 Global Thread 65 running on hwthread 65 - Vector length 62500 Offset 4062500
Group: 0 Thread 66 Global Thread 66 running on hwthread 66 - Vector length 62500 Offset 4125000
Group: 0 Thread 67 Global Thread 67 running on hwthread 67 - Vector length 62500 Offset 4187500
Group: 0 Thread 68 Global Thread 68 running on hwthread 68 - Vector length 62500 Offset 4250000
Group: 0 Thread 69 Global Thread 69 running on hwthread 69 - Vector length 62500 Offset 4312500
Group: 0 Thread 70 Global Thread 70 running on hwthread 70 - Vector length 62500 Offset 4375000
Group: 0 Thread 71 Global Thread 71 running on hwthread 71 - Vector length 62500 Offset 4437500
Group: 0 Thread 72 Global Thread 72 running on hwthread 72 - Vector length 62500 Offset 4500000
Group: 0 Thread 73 Global Thread 73 running on hwthread 73 - Vector length 62500 Offset 4562500
Group: 0 Thread 74 Global Thread 74 running on hwthread 74 - Vector length 62500 Offset 4625000
Group: 0 Thread 75 Global Thread 75 running on hwthread 75 - Vector length 62500 Offset 4687500
Group: 0 Thread 76 Global Thread 76 running on hwthread 76 - Vector length 62500 Offset 4750000
Group: 0 Thread 77 Global Thread 77 running on hwthread 77 - Vector length 62500 Offset 4812500
Group: 0 Thread 78 Global Thread 78 running on hwthread 78 - Vector length 62500 Offset 4875000
Group: 0 Thread 79 Global Thread 79 running on hwthread 79 - Vector length 62500 Offset 4937500
Group: 0 Thread 80 Global Thread 80 running on hwthread 80 - Vector length 62500 Offset 5000000
Group: 0 Thread 81 Global Thread 81 running on hwthread 81 - Vector length 62500 Offset 5062500
Group: 0 Thread 82 Global Thread 82 running on hwthread 82 - Vector length 62500 Offset 5125000
Group: 0 Thread 83 Global Thread 83 running on hwthread 83 - Vector length 62500 Offset 5187500
Group: 0 Thread 84 Global Thread 84 running on hwthread 84 - Vector length 62500 Offset 5250000
Group: 0 Thread 85 Global Thread 85 running on hwthread 85 - Vector length 62500 Offset 5312500
Group: 0 Thread 86 Global Thread 86 running on hwthread 86 - Vector length 62500 Offset 5375000
Group: 0 Thread 87 Global Thread 87 running on hwthread 87 - Vector length 62500 Offset 5437500
Group: 0 Thread 88 Global Thread 88 running on hwthread 88 - Vector length 62500 Offset 5500000
Group: 0 Thread 89 Global Thread 89 running on hwthread 89 - Vector length 62500 Offset 5562500
Group: 0 Thread 90 Global Thread 90 running on hwthread 90 - Vector length 62500 Offset 5625000
Group: 0 Thread 91 Global Thread 91 running on hwthread 91 - Vector length 62500 Offset 5687500
Group: 0 Thread 92 Global Thread 92 running on hwthread 92 - Vector length 62500 Offset 5750000
Group: 0 Thread 93 Global Thread 93 running on hwthread 93 - Vector length 62500 Offset 5812500
Group: 0 Thread 94 Global Thread 94 running on hwthread 94 - Vector length 62500 Offset 5875000
Group: 0 Thread 95 Global Thread 95 running on hwthread 95 - Vector length 62500 Offset 5937500
Group: 0 Thread 96 Global Thread 96 running on hwthread 96 - Vector length 62500 Offset 6000000
Group: 0 Thread 97 Global Thread 97 running on hwthread 97 - Vector length 62500 Offset 6062500
Group: 0 Thread 98 Global Thread 98 running on hwthread 98 - Vector length 62500 Offset 6125000
Group: 0 Thread 99 Global Thread 99 running on hwthread 99 - Vector length 62500 Offset 6187500
Group: 0 Thread 100 Global Thread 100 running on hwthread 100 - Vector length 62500 Offset 6250000
Group: 0 Thread 101 Global Thread 101 running on hwthread 101 - Vector length 62500 Offset 6312500
Group: 0 Thread 102 Global Thread 102 running on hwthread 102 - Vector length 62500 Offset 6375000
Group: 0 Thread 103 Global Thread 103 running on hwthread 103 - Vector length 62500 Offset 6437500
Group: 0 Thread 104 Global Thread 104 running on hwthread 104 - Vector length 62500 Offset 6500000
Group: 0 Thread 105 Global Thread 105 running on hwthread 105 - Vector length 62500 Offset 6562500
Group: 0 Thread 106 Global Thread 106 running on hwthread 106 - Vector length 62500 Offset 6625000
Group: 0 Thread 107 Global Thread 107 running on hwthread 107 - Vector length 62500 Offset 6687500
Group: 0 Thread 108 Global Thread 108 running on hwthread 108 - Vector length 62500 Offset 6750000
Group: 0 Thread 109 Global Thread 109 running on hwthread 109 - Vector length 62500 Offset 6812500
Group: 0 Thread 110 Global Thread 110 running on hwthread 110 - Vector length 62500 Offset 6875000
Group: 0 Thread 111 Global Thread 111 running on hwthread 111 - Vector length 62500 Offset 6937500
Group: 0 Thread 112 Global Thread 112 running on hwthread 112 - Vector length 62500 Offset 7000000
Group: 0 Thread 113 Global Thread 113 running on hwthread 113 - Vector length 62500 Offset 7062500
Group: 0 Thread 114 Global Thread 114 running on hwthread 114 - Vector length 62500 Offset 7125000
Group: 0 Thread 115 Global Thread 115 running on hwthread 115 - Vector length 62500 Offset 7187500
Group: 0 Thread 116 Global Thread 116 running on hwthread 116 - Vector length 62500 Offset 7250000
Group: 0 Thread 117 Global Thread 117 running on hwthread 117 - Vector length 62500 Offset 7312500
Group: 0 Thread 118 Global Thread 118 running on hwthread 118 - Vector length 62500 Offset 7375000
Group: 0 Thread 119 Global Thread 119 running on hwthread 119 - Vector length 62500 Offset 7437500
Group: 0 Thread 120 Global Thread 120 running on hwthread 120 - Vector length 62500 Offset 7500000
Group: 0 Thread 121 Global Thread 121 running on hwthread 121 - Vector length 62500 Offset 7562500
Group: 0 Thread 122 Global Thread 122 running on hwthread 122 - Vector length 62500 Offset 7625000
Group: 0 Thread 123 Global Thread 123 running on hwthread 123 - Vector length 62500 Offset 7687500
Group: 0 Thread 124 Global Thread 124 running on hwthread 124 - Vector length 62500 Offset 7750000
Group: 0 Thread 125 Global Thread 125 running on hwthread 125 - Vector length 62500 Offset 7812500
Group: 0 Thread 126 Global Thread 126 running on hwthread 126 - Vector length 62500 Offset 7875000
Group: 0 Thread 127 Global Thread 127 running on hwthread 127 - Vector length 62500 Offset 7937500
--------------------------------------------------------------------------------
Cycles:			547169893
CPU Clock:		2445387253
Cycle Clock:		2445387253
Time:			2.237559e-01 sec
Iterations:		640000
Iterations per thread:	5000
Inner loop executions:	15625
Size (Byte):		64000000
Size per thread:	500000
Number of Flops:	1200000000000
MFlops/s:		5362986.42
Data volume (Byte):	320000000000
MByte/s:		1430129.71
Cycles per update:	0.013679
Cycles per cacheline:	0.109434
Loads per update:	1
Stores per update:	0
Load bytes per element:	8
Store bytes per elem.:	0
Instructions:		190000000032
UOPs:			180000000000
--------------------------------------------------------------------------------
Writing Likwid Marker API results to file /tmp/likwid_1602419.txt
--------------------------------------------------------------------------------
Region bench, Group 1: FLOPS_DP
+-------------------+------------+------------+------------+------------+------------+------------+------------+------------+------------+------------+-------------+-------------+-------------+-------------+-------------+-------------+-------------+-------------+-------------+-------------+-------------+-------------+-------------+-------------+-------------+-------------+-------------+-------------+-------------+-------------+-------------+-------------+-------------+-------------+-------------+-------------+-------------+-------------+-------------+-------------+-------------+-------------+-------------+-------------+-------------+-------------+-------------+-------------+-------------+-------------+-------------+-------------+-------------+-------------+-------------+-------------+-------------+-------------+-------------+-------------+-------------+-------------+-------------+-------------+-------------+-------------+-------------+-------------+-------------+-------------+-------------+-------------+-------------+-------------+-------------+-------------+-------------+-------------+-------------+-------------+-------------+-------------+-------------+-------------+-------------+-------------+-------------+-------------+-------------+-------------+-------------+-------------+-------------+-------------+-------------+-------------+-------------+-------------+-------------+-------------+--------------+--------------+--------------+--------------+--------------+--------------+--------------+--------------+--------------+--------------+--------------+--------------+--------------+--------------+--------------+--------------+--------------+--------------+--------------+--------------+--------------+--------------+--------------+--------------+--------------+--------------+--------------+--------------+
|    Region Info    | HWThread 0 | HWThread 1 | HWThread 2 | HWThread 3 | HWThread 4 | HWThread 5 | HWThread 6 | HWThread 7 | HWThread 8 | HWThread 9 | HWThread 10 | HWThread 11 | HWThread 12 | HWThread 13 | HWThread 14 | HWThread 15 | HWThread 16 | HWThread 17 | HWThread 18 | HWThread 19 | HWThread 20 | HWThread 21 | HWThread 22 | HWThread 23 | HWThread 24 | HWThread 25 | HWThread 26 | HWThread 27 | HWThread 28 | HWThread 29 | HWThread 30 | HWThread 31 | HWThread 32 | HWThread 33 | HWThread 34 | HWThread 35 | HWThread 36 | HWThread 37 | HWThread 38 | HWThread 39 | HWThread 40 | HWThread 41 | HWThread 42 | HWThread 43 | HWThread 44 | HWThread 45 | HWThread 46 | HWThread 47 | HWThread 48 | HWThread 49 | HWThread 50 | HWThread 51 | HWThread 52 | HWThread 53 | HWThread 54 | HWThread 55 | HWThread 56 | HWThread 57 | HWThread 58 | HWThread 59 | HWThread 60 | HWThread 61 | HWThread 62 | HWThread 63 | HWThread 64 | HWThread 65 | HWThread 66 | HWThread 67 | HWThread 68 | HWThread 69 | HWThread 70 | HWThread 71 | HWThread 72 | HWThread 73 | HWThread 74 | HWThread 75 | HWThread 76 | HWThread 77 | HWThread 78 | HWThread 79 | HWThread 80 | HWThread 81 | HWThread 82 | HWThread 83 | HWThread 84 | HWThread 85 | HWThread 86 | HWThread 87 | HWThread 88 | HWThread 89 | HWThread 90 | HWThread 91 | HWThread 92 | HWThread 93 | HWThread 94 | HWThread 95 | HWThread 96 | HWThread 97 | HWThread 98 | HWThread 99 | HWThread 100 | HWThread 101 | HWThread 102 | HWThread 103 | HWThread 104 | HWThread 105 | HWThread 106 | HWThread 107 | HWThread 108 | HWThread 109 | HWThread 110 | HWThread 111 | HWThread 112 | HWThread 113 | HWThread 114 | HWThread 115 | HWThread 116 | HWThread 117 | HWThread 118 | HWThread 119 | HWThread 120 | HWThread 121 | HWThread 122 | HWThread 123 | HWThread 124 | HWThread 125 | HWThread 126 | HWThread 127 |
+-------------------+------------+------------+------------+------------+------------+------------+------------+------------+------------+------------+-------------+-------------+-------------+-------------+-------------+-------------+-------------+-------------+-------------+-------------+-------------+-------------+-------------+-------------+-------------+-------------+-------------+-------------+-------------+-------------+-------------+-------------+-------------+-------------+-------------+-------------+-------------+-------------+-------------+-------------+-------------+-------------+-------------+-------------+-------------+-------------+-------------+-------------+-------------+-------------+-------------+-------------+-------------+-------------+-------------+-------------+-------------+-------------+-------------+-------------+-------------+-------------+-------------+-------------+-------------+-------------+-------------+-------------+-------------+-------------+-------------+-------------+-------------+-------------+-------------+-------------+-------------+-------------+-------------+-------------+-------------+-------------+-------------+-------------+-------------+-------------+-------------+-------------+-------------+-------------+-------------+-------------+-------------+-------------+-------------+-------------+-------------+-------------+-------------+-------------+--------------+--------------+--------------+--------------+--------------+--------------+--------------+--------------+--------------+--------------+--------------+--------------+--------------+--------------+--------------+--------------+--------------+--------------+--------------+--------------+--------------+--------------+--------------+--------------+--------------+--------------+--------------+--------------+
| RDTSC Runtime [s] |   0.223344 |   0.223301 |   0.223293 |   0.223386 |   0.223294 |   0.223308 |   0.223309 |   0.223293 |   0.223324 |   0.223324 |    0.223346 |    0.223394 |    0.223324 |    0.223324 |    0.223345 |    0.223324 |    0.223299 |    0.223296 |    0.223295 |    0.223293 |    0.223295 |    0.223626 |    0.223294 |    0.223528 |    0.223550 |    0.223526 |    0.223551 |    0.223361 |    0.223507 |    0.223559 |    0.223343 |    0.223527 |    0.223566 |    0.223563 |    0.223481 |    0.223376 |    0.223518 |    0.223575 |    0.223625 |    0.223563 |    0.223528 |    0.223584 |    0.223551 |    0.223580 |    0.223581 |    0.223568 |    0.223551 |    0.223573 |    0.223503 |    0.223295 |    0.223557 |    0.223545 |    0.223561 |    0.223297 |    0.223358 |    0.223556 |    0.223462 |    0.223615 |    0.223579 |    0.223556 |    0.223378 |    0.223614 |    0.223616 |    0.223468 |    0.223302 |    0.223617 |    0.223349 |    0.223573 |    0.223370 |    0.223511 |    0.223548 |    0.223301 |    0.223296 |    0.223305 |    0.223572 |    0.223472 |    0.223561 |    0.223302 |    0.223489 |    0.223329 |    0.223470 |    0.223414 |    0.223561 |    0.223316 |    0.223513 |    0.223757 |    0.223720 |    0.223506 |    0.223314 |    0.223309 |    0.223390 |    0.223341 |    0.223292 |    0.223304 |    0.223292 |    0.223314 |    0.223329 |    0.223328 |    0.223371 |    0.223531 |     0.223581 |     0.223399 |     0.223391 |     0.223390 |     0.223331 |     0.223311 |     0.223289 |     0.223491 |     0.223642 |     0.223523 |     0.223523 |     0.223622 |     0.223312 |     0.223398 |     0.223548 |     0.223392 |     0.223325 |     0.223374 |     0.223312 |     0.223359 |     0.223346 |     0.223547 |     0.223310 |     0.223358 |     0.223564 |     0.223310 |     0.223529 |     0.223560 |
|     call count    |          1 |          1 |          1 |          1 |          1 |          1 |          1 |          1 |          1 |          1 |           1 |           1 |           1 |           1 |           1 |           1 |           1 |           1 |           1 |           1 |           1 |           1 |           1 |           1 |           1 |           1 |           1 |           1 |           1 |           1 |           1 |           1 |           1 |           1 |           1 |           1 |           1 |           1 |           1 |           1 |           1 |           1 |           1 |           1 |           1 |           1 |           1 |           1 |           1 |           1 |           1 |           1 |           1 |           1 |           1 |           1 |           1 |           1 |           1 |           1 |           1 |           1 |           1 |           1 |           1 |           1 |           1 |           1 |           1 |           1 |           1 |           1 |           1 |           1 |           1 |           1 |           1 |           1 |           1 |           1 |           1 |           1 |           1 |           1 |           1 |           1 |           1 |           1 |           1 |           1 |           1 |           1 |           1 |           1 |           1 |           1 |           1 |           1 |           1 |           1 |            1 |            1 |            1 |            1 |            1 |            1 |            1 |            1 |            1 |            1 |            1 |            1 |            1 |            1 |            1 |            1 |            1 |            1 |            1 |            1 |            1 |            1 |            1 |            1 |            1 |            1 |            1 |            1 |
+-------------------+------------+------------+------------+------------+------------+------------+------------+------------+------------+------------+-------------+-------------+-------------+-------------+-------------+-------------+-------------+-------------+-------------+-------------+-------------+-------------+-------------+-------------+-------------+-------------+-------------+-------------+-------------+-------------+-------------+-------------+-------------+-------------+-------------+-------------+-------------+-------------+-------------+-------------+-------------+-------------+-------------+-------------+-------------+-------------+-------------+-------------+-------------+-------------+-------------+-------------+-------------+-------------+-------------+-------------+-------------+-------------+-------------+-------------+-------------+-------------+-------------+-------------+-------------+-------------+-------------+-------------+-------------+-------------+-------------+-------------+-------------+-------------+-------------+-------------+-------------+-------------+-------------+-------------+-------------+-------------+-------------+-------------+-------------+-------------+-------------+-------------+-------------+-------------+-------------+-------------+-------------+-------------+-------------+-------------+-------------+-------------+-------------+-------------+--------------+--------------+--------------+--------------+--------------+--------------+--------------+--------------+--------------+--------------+--------------+--------------+--------------+--------------+--------------+--------------+--------------+--------------+--------------+--------------+--------------+--------------+--------------+--------------+--------------+--------------+--------------+--------------+

+---------------------------+---------+------------+------------+------------+------------+------------+------------+------------+------------+------------+------------+-------------+-------------+-------------+-------------+-------------+-------------+-------------+-------------+-------------+-------------+-------------+-------------+-------------+-------------+-------------+-------------+-------------+-------------+-------------+-------------+-------------+-------------+-------------+-------------+-------------+-------------+-------------+-------------+-------------+-------------+-------------+-------------+-------------+-------------+-------------+-------------+-------------+-------------+-------------+-------------+-------------+-------------+-------------+-------------+-------------+-------------+-------------+-------------+-------------+-------------+-------------+-------------+-------------+-------------+-------------+-------------+-------------+-------------+-------------+-------------+-------------+-------------+-------------+-------------+-------------+-------------+-------------+-------------+-------------+-------------+-------------+-------------+-------------+-------------+-------------+-------------+-------------+-------------+-------------+-------------+-------------+-------------+-------------+-------------+-------------+-------------+-------------+-------------+-------------+-------------+--------------+--------------+--------------+--------------+--------------+--------------+--------------+--------------+--------------+--------------+--------------+--------------+--------------+--------------+--------------+--------------+--------------+--------------+--------------+--------------+--------------+--------------+--------------+--------------+--------------+--------------+--------------+--------------+
|           Event           | Counter | HWThread 0 | HWThread 1 | HWThread 2 | HWThread 3 | HWThread 4 | HWThread 5 | HWThread 6 | HWThread 7 | HWThread 8 | HWThread 9 | HWThread 10 | HWThread 11 | HWThread 12 | HWThread 13 | HWThread 14 | HWThread 15 | HWThread 16 | HWThread 17 | HWThread 18 | HWThread 19 | HWThread 20 | HWThread 21 | HWThread 22 | HWThread 23 | HWThread 24 | HWThread 25 | HWThread 26 | HWThread 27 | HWThread 28 | HWThread 29 | HWThread 30 | HWThread 31 | HWThread 32 | HWThread 33 | HWThread 34 | HWThread 35 | HWThread 36 | HWThread 37 | HWThread 38 | HWThread 39 | HWThread 40 | HWThread 41 | HWThread 42 | HWThread 43 | HWThread 44 | HWThread 45 | HWThread 46 | HWThread 47 | HWThread 48 | HWThread 49 | HWThread 50 | HWThread 51 | HWThread 52 | HWThread 53 | HWThread 54 | HWThread 55 | HWThread 56 | HWThread 57 | HWThread 58 | HWThread 59 | HWThread 60 | HWThread 61 | HWThread 62 | HWThread 63 | HWThread 64 | HWThread 65 | HWThread 66 | HWThread 67 | HWThread 68 | HWThread 69 | HWThread 70 | HWThread 71 | HWThread 72 | HWThread 73 | HWThread 74 | HWThread 75 | HWThread 76 | HWThread 77 | HWThread 78 | HWThread 79 | HWThread 80 | HWThread 81 | HWThread 82 | HWThread 83 | HWThread 84 | HWThread 85 | HWThread 86 | HWThread 87 | HWThread 88 | HWThread 89 | HWThread 90 | HWThread 91 | HWThread 92 | HWThread 93 | HWThread 94 | HWThread 95 | HWThread 96 | HWThread 97 | HWThread 98 | HWThread 99 | HWThread 100 | HWThread 101 | HWThread 102 | HWThread 103 | HWThread 104 | HWThread 105 | HWThread 106 | HWThread 107 | HWThread 108 | HWThread 109 | HWThread 110 | HWThread 111 | HWThread 112 | HWThread 113 | HWThread 114 | HWThread 115 | HWThread 116 | HWThread 117 | HWThread 118 | HWThread 119 | HWThread 120 | HWThread 121 | HWThread 122 | HWThread 123 | HWThread 124 | HWThread 125 | HWThread 126 | HWThread 127 |
+---------------------------+---------+------------+------------+------------+------------+------------+------------+------------+------------+------------+------------+-------------+-------------+-------------+-------------+-------------+-------------+-------------+-------------+-------------+-------------+-------------+-------------+-------------+-------------+-------------+-------------+-------------+-------------+-------------+-------------+-------------+-------------+-------------+-------------+-------------+-------------+-------------+-------------+-------------+-------------+-------------+-------------+-------------+-------------+-------------+-------------+-------------+-------------+-------------+-------------+-------------+-------------+-------------+-------------+-------------+-------------+-------------+-------------+-------------+-------------+-------------+-------------+-------------+-------------+-------------+-------------+-------------+-------------+-------------+-------------+-------------+-------------+-------------+-------------+-------------+-------------+-------------+-------------+-------------+-------------+-------------+-------------+-------------+-------------+-------------+-------------+-------------+-------------+-------------+-------------+-------------+-------------+-------------+-------------+-------------+-------------+-------------+-------------+-------------+-------------+--------------+--------------+--------------+--------------+--------------+--------------+--------------+--------------+--------------+--------------+--------------+--------------+--------------+--------------+--------------+--------------+--------------+--------------+--------------+--------------+--------------+--------------+--------------+--------------+--------------+--------------+--------------+--------------+
|      ACTUAL_CPU_CLOCK     |  FIXC1  |  602409300 |  602464900 |  602506900 |  602369000 |  602047500 |  602612400 |  602374500 |  602285000 |  602380000 |  602436900 |   602654100 |   601981200 |   602410800 |   602370300 |   602299700 |   602296200 |   602328800 |   602563200 |   602122800 |   602315800 |   602345200 |   603313400 |   602483700 |   602986500 |   603962200 |   603421200 |   603929300 |   602380100 |   602538100 |   603317200 |   602303600 |   603238500 |   602972900 |   603332000 |   603375800 |   602618900 |   602863200 |   603002900 |   603416300 |   603041200 |   603727900 |   603139100 |   603113000 |   603107500 |   603652300 |   603144700 |   603427200 |   603549000 |   602058300 |   602051200 |   603471000 |   603032400 |   602884100 |   602070400 |   603292500 |   602956700 |   602873000 |   603342600 |   603455000 |   603430300 |   603848200 |   603633900 |   603363400 |   603178000 |   612213400 |   613058600 |   612163900 |   612672800 |   612099900 |   612809900 |   612863700 |   612215300 |   612099200 |   612162900 |   612822800 |   613092700 |   613020900 |   612230600 |   613045700 |   612015300 |   613107400 |   613146800 |   612897900 |   612305400 |   612774400 |   613590900 |   613204300 |   613300400 |   611776900 |   611906000 |   611912600 |   612053600 |   612054100 |   612060900 |   611970700 |   611942200 |   612284100 |   612595100 |   612613700 |   613722700 |    613856500 |    612881600 |    612812000 |    612203300 |    612084100 |    612207200 |    612175000 |    613309000 |    613121000 |    612939000 |    613095100 |    613574900 |    611930700 |    612213000 |    612915200 |    612208200 |    611836000 |    612157200 |    611957200 |    611900400 |    612773500 |    613558000 |    612939100 |    612966200 |    613722700 |    612810500 |    613816600 |    614297300 |
|       MAX_CPU_CLOCK       |  FIXC2  |  549809100 |  549881600 |  549825200 |  549820700 |  550029300 |  550050000 |  549837400 |  549654700 |  549782800 |  549785500 |   549874700 |   549923300 |   549822200 |   549696200 |   549582600 |   549582300 |   549639900 |   550016300 |   550120200 |   549657300 |   549642700 |   550440100 |   549808900 |   550691900 |   550966500 |   550524000 |   550961200 |   549774500 |   549886300 |   550505100 |   549648400 |   550387300 |   550732700 |   550505200 |   550041500 |   549572200 |   550540700 |   550752200 |   550041800 |   550364300 |   550821100 |   550685000 |   550210300 |   550325900 |   550312400 |   550346500 |   550560800 |   550329700 |   550086100 |   550041600 |   550221600 |   550340600 |   550660200 |   550087400 |   549929300 |   550711700 |   550529500 |   550438600 |   550550500 |   550631500 |   550392700 |   550164900 |   550496400 |   550317100 |   549888900 |   550446700 |   549779800 |   550301000 |   549739200 |   550450500 |   550432000 |   549847300 |   549758800 |   549820800 |   550580700 |   550565900 |   550503400 |   549861500 |   550541200 |   549661700 |   550222300 |   550243800 |   549742600 |   549924700 |   550265600 |   550572400 |   550765800 |   550256300 |   549161700 |   549975500 |   549050500 |   549140600 |   549309200 |   549292200 |   549303600 |   549149600 |   549813600 |   549589200 |   549793700 |   550593100 |    550653500 |    549903600 |    549765100 |    549825900 |    549755800 |    549838700 |    549833300 |    550277200 |    549715900 |    550469300 |    550566500 |    550396600 |    549641000 |    549843500 |    549999600 |    549920500 |    549105700 |    549741300 |    549182700 |    549022000 |    549833800 |    550471500 |    549966700 |    550239100 |    550642100 |    549966700 |    550668100 |    550645600 |
|    RETIRED_INSTRUCTIONS   |   PMC0  | 1484609000 | 1484662000 | 1484773000 | 1485055000 | 1484759000 | 1484614000 | 1484933000 | 1484897000 | 1484823000 | 1484890000 |  1485045000 |  1485108000 |  1484814000 |  1484805000 |  1485117000 |  1485053000 |  1484757000 |  1484808000 |  1484900000 |  1484757000 |  1484758000 |  1485302000 |  1484936000 |  1485192000 |  1485504000 |  1485334000 |  1485542000 |  1485041000 |  1485307000 |  1485516000 |  1485033000 |  1485396000 |  1485446000 |  1485245000 |  1485468000 |  1485061000 |  1485245000 |  1485335000 |  1485516000 |  1485316000 |  1485080000 |  1485524000 |  1485332000 |  1485330000 |  1485518000 |  1485274000 |  1485467000 |  1485256000 |  1485443000 |  1485010000 |  1485505000 |  1485380000 |  1485355000 |  1484970000 |  1485267000 |  1485318000 |  1485325000 |  1485403000 |  1485368000 |  1485215000 |  1485074000 |  1485324000 |  1484987000 |  1485039000 |  1486457000 |  1487351000 |  1486667000 |  1487147000 |  1486431000 |  1486696000 |  1486569000 |  1486500000 |  1486659000 |  1486438000 |  1487197000 |  1486798000 |  1486862000 |  1486612000 |  1486529000 |  1486722000 |  1487027000 |  1487022000 |  1487041000 |  1487084000 |  1487037000 |  1487223000 |  1487332000 |  1487054000 |  1486706000 |  1486782000 |  1486960000 |  1486945000 |  1486619000 |  1486681000 |  1486642000 |  1486780000 |  1486885000 |  1486835000 |  1487023000 |  1487257000 |   1487230000 |   1487164000 |   1487022000 |   1486976000 |   1486847000 |   1486722000 |   1486861000 |   1487084000 |   1487271000 |   1487065000 |   1487038000 |   1487260000 |   1486485000 |   1486917000 |   1487303000 |   1487046000 |   1486873000 |   1486952000 |   1486720000 |   1486965000 |   1486993000 |   1487230000 |   1486555000 |   1487111000 |   1487383000 |   1486755000 |   1487246000 |   1487402000 |
|    CPU_CLOCKS_UNHALTED    |   PMC1  |  591850200 |  592368600 |  592174600 |  592318400 |  592197000 |  592223100 |  592030200 |  592067300 |  592472200 |  592517900 |   592606300 |   592558700 |   592647200 |   592429100 |   592839100 |   592566300 |   591884900 |   591871200 |   591948400 |   592042700 |   591969600 |   592989600 |   591974600 |   592642800 |   592598600 |   592733200 |   592685700 |   592120800 |   592630600 |   592753700 |   592097600 |   592720100 |   592594200 |   592574200 |   592220200 |   591985100 |   592382200 |   592546000 |   592819900 |   592553000 |   592566900 |   592782600 |   592604100 |   592826800 |   592806000 |   592681700 |   592640000 |   592811700 |   592624300 |   591920400 |   592805100 |   592764400 |   592871200 |   592097600 |   592261200 |   592822200 |   592748200 |   593099300 |   592938700 |   592931900 |   591458500 |   593111900 |   593177600 |   592786900 |   602155000 |   603191400 |   602266500 |   602955900 |   602348400 |   602669100 |   602875200 |   602096800 |   601951200 |   602113400 |   602699800 |   602496000 |   602848600 |   602127000 |   602483800 |   602142800 |   601658200 |   601639200 |   602244500 |   601705300 |   602383600 |   603172300 |   603085800 |   602005500 |   601398900 |   601427200 |   601755600 |   601801800 |   601464000 |   601649000 |   601558100 |   601477400 |   601924300 |   602087000 |   602032800 |   602684800 |    602856200 |    602233500 |    602109700 |    602303300 |    601582100 |    601537200 |    601629900 |    602174400 |    602669500 |    602314600 |    602326400 |    602554500 |    601722600 |    602042400 |    602438300 |    602104300 |    601692700 |    602034900 |    601744100 |    601855300 |    602477500 |    603224400 |    602245100 |    602542800 |    603359500 |    602848200 |    603575100 |    603487100 |
| RETIRED_SSE_AVX_FLOPS_ALL |   PMC2  | 9375000000 | 9375000000 | 9375000000 | 9375000000 | 9375000000 | 9375000000 | 9375000000 | 9375000000 | 9375000000 | 9375000000 |  9375000000 |  9375000000 |  9375000000 |  9375000000 |  9375000000 |  9375000000 |  9375000000 |  9375000000 |  9375000000 |  9375000000 |  9375000000 |  9375000000 |  9375000000 |  9375000000 |  9375000000 |  9375000000 |  9375000000 |  9375000000 |  9375000000 |  9375000000 |  9375000000 |  9375000000 |  9375000000 |  9375000000 |  9375000000 |  9375000000 |  9375000000 |  9375000000 |  9375000000 |  9375000000 |  9375000000 |  9375000000 |  9375000000 |  9375000000 |  9375000000 |  9375000000 |  9375000000 |  9375000000 |  9375000000 |  9375000000 |  9375000000 |  9375000000 |  9375000000 |  9375000000 |  9375000000 |  9375000000 |  9375000000 |  9375000000 |  9375000000 |  9375000000 |  9375000000 |  9375000000 |  9375000000 |  9375000000 |  9375000000 |  9375000000 |  9375000000 |  9375000000 |  9375000000 |  9375000000 |  9375000000 |  9375000000 |  9375000000 |  9375000000 |  9375000000 |  9375000000 |  9375000000 |  9375000000 |  9375000000 |  9375000000 |  9375000000 |  9375000000 |  9375000000 |  9375000000 |  9375000000 |  9375000000 |  9375000000 |  9375000000 |  9375000000 |  9375000000 |  9375000000 |  9375000000 |  9375000000 |  9375000000 |  9375000000 |  9375000000 |  9375000000 |  9375000000 |  9375000000 |  9375000000 |   9375000000 |   9375000000 |   9375000000 |   9375000000 |   9375000000 |   9375000000 |   9375000000 |   9375000000 |   9375000000 |   9375000000 |   9375000000 |   9375000000 |   9375000000 |   9375000000 |   9375000000 |   9375000000 |   9375000000 |   9375000000 |   9375000000 |   9375000000 |   9375000000 |   9375000000 |   9375000000 |   9375000000 |   9375000000 |   9375000000 |   9375000000 |   9375000000 |
|           MERGE           |   PMC3  |          0 |          0 |          0 |          0 |          0 |          0 |          0 |          0 |          0 |          0 |           0 |           0 |           0 |           0 |           0 |           0 |           0 |           0 |           0 |           0 |           0 |           0 |           0 |           0 |           0 |           0 |           0 |           0 |           0 |           0 |           0 |           0 |           0 |           0 |           0 |           0 |           0 |           0 |           0 |           0 |           0 |           0 |           0 |           0 |           0 |           0 |           0 |           0 |           0 |           0 |           0 |           0 |           0 |           0 |           0 |           0 |           0 |           0 |           0 |           0 |           0 |           0 |           0 |           0 |           0 |           0 |           0 |           0 |           0 |           0 |           0 |           0 |           0 |           0 |           0 |           0 |           0 |           0 |           0 |           0 |           0 |           0 |           0 |           0 |           0 |           0 |           0 |           0 |           0 |           0 |           0 |           0 |           0 |           0 |           0 |           0 |           0 |           0 |           0 |           0 |            0 |            0 |            0 |            0 |            0 |            0 |            0 |            0 |            0 |            0 |            0 |            0 |            0 |            0 |            0 |            0 |            0 |            0 |            0 |            0 |            0 |            0 |            0 |            0 |            0 |            0 |            0 |            0 |
+---------------------------+---------+------------+------------+------------+------------+------------+------------+------------+------------+------------+------------+-------------+-------------+-------------+-------------+-------------+-------------+-------------+-------------+-------------+-------------+-------------+-------------+-------------+-------------+-------------+-------------+-------------+-------------+-------------+-------------+-------------+-------------+-------------+-------------+-------------+-------------+-------------+-------------+-------------+-------------+-------------+-------------+-------------+-------------+-------------+-------------+-------------+-------------+-------------+-------------+-------------+-------------+-------------+-------------+-------------+-------------+-------------+-------------+-------------+-------------+-------------+-------------+-------------+-------------+-------------+-------------+-------------+-------------+-------------+-------------+-------------+-------------+-------------+-------------+-------------+-------------+-------------+-------------+-------------+-------------+-------------+-------------+-------------+-------------+-------------+-------------+-------------+-------------+-------------+-------------+-------------+-------------+-------------+-------------+-------------+-------------+-------------+-------------+-------------+-------------+--------------+--------------+--------------+--------------+--------------+--------------+--------------+--------------+--------------+--------------+--------------+--------------+--------------+--------------+--------------+--------------+--------------+--------------+--------------+--------------+--------------+--------------+--------------+--------------+--------------+--------------+--------------+--------------+

+--------------------------------+---------+---------------+------------+------------+--------------+
|              Event             | Counter |      Sum      |     Min    |     Max    |      Avg     |
+--------------------------------+---------+---------------+------------+------------+--------------+
|      ACTUAL_CPU_CLOCK STAT     |  FIXC1  |   77793941400 |  601981200 |  614297300 | 6.077652e+08 |
|       MAX_CPU_CLOCK STAT       |  FIXC2  |   70409606900 |  549022000 |  550966500 | 5.500751e+08 |
|    RETIRED_INSTRUCTIONS STAT   |   PMC0  |  190212482000 | 1484609000 | 1487402000 | 1.486035e+09 |
|    CPU_CLOCKS_UNHALTED STAT    |   PMC1  |   76463606100 |  591458500 |  603575100 | 5.973719e+08 |
| RETIRED_SSE_AVX_FLOPS_ALL STAT |   PMC2  | 1200000000000 | 9375000000 | 9375000000 |   9375000000 |
|           MERGE STAT           |   PMC3  |             0 |          0 |          0 |            0 |
+--------------------------------+---------+---------------+------------+------------+--------------+

+----------------------+------------+------------+------------+------------+------------+------------+------------+------------+------------+------------+-------------+-------------+-------------+-------------+-------------+-------------+-------------+-------------+-------------+-------------+-------------+-------------+-------------+-------------+-------------+-------------+-------------+-------------+-------------+-------------+-------------+-------------+-------------+-------------+-------------+-------------+-------------+-------------+-------------+-------------+-------------+-------------+-------------+-------------+-------------+-------------+-------------+-------------+-------------+-------------+-------------+-------------+-------------+-------------+-------------+-------------+-------------+-------------+-------------+-------------+-------------+-------------+-------------+-------------+-------------+-------------+-------------+-------------+-------------+-------------+-------------+-------------+-------------+-------------+-------------+-------------+-------------+-------------+-------------+-------------+-------------+-------------+-------------+-------------+-------------+-------------+-------------+-------------+-------------+-------------+-------------+-------------+-------------+-------------+-------------+-------------+-------------+-------------+-------------+-------------+--------------+--------------+--------------+--------------+--------------+--------------+--------------+--------------+--------------+--------------+--------------+--------------+--------------+--------------+--------------+--------------+--------------+--------------+--------------+--------------+--------------+--------------+--------------+--------------+--------------+--------------+--------------+--------------+
|        Metric        | HWThread 0 | HWThread 1 | HWThread 2 | HWThread 3 | HWThread 4 | HWThread 5 | HWThread 6 | HWThread 7 | HWThread 8 | HWThread 9 | HWThread 10 | HWThread 11 | HWThread 12 | HWThread 13 | HWThread 14 | HWThread 15 | HWThread 16 | HWThread 17 | HWThread 18 | HWThread 19 | HWThread 20 | HWThread 21 | HWThread 22 | HWThread 23 | HWThread 24 | HWThread 25 | HWThread 26 | HWThread 27 | HWThread 28 | HWThread 29 | HWThread 30 | HWThread 31 | HWThread 32 | HWThread 33 | HWThread 34 | HWThread 35 | HWThread 36 | HWThread 37 | HWThread 38 | HWThread 39 | HWThread 40 | HWThread 41 | HWThread 42 | HWThread 43 | HWThread 44 | HWThread 45 | HWThread 46 | HWThread 47 | HWThread 48 | HWThread 49 | HWThread 50 | HWThread 51 | HWThread 52 | HWThread 53 | HWThread 54 | HWThread 55 | HWThread 56 | HWThread 57 | HWThread 58 | HWThread 59 | HWThread 60 | HWThread 61 | HWThread 62 | HWThread 63 | HWThread 64 | HWThread 65 | HWThread 66 | HWThread 67 | HWThread 68 | HWThread 69 | HWThread 70 | HWThread 71 | HWThread 72 | HWThread 73 | HWThread 74 | HWThread 75 | HWThread 76 | HWThread 77 | HWThread 78 | HWThread 79 | HWThread 80 | HWThread 81 | HWThread 82 | HWThread 83 | HWThread 84 | HWThread 85 | HWThread 86 | HWThread 87 | HWThread 88 | HWThread 89 | HWThread 90 | HWThread 91 | HWThread 92 | HWThread 93 | HWThread 94 | HWThread 95 | HWThread 96 | HWThread 97 | HWThread 98 | HWThread 99 | HWThread 100 | HWThread 101 | HWThread 102 | HWThread 103 | HWThread 104 | HWThread 105 | HWThread 106 | HWThread 107 | HWThread 108 | HWThread 109 | HWThread 110 | HWThread 111 | HWThread 112 | HWThread 113 | HWThread 114 | HWThread 115 | HWThread 116 | HWThread 117 | HWThread 118 | HWThread 119 | HWThread 120 | HWThread 121 | HWThread 122 | HWThread 123 | HWThread 124 | HWThread 125 | HWThread 126 | HWThread 127 |
+----------------------+------------+------------+------------+------------+------------+------------+------------+------------+------------+------------+-------------+-------------+-------------+-------------+-------------+-------------+-------------+-------------+-------------+-------------+-------------+-------------+-------------+-------------+-------------+-------------+-------------+-------------+-------------+-------------+-------------+-------------+-------------+-------------+-------------+-------------+-------------+-------------+-------------+-------------+-------------+-------------+-------------+-------------+-------------+-------------+-------------+-------------+-------------+-------------+-------------+-------------+-------------+-------------+-------------+-------------+-------------+-------------+-------------+-------------+-------------+-------------+-------------+-------------+-------------+-------------+-------------+-------------+-------------+-------------+-------------+-------------+-------------+-------------+-------------+-------------+-------------+-------------+-------------+-------------+-------------+-------------+-------------+-------------+-------------+-------------+-------------+-------------+-------------+-------------+-------------+-------------+-------------+-------------+-------------+-------------+-------------+-------------+-------------+-------------+--------------+--------------+--------------+--------------+--------------+--------------+--------------+--------------+--------------+--------------+--------------+--------------+--------------+--------------+--------------+--------------+--------------+--------------+--------------+--------------+--------------+--------------+--------------+--------------+--------------+--------------+--------------+--------------+
|  Runtime (RDTSC) [s] |     0.2233 |     0.2233 |     0.2233 |     0.2234 |     0.2233 |     0.2233 |     0.2233 |     0.2233 |     0.2233 |     0.2233 |      0.2233 |      0.2234 |      0.2233 |      0.2233 |      0.2233 |      0.2233 |      0.2233 |      0.2233 |      0.2233 |      0.2233 |      0.2233 |      0.2236 |      0.2233 |      0.2235 |      0.2235 |      0.2235 |      0.2236 |      0.2234 |      0.2235 |      0.2236 |      0.2233 |      0.2235 |      0.2236 |      0.2236 |      0.2235 |      0.2234 |      0.2235 |      0.2236 |      0.2236 |      0.2236 |      0.2235 |      0.2236 |      0.2236 |      0.2236 |      0.2236 |      0.2236 |      0.2236 |      0.2236 |      0.2235 |      0.2233 |      0.2236 |      0.2235 |      0.2236 |      0.2233 |      0.2234 |      0.2236 |      0.2235 |      0.2236 |      0.2236 |      0.2236 |      0.2234 |      0.2236 |      0.2236 |      0.2235 |      0.2233 |      0.2236 |      0.2233 |      0.2236 |      0.2234 |      0.2235 |      0.2235 |      0.2233 |      0.2233 |      0.2233 |      0.2236 |      0.2235 |      0.2236 |      0.2233 |      0.2235 |      0.2233 |      0.2235 |      0.2234 |      0.2236 |      0.2233 |      0.2235 |      0.2238 |      0.2237 |      0.2235 |      0.2233 |      0.2233 |      0.2234 |      0.2233 |      0.2233 |      0.2233 |      0.2233 |      0.2233 |      0.2233 |      0.2233 |      0.2234 |      0.2235 |       0.2236 |       0.2234 |       0.2234 |       0.2234 |       0.2233 |       0.2233 |       0.2233 |       0.2235 |       0.2236 |       0.2235 |       0.2235 |       0.2236 |       0.2233 |       0.2234 |       0.2235 |       0.2234 |       0.2233 |       0.2234 |       0.2233 |       0.2234 |       0.2233 |       0.2235 |       0.2233 |       0.2234 |       0.2236 |       0.2233 |       0.2235 |       0.2236 |
| Runtime unhalted [s] |     0.2463 |     0.2464 |     0.2464 |     0.2463 |     0.2462 |     0.2464 |     0.2463 |     0.2463 |     0.2463 |     0.2464 |      0.2464 |      0.2462 |      0.2463 |      0.2463 |      0.2463 |      0.2463 |      0.2463 |      0.2464 |      0.2462 |      0.2463 |      0.2463 |      0.2467 |      0.2464 |      0.2466 |      0.2470 |      0.2468 |      0.2470 |      0.2463 |      0.2464 |      0.2467 |      0.2463 |      0.2467 |      0.2466 |      0.2467 |      0.2467 |      0.2464 |      0.2465 |      0.2466 |      0.2468 |      0.2466 |      0.2469 |      0.2466 |      0.2466 |      0.2466 |      0.2469 |      0.2466 |      0.2468 |      0.2468 |      0.2462 |      0.2462 |      0.2468 |      0.2466 |      0.2465 |      0.2462 |      0.2467 |      0.2466 |      0.2465 |      0.2467 |      0.2468 |      0.2468 |      0.2469 |      0.2468 |      0.2467 |      0.2467 |      0.2504 |      0.2507 |      0.2503 |      0.2505 |      0.2503 |      0.2506 |      0.2506 |      0.2504 |      0.2503 |      0.2503 |      0.2506 |      0.2507 |      0.2507 |      0.2504 |      0.2507 |      0.2503 |      0.2507 |      0.2507 |      0.2506 |      0.2504 |      0.2506 |      0.2509 |      0.2508 |      0.2508 |      0.2502 |      0.2502 |      0.2502 |      0.2503 |      0.2503 |      0.2503 |      0.2503 |      0.2502 |      0.2504 |      0.2505 |      0.2505 |      0.2510 |       0.2510 |       0.2506 |       0.2506 |       0.2504 |       0.2503 |       0.2504 |       0.2503 |       0.2508 |       0.2507 |       0.2507 |       0.2507 |       0.2509 |       0.2502 |       0.2504 |       0.2506 |       0.2504 |       0.2502 |       0.2503 |       0.2502 |       0.2502 |       0.2506 |       0.2509 |       0.2507 |       0.2507 |       0.2510 |       0.2506 |       0.2510 |       0.2512 |
|      Clock [MHz]     |  2679.3393 |  2679.2333 |  2679.6950 |  2679.1036 |  2676.6582 |  2679.0688 |  2679.0467 |  2679.5390 |  2679.3372 |  2679.5771 |   2680.1084 |   2676.8793 |   2679.2822 |   2679.7161 |   2679.9559 |   2679.9418 |   2679.8060 |   2679.0142 |   2676.5506 |   2679.6633 |   2679.8653 |   2680.2844 |   2679.6712 |   2677.6073 |   2680.6033 |   2680.3548 |   2680.4830 |   2679.3781 |   2679.5360 |   2679.9848 |   2679.6524 |   2680.2088 |   2677.3485 |   2680.0501 |   2682.5042 |   2681.4269 |   2677.7950 |   2677.3869 |   2682.6828 |   2679.4441 |   2680.2707 |   2678.3184 |   2680.5132 |   2679.9257 |   2682.4123 |   2679.9907 |   2680.2023 |   2681.8690 |   2676.4298 |   2676.6147 |   2682.0492 |   2679.5204 |   2677.3067 |   2676.4772 |   2682.6811 |   2677.3787 |   2677.8930 |   2680.4215 |   2680.3759 |   2679.8719 |   2682.8914 |   2683.0497 |   2680.2324 |   2680.2818 |   2722.5499 |   2723.5459 |   2722.8700 |   2722.5526 |   2722.7864 |   2722.4222 |   2722.7527 |   2722.7644 |   2722.6863 |   2722.6625 |   2721.8357 |   2723.1077 |   2723.0979 |   2722.7621 |   2723.0211 |   2722.7940 |   2724.8735 |   2724.9421 |   2726.3193 |   2722.7818 |   2723.1792 |   2725.2883 |   2722.6148 |   2725.5628 |   2724.2114 |   2720.7544 |   2725.3676 |   2725.5483 |   2724.7139 |   2724.8285 |   2724.3704 |   2725.0075 |   2723.2373 |   2725.7330 |   2724.8018 |   2725.7712 |    2726.0664 |    2725.4486 |    2725.8256 |    2722.8170 |    2722.6339 |    2722.7709 |    2722.6545 |    2725.4975 |    2727.4442 |    2722.9027 |    2723.1154 |    2726.0877 |    2722.5201 |    2722.7730 |    2725.1223 |    2722.3704 |    2724.7524 |    2723.0309 |    2724.9101 |    2725.4547 |    2725.3138 |    2725.6417 |    2725.3916 |    2724.1628 |    2725.5286 |    2724.8198 |    2725.8169 |    2728.0631 |
|          CPI         |     0.3987 |     0.3990 |     0.3988 |     0.3989 |     0.3989 |     0.3989 |     0.3987 |     0.3987 |     0.3990 |     0.3990 |      0.3990 |      0.3990 |      0.3991 |      0.3990 |      0.3992 |      0.3990 |      0.3986 |      0.3986 |      0.3986 |      0.3987 |      0.3987 |      0.3992 |      0.3987 |      0.3990 |      0.3989 |      0.3991 |      0.3990 |      0.3987 |      0.3990 |      0.3990 |      0.3987 |      0.3990 |      0.3989 |      0.3990 |      0.3987 |      0.3986 |      0.3988 |      0.3989 |      0.3991 |      0.3989 |      0.3990 |      0.3990 |      0.3990 |      0.3991 |      0.3991 |      0.3990 |      0.3990 |      0.3991 |      0.3990 |      0.3986 |      0.3991 |      0.3991 |      0.3991 |      0.3987 |      0.3988 |      0.3991 |      0.3991 |      0.3993 |      0.3992 |      0.3992 |      0.3983 |      0.3993 |      0.3994 |      0.3992 |      0.4051 |      0.4055 |      0.4051 |      0.4054 |      0.4052 |      0.4054 |      0.4055 |      0.4050 |      0.4049 |      0.4051 |      0.4053 |      0.4052 |      0.4055 |      0.4050 |      0.4053 |      0.4050 |      0.4046 |      0.4046 |      0.4050 |      0.4046 |      0.4051 |      0.4056 |      0.4055 |      0.4048 |      0.4045 |      0.4045 |      0.4047 |      0.4047 |      0.4046 |      0.4047 |      0.4046 |      0.4046 |      0.4048 |      0.4049 |      0.4049 |      0.4052 |       0.4054 |       0.4050 |       0.4049 |       0.4051 |       0.4046 |       0.4046 |       0.4046 |       0.4049 |       0.4052 |       0.4050 |       0.4051 |       0.4051 |       0.4048 |       0.4049 |       0.4051 |       0.4049 |       0.4047 |       0.4049 |       0.4047 |       0.4048 |       0.4052 |       0.4056 |       0.4051 |       0.4052 |       0.4057 |       0.4055 |       0.4058 |       0.4057 |
|     DP [MFLOP/s]     | 41975.5695 | 41983.7654 | 41985.1755 | 41967.7151 | 41985.0627 | 41982.3929 | 41982.2613 | 41985.2884 | 41979.4039 | 41979.3663 |  41975.2688 |  41966.1934 |  41979.2911 |  41979.4039 |  41975.4192 |  41979.3287 |  41984.0850 |  41984.6679 |  41984.7807 |  41985.1567 |  41984.7619 |  41922.5995 |  41985.0439 |  41941.0731 |  41937.0207 |  41941.4296 |  41936.8331 |  41972.4312 |  41944.9199 |  41935.2198 |  41975.8703 |  41941.1482 |  41933.9631 |  41934.5445 |  41949.8186 |  41969.5563 |  41942.9871 |  41932.2563 |  41922.8619 |  41934.5445 |  41941.1107 |  41930.6246 |  41936.7955 |  41931.2060 |  41931.1685 |  41933.4754 |  41936.6830 |  41932.5563 |  41945.7269 |  41984.7431 |  41935.6137 |  41937.8086 |  41934.9384 |  41984.4798 |  41972.9573 |  41935.7075 |  41953.4981 |  41924.6617 |  41931.4685 |  41935.7263 |  41969.2181 |  41924.9617 |  41924.5492 |  41952.2402 |  41983.5398 |  41924.2868 |  41974.5923 |  41932.6876 |  41970.7400 |  41944.1881 |  41937.3583 |  41983.7090 |  41984.7243 |  41982.9381 |  41932.8752 |  41951.4893 |  41934.7696 |  41983.4082 |  41948.3545 |  41978.5204 |  41951.9211 |  41962.4554 |  41934.8259 |  41980.8138 |  41943.8690 |  41898.0369 |  41905.0037 |  41945.1451 |  41981.2649 |  41982.2237 |  41967.0012 |  41976.1146 |  41985.3448 |  41983.1449 |  41985.4012 |  41981.2273 |  41978.5204 |  41978.5392 |  41970.6085 |  41940.3977 |   41931.1310 |   41965.3480 |   41966.7006 |   41966.9260 |   41978.1257 |   41981.7349 |   41985.9277 |   41948.0918 |   41919.7127 |   41942.0864 |   41941.9550 |   41923.3681 |   41981.6409 |   41965.4795 |   41937.3959 |   41966.6442 |   41979.1219 |   41970.0260 |   41981.6221 |   41972.7130 |   41975.1937 |   41937.4521 |   41981.9981 |   41973.0513 |   41934.2257 |   41981.9229 |   41940.9230 |   41935.1260 |
+----------------------+------------+------------+------------+------------+------------+------------+------------+------------+------------+------------+-------------+-------------+-------------+-------------+-------------+-------------+-------------+-------------+-------------+-------------+-------------+-------------+-------------+-------------+-------------+-------------+-------------+-------------+-------------+-------------+-------------+-------------+-------------+-------------+-------------+-------------+-------------+-------------+-------------+-------------+-------------+-------------+-------------+-------------+-------------+-------------+-------------+-------------+-------------+-------------+-------------+-------------+-------------+-------------+-------------+-------------+-------------+-------------+-------------+-------------+-------------+-------------+-------------+-------------+-------------+-------------+-------------+-------------+-------------+-------------+-------------+-------------+-------------+-------------+-------------+-------------+-------------+-------------+-------------+-------------+-------------+-------------+-------------+-------------+-------------+-------------+-------------+-------------+-------------+-------------+-------------+-------------+-------------+-------------+-------------+-------------+-------------+-------------+-------------+-------------+--------------+--------------+--------------+--------------+--------------+--------------+--------------+--------------+--------------+--------------+--------------+--------------+--------------+--------------+--------------+--------------+--------------+--------------+--------------+--------------+--------------+--------------+--------------+--------------+--------------+--------------+--------------+--------------+

+---------------------------+--------------+------------+------------+------------+
|           Metric          |      Sum     |     Min    |     Max    |     Avg    |
+---------------------------+--------------+------------+------------+------------+
|  Runtime (RDTSC) [s] STAT |      28.6002 |     0.2233 |     0.2238 |     0.2234 |
| Runtime unhalted [s] STAT |      31.8122 |     0.2462 |     0.2512 |     0.2485 |
|      Clock [MHz] STAT     |  345837.8167 |  2676.4298 |  2728.0631 |  2701.8579 |
|          CPI STAT         |      51.4542 |     0.3983 |     0.4058 |     0.4020 |
|     DP [MFLOP/s] STAT     | 5.370606e+06 | 41898.0369 | 41985.9277 | 41957.8600 |
+---------------------------+--------------+------------+------------+------------+

