INFO: You are running LIKWID in a cpuset with 32 CPUs. Taking given IDs as logical ID in cpuset
--------------------------------------------------------------------------------
CPU name:	AMD EPYC 7763 64-Core Processor                
CPU type:	AMD K19 (Zen3) architecture
CPU clock:	2.45 GHz
--------------------------------------------------------------------------------
Warning: Sanitizing vector length to a multiple of the loop stride 16 and thread count 16 from 333333333 elements (2666666664 bytes) to 333333248 elements (2666665984 bytes)
Allocate: Process running on hwthread 0 (Domain N) - Vector length 333333248/2666665984 Offset 0 Alignment 512
Allocate: Process running on hwthread 0 (Domain N) - Vector length 333333248/2666665984 Offset 0 Alignment 512
Allocate: Process running on hwthread 0 (Domain N) - Vector length 333333248/2666665984 Offset 0 Alignment 512
Initialization: Each thread in domain initializes its own stream chunks
--------------------------------------------------------------------------------
LIKWID MICRO BENCHMARK
Test: stream_mem_avx_fma
--------------------------------------------------------------------------------
Using 1 work groups
Using 16 threads
--------------------------------------------------------------------------------
Using Likwid Marker API
--------------------------------------------------------------------------------
Group: 0 Thread 0 Global Thread 0 running on hwthread 0 - Vector length 20833328 Offset 0
Group: 0 Thread 1 Global Thread 1 running on hwthread 1 - Vector length 20833328 Offset 20833328
Group: 0 Thread 2 Global Thread 2 running on hwthread 2 - Vector length 20833328 Offset 41666656
Group: 0 Thread 3 Global Thread 3 running on hwthread 3 - Vector length 20833328 Offset 62499984
Group: 0 Thread 4 Global Thread 4 running on hwthread 4 - Vector length 20833328 Offset 83333312
Group: 0 Thread 5 Global Thread 5 running on hwthread 5 - Vector length 20833328 Offset 104166640
Group: 0 Thread 6 Global Thread 6 running on hwthread 6 - Vector length 20833328 Offset 124999968
Group: 0 Thread 7 Global Thread 7 running on hwthread 7 - Vector length 20833328 Offset 145833296
Group: 0 Thread 8 Global Thread 8 running on hwthread 8 - Vector length 20833328 Offset 166666624
Group: 0 Thread 9 Global Thread 9 running on hwthread 9 - Vector length 20833328 Offset 187499952
Group: 0 Thread 10 Global Thread 10 running on hwthread 10 - Vector length 20833328 Offset 208333280
Group: 0 Thread 11 Global Thread 11 running on hwthread 11 - Vector length 20833328 Offset 229166608
Group: 0 Thread 12 Global Thread 12 running on hwthread 12 - Vector length 20833328 Offset 249999936
Group: 0 Thread 13 Global Thread 13 running on hwthread 13 - Vector length 20833328 Offset 270833264
Group: 0 Thread 14 Global Thread 14 running on hwthread 14 - Vector length 20833328 Offset 291666592
Group: 0 Thread 15 Global Thread 15 running on hwthread 15 - Vector length 20833328 Offset 312499920
--------------------------------------------------------------------------------
Cycles:			23707972942
CPU Clock:		2445386800
Cycle Clock:		2445386800
Time:			9.694979e+00 sec
Iterations:		800
Iterations per thread:	50
Inner loop executions:	1302083
Size (Byte):		7999997952
Size per thread:	499999872
Number of Flops:	33333324800
MFlops/s:		3438.21
Data volume (Byte):	399999897600
MByte/s:		41258.46
Cycles per update:	1.422479
Cycles per cacheline:	11.379830
Loads per update:	2
Stores per update:	1
Load bytes per element:	16
Store bytes per elem.:	8
Load/store ratio:	2.00
Instructions:		15624996017
UOPs:			22916660800
--------------------------------------------------------------------------------
Writing Likwid Marker API results to file /tmp/likwid_1612234.txt
--------------------------------------------------------------------------------
Region bench, Group 1: MEM2
+-------------------+------------+------------+------------+------------+------------+------------+------------+------------+------------+------------+-------------+-------------+-------------+-------------+-------------+-------------+
|    Region Info    | HWThread 0 | HWThread 1 | HWThread 2 | HWThread 3 | HWThread 4 | HWThread 5 | HWThread 6 | HWThread 7 | HWThread 8 | HWThread 9 | HWThread 10 | HWThread 11 | HWThread 12 | HWThread 13 | HWThread 14 | HWThread 15 |
+-------------------+------------+------------+------------+------------+------------+------------+------------+------------+------------+------------+-------------+-------------+-------------+-------------+-------------+-------------+
| RDTSC Runtime [s] |   9.694800 |   9.694981 |   9.694981 |   9.694981 |   9.694980 |   9.694980 |   9.694980 |   9.694895 |   9.694954 |   9.694968 |    9.694921 |    9.694967 |    9.694922 |    9.694965 |    9.694968 |    9.694968 |
|     call count    |          1 |          1 |          1 |          1 |          1 |          1 |          1 |          1 |          1 |          1 |           1 |           1 |           1 |           1 |           1 |           1 |
+-------------------+------------+------------+------------+------------+------------+------------+------------+------------+------------+------------+-------------+-------------+-------------+-------------+-------------+-------------+

+----------------------+---------+-------------+-------------+-------------+-------------+-------------+-------------+-------------+-------------+-------------+-------------+-------------+-------------+-------------+-------------+-------------+-------------+
|         Event        | Counter |  HWThread 0 |  HWThread 1 |  HWThread 2 |  HWThread 3 |  HWThread 4 |  HWThread 5 |  HWThread 6 |  HWThread 7 |  HWThread 8 |  HWThread 9 | HWThread 10 | HWThread 11 | HWThread 12 | HWThread 13 | HWThread 14 | HWThread 15 |
+----------------------+---------+-------------+-------------+-------------+-------------+-------------+-------------+-------------+-------------+-------------+-------------+-------------+-------------+-------------+-------------+-------------+-------------+
|   ACTUAL_CPU_CLOCK   |  FIXC1  | 31443210000 | 31447710000 | 31443390000 | 31442320000 | 31438380000 | 31438360000 | 31437490000 | 31444300000 | 31443260000 | 31438230000 | 31439310000 | 31447250000 | 31445290000 | 31443120000 | 31442230000 | 31440950000 |
|     MAX_CPU_CLOCK    |  FIXC2  | 23708380000 | 23708370000 | 23708390000 | 23708380000 | 23708380000 | 23708380000 | 23708380000 | 23708310000 | 23708300000 | 23708340000 | 23708310000 | 23708320000 | 23708310000 | 23708300000 | 23708330000 | 23708330000 |
| RETIRED_INSTRUCTIONS |   PMC0  |  1016515000 |  1029832000 |  1014635000 |  1021262000 |  1007599000 |  1009288000 |  1006530000 |  1005800000 |   986523700 |   987232000 |   983703800 |   981511300 |   977119000 |   978684800 |   977041800 |   976581700 |
|  CPU_CLOCKS_UNHALTED |   PMC1  | 31147010000 | 31198460000 | 31192000000 | 31192730000 | 31182470000 | 31182920000 | 31183640000 | 31188210000 | 31188300000 | 31176740000 | 31183530000 | 31191320000 | 31184640000 | 31187230000 | 31186090000 | 31183170000 |
|    DRAM_CHANNEL_4    |   DFC0  |     4211438 |           0 |           0 |           0 |           0 |           0 |           0 |           0 |           0 |           0 |           0 |           0 |           0 |           0 |           0 |           0 |
|    DRAM_CHANNEL_5    |   DFC1  |     4635092 |           0 |           0 |           0 |           0 |           0 |           0 |           0 |           0 |           0 |           0 |           0 |           0 |           0 |           0 |           0 |
|    DRAM_CHANNEL_6    |   DFC2  |     4004490 |           0 |           0 |           0 |           0 |           0 |           0 |           0 |           0 |           0 |           0 |           0 |           0 |           0 |           0 |           0 |
|    DRAM_CHANNEL_7    |   DFC3  |     4005241 |           0 |           0 |           0 |           0 |           0 |           0 |           0 |           0 |           0 |           0 |           0 |           0 |           0 |           0 |           0 |
+----------------------+---------+-------------+-------------+-------------+-------------+-------------+-------------+-------------+-------------+-------------+-------------+-------------+-------------+-------------+-------------+-------------+-------------+

+---------------------------+---------+--------------+-------------+-------------+--------------+
|           Event           | Counter |      Sum     |     Min     |     Max     |      Avg     |
+---------------------------+---------+--------------+-------------+-------------+--------------+
|   ACTUAL_CPU_CLOCK STAT   |  FIXC1  | 503074800000 | 31437490000 | 31447710000 |  31442175000 |
|     MAX_CPU_CLOCK STAT    |  FIXC2  | 379333510000 | 23708300000 | 23708390000 |  23708344375 |
| RETIRED_INSTRUCTIONS STAT |   PMC0  |  15959859100 |   976581700 |  1029832000 | 9.974912e+08 |
|  CPU_CLOCKS_UNHALTED STAT |   PMC1  | 498948460000 | 31147010000 | 31198460000 |  31184278750 |
|    DRAM_CHANNEL_4 STAT    |   DFC0  |      4211438 |           0 |     4211438 |  263214.8750 |
|    DRAM_CHANNEL_5 STAT    |   DFC1  |      4635092 |           0 |     4635092 |  289693.2500 |
|    DRAM_CHANNEL_6 STAT    |   DFC2  |      4004490 |           0 |     4004490 |  250280.6250 |
|    DRAM_CHANNEL_7 STAT    |   DFC3  |      4005241 |           0 |     4005241 |  250327.5625 |
+---------------------------+---------+--------------+-------------+-------------+--------------+

+--------------------------------------------+------------+------------+------------+------------+------------+------------+------------+------------+------------+------------+-------------+-------------+-------------+-------------+-------------+-------------+
|                   Metric                   | HWThread 0 | HWThread 1 | HWThread 2 | HWThread 3 | HWThread 4 | HWThread 5 | HWThread 6 | HWThread 7 | HWThread 8 | HWThread 9 | HWThread 10 | HWThread 11 | HWThread 12 | HWThread 13 | HWThread 14 | HWThread 15 |
+--------------------------------------------+------------+------------+------------+------------+------------+------------+------------+------------+------------+------------+-------------+-------------+-------------+-------------+-------------+-------------+
|             Runtime (RDTSC) [s]            |     9.6948 |     9.6950 |     9.6950 |     9.6950 |     9.6950 |     9.6950 |     9.6950 |     9.6949 |     9.6950 |     9.6950 |      9.6949 |      9.6950 |      9.6949 |      9.6950 |      9.6950 |      9.6950 |
|            Runtime unhalted [s]            |    12.8584 |    12.8602 |    12.8585 |    12.8580 |    12.8564 |    12.8564 |    12.8561 |    12.8588 |    12.8584 |    12.8564 |     12.8568 |     12.8600 |     12.8592 |     12.8584 |     12.8580 |     12.8575 |
|                 Clock [MHz]                |  3243.1360 |  3243.6015 |  3243.1532 |  3243.0442 |  3242.6378 |  3242.6358 |  3242.5460 |  3243.2580 |  3243.1521 |  3242.6278 |   3242.7433 |   3243.5609 |   3243.3601 |   3243.1377 |   3243.0418 |   3242.9097 |
|                     CPI                    |    30.6410 |    30.2947 |    30.7421 |    30.5433 |    30.9473 |    30.8960 |    30.9813 |    31.0084 |    31.6143 |    31.5800 |     31.7001 |     31.7789 |     31.9149 |     31.8665 |     31.9189 |     31.9309 |
| Memory bandwidth (channels 4-7) [MBytes/s] |   111.2762 |          0 |          0 |          0 |          0 |          0 |          0 |          0 |          0 |          0 |           0 |           0 |           0 |           0 |           0 |           0 |
| Memory data volume (channels 4-7) [GBytes] |     1.0788 |          0 |          0 |          0 |          0 |          0 |          0 |          0 |          0 |          0 |           0 |           0 |           0 |           0 |           0 |           0 |
+--------------------------------------------+------------+------------+------------+------------+------------+------------+------------+------------+------------+------------+-------------+-------------+-------------+-------------+-------------+-------------+

+-------------------------------------------------+------------+-----------+-----------+-----------+
|                      Metric                     |     Sum    |    Min    |    Max    |    Avg    |
+-------------------------------------------------+------------+-----------+-----------+-----------+
|             Runtime (RDTSC) [s] STAT            |   155.1195 |    9.6948 |    9.6950 |    9.6950 |
|            Runtime unhalted [s] STAT            |   205.7275 |   12.8561 |   12.8602 |   12.8580 |
|                 Clock [MHz] STAT                | 51888.5459 | 3242.5460 | 3243.6015 | 3243.0341 |
|                     CPI STAT                    |   500.3586 |   30.2947 |   31.9309 |   31.2724 |
| Memory bandwidth (channels 4-7) [MBytes/s] STAT |   111.2762 |         0 |  111.2762 |    6.9548 |
| Memory data volume (channels 4-7) [GBytes] STAT |     1.0788 |         0 |    1.0788 |    0.0674 |
+-------------------------------------------------+------------+-----------+-----------+-----------+

