INFO: You are running LIKWID in a cpuset with 32 CPUs. Taking given IDs as logical ID in cpuset
--------------------------------------------------------------------------------
CPU name:	AMD EPYC 7763 64-Core Processor                
CPU type:	AMD K19 (Zen3) architecture
CPU clock:	2.45 GHz
--------------------------------------------------------------------------------
Allocate: Process running on hwthread 0 (Domain N) - Vector length 2000000/8000000 Offset 0 Alignment 1024
Initialization: Each thread in domain initializes its own stream chunks
--------------------------------------------------------------------------------
LIKWID MICRO BENCHMARK
Test: peakflops_sp_avx_fma
--------------------------------------------------------------------------------
Using 1 work groups
Using 16 threads
--------------------------------------------------------------------------------
Using Likwid Marker API
--------------------------------------------------------------------------------
Group: 0 Thread 0 Global Thread 0 running on hwthread 0 - Vector length 125000 Offset 0
Group: 0 Thread 1 Global Thread 1 running on hwthread 1 - Vector length 125000 Offset 125000
Group: 0 Thread 2 Global Thread 2 running on hwthread 2 - Vector length 125000 Offset 250000
Group: 0 Thread 3 Global Thread 3 running on hwthread 3 - Vector length 125000 Offset 375000
Group: 0 Thread 4 Global Thread 4 running on hwthread 4 - Vector length 125000 Offset 500000
Group: 0 Thread 5 Global Thread 5 running on hwthread 5 - Vector length 125000 Offset 625000
Group: 0 Thread 6 Global Thread 6 running on hwthread 6 - Vector length 125000 Offset 750000
Group: 0 Thread 7 Global Thread 7 running on hwthread 7 - Vector length 125000 Offset 875000
Group: 0 Thread 8 Global Thread 8 running on hwthread 8 - Vector length 125000 Offset 1000000
Group: 0 Thread 9 Global Thread 9 running on hwthread 9 - Vector length 125000 Offset 1125000
Group: 0 Thread 10 Global Thread 10 running on hwthread 10 - Vector length 125000 Offset 1250000
Group: 0 Thread 11 Global Thread 11 running on hwthread 11 - Vector length 125000 Offset 1375000
Group: 0 Thread 12 Global Thread 12 running on hwthread 12 - Vector length 125000 Offset 1500000
Group: 0 Thread 13 Global Thread 13 running on hwthread 13 - Vector length 125000 Offset 1625000
Group: 0 Thread 14 Global Thread 14 running on hwthread 14 - Vector length 125000 Offset 1750000
Group: 0 Thread 15 Global Thread 15 running on hwthread 15 - Vector length 125000 Offset 1875000
--------------------------------------------------------------------------------
Cycles:			447553971
CPU Clock:		2445385467
Cycle Clock:		2445385467
Time:			1.830198e-01 sec
Iterations:		80000
Iterations per thread:	5000
Inner loop executions:	15625
Size (Byte):		8000000
Size per thread:	500000
Number of Flops:	300000000000
MFlops/s:		1639166.87
Data volume (Byte):	40000000000
MByte/s:		218555.58
Cycles per update:	0.044755
Cycles per cacheline:	0.716086
Loads per update:	1
Stores per update:	0
Load bytes per element:	4
Store bytes per elem.:	0
Instructions:		23750000032
UOPs:			22500000000
--------------------------------------------------------------------------------
Writing Likwid Marker API results to file /tmp/likwid_1597033.txt
--------------------------------------------------------------------------------
Region bench, Group 1: FLOPS_SP
+-------------------+------------+------------+------------+------------+------------+------------+------------+------------+------------+------------+-------------+-------------+-------------+-------------+-------------+-------------+
|    Region Info    | HWThread 0 | HWThread 1 | HWThread 2 | HWThread 3 | HWThread 4 | HWThread 5 | HWThread 6 | HWThread 7 | HWThread 8 | HWThread 9 | HWThread 10 | HWThread 11 | HWThread 12 | HWThread 13 | HWThread 14 | HWThread 15 |
+-------------------+------------+------------+------------+------------+------------+------------+------------+------------+------------+------------+-------------+-------------+-------------+-------------+-------------+-------------+
| RDTSC Runtime [s] |   0.183003 |   0.182977 |   0.183022 |   0.182993 |   0.182987 |   0.182997 |   0.182987 |   0.183008 |   0.183018 |   0.183019 |    0.182976 |    0.183008 |    0.183019 |    0.182979 |    0.183000 |    0.183018 |
|     call count    |          1 |          1 |          1 |          1 |          1 |          1 |          1 |          1 |          1 |          1 |           1 |           1 |           1 |           1 |           1 |           1 |
+-------------------+------------+------------+------------+------------+------------+------------+------------+------------+------------+------------+-------------+-------------+-------------+-------------+-------------+-------------+

+---------------------------+---------+-------------+-------------+-------------+-------------+-------------+-------------+-------------+-------------+-------------+-------------+-------------+-------------+-------------+-------------+-------------+-------------+
|           Event           | Counter |  HWThread 0 |  HWThread 1 |  HWThread 2 |  HWThread 3 |  HWThread 4 |  HWThread 5 |  HWThread 6 |  HWThread 7 |  HWThread 8 |  HWThread 9 | HWThread 10 | HWThread 11 | HWThread 12 | HWThread 13 | HWThread 14 | HWThread 15 |
+---------------------------+---------+-------------+-------------+-------------+-------------+-------------+-------------+-------------+-------------+-------------+-------------+-------------+-------------+-------------+-------------+-------------+-------------+
|      ACTUAL_CPU_CLOCK     |  FIXC1  |   594098600 |   594116100 |   594206400 |   594155300 |   594151000 |   594166000 |   594132200 |   594094300 |   594200800 |   594177300 |   594084300 |   594141700 |   594105800 |   594128700 |   594213000 |   594085100 |
|       MAX_CPU_CLOCK       |  FIXC2  |   448022900 |   447937800 |   448043300 |   448009600 |   448004300 |   448003000 |   448008100 |   448062900 |   448030400 |   448046600 |   448006000 |   448032400 |   448051100 |   447964300 |   448062500 |   447986300 |
|    RETIRED_INSTRUCTIONS   |   PMC0  |  1484923000 |  1484906000 |  1484740000 |  1484844000 |  1484726000 |  1484719000 |  1484705000 |  1484751000 |  1484645000 |  1484738000 |  1484795000 |  1484743000 |  1484923000 |  1484661000 |  1484641000 |  1484609000 |
|    CPU_CLOCKS_UNHALTED    |   PMC1  |   589787300 |   589589600 |   590003900 |   589893300 |   589681000 |   589649800 |   589579800 |   589278900 |   589411300 |   589610800 |   589496600 |   589709600 |   589947300 |   589727700 |   589997800 |   589999200 |
| RETIRED_SSE_AVX_FLOPS_ALL |   PMC2  | 18750000000 | 18750000000 | 18750000000 | 18749990000 | 18749910000 | 18750000000 | 18749990000 | 18749990000 | 18749990000 | 18749930000 | 18750000000 | 18749990000 | 18749990000 | 18750000000 | 18750000000 | 18749990000 |
|           MERGE           |   PMC3  |           0 |           0 |           0 |           0 |           0 |           0 |           0 |           0 |           0 |           0 |           0 |           0 |           0 |           0 |           0 |           0 |
+---------------------------+---------+-------------+-------------+-------------+-------------+-------------+-------------+-------------+-------------+-------------+-------------+-------------+-------------+-------------+-------------+-------------+-------------+

+--------------------------------+---------+--------------+-------------+-------------+--------------+
|              Event             | Counter |      Sum     |     Min     |     Max     |      Avg     |
+--------------------------------+---------+--------------+-------------+-------------+--------------+
|      ACTUAL_CPU_CLOCK STAT     |  FIXC1  |   9506256600 |   594084300 |   594213000 | 5.941410e+08 |
|       MAX_CPU_CLOCK STAT       |  FIXC2  |   7168271500 |   447937800 |   448062900 | 4.480170e+08 |
|    RETIRED_INSTRUCTIONS STAT   |   PMC0  |  23756069000 |  1484609000 |  1484923000 | 1.484754e+09 |
|    CPU_CLOCKS_UNHALTED STAT    |   PMC1  |   9435363900 |   589278900 |   590003900 | 5.897102e+08 |
| RETIRED_SSE_AVX_FLOPS_ALL STAT |   PMC2  | 299999770000 | 18749910000 | 18750000000 |  18749985625 |
|           MERGE STAT           |   PMC3  |            0 |           0 |           0 |            0 |
+--------------------------------+---------+--------------+-------------+-------------+--------------+

+----------------------+-------------+-------------+-------------+-------------+-------------+-------------+-------------+-------------+-------------+-------------+-------------+-------------+-------------+-------------+-------------+-------------+
|        Metric        |  HWThread 0 |  HWThread 1 |  HWThread 2 |  HWThread 3 |  HWThread 4 |  HWThread 5 |  HWThread 6 |  HWThread 7 |  HWThread 8 |  HWThread 9 | HWThread 10 | HWThread 11 | HWThread 12 | HWThread 13 | HWThread 14 | HWThread 15 |
+----------------------+-------------+-------------+-------------+-------------+-------------+-------------+-------------+-------------+-------------+-------------+-------------+-------------+-------------+-------------+-------------+-------------+
|  Runtime (RDTSC) [s] |      0.1830 |      0.1830 |      0.1830 |      0.1830 |      0.1830 |      0.1830 |      0.1830 |      0.1830 |      0.1830 |      0.1830 |      0.1830 |      0.1830 |      0.1830 |      0.1830 |      0.1830 |      0.1830 |
| Runtime unhalted [s] |      0.2429 |      0.2430 |      0.2430 |      0.2430 |      0.2430 |      0.2430 |      0.2430 |      0.2429 |      0.2430 |      0.2430 |      0.2429 |      0.2430 |      0.2429 |      0.2430 |      0.2430 |      0.2429 |
|      Clock [MHz]     |   3242.6962 |   3243.4078 |   3243.1369 |   3243.1020 |   3243.1169 |   3243.2081 |   3242.9867 |   3242.3832 |   3243.1997 |   3242.9542 |   3242.7405 |   3242.8627 |   3242.5314 |   3243.2847 |   3243.0340 |   3242.8874 |
|          CPI         |      0.3972 |      0.3971 |      0.3974 |      0.3973 |      0.3972 |      0.3971 |      0.3971 |      0.3969 |      0.3970 |      0.3971 |      0.3970 |      0.3972 |      0.3973 |      0.3972 |      0.3974 |      0.3974 |
|     SP [MFLOP/s]     | 102457.1688 | 102471.8394 | 102446.9243 | 102463.0491 | 102465.6916 | 102460.6401 | 102466.3528 | 102454.3709 | 102448.9408 | 102448.2211 | 102472.3434 | 102454.4269 | 102448.4930 | 102470.4953 | 102459.1284 | 102449.1087 |
+----------------------+-------------+-------------+-------------+-------------+-------------+-------------+-------------+-------------+-------------+-------------+-------------+-------------+-------------+-------------+-------------+-------------+

+---------------------------+--------------+-------------+-------------+-------------+
|           Metric          |      Sum     |     Min     |     Max     |     Avg     |
+---------------------------+--------------+-------------+-------------+-------------+
|  Runtime (RDTSC) [s] STAT |       2.9280 |      0.1830 |      0.1830 |      0.1830 |
| Runtime unhalted [s] STAT |       3.8875 |      0.2429 |      0.2430 |      0.2430 |
|      Clock [MHz] STAT     |   51887.5324 |   3242.3832 |   3243.4078 |   3242.9708 |
|          CPI STAT         |       6.3549 |      0.3969 |      0.3974 |      0.3972 |
|     SP [MFLOP/s] STAT     | 1.639337e+06 | 102446.9243 | 102472.3434 | 102458.5747 |
+---------------------------+--------------+-------------+-------------+-------------+

