--------------------------------------------------------------------------------
CPU name:	AMD EPYC 7763 64-Core Processor                
CPU type:	AMD K19 (Zen3) architecture
CPU clock:	2.45 GHz
--------------------------------------------------------------------------------
Warning: Sanitizing vector length to a multiple of the loop stride 16 and thread count 128 from 2666666666 elements (21333333328 bytes) to 2666665984 elements (21333327872 bytes)
Allocate: Process running on hwthread 0 (Domain N) - Vector length 2666665984/21333327872 Offset 0 Alignment 512
Allocate: Process running on hwthread 0 (Domain N) - Vector length 2666665984/21333327872 Offset 0 Alignment 512
Allocate: Process running on hwthread 0 (Domain N) - Vector length 2666665984/21333327872 Offset 0 Alignment 512
Initialization: Each thread in domain initializes its own stream chunks
--------------------------------------------------------------------------------
LIKWID MICRO BENCHMARK
Test: stream_mem_avx_fma
--------------------------------------------------------------------------------
Using 1 work groups
Using 128 threads
--------------------------------------------------------------------------------
Using Likwid Marker API
--------------------------------------------------------------------------------
Group: 0 Thread 0 Global Thread 0 running on hwthread 0 - Vector length 20833328 Offset 0
Group: 0 Thread 1 Global Thread 1 running on hwthread 1 - Vector length 20833328 Offset 20833328
Group: 0 Thread 2 Global Thread 2 running on hwthread 2 - Vector length 20833328 Offset 41666656
Group: 0 Thread 3 Global Thread 3 running on hwthread 3 - Vector length 20833328 Offset 62499984
Group: 0 Thread 4 Global Thread 4 running on hwthread 4 - Vector length 20833328 Offset 83333312
Group: 0 Thread 5 Global Thread 5 running on hwthread 5 - Vector length 20833328 Offset 104166640
Group: 0 Thread 6 Global Thread 6 running on hwthread 6 - Vector length 20833328 Offset 124999968
Group: 0 Thread 7 Global Thread 7 running on hwthread 7 - Vector length 20833328 Offset 145833296
Group: 0 Thread 8 Global Thread 8 running on hwthread 8 - Vector length 20833328 Offset 166666624
Group: 0 Thread 9 Global Thread 9 running on hwthread 9 - Vector length 20833328 Offset 187499952
Group: 0 Thread 10 Global Thread 10 running on hwthread 10 - Vector length 20833328 Offset 208333280
Group: 0 Thread 11 Global Thread 11 running on hwthread 11 - Vector length 20833328 Offset 229166608
Group: 0 Thread 12 Global Thread 12 running on hwthread 12 - Vector length 20833328 Offset 249999936
Group: 0 Thread 13 Global Thread 13 running on hwthread 13 - Vector length 20833328 Offset 270833264
Group: 0 Thread 14 Global Thread 14 running on hwthread 14 - Vector length 20833328 Offset 291666592
Group: 0 Thread 15 Global Thread 15 running on hwthread 15 - Vector length 20833328 Offset 312499920
Group: 0 Thread 16 Global Thread 16 running on hwthread 16 - Vector length 20833328 Offset 333333248
Group: 0 Thread 17 Global Thread 17 running on hwthread 17 - Vector length 20833328 Offset 354166576
Group: 0 Thread 18 Global Thread 18 running on hwthread 18 - Vector length 20833328 Offset 374999904
Group: 0 Thread 19 Global Thread 19 running on hwthread 19 - Vector length 20833328 Offset 395833232
Group: 0 Thread 20 Global Thread 20 running on hwthread 20 - Vector length 20833328 Offset 416666560
Group: 0 Thread 21 Global Thread 21 running on hwthread 21 - Vector length 20833328 Offset 437499888
Group: 0 Thread 22 Global Thread 22 running on hwthread 22 - Vector length 20833328 Offset 458333216
Group: 0 Thread 23 Global Thread 23 running on hwthread 23 - Vector length 20833328 Offset 479166544
Group: 0 Thread 24 Global Thread 24 running on hwthread 24 - Vector length 20833328 Offset 499999872
Group: 0 Thread 25 Global Thread 25 running on hwthread 25 - Vector length 20833328 Offset 520833200
Group: 0 Thread 26 Global Thread 26 running on hwthread 26 - Vector length 20833328 Offset 541666528
Group: 0 Thread 27 Global Thread 27 running on hwthread 27 - Vector length 20833328 Offset 562499856
Group: 0 Thread 28 Global Thread 28 running on hwthread 28 - Vector length 20833328 Offset 583333184
Group: 0 Thread 29 Global Thread 29 running on hwthread 29 - Vector length 20833328 Offset 604166512
Group: 0 Thread 30 Global Thread 30 running on hwthread 30 - Vector length 20833328 Offset 624999840
Group: 0 Thread 31 Global Thread 31 running on hwthread 31 - Vector length 20833328 Offset 645833168
Group: 0 Thread 32 Global Thread 32 running on hwthread 32 - Vector length 20833328 Offset 666666496
Group: 0 Thread 33 Global Thread 33 running on hwthread 33 - Vector length 20833328 Offset 687499824
Group: 0 Thread 34 Global Thread 34 running on hwthread 34 - Vector length 20833328 Offset 708333152
Group: 0 Thread 35 Global Thread 35 running on hwthread 35 - Vector length 20833328 Offset 729166480
Group: 0 Thread 36 Global Thread 36 running on hwthread 36 - Vector length 20833328 Offset 749999808
Group: 0 Thread 37 Global Thread 37 running on hwthread 37 - Vector length 20833328 Offset 770833136
Group: 0 Thread 38 Global Thread 38 running on hwthread 38 - Vector length 20833328 Offset 791666464
Group: 0 Thread 39 Global Thread 39 running on hwthread 39 - Vector length 20833328 Offset 812499792
Group: 0 Thread 40 Global Thread 40 running on hwthread 40 - Vector length 20833328 Offset 833333120
Group: 0 Thread 41 Global Thread 41 running on hwthread 41 - Vector length 20833328 Offset 854166448
Group: 0 Thread 42 Global Thread 42 running on hwthread 42 - Vector length 20833328 Offset 874999776
Group: 0 Thread 43 Global Thread 43 running on hwthread 43 - Vector length 20833328 Offset 895833104
Group: 0 Thread 44 Global Thread 44 running on hwthread 44 - Vector length 20833328 Offset 916666432
Group: 0 Thread 45 Global Thread 45 running on hwthread 45 - Vector length 20833328 Offset 937499760
Group: 0 Thread 46 Global Thread 46 running on hwthread 46 - Vector length 20833328 Offset 958333088
Group: 0 Thread 47 Global Thread 47 running on hwthread 47 - Vector length 20833328 Offset 979166416
Group: 0 Thread 48 Global Thread 48 running on hwthread 48 - Vector length 20833328 Offset 999999744
Group: 0 Thread 49 Global Thread 49 running on hwthread 49 - Vector length 20833328 Offset 1020833072
Group: 0 Thread 50 Global Thread 50 running on hwthread 50 - Vector length 20833328 Offset 1041666400
Group: 0 Thread 51 Global Thread 51 running on hwthread 51 - Vector length 20833328 Offset 1062499728
Group: 0 Thread 52 Global Thread 52 running on hwthread 52 - Vector length 20833328 Offset 1083333056
Group: 0 Thread 53 Global Thread 53 running on hwthread 53 - Vector length 20833328 Offset 1104166384
Group: 0 Thread 54 Global Thread 54 running on hwthread 54 - Vector length 20833328 Offset 1124999712
Group: 0 Thread 55 Global Thread 55 running on hwthread 55 - Vector length 20833328 Offset 1145833040
Group: 0 Thread 56 Global Thread 56 running on hwthread 56 - Vector length 20833328 Offset 1166666368
Group: 0 Thread 57 Global Thread 57 running on hwthread 57 - Vector length 20833328 Offset 1187499696
Group: 0 Thread 58 Global Thread 58 running on hwthread 58 - Vector length 20833328 Offset 1208333024
Group: 0 Thread 59 Global Thread 59 running on hwthread 59 - Vector length 20833328 Offset 1229166352
Group: 0 Thread 60 Global Thread 60 running on hwthread 60 - Vector length 20833328 Offset 1249999680
Group: 0 Thread 61 Global Thread 61 running on hwthread 61 - Vector length 20833328 Offset 1270833008
Group: 0 Thread 62 Global Thread 62 running on hwthread 62 - Vector length 20833328 Offset 1291666336
Group: 0 Thread 63 Global Thread 63 running on hwthread 63 - Vector length 20833328 Offset 1312499664
Group: 0 Thread 64 Global Thread 64 running on hwthread 64 - Vector length 20833328 Offset 1333332992
Group: 0 Thread 65 Global Thread 65 running on hwthread 65 - Vector length 20833328 Offset 1354166320
Group: 0 Thread 66 Global Thread 66 running on hwthread 66 - Vector length 20833328 Offset 1374999648
Group: 0 Thread 67 Global Thread 67 running on hwthread 67 - Vector length 20833328 Offset 1395832976
Group: 0 Thread 68 Global Thread 68 running on hwthread 68 - Vector length 20833328 Offset 1416666304
Group: 0 Thread 69 Global Thread 69 running on hwthread 69 - Vector length 20833328 Offset 1437499632
Group: 0 Thread 70 Global Thread 70 running on hwthread 70 - Vector length 20833328 Offset 1458332960
Group: 0 Thread 71 Global Thread 71 running on hwthread 71 - Vector length 20833328 Offset 1479166288
Group: 0 Thread 72 Global Thread 72 running on hwthread 72 - Vector length 20833328 Offset 1499999616
Group: 0 Thread 73 Global Thread 73 running on hwthread 73 - Vector length 20833328 Offset 1520832944
Group: 0 Thread 74 Global Thread 74 running on hwthread 74 - Vector length 20833328 Offset 1541666272
Group: 0 Thread 75 Global Thread 75 running on hwthread 75 - Vector length 20833328 Offset 1562499600
Group: 0 Thread 76 Global Thread 76 running on hwthread 76 - Vector length 20833328 Offset 1583332928
Group: 0 Thread 77 Global Thread 77 running on hwthread 77 - Vector length 20833328 Offset 1604166256
Group: 0 Thread 78 Global Thread 78 running on hwthread 78 - Vector length 20833328 Offset 1624999584
Group: 0 Thread 79 Global Thread 79 running on hwthread 79 - Vector length 20833328 Offset 1645832912
Group: 0 Thread 80 Global Thread 80 running on hwthread 80 - Vector length 20833328 Offset 1666666240
Group: 0 Thread 81 Global Thread 81 running on hwthread 81 - Vector length 20833328 Offset 1687499568
Group: 0 Thread 82 Global Thread 82 running on hwthread 82 - Vector length 20833328 Offset 1708332896
Group: 0 Thread 83 Global Thread 83 running on hwthread 83 - Vector length 20833328 Offset 1729166224
Group: 0 Thread 84 Global Thread 84 running on hwthread 84 - Vector length 20833328 Offset 1749999552
Group: 0 Thread 85 Global Thread 85 running on hwthread 85 - Vector length 20833328 Offset 1770832880
Group: 0 Thread 86 Global Thread 86 running on hwthread 86 - Vector length 20833328 Offset 1791666208
Group: 0 Thread 87 Global Thread 87 running on hwthread 87 - Vector length 20833328 Offset 1812499536
Group: 0 Thread 88 Global Thread 88 running on hwthread 88 - Vector length 20833328 Offset 1833332864
Group: 0 Thread 89 Global Thread 89 running on hwthread 89 - Vector length 20833328 Offset 1854166192
Group: 0 Thread 90 Global Thread 90 running on hwthread 90 - Vector length 20833328 Offset 1874999520
Group: 0 Thread 91 Global Thread 91 running on hwthread 91 - Vector length 20833328 Offset 1895832848
Group: 0 Thread 92 Global Thread 92 running on hwthread 92 - Vector length 20833328 Offset 1916666176
Group: 0 Thread 93 Global Thread 93 running on hwthread 93 - Vector length 20833328 Offset 1937499504
Group: 0 Thread 94 Global Thread 94 running on hwthread 94 - Vector length 20833328 Offset 1958332832
Group: 0 Thread 95 Global Thread 95 running on hwthread 95 - Vector length 20833328 Offset 1979166160
Group: 0 Thread 96 Global Thread 96 running on hwthread 96 - Vector length 20833328 Offset 1999999488
Group: 0 Thread 97 Global Thread 97 running on hwthread 97 - Vector length 20833328 Offset 2020832816
Group: 0 Thread 98 Global Thread 98 running on hwthread 98 - Vector length 20833328 Offset 2041666144
Group: 0 Thread 99 Global Thread 99 running on hwthread 99 - Vector length 20833328 Offset 2062499472
Group: 0 Thread 100 Global Thread 100 running on hwthread 100 - Vector length 20833328 Offset 2083332800
Group: 0 Thread 101 Global Thread 101 running on hwthread 101 - Vector length 20833328 Offset 2104166128
Group: 0 Thread 102 Global Thread 102 running on hwthread 102 - Vector length 20833328 Offset 2124999456
Group: 0 Thread 103 Global Thread 103 running on hwthread 103 - Vector length 20833328 Offset 2145832784
Group: 0 Thread 104 Global Thread 104 running on hwthread 104 - Vector length 20833328 Offset 2166666112
Group: 0 Thread 105 Global Thread 105 running on hwthread 105 - Vector length 20833328 Offset 2187499440
Group: 0 Thread 106 Global Thread 106 running on hwthread 106 - Vector length 20833328 Offset 2208332768
Group: 0 Thread 107 Global Thread 107 running on hwthread 107 - Vector length 20833328 Offset 2229166096
Group: 0 Thread 108 Global Thread 108 running on hwthread 108 - Vector length 20833328 Offset 2249999424
Group: 0 Thread 109 Global Thread 109 running on hwthread 109 - Vector length 20833328 Offset 2270832752
Group: 0 Thread 110 Global Thread 110 running on hwthread 110 - Vector length 20833328 Offset 2291666080
Group: 0 Thread 111 Global Thread 111 running on hwthread 111 - Vector length 20833328 Offset 2312499408
Group: 0 Thread 112 Global Thread 112 running on hwthread 112 - Vector length 20833328 Offset 2333332736
Group: 0 Thread 113 Global Thread 113 running on hwthread 113 - Vector length 20833328 Offset 2354166064
Group: 0 Thread 114 Global Thread 114 running on hwthread 114 - Vector length 20833328 Offset 2374999392
Group: 0 Thread 115 Global Thread 115 running on hwthread 115 - Vector length 20833328 Offset 2395832720
Group: 0 Thread 116 Global Thread 116 running on hwthread 116 - Vector length 20833328 Offset 2416666048
Group: 0 Thread 117 Global Thread 117 running on hwthread 117 - Vector length 20833328 Offset 2437499376
Group: 0 Thread 118 Global Thread 118 running on hwthread 118 - Vector length 20833328 Offset 2458332704
Group: 0 Thread 119 Global Thread 119 running on hwthread 119 - Vector length 20833328 Offset 2479166032
Group: 0 Thread 120 Global Thread 120 running on hwthread 120 - Vector length 20833328 Offset 2499999360
Group: 0 Thread 121 Global Thread 121 running on hwthread 121 - Vector length 20833328 Offset 2520832688
Group: 0 Thread 122 Global Thread 122 running on hwthread 122 - Vector length 20833328 Offset 2541666016
Group: 0 Thread 123 Global Thread 123 running on hwthread 123 - Vector length 20833328 Offset 2562499344
Group: 0 Thread 124 Global Thread 124 running on hwthread 124 - Vector length 20833328 Offset 2583332672
Group: 0 Thread 125 Global Thread 125 running on hwthread 125 - Vector length 20833328 Offset 2604166000
Group: 0 Thread 126 Global Thread 126 running on hwthread 126 - Vector length 20833328 Offset 2624999328
Group: 0 Thread 127 Global Thread 127 running on hwthread 127 - Vector length 20833328 Offset 2645832656
--------------------------------------------------------------------------------
Cycles:			23649688153
CPU Clock:		2445390878
Cycle Clock:		2445390878
Time:			9.671128e+00 sec
Iterations:		6400
Iterations per thread:	50
Inner loop executions:	1302083
Size (Byte):		63999983616
Size per thread:	499999872
Number of Flops:	266666598400
MFlops/s:		27573.47
Data volume (Byte):	3199999180800
MByte/s:		330881.69
Cycles per update:	0.177373
Cycles per cacheline:	1.418982
Loads per update:	2
Stores per update:	1
Load bytes per element:	16
Store bytes per elem.:	8
Load/store ratio:	2.00
Instructions:		124999968017
UOPs:			183333286400
--------------------------------------------------------------------------------
Writing Likwid Marker API results to file /tmp/likwid_1613762.txt
--------------------------------------------------------------------------------
Region bench, Group 1: MEM2
+-------------------+------------+------------+------------+------------+------------+------------+------------+------------+------------+------------+-------------+-------------+-------------+-------------+-------------+-------------+-------------+-------------+-------------+-------------+-------------+-------------+-------------+-------------+-------------+-------------+-------------+-------------+-------------+-------------+-------------+-------------+-------------+-------------+-------------+-------------+-------------+-------------+-------------+-------------+-------------+-------------+-------------+-------------+-------------+-------------+-------------+-------------+-------------+-------------+-------------+-------------+-------------+-------------+-------------+-------------+-------------+-------------+-------------+-------------+-------------+-------------+-------------+-------------+-------------+-------------+-------------+-------------+-------------+-------------+-------------+-------------+-------------+-------------+-------------+-------------+-------------+-------------+-------------+-------------+-------------+-------------+-------------+-------------+-------------+-------------+-------------+-------------+-------------+-------------+-------------+-------------+-------------+-------------+-------------+-------------+-------------+-------------+-------------+-------------+--------------+--------------+--------------+--------------+--------------+--------------+--------------+--------------+--------------+--------------+--------------+--------------+--------------+--------------+--------------+--------------+--------------+--------------+--------------+--------------+--------------+--------------+--------------+--------------+--------------+--------------+--------------+--------------+
|    Region Info    | HWThread 0 | HWThread 1 | HWThread 2 | HWThread 3 | HWThread 4 | HWThread 5 | HWThread 6 | HWThread 7 | HWThread 8 | HWThread 9 | HWThread 10 | HWThread 11 | HWThread 12 | HWThread 13 | HWThread 14 | HWThread 15 | HWThread 16 | HWThread 17 | HWThread 18 | HWThread 19 | HWThread 20 | HWThread 21 | HWThread 22 | HWThread 23 | HWThread 24 | HWThread 25 | HWThread 26 | HWThread 27 | HWThread 28 | HWThread 29 | HWThread 30 | HWThread 31 | HWThread 32 | HWThread 33 | HWThread 34 | HWThread 35 | HWThread 36 | HWThread 37 | HWThread 38 | HWThread 39 | HWThread 40 | HWThread 41 | HWThread 42 | HWThread 43 | HWThread 44 | HWThread 45 | HWThread 46 | HWThread 47 | HWThread 48 | HWThread 49 | HWThread 50 | HWThread 51 | HWThread 52 | HWThread 53 | HWThread 54 | HWThread 55 | HWThread 56 | HWThread 57 | HWThread 58 | HWThread 59 | HWThread 60 | HWThread 61 | HWThread 62 | HWThread 63 | HWThread 64 | HWThread 65 | HWThread 66 | HWThread 67 | HWThread 68 | HWThread 69 | HWThread 70 | HWThread 71 | HWThread 72 | HWThread 73 | HWThread 74 | HWThread 75 | HWThread 76 | HWThread 77 | HWThread 78 | HWThread 79 | HWThread 80 | HWThread 81 | HWThread 82 | HWThread 83 | HWThread 84 | HWThread 85 | HWThread 86 | HWThread 87 | HWThread 88 | HWThread 89 | HWThread 90 | HWThread 91 | HWThread 92 | HWThread 93 | HWThread 94 | HWThread 95 | HWThread 96 | HWThread 97 | HWThread 98 | HWThread 99 | HWThread 100 | HWThread 101 | HWThread 102 | HWThread 103 | HWThread 104 | HWThread 105 | HWThread 106 | HWThread 107 | HWThread 108 | HWThread 109 | HWThread 110 | HWThread 111 | HWThread 112 | HWThread 113 | HWThread 114 | HWThread 115 | HWThread 116 | HWThread 117 | HWThread 118 | HWThread 119 | HWThread 120 | HWThread 121 | HWThread 122 | HWThread 123 | HWThread 124 | HWThread 125 | HWThread 126 | HWThread 127 |
+-------------------+------------+------------+------------+------------+------------+------------+------------+------------+------------+------------+-------------+-------------+-------------+-------------+-------------+-------------+-------------+-------------+-------------+-------------+-------------+-------------+-------------+-------------+-------------+-------------+-------------+-------------+-------------+-------------+-------------+-------------+-------------+-------------+-------------+-------------+-------------+-------------+-------------+-------------+-------------+-------------+-------------+-------------+-------------+-------------+-------------+-------------+-------------+-------------+-------------+-------------+-------------+-------------+-------------+-------------+-------------+-------------+-------------+-------------+-------------+-------------+-------------+-------------+-------------+-------------+-------------+-------------+-------------+-------------+-------------+-------------+-------------+-------------+-------------+-------------+-------------+-------------+-------------+-------------+-------------+-------------+-------------+-------------+-------------+-------------+-------------+-------------+-------------+-------------+-------------+-------------+-------------+-------------+-------------+-------------+-------------+-------------+-------------+-------------+--------------+--------------+--------------+--------------+--------------+--------------+--------------+--------------+--------------+--------------+--------------+--------------+--------------+--------------+--------------+--------------+--------------+--------------+--------------+--------------+--------------+--------------+--------------+--------------+--------------+--------------+--------------+--------------+
| RDTSC Runtime [s] |   9.670420 |   9.670770 |   9.670646 |   9.671130 |   9.670770 |   9.670770 |   9.670642 |   9.670943 |   9.671129 |   9.671032 |    9.670978 |    9.670645 |    9.670661 |    9.670895 |    9.670664 |    9.670659 |    9.670634 |    9.670767 |    9.670768 |    9.670639 |    9.670638 |    9.670639 |    9.670767 |    9.670635 |    9.670716 |    9.670741 |    9.670678 |    9.670740 |    9.670741 |    9.670715 |    9.670742 |    9.670741 |    9.670526 |    9.670527 |    9.670511 |    9.670483 |    9.670483 |    9.670539 |    9.670526 |    9.670537 |    9.670534 |    9.670527 |    9.670535 |    9.670500 |    9.670463 |    9.670566 |    9.670534 |    9.670515 |    9.670519 |    9.670528 |    9.670556 |    9.670561 |    9.670520 |    9.670490 |    9.670520 |    9.670560 |    9.670481 |    9.670744 |    9.670482 |    9.670730 |    9.670722 |    9.670482 |    9.670484 |    9.670493 |    9.670369 |    9.670529 |    9.670521 |    9.670533 |    9.670533 |    9.670532 |    9.670532 |    9.670532 |    9.670508 |    9.670509 |    9.670579 |    9.670514 |    9.670668 |    9.670513 |    9.670511 |    9.670514 |    9.670577 |    9.670478 |    9.670577 |    9.670567 |    9.670473 |    9.670577 |    9.670567 |    9.670467 |    9.670546 |    9.670544 |    9.670539 |    9.670546 |    9.670496 |    9.670549 |    9.670545 |    9.670494 |    9.670531 |    9.670546 |    9.670531 |    9.670517 |     9.670692 |     9.670531 |     9.670547 |     9.670515 |     9.670527 |     9.670520 |     9.670540 |     9.670579 |     9.670497 |     9.670483 |     9.670718 |     9.670758 |     9.670486 |     9.670702 |     9.670506 |     9.670503 |     9.670694 |     9.670711 |     9.670532 |     9.670697 |     9.670501 |     9.670503 |     9.670529 |     9.670521 |     9.670545 |     9.670550 |     9.670713 |     9.670512 |
|     call count    |          1 |          1 |          1 |          1 |          1 |          1 |          1 |          1 |          1 |          1 |           1 |           1 |           1 |           1 |           1 |           1 |           1 |           1 |           1 |           1 |           1 |           1 |           1 |           1 |           1 |           1 |           1 |           1 |           1 |           1 |           1 |           1 |           1 |           1 |           1 |           1 |           1 |           1 |           1 |           1 |           1 |           1 |           1 |           1 |           1 |           1 |           1 |           1 |           1 |           1 |           1 |           1 |           1 |           1 |           1 |           1 |           1 |           1 |           1 |           1 |           1 |           1 |           1 |           1 |           1 |           1 |           1 |           1 |           1 |           1 |           1 |           1 |           1 |           1 |           1 |           1 |           1 |           1 |           1 |           1 |           1 |           1 |           1 |           1 |           1 |           1 |           1 |           1 |           1 |           1 |           1 |           1 |           1 |           1 |           1 |           1 |           1 |           1 |           1 |           1 |            1 |            1 |            1 |            1 |            1 |            1 |            1 |            1 |            1 |            1 |            1 |            1 |            1 |            1 |            1 |            1 |            1 |            1 |            1 |            1 |            1 |            1 |            1 |            1 |            1 |            1 |            1 |            1 |
+-------------------+------------+------------+------------+------------+------------+------------+------------+------------+------------+------------+-------------+-------------+-------------+-------------+-------------+-------------+-------------+-------------+-------------+-------------+-------------+-------------+-------------+-------------+-------------+-------------+-------------+-------------+-------------+-------------+-------------+-------------+-------------+-------------+-------------+-------------+-------------+-------------+-------------+-------------+-------------+-------------+-------------+-------------+-------------+-------------+-------------+-------------+-------------+-------------+-------------+-------------+-------------+-------------+-------------+-------------+-------------+-------------+-------------+-------------+-------------+-------------+-------------+-------------+-------------+-------------+-------------+-------------+-------------+-------------+-------------+-------------+-------------+-------------+-------------+-------------+-------------+-------------+-------------+-------------+-------------+-------------+-------------+-------------+-------------+-------------+-------------+-------------+-------------+-------------+-------------+-------------+-------------+-------------+-------------+-------------+-------------+-------------+-------------+-------------+--------------+--------------+--------------+--------------+--------------+--------------+--------------+--------------+--------------+--------------+--------------+--------------+--------------+--------------+--------------+--------------+--------------+--------------+--------------+--------------+--------------+--------------+--------------+--------------+--------------+--------------+--------------+--------------+

+----------------------+---------+-------------+-------------+-------------+-------------+-------------+-------------+-------------+-------------+-------------+-------------+-------------+-------------+-------------+-------------+-------------+-------------+-------------+-------------+-------------+-------------+-------------+-------------+-------------+-------------+-------------+-------------+-------------+-------------+-------------+-------------+-------------+-------------+-------------+-------------+-------------+-------------+-------------+-------------+-------------+-------------+-------------+-------------+-------------+-------------+-------------+-------------+-------------+-------------+-------------+-------------+-------------+-------------+-------------+-------------+-------------+-------------+-------------+-------------+-------------+-------------+-------------+-------------+-------------+-------------+-------------+-------------+-------------+-------------+-------------+-------------+-------------+-------------+-------------+-------------+-------------+-------------+-------------+-------------+-------------+-------------+-------------+-------------+-------------+-------------+-------------+-------------+-------------+-------------+-------------+-------------+-------------+-------------+-------------+-------------+-------------+-------------+-------------+-------------+-------------+-------------+--------------+--------------+--------------+--------------+--------------+--------------+--------------+--------------+--------------+--------------+--------------+--------------+--------------+--------------+--------------+--------------+--------------+--------------+--------------+--------------+--------------+--------------+--------------+--------------+--------------+--------------+--------------+--------------+
|         Event        | Counter |  HWThread 0 |  HWThread 1 |  HWThread 2 |  HWThread 3 |  HWThread 4 |  HWThread 5 |  HWThread 6 |  HWThread 7 |  HWThread 8 |  HWThread 9 | HWThread 10 | HWThread 11 | HWThread 12 | HWThread 13 | HWThread 14 | HWThread 15 | HWThread 16 | HWThread 17 | HWThread 18 | HWThread 19 | HWThread 20 | HWThread 21 | HWThread 22 | HWThread 23 | HWThread 24 | HWThread 25 | HWThread 26 | HWThread 27 | HWThread 28 | HWThread 29 | HWThread 30 | HWThread 31 | HWThread 32 | HWThread 33 | HWThread 34 | HWThread 35 | HWThread 36 | HWThread 37 | HWThread 38 | HWThread 39 | HWThread 40 | HWThread 41 | HWThread 42 | HWThread 43 | HWThread 44 | HWThread 45 | HWThread 46 | HWThread 47 | HWThread 48 | HWThread 49 | HWThread 50 | HWThread 51 | HWThread 52 | HWThread 53 | HWThread 54 | HWThread 55 | HWThread 56 | HWThread 57 | HWThread 58 | HWThread 59 | HWThread 60 | HWThread 61 | HWThread 62 | HWThread 63 | HWThread 64 | HWThread 65 | HWThread 66 | HWThread 67 | HWThread 68 | HWThread 69 | HWThread 70 | HWThread 71 | HWThread 72 | HWThread 73 | HWThread 74 | HWThread 75 | HWThread 76 | HWThread 77 | HWThread 78 | HWThread 79 | HWThread 80 | HWThread 81 | HWThread 82 | HWThread 83 | HWThread 84 | HWThread 85 | HWThread 86 | HWThread 87 | HWThread 88 | HWThread 89 | HWThread 90 | HWThread 91 | HWThread 92 | HWThread 93 | HWThread 94 | HWThread 95 | HWThread 96 | HWThread 97 | HWThread 98 | HWThread 99 | HWThread 100 | HWThread 101 | HWThread 102 | HWThread 103 | HWThread 104 | HWThread 105 | HWThread 106 | HWThread 107 | HWThread 108 | HWThread 109 | HWThread 110 | HWThread 111 | HWThread 112 | HWThread 113 | HWThread 114 | HWThread 115 | HWThread 116 | HWThread 117 | HWThread 118 | HWThread 119 | HWThread 120 | HWThread 121 | HWThread 122 | HWThread 123 | HWThread 124 | HWThread 125 | HWThread 126 | HWThread 127 |
+----------------------+---------+-------------+-------------+-------------+-------------+-------------+-------------+-------------+-------------+-------------+-------------+-------------+-------------+-------------+-------------+-------------+-------------+-------------+-------------+-------------+-------------+-------------+-------------+-------------+-------------+-------------+-------------+-------------+-------------+-------------+-------------+-------------+-------------+-------------+-------------+-------------+-------------+-------------+-------------+-------------+-------------+-------------+-------------+-------------+-------------+-------------+-------------+-------------+-------------+-------------+-------------+-------------+-------------+-------------+-------------+-------------+-------------+-------------+-------------+-------------+-------------+-------------+-------------+-------------+-------------+-------------+-------------+-------------+-------------+-------------+-------------+-------------+-------------+-------------+-------------+-------------+-------------+-------------+-------------+-------------+-------------+-------------+-------------+-------------+-------------+-------------+-------------+-------------+-------------+-------------+-------------+-------------+-------------+-------------+-------------+-------------+-------------+-------------+-------------+-------------+-------------+--------------+--------------+--------------+--------------+--------------+--------------+--------------+--------------+--------------+--------------+--------------+--------------+--------------+--------------+--------------+--------------+--------------+--------------+--------------+--------------+--------------+--------------+--------------+--------------+--------------+--------------+--------------+--------------+
|   ACTUAL_CPU_CLOCK   |  FIXC1  | 31364160000 | 31370430000 | 31364990000 | 31369640000 | 31369300000 | 31368350000 | 31368860000 | 31368970000 | 31367620000 | 31366340000 | 31368560000 | 31366590000 | 31365030000 | 31370070000 | 31367320000 | 31366240000 | 31368730000 | 31366350000 | 31363940000 | 31363720000 | 31370030000 | 31364090000 | 31365410000 | 31367330000 | 31364720000 | 31363020000 | 31365970000 | 31363620000 | 31365570000 | 31368390000 | 31364510000 | 31365750000 | 31361380000 | 31362700000 | 31363450000 | 31365500000 | 31365530000 | 31366610000 | 31367140000 | 31367590000 | 31360790000 | 31365830000 | 31367350000 | 31366250000 | 31366790000 | 31368310000 | 31367300000 | 31368290000 | 31366280000 | 31368340000 | 31365990000 | 31363230000 | 31365710000 | 31361540000 | 31363380000 | 31363250000 | 31364950000 | 31368120000 | 31366840000 | 31368100000 | 31364190000 | 31364970000 | 31362560000 | 31366300000 | 31364320000 | 31367050000 | 31367670000 | 31366790000 | 31363910000 | 31367150000 | 31367540000 | 31367930000 | 31367450000 | 31368350000 | 31367790000 | 31366750000 | 31367330000 | 31366450000 | 31367230000 | 31368780000 | 31365830000 | 31366330000 | 31365200000 | 31367600000 | 31364750000 | 31367910000 | 31364250000 | 31366340000 | 31367080000 | 31361120000 | 31367760000 | 31367430000 | 31364860000 | 31362540000 | 31366490000 | 31364030000 | 31366110000 | 31368460000 | 31363650000 | 31366890000 |  31366860000 |  31364460000 |  31364300000 |  31365770000 |  31368800000 |  31368290000 |  31361930000 |  31368330000 |  31367410000 |  31366340000 |  31364340000 |  31366640000 |  31366630000 |  31365700000 |  31365580000 |  31367800000 |  31366010000 |  31363480000 |  31364710000 |  31364980000 |  31366110000 |  31361940000 |  31365030000 |  31363780000 |  31363840000 |  31364490000 |  31366870000 |  31365440000 |
|     MAX_CPU_CLOCK    |  FIXC2  | 23650930000 | 23651020000 | 23651060000 | 23652190000 | 23650890000 | 23650760000 | 23651060000 | 23651620000 | 23651970000 | 23651740000 | 23651750000 | 23650940000 | 23651080000 | 23651640000 | 23650740000 | 23651080000 | 23650580000 | 23650650000 | 23650630000 | 23650600000 | 23650630000 | 23650600000 | 23650610000 | 23650580000 | 23650560000 | 23650510000 | 23650420000 | 23650440000 | 23650500000 | 23650390000 | 23650590000 | 23650560000 | 23650380000 | 23650380000 | 23650340000 | 23650430000 | 23650440000 | 23650400000 | 23650380000 | 23650430000 | 23650280000 | 23650290000 | 23650310000 | 23650250000 | 23650530000 | 23650350000 | 23650280000 | 23650230000 | 23650380000 | 23650270000 | 23649900000 | 23649980000 | 23650190000 | 23649910000 | 23649990000 | 23649960000 | 23650500000 | 23650950000 | 23650240000 | 23650980000 | 23650910000 | 23650300000 | 23650550000 | 23650360000 | 23650620000 | 23650350000 | 23650450000 | 23650250000 | 23650480000 | 23650390000 | 23650310000 | 23650460000 | 23650210000 | 23650430000 | 23650400000 | 23650340000 | 23650730000 | 23650320000 | 23650090000 | 23650310000 | 23650660000 | 23650250000 | 23650590000 | 23650590000 | 23650290000 | 23650650000 | 23650670000 | 23650090000 | 23650550000 | 23650570000 | 23650540000 | 23650470000 | 23650490000 | 23650470000 | 23650490000 | 23650460000 | 23649590000 | 23649650000 | 23649580000 | 23649520000 |  23650150000 |  23649580000 |  23649590000 |  23649540000 |  23650370000 |  23650410000 |  23650690000 |  23650450000 |  23650290000 |  23650380000 |  23651020000 |  23650760000 |  23650370000 |  23650890000 |  23650380000 |  23650390000 |  23650890000 |  23650550000 |  23650310000 |  23650890000 |  23650350000 |  23650340000 |  23650320000 |  23650190000 |  23650510000 |  23650760000 |  23650980000 |  23650320000 |
| RETIRED_INSTRUCTIONS |   PMC0  |  1055421000 |  1021032000 |  1021552000 |  1018804000 |  1005287000 |  1006459000 |  1005030000 |  1004940000 |   986185500 |   988895100 |   983410300 |   981025800 |   978190000 |   978268800 |   977854500 |   976754600 |  1023965000 |  1027994000 |  1016241000 |  1017640000 |  1006375000 |  1011027000 |  1006470000 |  1005788000 |   987694200 |   987602400 |   982702200 |   982949900 |   978162900 |   978330300 |   978219400 |   978148400 |  1019928000 |  1019908000 |  1015638000 |  1013983000 |  1005651000 |  1007733000 |  1005233000 |  1004481000 |   987383700 |   988052300 |   983577900 |   981709000 |   977324700 |   979297900 |   977487700 |   977082700 |  1023189000 |  1021887000 |  1021429000 |  1019929000 |  1050916000 |  1015658000 |  1012725000 |  1012882000 |   993074200 |   990267300 |   989894400 |   985843000 |   984419400 |   984229200 |   983011800 |   982365000 |  1023076000 |  1031899000 |  1015002000 |  1016851000 |  1006475000 |  1009067000 |  1006273000 |  1008956000 |   985677800 |   986233300 |   983428900 |   983120600 |   978558300 |   979079500 |   977935200 |   977953100 |  1015675000 |  1018268000 |  1009694000 |  1012406000 |  1005166000 |  1008604000 |  1004877000 |  1004190000 |   983079400 |   985413400 |   982373700 |   980891500 |   977729300 |   978785300 |   976584100 |   976722400 |  1026540000 |  1015630000 |  1016757000 |  1020521000 |   1006467000 |   1008663000 |   1006890000 |   1005481000 |    986320700 |    986280700 |    983776600 |    981694800 |    978626600 |    979206500 |    977573200 |    977562400 |   1020260000 |   1019563000 |   1013046000 |   1020205000 |   1008093000 |   1009520000 |   1005901000 |   1005444000 |    982696700 |    982387100 |    980911100 |    982383400 |    977505000 |    978114800 |    976721800 |    976710800 |
|  CPU_CLOCKS_UNHALTED |   PMC1  | 31068170000 | 31109610000 | 31103540000 | 31108890000 | 31105300000 | 31106140000 | 31101750000 | 31104650000 | 31099640000 | 31099360000 | 31098240000 | 31101040000 | 31094270000 | 31104490000 | 31099080000 | 31100260000 | 31101680000 | 31099860000 | 31097700000 | 31099150000 | 31107770000 | 31101000000 | 31089590000 | 31098810000 | 31101000000 | 31099980000 | 31103840000 | 31098540000 | 31100970000 | 31105770000 | 31102780000 | 31103420000 | 31092360000 | 31100400000 | 31101850000 | 31098620000 | 31096770000 | 31098040000 | 31101040000 | 31100650000 | 31095730000 | 31097090000 | 31103680000 | 31103320000 | 31101790000 | 31105770000 | 31104110000 | 31106590000 | 31111130000 | 31112260000 | 31112890000 | 31108670000 | 31122230000 | 31105420000 | 31099010000 | 31112460000 | 31099570000 | 31108700000 | 31104850000 | 31096100000 | 31097430000 | 31096970000 | 31098080000 | 31097050000 | 31096620000 | 31101100000 | 31100790000 | 31100770000 | 31095510000 | 31095750000 | 31101710000 | 31088130000 | 31092540000 | 31100160000 | 31090960000 | 31098110000 | 31090970000 | 31088970000 | 31097340000 | 31094500000 | 31099850000 | 31090530000 | 31092710000 | 31094220000 | 31091140000 | 31099310000 | 31093840000 | 31094360000 | 31094290000 | 31085190000 | 31095300000 | 31094400000 | 31089260000 | 31087950000 | 31093560000 | 31095170000 | 31099450000 | 31093100000 | 31092780000 | 31099410000 |  31099560000 |  31097440000 |  31098820000 |  31095650000 |  31097610000 |  31097680000 |  31089170000 |  31100930000 |  31093890000 |  31096880000 |  31065990000 |  31095560000 |  31087880000 |  31091700000 |  31093310000 |  31095180000 |  31096910000 |  31089660000 |  31092360000 |  31087480000 |  31099190000 |  31086210000 |  31097780000 |  31093830000 |  31093010000 |  31093740000 |  31085360000 |  31094350000 |
|    DRAM_CHANNEL_4    |   DFC0  |  3130164000 |           0 |           0 |           0 |           0 |           0 |           0 |           0 |           0 |           0 |           0 |           0 |           0 |           0 |           0 |           0 |           0 |           0 |           0 |           0 |           0 |           0 |           0 |           0 |           0 |           0 |           0 |           0 |           0 |           0 |           0 |           0 |           0 |           0 |           0 |           0 |           0 |           0 |           0 |           0 |           0 |           0 |           0 |           0 |           0 |           0 |           0 |           0 |           0 |           0 |           0 |           0 |           0 |           0 |           0 |           0 |           0 |           0 |           0 |           0 |           0 |           0 |           0 |           0 |  3130101000 |           0 |           0 |           0 |           0 |           0 |           0 |           0 |           0 |           0 |           0 |           0 |           0 |           0 |           0 |           0 |           0 |           0 |           0 |           0 |           0 |           0 |           0 |           0 |           0 |           0 |           0 |           0 |           0 |           0 |           0 |           0 |           0 |           0 |           0 |           0 |            0 |            0 |            0 |            0 |            0 |            0 |            0 |            0 |            0 |            0 |            0 |            0 |            0 |            0 |            0 |            0 |            0 |            0 |            0 |            0 |            0 |            0 |            0 |            0 |            0 |            0 |            0 |            0 |
|    DRAM_CHANNEL_5    |   DFC1  |  3130565000 |           0 |           0 |           0 |           0 |           0 |           0 |           0 |           0 |           0 |           0 |           0 |           0 |           0 |           0 |           0 |           0 |           0 |           0 |           0 |           0 |           0 |           0 |           0 |           0 |           0 |           0 |           0 |           0 |           0 |           0 |           0 |           0 |           0 |           0 |           0 |           0 |           0 |           0 |           0 |           0 |           0 |           0 |           0 |           0 |           0 |           0 |           0 |           0 |           0 |           0 |           0 |           0 |           0 |           0 |           0 |           0 |           0 |           0 |           0 |           0 |           0 |           0 |           0 |  3130065000 |           0 |           0 |           0 |           0 |           0 |           0 |           0 |           0 |           0 |           0 |           0 |           0 |           0 |           0 |           0 |           0 |           0 |           0 |           0 |           0 |           0 |           0 |           0 |           0 |           0 |           0 |           0 |           0 |           0 |           0 |           0 |           0 |           0 |           0 |           0 |            0 |            0 |            0 |            0 |            0 |            0 |            0 |            0 |            0 |            0 |            0 |            0 |            0 |            0 |            0 |            0 |            0 |            0 |            0 |            0 |            0 |            0 |            0 |            0 |            0 |            0 |            0 |            0 |
|    DRAM_CHANNEL_6    |   DFC2  |  3129238000 |           0 |           0 |           0 |           0 |           0 |           0 |           0 |           0 |           0 |           0 |           0 |           0 |           0 |           0 |           0 |           0 |           0 |           0 |           0 |           0 |           0 |           0 |           0 |           0 |           0 |           0 |           0 |           0 |           0 |           0 |           0 |           0 |           0 |           0 |           0 |           0 |           0 |           0 |           0 |           0 |           0 |           0 |           0 |           0 |           0 |           0 |           0 |           0 |           0 |           0 |           0 |           0 |           0 |           0 |           0 |           0 |           0 |           0 |           0 |           0 |           0 |           0 |           0 |  3130944000 |           0 |           0 |           0 |           0 |           0 |           0 |           0 |           0 |           0 |           0 |           0 |           0 |           0 |           0 |           0 |           0 |           0 |           0 |           0 |           0 |           0 |           0 |           0 |           0 |           0 |           0 |           0 |           0 |           0 |           0 |           0 |           0 |           0 |           0 |           0 |            0 |            0 |            0 |            0 |            0 |            0 |            0 |            0 |            0 |            0 |            0 |            0 |            0 |            0 |            0 |            0 |            0 |            0 |            0 |            0 |            0 |            0 |            0 |            0 |            0 |            0 |            0 |            0 |
|    DRAM_CHANNEL_7    |   DFC3  |  3129191000 |           0 |           0 |           0 |           0 |           0 |           0 |           0 |           0 |           0 |           0 |           0 |           0 |           0 |           0 |           0 |           0 |           0 |           0 |           0 |           0 |           0 |           0 |           0 |           0 |           0 |           0 |           0 |           0 |           0 |           0 |           0 |           0 |           0 |           0 |           0 |           0 |           0 |           0 |           0 |           0 |           0 |           0 |           0 |           0 |           0 |           0 |           0 |           0 |           0 |           0 |           0 |           0 |           0 |           0 |           0 |           0 |           0 |           0 |           0 |           0 |           0 |           0 |           0 |  3130905000 |           0 |           0 |           0 |           0 |           0 |           0 |           0 |           0 |           0 |           0 |           0 |           0 |           0 |           0 |           0 |           0 |           0 |           0 |           0 |           0 |           0 |           0 |           0 |           0 |           0 |           0 |           0 |           0 |           0 |           0 |           0 |           0 |           0 |           0 |           0 |            0 |            0 |            0 |            0 |            0 |            0 |            0 |            0 |            0 |            0 |            0 |            0 |            0 |            0 |            0 |            0 |            0 |            0 |            0 |            0 |            0 |            0 |            0 |            0 |            0 |            0 |            0 |            0 |
+----------------------+---------+-------------+-------------+-------------+-------------+-------------+-------------+-------------+-------------+-------------+-------------+-------------+-------------+-------------+-------------+-------------+-------------+-------------+-------------+-------------+-------------+-------------+-------------+-------------+-------------+-------------+-------------+-------------+-------------+-------------+-------------+-------------+-------------+-------------+-------------+-------------+-------------+-------------+-------------+-------------+-------------+-------------+-------------+-------------+-------------+-------------+-------------+-------------+-------------+-------------+-------------+-------------+-------------+-------------+-------------+-------------+-------------+-------------+-------------+-------------+-------------+-------------+-------------+-------------+-------------+-------------+-------------+-------------+-------------+-------------+-------------+-------------+-------------+-------------+-------------+-------------+-------------+-------------+-------------+-------------+-------------+-------------+-------------+-------------+-------------+-------------+-------------+-------------+-------------+-------------+-------------+-------------+-------------+-------------+-------------+-------------+-------------+-------------+-------------+-------------+-------------+--------------+--------------+--------------+--------------+--------------+--------------+--------------+--------------+--------------+--------------+--------------+--------------+--------------+--------------+--------------+--------------+--------------+--------------+--------------+--------------+--------------+--------------+--------------+--------------+--------------+--------------+--------------+--------------+

+---------------------------+---------+---------------+-------------+-------------+--------------+
|           Event           | Counter |      Sum      |     Min     |     Max     |      Avg     |
+---------------------------+---------+---------------+-------------+-------------+--------------+
|   ACTUAL_CPU_CLOCK STAT   |  FIXC1  | 4014851160000 | 31360790000 | 31370430000 | 3.136602e+10 |
|     MAX_CPU_CLOCK STAT    |  FIXC2  | 3027264370000 | 23649520000 | 23652190000 | 2.365050e+10 |
| RETIRED_INSTRUCTIONS STAT |   PMC0  |  127762107500 |   976584100 |  1055421000 | 9.981415e+08 |
|  CPU_CLOCKS_UNHALTED STAT |   PMC1  | 3980523800000 | 31065990000 | 31122230000 | 3.109784e+10 |
|    DRAM_CHANNEL_4 STAT    |   DFC0  |    6260265000 |           0 |  3130164000 | 4.890832e+07 |
|    DRAM_CHANNEL_5 STAT    |   DFC1  |    6260630000 |           0 |  3130565000 | 4.891117e+07 |
|    DRAM_CHANNEL_6 STAT    |   DFC2  |    6260182000 |           0 |  3130944000 | 4.890767e+07 |
|    DRAM_CHANNEL_7 STAT    |   DFC3  |    6260096000 |           0 |  3130905000 |     48907000 |
+---------------------------+---------+---------------+-------------+-------------+--------------+

+--------------------------------------------+------------+------------+------------+------------+------------+------------+------------+------------+------------+------------+-------------+-------------+-------------+-------------+-------------+-------------+-------------+-------------+-------------+-------------+-------------+-------------+-------------+-------------+-------------+-------------+-------------+-------------+-------------+-------------+-------------+-------------+-------------+-------------+-------------+-------------+-------------+-------------+-------------+-------------+-------------+-------------+-------------+-------------+-------------+-------------+-------------+-------------+-------------+-------------+-------------+-------------+-------------+-------------+-------------+-------------+-------------+-------------+-------------+-------------+-------------+-------------+-------------+-------------+-------------+-------------+-------------+-------------+-------------+-------------+-------------+-------------+-------------+-------------+-------------+-------------+-------------+-------------+-------------+-------------+-------------+-------------+-------------+-------------+-------------+-------------+-------------+-------------+-------------+-------------+-------------+-------------+-------------+-------------+-------------+-------------+-------------+-------------+-------------+-------------+--------------+--------------+--------------+--------------+--------------+--------------+--------------+--------------+--------------+--------------+--------------+--------------+--------------+--------------+--------------+--------------+--------------+--------------+--------------+--------------+--------------+--------------+--------------+--------------+--------------+--------------+--------------+--------------+
|                   Metric                   | HWThread 0 | HWThread 1 | HWThread 2 | HWThread 3 | HWThread 4 | HWThread 5 | HWThread 6 | HWThread 7 | HWThread 8 | HWThread 9 | HWThread 10 | HWThread 11 | HWThread 12 | HWThread 13 | HWThread 14 | HWThread 15 | HWThread 16 | HWThread 17 | HWThread 18 | HWThread 19 | HWThread 20 | HWThread 21 | HWThread 22 | HWThread 23 | HWThread 24 | HWThread 25 | HWThread 26 | HWThread 27 | HWThread 28 | HWThread 29 | HWThread 30 | HWThread 31 | HWThread 32 | HWThread 33 | HWThread 34 | HWThread 35 | HWThread 36 | HWThread 37 | HWThread 38 | HWThread 39 | HWThread 40 | HWThread 41 | HWThread 42 | HWThread 43 | HWThread 44 | HWThread 45 | HWThread 46 | HWThread 47 | HWThread 48 | HWThread 49 | HWThread 50 | HWThread 51 | HWThread 52 | HWThread 53 | HWThread 54 | HWThread 55 | HWThread 56 | HWThread 57 | HWThread 58 | HWThread 59 | HWThread 60 | HWThread 61 | HWThread 62 | HWThread 63 | HWThread 64 | HWThread 65 | HWThread 66 | HWThread 67 | HWThread 68 | HWThread 69 | HWThread 70 | HWThread 71 | HWThread 72 | HWThread 73 | HWThread 74 | HWThread 75 | HWThread 76 | HWThread 77 | HWThread 78 | HWThread 79 | HWThread 80 | HWThread 81 | HWThread 82 | HWThread 83 | HWThread 84 | HWThread 85 | HWThread 86 | HWThread 87 | HWThread 88 | HWThread 89 | HWThread 90 | HWThread 91 | HWThread 92 | HWThread 93 | HWThread 94 | HWThread 95 | HWThread 96 | HWThread 97 | HWThread 98 | HWThread 99 | HWThread 100 | HWThread 101 | HWThread 102 | HWThread 103 | HWThread 104 | HWThread 105 | HWThread 106 | HWThread 107 | HWThread 108 | HWThread 109 | HWThread 110 | HWThread 111 | HWThread 112 | HWThread 113 | HWThread 114 | HWThread 115 | HWThread 116 | HWThread 117 | HWThread 118 | HWThread 119 | HWThread 120 | HWThread 121 | HWThread 122 | HWThread 123 | HWThread 124 | HWThread 125 | HWThread 126 | HWThread 127 |
+--------------------------------------------+------------+------------+------------+------------+------------+------------+------------+------------+------------+------------+-------------+-------------+-------------+-------------+-------------+-------------+-------------+-------------+-------------+-------------+-------------+-------------+-------------+-------------+-------------+-------------+-------------+-------------+-------------+-------------+-------------+-------------+-------------+-------------+-------------+-------------+-------------+-------------+-------------+-------------+-------------+-------------+-------------+-------------+-------------+-------------+-------------+-------------+-------------+-------------+-------------+-------------+-------------+-------------+-------------+-------------+-------------+-------------+-------------+-------------+-------------+-------------+-------------+-------------+-------------+-------------+-------------+-------------+-------------+-------------+-------------+-------------+-------------+-------------+-------------+-------------+-------------+-------------+-------------+-------------+-------------+-------------+-------------+-------------+-------------+-------------+-------------+-------------+-------------+-------------+-------------+-------------+-------------+-------------+-------------+-------------+-------------+-------------+-------------+-------------+--------------+--------------+--------------+--------------+--------------+--------------+--------------+--------------+--------------+--------------+--------------+--------------+--------------+--------------+--------------+--------------+--------------+--------------+--------------+--------------+--------------+--------------+--------------+--------------+--------------+--------------+--------------+--------------+
|             Runtime (RDTSC) [s]            |     9.6704 |     9.6708 |     9.6706 |     9.6711 |     9.6708 |     9.6708 |     9.6706 |     9.6709 |     9.6711 |     9.6710 |      9.6710 |      9.6706 |      9.6707 |      9.6709 |      9.6707 |      9.6707 |      9.6706 |      9.6708 |      9.6708 |      9.6706 |      9.6706 |      9.6706 |      9.6708 |      9.6706 |      9.6707 |      9.6707 |      9.6707 |      9.6707 |      9.6707 |      9.6707 |      9.6707 |      9.6707 |      9.6705 |      9.6705 |      9.6705 |      9.6705 |      9.6705 |      9.6705 |      9.6705 |      9.6705 |      9.6705 |      9.6705 |      9.6705 |      9.6705 |      9.6705 |      9.6706 |      9.6705 |      9.6705 |      9.6705 |      9.6705 |      9.6706 |      9.6706 |      9.6705 |      9.6705 |      9.6705 |      9.6706 |      9.6705 |      9.6707 |      9.6705 |      9.6707 |      9.6707 |      9.6705 |      9.6705 |      9.6705 |      9.6704 |      9.6705 |      9.6705 |      9.6705 |      9.6705 |      9.6705 |      9.6705 |      9.6705 |      9.6705 |      9.6705 |      9.6706 |      9.6705 |      9.6707 |      9.6705 |      9.6705 |      9.6705 |      9.6706 |      9.6705 |      9.6706 |      9.6706 |      9.6705 |      9.6706 |      9.6706 |      9.6705 |      9.6705 |      9.6705 |      9.6705 |      9.6705 |      9.6705 |      9.6705 |      9.6705 |      9.6705 |      9.6705 |      9.6705 |      9.6705 |      9.6705 |       9.6707 |       9.6705 |       9.6705 |       9.6705 |       9.6705 |       9.6705 |       9.6705 |       9.6706 |       9.6705 |       9.6705 |       9.6707 |       9.6708 |       9.6705 |       9.6707 |       9.6705 |       9.6705 |       9.6707 |       9.6707 |       9.6705 |       9.6707 |       9.6705 |       9.6705 |       9.6705 |       9.6705 |       9.6705 |       9.6706 |       9.6707 |       9.6705 |
|            Runtime unhalted [s]            |    12.8258 |    12.8284 |    12.8262 |    12.8281 |    12.8279 |    12.8276 |    12.8278 |    12.8278 |    12.8273 |    12.8267 |     12.8276 |     12.8268 |     12.8262 |     12.8283 |     12.8271 |     12.8267 |     12.8277 |     12.8267 |     12.8258 |     12.8257 |     12.8282 |     12.8258 |     12.8264 |     12.8271 |     12.8261 |     12.8254 |     12.8266 |     12.8256 |     12.8264 |     12.8276 |     12.8260 |     12.8265 |     12.8247 |     12.8252 |     12.8256 |     12.8264 |     12.8264 |     12.8268 |     12.8271 |     12.8272 |     12.8245 |     12.8265 |     12.8271 |     12.8267 |     12.8269 |     12.8275 |     12.8271 |     12.8275 |     12.8267 |     12.8276 |     12.8266 |     12.8255 |     12.8265 |     12.8248 |     12.8255 |     12.8255 |     12.8262 |     12.8275 |     12.8269 |     12.8275 |     12.8259 |     12.8262 |     12.8252 |     12.8267 |     12.8259 |     12.8270 |     12.8273 |     12.8269 |     12.8257 |     12.8271 |     12.8272 |     12.8274 |     12.8272 |     12.8276 |     12.8273 |     12.8269 |     12.8271 |     12.8268 |     12.8271 |     12.8277 |     12.8265 |     12.8267 |     12.8263 |     12.8273 |     12.8261 |     12.8274 |     12.8259 |     12.8267 |     12.8270 |     12.8246 |     12.8273 |     12.8272 |     12.8261 |     12.8252 |     12.8268 |     12.8258 |     12.8266 |     12.8276 |     12.8256 |     12.8270 |      12.8269 |      12.8260 |      12.8259 |      12.8265 |      12.8277 |      12.8275 |      12.8249 |      12.8275 |      12.8272 |      12.8267 |      12.8259 |      12.8269 |      12.8269 |      12.8265 |      12.8264 |      12.8273 |      12.8266 |      12.8256 |      12.8261 |      12.8262 |      12.8266 |      12.8249 |      12.8262 |      12.8257 |      12.8257 |      12.8260 |      12.8270 |      12.8264 |
|                 Clock [MHz]                |  3242.8969 |  3243.5329 |  3242.9649 |  3243.2907 |  3243.4339 |  3243.3535 |  3243.3651 |  3243.2996 |  3243.1121 |  3243.0113 |   3243.2394 |   3243.1468 |   3242.9663 |   3243.4106 |   3243.2497 |   3243.0914 |   3243.4174 |   3243.1618 |   3242.9153 |   3242.8967 |   3243.5450 |   3242.9349 |   3243.0700 |   3243.2727 |   3243.0056 |   3242.8366 |   3243.1540 |   3242.9083 |   3243.1017 |   3243.4083 |   3242.9797 |   3243.1121 |   3242.6849 |   3242.8214 |   3242.9044 |   3243.1040 |   3243.1058 |   3243.2229 |   3243.2805 |   3243.3201 |   3242.6376 |   3243.1574 |   3243.3118 |   3243.2063 |   3243.2237 |   3243.4056 |   3243.3107 |   3243.4199 |   3243.1915 |   3243.4196 |   3243.2274 |   3242.9310 |   3243.1587 |   3242.7659 |   3242.9452 |   3242.9358 |   3243.0376 |   3243.3036 |   3243.2686 |   3243.2974 |   3242.9028 |   3243.0671 |   3242.7836 |   3243.1964 |   3242.9560 |   3243.2753 |   3243.3257 |   3243.2621 |   3242.9328 |   3243.2801 |   3243.3314 |   3243.3512 |   3243.3358 |   3243.3987 |   3243.3449 |   3243.2456 |   3243.2521 |   3243.2173 |   3243.3295 |   3243.4596 |   3243.1066 |   3243.2145 |   3243.0511 |   3243.2992 |   3243.0457 |   3243.3231 |   3242.9419 |   3243.2375 |   3243.2509 |   3242.6320 |   3243.3226 |   3243.2981 |   3243.0296 |   3242.7925 |   3243.1982 |   3242.9479 |   3243.2823 |   3243.5171 |   3243.0293 |   3243.3726 |    3243.2831 |    3243.1131 |    3243.0951 |    3243.2540 |    3243.4535 |    3243.3953 |    3242.6993 |    3243.3939 |    3243.3207 |    3243.1977 |    3242.9032 |    3243.1767 |    3243.2291 |    3243.0616 |    3243.1192 |    3243.3473 |    3243.0937 |    3242.8787 |    3243.0388 |    3242.9872 |    3243.1781 |    3242.7483 |    3243.0705 |    3242.9591 |    3242.9214 |    3242.9544 |    3243.1703 |    3243.1129 |
|                     CPI                    |    29.4368 |    30.4688 |    30.4473 |    30.5347 |    30.9417 |    30.9065 |    30.9461 |    30.9517 |    31.5353 |    31.4486 |     31.6229 |     31.7026 |     31.7876 |     31.7954 |     31.8034 |     31.8404 |     30.3738 |     30.2530 |     30.6007 |     30.5601 |     30.9107 |     30.7618 |     30.8897 |     30.9198 |     31.4885 |     31.4904 |     31.6513 |     31.6380 |     31.7953 |     31.7948 |     31.7953 |     31.7983 |     30.4849 |     30.4933 |     30.6230 |     30.6698 |     30.9220 |     30.8594 |     30.9391 |     30.9619 |     31.4931 |     31.4731 |     31.6230 |     31.6828 |     31.8234 |     31.7633 |     31.8205 |     31.8362 |     30.4060 |     30.4459 |     30.4602 |     30.5008 |     29.6144 |     30.6259 |     30.7082 |     30.7168 |     31.3165 |     31.4144 |     31.4224 |     31.5426 |     31.5896 |     31.5953 |     31.6355 |     31.6553 |     30.3952 |     30.1397 |     30.6411 |     30.5854 |     30.8955 |     30.8163 |     30.9078 |     30.8122 |     31.5443 |     31.5343 |     31.6149 |     31.6320 |     31.7722 |     31.7533 |     31.7990 |     31.7955 |     30.6199 |     30.5328 |     30.7942 |     30.7132 |     30.9313 |     30.8340 |     30.9429 |     30.9646 |     31.6295 |     31.5453 |     31.6532 |     31.7001 |     31.7974 |     31.7618 |     31.8391 |     31.8362 |     30.2954 |     30.6146 |     30.5803 |     30.4741 |      30.8997 |      30.8304 |      30.8860 |      30.9261 |      31.5289 |      31.5303 |      31.6019 |      31.6809 |      31.7730 |      31.7572 |      31.7787 |      31.8093 |      30.4705 |      30.4951 |      30.6929 |      30.4793 |      30.8473 |      30.7965 |      30.9100 |      30.9192 |      31.6468 |      31.6435 |      31.7030 |      31.6514 |      31.8085 |      31.7895 |      31.8262 |      31.8358 |
| Memory bandwidth (channels 4-7) [MBytes/s] | 82853.2899 |          0 |          0 |          0 |          0 |          0 |          0 |          0 |          0 |          0 |           0 |           0 |           0 |           0 |           0 |           0 |           0 |           0 |           0 |           0 |           0 |           0 |           0 |           0 |           0 |           0 |           0 |           0 |           0 |           0 |           0 |           0 |           0 |           0 |           0 |           0 |           0 |           0 |           0 |           0 |           0 |           0 |           0 |           0 |           0 |           0 |           0 |           0 |           0 |           0 |           0 |           0 |           0 |           0 |           0 |           0 |           0 |           0 |           0 |           0 |           0 |           0 |           0 |           0 |  82872.6350 |           0 |           0 |           0 |           0 |           0 |           0 |           0 |           0 |           0 |           0 |           0 |           0 |           0 |           0 |           0 |           0 |           0 |           0 |           0 |           0 |           0 |           0 |           0 |           0 |           0 |           0 |           0 |           0 |           0 |           0 |           0 |           0 |           0 |           0 |           0 |            0 |            0 |            0 |            0 |            0 |            0 |            0 |            0 |            0 |            0 |            0 |            0 |            0 |            0 |            0 |            0 |            0 |            0 |            0 |            0 |            0 |            0 |            0 |            0 |            0 |            0 |            0 |            0 |
| Memory data volume (channels 4-7) [GBytes] |   801.2261 |          0 |          0 |          0 |          0 |          0 |          0 |          0 |          0 |          0 |           0 |           0 |           0 |           0 |           0 |           0 |           0 |           0 |           0 |           0 |           0 |           0 |           0 |           0 |           0 |           0 |           0 |           0 |           0 |           0 |           0 |           0 |           0 |           0 |           0 |           0 |           0 |           0 |           0 |           0 |           0 |           0 |           0 |           0 |           0 |           0 |           0 |           0 |           0 |           0 |           0 |           0 |           0 |           0 |           0 |           0 |           0 |           0 |           0 |           0 |           0 |           0 |           0 |           0 |    801.4090 |           0 |           0 |           0 |           0 |           0 |           0 |           0 |           0 |           0 |           0 |           0 |           0 |           0 |           0 |           0 |           0 |           0 |           0 |           0 |           0 |           0 |           0 |           0 |           0 |           0 |           0 |           0 |           0 |           0 |           0 |           0 |           0 |           0 |           0 |           0 |            0 |            0 |            0 |            0 |            0 |            0 |            0 |            0 |            0 |            0 |            0 |            0 |            0 |            0 |            0 |            0 |            0 |            0 |            0 |            0 |            0 |            0 |            0 |            0 |            0 |            0 |            0 |            0 |
+--------------------------------------------+------------+------------+------------+------------+------------+------------+------------+------------+------------+------------+-------------+-------------+-------------+-------------+-------------+-------------+-------------+-------------+-------------+-------------+-------------+-------------+-------------+-------------+-------------+-------------+-------------+-------------+-------------+-------------+-------------+-------------+-------------+-------------+-------------+-------------+-------------+-------------+-------------+-------------+-------------+-------------+-------------+-------------+-------------+-------------+-------------+-------------+-------------+-------------+-------------+-------------+-------------+-------------+-------------+-------------+-------------+-------------+-------------+-------------+-------------+-------------+-------------+-------------+-------------+-------------+-------------+-------------+-------------+-------------+-------------+-------------+-------------+-------------+-------------+-------------+-------------+-------------+-------------+-------------+-------------+-------------+-------------+-------------+-------------+-------------+-------------+-------------+-------------+-------------+-------------+-------------+-------------+-------------+-------------+-------------+-------------+-------------+-------------+-------------+--------------+--------------+--------------+--------------+--------------+--------------+--------------+--------------+--------------+--------------+--------------+--------------+--------------+--------------+--------------+--------------+--------------+--------------+--------------+--------------+--------------+--------------+--------------+--------------+--------------+--------------+--------------+--------------+

+-------------------------------------------------+-------------+-----------+------------+-----------+
|                      Metric                     |     Sum     |    Min    |     Max    |    Avg    |
+-------------------------------------------------+-------------+-----------+------------+-----------+
|             Runtime (RDTSC) [s] STAT            |   1237.8353 |    9.6704 |     9.6711 |    9.6706 |
|            Runtime unhalted [s] STAT            |   1641.8055 |   12.8245 |    12.8284 |   12.8266 |
|                 Clock [MHz] STAT                | 415122.9814 | 3242.6320 |  3243.5450 | 3243.1483 |
|                     CPI STAT                    |   3989.2264 |   29.4368 |    31.8404 |   31.1658 |
| Memory bandwidth (channels 4-7) [MBytes/s] STAT | 165725.9249 |         0 | 82872.6350 | 1294.7338 |
| Memory data volume (channels 4-7) [GBytes] STAT |   1602.6351 |         0 |   801.4090 |   12.5206 |
+-------------------------------------------------+-------------+-----------+------------+-----------+

