--------------------------------------------------------------------------------
CPU name:	AMD EPYC 7763 64-Core Processor                
CPU type:	AMD K19 (Zen3) architecture
CPU clock:	2.45 GHz
--------------------------------------------------------------------------------
Warning: Sanitizing vector length to a multiple of the loop stride 16 and thread count 128 from 2666666666 elements (21333333328 bytes) to 2666665984 elements (21333327872 bytes)
Allocate: Process running on hwthread 0 (Domain N) - Vector length 2666665984/21333327872 Offset 0 Alignment 512
Allocate: Process running on hwthread 0 (Domain N) - Vector length 2666665984/21333327872 Offset 0 Alignment 512
Allocate: Process running on hwthread 0 (Domain N) - Vector length 2666665984/21333327872 Offset 0 Alignment 512
Initialization: Each thread in domain initializes its own stream chunks
--------------------------------------------------------------------------------
LIKWID MICRO BENCHMARK
Test: stream_mem_avx_fma
--------------------------------------------------------------------------------
Using 1 work groups
Using 128 threads
--------------------------------------------------------------------------------
Using Likwid Marker API
--------------------------------------------------------------------------------
Group: 0 Thread 0 Global Thread 0 running on hwthread 0 - Vector length 20833328 Offset 0
Group: 0 Thread 1 Global Thread 1 running on hwthread 1 - Vector length 20833328 Offset 20833328
Group: 0 Thread 2 Global Thread 2 running on hwthread 2 - Vector length 20833328 Offset 41666656
Group: 0 Thread 3 Global Thread 3 running on hwthread 3 - Vector length 20833328 Offset 62499984
Group: 0 Thread 4 Global Thread 4 running on hwthread 4 - Vector length 20833328 Offset 83333312
Group: 0 Thread 5 Global Thread 5 running on hwthread 5 - Vector length 20833328 Offset 104166640
Group: 0 Thread 6 Global Thread 6 running on hwthread 6 - Vector length 20833328 Offset 124999968
Group: 0 Thread 7 Global Thread 7 running on hwthread 7 - Vector length 20833328 Offset 145833296
Group: 0 Thread 8 Global Thread 8 running on hwthread 8 - Vector length 20833328 Offset 166666624
Group: 0 Thread 9 Global Thread 9 running on hwthread 9 - Vector length 20833328 Offset 187499952
Group: 0 Thread 10 Global Thread 10 running on hwthread 10 - Vector length 20833328 Offset 208333280
Group: 0 Thread 11 Global Thread 11 running on hwthread 11 - Vector length 20833328 Offset 229166608
Group: 0 Thread 12 Global Thread 12 running on hwthread 12 - Vector length 20833328 Offset 249999936
Group: 0 Thread 13 Global Thread 13 running on hwthread 13 - Vector length 20833328 Offset 270833264
Group: 0 Thread 14 Global Thread 14 running on hwthread 14 - Vector length 20833328 Offset 291666592
Group: 0 Thread 15 Global Thread 15 running on hwthread 15 - Vector length 20833328 Offset 312499920
Group: 0 Thread 16 Global Thread 16 running on hwthread 16 - Vector length 20833328 Offset 333333248
Group: 0 Thread 17 Global Thread 17 running on hwthread 17 - Vector length 20833328 Offset 354166576
Group: 0 Thread 18 Global Thread 18 running on hwthread 18 - Vector length 20833328 Offset 374999904
Group: 0 Thread 19 Global Thread 19 running on hwthread 19 - Vector length 20833328 Offset 395833232
Group: 0 Thread 20 Global Thread 20 running on hwthread 20 - Vector length 20833328 Offset 416666560
Group: 0 Thread 21 Global Thread 21 running on hwthread 21 - Vector length 20833328 Offset 437499888
Group: 0 Thread 22 Global Thread 22 running on hwthread 22 - Vector length 20833328 Offset 458333216
Group: 0 Thread 23 Global Thread 23 running on hwthread 23 - Vector length 20833328 Offset 479166544
Group: 0 Thread 24 Global Thread 24 running on hwthread 24 - Vector length 20833328 Offset 499999872
Group: 0 Thread 25 Global Thread 25 running on hwthread 25 - Vector length 20833328 Offset 520833200
Group: 0 Thread 26 Global Thread 26 running on hwthread 26 - Vector length 20833328 Offset 541666528
Group: 0 Thread 27 Global Thread 27 running on hwthread 27 - Vector length 20833328 Offset 562499856
Group: 0 Thread 28 Global Thread 28 running on hwthread 28 - Vector length 20833328 Offset 583333184
Group: 0 Thread 29 Global Thread 29 running on hwthread 29 - Vector length 20833328 Offset 604166512
Group: 0 Thread 30 Global Thread 30 running on hwthread 30 - Vector length 20833328 Offset 624999840
Group: 0 Thread 31 Global Thread 31 running on hwthread 31 - Vector length 20833328 Offset 645833168
Group: 0 Thread 32 Global Thread 32 running on hwthread 32 - Vector length 20833328 Offset 666666496
Group: 0 Thread 33 Global Thread 33 running on hwthread 33 - Vector length 20833328 Offset 687499824
Group: 0 Thread 34 Global Thread 34 running on hwthread 34 - Vector length 20833328 Offset 708333152
Group: 0 Thread 35 Global Thread 35 running on hwthread 35 - Vector length 20833328 Offset 729166480
Group: 0 Thread 36 Global Thread 36 running on hwthread 36 - Vector length 20833328 Offset 749999808
Group: 0 Thread 37 Global Thread 37 running on hwthread 37 - Vector length 20833328 Offset 770833136
Group: 0 Thread 38 Global Thread 38 running on hwthread 38 - Vector length 20833328 Offset 791666464
Group: 0 Thread 39 Global Thread 39 running on hwthread 39 - Vector length 20833328 Offset 812499792
Group: 0 Thread 40 Global Thread 40 running on hwthread 40 - Vector length 20833328 Offset 833333120
Group: 0 Thread 41 Global Thread 41 running on hwthread 41 - Vector length 20833328 Offset 854166448
Group: 0 Thread 42 Global Thread 42 running on hwthread 42 - Vector length 20833328 Offset 874999776
Group: 0 Thread 43 Global Thread 43 running on hwthread 43 - Vector length 20833328 Offset 895833104
Group: 0 Thread 44 Global Thread 44 running on hwthread 44 - Vector length 20833328 Offset 916666432
Group: 0 Thread 45 Global Thread 45 running on hwthread 45 - Vector length 20833328 Offset 937499760
Group: 0 Thread 46 Global Thread 46 running on hwthread 46 - Vector length 20833328 Offset 958333088
Group: 0 Thread 47 Global Thread 47 running on hwthread 47 - Vector length 20833328 Offset 979166416
Group: 0 Thread 48 Global Thread 48 running on hwthread 48 - Vector length 20833328 Offset 999999744
Group: 0 Thread 49 Global Thread 49 running on hwthread 49 - Vector length 20833328 Offset 1020833072
Group: 0 Thread 50 Global Thread 50 running on hwthread 50 - Vector length 20833328 Offset 1041666400
Group: 0 Thread 51 Global Thread 51 running on hwthread 51 - Vector length 20833328 Offset 1062499728
Group: 0 Thread 52 Global Thread 52 running on hwthread 52 - Vector length 20833328 Offset 1083333056
Group: 0 Thread 53 Global Thread 53 running on hwthread 53 - Vector length 20833328 Offset 1104166384
Group: 0 Thread 54 Global Thread 54 running on hwthread 54 - Vector length 20833328 Offset 1124999712
Group: 0 Thread 55 Global Thread 55 running on hwthread 55 - Vector length 20833328 Offset 1145833040
Group: 0 Thread 56 Global Thread 56 running on hwthread 56 - Vector length 20833328 Offset 1166666368
Group: 0 Thread 57 Global Thread 57 running on hwthread 57 - Vector length 20833328 Offset 1187499696
Group: 0 Thread 58 Global Thread 58 running on hwthread 58 - Vector length 20833328 Offset 1208333024
Group: 0 Thread 59 Global Thread 59 running on hwthread 59 - Vector length 20833328 Offset 1229166352
Group: 0 Thread 60 Global Thread 60 running on hwthread 60 - Vector length 20833328 Offset 1249999680
Group: 0 Thread 61 Global Thread 61 running on hwthread 61 - Vector length 20833328 Offset 1270833008
Group: 0 Thread 62 Global Thread 62 running on hwthread 62 - Vector length 20833328 Offset 1291666336
Group: 0 Thread 63 Global Thread 63 running on hwthread 63 - Vector length 20833328 Offset 1312499664
Group: 0 Thread 64 Global Thread 64 running on hwthread 64 - Vector length 20833328 Offset 1333332992
Group: 0 Thread 65 Global Thread 65 running on hwthread 65 - Vector length 20833328 Offset 1354166320
Group: 0 Thread 66 Global Thread 66 running on hwthread 66 - Vector length 20833328 Offset 1374999648
Group: 0 Thread 67 Global Thread 67 running on hwthread 67 - Vector length 20833328 Offset 1395832976
Group: 0 Thread 68 Global Thread 68 running on hwthread 68 - Vector length 20833328 Offset 1416666304
Group: 0 Thread 69 Global Thread 69 running on hwthread 69 - Vector length 20833328 Offset 1437499632
Group: 0 Thread 70 Global Thread 70 running on hwthread 70 - Vector length 20833328 Offset 1458332960
Group: 0 Thread 71 Global Thread 71 running on hwthread 71 - Vector length 20833328 Offset 1479166288
Group: 0 Thread 72 Global Thread 72 running on hwthread 72 - Vector length 20833328 Offset 1499999616
Group: 0 Thread 73 Global Thread 73 running on hwthread 73 - Vector length 20833328 Offset 1520832944
Group: 0 Thread 74 Global Thread 74 running on hwthread 74 - Vector length 20833328 Offset 1541666272
Group: 0 Thread 75 Global Thread 75 running on hwthread 75 - Vector length 20833328 Offset 1562499600
Group: 0 Thread 76 Global Thread 76 running on hwthread 76 - Vector length 20833328 Offset 1583332928
Group: 0 Thread 77 Global Thread 77 running on hwthread 77 - Vector length 20833328 Offset 1604166256
Group: 0 Thread 78 Global Thread 78 running on hwthread 78 - Vector length 20833328 Offset 1624999584
Group: 0 Thread 79 Global Thread 79 running on hwthread 79 - Vector length 20833328 Offset 1645832912
Group: 0 Thread 80 Global Thread 80 running on hwthread 80 - Vector length 20833328 Offset 1666666240
Group: 0 Thread 81 Global Thread 81 running on hwthread 81 - Vector length 20833328 Offset 1687499568
Group: 0 Thread 82 Global Thread 82 running on hwthread 82 - Vector length 20833328 Offset 1708332896
Group: 0 Thread 83 Global Thread 83 running on hwthread 83 - Vector length 20833328 Offset 1729166224
Group: 0 Thread 84 Global Thread 84 running on hwthread 84 - Vector length 20833328 Offset 1749999552
Group: 0 Thread 85 Global Thread 85 running on hwthread 85 - Vector length 20833328 Offset 1770832880
Group: 0 Thread 86 Global Thread 86 running on hwthread 86 - Vector length 20833328 Offset 1791666208
Group: 0 Thread 87 Global Thread 87 running on hwthread 87 - Vector length 20833328 Offset 1812499536
Group: 0 Thread 88 Global Thread 88 running on hwthread 88 - Vector length 20833328 Offset 1833332864
Group: 0 Thread 89 Global Thread 89 running on hwthread 89 - Vector length 20833328 Offset 1854166192
Group: 0 Thread 90 Global Thread 90 running on hwthread 90 - Vector length 20833328 Offset 1874999520
Group: 0 Thread 91 Global Thread 91 running on hwthread 91 - Vector length 20833328 Offset 1895832848
Group: 0 Thread 92 Global Thread 92 running on hwthread 92 - Vector length 20833328 Offset 1916666176
Group: 0 Thread 93 Global Thread 93 running on hwthread 93 - Vector length 20833328 Offset 1937499504
Group: 0 Thread 94 Global Thread 94 running on hwthread 94 - Vector length 20833328 Offset 1958332832
Group: 0 Thread 95 Global Thread 95 running on hwthread 95 - Vector length 20833328 Offset 1979166160
Group: 0 Thread 96 Global Thread 96 running on hwthread 96 - Vector length 20833328 Offset 1999999488
Group: 0 Thread 97 Global Thread 97 running on hwthread 97 - Vector length 20833328 Offset 2020832816
Group: 0 Thread 98 Global Thread 98 running on hwthread 98 - Vector length 20833328 Offset 2041666144
Group: 0 Thread 99 Global Thread 99 running on hwthread 99 - Vector length 20833328 Offset 2062499472
Group: 0 Thread 100 Global Thread 100 running on hwthread 100 - Vector length 20833328 Offset 2083332800
Group: 0 Thread 101 Global Thread 101 running on hwthread 101 - Vector length 20833328 Offset 2104166128
Group: 0 Thread 102 Global Thread 102 running on hwthread 102 - Vector length 20833328 Offset 2124999456
Group: 0 Thread 103 Global Thread 103 running on hwthread 103 - Vector length 20833328 Offset 2145832784
Group: 0 Thread 104 Global Thread 104 running on hwthread 104 - Vector length 20833328 Offset 2166666112
Group: 0 Thread 105 Global Thread 105 running on hwthread 105 - Vector length 20833328 Offset 2187499440
Group: 0 Thread 106 Global Thread 106 running on hwthread 106 - Vector length 20833328 Offset 2208332768
Group: 0 Thread 107 Global Thread 107 running on hwthread 107 - Vector length 20833328 Offset 2229166096
Group: 0 Thread 108 Global Thread 108 running on hwthread 108 - Vector length 20833328 Offset 2249999424
Group: 0 Thread 109 Global Thread 109 running on hwthread 109 - Vector length 20833328 Offset 2270832752
Group: 0 Thread 110 Global Thread 110 running on hwthread 110 - Vector length 20833328 Offset 2291666080
Group: 0 Thread 111 Global Thread 111 running on hwthread 111 - Vector length 20833328 Offset 2312499408
Group: 0 Thread 112 Global Thread 112 running on hwthread 112 - Vector length 20833328 Offset 2333332736
Group: 0 Thread 113 Global Thread 113 running on hwthread 113 - Vector length 20833328 Offset 2354166064
Group: 0 Thread 114 Global Thread 114 running on hwthread 114 - Vector length 20833328 Offset 2374999392
Group: 0 Thread 115 Global Thread 115 running on hwthread 115 - Vector length 20833328 Offset 2395832720
Group: 0 Thread 116 Global Thread 116 running on hwthread 116 - Vector length 20833328 Offset 2416666048
Group: 0 Thread 117 Global Thread 117 running on hwthread 117 - Vector length 20833328 Offset 2437499376
Group: 0 Thread 118 Global Thread 118 running on hwthread 118 - Vector length 20833328 Offset 2458332704
Group: 0 Thread 119 Global Thread 119 running on hwthread 119 - Vector length 20833328 Offset 2479166032
Group: 0 Thread 120 Global Thread 120 running on hwthread 120 - Vector length 20833328 Offset 2499999360
Group: 0 Thread 121 Global Thread 121 running on hwthread 121 - Vector length 20833328 Offset 2520832688
Group: 0 Thread 122 Global Thread 122 running on hwthread 122 - Vector length 20833328 Offset 2541666016
Group: 0 Thread 123 Global Thread 123 running on hwthread 123 - Vector length 20833328 Offset 2562499344
Group: 0 Thread 124 Global Thread 124 running on hwthread 124 - Vector length 20833328 Offset 2583332672
Group: 0 Thread 125 Global Thread 125 running on hwthread 125 - Vector length 20833328 Offset 2604166000
Group: 0 Thread 126 Global Thread 126 running on hwthread 126 - Vector length 20833328 Offset 2624999328
Group: 0 Thread 127 Global Thread 127 running on hwthread 127 - Vector length 20833328 Offset 2645832656
--------------------------------------------------------------------------------
Cycles:			23655607206
CPU Clock:		2445387212
Cycle Clock:		2445387212
Time:			9.673563e+00 sec
Iterations:		6400
Iterations per thread:	50
Inner loop executions:	1302083
Size (Byte):		63999983616
Size per thread:	499999872
Number of Flops:	266666598400
MFlops/s:		27566.53
Data volume (Byte):	3199999180800
MByte/s:		330798.40
Cycles per update:	0.177417
Cycles per cacheline:	1.419337
Loads per update:	2
Stores per update:	1
Load bytes per element:	16
Store bytes per elem.:	8
Load/store ratio:	2.00
Instructions:		124999968017
UOPs:			183333286400
--------------------------------------------------------------------------------
Writing Likwid Marker API results to file /tmp/likwid_1609891.txt
--------------------------------------------------------------------------------
Region bench, Group 1: MEM1
+-------------------+------------+------------+------------+------------+------------+------------+------------+------------+------------+------------+-------------+-------------+-------------+-------------+-------------+-------------+-------------+-------------+-------------+-------------+-------------+-------------+-------------+-------------+-------------+-------------+-------------+-------------+-------------+-------------+-------------+-------------+-------------+-------------+-------------+-------------+-------------+-------------+-------------+-------------+-------------+-------------+-------------+-------------+-------------+-------------+-------------+-------------+-------------+-------------+-------------+-------------+-------------+-------------+-------------+-------------+-------------+-------------+-------------+-------------+-------------+-------------+-------------+-------------+-------------+-------------+-------------+-------------+-------------+-------------+-------------+-------------+-------------+-------------+-------------+-------------+-------------+-------------+-------------+-------------+-------------+-------------+-------------+-------------+-------------+-------------+-------------+-------------+-------------+-------------+-------------+-------------+-------------+-------------+-------------+-------------+-------------+-------------+-------------+-------------+--------------+--------------+--------------+--------------+--------------+--------------+--------------+--------------+--------------+--------------+--------------+--------------+--------------+--------------+--------------+--------------+--------------+--------------+--------------+--------------+--------------+--------------+--------------+--------------+--------------+--------------+--------------+--------------+
|    Region Info    | HWThread 0 | HWThread 1 | HWThread 2 | HWThread 3 | HWThread 4 | HWThread 5 | HWThread 6 | HWThread 7 | HWThread 8 | HWThread 9 | HWThread 10 | HWThread 11 | HWThread 12 | HWThread 13 | HWThread 14 | HWThread 15 | HWThread 16 | HWThread 17 | HWThread 18 | HWThread 19 | HWThread 20 | HWThread 21 | HWThread 22 | HWThread 23 | HWThread 24 | HWThread 25 | HWThread 26 | HWThread 27 | HWThread 28 | HWThread 29 | HWThread 30 | HWThread 31 | HWThread 32 | HWThread 33 | HWThread 34 | HWThread 35 | HWThread 36 | HWThread 37 | HWThread 38 | HWThread 39 | HWThread 40 | HWThread 41 | HWThread 42 | HWThread 43 | HWThread 44 | HWThread 45 | HWThread 46 | HWThread 47 | HWThread 48 | HWThread 49 | HWThread 50 | HWThread 51 | HWThread 52 | HWThread 53 | HWThread 54 | HWThread 55 | HWThread 56 | HWThread 57 | HWThread 58 | HWThread 59 | HWThread 60 | HWThread 61 | HWThread 62 | HWThread 63 | HWThread 64 | HWThread 65 | HWThread 66 | HWThread 67 | HWThread 68 | HWThread 69 | HWThread 70 | HWThread 71 | HWThread 72 | HWThread 73 | HWThread 74 | HWThread 75 | HWThread 76 | HWThread 77 | HWThread 78 | HWThread 79 | HWThread 80 | HWThread 81 | HWThread 82 | HWThread 83 | HWThread 84 | HWThread 85 | HWThread 86 | HWThread 87 | HWThread 88 | HWThread 89 | HWThread 90 | HWThread 91 | HWThread 92 | HWThread 93 | HWThread 94 | HWThread 95 | HWThread 96 | HWThread 97 | HWThread 98 | HWThread 99 | HWThread 100 | HWThread 101 | HWThread 102 | HWThread 103 | HWThread 104 | HWThread 105 | HWThread 106 | HWThread 107 | HWThread 108 | HWThread 109 | HWThread 110 | HWThread 111 | HWThread 112 | HWThread 113 | HWThread 114 | HWThread 115 | HWThread 116 | HWThread 117 | HWThread 118 | HWThread 119 | HWThread 120 | HWThread 121 | HWThread 122 | HWThread 123 | HWThread 124 | HWThread 125 | HWThread 126 | HWThread 127 |
+-------------------+------------+------------+------------+------------+------------+------------+------------+------------+------------+------------+-------------+-------------+-------------+-------------+-------------+-------------+-------------+-------------+-------------+-------------+-------------+-------------+-------------+-------------+-------------+-------------+-------------+-------------+-------------+-------------+-------------+-------------+-------------+-------------+-------------+-------------+-------------+-------------+-------------+-------------+-------------+-------------+-------------+-------------+-------------+-------------+-------------+-------------+-------------+-------------+-------------+-------------+-------------+-------------+-------------+-------------+-------------+-------------+-------------+-------------+-------------+-------------+-------------+-------------+-------------+-------------+-------------+-------------+-------------+-------------+-------------+-------------+-------------+-------------+-------------+-------------+-------------+-------------+-------------+-------------+-------------+-------------+-------------+-------------+-------------+-------------+-------------+-------------+-------------+-------------+-------------+-------------+-------------+-------------+-------------+-------------+-------------+-------------+-------------+-------------+--------------+--------------+--------------+--------------+--------------+--------------+--------------+--------------+--------------+--------------+--------------+--------------+--------------+--------------+--------------+--------------+--------------+--------------+--------------+--------------+--------------+--------------+--------------+--------------+--------------+--------------+--------------+--------------+
| RDTSC Runtime [s] |   9.673039 |   9.673565 |   9.673407 |   9.673204 |   9.673204 |   9.673244 |   9.673196 |   9.673526 |   9.673467 |   9.673409 |    9.673260 |    9.673164 |    9.673260 |    9.673450 |    9.673265 |    9.673266 |    9.673199 |    9.673199 |    9.673196 |    9.673200 |    9.673197 |    9.673258 |    9.673197 |    9.673200 |    9.673315 |    9.673172 |    9.673260 |    9.673173 |    9.673260 |    9.673289 |    9.673171 |    9.673167 |    9.673210 |    9.673209 |    9.673237 |    9.673211 |    9.673236 |    9.673149 |    9.673248 |    9.673304 |    9.673238 |    9.673270 |    9.673269 |    9.673268 |    9.673247 |    9.673268 |    9.673265 |    9.673270 |    9.673535 |    9.673494 |    9.673179 |    9.673480 |    9.673214 |    9.673155 |    9.673498 |    9.673543 |    9.673264 |    9.673295 |    9.673297 |    9.673291 |    9.673290 |    9.673293 |    9.673289 |    9.673236 |    9.673012 |    9.673246 |    9.673211 |    9.673159 |    9.673219 |    9.673280 |    9.673246 |    9.673280 |    9.673231 |    9.673278 |    9.673201 |    9.673176 |    9.673266 |    9.673165 |    9.673251 |    9.673264 |    9.673162 |    9.673167 |    9.673186 |    9.673232 |    9.673201 |    9.673272 |    9.673151 |    9.673272 |    9.673254 |    9.673258 |    9.673267 |    9.673198 |    9.673216 |    9.673157 |    9.673289 |    9.673297 |    9.673299 |    9.673155 |    9.673310 |    9.673261 |     9.673259 |     9.673172 |     9.673156 |     9.673147 |     9.673167 |     9.673174 |     9.673167 |     9.673260 |     9.673174 |     9.673162 |     9.673276 |     9.673167 |     9.673161 |     9.673113 |     9.673210 |     9.673302 |     9.673303 |     9.673302 |     9.673301 |     9.673163 |     9.673282 |     9.673229 |     9.673293 |     9.673291 |     9.673204 |     9.673228 |     9.673292 |     9.673293 |
|     call count    |          1 |          1 |          1 |          1 |          1 |          1 |          1 |          1 |          1 |          1 |           1 |           1 |           1 |           1 |           1 |           1 |           1 |           1 |           1 |           1 |           1 |           1 |           1 |           1 |           1 |           1 |           1 |           1 |           1 |           1 |           1 |           1 |           1 |           1 |           1 |           1 |           1 |           1 |           1 |           1 |           1 |           1 |           1 |           1 |           1 |           1 |           1 |           1 |           1 |           1 |           1 |           1 |           1 |           1 |           1 |           1 |           1 |           1 |           1 |           1 |           1 |           1 |           1 |           1 |           1 |           1 |           1 |           1 |           1 |           1 |           1 |           1 |           1 |           1 |           1 |           1 |           1 |           1 |           1 |           1 |           1 |           1 |           1 |           1 |           1 |           1 |           1 |           1 |           1 |           1 |           1 |           1 |           1 |           1 |           1 |           1 |           1 |           1 |           1 |           1 |            1 |            1 |            1 |            1 |            1 |            1 |            1 |            1 |            1 |            1 |            1 |            1 |            1 |            1 |            1 |            1 |            1 |            1 |            1 |            1 |            1 |            1 |            1 |            1 |            1 |            1 |            1 |            1 |
+-------------------+------------+------------+------------+------------+------------+------------+------------+------------+------------+------------+-------------+-------------+-------------+-------------+-------------+-------------+-------------+-------------+-------------+-------------+-------------+-------------+-------------+-------------+-------------+-------------+-------------+-------------+-------------+-------------+-------------+-------------+-------------+-------------+-------------+-------------+-------------+-------------+-------------+-------------+-------------+-------------+-------------+-------------+-------------+-------------+-------------+-------------+-------------+-------------+-------------+-------------+-------------+-------------+-------------+-------------+-------------+-------------+-------------+-------------+-------------+-------------+-------------+-------------+-------------+-------------+-------------+-------------+-------------+-------------+-------------+-------------+-------------+-------------+-------------+-------------+-------------+-------------+-------------+-------------+-------------+-------------+-------------+-------------+-------------+-------------+-------------+-------------+-------------+-------------+-------------+-------------+-------------+-------------+-------------+-------------+-------------+-------------+-------------+-------------+--------------+--------------+--------------+--------------+--------------+--------------+--------------+--------------+--------------+--------------+--------------+--------------+--------------+--------------+--------------+--------------+--------------+--------------+--------------+--------------+--------------+--------------+--------------+--------------+--------------+--------------+--------------+--------------+

+----------------------+---------+-------------+-------------+-------------+-------------+-------------+-------------+-------------+-------------+-------------+-------------+-------------+-------------+-------------+-------------+-------------+-------------+-------------+-------------+-------------+-------------+-------------+-------------+-------------+-------------+-------------+-------------+-------------+-------------+-------------+-------------+-------------+-------------+-------------+-------------+-------------+-------------+-------------+-------------+-------------+-------------+-------------+-------------+-------------+-------------+-------------+-------------+-------------+-------------+-------------+-------------+-------------+-------------+-------------+-------------+-------------+-------------+-------------+-------------+-------------+-------------+-------------+-------------+-------------+-------------+-------------+-------------+-------------+-------------+-------------+-------------+-------------+-------------+-------------+-------------+-------------+-------------+-------------+-------------+-------------+-------------+-------------+-------------+-------------+-------------+-------------+-------------+-------------+-------------+-------------+-------------+-------------+-------------+-------------+-------------+-------------+-------------+-------------+-------------+-------------+-------------+--------------+--------------+--------------+--------------+--------------+--------------+--------------+--------------+--------------+--------------+--------------+--------------+--------------+--------------+--------------+--------------+--------------+--------------+--------------+--------------+--------------+--------------+--------------+--------------+--------------+--------------+--------------+--------------+
|         Event        | Counter |  HWThread 0 |  HWThread 1 |  HWThread 2 |  HWThread 3 |  HWThread 4 |  HWThread 5 |  HWThread 6 |  HWThread 7 |  HWThread 8 |  HWThread 9 | HWThread 10 | HWThread 11 | HWThread 12 | HWThread 13 | HWThread 14 | HWThread 15 | HWThread 16 | HWThread 17 | HWThread 18 | HWThread 19 | HWThread 20 | HWThread 21 | HWThread 22 | HWThread 23 | HWThread 24 | HWThread 25 | HWThread 26 | HWThread 27 | HWThread 28 | HWThread 29 | HWThread 30 | HWThread 31 | HWThread 32 | HWThread 33 | HWThread 34 | HWThread 35 | HWThread 36 | HWThread 37 | HWThread 38 | HWThread 39 | HWThread 40 | HWThread 41 | HWThread 42 | HWThread 43 | HWThread 44 | HWThread 45 | HWThread 46 | HWThread 47 | HWThread 48 | HWThread 49 | HWThread 50 | HWThread 51 | HWThread 52 | HWThread 53 | HWThread 54 | HWThread 55 | HWThread 56 | HWThread 57 | HWThread 58 | HWThread 59 | HWThread 60 | HWThread 61 | HWThread 62 | HWThread 63 | HWThread 64 | HWThread 65 | HWThread 66 | HWThread 67 | HWThread 68 | HWThread 69 | HWThread 70 | HWThread 71 | HWThread 72 | HWThread 73 | HWThread 74 | HWThread 75 | HWThread 76 | HWThread 77 | HWThread 78 | HWThread 79 | HWThread 80 | HWThread 81 | HWThread 82 | HWThread 83 | HWThread 84 | HWThread 85 | HWThread 86 | HWThread 87 | HWThread 88 | HWThread 89 | HWThread 90 | HWThread 91 | HWThread 92 | HWThread 93 | HWThread 94 | HWThread 95 | HWThread 96 | HWThread 97 | HWThread 98 | HWThread 99 | HWThread 100 | HWThread 101 | HWThread 102 | HWThread 103 | HWThread 104 | HWThread 105 | HWThread 106 | HWThread 107 | HWThread 108 | HWThread 109 | HWThread 110 | HWThread 111 | HWThread 112 | HWThread 113 | HWThread 114 | HWThread 115 | HWThread 116 | HWThread 117 | HWThread 118 | HWThread 119 | HWThread 120 | HWThread 121 | HWThread 122 | HWThread 123 | HWThread 124 | HWThread 125 | HWThread 126 | HWThread 127 |
+----------------------+---------+-------------+-------------+-------------+-------------+-------------+-------------+-------------+-------------+-------------+-------------+-------------+-------------+-------------+-------------+-------------+-------------+-------------+-------------+-------------+-------------+-------------+-------------+-------------+-------------+-------------+-------------+-------------+-------------+-------------+-------------+-------------+-------------+-------------+-------------+-------------+-------------+-------------+-------------+-------------+-------------+-------------+-------------+-------------+-------------+-------------+-------------+-------------+-------------+-------------+-------------+-------------+-------------+-------------+-------------+-------------+-------------+-------------+-------------+-------------+-------------+-------------+-------------+-------------+-------------+-------------+-------------+-------------+-------------+-------------+-------------+-------------+-------------+-------------+-------------+-------------+-------------+-------------+-------------+-------------+-------------+-------------+-------------+-------------+-------------+-------------+-------------+-------------+-------------+-------------+-------------+-------------+-------------+-------------+-------------+-------------+-------------+-------------+-------------+-------------+-------------+--------------+--------------+--------------+--------------+--------------+--------------+--------------+--------------+--------------+--------------+--------------+--------------+--------------+--------------+--------------+--------------+--------------+--------------+--------------+--------------+--------------+--------------+--------------+--------------+--------------+--------------+--------------+--------------+
|   ACTUAL_CPU_CLOCK   |  FIXC1  | 31372930000 | 31379180000 | 31374350000 | 31377150000 | 31378110000 | 31376090000 | 31376220000 | 31376220000 | 31375410000 | 31374610000 | 31376320000 | 31374990000 | 31374080000 | 31378280000 | 31375350000 | 31374990000 | 31377280000 | 31374580000 | 31372240000 | 31371700000 | 31378540000 | 31373240000 | 31373430000 | 31375480000 | 31373640000 | 31371940000 | 31374360000 | 31372220000 | 31374370000 | 31377020000 | 31372600000 | 31373890000 | 31369980000 | 31371310000 | 31371850000 | 31374140000 | 31374030000 | 31374970000 | 31376410000 | 31375650000 | 31370030000 | 31375850000 | 31375800000 | 31375690000 | 31375010000 | 31377080000 | 31376450000 | 31377200000 | 31375180000 | 31378330000 | 31374780000 | 31373010000 | 31375280000 | 31371710000 | 31373120000 | 31371930000 | 31373970000 | 31375830000 | 31375340000 | 31375590000 | 31373040000 | 31374880000 | 31372490000 | 31375670000 | 31375640000 | 31377110000 | 31377030000 | 31377470000 | 31373770000 | 31376500000 | 31377260000 | 31377670000 | 31377630000 | 31377010000 | 31377550000 | 31375550000 | 31376400000 | 31376580000 | 31377060000 | 31378120000 | 31375920000 | 31376170000 | 31375020000 | 31376840000 | 31373950000 | 31377160000 | 31373930000 | 31377020000 | 31376050000 | 31371090000 | 31377380000 | 31376380000 | 31374980000 | 31371970000 | 31377510000 | 31373810000 | 31374210000 | 31377740000 | 31373370000 | 31375980000 |  31376340000 |  31373700000 |  31374010000 |  31374600000 |  31378450000 |  31377580000 |  31372080000 |  31377360000 |  31376820000 |  31376100000 |  31374270000 |  31374750000 |  31375220000 |  31373240000 |  31374710000 |  31377060000 |  31375010000 |  31372500000 |  31374440000 |  31373690000 |  31374940000 |  31370630000 |  31373260000 |  31373070000 |  31372170000 |  31372900000 |  31375590000 |  31374730000 |
|     MAX_CPU_CLOCK    |  FIXC2  | 23657070000 | 23657770000 | 23657920000 | 23657120000 | 23657190000 | 23656970000 | 23657130000 | 23657810000 | 23658150000 | 23657770000 | 23657120000 | 23657130000 | 23657490000 | 23658290000 | 23657040000 | 23657080000 | 23656350000 | 23656370000 | 23656370000 | 23656350000 | 23656360000 | 23656230000 | 23656350000 | 23656400000 | 23656350000 | 23656360000 | 23656240000 | 23656350000 | 23656280000 | 23656300000 | 23656370000 | 23656330000 | 23657400000 | 23657410000 | 23657360000 | 23657130000 | 23657360000 | 23657340000 | 23657590000 | 23657220000 | 23657200000 | 23656920000 | 23656930000 | 23657270000 | 23657170000 | 23656900000 | 23657220000 | 23657190000 | 23656790000 | 23656810000 | 23656390000 | 23656760000 | 23656280000 | 23656340000 | 23656830000 | 23656860000 | 23656600000 | 23656600000 | 23656640000 | 23656630000 | 23656320000 | 23656620000 | 23656330000 | 23656530000 | 23657550000 | 23657690000 | 23657620000 | 23657580000 | 23657630000 | 23657150000 | 23657650000 | 23657150000 | 23657720000 | 23657830000 | 23657720000 | 23657680000 | 23657830000 | 23657680000 | 23657750000 | 23657830000 | 23657660000 | 23657610000 | 23657670000 | 23657720000 | 23657640000 | 23657540000 | 23657620000 | 23657550000 | 23657740000 | 23657790000 | 23657510000 | 23657650000 | 23657650000 | 23657610000 | 23657510000 | 23657560000 | 23657290000 | 23656510000 | 23657160000 | 23657250000 |  23657250000 |  23657320000 |  23657230000 |  23656800000 |  23657560000 |  23657460000 |  23657440000 |  23657750000 |  23657560000 |  23657290000 |  23657520000 |  23657470000 |  23657310000 |  23656810000 |  23657110000 |  23657290000 |  23657060000 |  23657030000 |  23657530000 |  23657080000 |  23657030000 |  23657190000 |  23657350000 |  23657040000 |  23657140000 |  23657190000 |  23657040000 |  23657040000 |
| RETIRED_INSTRUCTIONS |   PMC0  |  1053384000 |  1027615000 |  1014950000 |  1014279000 |  1007629000 |  1007324000 |  1007086000 |  1005749000 |   983071400 |   987114400 |   983545000 |   982298300 |   978439500 |   981169500 |   977793300 |   977750000 |  1023228000 |  1025637000 |  1018886000 |  1016517000 |  1010391000 |  1009080000 |  1008185000 |  1007214000 |   987565100 |   992150400 |   983350600 |   982291900 |   979689000 |   980289700 |   978849800 |   979057400 |  1029776000 |  1023605000 |  1017587000 |  1019668000 |  1009730000 |  1013260000 |  1010606000 |  1009417000 |   994185500 |   992850600 |   988111100 |   987491200 |   984582200 |   984079800 |   982899200 |   982933100 |  1024399000 |  1026156000 |  1019262000 |  1021067000 |  1013219000 |  1032241000 |  1011904000 |  1011859000 |   990942300 |   993930200 |   988063700 |   987761100 |   981761700 |   985049800 |   981896500 |   981267600 |  1029725000 |  1033481000 |  1017139000 |  1020185000 |  1012254000 |  1011917000 |  1009738000 |  1011222000 |   990029300 |   993360800 |   984239500 |   983984300 |   983608500 |   983440800 |   981773400 |   981333900 |  1024466000 |  1027765000 |  1013385000 |  1019227000 |  1007850000 |  1010387000 |  1006747000 |  1006474000 |   990738600 |   988495500 |   987883700 |   984102100 |   979330000 |   980304200 |   979896200 |   979545000 |  1023809000 |  1014611000 |  1016527000 |  1013602000 |   1005872000 |   1005304000 |   1005896000 |   1004508000 |    984898000 |    986117300 |    981073700 |    981194500 |    977205400 |    978638000 |    976941600 |    976585300 |   1020036000 |   1023448000 |   1014455000 |   1019018000 |   1011640000 |   1010385000 |   1009421000 |   1008337000 |    988925000 |    986677500 |    987356700 |    984997400 |    980265900 |    981009300 |    979577300 |    979413800 |
|  CPU_CLOCKS_UNHALTED |   PMC1  | 31080770000 | 31121980000 | 31114000000 | 31118270000 | 31115500000 | 31114730000 | 31111020000 | 31115310000 | 31104360000 | 31106870000 | 31108700000 | 31113020000 | 31103590000 | 31113830000 | 31109100000 | 31109990000 | 31113020000 | 31110100000 | 31107980000 | 31110330000 | 31118620000 | 31109620000 | 31106660000 | 31112190000 | 31109180000 | 31108250000 | 31113190000 | 31106470000 | 31109370000 | 31112940000 | 31109780000 | 31109860000 | 31100880000 | 31109950000 | 31110700000 | 31105760000 | 31104540000 | 31108030000 | 31109340000 | 31109960000 | 31108850000 | 31107670000 | 31115440000 | 31115370000 | 31113180000 | 31116460000 | 31082340000 | 31115180000 | 31118780000 | 31131310000 | 31117620000 | 31116580000 | 31120780000 | 31115360000 | 31106100000 | 31113860000 | 31107780000 | 31115160000 | 31112360000 | 31110540000 | 31105850000 | 31105070000 | 31109630000 | 31105830000 | 31109190000 | 31112350000 | 31109470000 | 31112770000 | 31106730000 | 31105700000 | 31112820000 | 31101030000 | 31101960000 | 31108070000 | 31104580000 | 31101640000 | 31104420000 | 31103030000 | 31101110000 | 31107520000 | 31108400000 | 31103450000 | 31102270000 | 31104310000 | 31099430000 | 31107370000 | 31103410000 | 31103860000 | 31107160000 | 31100080000 | 31108670000 | 31104590000 | 31097410000 | 31094200000 | 31106980000 | 31101830000 | 31103970000 | 31098700000 | 31103610000 | 31104240000 |  31105140000 |  31103430000 |  31103500000 |  31097670000 |  31110040000 |  31108670000 |  31103050000 |  31108720000 |  31107250000 |  31106640000 |  31096870000 |  31099310000 |  31099250000 |  31101540000 |  31103200000 |  31105810000 |  31104750000 |  31101420000 |  31100810000 |  31101580000 |  31102990000 |  31093860000 |  31105170000 |  31103110000 |  31101770000 |  31100020000 |  31094410000 |  31102420000 |
|    DRAM_CHANNEL_0    |   DFC0  |  3131306000 |           0 |           0 |           0 |           0 |           0 |           0 |           0 |           0 |           0 |           0 |           0 |           0 |           0 |           0 |           0 |           0 |           0 |           0 |           0 |           0 |           0 |           0 |           0 |           0 |           0 |           0 |           0 |           0 |           0 |           0 |           0 |           0 |           0 |           0 |           0 |           0 |           0 |           0 |           0 |           0 |           0 |           0 |           0 |           0 |           0 |           0 |           0 |           0 |           0 |           0 |           0 |           0 |           0 |           0 |           0 |           0 |           0 |           0 |           0 |           0 |           0 |           0 |           0 |  3129479000 |           0 |           0 |           0 |           0 |           0 |           0 |           0 |           0 |           0 |           0 |           0 |           0 |           0 |           0 |           0 |           0 |           0 |           0 |           0 |           0 |           0 |           0 |           0 |           0 |           0 |           0 |           0 |           0 |           0 |           0 |           0 |           0 |           0 |           0 |           0 |            0 |            0 |            0 |            0 |            0 |            0 |            0 |            0 |            0 |            0 |            0 |            0 |            0 |            0 |            0 |            0 |            0 |            0 |            0 |            0 |            0 |            0 |            0 |            0 |            0 |            0 |            0 |            0 |
|    DRAM_CHANNEL_1    |   DFC1  |  3131214000 |           0 |           0 |           0 |           0 |           0 |           0 |           0 |           0 |           0 |           0 |           0 |           0 |           0 |           0 |           0 |           0 |           0 |           0 |           0 |           0 |           0 |           0 |           0 |           0 |           0 |           0 |           0 |           0 |           0 |           0 |           0 |           0 |           0 |           0 |           0 |           0 |           0 |           0 |           0 |           0 |           0 |           0 |           0 |           0 |           0 |           0 |           0 |           0 |           0 |           0 |           0 |           0 |           0 |           0 |           0 |           0 |           0 |           0 |           0 |           0 |           0 |           0 |           0 |  3129476000 |           0 |           0 |           0 |           0 |           0 |           0 |           0 |           0 |           0 |           0 |           0 |           0 |           0 |           0 |           0 |           0 |           0 |           0 |           0 |           0 |           0 |           0 |           0 |           0 |           0 |           0 |           0 |           0 |           0 |           0 |           0 |           0 |           0 |           0 |           0 |            0 |            0 |            0 |            0 |            0 |            0 |            0 |            0 |            0 |            0 |            0 |            0 |            0 |            0 |            0 |            0 |            0 |            0 |            0 |            0 |            0 |            0 |            0 |            0 |            0 |            0 |            0 |            0 |
|    DRAM_CHANNEL_2    |   DFC2  |  3130010000 |           0 |           0 |           0 |           0 |           0 |           0 |           0 |           0 |           0 |           0 |           0 |           0 |           0 |           0 |           0 |           0 |           0 |           0 |           0 |           0 |           0 |           0 |           0 |           0 |           0 |           0 |           0 |           0 |           0 |           0 |           0 |           0 |           0 |           0 |           0 |           0 |           0 |           0 |           0 |           0 |           0 |           0 |           0 |           0 |           0 |           0 |           0 |           0 |           0 |           0 |           0 |           0 |           0 |           0 |           0 |           0 |           0 |           0 |           0 |           0 |           0 |           0 |           0 |  3129970000 |           0 |           0 |           0 |           0 |           0 |           0 |           0 |           0 |           0 |           0 |           0 |           0 |           0 |           0 |           0 |           0 |           0 |           0 |           0 |           0 |           0 |           0 |           0 |           0 |           0 |           0 |           0 |           0 |           0 |           0 |           0 |           0 |           0 |           0 |           0 |            0 |            0 |            0 |            0 |            0 |            0 |            0 |            0 |            0 |            0 |            0 |            0 |            0 |            0 |            0 |            0 |            0 |            0 |            0 |            0 |            0 |            0 |            0 |            0 |            0 |            0 |            0 |            0 |
|    DRAM_CHANNEL_3    |   DFC3  |  3130030000 |           0 |           0 |           0 |           0 |           0 |           0 |           0 |           0 |           0 |           0 |           0 |           0 |           0 |           0 |           0 |           0 |           0 |           0 |           0 |           0 |           0 |           0 |           0 |           0 |           0 |           0 |           0 |           0 |           0 |           0 |           0 |           0 |           0 |           0 |           0 |           0 |           0 |           0 |           0 |           0 |           0 |           0 |           0 |           0 |           0 |           0 |           0 |           0 |           0 |           0 |           0 |           0 |           0 |           0 |           0 |           0 |           0 |           0 |           0 |           0 |           0 |           0 |           0 |  3130037000 |           0 |           0 |           0 |           0 |           0 |           0 |           0 |           0 |           0 |           0 |           0 |           0 |           0 |           0 |           0 |           0 |           0 |           0 |           0 |           0 |           0 |           0 |           0 |           0 |           0 |           0 |           0 |           0 |           0 |           0 |           0 |           0 |           0 |           0 |           0 |            0 |            0 |            0 |            0 |            0 |            0 |            0 |            0 |            0 |            0 |            0 |            0 |            0 |            0 |            0 |            0 |            0 |            0 |            0 |            0 |            0 |            0 |            0 |            0 |            0 |            0 |            0 |            0 |
+----------------------+---------+-------------+-------------+-------------+-------------+-------------+-------------+-------------+-------------+-------------+-------------+-------------+-------------+-------------+-------------+-------------+-------------+-------------+-------------+-------------+-------------+-------------+-------------+-------------+-------------+-------------+-------------+-------------+-------------+-------------+-------------+-------------+-------------+-------------+-------------+-------------+-------------+-------------+-------------+-------------+-------------+-------------+-------------+-------------+-------------+-------------+-------------+-------------+-------------+-------------+-------------+-------------+-------------+-------------+-------------+-------------+-------------+-------------+-------------+-------------+-------------+-------------+-------------+-------------+-------------+-------------+-------------+-------------+-------------+-------------+-------------+-------------+-------------+-------------+-------------+-------------+-------------+-------------+-------------+-------------+-------------+-------------+-------------+-------------+-------------+-------------+-------------+-------------+-------------+-------------+-------------+-------------+-------------+-------------+-------------+-------------+-------------+-------------+-------------+-------------+-------------+--------------+--------------+--------------+--------------+--------------+--------------+--------------+--------------+--------------+--------------+--------------+--------------+--------------+--------------+--------------+--------------+--------------+--------------+--------------+--------------+--------------+--------------+--------------+--------------+--------------+--------------+--------------+--------------+

+---------------------------+---------+---------------+-------------+-------------+--------------+
|           Event           | Counter |      Sum      |     Min     |     Max     |      Avg     |
+---------------------------+---------+---------------+-------------+-------------+--------------+
|   ACTUAL_CPU_CLOCK STAT   |  FIXC1  | 4016006460000 | 31369980000 | 31379180000 | 3.137505e+10 |
|     MAX_CPU_CLOCK STAT    |  FIXC2  | 3028116540000 | 23656230000 | 23658290000 | 2.365716e+10 |
| RETIRED_INSTRUCTIONS STAT |   PMC0  |  127984914400 |   976585300 |  1053384000 | 9.998821e+08 |
|  CPU_CLOCKS_UNHALTED STAT |   PMC1  | 3981713590000 | 31080770000 | 31131310000 | 3.110714e+10 |
|    DRAM_CHANNEL_0 STAT    |   DFC0  |    6260785000 |           0 |  3131306000 | 4.891238e+07 |
|    DRAM_CHANNEL_1 STAT    |   DFC1  |    6260690000 |           0 |  3131214000 | 4.891164e+07 |
|    DRAM_CHANNEL_2 STAT    |   DFC2  |    6259980000 |           0 |  3130010000 | 4.890609e+07 |
|    DRAM_CHANNEL_3 STAT    |   DFC3  |    6260067000 |           0 |  3130037000 | 4.890677e+07 |
+---------------------------+---------+---------------+-------------+-------------+--------------+

+--------------------------------------------+------------+------------+------------+------------+------------+------------+------------+------------+------------+------------+-------------+-------------+-------------+-------------+-------------+-------------+-------------+-------------+-------------+-------------+-------------+-------------+-------------+-------------+-------------+-------------+-------------+-------------+-------------+-------------+-------------+-------------+-------------+-------------+-------------+-------------+-------------+-------------+-------------+-------------+-------------+-------------+-------------+-------------+-------------+-------------+-------------+-------------+-------------+-------------+-------------+-------------+-------------+-------------+-------------+-------------+-------------+-------------+-------------+-------------+-------------+-------------+-------------+-------------+-------------+-------------+-------------+-------------+-------------+-------------+-------------+-------------+-------------+-------------+-------------+-------------+-------------+-------------+-------------+-------------+-------------+-------------+-------------+-------------+-------------+-------------+-------------+-------------+-------------+-------------+-------------+-------------+-------------+-------------+-------------+-------------+-------------+-------------+-------------+-------------+--------------+--------------+--------------+--------------+--------------+--------------+--------------+--------------+--------------+--------------+--------------+--------------+--------------+--------------+--------------+--------------+--------------+--------------+--------------+--------------+--------------+--------------+--------------+--------------+--------------+--------------+--------------+--------------+
|                   Metric                   | HWThread 0 | HWThread 1 | HWThread 2 | HWThread 3 | HWThread 4 | HWThread 5 | HWThread 6 | HWThread 7 | HWThread 8 | HWThread 9 | HWThread 10 | HWThread 11 | HWThread 12 | HWThread 13 | HWThread 14 | HWThread 15 | HWThread 16 | HWThread 17 | HWThread 18 | HWThread 19 | HWThread 20 | HWThread 21 | HWThread 22 | HWThread 23 | HWThread 24 | HWThread 25 | HWThread 26 | HWThread 27 | HWThread 28 | HWThread 29 | HWThread 30 | HWThread 31 | HWThread 32 | HWThread 33 | HWThread 34 | HWThread 35 | HWThread 36 | HWThread 37 | HWThread 38 | HWThread 39 | HWThread 40 | HWThread 41 | HWThread 42 | HWThread 43 | HWThread 44 | HWThread 45 | HWThread 46 | HWThread 47 | HWThread 48 | HWThread 49 | HWThread 50 | HWThread 51 | HWThread 52 | HWThread 53 | HWThread 54 | HWThread 55 | HWThread 56 | HWThread 57 | HWThread 58 | HWThread 59 | HWThread 60 | HWThread 61 | HWThread 62 | HWThread 63 | HWThread 64 | HWThread 65 | HWThread 66 | HWThread 67 | HWThread 68 | HWThread 69 | HWThread 70 | HWThread 71 | HWThread 72 | HWThread 73 | HWThread 74 | HWThread 75 | HWThread 76 | HWThread 77 | HWThread 78 | HWThread 79 | HWThread 80 | HWThread 81 | HWThread 82 | HWThread 83 | HWThread 84 | HWThread 85 | HWThread 86 | HWThread 87 | HWThread 88 | HWThread 89 | HWThread 90 | HWThread 91 | HWThread 92 | HWThread 93 | HWThread 94 | HWThread 95 | HWThread 96 | HWThread 97 | HWThread 98 | HWThread 99 | HWThread 100 | HWThread 101 | HWThread 102 | HWThread 103 | HWThread 104 | HWThread 105 | HWThread 106 | HWThread 107 | HWThread 108 | HWThread 109 | HWThread 110 | HWThread 111 | HWThread 112 | HWThread 113 | HWThread 114 | HWThread 115 | HWThread 116 | HWThread 117 | HWThread 118 | HWThread 119 | HWThread 120 | HWThread 121 | HWThread 122 | HWThread 123 | HWThread 124 | HWThread 125 | HWThread 126 | HWThread 127 |
+--------------------------------------------+------------+------------+------------+------------+------------+------------+------------+------------+------------+------------+-------------+-------------+-------------+-------------+-------------+-------------+-------------+-------------+-------------+-------------+-------------+-------------+-------------+-------------+-------------+-------------+-------------+-------------+-------------+-------------+-------------+-------------+-------------+-------------+-------------+-------------+-------------+-------------+-------------+-------------+-------------+-------------+-------------+-------------+-------------+-------------+-------------+-------------+-------------+-------------+-------------+-------------+-------------+-------------+-------------+-------------+-------------+-------------+-------------+-------------+-------------+-------------+-------------+-------------+-------------+-------------+-------------+-------------+-------------+-------------+-------------+-------------+-------------+-------------+-------------+-------------+-------------+-------------+-------------+-------------+-------------+-------------+-------------+-------------+-------------+-------------+-------------+-------------+-------------+-------------+-------------+-------------+-------------+-------------+-------------+-------------+-------------+-------------+-------------+-------------+--------------+--------------+--------------+--------------+--------------+--------------+--------------+--------------+--------------+--------------+--------------+--------------+--------------+--------------+--------------+--------------+--------------+--------------+--------------+--------------+--------------+--------------+--------------+--------------+--------------+--------------+--------------+--------------+
|             Runtime (RDTSC) [s]            |     9.6730 |     9.6736 |     9.6734 |     9.6732 |     9.6732 |     9.6732 |     9.6732 |     9.6735 |     9.6735 |     9.6734 |      9.6733 |      9.6732 |      9.6733 |      9.6735 |      9.6733 |      9.6733 |      9.6732 |      9.6732 |      9.6732 |      9.6732 |      9.6732 |      9.6733 |      9.6732 |      9.6732 |      9.6733 |      9.6732 |      9.6733 |      9.6732 |      9.6733 |      9.6733 |      9.6732 |      9.6732 |      9.6732 |      9.6732 |      9.6732 |      9.6732 |      9.6732 |      9.6731 |      9.6732 |      9.6733 |      9.6732 |      9.6733 |      9.6733 |      9.6733 |      9.6732 |      9.6733 |      9.6733 |      9.6733 |      9.6735 |      9.6735 |      9.6732 |      9.6735 |      9.6732 |      9.6732 |      9.6735 |      9.6735 |      9.6733 |      9.6733 |      9.6733 |      9.6733 |      9.6733 |      9.6733 |      9.6733 |      9.6732 |      9.6730 |      9.6732 |      9.6732 |      9.6732 |      9.6732 |      9.6733 |      9.6732 |      9.6733 |      9.6732 |      9.6733 |      9.6732 |      9.6732 |      9.6733 |      9.6732 |      9.6733 |      9.6733 |      9.6732 |      9.6732 |      9.6732 |      9.6732 |      9.6732 |      9.6733 |      9.6732 |      9.6733 |      9.6733 |      9.6733 |      9.6733 |      9.6732 |      9.6732 |      9.6732 |      9.6733 |      9.6733 |      9.6733 |      9.6732 |      9.6733 |      9.6733 |       9.6733 |       9.6732 |       9.6732 |       9.6731 |       9.6732 |       9.6732 |       9.6732 |       9.6733 |       9.6732 |       9.6732 |       9.6733 |       9.6732 |       9.6732 |       9.6731 |       9.6732 |       9.6733 |       9.6733 |       9.6733 |       9.6733 |       9.6732 |       9.6733 |       9.6732 |       9.6733 |       9.6733 |       9.6732 |       9.6732 |       9.6733 |       9.6733 |
|            Runtime unhalted [s]            |    12.8298 |    12.8323 |    12.8303 |    12.8315 |    12.8319 |    12.8311 |    12.8311 |    12.8311 |    12.8308 |    12.8304 |     12.8311 |     12.8306 |     12.8302 |     12.8319 |     12.8307 |     12.8306 |     12.8315 |     12.8304 |     12.8295 |     12.8293 |     12.8321 |     12.8299 |     12.8300 |     12.8308 |     12.8301 |     12.8294 |     12.8303 |     12.8295 |     12.8303 |     12.8314 |     12.8296 |     12.8302 |     12.8286 |     12.8291 |     12.8293 |     12.8303 |     12.8302 |     12.8306 |     12.8312 |     12.8309 |     12.8286 |     12.8310 |     12.8309 |     12.8309 |     12.8306 |     12.8315 |     12.8312 |     12.8315 |     12.8307 |     12.8320 |     12.8305 |     12.8298 |     12.8307 |     12.8293 |     12.8298 |     12.8294 |     12.8302 |     12.8309 |     12.8307 |     12.8308 |     12.8298 |     12.8306 |     12.8296 |     12.8309 |     12.8309 |     12.8315 |     12.8314 |     12.8316 |     12.8301 |     12.8312 |     12.8315 |     12.8317 |     12.8317 |     12.8314 |     12.8316 |     12.8308 |     12.8312 |     12.8313 |     12.8314 |     12.8319 |     12.8310 |     12.8311 |     12.8306 |     12.8314 |     12.8302 |     12.8315 |     12.8302 |     12.8314 |     12.8310 |     12.8290 |     12.8316 |     12.8312 |     12.8306 |     12.8294 |     12.8316 |     12.8301 |     12.8303 |     12.8317 |     12.8299 |     12.8310 |      12.8312 |      12.8301 |      12.8302 |      12.8304 |      12.8320 |      12.8317 |      12.8294 |      12.8316 |      12.8314 |      12.8311 |      12.8303 |      12.8305 |      12.8307 |      12.8299 |      12.8305 |      12.8314 |      12.8306 |      12.8296 |      12.8304 |      12.8301 |      12.8306 |      12.8288 |      12.8299 |      12.8298 |      12.8294 |      12.8297 |      12.8308 |      12.8305 |
|                 Clock [MHz]                |  3242.8785 |  3243.4286 |  3242.9088 |  3243.3079 |  3243.3975 |  3243.2189 |  3243.2104 |  3243.1172 |  3242.9868 |  3242.9562 |   3243.2221 |   3243.0832 |   3242.9398 |   3243.2643 |   3243.1328 |   3243.0901 |   3243.4269 |   3243.1450 |   3242.9032 |   3242.8501 |   3243.5558 |   3243.0257 |   3243.0289 |   3243.2340 |   3243.0506 |   3242.8735 |   3243.1401 |   3242.9038 |   3243.1357 |   3243.4069 |   3242.9404 |   3243.0792 |   3242.5284 |   3242.6645 |   3242.7271 |   3242.9954 |   3242.9525 |   3243.0524 |   3243.1670 |   3243.1391 |   3242.5609 |   3243.2009 |   3243.1944 |   3243.1364 |   3243.0798 |   3243.3308 |   3243.2218 |   3243.3034 |   3243.1495 |   3243.4723 |   3243.1630 |   3242.9293 |   3243.2297 |   3242.8525 |   3242.9311 |   3242.8039 |   3243.0505 |   3243.2427 |   3243.1866 |   3243.2138 |   3242.9927 |   3243.1418 |   3242.9345 |   3243.2358 |   3243.0928 |   3243.2256 |   3243.2269 |   3243.2779 |   3242.8886 |   3243.2366 |   3243.2466 |   3243.3575 |   3243.2752 |   3243.1961 |   3243.2670 |   3243.0657 |   3243.1330 |   3243.1722 |   3243.2122 |   3243.3108 |   3243.1067 |   3243.1394 |   3243.0123 |   3243.1936 |   3242.9058 |   3243.2513 |   3242.9065 |   3243.2355 |   3243.1092 |   3242.5896 |   3243.2782 |   3243.1556 |   3243.0109 |   3242.7053 |   3243.2916 |   3242.9023 |   3242.9807 |   3243.4525 |   3242.9117 |   3243.1691 |    3243.2063 |    3242.9238 |    3242.9682 |    3243.0882 |    3243.3819 |    3243.3057 |    3242.7400 |    3243.2432 |    3243.2134 |    3243.1760 |    3242.9554 |    3243.0118 |    3243.0823 |    3242.9462 |    3243.0570 |    3243.2753 |    3243.0949 |    3242.8396 |    3242.9716 |    3242.9557 |    3243.0918 |    3242.6243 |    3242.8743 |    3242.8971 |    3242.7904 |    3242.8590 |    3243.1576 |    3243.0687 |
|                     CPI                    |    29.5056 |    30.2856 |    30.6557 |    30.6802 |    30.8799 |    30.8885 |    30.8921 |    30.9375 |    31.6400 |    31.5129 |     31.6292 |     31.6737 |     31.7890 |     31.7110 |     31.8156 |     31.8179 |     30.4067 |     30.3325 |     30.5314 |     30.6048 |     30.7986 |     30.8297 |     30.8541 |     30.8894 |     31.5009 |     31.3544 |     31.6400 |     31.6672 |     31.7543 |     31.7385 |     31.7820 |     31.7753 |     30.2016 |     30.3925 |     30.5730 |     30.5058 |     30.8048 |     30.7009 |     30.7829 |     30.8197 |     31.2908 |     31.3317 |     31.4898 |     31.5095 |     31.6004 |     31.6199 |     31.6231 |     31.6554 |     30.3776 |     30.3378 |     30.5296 |     30.4746 |     30.7148 |     30.1435 |     30.7402 |     30.7492 |     31.3921 |     31.3052 |     31.4882 |     31.4960 |     31.6837 |     31.5772 |     31.6832 |     31.6996 |     30.2112 |     30.1044 |     30.5853 |     30.4972 |     30.7302 |     30.7394 |     30.8128 |     30.7559 |     31.4152 |     31.3160 |     31.6027 |     31.6079 |     31.6228 |     31.6267 |     31.6785 |     31.6992 |     30.3655 |     30.2632 |     30.6915 |     30.5175 |     30.8572 |     30.7876 |     30.8950 |     30.9038 |     31.3979 |     31.4620 |     31.4902 |     31.6071 |     31.7538 |     31.7189 |     31.7452 |     31.7513 |     30.3806 |     30.6509 |     30.5979 |     30.6868 |      30.9236 |      30.9393 |      30.9212 |      30.9581 |      31.5871 |      31.5466 |      31.7031 |      31.7049 |      31.8329 |      31.7856 |      31.8308 |      31.8449 |      30.4884 |      30.3890 |      30.6600 |      30.5253 |      30.7469 |      30.7818 |      30.8105 |      30.8444 |      31.4513 |      31.5137 |      31.5035 |      31.5768 |      31.7279 |      31.7021 |      31.7427 |      31.7562 |
| Memory bandwidth (channels 0-3) [MBytes/s] | 82853.3659 |          0 |          0 |          0 |          0 |          0 |          0 |          0 |          0 |          0 |           0 |           0 |           0 |           0 |           0 |           0 |           0 |           0 |           0 |           0 |           0 |           0 |           0 |           0 |           0 |           0 |           0 |           0 |           0 |           0 |           0 |           0 |           0 |           0 |           0 |           0 |           0 |           0 |           0 |           0 |           0 |           0 |           0 |           0 |           0 |           0 |           0 |           0 |           0 |           0 |           0 |           0 |           0 |           0 |           0 |           0 |           0 |           0 |           0 |           0 |           0 |           0 |           0 |           0 |  82829.7916 |           0 |           0 |           0 |           0 |           0 |           0 |           0 |           0 |           0 |           0 |           0 |           0 |           0 |           0 |           0 |           0 |           0 |           0 |           0 |           0 |           0 |           0 |           0 |           0 |           0 |           0 |           0 |           0 |           0 |           0 |           0 |           0 |           0 |           0 |           0 |            0 |            0 |            0 |            0 |            0 |            0 |            0 |            0 |            0 |            0 |            0 |            0 |            0 |            0 |            0 |            0 |            0 |            0 |            0 |            0 |            0 |            0 |            0 |            0 |            0 |            0 |            0 |            0 |
| Memory data volume (channels 0-3) [GBytes] |   801.4438 |          0 |          0 |          0 |          0 |          0 |          0 |          0 |          0 |          0 |           0 |           0 |           0 |           0 |           0 |           0 |           0 |           0 |           0 |           0 |           0 |           0 |           0 |           0 |           0 |           0 |           0 |           0 |           0 |           0 |           0 |           0 |           0 |           0 |           0 |           0 |           0 |           0 |           0 |           0 |           0 |           0 |           0 |           0 |           0 |           0 |           0 |           0 |           0 |           0 |           0 |           0 |           0 |           0 |           0 |           0 |           0 |           0 |           0 |           0 |           0 |           0 |           0 |           0 |    801.2136 |           0 |           0 |           0 |           0 |           0 |           0 |           0 |           0 |           0 |           0 |           0 |           0 |           0 |           0 |           0 |           0 |           0 |           0 |           0 |           0 |           0 |           0 |           0 |           0 |           0 |           0 |           0 |           0 |           0 |           0 |           0 |           0 |           0 |           0 |           0 |            0 |            0 |            0 |            0 |            0 |            0 |            0 |            0 |            0 |            0 |            0 |            0 |            0 |            0 |            0 |            0 |            0 |            0 |            0 |            0 |            0 |            0 |            0 |            0 |            0 |            0 |            0 |            0 |
+--------------------------------------------+------------+------------+------------+------------+------------+------------+------------+------------+------------+------------+-------------+-------------+-------------+-------------+-------------+-------------+-------------+-------------+-------------+-------------+-------------+-------------+-------------+-------------+-------------+-------------+-------------+-------------+-------------+-------------+-------------+-------------+-------------+-------------+-------------+-------------+-------------+-------------+-------------+-------------+-------------+-------------+-------------+-------------+-------------+-------------+-------------+-------------+-------------+-------------+-------------+-------------+-------------+-------------+-------------+-------------+-------------+-------------+-------------+-------------+-------------+-------------+-------------+-------------+-------------+-------------+-------------+-------------+-------------+-------------+-------------+-------------+-------------+-------------+-------------+-------------+-------------+-------------+-------------+-------------+-------------+-------------+-------------+-------------+-------------+-------------+-------------+-------------+-------------+-------------+-------------+-------------+-------------+-------------+-------------+-------------+-------------+-------------+-------------+-------------+--------------+--------------+--------------+--------------+--------------+--------------+--------------+--------------+--------------+--------------+--------------+--------------+--------------+--------------+--------------+--------------+--------------+--------------+--------------+--------------+--------------+--------------+--------------+--------------+--------------+--------------+--------------+--------------+

+-------------------------------------------------+-------------+-----------+------------+-----------+
|                      Metric                     |     Sum     |    Min    |     Max    |    Avg    |
+-------------------------------------------------+-------------+-----------+------------+-----------+
|             Runtime (RDTSC) [s] STAT            |   1238.1772 |    9.6730 |     9.6736 |    9.6733 |
|            Runtime unhalted [s] STAT            |   1642.3204 |   12.8286 |    12.8323 |   12.8306 |
|                 Clock [MHz] STAT                | 415114.9196 | 3242.5284 |  3243.5558 | 3243.0853 |
|                     CPI STAT                    |   3983.3964 |   29.5056 |    31.8449 |   31.1203 |
| Memory bandwidth (channels 0-3) [MBytes/s] STAT | 165683.1575 |         0 | 82853.3659 | 1294.3997 |
| Memory data volume (channels 0-3) [GBytes] STAT |   1602.6574 |         0 |   801.4438 |   12.5208 |
+-------------------------------------------------+-------------+-----------+------------+-----------+

