INFO: You are running LIKWID in a cpuset with 128 CPUs. Taking given IDs as logical ID in cpuset
--------------------------------------------------------------------------------
CPU name:	AMD EPYC 7763 64-Core Processor                
CPU type:	AMD K19 (Zen3) architecture
CPU clock:	2.45 GHz
--------------------------------------------------------------------------------
Warning: Sanitizing vector length to a multiple of the loop stride 16 and thread count 64 from 1333333333 elements (10666666664 bytes) to 1333332992 elements (10666663936 bytes)
Allocate: Process running on hwthread 0 (Domain N) - Vector length 1333332992/10666663936 Offset 0 Alignment 512
Allocate: Process running on hwthread 0 (Domain N) - Vector length 1333332992/10666663936 Offset 0 Alignment 512
Allocate: Process running on hwthread 0 (Domain N) - Vector length 1333332992/10666663936 Offset 0 Alignment 512
Initialization: Each thread in domain initializes its own stream chunks
--------------------------------------------------------------------------------
LIKWID MICRO BENCHMARK
Test: stream_mem_avx_fma
--------------------------------------------------------------------------------
Using 1 work groups
Using 64 threads
--------------------------------------------------------------------------------
Using Likwid Marker API
--------------------------------------------------------------------------------
Group: 0 Thread 0 Global Thread 0 running on hwthread 0 - Vector length 20833328 Offset 0
Group: 0 Thread 1 Global Thread 1 running on hwthread 1 - Vector length 20833328 Offset 20833328
Group: 0 Thread 2 Global Thread 2 running on hwthread 2 - Vector length 20833328 Offset 41666656
Group: 0 Thread 3 Global Thread 3 running on hwthread 3 - Vector length 20833328 Offset 62499984
Group: 0 Thread 4 Global Thread 4 running on hwthread 4 - Vector length 20833328 Offset 83333312
Group: 0 Thread 5 Global Thread 5 running on hwthread 5 - Vector length 20833328 Offset 104166640
Group: 0 Thread 6 Global Thread 6 running on hwthread 6 - Vector length 20833328 Offset 124999968
Group: 0 Thread 7 Global Thread 7 running on hwthread 7 - Vector length 20833328 Offset 145833296
Group: 0 Thread 8 Global Thread 8 running on hwthread 8 - Vector length 20833328 Offset 166666624
Group: 0 Thread 9 Global Thread 9 running on hwthread 9 - Vector length 20833328 Offset 187499952
Group: 0 Thread 10 Global Thread 10 running on hwthread 10 - Vector length 20833328 Offset 208333280
Group: 0 Thread 11 Global Thread 11 running on hwthread 11 - Vector length 20833328 Offset 229166608
Group: 0 Thread 12 Global Thread 12 running on hwthread 12 - Vector length 20833328 Offset 249999936
Group: 0 Thread 13 Global Thread 13 running on hwthread 13 - Vector length 20833328 Offset 270833264
Group: 0 Thread 14 Global Thread 14 running on hwthread 14 - Vector length 20833328 Offset 291666592
Group: 0 Thread 15 Global Thread 15 running on hwthread 15 - Vector length 20833328 Offset 312499920
Group: 0 Thread 16 Global Thread 16 running on hwthread 16 - Vector length 20833328 Offset 333333248
Group: 0 Thread 17 Global Thread 17 running on hwthread 17 - Vector length 20833328 Offset 354166576
Group: 0 Thread 18 Global Thread 18 running on hwthread 18 - Vector length 20833328 Offset 374999904
Group: 0 Thread 19 Global Thread 19 running on hwthread 19 - Vector length 20833328 Offset 395833232
Group: 0 Thread 20 Global Thread 20 running on hwthread 20 - Vector length 20833328 Offset 416666560
Group: 0 Thread 21 Global Thread 21 running on hwthread 21 - Vector length 20833328 Offset 437499888
Group: 0 Thread 22 Global Thread 22 running on hwthread 22 - Vector length 20833328 Offset 458333216
Group: 0 Thread 23 Global Thread 23 running on hwthread 23 - Vector length 20833328 Offset 479166544
Group: 0 Thread 24 Global Thread 24 running on hwthread 24 - Vector length 20833328 Offset 499999872
Group: 0 Thread 25 Global Thread 25 running on hwthread 25 - Vector length 20833328 Offset 520833200
Group: 0 Thread 26 Global Thread 26 running on hwthread 26 - Vector length 20833328 Offset 541666528
Group: 0 Thread 27 Global Thread 27 running on hwthread 27 - Vector length 20833328 Offset 562499856
Group: 0 Thread 28 Global Thread 28 running on hwthread 28 - Vector length 20833328 Offset 583333184
Group: 0 Thread 29 Global Thread 29 running on hwthread 29 - Vector length 20833328 Offset 604166512
Group: 0 Thread 30 Global Thread 30 running on hwthread 30 - Vector length 20833328 Offset 624999840
Group: 0 Thread 31 Global Thread 31 running on hwthread 31 - Vector length 20833328 Offset 645833168
Group: 0 Thread 32 Global Thread 32 running on hwthread 32 - Vector length 20833328 Offset 666666496
Group: 0 Thread 33 Global Thread 33 running on hwthread 33 - Vector length 20833328 Offset 687499824
Group: 0 Thread 34 Global Thread 34 running on hwthread 34 - Vector length 20833328 Offset 708333152
Group: 0 Thread 35 Global Thread 35 running on hwthread 35 - Vector length 20833328 Offset 729166480
Group: 0 Thread 36 Global Thread 36 running on hwthread 36 - Vector length 20833328 Offset 749999808
Group: 0 Thread 37 Global Thread 37 running on hwthread 37 - Vector length 20833328 Offset 770833136
Group: 0 Thread 38 Global Thread 38 running on hwthread 38 - Vector length 20833328 Offset 791666464
Group: 0 Thread 39 Global Thread 39 running on hwthread 39 - Vector length 20833328 Offset 812499792
Group: 0 Thread 40 Global Thread 40 running on hwthread 40 - Vector length 20833328 Offset 833333120
Group: 0 Thread 41 Global Thread 41 running on hwthread 41 - Vector length 20833328 Offset 854166448
Group: 0 Thread 42 Global Thread 42 running on hwthread 42 - Vector length 20833328 Offset 874999776
Group: 0 Thread 43 Global Thread 43 running on hwthread 43 - Vector length 20833328 Offset 895833104
Group: 0 Thread 44 Global Thread 44 running on hwthread 44 - Vector length 20833328 Offset 916666432
Group: 0 Thread 45 Global Thread 45 running on hwthread 45 - Vector length 20833328 Offset 937499760
Group: 0 Thread 46 Global Thread 46 running on hwthread 46 - Vector length 20833328 Offset 958333088
Group: 0 Thread 47 Global Thread 47 running on hwthread 47 - Vector length 20833328 Offset 979166416
Group: 0 Thread 48 Global Thread 48 running on hwthread 48 - Vector length 20833328 Offset 999999744
Group: 0 Thread 49 Global Thread 49 running on hwthread 49 - Vector length 20833328 Offset 1020833072
Group: 0 Thread 50 Global Thread 50 running on hwthread 50 - Vector length 20833328 Offset 1041666400
Group: 0 Thread 51 Global Thread 51 running on hwthread 51 - Vector length 20833328 Offset 1062499728
Group: 0 Thread 52 Global Thread 52 running on hwthread 52 - Vector length 20833328 Offset 1083333056
Group: 0 Thread 53 Global Thread 53 running on hwthread 53 - Vector length 20833328 Offset 1104166384
Group: 0 Thread 54 Global Thread 54 running on hwthread 54 - Vector length 20833328 Offset 1124999712
Group: 0 Thread 55 Global Thread 55 running on hwthread 55 - Vector length 20833328 Offset 1145833040
Group: 0 Thread 56 Global Thread 56 running on hwthread 56 - Vector length 20833328 Offset 1166666368
Group: 0 Thread 57 Global Thread 57 running on hwthread 57 - Vector length 20833328 Offset 1187499696
Group: 0 Thread 58 Global Thread 58 running on hwthread 58 - Vector length 20833328 Offset 1208333024
Group: 0 Thread 59 Global Thread 59 running on hwthread 59 - Vector length 20833328 Offset 1229166352
Group: 0 Thread 60 Global Thread 60 running on hwthread 60 - Vector length 20833328 Offset 1249999680
Group: 0 Thread 61 Global Thread 61 running on hwthread 61 - Vector length 20833328 Offset 1270833008
Group: 0 Thread 62 Global Thread 62 running on hwthread 62 - Vector length 20833328 Offset 1291666336
Group: 0 Thread 63 Global Thread 63 running on hwthread 63 - Vector length 20833328 Offset 1312499664
--------------------------------------------------------------------------------
Cycles:			23703549100
CPU Clock:		2445387075
Cycle Clock:		2445387075
Time:			9.693169e+00 sec
Iterations:		3200
Iterations per thread:	50
Inner loop executions:	1302083
Size (Byte):		31999991808
Size per thread:	499999872
Number of Flops:	133333299200
MFlops/s:		13755.39
Data volume (Byte):	1599999590400
MByte/s:		165064.66
Cycles per update:	0.355553
Cycles per cacheline:	2.844427
Loads per update:	2
Stores per update:	1
Load bytes per element:	16
Store bytes per elem.:	8
Load/store ratio:	2.00
Instructions:		62499984017
UOPs:			91666643200
--------------------------------------------------------------------------------
Writing Likwid Marker API results to file /tmp/likwid_1608678.txt
--------------------------------------------------------------------------------
Region bench, Group 1: MEM1
+-------------------+------------+------------+------------+------------+------------+------------+------------+------------+------------+------------+-------------+-------------+-------------+-------------+-------------+-------------+-------------+-------------+-------------+-------------+-------------+-------------+-------------+-------------+-------------+-------------+-------------+-------------+-------------+-------------+-------------+-------------+-------------+-------------+-------------+-------------+-------------+-------------+-------------+-------------+-------------+-------------+-------------+-------------+-------------+-------------+-------------+-------------+-------------+-------------+-------------+-------------+-------------+-------------+-------------+-------------+-------------+-------------+-------------+-------------+-------------+-------------+-------------+-------------+
|    Region Info    | HWThread 0 | HWThread 1 | HWThread 2 | HWThread 3 | HWThread 4 | HWThread 5 | HWThread 6 | HWThread 7 | HWThread 8 | HWThread 9 | HWThread 10 | HWThread 11 | HWThread 12 | HWThread 13 | HWThread 14 | HWThread 15 | HWThread 16 | HWThread 17 | HWThread 18 | HWThread 19 | HWThread 20 | HWThread 21 | HWThread 22 | HWThread 23 | HWThread 24 | HWThread 25 | HWThread 26 | HWThread 27 | HWThread 28 | HWThread 29 | HWThread 30 | HWThread 31 | HWThread 32 | HWThread 33 | HWThread 34 | HWThread 35 | HWThread 36 | HWThread 37 | HWThread 38 | HWThread 39 | HWThread 40 | HWThread 41 | HWThread 42 | HWThread 43 | HWThread 44 | HWThread 45 | HWThread 46 | HWThread 47 | HWThread 48 | HWThread 49 | HWThread 50 | HWThread 51 | HWThread 52 | HWThread 53 | HWThread 54 | HWThread 55 | HWThread 56 | HWThread 57 | HWThread 58 | HWThread 59 | HWThread 60 | HWThread 61 | HWThread 62 | HWThread 63 |
+-------------------+------------+------------+------------+------------+------------+------------+------------+------------+------------+------------+-------------+-------------+-------------+-------------+-------------+-------------+-------------+-------------+-------------+-------------+-------------+-------------+-------------+-------------+-------------+-------------+-------------+-------------+-------------+-------------+-------------+-------------+-------------+-------------+-------------+-------------+-------------+-------------+-------------+-------------+-------------+-------------+-------------+-------------+-------------+-------------+-------------+-------------+-------------+-------------+-------------+-------------+-------------+-------------+-------------+-------------+-------------+-------------+-------------+-------------+-------------+-------------+-------------+-------------+
| RDTSC Runtime [s] |   9.692786 |   9.693170 |   9.693126 |   9.693145 |   9.693158 |   9.692956 |   9.692866 |   9.692991 |   9.693071 |   9.693070 |    9.693069 |    9.692990 |    9.693061 |    9.692980 |    9.692849 |    9.693038 |    9.692901 |    9.693031 |    9.693011 |    9.693010 |    9.693012 |    9.693056 |    9.693039 |    9.693031 |    9.692916 |    9.692908 |    9.692851 |    9.693015 |    9.692846 |    9.692956 |    9.693013 |    9.692846 |    9.693013 |    9.693017 |    9.693019 |    9.693077 |    9.693007 |    9.692878 |    9.692878 |    9.693050 |    9.692981 |    9.692847 |    9.693080 |    9.693081 |    9.692903 |    9.693088 |    9.693002 |    9.693082 |    9.693017 |    9.692862 |    9.692866 |    9.692869 |    9.693034 |    9.692866 |    9.692928 |    9.692869 |    9.692830 |    9.693027 |    9.692822 |    9.693077 |    9.693038 |    9.692853 |    9.692852 |    9.693041 |
|     call count    |          1 |          1 |          1 |          1 |          1 |          1 |          1 |          1 |          1 |          1 |           1 |           1 |           1 |           1 |           1 |           1 |           1 |           1 |           1 |           1 |           1 |           1 |           1 |           1 |           1 |           1 |           1 |           1 |           1 |           1 |           1 |           1 |           1 |           1 |           1 |           1 |           1 |           1 |           1 |           1 |           1 |           1 |           1 |           1 |           1 |           1 |           1 |           1 |           1 |           1 |           1 |           1 |           1 |           1 |           1 |           1 |           1 |           1 |           1 |           1 |           1 |           1 |           1 |           1 |
+-------------------+------------+------------+------------+------------+------------+------------+------------+------------+------------+------------+-------------+-------------+-------------+-------------+-------------+-------------+-------------+-------------+-------------+-------------+-------------+-------------+-------------+-------------+-------------+-------------+-------------+-------------+-------------+-------------+-------------+-------------+-------------+-------------+-------------+-------------+-------------+-------------+-------------+-------------+-------------+-------------+-------------+-------------+-------------+-------------+-------------+-------------+-------------+-------------+-------------+-------------+-------------+-------------+-------------+-------------+-------------+-------------+-------------+-------------+-------------+-------------+-------------+-------------+

+----------------------+---------+-------------+-------------+-------------+-------------+-------------+-------------+-------------+-------------+-------------+-------------+-------------+-------------+-------------+-------------+-------------+-------------+-------------+-------------+-------------+-------------+-------------+-------------+-------------+-------------+-------------+-------------+-------------+-------------+-------------+-------------+-------------+-------------+-------------+-------------+-------------+-------------+-------------+-------------+-------------+-------------+-------------+-------------+-------------+-------------+-------------+-------------+-------------+-------------+-------------+-------------+-------------+-------------+-------------+-------------+-------------+-------------+-------------+-------------+-------------+-------------+-------------+-------------+-------------+-------------+
|         Event        | Counter |  HWThread 0 |  HWThread 1 |  HWThread 2 |  HWThread 3 |  HWThread 4 |  HWThread 5 |  HWThread 6 |  HWThread 7 |  HWThread 8 |  HWThread 9 | HWThread 10 | HWThread 11 | HWThread 12 | HWThread 13 | HWThread 14 | HWThread 15 | HWThread 16 | HWThread 17 | HWThread 18 | HWThread 19 | HWThread 20 | HWThread 21 | HWThread 22 | HWThread 23 | HWThread 24 | HWThread 25 | HWThread 26 | HWThread 27 | HWThread 28 | HWThread 29 | HWThread 30 | HWThread 31 | HWThread 32 | HWThread 33 | HWThread 34 | HWThread 35 | HWThread 36 | HWThread 37 | HWThread 38 | HWThread 39 | HWThread 40 | HWThread 41 | HWThread 42 | HWThread 43 | HWThread 44 | HWThread 45 | HWThread 46 | HWThread 47 | HWThread 48 | HWThread 49 | HWThread 50 | HWThread 51 | HWThread 52 | HWThread 53 | HWThread 54 | HWThread 55 | HWThread 56 | HWThread 57 | HWThread 58 | HWThread 59 | HWThread 60 | HWThread 61 | HWThread 62 | HWThread 63 |
+----------------------+---------+-------------+-------------+-------------+-------------+-------------+-------------+-------------+-------------+-------------+-------------+-------------+-------------+-------------+-------------+-------------+-------------+-------------+-------------+-------------+-------------+-------------+-------------+-------------+-------------+-------------+-------------+-------------+-------------+-------------+-------------+-------------+-------------+-------------+-------------+-------------+-------------+-------------+-------------+-------------+-------------+-------------+-------------+-------------+-------------+-------------+-------------+-------------+-------------+-------------+-------------+-------------+-------------+-------------+-------------+-------------+-------------+-------------+-------------+-------------+-------------+-------------+-------------+-------------+-------------+
|   ACTUAL_CPU_CLOCK   |  FIXC1  | 31437500000 | 31440340000 | 31440040000 | 31437470000 | 31437720000 | 31436780000 | 31436410000 | 31437590000 | 31438050000 | 31437490000 | 31436210000 | 31434580000 | 31437170000 | 31437280000 | 31436710000 | 31437570000 | 31438010000 | 31437230000 | 31435920000 | 31436310000 | 31439130000 | 31438610000 | 31436470000 | 31437680000 | 31436290000 | 31435420000 | 31434900000 | 31435790000 | 31438300000 | 31437530000 | 31436740000 | 31435890000 | 31432180000 | 31437310000 | 31438460000 | 31438750000 | 31436330000 | 31437060000 | 31438460000 | 31436420000 | 31433230000 | 31439440000 | 31436500000 | 31437820000 | 31438060000 | 31437840000 | 31437960000 | 31438390000 | 31436620000 | 31438510000 | 31433510000 | 31435610000 | 31437020000 | 31435270000 | 31436920000 | 31434000000 | 31438210000 | 31436580000 | 31437320000 | 31437660000 | 31437260000 | 31439670000 | 31436840000 | 31439410000 |
|     MAX_CPU_CLOCK    |  FIXC2  | 23704630000 | 23704750000 | 23704700000 | 23704720000 | 23704740000 | 23704570000 | 23704600000 | 23704670000 | 23704600000 | 23704600000 | 23704600000 | 23704410000 | 23704410000 | 23704570000 | 23704290000 | 23704480000 | 23703960000 | 23704460000 | 23704150000 | 23704350000 | 23704150000 | 23704150000 | 23704480000 | 23704170000 | 23703950000 | 23703860000 | 23704000000 | 23704180000 | 23703920000 | 23703950000 | 23704220000 | 23703890000 | 23704580000 | 23704580000 | 23704580000 | 23704500000 | 23704650000 | 23704370000 | 23703950000 | 23704570000 | 23704570000 | 23704280000 | 23704470000 | 23704240000 | 23704280000 | 23704300000 | 23704520000 | 23704450000 | 23704310000 | 23703950000 | 23703950000 | 23704060000 | 23704150000 | 23703970000 | 23703960000 | 23703970000 | 23703970000 | 23704260000 | 23703970000 | 23704250000 | 23704350000 | 23703960000 | 23703980000 | 23704270000 |
| RETIRED_INSTRUCTIONS |   PMC0  |  1042313000 |  1026245000 |  1014755000 |  1020770000 |  1008236000 |  1016720000 |  1006874000 |  1007767000 |   986189700 |   982836900 |   983470500 |   984485900 |   979554200 |   980170800 |   978475400 |   978624100 |  1027455000 |  1023070000 |  1011739000 |  1020602000 |  1006762000 |  1005820000 |  1004566000 |  1004951000 |   985230100 |   984069400 |   982942200 |   981329400 |   977457400 |   978659300 |   976922400 |   976582500 |  1022913000 |  1022243000 |  1016943000 |  1012240000 |  1007035000 |  1007927000 |  1008138000 |  1004549000 |   983609100 |   985528600 |   981733700 |   978837800 |   978874600 |   978862100 |   977341100 |   977006800 |  1019874000 |  1020604000 |  1015718000 |  1017472000 |  1032937000 |  1013849000 |  1008097000 |  1007517000 |   983669500 |   989422700 |   980365300 |   979422700 |   978867900 |   978477500 |   977725600 |   978189300 |
|  CPU_CLOCKS_UNHALTED |   PMC1  | 31159200000 | 31180700000 | 31176530000 | 31175410000 | 31169160000 | 31168210000 | 31167440000 | 31173270000 | 31172600000 | 31162240000 | 31167090000 | 31166740000 | 31161150000 | 31165130000 | 31163320000 | 31169600000 | 31171200000 | 31166020000 | 31170890000 | 31169100000 | 31174180000 | 31172540000 | 31164940000 | 31170630000 | 31171410000 | 31171710000 | 31167370000 | 31165590000 | 31171220000 | 31169360000 | 31169580000 | 31168230000 | 31164650000 | 31174470000 | 31173540000 | 31167700000 | 31163930000 | 31167150000 | 31172530000 | 31165680000 | 31166490000 | 31169990000 | 31173130000 | 31140880000 | 31174550000 | 31173340000 | 31175660000 | 31176420000 | 31175610000 | 31178400000 | 31171980000 | 31174310000 | 31181310000 | 31174220000 | 31166860000 | 31171620000 | 31168770000 | 31174760000 | 31172400000 | 31167040000 | 31168920000 | 31168940000 | 31167800000 | 31166720000 |
|    DRAM_CHANNEL_0    |   DFC0  |  3130252000 |           0 |           0 |           0 |           0 |           0 |           0 |           0 |           0 |           0 |           0 |           0 |           0 |           0 |           0 |           0 |           0 |           0 |           0 |           0 |           0 |           0 |           0 |           0 |           0 |           0 |           0 |           0 |           0 |           0 |           0 |           0 |           0 |           0 |           0 |           0 |           0 |           0 |           0 |           0 |           0 |           0 |           0 |           0 |           0 |           0 |           0 |           0 |           0 |           0 |           0 |           0 |           0 |           0 |           0 |           0 |           0 |           0 |           0 |           0 |           0 |           0 |           0 |           0 |
|    DRAM_CHANNEL_1    |   DFC1  |  3130030000 |           0 |           0 |           0 |           0 |           0 |           0 |           0 |           0 |           0 |           0 |           0 |           0 |           0 |           0 |           0 |           0 |           0 |           0 |           0 |           0 |           0 |           0 |           0 |           0 |           0 |           0 |           0 |           0 |           0 |           0 |           0 |           0 |           0 |           0 |           0 |           0 |           0 |           0 |           0 |           0 |           0 |           0 |           0 |           0 |           0 |           0 |           0 |           0 |           0 |           0 |           0 |           0 |           0 |           0 |           0 |           0 |           0 |           0 |           0 |           0 |           0 |           0 |           0 |
|    DRAM_CHANNEL_2    |   DFC2  |  3130211000 |           0 |           0 |           0 |           0 |           0 |           0 |           0 |           0 |           0 |           0 |           0 |           0 |           0 |           0 |           0 |           0 |           0 |           0 |           0 |           0 |           0 |           0 |           0 |           0 |           0 |           0 |           0 |           0 |           0 |           0 |           0 |           0 |           0 |           0 |           0 |           0 |           0 |           0 |           0 |           0 |           0 |           0 |           0 |           0 |           0 |           0 |           0 |           0 |           0 |           0 |           0 |           0 |           0 |           0 |           0 |           0 |           0 |           0 |           0 |           0 |           0 |           0 |           0 |
|    DRAM_CHANNEL_3    |   DFC3  |  3130254000 |           0 |           0 |           0 |           0 |           0 |           0 |           0 |           0 |           0 |           0 |           0 |           0 |           0 |           0 |           0 |           0 |           0 |           0 |           0 |           0 |           0 |           0 |           0 |           0 |           0 |           0 |           0 |           0 |           0 |           0 |           0 |           0 |           0 |           0 |           0 |           0 |           0 |           0 |           0 |           0 |           0 |           0 |           0 |           0 |           0 |           0 |           0 |           0 |           0 |           0 |           0 |           0 |           0 |           0 |           0 |           0 |           0 |           0 |           0 |           0 |           0 |           0 |           0 |
+----------------------+---------+-------------+-------------+-------------+-------------+-------------+-------------+-------------+-------------+-------------+-------------+-------------+-------------+-------------+-------------+-------------+-------------+-------------+-------------+-------------+-------------+-------------+-------------+-------------+-------------+-------------+-------------+-------------+-------------+-------------+-------------+-------------+-------------+-------------+-------------+-------------+-------------+-------------+-------------+-------------+-------------+-------------+-------------+-------------+-------------+-------------+-------------+-------------+-------------+-------------+-------------+-------------+-------------+-------------+-------------+-------------+-------------+-------------+-------------+-------------+-------------+-------------+-------------+-------------+-------------+

+---------------------------+---------+---------------+-------------+-------------+--------------+
|           Event           | Counter |      Sum      |     Min     |     Max     |      Avg     |
+---------------------------+---------+---------------+-------------+-------------+--------------+
|   ACTUAL_CPU_CLOCK STAT   |  FIXC1  | 2011973750000 | 31432180000 | 31440340000 | 3.143709e+10 |
|     MAX_CPU_CLOCK STAT    |  FIXC2  | 1517075400000 | 23703860000 | 23704750000 |  23704303125 |
| RETIRED_INSTRUCTIONS STAT |   PMC0  |   63871635500 |   976582500 |  1042313000 | 9.979943e+08 |
|  CPU_CLOCKS_UNHALTED STAT |   PMC1  | 1994861530000 | 31140880000 | 31181310000 | 3.116971e+10 |
|    DRAM_CHANNEL_0 STAT    |   DFC0  |    3130252000 |           0 |  3130252000 | 4.891019e+07 |
|    DRAM_CHANNEL_1 STAT    |   DFC1  |    3130030000 |           0 |  3130030000 | 4.890672e+07 |
|    DRAM_CHANNEL_2 STAT    |   DFC2  |    3130211000 |           0 |  3130211000 | 4.890955e+07 |
|    DRAM_CHANNEL_3 STAT    |   DFC3  |    3130254000 |           0 |  3130254000 | 4.891022e+07 |
+---------------------------+---------+---------------+-------------+-------------+--------------+

+--------------------------------------------+------------+------------+------------+------------+------------+------------+------------+------------+------------+------------+-------------+-------------+-------------+-------------+-------------+-------------+-------------+-------------+-------------+-------------+-------------+-------------+-------------+-------------+-------------+-------------+-------------+-------------+-------------+-------------+-------------+-------------+-------------+-------------+-------------+-------------+-------------+-------------+-------------+-------------+-------------+-------------+-------------+-------------+-------------+-------------+-------------+-------------+-------------+-------------+-------------+-------------+-------------+-------------+-------------+-------------+-------------+-------------+-------------+-------------+-------------+-------------+-------------+-------------+
|                   Metric                   | HWThread 0 | HWThread 1 | HWThread 2 | HWThread 3 | HWThread 4 | HWThread 5 | HWThread 6 | HWThread 7 | HWThread 8 | HWThread 9 | HWThread 10 | HWThread 11 | HWThread 12 | HWThread 13 | HWThread 14 | HWThread 15 | HWThread 16 | HWThread 17 | HWThread 18 | HWThread 19 | HWThread 20 | HWThread 21 | HWThread 22 | HWThread 23 | HWThread 24 | HWThread 25 | HWThread 26 | HWThread 27 | HWThread 28 | HWThread 29 | HWThread 30 | HWThread 31 | HWThread 32 | HWThread 33 | HWThread 34 | HWThread 35 | HWThread 36 | HWThread 37 | HWThread 38 | HWThread 39 | HWThread 40 | HWThread 41 | HWThread 42 | HWThread 43 | HWThread 44 | HWThread 45 | HWThread 46 | HWThread 47 | HWThread 48 | HWThread 49 | HWThread 50 | HWThread 51 | HWThread 52 | HWThread 53 | HWThread 54 | HWThread 55 | HWThread 56 | HWThread 57 | HWThread 58 | HWThread 59 | HWThread 60 | HWThread 61 | HWThread 62 | HWThread 63 |
+--------------------------------------------+------------+------------+------------+------------+------------+------------+------------+------------+------------+------------+-------------+-------------+-------------+-------------+-------------+-------------+-------------+-------------+-------------+-------------+-------------+-------------+-------------+-------------+-------------+-------------+-------------+-------------+-------------+-------------+-------------+-------------+-------------+-------------+-------------+-------------+-------------+-------------+-------------+-------------+-------------+-------------+-------------+-------------+-------------+-------------+-------------+-------------+-------------+-------------+-------------+-------------+-------------+-------------+-------------+-------------+-------------+-------------+-------------+-------------+-------------+-------------+-------------+-------------+
|             Runtime (RDTSC) [s]            |     9.6928 |     9.6932 |     9.6931 |     9.6931 |     9.6932 |     9.6930 |     9.6929 |     9.6930 |     9.6931 |     9.6931 |      9.6931 |      9.6930 |      9.6931 |      9.6930 |      9.6928 |      9.6930 |      9.6929 |      9.6930 |      9.6930 |      9.6930 |      9.6930 |      9.6931 |      9.6930 |      9.6930 |      9.6929 |      9.6929 |      9.6929 |      9.6930 |      9.6928 |      9.6930 |      9.6930 |      9.6928 |      9.6930 |      9.6930 |      9.6930 |      9.6931 |      9.6930 |      9.6929 |      9.6929 |      9.6930 |      9.6930 |      9.6928 |      9.6931 |      9.6931 |      9.6929 |      9.6931 |      9.6930 |      9.6931 |      9.6930 |      9.6929 |      9.6929 |      9.6929 |      9.6930 |      9.6929 |      9.6929 |      9.6929 |      9.6928 |      9.6930 |      9.6928 |      9.6931 |      9.6930 |      9.6929 |      9.6929 |      9.6930 |
|            Runtime unhalted [s]            |    12.8558 |    12.8570 |    12.8569 |    12.8558 |    12.8559 |    12.8555 |    12.8554 |    12.8559 |    12.8561 |    12.8558 |     12.8553 |     12.8546 |     12.8557 |     12.8557 |     12.8555 |     12.8559 |     12.8560 |     12.8557 |     12.8552 |     12.8553 |     12.8565 |     12.8563 |     12.8554 |     12.8559 |     12.8553 |     12.8550 |     12.8548 |     12.8551 |     12.8562 |     12.8558 |     12.8555 |     12.8552 |     12.8537 |     12.8558 |     12.8562 |     12.8563 |     12.8554 |     12.8557 |     12.8562 |     12.8554 |     12.8541 |     12.8566 |     12.8554 |     12.8560 |     12.8561 |     12.8560 |     12.8560 |     12.8562 |     12.8555 |     12.8562 |     12.8542 |     12.8551 |     12.8556 |     12.8549 |     12.8556 |     12.8544 |     12.8561 |     12.8555 |     12.8558 |     12.8559 |     12.8557 |     12.8567 |     12.8556 |     12.8566 |
|                 Clock [MHz]                |  3243.1163 |  3243.3928 |  3243.3687 |  3243.1009 |  3243.1239 |  3243.0502 |  3243.0079 |  3243.1201 |  3243.1771 |  3243.1193 |   3242.9873 |   3242.8451 |   3243.1123 |   3243.1018 |   3243.0813 |   3243.1440 |   3243.2606 |   3243.1117 |   3243.0189 |   3243.0318 |   3243.3501 |   3243.2965 |   3243.0305 |   3243.1978 |   3243.0845 |   3243.0070 |   3242.9342 |   3243.0014 |   3243.2959 |   3243.2124 |   3243.0940 |   3243.0514 |   3242.5743 |   3243.1035 |   3243.2221 |   3243.2630 |   3242.9928 |   3243.1065 |   3243.3083 |   3243.0131 |   3242.6840 |   3243.3643 |   3243.0350 |   3243.2026 |   3243.2219 |   3243.1965 |   3243.1788 |   3243.2327 |   3243.0693 |   3243.3135 |   3242.7977 |   3242.9993 |   3243.1324 |   3242.9765 |   3243.1481 |   3242.8455 |   3243.2798 |   3243.0720 |   3243.1880 |   3243.1848 |   3243.1298 |   3243.4318 |   3243.1371 |   3243.3626 |
|                     CPI                    |    29.8943 |    30.3833 |    30.7232 |    30.5411 |    30.9145 |    30.6556 |    30.9547 |    30.9330 |    31.6091 |    31.7064 |     31.6909 |     31.6579 |     31.8116 |     31.7956 |     31.8489 |     31.8504 |     30.3383 |     30.4632 |     30.8092 |     30.5399 |     30.9648 |     30.9922 |     31.0233 |     31.0171 |     31.6387 |     31.6763 |     31.7082 |     31.7585 |     31.8901 |     31.8490 |     31.9059 |     31.9156 |     30.4666 |     30.4961 |     30.6542 |     30.7908 |     30.9462 |     30.9220 |     30.9209 |     31.0245 |     31.6858 |     31.6277 |     31.7531 |     31.8141 |     31.8473 |     31.8465 |     31.8984 |     31.9101 |     30.5681 |     30.5490 |     30.6896 |     30.6390 |     30.1870 |     30.7484 |     30.9165 |     30.9391 |     31.6862 |     31.5080 |     31.7967 |     31.8218 |     31.8418 |     31.8545 |     31.8779 |     31.8616 |
| Memory bandwidth (channels 0-3) [MBytes/s] | 82672.5988 |          0 |          0 |          0 |          0 |          0 |          0 |          0 |          0 |          0 |           0 |           0 |           0 |           0 |           0 |           0 |           0 |           0 |           0 |           0 |           0 |           0 |           0 |           0 |           0 |           0 |           0 |           0 |           0 |           0 |           0 |           0 |           0 |           0 |           0 |           0 |           0 |           0 |           0 |           0 |           0 |           0 |           0 |           0 |           0 |           0 |           0 |           0 |           0 |           0 |           0 |           0 |           0 |           0 |           0 |           0 |           0 |           0 |           0 |           0 |           0 |           0 |           0 |           0 |
| Memory data volume (channels 0-3) [GBytes] |   801.3278 |          0 |          0 |          0 |          0 |          0 |          0 |          0 |          0 |          0 |           0 |           0 |           0 |           0 |           0 |           0 |           0 |           0 |           0 |           0 |           0 |           0 |           0 |           0 |           0 |           0 |           0 |           0 |           0 |           0 |           0 |           0 |           0 |           0 |           0 |           0 |           0 |           0 |           0 |           0 |           0 |           0 |           0 |           0 |           0 |           0 |           0 |           0 |           0 |           0 |           0 |           0 |           0 |           0 |           0 |           0 |           0 |           0 |           0 |           0 |           0 |           0 |           0 |           0 |
+--------------------------------------------+------------+------------+------------+------------+------------+------------+------------+------------+------------+------------+-------------+-------------+-------------+-------------+-------------+-------------+-------------+-------------+-------------+-------------+-------------+-------------+-------------+-------------+-------------+-------------+-------------+-------------+-------------+-------------+-------------+-------------+-------------+-------------+-------------+-------------+-------------+-------------+-------------+-------------+-------------+-------------+-------------+-------------+-------------+-------------+-------------+-------------+-------------+-------------+-------------+-------------+-------------+-------------+-------------+-------------+-------------+-------------+-------------+-------------+-------------+-------------+-------------+-------------+

+-------------------------------------------------+-------------+-----------+------------+-----------+
|                      Metric                     |     Sum     |    Min    |     Max    |    Avg    |
+-------------------------------------------------+-------------+-----------+------------+-----------+
|             Runtime (RDTSC) [s] STAT            |    620.3507 |    9.6928 |     9.6932 |    9.6930 |
|            Runtime unhalted [s] STAT            |    822.7625 |   12.8537 |    12.8570 |   12.8557 |
|                 Clock [MHz] STAT                | 207559.5953 | 3242.5743 |  3243.4318 | 3243.1187 |
|                     CPI STAT                    |   1999.5503 |   29.8943 |    31.9156 |   31.2430 |
| Memory bandwidth (channels 0-3) [MBytes/s] STAT |  82672.5988 |         0 | 82672.5988 | 1291.7594 |
| Memory data volume (channels 0-3) [GBytes] STAT |    801.3278 |         0 |   801.3278 |   12.5207 |
+-------------------------------------------------+-------------+-----------+------------+-----------+

